[2024-03-18T07:59:36.583+0000] {processor.py:161} INFO - Started process (PID=2539) to work on /home/ubuntu/air_venv/lib/python3.10/site-packages/airflow/example_dags/plugins/workday.py
[2024-03-18T07:59:36.588+0000] {processor.py:830} INFO - Processing file /home/ubuntu/air_venv/lib/python3.10/site-packages/airflow/example_dags/plugins/workday.py for tasks to queue
[2024-03-18T07:59:36.595+0000] {logging_mixin.py:188} INFO - [2024-03-18T07:59:36.595+0000] {dagbag.py:540} INFO - Filling up the DagBag from /home/ubuntu/air_venv/lib/python3.10/site-packages/airflow/example_dags/plugins/workday.py
[2024-03-18T07:59:37.984+0000] {processor.py:842} WARNING - No viable dags retrieved from /home/ubuntu/air_venv/lib/python3.10/site-packages/airflow/example_dags/plugins/workday.py
[2024-03-18T07:59:37.994+0000] {processor.py:183} INFO - Processing /home/ubuntu/air_venv/lib/python3.10/site-packages/airflow/example_dags/plugins/workday.py took 1.414 seconds
[2024-03-18T08:00:44.402+0000] {processor.py:161} INFO - Started process (PID=3248) to work on /home/ubuntu/air_venv/lib/python3.10/site-packages/airflow/example_dags/plugins/workday.py
[2024-03-18T08:00:44.404+0000] {processor.py:830} INFO - Processing file /home/ubuntu/air_venv/lib/python3.10/site-packages/airflow/example_dags/plugins/workday.py for tasks to queue
[2024-03-18T08:00:44.405+0000] {logging_mixin.py:188} INFO - [2024-03-18T08:00:44.405+0000] {dagbag.py:540} INFO - Filling up the DagBag from /home/ubuntu/air_venv/lib/python3.10/site-packages/airflow/example_dags/plugins/workday.py
[2024-03-18T08:00:44.847+0000] {processor.py:842} WARNING - No viable dags retrieved from /home/ubuntu/air_venv/lib/python3.10/site-packages/airflow/example_dags/plugins/workday.py
[2024-03-18T08:00:44.855+0000] {processor.py:183} INFO - Processing /home/ubuntu/air_venv/lib/python3.10/site-packages/airflow/example_dags/plugins/workday.py took 0.456 seconds
[2024-03-18T08:01:35.047+0000] {processor.py:161} INFO - Started process (PID=3597) to work on /home/ubuntu/air_venv/lib/python3.10/site-packages/airflow/example_dags/plugins/workday.py
[2024-03-18T08:01:35.049+0000] {processor.py:830} INFO - Processing file /home/ubuntu/air_venv/lib/python3.10/site-packages/airflow/example_dags/plugins/workday.py for tasks to queue
[2024-03-18T08:01:35.050+0000] {logging_mixin.py:188} INFO - [2024-03-18T08:01:35.050+0000] {dagbag.py:540} INFO - Filling up the DagBag from /home/ubuntu/air_venv/lib/python3.10/site-packages/airflow/example_dags/plugins/workday.py
[2024-03-18T08:01:35.492+0000] {processor.py:842} WARNING - No viable dags retrieved from /home/ubuntu/air_venv/lib/python3.10/site-packages/airflow/example_dags/plugins/workday.py
[2024-03-18T08:01:35.499+0000] {processor.py:183} INFO - Processing /home/ubuntu/air_venv/lib/python3.10/site-packages/airflow/example_dags/plugins/workday.py took 0.462 seconds
[2024-03-18T08:02:23.644+0000] {processor.py:161} INFO - Started process (PID=4183) to work on /home/ubuntu/air_venv/lib/python3.10/site-packages/airflow/example_dags/plugins/workday.py
[2024-03-18T08:02:23.646+0000] {processor.py:830} INFO - Processing file /home/ubuntu/air_venv/lib/python3.10/site-packages/airflow/example_dags/plugins/workday.py for tasks to queue
[2024-03-18T08:02:23.647+0000] {logging_mixin.py:188} INFO - [2024-03-18T08:02:23.646+0000] {dagbag.py:540} INFO - Filling up the DagBag from /home/ubuntu/air_venv/lib/python3.10/site-packages/airflow/example_dags/plugins/workday.py
[2024-03-18T08:02:24.077+0000] {processor.py:842} WARNING - No viable dags retrieved from /home/ubuntu/air_venv/lib/python3.10/site-packages/airflow/example_dags/plugins/workday.py
[2024-03-18T08:02:24.084+0000] {processor.py:183} INFO - Processing /home/ubuntu/air_venv/lib/python3.10/site-packages/airflow/example_dags/plugins/workday.py took 0.444 seconds
[2024-03-18T08:03:17.991+0000] {processor.py:161} INFO - Started process (PID=4471) to work on /home/ubuntu/air_venv/lib/python3.10/site-packages/airflow/example_dags/plugins/workday.py
[2024-03-18T08:03:17.993+0000] {processor.py:830} INFO - Processing file /home/ubuntu/air_venv/lib/python3.10/site-packages/airflow/example_dags/plugins/workday.py for tasks to queue
[2024-03-18T08:03:17.994+0000] {logging_mixin.py:188} INFO - [2024-03-18T08:03:17.993+0000] {dagbag.py:540} INFO - Filling up the DagBag from /home/ubuntu/air_venv/lib/python3.10/site-packages/airflow/example_dags/plugins/workday.py
[2024-03-18T08:03:18.296+0000] {processor.py:842} WARNING - No viable dags retrieved from /home/ubuntu/air_venv/lib/python3.10/site-packages/airflow/example_dags/plugins/workday.py
[2024-03-18T08:03:18.307+0000] {processor.py:183} INFO - Processing /home/ubuntu/air_venv/lib/python3.10/site-packages/airflow/example_dags/plugins/workday.py took 0.319 seconds
[2024-03-18T08:04:00.478+0000] {processor.py:161} INFO - Started process (PID=4814) to work on /home/ubuntu/air_venv/lib/python3.10/site-packages/airflow/example_dags/plugins/workday.py
[2024-03-18T08:04:00.486+0000] {processor.py:830} INFO - Processing file /home/ubuntu/air_venv/lib/python3.10/site-packages/airflow/example_dags/plugins/workday.py for tasks to queue
[2024-03-18T08:04:00.487+0000] {logging_mixin.py:188} INFO - [2024-03-18T08:04:00.487+0000] {dagbag.py:540} INFO - Filling up the DagBag from /home/ubuntu/air_venv/lib/python3.10/site-packages/airflow/example_dags/plugins/workday.py
[2024-03-18T08:04:00.960+0000] {processor.py:842} WARNING - No viable dags retrieved from /home/ubuntu/air_venv/lib/python3.10/site-packages/airflow/example_dags/plugins/workday.py
[2024-03-18T08:04:00.971+0000] {processor.py:183} INFO - Processing /home/ubuntu/air_venv/lib/python3.10/site-packages/airflow/example_dags/plugins/workday.py took 0.497 seconds
[2024-03-18T08:04:50.038+0000] {processor.py:161} INFO - Started process (PID=5229) to work on /home/ubuntu/air_venv/lib/python3.10/site-packages/airflow/example_dags/plugins/workday.py
[2024-03-18T08:04:50.040+0000] {processor.py:830} INFO - Processing file /home/ubuntu/air_venv/lib/python3.10/site-packages/airflow/example_dags/plugins/workday.py for tasks to queue
[2024-03-18T08:04:50.041+0000] {logging_mixin.py:188} INFO - [2024-03-18T08:04:50.041+0000] {dagbag.py:540} INFO - Filling up the DagBag from /home/ubuntu/air_venv/lib/python3.10/site-packages/airflow/example_dags/plugins/workday.py
[2024-03-18T08:04:50.354+0000] {processor.py:842} WARNING - No viable dags retrieved from /home/ubuntu/air_venv/lib/python3.10/site-packages/airflow/example_dags/plugins/workday.py
[2024-03-18T08:04:50.364+0000] {processor.py:183} INFO - Processing /home/ubuntu/air_venv/lib/python3.10/site-packages/airflow/example_dags/plugins/workday.py took 0.330 seconds
[2024-03-18T08:05:42.943+0000] {processor.py:161} INFO - Started process (PID=5784) to work on /home/ubuntu/air_venv/lib/python3.10/site-packages/airflow/example_dags/plugins/workday.py
[2024-03-18T08:05:42.945+0000] {processor.py:830} INFO - Processing file /home/ubuntu/air_venv/lib/python3.10/site-packages/airflow/example_dags/plugins/workday.py for tasks to queue
[2024-03-18T08:05:42.946+0000] {logging_mixin.py:188} INFO - [2024-03-18T08:05:42.946+0000] {dagbag.py:540} INFO - Filling up the DagBag from /home/ubuntu/air_venv/lib/python3.10/site-packages/airflow/example_dags/plugins/workday.py
[2024-03-18T08:05:43.246+0000] {processor.py:842} WARNING - No viable dags retrieved from /home/ubuntu/air_venv/lib/python3.10/site-packages/airflow/example_dags/plugins/workday.py
[2024-03-18T08:05:43.256+0000] {processor.py:183} INFO - Processing /home/ubuntu/air_venv/lib/python3.10/site-packages/airflow/example_dags/plugins/workday.py took 0.316 seconds
[2024-03-18T08:06:57.610+0000] {processor.py:161} INFO - Started process (PID=6677) to work on /home/ubuntu/air_venv/lib/python3.10/site-packages/airflow/example_dags/plugins/workday.py
[2024-03-18T08:06:57.612+0000] {processor.py:830} INFO - Processing file /home/ubuntu/air_venv/lib/python3.10/site-packages/airflow/example_dags/plugins/workday.py for tasks to queue
[2024-03-18T08:06:57.613+0000] {logging_mixin.py:188} INFO - [2024-03-18T08:06:57.613+0000] {dagbag.py:540} INFO - Filling up the DagBag from /home/ubuntu/air_venv/lib/python3.10/site-packages/airflow/example_dags/plugins/workday.py
[2024-03-18T08:06:57.907+0000] {processor.py:842} WARNING - No viable dags retrieved from /home/ubuntu/air_venv/lib/python3.10/site-packages/airflow/example_dags/plugins/workday.py
[2024-03-18T08:06:57.917+0000] {processor.py:183} INFO - Processing /home/ubuntu/air_venv/lib/python3.10/site-packages/airflow/example_dags/plugins/workday.py took 0.311 seconds
[2024-03-18T08:07:45.253+0000] {processor.py:161} INFO - Started process (PID=7203) to work on /home/ubuntu/air_venv/lib/python3.10/site-packages/airflow/example_dags/plugins/workday.py
[2024-03-18T08:07:45.257+0000] {processor.py:830} INFO - Processing file /home/ubuntu/air_venv/lib/python3.10/site-packages/airflow/example_dags/plugins/workday.py for tasks to queue
[2024-03-18T08:07:45.258+0000] {logging_mixin.py:188} INFO - [2024-03-18T08:07:45.258+0000] {dagbag.py:540} INFO - Filling up the DagBag from /home/ubuntu/air_venv/lib/python3.10/site-packages/airflow/example_dags/plugins/workday.py
[2024-03-18T08:07:45.556+0000] {processor.py:842} WARNING - No viable dags retrieved from /home/ubuntu/air_venv/lib/python3.10/site-packages/airflow/example_dags/plugins/workday.py
[2024-03-18T08:07:45.567+0000] {processor.py:183} INFO - Processing /home/ubuntu/air_venv/lib/python3.10/site-packages/airflow/example_dags/plugins/workday.py took 0.322 seconds
[2024-03-18T08:08:33.576+0000] {processor.py:161} INFO - Started process (PID=7372) to work on /home/ubuntu/air_venv/lib/python3.10/site-packages/airflow/example_dags/plugins/workday.py
[2024-03-18T08:08:33.579+0000] {processor.py:830} INFO - Processing file /home/ubuntu/air_venv/lib/python3.10/site-packages/airflow/example_dags/plugins/workday.py for tasks to queue
[2024-03-18T08:08:33.580+0000] {logging_mixin.py:188} INFO - [2024-03-18T08:08:33.580+0000] {dagbag.py:540} INFO - Filling up the DagBag from /home/ubuntu/air_venv/lib/python3.10/site-packages/airflow/example_dags/plugins/workday.py
[2024-03-18T08:08:33.923+0000] {processor.py:842} WARNING - No viable dags retrieved from /home/ubuntu/air_venv/lib/python3.10/site-packages/airflow/example_dags/plugins/workday.py
[2024-03-18T08:08:33.934+0000] {processor.py:183} INFO - Processing /home/ubuntu/air_venv/lib/python3.10/site-packages/airflow/example_dags/plugins/workday.py took 0.388 seconds
[2024-03-18T08:09:16.955+0000] {processor.py:161} INFO - Started process (PID=7748) to work on /home/ubuntu/air_venv/lib/python3.10/site-packages/airflow/example_dags/plugins/workday.py
[2024-03-18T08:09:16.956+0000] {processor.py:830} INFO - Processing file /home/ubuntu/air_venv/lib/python3.10/site-packages/airflow/example_dags/plugins/workday.py for tasks to queue
[2024-03-18T08:09:16.957+0000] {logging_mixin.py:188} INFO - [2024-03-18T08:09:16.957+0000] {dagbag.py:540} INFO - Filling up the DagBag from /home/ubuntu/air_venv/lib/python3.10/site-packages/airflow/example_dags/plugins/workday.py
[2024-03-18T08:09:17.293+0000] {processor.py:842} WARNING - No viable dags retrieved from /home/ubuntu/air_venv/lib/python3.10/site-packages/airflow/example_dags/plugins/workday.py
[2024-03-18T08:09:17.316+0000] {processor.py:183} INFO - Processing /home/ubuntu/air_venv/lib/python3.10/site-packages/airflow/example_dags/plugins/workday.py took 0.365 seconds
[2024-03-18T08:09:59.074+0000] {processor.py:161} INFO - Started process (PID=8031) to work on /home/ubuntu/air_venv/lib/python3.10/site-packages/airflow/example_dags/plugins/workday.py
[2024-03-18T08:09:59.076+0000] {processor.py:830} INFO - Processing file /home/ubuntu/air_venv/lib/python3.10/site-packages/airflow/example_dags/plugins/workday.py for tasks to queue
[2024-03-18T08:09:59.077+0000] {logging_mixin.py:188} INFO - [2024-03-18T08:09:59.077+0000] {dagbag.py:540} INFO - Filling up the DagBag from /home/ubuntu/air_venv/lib/python3.10/site-packages/airflow/example_dags/plugins/workday.py
[2024-03-18T08:09:59.378+0000] {processor.py:842} WARNING - No viable dags retrieved from /home/ubuntu/air_venv/lib/python3.10/site-packages/airflow/example_dags/plugins/workday.py
[2024-03-18T08:09:59.389+0000] {processor.py:183} INFO - Processing /home/ubuntu/air_venv/lib/python3.10/site-packages/airflow/example_dags/plugins/workday.py took 0.318 seconds
[2024-03-18T08:10:39.972+0000] {processor.py:161} INFO - Started process (PID=8347) to work on /home/ubuntu/air_venv/lib/python3.10/site-packages/airflow/example_dags/plugins/workday.py
[2024-03-18T08:10:39.974+0000] {processor.py:830} INFO - Processing file /home/ubuntu/air_venv/lib/python3.10/site-packages/airflow/example_dags/plugins/workday.py for tasks to queue
[2024-03-18T08:10:39.975+0000] {logging_mixin.py:188} INFO - [2024-03-18T08:10:39.974+0000] {dagbag.py:540} INFO - Filling up the DagBag from /home/ubuntu/air_venv/lib/python3.10/site-packages/airflow/example_dags/plugins/workday.py
[2024-03-18T08:10:40.273+0000] {processor.py:842} WARNING - No viable dags retrieved from /home/ubuntu/air_venv/lib/python3.10/site-packages/airflow/example_dags/plugins/workday.py
[2024-03-18T08:10:40.283+0000] {processor.py:183} INFO - Processing /home/ubuntu/air_venv/lib/python3.10/site-packages/airflow/example_dags/plugins/workday.py took 0.315 seconds
[2024-03-18T08:11:19.259+0000] {processor.py:161} INFO - Started process (PID=8745) to work on /home/ubuntu/air_venv/lib/python3.10/site-packages/airflow/example_dags/plugins/workday.py
[2024-03-18T08:11:19.261+0000] {processor.py:830} INFO - Processing file /home/ubuntu/air_venv/lib/python3.10/site-packages/airflow/example_dags/plugins/workday.py for tasks to queue
[2024-03-18T08:11:19.262+0000] {logging_mixin.py:188} INFO - [2024-03-18T08:11:19.262+0000] {dagbag.py:540} INFO - Filling up the DagBag from /home/ubuntu/air_venv/lib/python3.10/site-packages/airflow/example_dags/plugins/workday.py
[2024-03-18T08:11:19.565+0000] {processor.py:842} WARNING - No viable dags retrieved from /home/ubuntu/air_venv/lib/python3.10/site-packages/airflow/example_dags/plugins/workday.py
[2024-03-18T08:11:19.576+0000] {processor.py:183} INFO - Processing /home/ubuntu/air_venv/lib/python3.10/site-packages/airflow/example_dags/plugins/workday.py took 0.321 seconds
[2024-03-18T08:12:01.789+0000] {processor.py:161} INFO - Started process (PID=8970) to work on /home/ubuntu/air_venv/lib/python3.10/site-packages/airflow/example_dags/plugins/workday.py
[2024-03-18T08:12:01.791+0000] {processor.py:830} INFO - Processing file /home/ubuntu/air_venv/lib/python3.10/site-packages/airflow/example_dags/plugins/workday.py for tasks to queue
[2024-03-18T08:12:01.792+0000] {logging_mixin.py:188} INFO - [2024-03-18T08:12:01.792+0000] {dagbag.py:540} INFO - Filling up the DagBag from /home/ubuntu/air_venv/lib/python3.10/site-packages/airflow/example_dags/plugins/workday.py
[2024-03-18T08:12:02.965+0000] {processor.py:842} WARNING - No viable dags retrieved from /home/ubuntu/air_venv/lib/python3.10/site-packages/airflow/example_dags/plugins/workday.py
[2024-03-18T08:12:03.004+0000] {processor.py:183} INFO - Processing /home/ubuntu/air_venv/lib/python3.10/site-packages/airflow/example_dags/plugins/workday.py took 1.230 seconds
[2024-03-18T08:12:42.417+0000] {processor.py:161} INFO - Started process (PID=9250) to work on /home/ubuntu/air_venv/lib/python3.10/site-packages/airflow/example_dags/plugins/workday.py
[2024-03-18T08:12:42.419+0000] {processor.py:830} INFO - Processing file /home/ubuntu/air_venv/lib/python3.10/site-packages/airflow/example_dags/plugins/workday.py for tasks to queue
[2024-03-18T08:12:42.420+0000] {logging_mixin.py:188} INFO - [2024-03-18T08:12:42.420+0000] {dagbag.py:540} INFO - Filling up the DagBag from /home/ubuntu/air_venv/lib/python3.10/site-packages/airflow/example_dags/plugins/workday.py
[2024-03-18T08:12:42.721+0000] {processor.py:842} WARNING - No viable dags retrieved from /home/ubuntu/air_venv/lib/python3.10/site-packages/airflow/example_dags/plugins/workday.py
[2024-03-18T08:12:42.732+0000] {processor.py:183} INFO - Processing /home/ubuntu/air_venv/lib/python3.10/site-packages/airflow/example_dags/plugins/workday.py took 0.318 seconds
[2024-03-18T08:13:28.746+0000] {processor.py:161} INFO - Started process (PID=9534) to work on /home/ubuntu/air_venv/lib/python3.10/site-packages/airflow/example_dags/plugins/workday.py
[2024-03-18T08:13:28.748+0000] {processor.py:830} INFO - Processing file /home/ubuntu/air_venv/lib/python3.10/site-packages/airflow/example_dags/plugins/workday.py for tasks to queue
[2024-03-18T08:13:28.749+0000] {logging_mixin.py:188} INFO - [2024-03-18T08:13:28.749+0000] {dagbag.py:540} INFO - Filling up the DagBag from /home/ubuntu/air_venv/lib/python3.10/site-packages/airflow/example_dags/plugins/workday.py
[2024-03-18T08:13:29.049+0000] {processor.py:842} WARNING - No viable dags retrieved from /home/ubuntu/air_venv/lib/python3.10/site-packages/airflow/example_dags/plugins/workday.py
[2024-03-18T08:13:29.059+0000] {processor.py:183} INFO - Processing /home/ubuntu/air_venv/lib/python3.10/site-packages/airflow/example_dags/plugins/workday.py took 0.316 seconds
[2024-03-18T08:14:08.545+0000] {processor.py:161} INFO - Started process (PID=9696) to work on /home/ubuntu/air_venv/lib/python3.10/site-packages/airflow/example_dags/plugins/workday.py
[2024-03-18T08:14:08.547+0000] {processor.py:830} INFO - Processing file /home/ubuntu/air_venv/lib/python3.10/site-packages/airflow/example_dags/plugins/workday.py for tasks to queue
[2024-03-18T08:14:08.548+0000] {logging_mixin.py:188} INFO - [2024-03-18T08:14:08.547+0000] {dagbag.py:540} INFO - Filling up the DagBag from /home/ubuntu/air_venv/lib/python3.10/site-packages/airflow/example_dags/plugins/workday.py
[2024-03-18T08:14:08.864+0000] {processor.py:842} WARNING - No viable dags retrieved from /home/ubuntu/air_venv/lib/python3.10/site-packages/airflow/example_dags/plugins/workday.py
[2024-03-18T08:14:08.875+0000] {processor.py:183} INFO - Processing /home/ubuntu/air_venv/lib/python3.10/site-packages/airflow/example_dags/plugins/workday.py took 0.333 seconds
[2024-03-18T08:15:21.550+0000] {processor.py:161} INFO - Started process (PID=10373) to work on /home/ubuntu/air_venv/lib/python3.10/site-packages/airflow/example_dags/plugins/workday.py
[2024-03-18T08:15:21.552+0000] {processor.py:830} INFO - Processing file /home/ubuntu/air_venv/lib/python3.10/site-packages/airflow/example_dags/plugins/workday.py for tasks to queue
[2024-03-18T08:15:21.555+0000] {logging_mixin.py:188} INFO - [2024-03-18T08:15:21.554+0000] {dagbag.py:540} INFO - Filling up the DagBag from /home/ubuntu/air_venv/lib/python3.10/site-packages/airflow/example_dags/plugins/workday.py
[2024-03-18T08:15:21.908+0000] {processor.py:842} WARNING - No viable dags retrieved from /home/ubuntu/air_venv/lib/python3.10/site-packages/airflow/example_dags/plugins/workday.py
[2024-03-18T08:15:21.919+0000] {processor.py:183} INFO - Processing /home/ubuntu/air_venv/lib/python3.10/site-packages/airflow/example_dags/plugins/workday.py took 0.381 seconds
[2024-03-18T08:16:14.555+0000] {processor.py:161} INFO - Started process (PID=11025) to work on /home/ubuntu/air_venv/lib/python3.10/site-packages/airflow/example_dags/plugins/workday.py
[2024-03-18T08:16:14.557+0000] {processor.py:830} INFO - Processing file /home/ubuntu/air_venv/lib/python3.10/site-packages/airflow/example_dags/plugins/workday.py for tasks to queue
[2024-03-18T08:16:14.558+0000] {logging_mixin.py:188} INFO - [2024-03-18T08:16:14.557+0000] {dagbag.py:540} INFO - Filling up the DagBag from /home/ubuntu/air_venv/lib/python3.10/site-packages/airflow/example_dags/plugins/workday.py
[2024-03-18T08:16:14.884+0000] {processor.py:842} WARNING - No viable dags retrieved from /home/ubuntu/air_venv/lib/python3.10/site-packages/airflow/example_dags/plugins/workday.py
[2024-03-18T08:16:14.895+0000] {processor.py:183} INFO - Processing /home/ubuntu/air_venv/lib/python3.10/site-packages/airflow/example_dags/plugins/workday.py took 0.343 seconds
[2024-03-18T08:17:02.064+0000] {processor.py:161} INFO - Started process (PID=11616) to work on /home/ubuntu/air_venv/lib/python3.10/site-packages/airflow/example_dags/plugins/workday.py
[2024-03-18T08:17:02.142+0000] {processor.py:830} INFO - Processing file /home/ubuntu/air_venv/lib/python3.10/site-packages/airflow/example_dags/plugins/workday.py for tasks to queue
[2024-03-18T08:17:02.144+0000] {logging_mixin.py:188} INFO - [2024-03-18T08:17:02.143+0000] {dagbag.py:540} INFO - Filling up the DagBag from /home/ubuntu/air_venv/lib/python3.10/site-packages/airflow/example_dags/plugins/workday.py
[2024-03-18T08:17:04.256+0000] {processor.py:842} WARNING - No viable dags retrieved from /home/ubuntu/air_venv/lib/python3.10/site-packages/airflow/example_dags/plugins/workday.py
[2024-03-18T08:17:04.268+0000] {processor.py:183} INFO - Processing /home/ubuntu/air_venv/lib/python3.10/site-packages/airflow/example_dags/plugins/workday.py took 2.286 seconds
[2024-03-18T08:18:00.463+0000] {processor.py:161} INFO - Started process (PID=12333) to work on /home/ubuntu/air_venv/lib/python3.10/site-packages/airflow/example_dags/plugins/workday.py
[2024-03-18T08:18:00.464+0000] {processor.py:830} INFO - Processing file /home/ubuntu/air_venv/lib/python3.10/site-packages/airflow/example_dags/plugins/workday.py for tasks to queue
[2024-03-18T08:18:00.466+0000] {logging_mixin.py:188} INFO - [2024-03-18T08:18:00.465+0000] {dagbag.py:540} INFO - Filling up the DagBag from /home/ubuntu/air_venv/lib/python3.10/site-packages/airflow/example_dags/plugins/workday.py
[2024-03-18T08:18:00.763+0000] {processor.py:842} WARNING - No viable dags retrieved from /home/ubuntu/air_venv/lib/python3.10/site-packages/airflow/example_dags/plugins/workday.py
[2024-03-18T08:18:00.773+0000] {processor.py:183} INFO - Processing /home/ubuntu/air_venv/lib/python3.10/site-packages/airflow/example_dags/plugins/workday.py took 0.314 seconds
[2024-03-18T08:18:35.753+0000] {processor.py:161} INFO - Started process (PID=12487) to work on /home/ubuntu/air_venv/lib/python3.10/site-packages/airflow/example_dags/plugins/workday.py
[2024-03-18T08:18:35.755+0000] {processor.py:830} INFO - Processing file /home/ubuntu/air_venv/lib/python3.10/site-packages/airflow/example_dags/plugins/workday.py for tasks to queue
[2024-03-18T08:18:35.756+0000] {logging_mixin.py:188} INFO - [2024-03-18T08:18:35.756+0000] {dagbag.py:540} INFO - Filling up the DagBag from /home/ubuntu/air_venv/lib/python3.10/site-packages/airflow/example_dags/plugins/workday.py
[2024-03-18T08:18:36.046+0000] {processor.py:842} WARNING - No viable dags retrieved from /home/ubuntu/air_venv/lib/python3.10/site-packages/airflow/example_dags/plugins/workday.py
[2024-03-18T08:18:36.057+0000] {processor.py:183} INFO - Processing /home/ubuntu/air_venv/lib/python3.10/site-packages/airflow/example_dags/plugins/workday.py took 0.307 seconds
[2024-03-18T08:19:21.079+0000] {processor.py:161} INFO - Started process (PID=12709) to work on /home/ubuntu/air_venv/lib/python3.10/site-packages/airflow/example_dags/plugins/workday.py
[2024-03-18T08:19:21.081+0000] {processor.py:830} INFO - Processing file /home/ubuntu/air_venv/lib/python3.10/site-packages/airflow/example_dags/plugins/workday.py for tasks to queue
[2024-03-18T08:19:21.082+0000] {logging_mixin.py:188} INFO - [2024-03-18T08:19:21.082+0000] {dagbag.py:540} INFO - Filling up the DagBag from /home/ubuntu/air_venv/lib/python3.10/site-packages/airflow/example_dags/plugins/workday.py
[2024-03-18T08:19:21.392+0000] {processor.py:842} WARNING - No viable dags retrieved from /home/ubuntu/air_venv/lib/python3.10/site-packages/airflow/example_dags/plugins/workday.py
[2024-03-18T08:19:21.403+0000] {processor.py:183} INFO - Processing /home/ubuntu/air_venv/lib/python3.10/site-packages/airflow/example_dags/plugins/workday.py took 0.327 seconds
[2024-03-18T08:20:24.135+0000] {processor.py:161} INFO - Started process (PID=13249) to work on /home/ubuntu/air_venv/lib/python3.10/site-packages/airflow/example_dags/plugins/workday.py
[2024-03-18T08:20:24.137+0000] {processor.py:830} INFO - Processing file /home/ubuntu/air_venv/lib/python3.10/site-packages/airflow/example_dags/plugins/workday.py for tasks to queue
[2024-03-18T08:20:24.138+0000] {logging_mixin.py:188} INFO - [2024-03-18T08:20:24.138+0000] {dagbag.py:540} INFO - Filling up the DagBag from /home/ubuntu/air_venv/lib/python3.10/site-packages/airflow/example_dags/plugins/workday.py
[2024-03-18T08:20:24.453+0000] {processor.py:842} WARNING - No viable dags retrieved from /home/ubuntu/air_venv/lib/python3.10/site-packages/airflow/example_dags/plugins/workday.py
[2024-03-18T08:20:24.474+0000] {processor.py:183} INFO - Processing /home/ubuntu/air_venv/lib/python3.10/site-packages/airflow/example_dags/plugins/workday.py took 0.342 seconds
[2024-03-18T08:21:20.405+0000] {processor.py:161} INFO - Started process (PID=13602) to work on /home/ubuntu/air_venv/lib/python3.10/site-packages/airflow/example_dags/plugins/workday.py
[2024-03-18T08:21:20.407+0000] {processor.py:830} INFO - Processing file /home/ubuntu/air_venv/lib/python3.10/site-packages/airflow/example_dags/plugins/workday.py for tasks to queue
[2024-03-18T08:21:20.408+0000] {logging_mixin.py:188} INFO - [2024-03-18T08:21:20.407+0000] {dagbag.py:540} INFO - Filling up the DagBag from /home/ubuntu/air_venv/lib/python3.10/site-packages/airflow/example_dags/plugins/workday.py
[2024-03-18T08:21:20.698+0000] {processor.py:842} WARNING - No viable dags retrieved from /home/ubuntu/air_venv/lib/python3.10/site-packages/airflow/example_dags/plugins/workday.py
[2024-03-18T08:21:20.708+0000] {processor.py:183} INFO - Processing /home/ubuntu/air_venv/lib/python3.10/site-packages/airflow/example_dags/plugins/workday.py took 0.307 seconds
[2024-03-18T08:22:08.553+0000] {processor.py:161} INFO - Started process (PID=13835) to work on /home/ubuntu/air_venv/lib/python3.10/site-packages/airflow/example_dags/plugins/workday.py
[2024-03-18T08:22:08.554+0000] {processor.py:830} INFO - Processing file /home/ubuntu/air_venv/lib/python3.10/site-packages/airflow/example_dags/plugins/workday.py for tasks to queue
[2024-03-18T08:22:08.556+0000] {logging_mixin.py:188} INFO - [2024-03-18T08:22:08.555+0000] {dagbag.py:540} INFO - Filling up the DagBag from /home/ubuntu/air_venv/lib/python3.10/site-packages/airflow/example_dags/plugins/workday.py
[2024-03-18T08:22:08.869+0000] {processor.py:842} WARNING - No viable dags retrieved from /home/ubuntu/air_venv/lib/python3.10/site-packages/airflow/example_dags/plugins/workday.py
[2024-03-18T08:22:08.879+0000] {processor.py:183} INFO - Processing /home/ubuntu/air_venv/lib/python3.10/site-packages/airflow/example_dags/plugins/workday.py took 0.331 seconds
[2024-03-18T08:22:48.801+0000] {processor.py:161} INFO - Started process (PID=14057) to work on /home/ubuntu/air_venv/lib/python3.10/site-packages/airflow/example_dags/plugins/workday.py
[2024-03-18T08:22:48.803+0000] {processor.py:830} INFO - Processing file /home/ubuntu/air_venv/lib/python3.10/site-packages/airflow/example_dags/plugins/workday.py for tasks to queue
[2024-03-18T08:22:48.804+0000] {logging_mixin.py:188} INFO - [2024-03-18T08:22:48.804+0000] {dagbag.py:540} INFO - Filling up the DagBag from /home/ubuntu/air_venv/lib/python3.10/site-packages/airflow/example_dags/plugins/workday.py
[2024-03-18T08:22:49.100+0000] {processor.py:842} WARNING - No viable dags retrieved from /home/ubuntu/air_venv/lib/python3.10/site-packages/airflow/example_dags/plugins/workday.py
[2024-03-18T08:22:49.111+0000] {processor.py:183} INFO - Processing /home/ubuntu/air_venv/lib/python3.10/site-packages/airflow/example_dags/plugins/workday.py took 0.313 seconds
[2024-03-18T08:23:25.984+0000] {processor.py:161} INFO - Started process (PID=14394) to work on /home/ubuntu/air_venv/lib/python3.10/site-packages/airflow/example_dags/plugins/workday.py
[2024-03-18T08:23:25.986+0000] {processor.py:830} INFO - Processing file /home/ubuntu/air_venv/lib/python3.10/site-packages/airflow/example_dags/plugins/workday.py for tasks to queue
[2024-03-18T08:23:25.987+0000] {logging_mixin.py:188} INFO - [2024-03-18T08:23:25.987+0000] {dagbag.py:540} INFO - Filling up the DagBag from /home/ubuntu/air_venv/lib/python3.10/site-packages/airflow/example_dags/plugins/workday.py
[2024-03-18T08:23:26.293+0000] {processor.py:842} WARNING - No viable dags retrieved from /home/ubuntu/air_venv/lib/python3.10/site-packages/airflow/example_dags/plugins/workday.py
[2024-03-18T08:23:26.304+0000] {processor.py:183} INFO - Processing /home/ubuntu/air_venv/lib/python3.10/site-packages/airflow/example_dags/plugins/workday.py took 0.323 seconds
[2024-03-18T08:24:07.851+0000] {processor.py:161} INFO - Started process (PID=14743) to work on /home/ubuntu/air_venv/lib/python3.10/site-packages/airflow/example_dags/plugins/workday.py
[2024-03-18T08:24:07.853+0000] {processor.py:830} INFO - Processing file /home/ubuntu/air_venv/lib/python3.10/site-packages/airflow/example_dags/plugins/workday.py for tasks to queue
[2024-03-18T08:24:07.854+0000] {logging_mixin.py:188} INFO - [2024-03-18T08:24:07.854+0000] {dagbag.py:540} INFO - Filling up the DagBag from /home/ubuntu/air_venv/lib/python3.10/site-packages/airflow/example_dags/plugins/workday.py
[2024-03-18T08:24:08.154+0000] {processor.py:842} WARNING - No viable dags retrieved from /home/ubuntu/air_venv/lib/python3.10/site-packages/airflow/example_dags/plugins/workday.py
[2024-03-18T08:24:08.165+0000] {processor.py:183} INFO - Processing /home/ubuntu/air_venv/lib/python3.10/site-packages/airflow/example_dags/plugins/workday.py took 0.317 seconds
[2024-03-18T08:24:45.600+0000] {processor.py:161} INFO - Started process (PID=15067) to work on /home/ubuntu/air_venv/lib/python3.10/site-packages/airflow/example_dags/plugins/workday.py
[2024-03-18T08:24:45.602+0000] {processor.py:830} INFO - Processing file /home/ubuntu/air_venv/lib/python3.10/site-packages/airflow/example_dags/plugins/workday.py for tasks to queue
[2024-03-18T08:24:45.603+0000] {logging_mixin.py:188} INFO - [2024-03-18T08:24:45.602+0000] {dagbag.py:540} INFO - Filling up the DagBag from /home/ubuntu/air_venv/lib/python3.10/site-packages/airflow/example_dags/plugins/workday.py
[2024-03-18T08:24:45.900+0000] {processor.py:842} WARNING - No viable dags retrieved from /home/ubuntu/air_venv/lib/python3.10/site-packages/airflow/example_dags/plugins/workday.py
[2024-03-18T08:24:45.910+0000] {processor.py:183} INFO - Processing /home/ubuntu/air_venv/lib/python3.10/site-packages/airflow/example_dags/plugins/workday.py took 0.314 seconds
[2024-03-18T08:25:28.077+0000] {processor.py:161} INFO - Started process (PID=15286) to work on /home/ubuntu/air_venv/lib/python3.10/site-packages/airflow/example_dags/plugins/workday.py
[2024-03-18T08:25:28.079+0000] {processor.py:830} INFO - Processing file /home/ubuntu/air_venv/lib/python3.10/site-packages/airflow/example_dags/plugins/workday.py for tasks to queue
[2024-03-18T08:25:28.080+0000] {logging_mixin.py:188} INFO - [2024-03-18T08:25:28.080+0000] {dagbag.py:540} INFO - Filling up the DagBag from /home/ubuntu/air_venv/lib/python3.10/site-packages/airflow/example_dags/plugins/workday.py
[2024-03-18T08:25:28.376+0000] {processor.py:842} WARNING - No viable dags retrieved from /home/ubuntu/air_venv/lib/python3.10/site-packages/airflow/example_dags/plugins/workday.py
[2024-03-18T08:25:28.387+0000] {processor.py:183} INFO - Processing /home/ubuntu/air_venv/lib/python3.10/site-packages/airflow/example_dags/plugins/workday.py took 0.313 seconds
[2024-03-18T08:26:12.017+0000] {processor.py:161} INFO - Started process (PID=15389) to work on /home/ubuntu/air_venv/lib/python3.10/site-packages/airflow/example_dags/plugins/workday.py
[2024-03-18T08:26:12.019+0000] {processor.py:830} INFO - Processing file /home/ubuntu/air_venv/lib/python3.10/site-packages/airflow/example_dags/plugins/workday.py for tasks to queue
[2024-03-18T08:26:12.020+0000] {logging_mixin.py:188} INFO - [2024-03-18T08:26:12.020+0000] {dagbag.py:540} INFO - Filling up the DagBag from /home/ubuntu/air_venv/lib/python3.10/site-packages/airflow/example_dags/plugins/workday.py
[2024-03-18T08:26:12.481+0000] {processor.py:842} WARNING - No viable dags retrieved from /home/ubuntu/air_venv/lib/python3.10/site-packages/airflow/example_dags/plugins/workday.py
[2024-03-18T08:26:12.489+0000] {processor.py:183} INFO - Processing /home/ubuntu/air_venv/lib/python3.10/site-packages/airflow/example_dags/plugins/workday.py took 0.475 seconds
[2024-03-18T08:26:52.327+0000] {processor.py:161} INFO - Started process (PID=15489) to work on /home/ubuntu/air_venv/lib/python3.10/site-packages/airflow/example_dags/plugins/workday.py
[2024-03-18T08:26:52.329+0000] {processor.py:830} INFO - Processing file /home/ubuntu/air_venv/lib/python3.10/site-packages/airflow/example_dags/plugins/workday.py for tasks to queue
[2024-03-18T08:26:52.330+0000] {logging_mixin.py:188} INFO - [2024-03-18T08:26:52.329+0000] {dagbag.py:540} INFO - Filling up the DagBag from /home/ubuntu/air_venv/lib/python3.10/site-packages/airflow/example_dags/plugins/workday.py
[2024-03-18T08:26:52.631+0000] {processor.py:842} WARNING - No viable dags retrieved from /home/ubuntu/air_venv/lib/python3.10/site-packages/airflow/example_dags/plugins/workday.py
[2024-03-18T08:26:52.642+0000] {processor.py:183} INFO - Processing /home/ubuntu/air_venv/lib/python3.10/site-packages/airflow/example_dags/plugins/workday.py took 0.319 seconds
[2024-03-18T08:27:34.144+0000] {processor.py:161} INFO - Started process (PID=15531) to work on /home/ubuntu/air_venv/lib/python3.10/site-packages/airflow/example_dags/plugins/workday.py
[2024-03-18T08:27:34.146+0000] {processor.py:830} INFO - Processing file /home/ubuntu/air_venv/lib/python3.10/site-packages/airflow/example_dags/plugins/workday.py for tasks to queue
[2024-03-18T08:27:34.147+0000] {logging_mixin.py:188} INFO - [2024-03-18T08:27:34.147+0000] {dagbag.py:540} INFO - Filling up the DagBag from /home/ubuntu/air_venv/lib/python3.10/site-packages/airflow/example_dags/plugins/workday.py
[2024-03-18T08:27:34.600+0000] {processor.py:842} WARNING - No viable dags retrieved from /home/ubuntu/air_venv/lib/python3.10/site-packages/airflow/example_dags/plugins/workday.py
[2024-03-18T08:27:34.607+0000] {processor.py:183} INFO - Processing /home/ubuntu/air_venv/lib/python3.10/site-packages/airflow/example_dags/plugins/workday.py took 0.466 seconds
[2024-03-18T08:28:15.227+0000] {processor.py:161} INFO - Started process (PID=15631) to work on /home/ubuntu/air_venv/lib/python3.10/site-packages/airflow/example_dags/plugins/workday.py
[2024-03-18T08:28:15.229+0000] {processor.py:830} INFO - Processing file /home/ubuntu/air_venv/lib/python3.10/site-packages/airflow/example_dags/plugins/workday.py for tasks to queue
[2024-03-18T08:28:15.230+0000] {logging_mixin.py:188} INFO - [2024-03-18T08:28:15.230+0000] {dagbag.py:540} INFO - Filling up the DagBag from /home/ubuntu/air_venv/lib/python3.10/site-packages/airflow/example_dags/plugins/workday.py
[2024-03-18T08:28:15.700+0000] {processor.py:842} WARNING - No viable dags retrieved from /home/ubuntu/air_venv/lib/python3.10/site-packages/airflow/example_dags/plugins/workday.py
[2024-03-18T08:28:15.708+0000] {processor.py:183} INFO - Processing /home/ubuntu/air_venv/lib/python3.10/site-packages/airflow/example_dags/plugins/workday.py took 0.485 seconds
[2024-03-18T08:28:57.310+0000] {processor.py:161} INFO - Started process (PID=15732) to work on /home/ubuntu/air_venv/lib/python3.10/site-packages/airflow/example_dags/plugins/workday.py
[2024-03-18T08:28:57.312+0000] {processor.py:830} INFO - Processing file /home/ubuntu/air_venv/lib/python3.10/site-packages/airflow/example_dags/plugins/workday.py for tasks to queue
[2024-03-18T08:28:57.313+0000] {logging_mixin.py:188} INFO - [2024-03-18T08:28:57.312+0000] {dagbag.py:540} INFO - Filling up the DagBag from /home/ubuntu/air_venv/lib/python3.10/site-packages/airflow/example_dags/plugins/workday.py
[2024-03-18T08:28:57.762+0000] {processor.py:842} WARNING - No viable dags retrieved from /home/ubuntu/air_venv/lib/python3.10/site-packages/airflow/example_dags/plugins/workday.py
[2024-03-18T08:28:57.770+0000] {processor.py:183} INFO - Processing /home/ubuntu/air_venv/lib/python3.10/site-packages/airflow/example_dags/plugins/workday.py took 0.463 seconds
[2024-03-18T08:29:41.650+0000] {processor.py:161} INFO - Started process (PID=15834) to work on /home/ubuntu/air_venv/lib/python3.10/site-packages/airflow/example_dags/plugins/workday.py
[2024-03-18T08:29:41.652+0000] {processor.py:830} INFO - Processing file /home/ubuntu/air_venv/lib/python3.10/site-packages/airflow/example_dags/plugins/workday.py for tasks to queue
[2024-03-18T08:29:41.653+0000] {logging_mixin.py:188} INFO - [2024-03-18T08:29:41.652+0000] {dagbag.py:540} INFO - Filling up the DagBag from /home/ubuntu/air_venv/lib/python3.10/site-packages/airflow/example_dags/plugins/workday.py
[2024-03-18T08:29:42.113+0000] {processor.py:842} WARNING - No viable dags retrieved from /home/ubuntu/air_venv/lib/python3.10/site-packages/airflow/example_dags/plugins/workday.py
[2024-03-18T08:29:42.121+0000] {processor.py:183} INFO - Processing /home/ubuntu/air_venv/lib/python3.10/site-packages/airflow/example_dags/plugins/workday.py took 0.475 seconds
