[2024-03-18T07:59:51.965+0000] {processor.py:161} INFO - Started process (PID=2724) to work on /home/ubuntu/air_venv/lib/python3.10/site-packages/airflow/example_dags/example_trigger_controller_dag.py
[2024-03-18T07:59:51.967+0000] {processor.py:830} INFO - Processing file /home/ubuntu/air_venv/lib/python3.10/site-packages/airflow/example_dags/example_trigger_controller_dag.py for tasks to queue
[2024-03-18T07:59:51.968+0000] {logging_mixin.py:188} INFO - [2024-03-18T07:59:51.967+0000] {dagbag.py:540} INFO - Filling up the DagBag from /home/ubuntu/air_venv/lib/python3.10/site-packages/airflow/example_dags/example_trigger_controller_dag.py
[2024-03-18T07:59:51.977+0000] {processor.py:840} INFO - DAG(s) 'example_trigger_controller_dag' retrieved from /home/ubuntu/air_venv/lib/python3.10/site-packages/airflow/example_dags/example_trigger_controller_dag.py
[2024-03-18T07:59:52.096+0000] {logging_mixin.py:188} INFO - [2024-03-18T07:59:52.095+0000] {override.py:1769} INFO - Created Permission View: can edit on DAG:example_trigger_controller_dag
[2024-03-18T07:59:52.111+0000] {logging_mixin.py:188} INFO - [2024-03-18T07:59:52.110+0000] {override.py:1769} INFO - Created Permission View: can delete on DAG:example_trigger_controller_dag
[2024-03-18T07:59:52.122+0000] {logging_mixin.py:188} INFO - [2024-03-18T07:59:52.121+0000] {override.py:1769} INFO - Created Permission View: can read on DAG:example_trigger_controller_dag
[2024-03-18T07:59:52.122+0000] {logging_mixin.py:188} INFO - [2024-03-18T07:59:52.122+0000] {dag.py:3047} INFO - Sync 1 DAGs
[2024-03-18T07:59:52.133+0000] {logging_mixin.py:188} INFO - [2024-03-18T07:59:52.133+0000] {dag.py:3069} INFO - Creating ORM DAG for example_trigger_controller_dag
[2024-03-18T07:59:52.142+0000] {logging_mixin.py:188} INFO - [2024-03-18T07:59:52.142+0000] {dag.py:3834} INFO - Setting next_dagrun for example_trigger_controller_dag to 2021-01-01 00:00:00+00:00, run_after=2021-01-01 00:00:00+00:00
[2024-03-18T07:59:52.166+0000] {processor.py:183} INFO - Processing /home/ubuntu/air_venv/lib/python3.10/site-packages/airflow/example_dags/example_trigger_controller_dag.py took 0.204 seconds
[2024-03-18T08:00:56.952+0000] {processor.py:161} INFO - Started process (PID=3260) to work on /home/ubuntu/air_venv/lib/python3.10/site-packages/airflow/example_dags/example_trigger_controller_dag.py
[2024-03-18T08:00:56.954+0000] {processor.py:830} INFO - Processing file /home/ubuntu/air_venv/lib/python3.10/site-packages/airflow/example_dags/example_trigger_controller_dag.py for tasks to queue
[2024-03-18T08:00:56.955+0000] {logging_mixin.py:188} INFO - [2024-03-18T08:00:56.955+0000] {dagbag.py:540} INFO - Filling up the DagBag from /home/ubuntu/air_venv/lib/python3.10/site-packages/airflow/example_dags/example_trigger_controller_dag.py
[2024-03-18T08:00:56.961+0000] {processor.py:840} INFO - DAG(s) 'example_trigger_controller_dag' retrieved from /home/ubuntu/air_venv/lib/python3.10/site-packages/airflow/example_dags/example_trigger_controller_dag.py
[2024-03-18T08:00:56.977+0000] {logging_mixin.py:188} INFO - [2024-03-18T08:00:56.977+0000] {dag.py:3047} INFO - Sync 1 DAGs
[2024-03-18T08:00:57.000+0000] {logging_mixin.py:188} INFO - [2024-03-18T08:00:56.999+0000] {dag.py:3834} INFO - Setting next_dagrun for example_trigger_controller_dag to 2021-01-01 00:00:00+00:00, run_after=2021-01-01 00:00:00+00:00
[2024-03-18T08:00:57.026+0000] {processor.py:183} INFO - Processing /home/ubuntu/air_venv/lib/python3.10/site-packages/airflow/example_dags/example_trigger_controller_dag.py took 0.077 seconds
[2024-03-18T08:01:45.954+0000] {processor.py:161} INFO - Started process (PID=3729) to work on /home/ubuntu/air_venv/lib/python3.10/site-packages/airflow/example_dags/example_trigger_controller_dag.py
[2024-03-18T08:01:45.956+0000] {processor.py:830} INFO - Processing file /home/ubuntu/air_venv/lib/python3.10/site-packages/airflow/example_dags/example_trigger_controller_dag.py for tasks to queue
[2024-03-18T08:01:45.957+0000] {logging_mixin.py:188} INFO - [2024-03-18T08:01:45.957+0000] {dagbag.py:540} INFO - Filling up the DagBag from /home/ubuntu/air_venv/lib/python3.10/site-packages/airflow/example_dags/example_trigger_controller_dag.py
[2024-03-18T08:01:45.963+0000] {processor.py:840} INFO - DAG(s) 'example_trigger_controller_dag' retrieved from /home/ubuntu/air_venv/lib/python3.10/site-packages/airflow/example_dags/example_trigger_controller_dag.py
[2024-03-18T08:01:45.981+0000] {logging_mixin.py:188} INFO - [2024-03-18T08:01:45.981+0000] {dag.py:3047} INFO - Sync 1 DAGs
[2024-03-18T08:01:46.003+0000] {logging_mixin.py:188} INFO - [2024-03-18T08:01:46.003+0000] {dag.py:3834} INFO - Setting next_dagrun for example_trigger_controller_dag to 2021-01-01 00:00:00+00:00, run_after=2021-01-01 00:00:00+00:00
[2024-03-18T08:01:46.280+0000] {processor.py:183} INFO - Processing /home/ubuntu/air_venv/lib/python3.10/site-packages/airflow/example_dags/example_trigger_controller_dag.py took 0.330 seconds
[2024-03-18T08:02:38.423+0000] {processor.py:161} INFO - Started process (PID=4255) to work on /home/ubuntu/air_venv/lib/python3.10/site-packages/airflow/example_dags/example_trigger_controller_dag.py
[2024-03-18T08:02:38.424+0000] {processor.py:830} INFO - Processing file /home/ubuntu/air_venv/lib/python3.10/site-packages/airflow/example_dags/example_trigger_controller_dag.py for tasks to queue
[2024-03-18T08:02:38.426+0000] {logging_mixin.py:188} INFO - [2024-03-18T08:02:38.425+0000] {dagbag.py:540} INFO - Filling up the DagBag from /home/ubuntu/air_venv/lib/python3.10/site-packages/airflow/example_dags/example_trigger_controller_dag.py
[2024-03-18T08:02:38.431+0000] {processor.py:840} INFO - DAG(s) 'example_trigger_controller_dag' retrieved from /home/ubuntu/air_venv/lib/python3.10/site-packages/airflow/example_dags/example_trigger_controller_dag.py
[2024-03-18T08:02:38.589+0000] {logging_mixin.py:188} INFO - [2024-03-18T08:02:38.589+0000] {dag.py:3047} INFO - Sync 1 DAGs
[2024-03-18T08:02:38.608+0000] {logging_mixin.py:188} INFO - [2024-03-18T08:02:38.607+0000] {dag.py:3834} INFO - Setting next_dagrun for example_trigger_controller_dag to 2021-01-01 00:00:00+00:00, run_after=2021-01-01 00:00:00+00:00
[2024-03-18T08:02:38.633+0000] {processor.py:183} INFO - Processing /home/ubuntu/air_venv/lib/python3.10/site-packages/airflow/example_dags/example_trigger_controller_dag.py took 0.214 seconds
[2024-03-18T08:03:30.108+0000] {processor.py:161} INFO - Started process (PID=4483) to work on /home/ubuntu/air_venv/lib/python3.10/site-packages/airflow/example_dags/example_trigger_controller_dag.py
[2024-03-18T08:03:30.110+0000] {processor.py:830} INFO - Processing file /home/ubuntu/air_venv/lib/python3.10/site-packages/airflow/example_dags/example_trigger_controller_dag.py for tasks to queue
[2024-03-18T08:03:30.111+0000] {logging_mixin.py:188} INFO - [2024-03-18T08:03:30.111+0000] {dagbag.py:540} INFO - Filling up the DagBag from /home/ubuntu/air_venv/lib/python3.10/site-packages/airflow/example_dags/example_trigger_controller_dag.py
[2024-03-18T08:03:30.117+0000] {processor.py:840} INFO - DAG(s) 'example_trigger_controller_dag' retrieved from /home/ubuntu/air_venv/lib/python3.10/site-packages/airflow/example_dags/example_trigger_controller_dag.py
[2024-03-18T08:03:30.134+0000] {logging_mixin.py:188} INFO - [2024-03-18T08:03:30.134+0000] {dag.py:3047} INFO - Sync 1 DAGs
[2024-03-18T08:03:30.156+0000] {logging_mixin.py:188} INFO - [2024-03-18T08:03:30.156+0000] {dag.py:3834} INFO - Setting next_dagrun for example_trigger_controller_dag to 2021-01-01 00:00:00+00:00, run_after=2021-01-01 00:00:00+00:00
[2024-03-18T08:03:30.180+0000] {processor.py:183} INFO - Processing /home/ubuntu/air_venv/lib/python3.10/site-packages/airflow/example_dags/example_trigger_controller_dag.py took 0.076 seconds
[2024-03-18T08:04:13.863+0000] {processor.py:161} INFO - Started process (PID=4947) to work on /home/ubuntu/air_venv/lib/python3.10/site-packages/airflow/example_dags/example_trigger_controller_dag.py
[2024-03-18T08:04:13.864+0000] {processor.py:830} INFO - Processing file /home/ubuntu/air_venv/lib/python3.10/site-packages/airflow/example_dags/example_trigger_controller_dag.py for tasks to queue
[2024-03-18T08:04:13.866+0000] {logging_mixin.py:188} INFO - [2024-03-18T08:04:13.865+0000] {dagbag.py:540} INFO - Filling up the DagBag from /home/ubuntu/air_venv/lib/python3.10/site-packages/airflow/example_dags/example_trigger_controller_dag.py
[2024-03-18T08:04:13.872+0000] {processor.py:840} INFO - DAG(s) 'example_trigger_controller_dag' retrieved from /home/ubuntu/air_venv/lib/python3.10/site-packages/airflow/example_dags/example_trigger_controller_dag.py
[2024-03-18T08:04:13.890+0000] {logging_mixin.py:188} INFO - [2024-03-18T08:04:13.890+0000] {dag.py:3047} INFO - Sync 1 DAGs
[2024-03-18T08:04:13.915+0000] {logging_mixin.py:188} INFO - [2024-03-18T08:04:13.915+0000] {dag.py:3834} INFO - Setting next_dagrun for example_trigger_controller_dag to 2021-01-01 00:00:00+00:00, run_after=2021-01-01 00:00:00+00:00
[2024-03-18T08:04:13.941+0000] {processor.py:183} INFO - Processing /home/ubuntu/air_venv/lib/python3.10/site-packages/airflow/example_dags/example_trigger_controller_dag.py took 0.082 seconds
[2024-03-18T08:05:02.009+0000] {processor.py:161} INFO - Started process (PID=5241) to work on /home/ubuntu/air_venv/lib/python3.10/site-packages/airflow/example_dags/example_trigger_controller_dag.py
[2024-03-18T08:05:02.015+0000] {processor.py:830} INFO - Processing file /home/ubuntu/air_venv/lib/python3.10/site-packages/airflow/example_dags/example_trigger_controller_dag.py for tasks to queue
[2024-03-18T08:05:02.016+0000] {logging_mixin.py:188} INFO - [2024-03-18T08:05:02.016+0000] {dagbag.py:540} INFO - Filling up the DagBag from /home/ubuntu/air_venv/lib/python3.10/site-packages/airflow/example_dags/example_trigger_controller_dag.py
[2024-03-18T08:05:02.135+0000] {processor.py:840} INFO - DAG(s) 'example_trigger_controller_dag' retrieved from /home/ubuntu/air_venv/lib/python3.10/site-packages/airflow/example_dags/example_trigger_controller_dag.py
[2024-03-18T08:05:02.511+0000] {logging_mixin.py:188} INFO - [2024-03-18T08:05:02.511+0000] {dag.py:3047} INFO - Sync 1 DAGs
[2024-03-18T08:05:02.971+0000] {logging_mixin.py:188} INFO - [2024-03-18T08:05:02.971+0000] {dag.py:3834} INFO - Setting next_dagrun for example_trigger_controller_dag to 2021-01-01 00:00:00+00:00, run_after=2021-01-01 00:00:00+00:00
[2024-03-18T08:05:04.860+0000] {processor.py:183} INFO - Processing /home/ubuntu/air_venv/lib/python3.10/site-packages/airflow/example_dags/example_trigger_controller_dag.py took 2.861 seconds
[2024-03-18T08:05:55.729+0000] {processor.py:161} INFO - Started process (PID=5892) to work on /home/ubuntu/air_venv/lib/python3.10/site-packages/airflow/example_dags/example_trigger_controller_dag.py
[2024-03-18T08:05:55.731+0000] {processor.py:830} INFO - Processing file /home/ubuntu/air_venv/lib/python3.10/site-packages/airflow/example_dags/example_trigger_controller_dag.py for tasks to queue
[2024-03-18T08:05:55.732+0000] {logging_mixin.py:188} INFO - [2024-03-18T08:05:55.731+0000] {dagbag.py:540} INFO - Filling up the DagBag from /home/ubuntu/air_venv/lib/python3.10/site-packages/airflow/example_dags/example_trigger_controller_dag.py
[2024-03-18T08:05:55.738+0000] {processor.py:840} INFO - DAG(s) 'example_trigger_controller_dag' retrieved from /home/ubuntu/air_venv/lib/python3.10/site-packages/airflow/example_dags/example_trigger_controller_dag.py
[2024-03-18T08:05:55.755+0000] {logging_mixin.py:188} INFO - [2024-03-18T08:05:55.755+0000] {dag.py:3047} INFO - Sync 1 DAGs
[2024-03-18T08:05:55.776+0000] {logging_mixin.py:188} INFO - [2024-03-18T08:05:55.776+0000] {dag.py:3834} INFO - Setting next_dagrun for example_trigger_controller_dag to 2021-01-01 00:00:00+00:00, run_after=2021-01-01 00:00:00+00:00
[2024-03-18T08:05:55.801+0000] {processor.py:183} INFO - Processing /home/ubuntu/air_venv/lib/python3.10/site-packages/airflow/example_dags/example_trigger_controller_dag.py took 0.075 seconds
[2024-03-18T08:07:13.229+0000] {processor.py:161} INFO - Started process (PID=6869) to work on /home/ubuntu/air_venv/lib/python3.10/site-packages/airflow/example_dags/example_trigger_controller_dag.py
[2024-03-18T08:07:13.231+0000] {processor.py:830} INFO - Processing file /home/ubuntu/air_venv/lib/python3.10/site-packages/airflow/example_dags/example_trigger_controller_dag.py for tasks to queue
[2024-03-18T08:07:13.232+0000] {logging_mixin.py:188} INFO - [2024-03-18T08:07:13.232+0000] {dagbag.py:540} INFO - Filling up the DagBag from /home/ubuntu/air_venv/lib/python3.10/site-packages/airflow/example_dags/example_trigger_controller_dag.py
[2024-03-18T08:07:13.238+0000] {processor.py:840} INFO - DAG(s) 'example_trigger_controller_dag' retrieved from /home/ubuntu/air_venv/lib/python3.10/site-packages/airflow/example_dags/example_trigger_controller_dag.py
[2024-03-18T08:07:13.261+0000] {logging_mixin.py:188} INFO - [2024-03-18T08:07:13.261+0000] {dag.py:3047} INFO - Sync 1 DAGs
[2024-03-18T08:07:13.293+0000] {logging_mixin.py:188} INFO - [2024-03-18T08:07:13.292+0000] {dag.py:3834} INFO - Setting next_dagrun for example_trigger_controller_dag to 2021-01-01 00:00:00+00:00, run_after=2021-01-01 00:00:00+00:00
[2024-03-18T08:07:13.321+0000] {processor.py:183} INFO - Processing /home/ubuntu/air_venv/lib/python3.10/site-packages/airflow/example_dags/example_trigger_controller_dag.py took 0.096 seconds
[2024-03-18T08:08:06.980+0000] {processor.py:161} INFO - Started process (PID=7223) to work on /home/ubuntu/air_venv/lib/python3.10/site-packages/airflow/example_dags/example_trigger_controller_dag.py
[2024-03-18T08:08:06.982+0000] {processor.py:830} INFO - Processing file /home/ubuntu/air_venv/lib/python3.10/site-packages/airflow/example_dags/example_trigger_controller_dag.py for tasks to queue
[2024-03-18T08:08:06.983+0000] {logging_mixin.py:188} INFO - [2024-03-18T08:08:06.983+0000] {dagbag.py:540} INFO - Filling up the DagBag from /home/ubuntu/air_venv/lib/python3.10/site-packages/airflow/example_dags/example_trigger_controller_dag.py
[2024-03-18T08:08:06.989+0000] {processor.py:840} INFO - DAG(s) 'example_trigger_controller_dag' retrieved from /home/ubuntu/air_venv/lib/python3.10/site-packages/airflow/example_dags/example_trigger_controller_dag.py
[2024-03-18T08:08:07.007+0000] {logging_mixin.py:188} INFO - [2024-03-18T08:08:07.007+0000] {dag.py:3047} INFO - Sync 1 DAGs
[2024-03-18T08:08:07.030+0000] {logging_mixin.py:188} INFO - [2024-03-18T08:08:07.030+0000] {dag.py:3834} INFO - Setting next_dagrun for example_trigger_controller_dag to 2021-01-01 00:00:00+00:00, run_after=2021-01-01 00:00:00+00:00
[2024-03-18T08:08:07.056+0000] {processor.py:183} INFO - Processing /home/ubuntu/air_venv/lib/python3.10/site-packages/airflow/example_dags/example_trigger_controller_dag.py took 0.080 seconds
[2024-03-18T08:08:54.024+0000] {processor.py:161} INFO - Started process (PID=7579) to work on /home/ubuntu/air_venv/lib/python3.10/site-packages/airflow/example_dags/example_trigger_controller_dag.py
[2024-03-18T08:08:54.025+0000] {processor.py:830} INFO - Processing file /home/ubuntu/air_venv/lib/python3.10/site-packages/airflow/example_dags/example_trigger_controller_dag.py for tasks to queue
[2024-03-18T08:08:54.027+0000] {logging_mixin.py:188} INFO - [2024-03-18T08:08:54.026+0000] {dagbag.py:540} INFO - Filling up the DagBag from /home/ubuntu/air_venv/lib/python3.10/site-packages/airflow/example_dags/example_trigger_controller_dag.py
[2024-03-18T08:08:54.033+0000] {processor.py:840} INFO - DAG(s) 'example_trigger_controller_dag' retrieved from /home/ubuntu/air_venv/lib/python3.10/site-packages/airflow/example_dags/example_trigger_controller_dag.py
[2024-03-18T08:08:54.051+0000] {logging_mixin.py:188} INFO - [2024-03-18T08:08:54.050+0000] {dag.py:3047} INFO - Sync 1 DAGs
[2024-03-18T08:08:54.072+0000] {logging_mixin.py:188} INFO - [2024-03-18T08:08:54.072+0000] {dag.py:3834} INFO - Setting next_dagrun for example_trigger_controller_dag to 2021-01-01 00:00:00+00:00, run_after=2021-01-01 00:00:00+00:00
[2024-03-18T08:08:54.097+0000] {processor.py:183} INFO - Processing /home/ubuntu/air_venv/lib/python3.10/site-packages/airflow/example_dags/example_trigger_controller_dag.py took 0.077 seconds
[2024-03-18T08:09:37.542+0000] {processor.py:161} INFO - Started process (PID=7890) to work on /home/ubuntu/air_venv/lib/python3.10/site-packages/airflow/example_dags/example_trigger_controller_dag.py
[2024-03-18T08:09:37.543+0000] {processor.py:830} INFO - Processing file /home/ubuntu/air_venv/lib/python3.10/site-packages/airflow/example_dags/example_trigger_controller_dag.py for tasks to queue
[2024-03-18T08:09:37.544+0000] {logging_mixin.py:188} INFO - [2024-03-18T08:09:37.544+0000] {dagbag.py:540} INFO - Filling up the DagBag from /home/ubuntu/air_venv/lib/python3.10/site-packages/airflow/example_dags/example_trigger_controller_dag.py
[2024-03-18T08:09:37.551+0000] {processor.py:840} INFO - DAG(s) 'example_trigger_controller_dag' retrieved from /home/ubuntu/air_venv/lib/python3.10/site-packages/airflow/example_dags/example_trigger_controller_dag.py
[2024-03-18T08:09:37.568+0000] {logging_mixin.py:188} INFO - [2024-03-18T08:09:37.568+0000] {dag.py:3047} INFO - Sync 1 DAGs
[2024-03-18T08:09:37.591+0000] {logging_mixin.py:188} INFO - [2024-03-18T08:09:37.590+0000] {dag.py:3834} INFO - Setting next_dagrun for example_trigger_controller_dag to 2021-01-01 00:00:00+00:00, run_after=2021-01-01 00:00:00+00:00
[2024-03-18T08:09:37.614+0000] {processor.py:183} INFO - Processing /home/ubuntu/air_venv/lib/python3.10/site-packages/airflow/example_dags/example_trigger_controller_dag.py took 0.076 seconds
[2024-03-18T08:10:19.755+0000] {processor.py:161} INFO - Started process (PID=8265) to work on /home/ubuntu/air_venv/lib/python3.10/site-packages/airflow/example_dags/example_trigger_controller_dag.py
[2024-03-18T08:10:19.757+0000] {processor.py:830} INFO - Processing file /home/ubuntu/air_venv/lib/python3.10/site-packages/airflow/example_dags/example_trigger_controller_dag.py for tasks to queue
[2024-03-18T08:10:19.758+0000] {logging_mixin.py:188} INFO - [2024-03-18T08:10:19.758+0000] {dagbag.py:540} INFO - Filling up the DagBag from /home/ubuntu/air_venv/lib/python3.10/site-packages/airflow/example_dags/example_trigger_controller_dag.py
[2024-03-18T08:10:19.764+0000] {processor.py:840} INFO - DAG(s) 'example_trigger_controller_dag' retrieved from /home/ubuntu/air_venv/lib/python3.10/site-packages/airflow/example_dags/example_trigger_controller_dag.py
[2024-03-18T08:10:19.781+0000] {logging_mixin.py:188} INFO - [2024-03-18T08:10:19.781+0000] {dag.py:3047} INFO - Sync 1 DAGs
[2024-03-18T08:10:19.803+0000] {logging_mixin.py:188} INFO - [2024-03-18T08:10:19.803+0000] {dag.py:3834} INFO - Setting next_dagrun for example_trigger_controller_dag to 2021-01-01 00:00:00+00:00, run_after=2021-01-01 00:00:00+00:00
[2024-03-18T08:10:19.828+0000] {processor.py:183} INFO - Processing /home/ubuntu/air_venv/lib/python3.10/site-packages/airflow/example_dags/example_trigger_controller_dag.py took 0.076 seconds
[2024-03-18T08:11:03.741+0000] {processor.py:161} INFO - Started process (PID=8494) to work on /home/ubuntu/air_venv/lib/python3.10/site-packages/airflow/example_dags/example_trigger_controller_dag.py
[2024-03-18T08:11:03.743+0000] {processor.py:830} INFO - Processing file /home/ubuntu/air_venv/lib/python3.10/site-packages/airflow/example_dags/example_trigger_controller_dag.py for tasks to queue
[2024-03-18T08:11:03.744+0000] {logging_mixin.py:188} INFO - [2024-03-18T08:11:03.744+0000] {dagbag.py:540} INFO - Filling up the DagBag from /home/ubuntu/air_venv/lib/python3.10/site-packages/airflow/example_dags/example_trigger_controller_dag.py
[2024-03-18T08:11:03.890+0000] {processor.py:840} INFO - DAG(s) 'example_trigger_controller_dag' retrieved from /home/ubuntu/air_venv/lib/python3.10/site-packages/airflow/example_dags/example_trigger_controller_dag.py
[2024-03-18T08:11:04.165+0000] {logging_mixin.py:188} INFO - [2024-03-18T08:11:04.164+0000] {dag.py:3047} INFO - Sync 1 DAGs
[2024-03-18T08:11:04.285+0000] {logging_mixin.py:188} INFO - [2024-03-18T08:11:04.284+0000] {dag.py:3834} INFO - Setting next_dagrun for example_trigger_controller_dag to 2021-01-01 00:00:00+00:00, run_after=2021-01-01 00:00:00+00:00
[2024-03-18T08:11:04.388+0000] {processor.py:183} INFO - Processing /home/ubuntu/air_venv/lib/python3.10/site-packages/airflow/example_dags/example_trigger_controller_dag.py took 0.833 seconds
[2024-03-18T08:11:45.992+0000] {processor.py:161} INFO - Started process (PID=8952) to work on /home/ubuntu/air_venv/lib/python3.10/site-packages/airflow/example_dags/example_trigger_controller_dag.py
[2024-03-18T08:11:45.995+0000] {processor.py:830} INFO - Processing file /home/ubuntu/air_venv/lib/python3.10/site-packages/airflow/example_dags/example_trigger_controller_dag.py for tasks to queue
[2024-03-18T08:11:45.996+0000] {logging_mixin.py:188} INFO - [2024-03-18T08:11:45.996+0000] {dagbag.py:540} INFO - Filling up the DagBag from /home/ubuntu/air_venv/lib/python3.10/site-packages/airflow/example_dags/example_trigger_controller_dag.py
[2024-03-18T08:11:46.003+0000] {processor.py:840} INFO - DAG(s) 'example_trigger_controller_dag' retrieved from /home/ubuntu/air_venv/lib/python3.10/site-packages/airflow/example_dags/example_trigger_controller_dag.py
[2024-03-18T08:11:46.021+0000] {logging_mixin.py:188} INFO - [2024-03-18T08:11:46.021+0000] {dag.py:3047} INFO - Sync 1 DAGs
[2024-03-18T08:11:46.042+0000] {logging_mixin.py:188} INFO - [2024-03-18T08:11:46.042+0000] {dag.py:3834} INFO - Setting next_dagrun for example_trigger_controller_dag to 2021-01-01 00:00:00+00:00, run_after=2021-01-01 00:00:00+00:00
[2024-03-18T08:11:46.066+0000] {processor.py:183} INFO - Processing /home/ubuntu/air_venv/lib/python3.10/site-packages/airflow/example_dags/example_trigger_controller_dag.py took 0.078 seconds
[2024-03-18T08:12:24.888+0000] {processor.py:161} INFO - Started process (PID=9112) to work on /home/ubuntu/air_venv/lib/python3.10/site-packages/airflow/example_dags/example_trigger_controller_dag.py
[2024-03-18T08:12:24.889+0000] {processor.py:830} INFO - Processing file /home/ubuntu/air_venv/lib/python3.10/site-packages/airflow/example_dags/example_trigger_controller_dag.py for tasks to queue
[2024-03-18T08:12:24.890+0000] {logging_mixin.py:188} INFO - [2024-03-18T08:12:24.890+0000] {dagbag.py:540} INFO - Filling up the DagBag from /home/ubuntu/air_venv/lib/python3.10/site-packages/airflow/example_dags/example_trigger_controller_dag.py
[2024-03-18T08:12:24.896+0000] {processor.py:840} INFO - DAG(s) 'example_trigger_controller_dag' retrieved from /home/ubuntu/air_venv/lib/python3.10/site-packages/airflow/example_dags/example_trigger_controller_dag.py
[2024-03-18T08:12:24.913+0000] {logging_mixin.py:188} INFO - [2024-03-18T08:12:24.913+0000] {dag.py:3047} INFO - Sync 1 DAGs
[2024-03-18T08:12:24.938+0000] {logging_mixin.py:188} INFO - [2024-03-18T08:12:24.938+0000] {dag.py:3834} INFO - Setting next_dagrun for example_trigger_controller_dag to 2021-01-01 00:00:00+00:00, run_after=2021-01-01 00:00:00+00:00
[2024-03-18T08:12:24.963+0000] {processor.py:183} INFO - Processing /home/ubuntu/air_venv/lib/python3.10/site-packages/airflow/example_dags/example_trigger_controller_dag.py took 0.079 seconds
[2024-03-18T08:13:10.117+0000] {processor.py:161} INFO - Started process (PID=9395) to work on /home/ubuntu/air_venv/lib/python3.10/site-packages/airflow/example_dags/example_trigger_controller_dag.py
[2024-03-18T08:13:10.119+0000] {processor.py:830} INFO - Processing file /home/ubuntu/air_venv/lib/python3.10/site-packages/airflow/example_dags/example_trigger_controller_dag.py for tasks to queue
[2024-03-18T08:13:10.120+0000] {logging_mixin.py:188} INFO - [2024-03-18T08:13:10.120+0000] {dagbag.py:540} INFO - Filling up the DagBag from /home/ubuntu/air_venv/lib/python3.10/site-packages/airflow/example_dags/example_trigger_controller_dag.py
[2024-03-18T08:13:10.127+0000] {processor.py:840} INFO - DAG(s) 'example_trigger_controller_dag' retrieved from /home/ubuntu/air_venv/lib/python3.10/site-packages/airflow/example_dags/example_trigger_controller_dag.py
[2024-03-18T08:13:10.145+0000] {logging_mixin.py:188} INFO - [2024-03-18T08:13:10.144+0000] {dag.py:3047} INFO - Sync 1 DAGs
[2024-03-18T08:13:10.168+0000] {logging_mixin.py:188} INFO - [2024-03-18T08:13:10.167+0000] {dag.py:3834} INFO - Setting next_dagrun for example_trigger_controller_dag to 2021-01-01 00:00:00+00:00, run_after=2021-01-01 00:00:00+00:00
[2024-03-18T08:13:10.195+0000] {processor.py:183} INFO - Processing /home/ubuntu/air_venv/lib/python3.10/site-packages/airflow/example_dags/example_trigger_controller_dag.py took 0.081 seconds
[2024-03-18T08:13:51.956+0000] {processor.py:161} INFO - Started process (PID=9620) to work on /home/ubuntu/air_venv/lib/python3.10/site-packages/airflow/example_dags/example_trigger_controller_dag.py
[2024-03-18T08:13:51.958+0000] {processor.py:830} INFO - Processing file /home/ubuntu/air_venv/lib/python3.10/site-packages/airflow/example_dags/example_trigger_controller_dag.py for tasks to queue
[2024-03-18T08:13:51.959+0000] {logging_mixin.py:188} INFO - [2024-03-18T08:13:51.958+0000] {dagbag.py:540} INFO - Filling up the DagBag from /home/ubuntu/air_venv/lib/python3.10/site-packages/airflow/example_dags/example_trigger_controller_dag.py
[2024-03-18T08:13:51.965+0000] {processor.py:840} INFO - DAG(s) 'example_trigger_controller_dag' retrieved from /home/ubuntu/air_venv/lib/python3.10/site-packages/airflow/example_dags/example_trigger_controller_dag.py
[2024-03-18T08:13:51.983+0000] {logging_mixin.py:188} INFO - [2024-03-18T08:13:51.983+0000] {dag.py:3047} INFO - Sync 1 DAGs
[2024-03-18T08:13:52.007+0000] {logging_mixin.py:188} INFO - [2024-03-18T08:13:52.006+0000] {dag.py:3834} INFO - Setting next_dagrun for example_trigger_controller_dag to 2021-01-01 00:00:00+00:00, run_after=2021-01-01 00:00:00+00:00
[2024-03-18T08:13:52.032+0000] {processor.py:183} INFO - Processing /home/ubuntu/air_venv/lib/python3.10/site-packages/airflow/example_dags/example_trigger_controller_dag.py took 0.079 seconds
[2024-03-18T08:14:57.464+0000] {processor.py:161} INFO - Started process (PID=10231) to work on /home/ubuntu/air_venv/lib/python3.10/site-packages/airflow/example_dags/example_trigger_controller_dag.py
[2024-03-18T08:14:57.466+0000] {processor.py:830} INFO - Processing file /home/ubuntu/air_venv/lib/python3.10/site-packages/airflow/example_dags/example_trigger_controller_dag.py for tasks to queue
[2024-03-18T08:14:57.467+0000] {logging_mixin.py:188} INFO - [2024-03-18T08:14:57.466+0000] {dagbag.py:540} INFO - Filling up the DagBag from /home/ubuntu/air_venv/lib/python3.10/site-packages/airflow/example_dags/example_trigger_controller_dag.py
[2024-03-18T08:14:57.474+0000] {processor.py:840} INFO - DAG(s) 'example_trigger_controller_dag' retrieved from /home/ubuntu/air_venv/lib/python3.10/site-packages/airflow/example_dags/example_trigger_controller_dag.py
[2024-03-18T08:14:57.491+0000] {logging_mixin.py:188} INFO - [2024-03-18T08:14:57.491+0000] {dag.py:3047} INFO - Sync 1 DAGs
[2024-03-18T08:14:57.514+0000] {logging_mixin.py:188} INFO - [2024-03-18T08:14:57.513+0000] {dag.py:3834} INFO - Setting next_dagrun for example_trigger_controller_dag to 2021-01-01 00:00:00+00:00, run_after=2021-01-01 00:00:00+00:00
[2024-03-18T08:14:57.538+0000] {processor.py:183} INFO - Processing /home/ubuntu/air_venv/lib/python3.10/site-packages/airflow/example_dags/example_trigger_controller_dag.py took 0.077 seconds
[2024-03-18T08:15:53.876+0000] {processor.py:161} INFO - Started process (PID=10776) to work on /home/ubuntu/air_venv/lib/python3.10/site-packages/airflow/example_dags/example_trigger_controller_dag.py
[2024-03-18T08:15:53.878+0000] {processor.py:830} INFO - Processing file /home/ubuntu/air_venv/lib/python3.10/site-packages/airflow/example_dags/example_trigger_controller_dag.py for tasks to queue
[2024-03-18T08:15:53.879+0000] {logging_mixin.py:188} INFO - [2024-03-18T08:15:53.879+0000] {dagbag.py:540} INFO - Filling up the DagBag from /home/ubuntu/air_venv/lib/python3.10/site-packages/airflow/example_dags/example_trigger_controller_dag.py
[2024-03-18T08:15:53.889+0000] {processor.py:840} INFO - DAG(s) 'example_trigger_controller_dag' retrieved from /home/ubuntu/air_venv/lib/python3.10/site-packages/airflow/example_dags/example_trigger_controller_dag.py
[2024-03-18T08:15:53.915+0000] {logging_mixin.py:188} INFO - [2024-03-18T08:15:53.914+0000] {dag.py:3047} INFO - Sync 1 DAGs
[2024-03-18T08:15:53.947+0000] {logging_mixin.py:188} INFO - [2024-03-18T08:15:53.946+0000] {dag.py:3834} INFO - Setting next_dagrun for example_trigger_controller_dag to 2021-01-01 00:00:00+00:00, run_after=2021-01-01 00:00:00+00:00
[2024-03-18T08:15:53.971+0000] {processor.py:183} INFO - Processing /home/ubuntu/air_venv/lib/python3.10/site-packages/airflow/example_dags/example_trigger_controller_dag.py took 0.101 seconds
[2024-03-18T08:16:43.483+0000] {processor.py:161} INFO - Started process (PID=11353) to work on /home/ubuntu/air_venv/lib/python3.10/site-packages/airflow/example_dags/example_trigger_controller_dag.py
[2024-03-18T08:16:43.485+0000] {processor.py:830} INFO - Processing file /home/ubuntu/air_venv/lib/python3.10/site-packages/airflow/example_dags/example_trigger_controller_dag.py for tasks to queue
[2024-03-18T08:16:43.486+0000] {logging_mixin.py:188} INFO - [2024-03-18T08:16:43.486+0000] {dagbag.py:540} INFO - Filling up the DagBag from /home/ubuntu/air_venv/lib/python3.10/site-packages/airflow/example_dags/example_trigger_controller_dag.py
[2024-03-18T08:16:43.493+0000] {processor.py:840} INFO - DAG(s) 'example_trigger_controller_dag' retrieved from /home/ubuntu/air_venv/lib/python3.10/site-packages/airflow/example_dags/example_trigger_controller_dag.py
[2024-03-18T08:16:43.511+0000] {logging_mixin.py:188} INFO - [2024-03-18T08:16:43.510+0000] {dag.py:3047} INFO - Sync 1 DAGs
[2024-03-18T08:16:43.533+0000] {logging_mixin.py:188} INFO - [2024-03-18T08:16:43.533+0000] {dag.py:3834} INFO - Setting next_dagrun for example_trigger_controller_dag to 2021-01-01 00:00:00+00:00, run_after=2021-01-01 00:00:00+00:00
[2024-03-18T08:16:43.557+0000] {processor.py:183} INFO - Processing /home/ubuntu/air_venv/lib/python3.10/site-packages/airflow/example_dags/example_trigger_controller_dag.py took 0.077 seconds
[2024-03-18T08:17:27.079+0000] {processor.py:161} INFO - Started process (PID=11938) to work on /home/ubuntu/air_venv/lib/python3.10/site-packages/airflow/example_dags/example_trigger_controller_dag.py
[2024-03-18T08:17:27.081+0000] {processor.py:830} INFO - Processing file /home/ubuntu/air_venv/lib/python3.10/site-packages/airflow/example_dags/example_trigger_controller_dag.py for tasks to queue
[2024-03-18T08:17:27.081+0000] {logging_mixin.py:188} INFO - [2024-03-18T08:17:27.081+0000] {dagbag.py:540} INFO - Filling up the DagBag from /home/ubuntu/air_venv/lib/python3.10/site-packages/airflow/example_dags/example_trigger_controller_dag.py
[2024-03-18T08:17:27.092+0000] {processor.py:840} INFO - DAG(s) 'example_trigger_controller_dag' retrieved from /home/ubuntu/air_venv/lib/python3.10/site-packages/airflow/example_dags/example_trigger_controller_dag.py
[2024-03-18T08:17:27.134+0000] {logging_mixin.py:188} INFO - [2024-03-18T08:17:27.134+0000] {dag.py:3047} INFO - Sync 1 DAGs
[2024-03-18T08:17:27.157+0000] {logging_mixin.py:188} INFO - [2024-03-18T08:17:27.157+0000] {dag.py:3834} INFO - Setting next_dagrun for example_trigger_controller_dag to 2021-01-01 00:00:00+00:00, run_after=2021-01-01 00:00:00+00:00
[2024-03-18T08:17:27.185+0000] {processor.py:183} INFO - Processing /home/ubuntu/air_venv/lib/python3.10/site-packages/airflow/example_dags/example_trigger_controller_dag.py took 0.117 seconds
[2024-03-18T08:18:14.146+0000] {processor.py:161} INFO - Started process (PID=12466) to work on /home/ubuntu/air_venv/lib/python3.10/site-packages/airflow/example_dags/example_trigger_controller_dag.py
[2024-03-18T08:18:14.148+0000] {processor.py:830} INFO - Processing file /home/ubuntu/air_venv/lib/python3.10/site-packages/airflow/example_dags/example_trigger_controller_dag.py for tasks to queue
[2024-03-18T08:18:14.149+0000] {logging_mixin.py:188} INFO - [2024-03-18T08:18:14.149+0000] {dagbag.py:540} INFO - Filling up the DagBag from /home/ubuntu/air_venv/lib/python3.10/site-packages/airflow/example_dags/example_trigger_controller_dag.py
[2024-03-18T08:18:14.156+0000] {processor.py:840} INFO - DAG(s) 'example_trigger_controller_dag' retrieved from /home/ubuntu/air_venv/lib/python3.10/site-packages/airflow/example_dags/example_trigger_controller_dag.py
[2024-03-18T08:18:14.180+0000] {logging_mixin.py:188} INFO - [2024-03-18T08:18:14.179+0000] {dag.py:3047} INFO - Sync 1 DAGs
[2024-03-18T08:18:14.204+0000] {logging_mixin.py:188} INFO - [2024-03-18T08:18:14.204+0000] {dag.py:3834} INFO - Setting next_dagrun for example_trigger_controller_dag to 2021-01-01 00:00:00+00:00, run_after=2021-01-01 00:00:00+00:00
[2024-03-18T08:18:14.232+0000] {processor.py:183} INFO - Processing /home/ubuntu/air_venv/lib/python3.10/site-packages/airflow/example_dags/example_trigger_controller_dag.py took 0.090 seconds
[2024-03-18T08:19:06.913+0000] {processor.py:161} INFO - Started process (PID=12636) to work on /home/ubuntu/air_venv/lib/python3.10/site-packages/airflow/example_dags/example_trigger_controller_dag.py
[2024-03-18T08:19:06.915+0000] {processor.py:830} INFO - Processing file /home/ubuntu/air_venv/lib/python3.10/site-packages/airflow/example_dags/example_trigger_controller_dag.py for tasks to queue
[2024-03-18T08:19:06.916+0000] {logging_mixin.py:188} INFO - [2024-03-18T08:19:06.916+0000] {dagbag.py:540} INFO - Filling up the DagBag from /home/ubuntu/air_venv/lib/python3.10/site-packages/airflow/example_dags/example_trigger_controller_dag.py
[2024-03-18T08:19:06.922+0000] {processor.py:840} INFO - DAG(s) 'example_trigger_controller_dag' retrieved from /home/ubuntu/air_venv/lib/python3.10/site-packages/airflow/example_dags/example_trigger_controller_dag.py
[2024-03-18T08:19:06.940+0000] {logging_mixin.py:188} INFO - [2024-03-18T08:19:06.940+0000] {dag.py:3047} INFO - Sync 1 DAGs
[2024-03-18T08:19:06.963+0000] {logging_mixin.py:188} INFO - [2024-03-18T08:19:06.963+0000] {dag.py:3834} INFO - Setting next_dagrun for example_trigger_controller_dag to 2021-01-01 00:00:00+00:00, run_after=2021-01-01 00:00:00+00:00
[2024-03-18T08:19:06.989+0000] {processor.py:183} INFO - Processing /home/ubuntu/air_venv/lib/python3.10/site-packages/airflow/example_dags/example_trigger_controller_dag.py took 0.079 seconds
[2024-03-18T08:20:00.286+0000] {processor.py:161} INFO - Started process (PID=13110) to work on /home/ubuntu/air_venv/lib/python3.10/site-packages/airflow/example_dags/example_trigger_controller_dag.py
[2024-03-18T08:20:00.287+0000] {processor.py:830} INFO - Processing file /home/ubuntu/air_venv/lib/python3.10/site-packages/airflow/example_dags/example_trigger_controller_dag.py for tasks to queue
[2024-03-18T08:20:00.289+0000] {logging_mixin.py:188} INFO - [2024-03-18T08:20:00.288+0000] {dagbag.py:540} INFO - Filling up the DagBag from /home/ubuntu/air_venv/lib/python3.10/site-packages/airflow/example_dags/example_trigger_controller_dag.py
[2024-03-18T08:20:00.295+0000] {processor.py:840} INFO - DAG(s) 'example_trigger_controller_dag' retrieved from /home/ubuntu/air_venv/lib/python3.10/site-packages/airflow/example_dags/example_trigger_controller_dag.py
[2024-03-18T08:20:00.313+0000] {logging_mixin.py:188} INFO - [2024-03-18T08:20:00.313+0000] {dag.py:3047} INFO - Sync 1 DAGs
[2024-03-18T08:20:00.336+0000] {logging_mixin.py:188} INFO - [2024-03-18T08:20:00.336+0000] {dag.py:3834} INFO - Setting next_dagrun for example_trigger_controller_dag to 2021-01-01 00:00:00+00:00, run_after=2021-01-01 00:00:00+00:00
[2024-03-18T08:20:00.363+0000] {processor.py:183} INFO - Processing /home/ubuntu/air_venv/lib/python3.10/site-packages/airflow/example_dags/example_trigger_controller_dag.py took 0.082 seconds
[2024-03-18T08:20:57.574+0000] {processor.py:161} INFO - Started process (PID=13404) to work on /home/ubuntu/air_venv/lib/python3.10/site-packages/airflow/example_dags/example_trigger_controller_dag.py
[2024-03-18T08:20:57.575+0000] {processor.py:830} INFO - Processing file /home/ubuntu/air_venv/lib/python3.10/site-packages/airflow/example_dags/example_trigger_controller_dag.py for tasks to queue
[2024-03-18T08:20:57.577+0000] {logging_mixin.py:188} INFO - [2024-03-18T08:20:57.576+0000] {dagbag.py:540} INFO - Filling up the DagBag from /home/ubuntu/air_venv/lib/python3.10/site-packages/airflow/example_dags/example_trigger_controller_dag.py
[2024-03-18T08:20:57.583+0000] {processor.py:840} INFO - DAG(s) 'example_trigger_controller_dag' retrieved from /home/ubuntu/air_venv/lib/python3.10/site-packages/airflow/example_dags/example_trigger_controller_dag.py
[2024-03-18T08:20:57.600+0000] {logging_mixin.py:188} INFO - [2024-03-18T08:20:57.600+0000] {dag.py:3047} INFO - Sync 1 DAGs
[2024-03-18T08:20:57.620+0000] {logging_mixin.py:188} INFO - [2024-03-18T08:20:57.620+0000] {dag.py:3834} INFO - Setting next_dagrun for example_trigger_controller_dag to 2021-01-01 00:00:00+00:00, run_after=2021-01-01 00:00:00+00:00
[2024-03-18T08:20:57.645+0000] {processor.py:183} INFO - Processing /home/ubuntu/air_venv/lib/python3.10/site-packages/airflow/example_dags/example_trigger_controller_dag.py took 0.075 seconds
[2024-03-18T08:21:55.038+0000] {processor.py:161} INFO - Started process (PID=13758) to work on /home/ubuntu/air_venv/lib/python3.10/site-packages/airflow/example_dags/example_trigger_controller_dag.py
[2024-03-18T08:21:55.040+0000] {processor.py:830} INFO - Processing file /home/ubuntu/air_venv/lib/python3.10/site-packages/airflow/example_dags/example_trigger_controller_dag.py for tasks to queue
[2024-03-18T08:21:55.041+0000] {logging_mixin.py:188} INFO - [2024-03-18T08:21:55.041+0000] {dagbag.py:540} INFO - Filling up the DagBag from /home/ubuntu/air_venv/lib/python3.10/site-packages/airflow/example_dags/example_trigger_controller_dag.py
[2024-03-18T08:21:55.047+0000] {processor.py:840} INFO - DAG(s) 'example_trigger_controller_dag' retrieved from /home/ubuntu/air_venv/lib/python3.10/site-packages/airflow/example_dags/example_trigger_controller_dag.py
[2024-03-18T08:21:55.065+0000] {logging_mixin.py:188} INFO - [2024-03-18T08:21:55.065+0000] {dag.py:3047} INFO - Sync 1 DAGs
[2024-03-18T08:21:55.087+0000] {logging_mixin.py:188} INFO - [2024-03-18T08:21:55.087+0000] {dag.py:3834} INFO - Setting next_dagrun for example_trigger_controller_dag to 2021-01-01 00:00:00+00:00, run_after=2021-01-01 00:00:00+00:00
[2024-03-18T08:21:55.112+0000] {processor.py:183} INFO - Processing /home/ubuntu/air_venv/lib/python3.10/site-packages/airflow/example_dags/example_trigger_controller_dag.py took 0.077 seconds
[2024-03-18T08:22:33.875+0000] {processor.py:161} INFO - Started process (PID=13920) to work on /home/ubuntu/air_venv/lib/python3.10/site-packages/airflow/example_dags/example_trigger_controller_dag.py
[2024-03-18T08:22:33.877+0000] {processor.py:830} INFO - Processing file /home/ubuntu/air_venv/lib/python3.10/site-packages/airflow/example_dags/example_trigger_controller_dag.py for tasks to queue
[2024-03-18T08:22:33.878+0000] {logging_mixin.py:188} INFO - [2024-03-18T08:22:33.878+0000] {dagbag.py:540} INFO - Filling up the DagBag from /home/ubuntu/air_venv/lib/python3.10/site-packages/airflow/example_dags/example_trigger_controller_dag.py
[2024-03-18T08:22:33.885+0000] {processor.py:840} INFO - DAG(s) 'example_trigger_controller_dag' retrieved from /home/ubuntu/air_venv/lib/python3.10/site-packages/airflow/example_dags/example_trigger_controller_dag.py
[2024-03-18T08:22:33.902+0000] {logging_mixin.py:188} INFO - [2024-03-18T08:22:33.902+0000] {dag.py:3047} INFO - Sync 1 DAGs
[2024-03-18T08:22:33.923+0000] {logging_mixin.py:188} INFO - [2024-03-18T08:22:33.923+0000] {dag.py:3834} INFO - Setting next_dagrun for example_trigger_controller_dag to 2021-01-01 00:00:00+00:00, run_after=2021-01-01 00:00:00+00:00
[2024-03-18T08:22:33.948+0000] {processor.py:183} INFO - Processing /home/ubuntu/air_venv/lib/python3.10/site-packages/airflow/example_dags/example_trigger_controller_dag.py took 0.077 seconds
[2024-03-18T08:23:11.671+0000] {processor.py:161} INFO - Started process (PID=14340) to work on /home/ubuntu/air_venv/lib/python3.10/site-packages/airflow/example_dags/example_trigger_controller_dag.py
[2024-03-18T08:23:11.673+0000] {processor.py:830} INFO - Processing file /home/ubuntu/air_venv/lib/python3.10/site-packages/airflow/example_dags/example_trigger_controller_dag.py for tasks to queue
[2024-03-18T08:23:11.674+0000] {logging_mixin.py:188} INFO - [2024-03-18T08:23:11.674+0000] {dagbag.py:540} INFO - Filling up the DagBag from /home/ubuntu/air_venv/lib/python3.10/site-packages/airflow/example_dags/example_trigger_controller_dag.py
[2024-03-18T08:23:11.680+0000] {processor.py:840} INFO - DAG(s) 'example_trigger_controller_dag' retrieved from /home/ubuntu/air_venv/lib/python3.10/site-packages/airflow/example_dags/example_trigger_controller_dag.py
[2024-03-18T08:23:11.698+0000] {logging_mixin.py:188} INFO - [2024-03-18T08:23:11.697+0000] {dag.py:3047} INFO - Sync 1 DAGs
[2024-03-18T08:23:11.720+0000] {logging_mixin.py:188} INFO - [2024-03-18T08:23:11.720+0000] {dag.py:3834} INFO - Setting next_dagrun for example_trigger_controller_dag to 2021-01-01 00:00:00+00:00, run_after=2021-01-01 00:00:00+00:00
[2024-03-18T08:23:11.746+0000] {processor.py:183} INFO - Processing /home/ubuntu/air_venv/lib/python3.10/site-packages/airflow/example_dags/example_trigger_controller_dag.py took 0.078 seconds
[2024-03-18T08:23:52.077+0000] {processor.py:161} INFO - Started process (PID=14620) to work on /home/ubuntu/air_venv/lib/python3.10/site-packages/airflow/example_dags/example_trigger_controller_dag.py
[2024-03-18T08:23:52.079+0000] {processor.py:830} INFO - Processing file /home/ubuntu/air_venv/lib/python3.10/site-packages/airflow/example_dags/example_trigger_controller_dag.py for tasks to queue
[2024-03-18T08:23:52.080+0000] {logging_mixin.py:188} INFO - [2024-03-18T08:23:52.079+0000] {dagbag.py:540} INFO - Filling up the DagBag from /home/ubuntu/air_venv/lib/python3.10/site-packages/airflow/example_dags/example_trigger_controller_dag.py
[2024-03-18T08:23:52.086+0000] {processor.py:840} INFO - DAG(s) 'example_trigger_controller_dag' retrieved from /home/ubuntu/air_venv/lib/python3.10/site-packages/airflow/example_dags/example_trigger_controller_dag.py
[2024-03-18T08:23:52.103+0000] {logging_mixin.py:188} INFO - [2024-03-18T08:23:52.102+0000] {dag.py:3047} INFO - Sync 1 DAGs
[2024-03-18T08:23:52.124+0000] {logging_mixin.py:188} INFO - [2024-03-18T08:23:52.123+0000] {dag.py:3834} INFO - Setting next_dagrun for example_trigger_controller_dag to 2021-01-01 00:00:00+00:00, run_after=2021-01-01 00:00:00+00:00
[2024-03-18T08:23:52.148+0000] {processor.py:183} INFO - Processing /home/ubuntu/air_venv/lib/python3.10/site-packages/airflow/example_dags/example_trigger_controller_dag.py took 0.074 seconds
[2024-03-18T08:24:30.974+0000] {processor.py:161} INFO - Started process (PID=14928) to work on /home/ubuntu/air_venv/lib/python3.10/site-packages/airflow/example_dags/example_trigger_controller_dag.py
[2024-03-18T08:24:30.976+0000] {processor.py:830} INFO - Processing file /home/ubuntu/air_venv/lib/python3.10/site-packages/airflow/example_dags/example_trigger_controller_dag.py for tasks to queue
[2024-03-18T08:24:30.977+0000] {logging_mixin.py:188} INFO - [2024-03-18T08:24:30.977+0000] {dagbag.py:540} INFO - Filling up the DagBag from /home/ubuntu/air_venv/lib/python3.10/site-packages/airflow/example_dags/example_trigger_controller_dag.py
[2024-03-18T08:24:30.983+0000] {processor.py:840} INFO - DAG(s) 'example_trigger_controller_dag' retrieved from /home/ubuntu/air_venv/lib/python3.10/site-packages/airflow/example_dags/example_trigger_controller_dag.py
[2024-03-18T08:24:31.001+0000] {logging_mixin.py:188} INFO - [2024-03-18T08:24:31.000+0000] {dag.py:3047} INFO - Sync 1 DAGs
[2024-03-18T08:24:31.030+0000] {logging_mixin.py:188} INFO - [2024-03-18T08:24:31.030+0000] {dag.py:3834} INFO - Setting next_dagrun for example_trigger_controller_dag to 2021-01-01 00:00:00+00:00, run_after=2021-01-01 00:00:00+00:00
[2024-03-18T08:24:31.057+0000] {processor.py:183} INFO - Processing /home/ubuntu/air_venv/lib/python3.10/site-packages/airflow/example_dags/example_trigger_controller_dag.py took 0.086 seconds
[2024-03-18T08:25:11.753+0000] {processor.py:161} INFO - Started process (PID=15271) to work on /home/ubuntu/air_venv/lib/python3.10/site-packages/airflow/example_dags/example_trigger_controller_dag.py
[2024-03-18T08:25:11.754+0000] {processor.py:830} INFO - Processing file /home/ubuntu/air_venv/lib/python3.10/site-packages/airflow/example_dags/example_trigger_controller_dag.py for tasks to queue
[2024-03-18T08:25:11.756+0000] {logging_mixin.py:188} INFO - [2024-03-18T08:25:11.755+0000] {dagbag.py:540} INFO - Filling up the DagBag from /home/ubuntu/air_venv/lib/python3.10/site-packages/airflow/example_dags/example_trigger_controller_dag.py
[2024-03-18T08:25:11.762+0000] {processor.py:840} INFO - DAG(s) 'example_trigger_controller_dag' retrieved from /home/ubuntu/air_venv/lib/python3.10/site-packages/airflow/example_dags/example_trigger_controller_dag.py
[2024-03-18T08:25:11.782+0000] {logging_mixin.py:188} INFO - [2024-03-18T08:25:11.781+0000] {dag.py:3047} INFO - Sync 1 DAGs
[2024-03-18T08:25:11.804+0000] {logging_mixin.py:188} INFO - [2024-03-18T08:25:11.803+0000] {dag.py:3834} INFO - Setting next_dagrun for example_trigger_controller_dag to 2021-01-01 00:00:00+00:00, run_after=2021-01-01 00:00:00+00:00
[2024-03-18T08:25:11.830+0000] {processor.py:183} INFO - Processing /home/ubuntu/air_venv/lib/python3.10/site-packages/airflow/example_dags/example_trigger_controller_dag.py took 0.081 seconds
[2024-03-18T08:25:54.421+0000] {processor.py:161} INFO - Started process (PID=15374) to work on /home/ubuntu/air_venv/lib/python3.10/site-packages/airflow/example_dags/example_trigger_controller_dag.py
[2024-03-18T08:25:54.423+0000] {processor.py:830} INFO - Processing file /home/ubuntu/air_venv/lib/python3.10/site-packages/airflow/example_dags/example_trigger_controller_dag.py for tasks to queue
[2024-03-18T08:25:54.424+0000] {logging_mixin.py:188} INFO - [2024-03-18T08:25:54.423+0000] {dagbag.py:540} INFO - Filling up the DagBag from /home/ubuntu/air_venv/lib/python3.10/site-packages/airflow/example_dags/example_trigger_controller_dag.py
[2024-03-18T08:25:54.431+0000] {processor.py:840} INFO - DAG(s) 'example_trigger_controller_dag' retrieved from /home/ubuntu/air_venv/lib/python3.10/site-packages/airflow/example_dags/example_trigger_controller_dag.py
[2024-03-18T08:25:54.448+0000] {logging_mixin.py:188} INFO - [2024-03-18T08:25:54.448+0000] {dag.py:3047} INFO - Sync 1 DAGs
[2024-03-18T08:25:54.469+0000] {logging_mixin.py:188} INFO - [2024-03-18T08:25:54.469+0000] {dag.py:3834} INFO - Setting next_dagrun for example_trigger_controller_dag to 2021-01-01 00:00:00+00:00, run_after=2021-01-01 00:00:00+00:00
[2024-03-18T08:25:54.493+0000] {processor.py:183} INFO - Processing /home/ubuntu/air_venv/lib/python3.10/site-packages/airflow/example_dags/example_trigger_controller_dag.py took 0.076 seconds
[2024-03-18T08:26:35.014+0000] {processor.py:161} INFO - Started process (PID=15413) to work on /home/ubuntu/air_venv/lib/python3.10/site-packages/airflow/example_dags/example_trigger_controller_dag.py
[2024-03-18T08:26:35.016+0000] {processor.py:830} INFO - Processing file /home/ubuntu/air_venv/lib/python3.10/site-packages/airflow/example_dags/example_trigger_controller_dag.py for tasks to queue
[2024-03-18T08:26:35.017+0000] {logging_mixin.py:188} INFO - [2024-03-18T08:26:35.017+0000] {dagbag.py:540} INFO - Filling up the DagBag from /home/ubuntu/air_venv/lib/python3.10/site-packages/airflow/example_dags/example_trigger_controller_dag.py
[2024-03-18T08:26:35.023+0000] {processor.py:840} INFO - DAG(s) 'example_trigger_controller_dag' retrieved from /home/ubuntu/air_venv/lib/python3.10/site-packages/airflow/example_dags/example_trigger_controller_dag.py
[2024-03-18T08:26:35.041+0000] {logging_mixin.py:188} INFO - [2024-03-18T08:26:35.041+0000] {dag.py:3047} INFO - Sync 1 DAGs
[2024-03-18T08:26:35.065+0000] {logging_mixin.py:188} INFO - [2024-03-18T08:26:35.065+0000] {dag.py:3834} INFO - Setting next_dagrun for example_trigger_controller_dag to 2021-01-01 00:00:00+00:00, run_after=2021-01-01 00:00:00+00:00
[2024-03-18T08:26:35.092+0000] {processor.py:183} INFO - Processing /home/ubuntu/air_venv/lib/python3.10/site-packages/airflow/example_dags/example_trigger_controller_dag.py took 0.081 seconds
[2024-03-18T08:27:15.884+0000] {processor.py:161} INFO - Started process (PID=15513) to work on /home/ubuntu/air_venv/lib/python3.10/site-packages/airflow/example_dags/example_trigger_controller_dag.py
[2024-03-18T08:27:15.886+0000] {processor.py:830} INFO - Processing file /home/ubuntu/air_venv/lib/python3.10/site-packages/airflow/example_dags/example_trigger_controller_dag.py for tasks to queue
[2024-03-18T08:27:15.888+0000] {logging_mixin.py:188} INFO - [2024-03-18T08:27:15.888+0000] {dagbag.py:540} INFO - Filling up the DagBag from /home/ubuntu/air_venv/lib/python3.10/site-packages/airflow/example_dags/example_trigger_controller_dag.py
[2024-03-18T08:27:15.894+0000] {processor.py:840} INFO - DAG(s) 'example_trigger_controller_dag' retrieved from /home/ubuntu/air_venv/lib/python3.10/site-packages/airflow/example_dags/example_trigger_controller_dag.py
[2024-03-18T08:27:15.912+0000] {logging_mixin.py:188} INFO - [2024-03-18T08:27:15.911+0000] {dag.py:3047} INFO - Sync 1 DAGs
[2024-03-18T08:27:15.933+0000] {logging_mixin.py:188} INFO - [2024-03-18T08:27:15.932+0000] {dag.py:3834} INFO - Setting next_dagrun for example_trigger_controller_dag to 2021-01-01 00:00:00+00:00, run_after=2021-01-01 00:00:00+00:00
[2024-03-18T08:27:15.963+0000] {processor.py:183} INFO - Processing /home/ubuntu/air_venv/lib/python3.10/site-packages/airflow/example_dags/example_trigger_controller_dag.py took 0.082 seconds
[2024-03-18T08:27:57.584+0000] {processor.py:161} INFO - Started process (PID=15615) to work on /home/ubuntu/air_venv/lib/python3.10/site-packages/airflow/example_dags/example_trigger_controller_dag.py
[2024-03-18T08:27:57.585+0000] {processor.py:830} INFO - Processing file /home/ubuntu/air_venv/lib/python3.10/site-packages/airflow/example_dags/example_trigger_controller_dag.py for tasks to queue
[2024-03-18T08:27:57.586+0000] {logging_mixin.py:188} INFO - [2024-03-18T08:27:57.586+0000] {dagbag.py:540} INFO - Filling up the DagBag from /home/ubuntu/air_venv/lib/python3.10/site-packages/airflow/example_dags/example_trigger_controller_dag.py
[2024-03-18T08:27:57.593+0000] {processor.py:840} INFO - DAG(s) 'example_trigger_controller_dag' retrieved from /home/ubuntu/air_venv/lib/python3.10/site-packages/airflow/example_dags/example_trigger_controller_dag.py
[2024-03-18T08:27:57.610+0000] {logging_mixin.py:188} INFO - [2024-03-18T08:27:57.609+0000] {dag.py:3047} INFO - Sync 1 DAGs
[2024-03-18T08:27:57.631+0000] {logging_mixin.py:188} INFO - [2024-03-18T08:27:57.631+0000] {dag.py:3834} INFO - Setting next_dagrun for example_trigger_controller_dag to 2021-01-01 00:00:00+00:00, run_after=2021-01-01 00:00:00+00:00
[2024-03-18T08:27:57.657+0000] {processor.py:183} INFO - Processing /home/ubuntu/air_venv/lib/python3.10/site-packages/airflow/example_dags/example_trigger_controller_dag.py took 0.077 seconds
[2024-03-18T08:28:41.025+0000] {processor.py:161} INFO - Started process (PID=15707) to work on /home/ubuntu/air_venv/lib/python3.10/site-packages/airflow/example_dags/example_trigger_controller_dag.py
[2024-03-18T08:28:41.027+0000] {processor.py:830} INFO - Processing file /home/ubuntu/air_venv/lib/python3.10/site-packages/airflow/example_dags/example_trigger_controller_dag.py for tasks to queue
[2024-03-18T08:28:41.028+0000] {logging_mixin.py:188} INFO - [2024-03-18T08:28:41.028+0000] {dagbag.py:540} INFO - Filling up the DagBag from /home/ubuntu/air_venv/lib/python3.10/site-packages/airflow/example_dags/example_trigger_controller_dag.py
[2024-03-18T08:28:41.036+0000] {processor.py:840} INFO - DAG(s) 'example_trigger_controller_dag' retrieved from /home/ubuntu/air_venv/lib/python3.10/site-packages/airflow/example_dags/example_trigger_controller_dag.py
[2024-03-18T08:28:41.058+0000] {logging_mixin.py:188} INFO - [2024-03-18T08:28:41.058+0000] {dag.py:3047} INFO - Sync 1 DAGs
[2024-03-18T08:28:41.079+0000] {logging_mixin.py:188} INFO - [2024-03-18T08:28:41.079+0000] {dag.py:3834} INFO - Setting next_dagrun for example_trigger_controller_dag to 2021-01-01 00:00:00+00:00, run_after=2021-01-01 00:00:00+00:00
[2024-03-18T08:28:41.103+0000] {processor.py:183} INFO - Processing /home/ubuntu/air_venv/lib/python3.10/site-packages/airflow/example_dags/example_trigger_controller_dag.py took 0.083 seconds
[2024-03-18T08:29:24.461+0000] {processor.py:161} INFO - Started process (PID=15757) to work on /home/ubuntu/air_venv/lib/python3.10/site-packages/airflow/example_dags/example_trigger_controller_dag.py
[2024-03-18T08:29:24.467+0000] {processor.py:830} INFO - Processing file /home/ubuntu/air_venv/lib/python3.10/site-packages/airflow/example_dags/example_trigger_controller_dag.py for tasks to queue
[2024-03-18T08:29:24.468+0000] {logging_mixin.py:188} INFO - [2024-03-18T08:29:24.468+0000] {dagbag.py:540} INFO - Filling up the DagBag from /home/ubuntu/air_venv/lib/python3.10/site-packages/airflow/example_dags/example_trigger_controller_dag.py
[2024-03-18T08:29:24.479+0000] {processor.py:840} INFO - DAG(s) 'example_trigger_controller_dag' retrieved from /home/ubuntu/air_venv/lib/python3.10/site-packages/airflow/example_dags/example_trigger_controller_dag.py
[2024-03-18T08:29:24.497+0000] {logging_mixin.py:188} INFO - [2024-03-18T08:29:24.496+0000] {dag.py:3047} INFO - Sync 1 DAGs
[2024-03-18T08:29:24.519+0000] {logging_mixin.py:188} INFO - [2024-03-18T08:29:24.518+0000] {dag.py:3834} INFO - Setting next_dagrun for example_trigger_controller_dag to 2021-01-01 00:00:00+00:00, run_after=2021-01-01 00:00:00+00:00
[2024-03-18T08:29:24.548+0000] {processor.py:183} INFO - Processing /home/ubuntu/air_venv/lib/python3.10/site-packages/airflow/example_dags/example_trigger_controller_dag.py took 0.095 seconds
