[2024-03-18T08:00:41.807+0000] {processor.py:161} INFO - Started process (PID=3211) to work on /home/ubuntu/air_venv/lib/python3.10/site-packages/airflow/example_dags/example_branch_day_of_week_operator.py
[2024-03-18T08:00:41.808+0000] {processor.py:830} INFO - Processing file /home/ubuntu/air_venv/lib/python3.10/site-packages/airflow/example_dags/example_branch_day_of_week_operator.py for tasks to queue
[2024-03-18T08:00:41.809+0000] {logging_mixin.py:188} INFO - [2024-03-18T08:00:41.809+0000] {dagbag.py:540} INFO - Filling up the DagBag from /home/ubuntu/air_venv/lib/python3.10/site-packages/airflow/example_dags/example_branch_day_of_week_operator.py
[2024-03-18T08:00:41.819+0000] {processor.py:840} INFO - DAG(s) 'example_weekday_branch_operator' retrieved from /home/ubuntu/air_venv/lib/python3.10/site-packages/airflow/example_dags/example_branch_day_of_week_operator.py
[2024-03-18T08:00:41.939+0000] {logging_mixin.py:188} INFO - [2024-03-18T08:00:41.938+0000] {override.py:1769} INFO - Created Permission View: can edit on DAG:example_weekday_branch_operator
[2024-03-18T08:00:41.956+0000] {logging_mixin.py:188} INFO - [2024-03-18T08:00:41.955+0000] {override.py:1769} INFO - Created Permission View: can delete on DAG:example_weekday_branch_operator
[2024-03-18T08:00:41.968+0000] {logging_mixin.py:188} INFO - [2024-03-18T08:00:41.967+0000] {override.py:1769} INFO - Created Permission View: can read on DAG:example_weekday_branch_operator
[2024-03-18T08:00:41.968+0000] {logging_mixin.py:188} INFO - [2024-03-18T08:00:41.968+0000] {dag.py:3047} INFO - Sync 1 DAGs
[2024-03-18T08:00:42.127+0000] {logging_mixin.py:188} INFO - [2024-03-18T08:00:42.127+0000] {dag.py:3069} INFO - Creating ORM DAG for example_weekday_branch_operator
[2024-03-18T08:00:42.139+0000] {logging_mixin.py:188} INFO - [2024-03-18T08:00:42.138+0000] {dag.py:3834} INFO - Setting next_dagrun for example_weekday_branch_operator to 2024-03-17 00:00:00+00:00, run_after=2024-03-18 00:00:00+00:00
[2024-03-18T08:00:42.167+0000] {processor.py:183} INFO - Processing /home/ubuntu/air_venv/lib/python3.10/site-packages/airflow/example_dags/example_branch_day_of_week_operator.py took 0.363 seconds
[2024-03-18T08:01:53.823+0000] {processor.py:161} INFO - Started process (PID=3857) to work on /home/ubuntu/air_venv/lib/python3.10/site-packages/airflow/example_dags/example_branch_day_of_week_operator.py
[2024-03-18T08:01:53.825+0000] {processor.py:830} INFO - Processing file /home/ubuntu/air_venv/lib/python3.10/site-packages/airflow/example_dags/example_branch_day_of_week_operator.py for tasks to queue
[2024-03-18T08:01:53.826+0000] {logging_mixin.py:188} INFO - [2024-03-18T08:01:53.826+0000] {dagbag.py:540} INFO - Filling up the DagBag from /home/ubuntu/air_venv/lib/python3.10/site-packages/airflow/example_dags/example_branch_day_of_week_operator.py
[2024-03-18T08:01:53.837+0000] {processor.py:840} INFO - DAG(s) 'example_weekday_branch_operator' retrieved from /home/ubuntu/air_venv/lib/python3.10/site-packages/airflow/example_dags/example_branch_day_of_week_operator.py
[2024-03-18T08:01:53.855+0000] {logging_mixin.py:188} INFO - [2024-03-18T08:01:53.855+0000] {dag.py:3047} INFO - Sync 1 DAGs
[2024-03-18T08:01:53.878+0000] {logging_mixin.py:188} INFO - [2024-03-18T08:01:53.878+0000] {dag.py:3834} INFO - Setting next_dagrun for example_weekday_branch_operator to 2024-03-17 00:00:00+00:00, run_after=2024-03-18 00:00:00+00:00
[2024-03-18T08:01:54.050+0000] {processor.py:183} INFO - Processing /home/ubuntu/air_venv/lib/python3.10/site-packages/airflow/example_dags/example_branch_day_of_week_operator.py took 0.230 seconds
[2024-03-18T08:03:16.835+0000] {processor.py:161} INFO - Started process (PID=4470) to work on /home/ubuntu/air_venv/lib/python3.10/site-packages/airflow/example_dags/example_branch_day_of_week_operator.py
[2024-03-18T08:03:16.837+0000] {processor.py:830} INFO - Processing file /home/ubuntu/air_venv/lib/python3.10/site-packages/airflow/example_dags/example_branch_day_of_week_operator.py for tasks to queue
[2024-03-18T08:03:16.838+0000] {logging_mixin.py:188} INFO - [2024-03-18T08:03:16.838+0000] {dagbag.py:540} INFO - Filling up the DagBag from /home/ubuntu/air_venv/lib/python3.10/site-packages/airflow/example_dags/example_branch_day_of_week_operator.py
[2024-03-18T08:03:16.848+0000] {processor.py:840} INFO - DAG(s) 'example_weekday_branch_operator' retrieved from /home/ubuntu/air_venv/lib/python3.10/site-packages/airflow/example_dags/example_branch_day_of_week_operator.py
[2024-03-18T08:03:16.869+0000] {logging_mixin.py:188} INFO - [2024-03-18T08:03:16.868+0000] {dag.py:3047} INFO - Sync 1 DAGs
[2024-03-18T08:03:16.896+0000] {logging_mixin.py:188} INFO - [2024-03-18T08:03:16.895+0000] {dag.py:3834} INFO - Setting next_dagrun for example_weekday_branch_operator to 2024-03-17 00:00:00+00:00, run_after=2024-03-18 00:00:00+00:00
[2024-03-18T08:03:16.922+0000] {processor.py:183} INFO - Processing /home/ubuntu/air_venv/lib/python3.10/site-packages/airflow/example_dags/example_branch_day_of_week_operator.py took 0.091 seconds
[2024-03-18T08:04:22.406+0000] {processor.py:161} INFO - Started process (PID=5076) to work on /home/ubuntu/air_venv/lib/python3.10/site-packages/airflow/example_dags/example_branch_day_of_week_operator.py
[2024-03-18T08:04:22.408+0000] {processor.py:830} INFO - Processing file /home/ubuntu/air_venv/lib/python3.10/site-packages/airflow/example_dags/example_branch_day_of_week_operator.py for tasks to queue
[2024-03-18T08:04:22.409+0000] {logging_mixin.py:188} INFO - [2024-03-18T08:04:22.409+0000] {dagbag.py:540} INFO - Filling up the DagBag from /home/ubuntu/air_venv/lib/python3.10/site-packages/airflow/example_dags/example_branch_day_of_week_operator.py
[2024-03-18T08:04:22.418+0000] {processor.py:840} INFO - DAG(s) 'example_weekday_branch_operator' retrieved from /home/ubuntu/air_venv/lib/python3.10/site-packages/airflow/example_dags/example_branch_day_of_week_operator.py
[2024-03-18T08:04:22.438+0000] {logging_mixin.py:188} INFO - [2024-03-18T08:04:22.437+0000] {dag.py:3047} INFO - Sync 1 DAGs
[2024-03-18T08:04:22.461+0000] {logging_mixin.py:188} INFO - [2024-03-18T08:04:22.461+0000] {dag.py:3834} INFO - Setting next_dagrun for example_weekday_branch_operator to 2024-03-17 00:00:00+00:00, run_after=2024-03-18 00:00:00+00:00
[2024-03-18T08:04:22.488+0000] {processor.py:183} INFO - Processing /home/ubuntu/air_venv/lib/python3.10/site-packages/airflow/example_dags/example_branch_day_of_week_operator.py took 0.086 seconds
[2024-03-18T08:05:40.485+0000] {processor.py:161} INFO - Started process (PID=5757) to work on /home/ubuntu/air_venv/lib/python3.10/site-packages/airflow/example_dags/example_branch_day_of_week_operator.py
[2024-03-18T08:05:40.487+0000] {processor.py:830} INFO - Processing file /home/ubuntu/air_venv/lib/python3.10/site-packages/airflow/example_dags/example_branch_day_of_week_operator.py for tasks to queue
[2024-03-18T08:05:40.488+0000] {logging_mixin.py:188} INFO - [2024-03-18T08:05:40.488+0000] {dagbag.py:540} INFO - Filling up the DagBag from /home/ubuntu/air_venv/lib/python3.10/site-packages/airflow/example_dags/example_branch_day_of_week_operator.py
[2024-03-18T08:05:40.497+0000] {processor.py:840} INFO - DAG(s) 'example_weekday_branch_operator' retrieved from /home/ubuntu/air_venv/lib/python3.10/site-packages/airflow/example_dags/example_branch_day_of_week_operator.py
[2024-03-18T08:05:40.517+0000] {logging_mixin.py:188} INFO - [2024-03-18T08:05:40.516+0000] {dag.py:3047} INFO - Sync 1 DAGs
[2024-03-18T08:05:40.542+0000] {logging_mixin.py:188} INFO - [2024-03-18T08:05:40.542+0000] {dag.py:3834} INFO - Setting next_dagrun for example_weekday_branch_operator to 2024-03-17 00:00:00+00:00, run_after=2024-03-18 00:00:00+00:00
[2024-03-18T08:05:40.596+0000] {processor.py:183} INFO - Processing /home/ubuntu/air_venv/lib/python3.10/site-packages/airflow/example_dags/example_branch_day_of_week_operator.py took 0.115 seconds
[2024-03-18T08:07:40.733+0000] {processor.py:161} INFO - Started process (PID=7139) to work on /home/ubuntu/air_venv/lib/python3.10/site-packages/airflow/example_dags/example_branch_day_of_week_operator.py
[2024-03-18T08:07:40.735+0000] {processor.py:830} INFO - Processing file /home/ubuntu/air_venv/lib/python3.10/site-packages/airflow/example_dags/example_branch_day_of_week_operator.py for tasks to queue
[2024-03-18T08:07:40.736+0000] {logging_mixin.py:188} INFO - [2024-03-18T08:07:40.736+0000] {dagbag.py:540} INFO - Filling up the DagBag from /home/ubuntu/air_venv/lib/python3.10/site-packages/airflow/example_dags/example_branch_day_of_week_operator.py
[2024-03-18T08:07:40.748+0000] {processor.py:840} INFO - DAG(s) 'example_weekday_branch_operator' retrieved from /home/ubuntu/air_venv/lib/python3.10/site-packages/airflow/example_dags/example_branch_day_of_week_operator.py
[2024-03-18T08:07:40.769+0000] {logging_mixin.py:188} INFO - [2024-03-18T08:07:40.768+0000] {dag.py:3047} INFO - Sync 1 DAGs
[2024-03-18T08:07:40.794+0000] {logging_mixin.py:188} INFO - [2024-03-18T08:07:40.794+0000] {dag.py:3834} INFO - Setting next_dagrun for example_weekday_branch_operator to 2024-03-17 00:00:00+00:00, run_after=2024-03-18 00:00:00+00:00
[2024-03-18T08:07:40.821+0000] {processor.py:183} INFO - Processing /home/ubuntu/air_venv/lib/python3.10/site-packages/airflow/example_dags/example_branch_day_of_week_operator.py took 0.094 seconds
[2024-03-18T08:08:51.739+0000] {processor.py:161} INFO - Started process (PID=7577) to work on /home/ubuntu/air_venv/lib/python3.10/site-packages/airflow/example_dags/example_branch_day_of_week_operator.py
[2024-03-18T08:08:51.741+0000] {processor.py:830} INFO - Processing file /home/ubuntu/air_venv/lib/python3.10/site-packages/airflow/example_dags/example_branch_day_of_week_operator.py for tasks to queue
[2024-03-18T08:08:51.742+0000] {logging_mixin.py:188} INFO - [2024-03-18T08:08:51.742+0000] {dagbag.py:540} INFO - Filling up the DagBag from /home/ubuntu/air_venv/lib/python3.10/site-packages/airflow/example_dags/example_branch_day_of_week_operator.py
[2024-03-18T08:08:51.751+0000] {processor.py:840} INFO - DAG(s) 'example_weekday_branch_operator' retrieved from /home/ubuntu/air_venv/lib/python3.10/site-packages/airflow/example_dags/example_branch_day_of_week_operator.py
[2024-03-18T08:08:51.772+0000] {logging_mixin.py:188} INFO - [2024-03-18T08:08:51.772+0000] {dag.py:3047} INFO - Sync 1 DAGs
[2024-03-18T08:08:51.796+0000] {logging_mixin.py:188} INFO - [2024-03-18T08:08:51.795+0000] {dag.py:3834} INFO - Setting next_dagrun for example_weekday_branch_operator to 2024-03-17 00:00:00+00:00, run_after=2024-03-18 00:00:00+00:00
[2024-03-18T08:08:51.820+0000] {processor.py:183} INFO - Processing /home/ubuntu/air_venv/lib/python3.10/site-packages/airflow/example_dags/example_branch_day_of_week_operator.py took 0.085 seconds
[2024-03-18T08:09:56.993+0000] {processor.py:161} INFO - Started process (PID=8003) to work on /home/ubuntu/air_venv/lib/python3.10/site-packages/airflow/example_dags/example_branch_day_of_week_operator.py
[2024-03-18T08:09:56.995+0000] {processor.py:830} INFO - Processing file /home/ubuntu/air_venv/lib/python3.10/site-packages/airflow/example_dags/example_branch_day_of_week_operator.py for tasks to queue
[2024-03-18T08:09:56.996+0000] {logging_mixin.py:188} INFO - [2024-03-18T08:09:56.996+0000] {dagbag.py:540} INFO - Filling up the DagBag from /home/ubuntu/air_venv/lib/python3.10/site-packages/airflow/example_dags/example_branch_day_of_week_operator.py
[2024-03-18T08:09:57.006+0000] {processor.py:840} INFO - DAG(s) 'example_weekday_branch_operator' retrieved from /home/ubuntu/air_venv/lib/python3.10/site-packages/airflow/example_dags/example_branch_day_of_week_operator.py
[2024-03-18T08:09:57.027+0000] {logging_mixin.py:188} INFO - [2024-03-18T08:09:57.026+0000] {dag.py:3047} INFO - Sync 1 DAGs
[2024-03-18T08:09:57.052+0000] {logging_mixin.py:188} INFO - [2024-03-18T08:09:57.052+0000] {dag.py:3834} INFO - Setting next_dagrun for example_weekday_branch_operator to 2024-03-17 00:00:00+00:00, run_after=2024-03-18 00:00:00+00:00
[2024-03-18T08:09:57.079+0000] {processor.py:183} INFO - Processing /home/ubuntu/air_venv/lib/python3.10/site-packages/airflow/example_dags/example_branch_day_of_week_operator.py took 0.090 seconds
[2024-03-18T08:10:54.778+0000] {processor.py:161} INFO - Started process (PID=8422) to work on /home/ubuntu/air_venv/lib/python3.10/site-packages/airflow/example_dags/example_branch_day_of_week_operator.py
[2024-03-18T08:10:54.780+0000] {processor.py:830} INFO - Processing file /home/ubuntu/air_venv/lib/python3.10/site-packages/airflow/example_dags/example_branch_day_of_week_operator.py for tasks to queue
[2024-03-18T08:10:54.781+0000] {logging_mixin.py:188} INFO - [2024-03-18T08:10:54.781+0000] {dagbag.py:540} INFO - Filling up the DagBag from /home/ubuntu/air_venv/lib/python3.10/site-packages/airflow/example_dags/example_branch_day_of_week_operator.py
[2024-03-18T08:10:54.790+0000] {processor.py:840} INFO - DAG(s) 'example_weekday_branch_operator' retrieved from /home/ubuntu/air_venv/lib/python3.10/site-packages/airflow/example_dags/example_branch_day_of_week_operator.py
[2024-03-18T08:10:54.824+0000] {logging_mixin.py:188} INFO - [2024-03-18T08:10:54.824+0000] {dag.py:3047} INFO - Sync 1 DAGs
[2024-03-18T08:10:54.848+0000] {logging_mixin.py:188} INFO - [2024-03-18T08:10:54.847+0000] {dag.py:3834} INFO - Setting next_dagrun for example_weekday_branch_operator to 2024-03-17 00:00:00+00:00, run_after=2024-03-18 00:00:00+00:00
[2024-03-18T08:10:54.873+0000] {processor.py:183} INFO - Processing /home/ubuntu/air_venv/lib/python3.10/site-packages/airflow/example_dags/example_branch_day_of_week_operator.py took 0.098 seconds
[2024-03-18T08:11:58.341+0000] {processor.py:161} INFO - Started process (PID=8967) to work on /home/ubuntu/air_venv/lib/python3.10/site-packages/airflow/example_dags/example_branch_day_of_week_operator.py
[2024-03-18T08:11:58.343+0000] {processor.py:830} INFO - Processing file /home/ubuntu/air_venv/lib/python3.10/site-packages/airflow/example_dags/example_branch_day_of_week_operator.py for tasks to queue
[2024-03-18T08:11:58.344+0000] {logging_mixin.py:188} INFO - [2024-03-18T08:11:58.344+0000] {dagbag.py:540} INFO - Filling up the DagBag from /home/ubuntu/air_venv/lib/python3.10/site-packages/airflow/example_dags/example_branch_day_of_week_operator.py
[2024-03-18T08:11:58.353+0000] {processor.py:840} INFO - DAG(s) 'example_weekday_branch_operator' retrieved from /home/ubuntu/air_venv/lib/python3.10/site-packages/airflow/example_dags/example_branch_day_of_week_operator.py
[2024-03-18T08:11:58.372+0000] {logging_mixin.py:188} INFO - [2024-03-18T08:11:58.372+0000] {dag.py:3047} INFO - Sync 1 DAGs
[2024-03-18T08:11:58.396+0000] {logging_mixin.py:188} INFO - [2024-03-18T08:11:58.396+0000] {dag.py:3834} INFO - Setting next_dagrun for example_weekday_branch_operator to 2024-03-17 00:00:00+00:00, run_after=2024-03-18 00:00:00+00:00
[2024-03-18T08:11:58.424+0000] {processor.py:183} INFO - Processing /home/ubuntu/air_venv/lib/python3.10/site-packages/airflow/example_dags/example_branch_day_of_week_operator.py took 0.087 seconds
[2024-03-18T08:13:01.279+0000] {processor.py:161} INFO - Started process (PID=9389) to work on /home/ubuntu/air_venv/lib/python3.10/site-packages/airflow/example_dags/example_branch_day_of_week_operator.py
[2024-03-18T08:13:01.280+0000] {processor.py:830} INFO - Processing file /home/ubuntu/air_venv/lib/python3.10/site-packages/airflow/example_dags/example_branch_day_of_week_operator.py for tasks to queue
[2024-03-18T08:13:01.282+0000] {logging_mixin.py:188} INFO - [2024-03-18T08:13:01.281+0000] {dagbag.py:540} INFO - Filling up the DagBag from /home/ubuntu/air_venv/lib/python3.10/site-packages/airflow/example_dags/example_branch_day_of_week_operator.py
[2024-03-18T08:13:01.360+0000] {processor.py:840} INFO - DAG(s) 'example_weekday_branch_operator' retrieved from /home/ubuntu/air_venv/lib/python3.10/site-packages/airflow/example_dags/example_branch_day_of_week_operator.py
[2024-03-18T08:13:01.475+0000] {logging_mixin.py:188} INFO - [2024-03-18T08:13:01.475+0000] {dag.py:3047} INFO - Sync 1 DAGs
[2024-03-18T08:13:01.573+0000] {logging_mixin.py:188} INFO - [2024-03-18T08:13:01.572+0000] {dag.py:3834} INFO - Setting next_dagrun for example_weekday_branch_operator to 2024-03-17 00:00:00+00:00, run_after=2024-03-18 00:00:00+00:00
[2024-03-18T08:13:01.634+0000] {processor.py:183} INFO - Processing /home/ubuntu/air_venv/lib/python3.10/site-packages/airflow/example_dags/example_branch_day_of_week_operator.py took 0.360 seconds
[2024-03-18T08:14:04.845+0000] {processor.py:161} INFO - Started process (PID=9657) to work on /home/ubuntu/air_venv/lib/python3.10/site-packages/airflow/example_dags/example_branch_day_of_week_operator.py
[2024-03-18T08:14:04.847+0000] {processor.py:830} INFO - Processing file /home/ubuntu/air_venv/lib/python3.10/site-packages/airflow/example_dags/example_branch_day_of_week_operator.py for tasks to queue
[2024-03-18T08:14:04.848+0000] {logging_mixin.py:188} INFO - [2024-03-18T08:14:04.848+0000] {dagbag.py:540} INFO - Filling up the DagBag from /home/ubuntu/air_venv/lib/python3.10/site-packages/airflow/example_dags/example_branch_day_of_week_operator.py
[2024-03-18T08:14:04.860+0000] {processor.py:840} INFO - DAG(s) 'example_weekday_branch_operator' retrieved from /home/ubuntu/air_venv/lib/python3.10/site-packages/airflow/example_dags/example_branch_day_of_week_operator.py
[2024-03-18T08:14:04.882+0000] {logging_mixin.py:188} INFO - [2024-03-18T08:14:04.882+0000] {dag.py:3047} INFO - Sync 1 DAGs
[2024-03-18T08:14:04.909+0000] {logging_mixin.py:188} INFO - [2024-03-18T08:14:04.908+0000] {dag.py:3834} INFO - Setting next_dagrun for example_weekday_branch_operator to 2024-03-17 00:00:00+00:00, run_after=2024-03-18 00:00:00+00:00
[2024-03-18T08:14:04.945+0000] {processor.py:183} INFO - Processing /home/ubuntu/air_venv/lib/python3.10/site-packages/airflow/example_dags/example_branch_day_of_week_operator.py took 0.104 seconds
[2024-03-18T08:15:45.190+0000] {processor.py:161} INFO - Started process (PID=10698) to work on /home/ubuntu/air_venv/lib/python3.10/site-packages/airflow/example_dags/example_branch_day_of_week_operator.py
[2024-03-18T08:15:45.192+0000] {processor.py:830} INFO - Processing file /home/ubuntu/air_venv/lib/python3.10/site-packages/airflow/example_dags/example_branch_day_of_week_operator.py for tasks to queue
[2024-03-18T08:15:45.193+0000] {logging_mixin.py:188} INFO - [2024-03-18T08:15:45.193+0000] {dagbag.py:540} INFO - Filling up the DagBag from /home/ubuntu/air_venv/lib/python3.10/site-packages/airflow/example_dags/example_branch_day_of_week_operator.py
[2024-03-18T08:15:45.203+0000] {processor.py:840} INFO - DAG(s) 'example_weekday_branch_operator' retrieved from /home/ubuntu/air_venv/lib/python3.10/site-packages/airflow/example_dags/example_branch_day_of_week_operator.py
[2024-03-18T08:15:45.229+0000] {logging_mixin.py:188} INFO - [2024-03-18T08:15:45.229+0000] {dag.py:3047} INFO - Sync 1 DAGs
[2024-03-18T08:15:45.253+0000] {logging_mixin.py:188} INFO - [2024-03-18T08:15:45.252+0000] {dag.py:3834} INFO - Setting next_dagrun for example_weekday_branch_operator to 2024-03-17 00:00:00+00:00, run_after=2024-03-18 00:00:00+00:00
[2024-03-18T08:15:45.277+0000] {processor.py:183} INFO - Processing /home/ubuntu/air_venv/lib/python3.10/site-packages/airflow/example_dags/example_branch_day_of_week_operator.py took 0.091 seconds
[2024-03-18T08:16:57.894+0000] {processor.py:161} INFO - Started process (PID=11548) to work on /home/ubuntu/air_venv/lib/python3.10/site-packages/airflow/example_dags/example_branch_day_of_week_operator.py
[2024-03-18T08:16:57.897+0000] {processor.py:830} INFO - Processing file /home/ubuntu/air_venv/lib/python3.10/site-packages/airflow/example_dags/example_branch_day_of_week_operator.py for tasks to queue
[2024-03-18T08:16:57.898+0000] {logging_mixin.py:188} INFO - [2024-03-18T08:16:57.897+0000] {dagbag.py:540} INFO - Filling up the DagBag from /home/ubuntu/air_venv/lib/python3.10/site-packages/airflow/example_dags/example_branch_day_of_week_operator.py
[2024-03-18T08:16:57.907+0000] {processor.py:840} INFO - DAG(s) 'example_weekday_branch_operator' retrieved from /home/ubuntu/air_venv/lib/python3.10/site-packages/airflow/example_dags/example_branch_day_of_week_operator.py
[2024-03-18T08:16:57.926+0000] {logging_mixin.py:188} INFO - [2024-03-18T08:16:57.926+0000] {dag.py:3047} INFO - Sync 1 DAGs
[2024-03-18T08:16:57.949+0000] {logging_mixin.py:188} INFO - [2024-03-18T08:16:57.949+0000] {dag.py:3834} INFO - Setting next_dagrun for example_weekday_branch_operator to 2024-03-17 00:00:00+00:00, run_after=2024-03-18 00:00:00+00:00
[2024-03-18T08:16:57.974+0000] {processor.py:183} INFO - Processing /home/ubuntu/air_venv/lib/python3.10/site-packages/airflow/example_dags/example_branch_day_of_week_operator.py took 0.083 seconds
[2024-03-18T08:18:31.752+0000] {processor.py:161} INFO - Started process (PID=12484) to work on /home/ubuntu/air_venv/lib/python3.10/site-packages/airflow/example_dags/example_branch_day_of_week_operator.py
[2024-03-18T08:18:31.754+0000] {processor.py:830} INFO - Processing file /home/ubuntu/air_venv/lib/python3.10/site-packages/airflow/example_dags/example_branch_day_of_week_operator.py for tasks to queue
[2024-03-18T08:18:31.755+0000] {logging_mixin.py:188} INFO - [2024-03-18T08:18:31.755+0000] {dagbag.py:540} INFO - Filling up the DagBag from /home/ubuntu/air_venv/lib/python3.10/site-packages/airflow/example_dags/example_branch_day_of_week_operator.py
[2024-03-18T08:18:31.764+0000] {processor.py:840} INFO - DAG(s) 'example_weekday_branch_operator' retrieved from /home/ubuntu/air_venv/lib/python3.10/site-packages/airflow/example_dags/example_branch_day_of_week_operator.py
[2024-03-18T08:18:31.784+0000] {logging_mixin.py:188} INFO - [2024-03-18T08:18:31.784+0000] {dag.py:3047} INFO - Sync 1 DAGs
[2024-03-18T08:18:31.807+0000] {logging_mixin.py:188} INFO - [2024-03-18T08:18:31.807+0000] {dag.py:3834} INFO - Setting next_dagrun for example_weekday_branch_operator to 2024-03-17 00:00:00+00:00, run_after=2024-03-18 00:00:00+00:00
[2024-03-18T08:18:31.832+0000] {processor.py:183} INFO - Processing /home/ubuntu/air_venv/lib/python3.10/site-packages/airflow/example_dags/example_branch_day_of_week_operator.py took 0.084 seconds
[2024-03-18T08:19:48.482+0000] {processor.py:161} INFO - Started process (PID=12976) to work on /home/ubuntu/air_venv/lib/python3.10/site-packages/airflow/example_dags/example_branch_day_of_week_operator.py
[2024-03-18T08:19:48.484+0000] {processor.py:830} INFO - Processing file /home/ubuntu/air_venv/lib/python3.10/site-packages/airflow/example_dags/example_branch_day_of_week_operator.py for tasks to queue
[2024-03-18T08:19:48.485+0000] {logging_mixin.py:188} INFO - [2024-03-18T08:19:48.485+0000] {dagbag.py:540} INFO - Filling up the DagBag from /home/ubuntu/air_venv/lib/python3.10/site-packages/airflow/example_dags/example_branch_day_of_week_operator.py
[2024-03-18T08:19:48.494+0000] {processor.py:840} INFO - DAG(s) 'example_weekday_branch_operator' retrieved from /home/ubuntu/air_venv/lib/python3.10/site-packages/airflow/example_dags/example_branch_day_of_week_operator.py
[2024-03-18T08:19:48.515+0000] {logging_mixin.py:188} INFO - [2024-03-18T08:19:48.514+0000] {dag.py:3047} INFO - Sync 1 DAGs
[2024-03-18T08:19:48.538+0000] {logging_mixin.py:188} INFO - [2024-03-18T08:19:48.538+0000] {dag.py:3834} INFO - Setting next_dagrun for example_weekday_branch_operator to 2024-03-17 00:00:00+00:00, run_after=2024-03-18 00:00:00+00:00
[2024-03-18T08:19:48.563+0000] {processor.py:183} INFO - Processing /home/ubuntu/air_venv/lib/python3.10/site-packages/airflow/example_dags/example_branch_day_of_week_operator.py took 0.085 seconds
[2024-03-18T08:20:44.733+0000] {processor.py:161} INFO - Started process (PID=13329) to work on /home/ubuntu/air_venv/lib/python3.10/site-packages/airflow/example_dags/example_branch_day_of_week_operator.py
[2024-03-18T08:20:44.735+0000] {processor.py:830} INFO - Processing file /home/ubuntu/air_venv/lib/python3.10/site-packages/airflow/example_dags/example_branch_day_of_week_operator.py for tasks to queue
[2024-03-18T08:20:44.736+0000] {logging_mixin.py:188} INFO - [2024-03-18T08:20:44.735+0000] {dagbag.py:540} INFO - Filling up the DagBag from /home/ubuntu/air_venv/lib/python3.10/site-packages/airflow/example_dags/example_branch_day_of_week_operator.py
[2024-03-18T08:20:44.745+0000] {processor.py:840} INFO - DAG(s) 'example_weekday_branch_operator' retrieved from /home/ubuntu/air_venv/lib/python3.10/site-packages/airflow/example_dags/example_branch_day_of_week_operator.py
[2024-03-18T08:20:44.765+0000] {logging_mixin.py:188} INFO - [2024-03-18T08:20:44.765+0000] {dag.py:3047} INFO - Sync 1 DAGs
[2024-03-18T08:20:44.790+0000] {logging_mixin.py:188} INFO - [2024-03-18T08:20:44.789+0000] {dag.py:3834} INFO - Setting next_dagrun for example_weekday_branch_operator to 2024-03-17 00:00:00+00:00, run_after=2024-03-18 00:00:00+00:00
[2024-03-18T08:20:44.828+0000] {processor.py:183} INFO - Processing /home/ubuntu/air_venv/lib/python3.10/site-packages/airflow/example_dags/example_branch_day_of_week_operator.py took 0.099 seconds
[2024-03-18T08:21:47.118+0000] {processor.py:161} INFO - Started process (PID=13750) to work on /home/ubuntu/air_venv/lib/python3.10/site-packages/airflow/example_dags/example_branch_day_of_week_operator.py
[2024-03-18T08:21:47.119+0000] {processor.py:830} INFO - Processing file /home/ubuntu/air_venv/lib/python3.10/site-packages/airflow/example_dags/example_branch_day_of_week_operator.py for tasks to queue
[2024-03-18T08:21:47.121+0000] {logging_mixin.py:188} INFO - [2024-03-18T08:21:47.120+0000] {dagbag.py:540} INFO - Filling up the DagBag from /home/ubuntu/air_venv/lib/python3.10/site-packages/airflow/example_dags/example_branch_day_of_week_operator.py
[2024-03-18T08:21:47.130+0000] {processor.py:840} INFO - DAG(s) 'example_weekday_branch_operator' retrieved from /home/ubuntu/air_venv/lib/python3.10/site-packages/airflow/example_dags/example_branch_day_of_week_operator.py
[2024-03-18T08:21:47.150+0000] {logging_mixin.py:188} INFO - [2024-03-18T08:21:47.150+0000] {dag.py:3047} INFO - Sync 1 DAGs
[2024-03-18T08:21:47.175+0000] {logging_mixin.py:188} INFO - [2024-03-18T08:21:47.174+0000] {dag.py:3834} INFO - Setting next_dagrun for example_weekday_branch_operator to 2024-03-17 00:00:00+00:00, run_after=2024-03-18 00:00:00+00:00
[2024-03-18T08:21:47.228+0000] {processor.py:183} INFO - Processing /home/ubuntu/air_venv/lib/python3.10/site-packages/airflow/example_dags/example_branch_day_of_week_operator.py took 0.114 seconds
[2024-03-18T08:22:44.857+0000] {processor.py:161} INFO - Started process (PID=14019) to work on /home/ubuntu/air_venv/lib/python3.10/site-packages/airflow/example_dags/example_branch_day_of_week_operator.py
[2024-03-18T08:22:44.859+0000] {processor.py:830} INFO - Processing file /home/ubuntu/air_venv/lib/python3.10/site-packages/airflow/example_dags/example_branch_day_of_week_operator.py for tasks to queue
[2024-03-18T08:22:44.860+0000] {logging_mixin.py:188} INFO - [2024-03-18T08:22:44.860+0000] {dagbag.py:540} INFO - Filling up the DagBag from /home/ubuntu/air_venv/lib/python3.10/site-packages/airflow/example_dags/example_branch_day_of_week_operator.py
[2024-03-18T08:22:44.870+0000] {processor.py:840} INFO - DAG(s) 'example_weekday_branch_operator' retrieved from /home/ubuntu/air_venv/lib/python3.10/site-packages/airflow/example_dags/example_branch_day_of_week_operator.py
[2024-03-18T08:22:44.888+0000] {logging_mixin.py:188} INFO - [2024-03-18T08:22:44.888+0000] {dag.py:3047} INFO - Sync 1 DAGs
[2024-03-18T08:22:44.911+0000] {logging_mixin.py:188} INFO - [2024-03-18T08:22:44.911+0000] {dag.py:3834} INFO - Setting next_dagrun for example_weekday_branch_operator to 2024-03-17 00:00:00+00:00, run_after=2024-03-18 00:00:00+00:00
[2024-03-18T08:22:44.937+0000] {processor.py:183} INFO - Processing /home/ubuntu/air_venv/lib/python3.10/site-packages/airflow/example_dags/example_branch_day_of_week_operator.py took 0.084 seconds
[2024-03-18T08:23:44.169+0000] {processor.py:161} INFO - Started process (PID=14522) to work on /home/ubuntu/air_venv/lib/python3.10/site-packages/airflow/example_dags/example_branch_day_of_week_operator.py
[2024-03-18T08:23:44.174+0000] {processor.py:830} INFO - Processing file /home/ubuntu/air_venv/lib/python3.10/site-packages/airflow/example_dags/example_branch_day_of_week_operator.py for tasks to queue
[2024-03-18T08:23:44.175+0000] {logging_mixin.py:188} INFO - [2024-03-18T08:23:44.174+0000] {dagbag.py:540} INFO - Filling up the DagBag from /home/ubuntu/air_venv/lib/python3.10/site-packages/airflow/example_dags/example_branch_day_of_week_operator.py
[2024-03-18T08:23:44.184+0000] {processor.py:840} INFO - DAG(s) 'example_weekday_branch_operator' retrieved from /home/ubuntu/air_venv/lib/python3.10/site-packages/airflow/example_dags/example_branch_day_of_week_operator.py
[2024-03-18T08:23:44.203+0000] {logging_mixin.py:188} INFO - [2024-03-18T08:23:44.203+0000] {dag.py:3047} INFO - Sync 1 DAGs
[2024-03-18T08:23:44.225+0000] {logging_mixin.py:188} INFO - [2024-03-18T08:23:44.225+0000] {dag.py:3834} INFO - Setting next_dagrun for example_weekday_branch_operator to 2024-03-17 00:00:00+00:00, run_after=2024-03-18 00:00:00+00:00
[2024-03-18T08:23:44.249+0000] {processor.py:183} INFO - Processing /home/ubuntu/air_venv/lib/python3.10/site-packages/airflow/example_dags/example_branch_day_of_week_operator.py took 0.088 seconds
[2024-03-18T08:24:42.363+0000] {processor.py:161} INFO - Started process (PID=15002) to work on /home/ubuntu/air_venv/lib/python3.10/site-packages/airflow/example_dags/example_branch_day_of_week_operator.py
[2024-03-18T08:24:42.365+0000] {processor.py:830} INFO - Processing file /home/ubuntu/air_venv/lib/python3.10/site-packages/airflow/example_dags/example_branch_day_of_week_operator.py for tasks to queue
[2024-03-18T08:24:42.366+0000] {logging_mixin.py:188} INFO - [2024-03-18T08:24:42.365+0000] {dagbag.py:540} INFO - Filling up the DagBag from /home/ubuntu/air_venv/lib/python3.10/site-packages/airflow/example_dags/example_branch_day_of_week_operator.py
[2024-03-18T08:24:42.376+0000] {processor.py:840} INFO - DAG(s) 'example_weekday_branch_operator' retrieved from /home/ubuntu/air_venv/lib/python3.10/site-packages/airflow/example_dags/example_branch_day_of_week_operator.py
[2024-03-18T08:24:42.395+0000] {logging_mixin.py:188} INFO - [2024-03-18T08:24:42.394+0000] {dag.py:3047} INFO - Sync 1 DAGs
[2024-03-18T08:24:42.418+0000] {logging_mixin.py:188} INFO - [2024-03-18T08:24:42.418+0000] {dag.py:3834} INFO - Setting next_dagrun for example_weekday_branch_operator to 2024-03-17 00:00:00+00:00, run_after=2024-03-18 00:00:00+00:00
[2024-03-18T08:24:42.444+0000] {processor.py:183} INFO - Processing /home/ubuntu/air_venv/lib/python3.10/site-packages/airflow/example_dags/example_branch_day_of_week_operator.py took 0.085 seconds
[2024-03-18T08:25:47.603+0000] {processor.py:161} INFO - Started process (PID=15366) to work on /home/ubuntu/air_venv/lib/python3.10/site-packages/airflow/example_dags/example_branch_day_of_week_operator.py
[2024-03-18T08:25:47.605+0000] {processor.py:830} INFO - Processing file /home/ubuntu/air_venv/lib/python3.10/site-packages/airflow/example_dags/example_branch_day_of_week_operator.py for tasks to queue
[2024-03-18T08:25:47.607+0000] {logging_mixin.py:188} INFO - [2024-03-18T08:25:47.606+0000] {dagbag.py:540} INFO - Filling up the DagBag from /home/ubuntu/air_venv/lib/python3.10/site-packages/airflow/example_dags/example_branch_day_of_week_operator.py
[2024-03-18T08:25:47.616+0000] {processor.py:840} INFO - DAG(s) 'example_weekday_branch_operator' retrieved from /home/ubuntu/air_venv/lib/python3.10/site-packages/airflow/example_dags/example_branch_day_of_week_operator.py
[2024-03-18T08:25:47.636+0000] {logging_mixin.py:188} INFO - [2024-03-18T08:25:47.635+0000] {dag.py:3047} INFO - Sync 1 DAGs
[2024-03-18T08:25:47.660+0000] {logging_mixin.py:188} INFO - [2024-03-18T08:25:47.660+0000] {dag.py:3834} INFO - Setting next_dagrun for example_weekday_branch_operator to 2024-03-17 00:00:00+00:00, run_after=2024-03-18 00:00:00+00:00
[2024-03-18T08:25:47.684+0000] {processor.py:183} INFO - Processing /home/ubuntu/air_venv/lib/python3.10/site-packages/airflow/example_dags/example_branch_day_of_week_operator.py took 0.085 seconds
[2024-03-18T08:26:49.248+0000] {processor.py:161} INFO - Started process (PID=15486) to work on /home/ubuntu/air_venv/lib/python3.10/site-packages/airflow/example_dags/example_branch_day_of_week_operator.py
[2024-03-18T08:26:49.251+0000] {processor.py:830} INFO - Processing file /home/ubuntu/air_venv/lib/python3.10/site-packages/airflow/example_dags/example_branch_day_of_week_operator.py for tasks to queue
[2024-03-18T08:26:49.252+0000] {logging_mixin.py:188} INFO - [2024-03-18T08:26:49.251+0000] {dagbag.py:540} INFO - Filling up the DagBag from /home/ubuntu/air_venv/lib/python3.10/site-packages/airflow/example_dags/example_branch_day_of_week_operator.py
[2024-03-18T08:26:49.261+0000] {processor.py:840} INFO - DAG(s) 'example_weekday_branch_operator' retrieved from /home/ubuntu/air_venv/lib/python3.10/site-packages/airflow/example_dags/example_branch_day_of_week_operator.py
[2024-03-18T08:26:49.281+0000] {logging_mixin.py:188} INFO - [2024-03-18T08:26:49.281+0000] {dag.py:3047} INFO - Sync 1 DAGs
[2024-03-18T08:26:49.305+0000] {logging_mixin.py:188} INFO - [2024-03-18T08:26:49.304+0000] {dag.py:3834} INFO - Setting next_dagrun for example_weekday_branch_operator to 2024-03-17 00:00:00+00:00, run_after=2024-03-18 00:00:00+00:00
[2024-03-18T08:26:49.330+0000] {processor.py:183} INFO - Processing /home/ubuntu/air_venv/lib/python3.10/site-packages/airflow/example_dags/example_branch_day_of_week_operator.py took 0.085 seconds
[2024-03-18T08:27:50.817+0000] {processor.py:161} INFO - Started process (PID=15607) to work on /home/ubuntu/air_venv/lib/python3.10/site-packages/airflow/example_dags/example_branch_day_of_week_operator.py
[2024-03-18T08:27:50.820+0000] {processor.py:830} INFO - Processing file /home/ubuntu/air_venv/lib/python3.10/site-packages/airflow/example_dags/example_branch_day_of_week_operator.py for tasks to queue
[2024-03-18T08:27:50.821+0000] {logging_mixin.py:188} INFO - [2024-03-18T08:27:50.820+0000] {dagbag.py:540} INFO - Filling up the DagBag from /home/ubuntu/air_venv/lib/python3.10/site-packages/airflow/example_dags/example_branch_day_of_week_operator.py
[2024-03-18T08:27:50.831+0000] {processor.py:840} INFO - DAG(s) 'example_weekday_branch_operator' retrieved from /home/ubuntu/air_venv/lib/python3.10/site-packages/airflow/example_dags/example_branch_day_of_week_operator.py
[2024-03-18T08:27:50.850+0000] {logging_mixin.py:188} INFO - [2024-03-18T08:27:50.850+0000] {dag.py:3047} INFO - Sync 1 DAGs
[2024-03-18T08:27:50.872+0000] {logging_mixin.py:188} INFO - [2024-03-18T08:27:50.872+0000] {dag.py:3834} INFO - Setting next_dagrun for example_weekday_branch_operator to 2024-03-17 00:00:00+00:00, run_after=2024-03-18 00:00:00+00:00
[2024-03-18T08:27:50.898+0000] {processor.py:183} INFO - Processing /home/ubuntu/air_venv/lib/python3.10/site-packages/airflow/example_dags/example_branch_day_of_week_operator.py took 0.084 seconds
[2024-03-18T08:28:54.386+0000] {processor.py:161} INFO - Started process (PID=15729) to work on /home/ubuntu/air_venv/lib/python3.10/site-packages/airflow/example_dags/example_branch_day_of_week_operator.py
[2024-03-18T08:28:54.388+0000] {processor.py:830} INFO - Processing file /home/ubuntu/air_venv/lib/python3.10/site-packages/airflow/example_dags/example_branch_day_of_week_operator.py for tasks to queue
[2024-03-18T08:28:54.389+0000] {logging_mixin.py:188} INFO - [2024-03-18T08:28:54.389+0000] {dagbag.py:540} INFO - Filling up the DagBag from /home/ubuntu/air_venv/lib/python3.10/site-packages/airflow/example_dags/example_branch_day_of_week_operator.py
[2024-03-18T08:28:54.399+0000] {processor.py:840} INFO - DAG(s) 'example_weekday_branch_operator' retrieved from /home/ubuntu/air_venv/lib/python3.10/site-packages/airflow/example_dags/example_branch_day_of_week_operator.py
[2024-03-18T08:28:54.417+0000] {logging_mixin.py:188} INFO - [2024-03-18T08:28:54.417+0000] {dag.py:3047} INFO - Sync 1 DAGs
[2024-03-18T08:28:54.441+0000] {logging_mixin.py:188} INFO - [2024-03-18T08:28:54.440+0000] {dag.py:3834} INFO - Setting next_dagrun for example_weekday_branch_operator to 2024-03-17 00:00:00+00:00, run_after=2024-03-18 00:00:00+00:00
[2024-03-18T08:28:54.464+0000] {processor.py:183} INFO - Processing /home/ubuntu/air_venv/lib/python3.10/site-packages/airflow/example_dags/example_branch_day_of_week_operator.py took 0.082 seconds
