[2024-03-18T08:00:21.066+0000] {processor.py:161} INFO - Started process (PID=3045) to work on /home/ubuntu/air_venv/lib/python3.10/site-packages/airflow/example_dags/example_latest_only_with_trigger.py
[2024-03-18T08:00:21.067+0000] {processor.py:830} INFO - Processing file /home/ubuntu/air_venv/lib/python3.10/site-packages/airflow/example_dags/example_latest_only_with_trigger.py for tasks to queue
[2024-03-18T08:00:21.068+0000] {logging_mixin.py:188} INFO - [2024-03-18T08:00:21.068+0000] {dagbag.py:540} INFO - Filling up the DagBag from /home/ubuntu/air_venv/lib/python3.10/site-packages/airflow/example_dags/example_latest_only_with_trigger.py
[2024-03-18T08:00:21.076+0000] {processor.py:840} INFO - DAG(s) 'latest_only_with_trigger' retrieved from /home/ubuntu/air_venv/lib/python3.10/site-packages/airflow/example_dags/example_latest_only_with_trigger.py
[2024-03-18T08:00:21.201+0000] {logging_mixin.py:188} INFO - [2024-03-18T08:00:21.200+0000] {override.py:1769} INFO - Created Permission View: can edit on DAG:latest_only_with_trigger
[2024-03-18T08:00:21.217+0000] {logging_mixin.py:188} INFO - [2024-03-18T08:00:21.216+0000] {override.py:1769} INFO - Created Permission View: can delete on DAG:latest_only_with_trigger
[2024-03-18T08:00:21.238+0000] {logging_mixin.py:188} INFO - [2024-03-18T08:00:21.238+0000] {override.py:1769} INFO - Created Permission View: can read on DAG:latest_only_with_trigger
[2024-03-18T08:00:21.239+0000] {logging_mixin.py:188} INFO - [2024-03-18T08:00:21.239+0000] {dag.py:3047} INFO - Sync 1 DAGs
[2024-03-18T08:00:21.254+0000] {logging_mixin.py:188} INFO - [2024-03-18T08:00:21.254+0000] {dag.py:3069} INFO - Creating ORM DAG for latest_only_with_trigger
[2024-03-18T08:00:21.266+0000] {logging_mixin.py:188} INFO - [2024-03-18T08:00:21.266+0000] {dag.py:3834} INFO - Setting next_dagrun for latest_only_with_trigger to 2024-03-18 04:00:00+00:00, run_after=2024-03-18 08:00:00+00:00
[2024-03-18T08:00:21.439+0000] {processor.py:183} INFO - Processing /home/ubuntu/air_venv/lib/python3.10/site-packages/airflow/example_dags/example_latest_only_with_trigger.py took 0.376 seconds
[2024-03-18T08:01:16.839+0000] {processor.py:161} INFO - Started process (PID=3459) to work on /home/ubuntu/air_venv/lib/python3.10/site-packages/airflow/example_dags/example_latest_only_with_trigger.py
[2024-03-18T08:01:16.841+0000] {processor.py:830} INFO - Processing file /home/ubuntu/air_venv/lib/python3.10/site-packages/airflow/example_dags/example_latest_only_with_trigger.py for tasks to queue
[2024-03-18T08:01:16.842+0000] {logging_mixin.py:188} INFO - [2024-03-18T08:01:16.842+0000] {dagbag.py:540} INFO - Filling up the DagBag from /home/ubuntu/air_venv/lib/python3.10/site-packages/airflow/example_dags/example_latest_only_with_trigger.py
[2024-03-18T08:01:16.849+0000] {processor.py:840} INFO - DAG(s) 'latest_only_with_trigger' retrieved from /home/ubuntu/air_venv/lib/python3.10/site-packages/airflow/example_dags/example_latest_only_with_trigger.py
[2024-03-18T08:01:16.868+0000] {logging_mixin.py:188} INFO - [2024-03-18T08:01:16.868+0000] {dag.py:3047} INFO - Sync 1 DAGs
[2024-03-18T08:01:16.897+0000] {logging_mixin.py:188} INFO - [2024-03-18T08:01:16.897+0000] {dag.py:3834} INFO - Setting next_dagrun for latest_only_with_trigger to 2024-03-18 04:00:00+00:00, run_after=2024-03-18 08:00:00+00:00
[2024-03-18T08:01:16.924+0000] {processor.py:183} INFO - Processing /home/ubuntu/air_venv/lib/python3.10/site-packages/airflow/example_dags/example_latest_only_with_trigger.py took 0.088 seconds
[2024-03-18T08:02:10.635+0000] {processor.py:161} INFO - Started process (PID=4049) to work on /home/ubuntu/air_venv/lib/python3.10/site-packages/airflow/example_dags/example_latest_only_with_trigger.py
[2024-03-18T08:02:10.638+0000] {processor.py:830} INFO - Processing file /home/ubuntu/air_venv/lib/python3.10/site-packages/airflow/example_dags/example_latest_only_with_trigger.py for tasks to queue
[2024-03-18T08:02:10.639+0000] {logging_mixin.py:188} INFO - [2024-03-18T08:02:10.638+0000] {dagbag.py:540} INFO - Filling up the DagBag from /home/ubuntu/air_venv/lib/python3.10/site-packages/airflow/example_dags/example_latest_only_with_trigger.py
[2024-03-18T08:02:10.646+0000] {processor.py:840} INFO - DAG(s) 'latest_only_with_trigger' retrieved from /home/ubuntu/air_venv/lib/python3.10/site-packages/airflow/example_dags/example_latest_only_with_trigger.py
[2024-03-18T08:02:10.665+0000] {logging_mixin.py:188} INFO - [2024-03-18T08:02:10.665+0000] {dag.py:3047} INFO - Sync 1 DAGs
[2024-03-18T08:02:10.836+0000] {logging_mixin.py:188} INFO - [2024-03-18T08:02:10.836+0000] {dag.py:3834} INFO - Setting next_dagrun for latest_only_with_trigger to 2024-03-18 04:00:00+00:00, run_after=2024-03-18 08:00:00+00:00
[2024-03-18T08:02:10.860+0000] {processor.py:183} INFO - Processing /home/ubuntu/air_venv/lib/python3.10/site-packages/airflow/example_dags/example_latest_only_with_trigger.py took 0.229 seconds
[2024-03-18T08:03:07.682+0000] {processor.py:161} INFO - Started process (PID=4460) to work on /home/ubuntu/air_venv/lib/python3.10/site-packages/airflow/example_dags/example_latest_only_with_trigger.py
[2024-03-18T08:03:07.684+0000] {processor.py:830} INFO - Processing file /home/ubuntu/air_venv/lib/python3.10/site-packages/airflow/example_dags/example_latest_only_with_trigger.py for tasks to queue
[2024-03-18T08:03:07.685+0000] {logging_mixin.py:188} INFO - [2024-03-18T08:03:07.685+0000] {dagbag.py:540} INFO - Filling up the DagBag from /home/ubuntu/air_venv/lib/python3.10/site-packages/airflow/example_dags/example_latest_only_with_trigger.py
[2024-03-18T08:03:07.693+0000] {processor.py:840} INFO - DAG(s) 'latest_only_with_trigger' retrieved from /home/ubuntu/air_venv/lib/python3.10/site-packages/airflow/example_dags/example_latest_only_with_trigger.py
[2024-03-18T08:03:07.712+0000] {logging_mixin.py:188} INFO - [2024-03-18T08:03:07.711+0000] {dag.py:3047} INFO - Sync 1 DAGs
[2024-03-18T08:03:07.735+0000] {logging_mixin.py:188} INFO - [2024-03-18T08:03:07.734+0000] {dag.py:3834} INFO - Setting next_dagrun for latest_only_with_trigger to 2024-03-18 04:00:00+00:00, run_after=2024-03-18 08:00:00+00:00
[2024-03-18T08:03:07.761+0000] {processor.py:183} INFO - Processing /home/ubuntu/air_venv/lib/python3.10/site-packages/airflow/example_dags/example_latest_only_with_trigger.py took 0.083 seconds
[2024-03-18T08:03:52.704+0000] {processor.py:161} INFO - Started process (PID=4747) to work on /home/ubuntu/air_venv/lib/python3.10/site-packages/airflow/example_dags/example_latest_only_with_trigger.py
[2024-03-18T08:03:52.706+0000] {processor.py:830} INFO - Processing file /home/ubuntu/air_venv/lib/python3.10/site-packages/airflow/example_dags/example_latest_only_with_trigger.py for tasks to queue
[2024-03-18T08:03:52.707+0000] {logging_mixin.py:188} INFO - [2024-03-18T08:03:52.707+0000] {dagbag.py:540} INFO - Filling up the DagBag from /home/ubuntu/air_venv/lib/python3.10/site-packages/airflow/example_dags/example_latest_only_with_trigger.py
[2024-03-18T08:03:52.715+0000] {processor.py:840} INFO - DAG(s) 'latest_only_with_trigger' retrieved from /home/ubuntu/air_venv/lib/python3.10/site-packages/airflow/example_dags/example_latest_only_with_trigger.py
[2024-03-18T08:03:52.734+0000] {logging_mixin.py:188} INFO - [2024-03-18T08:03:52.734+0000] {dag.py:3047} INFO - Sync 1 DAGs
[2024-03-18T08:03:52.757+0000] {logging_mixin.py:188} INFO - [2024-03-18T08:03:52.757+0000] {dag.py:3834} INFO - Setting next_dagrun for latest_only_with_trigger to 2024-03-18 04:00:00+00:00, run_after=2024-03-18 08:00:00+00:00
[2024-03-18T08:03:52.782+0000] {processor.py:183} INFO - Processing /home/ubuntu/air_venv/lib/python3.10/site-packages/airflow/example_dags/example_latest_only_with_trigger.py took 0.081 seconds
[2024-03-18T08:04:42.900+0000] {processor.py:161} INFO - Started process (PID=5223) to work on /home/ubuntu/air_venv/lib/python3.10/site-packages/airflow/example_dags/example_latest_only_with_trigger.py
[2024-03-18T08:04:42.902+0000] {processor.py:830} INFO - Processing file /home/ubuntu/air_venv/lib/python3.10/site-packages/airflow/example_dags/example_latest_only_with_trigger.py for tasks to queue
[2024-03-18T08:04:42.903+0000] {logging_mixin.py:188} INFO - [2024-03-18T08:04:42.902+0000] {dagbag.py:540} INFO - Filling up the DagBag from /home/ubuntu/air_venv/lib/python3.10/site-packages/airflow/example_dags/example_latest_only_with_trigger.py
[2024-03-18T08:04:42.910+0000] {processor.py:840} INFO - DAG(s) 'latest_only_with_trigger' retrieved from /home/ubuntu/air_venv/lib/python3.10/site-packages/airflow/example_dags/example_latest_only_with_trigger.py
[2024-03-18T08:04:42.930+0000] {logging_mixin.py:188} INFO - [2024-03-18T08:04:42.930+0000] {dag.py:3047} INFO - Sync 1 DAGs
[2024-03-18T08:04:42.952+0000] {logging_mixin.py:188} INFO - [2024-03-18T08:04:42.952+0000] {dag.py:3834} INFO - Setting next_dagrun for latest_only_with_trigger to 2024-03-18 04:00:00+00:00, run_after=2024-03-18 08:00:00+00:00
[2024-03-18T08:04:42.977+0000] {processor.py:183} INFO - Processing /home/ubuntu/air_venv/lib/python3.10/site-packages/airflow/example_dags/example_latest_only_with_trigger.py took 0.080 seconds
[2024-03-18T08:05:33.751+0000] {processor.py:161} INFO - Started process (PID=5654) to work on /home/ubuntu/air_venv/lib/python3.10/site-packages/airflow/example_dags/example_latest_only_with_trigger.py
[2024-03-18T08:05:33.753+0000] {processor.py:830} INFO - Processing file /home/ubuntu/air_venv/lib/python3.10/site-packages/airflow/example_dags/example_latest_only_with_trigger.py for tasks to queue
[2024-03-18T08:05:33.754+0000] {logging_mixin.py:188} INFO - [2024-03-18T08:05:33.754+0000] {dagbag.py:540} INFO - Filling up the DagBag from /home/ubuntu/air_venv/lib/python3.10/site-packages/airflow/example_dags/example_latest_only_with_trigger.py
[2024-03-18T08:05:33.762+0000] {processor.py:840} INFO - DAG(s) 'latest_only_with_trigger' retrieved from /home/ubuntu/air_venv/lib/python3.10/site-packages/airflow/example_dags/example_latest_only_with_trigger.py
[2024-03-18T08:05:33.780+0000] {logging_mixin.py:188} INFO - [2024-03-18T08:05:33.779+0000] {dag.py:3047} INFO - Sync 1 DAGs
[2024-03-18T08:05:33.802+0000] {logging_mixin.py:188} INFO - [2024-03-18T08:05:33.802+0000] {dag.py:3834} INFO - Setting next_dagrun for latest_only_with_trigger to 2024-03-18 04:00:00+00:00, run_after=2024-03-18 08:00:00+00:00
[2024-03-18T08:05:33.831+0000] {processor.py:183} INFO - Processing /home/ubuntu/air_venv/lib/python3.10/site-packages/airflow/example_dags/example_latest_only_with_trigger.py took 0.082 seconds
[2024-03-18T08:07:26.612+0000] {processor.py:161} INFO - Started process (PID=7066) to work on /home/ubuntu/air_venv/lib/python3.10/site-packages/airflow/example_dags/example_latest_only_with_trigger.py
[2024-03-18T08:07:26.614+0000] {processor.py:830} INFO - Processing file /home/ubuntu/air_venv/lib/python3.10/site-packages/airflow/example_dags/example_latest_only_with_trigger.py for tasks to queue
[2024-03-18T08:07:26.615+0000] {logging_mixin.py:188} INFO - [2024-03-18T08:07:26.615+0000] {dagbag.py:540} INFO - Filling up the DagBag from /home/ubuntu/air_venv/lib/python3.10/site-packages/airflow/example_dags/example_latest_only_with_trigger.py
[2024-03-18T08:07:26.622+0000] {processor.py:840} INFO - DAG(s) 'latest_only_with_trigger' retrieved from /home/ubuntu/air_venv/lib/python3.10/site-packages/airflow/example_dags/example_latest_only_with_trigger.py
[2024-03-18T08:07:26.642+0000] {logging_mixin.py:188} INFO - [2024-03-18T08:07:26.642+0000] {dag.py:3047} INFO - Sync 1 DAGs
[2024-03-18T08:07:26.666+0000] {logging_mixin.py:188} INFO - [2024-03-18T08:07:26.666+0000] {dag.py:3834} INFO - Setting next_dagrun for latest_only_with_trigger to 2024-03-18 04:00:00+00:00, run_after=2024-03-18 08:00:00+00:00
[2024-03-18T08:07:26.692+0000] {processor.py:183} INFO - Processing /home/ubuntu/air_venv/lib/python3.10/site-packages/airflow/example_dags/example_latest_only_with_trigger.py took 0.083 seconds
[2024-03-18T08:08:20.614+0000] {processor.py:161} INFO - Started process (PID=7237) to work on /home/ubuntu/air_venv/lib/python3.10/site-packages/airflow/example_dags/example_latest_only_with_trigger.py
[2024-03-18T08:08:20.616+0000] {processor.py:830} INFO - Processing file /home/ubuntu/air_venv/lib/python3.10/site-packages/airflow/example_dags/example_latest_only_with_trigger.py for tasks to queue
[2024-03-18T08:08:20.617+0000] {logging_mixin.py:188} INFO - [2024-03-18T08:08:20.617+0000] {dagbag.py:540} INFO - Filling up the DagBag from /home/ubuntu/air_venv/lib/python3.10/site-packages/airflow/example_dags/example_latest_only_with_trigger.py
[2024-03-18T08:08:20.624+0000] {processor.py:840} INFO - DAG(s) 'latest_only_with_trigger' retrieved from /home/ubuntu/air_venv/lib/python3.10/site-packages/airflow/example_dags/example_latest_only_with_trigger.py
[2024-03-18T08:08:20.643+0000] {logging_mixin.py:188} INFO - [2024-03-18T08:08:20.642+0000] {dag.py:3047} INFO - Sync 1 DAGs
[2024-03-18T08:08:20.669+0000] {logging_mixin.py:188} INFO - [2024-03-18T08:08:20.669+0000] {dag.py:3834} INFO - Setting next_dagrun for latest_only_with_trigger to 2024-03-18 04:00:00+00:00, run_after=2024-03-18 08:00:00+00:00
[2024-03-18T08:08:20.700+0000] {processor.py:183} INFO - Processing /home/ubuntu/air_venv/lib/python3.10/site-packages/airflow/example_dags/example_latest_only_with_trigger.py took 0.090 seconds
[2024-03-18T08:09:09.209+0000] {processor.py:161} INFO - Started process (PID=7655) to work on /home/ubuntu/air_venv/lib/python3.10/site-packages/airflow/example_dags/example_latest_only_with_trigger.py
[2024-03-18T08:09:09.211+0000] {processor.py:830} INFO - Processing file /home/ubuntu/air_venv/lib/python3.10/site-packages/airflow/example_dags/example_latest_only_with_trigger.py for tasks to queue
[2024-03-18T08:09:09.216+0000] {logging_mixin.py:188} INFO - [2024-03-18T08:09:09.215+0000] {dagbag.py:540} INFO - Filling up the DagBag from /home/ubuntu/air_venv/lib/python3.10/site-packages/airflow/example_dags/example_latest_only_with_trigger.py
[2024-03-18T08:09:09.224+0000] {processor.py:840} INFO - DAG(s) 'latest_only_with_trigger' retrieved from /home/ubuntu/air_venv/lib/python3.10/site-packages/airflow/example_dags/example_latest_only_with_trigger.py
[2024-03-18T08:09:09.245+0000] {logging_mixin.py:188} INFO - [2024-03-18T08:09:09.245+0000] {dag.py:3047} INFO - Sync 1 DAGs
[2024-03-18T08:09:09.267+0000] {logging_mixin.py:188} INFO - [2024-03-18T08:09:09.267+0000] {dag.py:3834} INFO - Setting next_dagrun for latest_only_with_trigger to 2024-03-18 04:00:00+00:00, run_after=2024-03-18 08:00:00+00:00
[2024-03-18T08:09:09.292+0000] {processor.py:183} INFO - Processing /home/ubuntu/air_venv/lib/python3.10/site-packages/airflow/example_dags/example_latest_only_with_trigger.py took 0.090 seconds
[2024-03-18T08:10:12.887+0000] {processor.py:161} INFO - Started process (PID=8197) to work on /home/ubuntu/air_venv/lib/python3.10/site-packages/airflow/example_dags/example_latest_only_with_trigger.py
[2024-03-18T08:10:12.889+0000] {processor.py:830} INFO - Processing file /home/ubuntu/air_venv/lib/python3.10/site-packages/airflow/example_dags/example_latest_only_with_trigger.py for tasks to queue
[2024-03-18T08:10:12.891+0000] {logging_mixin.py:188} INFO - [2024-03-18T08:10:12.890+0000] {dagbag.py:540} INFO - Filling up the DagBag from /home/ubuntu/air_venv/lib/python3.10/site-packages/airflow/example_dags/example_latest_only_with_trigger.py
[2024-03-18T08:10:12.898+0000] {processor.py:840} INFO - DAG(s) 'latest_only_with_trigger' retrieved from /home/ubuntu/air_venv/lib/python3.10/site-packages/airflow/example_dags/example_latest_only_with_trigger.py
[2024-03-18T08:10:12.919+0000] {logging_mixin.py:188} INFO - [2024-03-18T08:10:12.918+0000] {dag.py:3047} INFO - Sync 1 DAGs
[2024-03-18T08:10:12.943+0000] {logging_mixin.py:188} INFO - [2024-03-18T08:10:12.943+0000] {dag.py:3834} INFO - Setting next_dagrun for latest_only_with_trigger to 2024-03-18 04:00:00+00:00, run_after=2024-03-18 08:00:00+00:00
[2024-03-18T08:10:12.973+0000] {processor.py:183} INFO - Processing /home/ubuntu/air_venv/lib/python3.10/site-packages/airflow/example_dags/example_latest_only_with_trigger.py took 0.090 seconds
[2024-03-18T08:11:11.705+0000] {processor.py:161} INFO - Started process (PID=8642) to work on /home/ubuntu/air_venv/lib/python3.10/site-packages/airflow/example_dags/example_latest_only_with_trigger.py
[2024-03-18T08:11:11.707+0000] {processor.py:830} INFO - Processing file /home/ubuntu/air_venv/lib/python3.10/site-packages/airflow/example_dags/example_latest_only_with_trigger.py for tasks to queue
[2024-03-18T08:11:11.708+0000] {logging_mixin.py:188} INFO - [2024-03-18T08:11:11.708+0000] {dagbag.py:540} INFO - Filling up the DagBag from /home/ubuntu/air_venv/lib/python3.10/site-packages/airflow/example_dags/example_latest_only_with_trigger.py
[2024-03-18T08:11:11.715+0000] {processor.py:840} INFO - DAG(s) 'latest_only_with_trigger' retrieved from /home/ubuntu/air_venv/lib/python3.10/site-packages/airflow/example_dags/example_latest_only_with_trigger.py
[2024-03-18T08:11:11.735+0000] {logging_mixin.py:188} INFO - [2024-03-18T08:11:11.734+0000] {dag.py:3047} INFO - Sync 1 DAGs
[2024-03-18T08:11:11.757+0000] {logging_mixin.py:188} INFO - [2024-03-18T08:11:11.757+0000] {dag.py:3834} INFO - Setting next_dagrun for latest_only_with_trigger to 2024-03-18 04:00:00+00:00, run_after=2024-03-18 08:00:00+00:00
[2024-03-18T08:11:11.781+0000] {processor.py:183} INFO - Processing /home/ubuntu/air_venv/lib/python3.10/site-packages/airflow/example_dags/example_latest_only_with_trigger.py took 0.079 seconds
[2024-03-18T08:12:13.324+0000] {processor.py:161} INFO - Started process (PID=8981) to work on /home/ubuntu/air_venv/lib/python3.10/site-packages/airflow/example_dags/example_latest_only_with_trigger.py
[2024-03-18T08:12:13.326+0000] {processor.py:830} INFO - Processing file /home/ubuntu/air_venv/lib/python3.10/site-packages/airflow/example_dags/example_latest_only_with_trigger.py for tasks to queue
[2024-03-18T08:12:13.327+0000] {logging_mixin.py:188} INFO - [2024-03-18T08:12:13.326+0000] {dagbag.py:540} INFO - Filling up the DagBag from /home/ubuntu/air_venv/lib/python3.10/site-packages/airflow/example_dags/example_latest_only_with_trigger.py
[2024-03-18T08:12:13.334+0000] {processor.py:840} INFO - DAG(s) 'latest_only_with_trigger' retrieved from /home/ubuntu/air_venv/lib/python3.10/site-packages/airflow/example_dags/example_latest_only_with_trigger.py
[2024-03-18T08:12:13.354+0000] {logging_mixin.py:188} INFO - [2024-03-18T08:12:13.354+0000] {dag.py:3047} INFO - Sync 1 DAGs
[2024-03-18T08:12:13.377+0000] {logging_mixin.py:188} INFO - [2024-03-18T08:12:13.377+0000] {dag.py:3834} INFO - Setting next_dagrun for latest_only_with_trigger to 2024-03-18 04:00:00+00:00, run_after=2024-03-18 08:00:00+00:00
[2024-03-18T08:12:13.402+0000] {processor.py:183} INFO - Processing /home/ubuntu/air_venv/lib/python3.10/site-packages/airflow/example_dags/example_latest_only_with_trigger.py took 0.081 seconds
[2024-03-18T08:13:20.633+0000] {processor.py:161} INFO - Started process (PID=9526) to work on /home/ubuntu/air_venv/lib/python3.10/site-packages/airflow/example_dags/example_latest_only_with_trigger.py
[2024-03-18T08:13:20.635+0000] {processor.py:830} INFO - Processing file /home/ubuntu/air_venv/lib/python3.10/site-packages/airflow/example_dags/example_latest_only_with_trigger.py for tasks to queue
[2024-03-18T08:13:20.636+0000] {logging_mixin.py:188} INFO - [2024-03-18T08:13:20.636+0000] {dagbag.py:540} INFO - Filling up the DagBag from /home/ubuntu/air_venv/lib/python3.10/site-packages/airflow/example_dags/example_latest_only_with_trigger.py
[2024-03-18T08:13:20.643+0000] {processor.py:840} INFO - DAG(s) 'latest_only_with_trigger' retrieved from /home/ubuntu/air_venv/lib/python3.10/site-packages/airflow/example_dags/example_latest_only_with_trigger.py
[2024-03-18T08:13:20.662+0000] {logging_mixin.py:188} INFO - [2024-03-18T08:13:20.661+0000] {dag.py:3047} INFO - Sync 1 DAGs
[2024-03-18T08:13:20.684+0000] {logging_mixin.py:188} INFO - [2024-03-18T08:13:20.684+0000] {dag.py:3834} INFO - Setting next_dagrun for latest_only_with_trigger to 2024-03-18 04:00:00+00:00, run_after=2024-03-18 08:00:00+00:00
[2024-03-18T08:13:20.709+0000] {processor.py:183} INFO - Processing /home/ubuntu/air_venv/lib/python3.10/site-packages/airflow/example_dags/example_latest_only_with_trigger.py took 0.079 seconds
[2024-03-18T08:14:18.682+0000] {processor.py:161} INFO - Started process (PID=9766) to work on /home/ubuntu/air_venv/lib/python3.10/site-packages/airflow/example_dags/example_latest_only_with_trigger.py
[2024-03-18T08:14:18.684+0000] {processor.py:830} INFO - Processing file /home/ubuntu/air_venv/lib/python3.10/site-packages/airflow/example_dags/example_latest_only_with_trigger.py for tasks to queue
[2024-03-18T08:14:18.685+0000] {logging_mixin.py:188} INFO - [2024-03-18T08:14:18.685+0000] {dagbag.py:540} INFO - Filling up the DagBag from /home/ubuntu/air_venv/lib/python3.10/site-packages/airflow/example_dags/example_latest_only_with_trigger.py
[2024-03-18T08:14:18.692+0000] {processor.py:840} INFO - DAG(s) 'latest_only_with_trigger' retrieved from /home/ubuntu/air_venv/lib/python3.10/site-packages/airflow/example_dags/example_latest_only_with_trigger.py
[2024-03-18T08:14:18.711+0000] {logging_mixin.py:188} INFO - [2024-03-18T08:14:18.711+0000] {dag.py:3047} INFO - Sync 1 DAGs
[2024-03-18T08:14:18.733+0000] {logging_mixin.py:188} INFO - [2024-03-18T08:14:18.733+0000] {dag.py:3834} INFO - Setting next_dagrun for latest_only_with_trigger to 2024-03-18 04:00:00+00:00, run_after=2024-03-18 08:00:00+00:00
[2024-03-18T08:14:18.759+0000] {processor.py:183} INFO - Processing /home/ubuntu/air_venv/lib/python3.10/site-packages/airflow/example_dags/example_latest_only_with_trigger.py took 0.080 seconds
[2024-03-18T08:15:35.919+0000] {processor.py:161} INFO - Started process (PID=10568) to work on /home/ubuntu/air_venv/lib/python3.10/site-packages/airflow/example_dags/example_latest_only_with_trigger.py
[2024-03-18T08:15:35.921+0000] {processor.py:830} INFO - Processing file /home/ubuntu/air_venv/lib/python3.10/site-packages/airflow/example_dags/example_latest_only_with_trigger.py for tasks to queue
[2024-03-18T08:15:35.922+0000] {logging_mixin.py:188} INFO - [2024-03-18T08:15:35.921+0000] {dagbag.py:540} INFO - Filling up the DagBag from /home/ubuntu/air_venv/lib/python3.10/site-packages/airflow/example_dags/example_latest_only_with_trigger.py
[2024-03-18T08:15:35.929+0000] {processor.py:840} INFO - DAG(s) 'latest_only_with_trigger' retrieved from /home/ubuntu/air_venv/lib/python3.10/site-packages/airflow/example_dags/example_latest_only_with_trigger.py
[2024-03-18T08:15:35.948+0000] {logging_mixin.py:188} INFO - [2024-03-18T08:15:35.948+0000] {dag.py:3047} INFO - Sync 1 DAGs
[2024-03-18T08:15:35.970+0000] {logging_mixin.py:188} INFO - [2024-03-18T08:15:35.970+0000] {dag.py:3834} INFO - Setting next_dagrun for latest_only_with_trigger to 2024-03-18 04:00:00+00:00, run_after=2024-03-18 08:00:00+00:00
[2024-03-18T08:15:35.998+0000] {processor.py:183} INFO - Processing /home/ubuntu/air_venv/lib/python3.10/site-packages/airflow/example_dags/example_latest_only_with_trigger.py took 0.083 seconds
[2024-03-18T08:16:28.808+0000] {processor.py:161} INFO - Started process (PID=11159) to work on /home/ubuntu/air_venv/lib/python3.10/site-packages/airflow/example_dags/example_latest_only_with_trigger.py
[2024-03-18T08:16:28.810+0000] {processor.py:830} INFO - Processing file /home/ubuntu/air_venv/lib/python3.10/site-packages/airflow/example_dags/example_latest_only_with_trigger.py for tasks to queue
[2024-03-18T08:16:28.811+0000] {logging_mixin.py:188} INFO - [2024-03-18T08:16:28.810+0000] {dagbag.py:540} INFO - Filling up the DagBag from /home/ubuntu/air_venv/lib/python3.10/site-packages/airflow/example_dags/example_latest_only_with_trigger.py
[2024-03-18T08:16:28.818+0000] {processor.py:840} INFO - DAG(s) 'latest_only_with_trigger' retrieved from /home/ubuntu/air_venv/lib/python3.10/site-packages/airflow/example_dags/example_latest_only_with_trigger.py
[2024-03-18T08:16:28.836+0000] {logging_mixin.py:188} INFO - [2024-03-18T08:16:28.836+0000] {dag.py:3047} INFO - Sync 1 DAGs
[2024-03-18T08:16:28.866+0000] {logging_mixin.py:188} INFO - [2024-03-18T08:16:28.866+0000] {dag.py:3834} INFO - Setting next_dagrun for latest_only_with_trigger to 2024-03-18 04:00:00+00:00, run_after=2024-03-18 08:00:00+00:00
[2024-03-18T08:16:28.910+0000] {processor.py:183} INFO - Processing /home/ubuntu/air_venv/lib/python3.10/site-packages/airflow/example_dags/example_latest_only_with_trigger.py took 0.106 seconds
[2024-03-18T08:17:19.224+0000] {processor.py:161} INFO - Started process (PID=11810) to work on /home/ubuntu/air_venv/lib/python3.10/site-packages/airflow/example_dags/example_latest_only_with_trigger.py
[2024-03-18T08:17:19.226+0000] {processor.py:830} INFO - Processing file /home/ubuntu/air_venv/lib/python3.10/site-packages/airflow/example_dags/example_latest_only_with_trigger.py for tasks to queue
[2024-03-18T08:17:19.227+0000] {logging_mixin.py:188} INFO - [2024-03-18T08:17:19.227+0000] {dagbag.py:540} INFO - Filling up the DagBag from /home/ubuntu/air_venv/lib/python3.10/site-packages/airflow/example_dags/example_latest_only_with_trigger.py
[2024-03-18T08:17:19.235+0000] {processor.py:840} INFO - DAG(s) 'latest_only_with_trigger' retrieved from /home/ubuntu/air_venv/lib/python3.10/site-packages/airflow/example_dags/example_latest_only_with_trigger.py
[2024-03-18T08:17:19.254+0000] {logging_mixin.py:188} INFO - [2024-03-18T08:17:19.254+0000] {dag.py:3047} INFO - Sync 1 DAGs
[2024-03-18T08:17:19.276+0000] {logging_mixin.py:188} INFO - [2024-03-18T08:17:19.276+0000] {dag.py:3834} INFO - Setting next_dagrun for latest_only_with_trigger to 2024-03-18 04:00:00+00:00, run_after=2024-03-18 08:00:00+00:00
[2024-03-18T08:17:19.301+0000] {processor.py:183} INFO - Processing /home/ubuntu/air_venv/lib/python3.10/site-packages/airflow/example_dags/example_latest_only_with_trigger.py took 0.081 seconds
[2024-03-18T08:18:23.736+0000] {processor.py:161} INFO - Started process (PID=12475) to work on /home/ubuntu/air_venv/lib/python3.10/site-packages/airflow/example_dags/example_latest_only_with_trigger.py
[2024-03-18T08:18:23.738+0000] {processor.py:830} INFO - Processing file /home/ubuntu/air_venv/lib/python3.10/site-packages/airflow/example_dags/example_latest_only_with_trigger.py for tasks to queue
[2024-03-18T08:18:23.739+0000] {logging_mixin.py:188} INFO - [2024-03-18T08:18:23.738+0000] {dagbag.py:540} INFO - Filling up the DagBag from /home/ubuntu/air_venv/lib/python3.10/site-packages/airflow/example_dags/example_latest_only_with_trigger.py
[2024-03-18T08:18:23.746+0000] {processor.py:840} INFO - DAG(s) 'latest_only_with_trigger' retrieved from /home/ubuntu/air_venv/lib/python3.10/site-packages/airflow/example_dags/example_latest_only_with_trigger.py
[2024-03-18T08:18:23.764+0000] {logging_mixin.py:188} INFO - [2024-03-18T08:18:23.763+0000] {dag.py:3047} INFO - Sync 1 DAGs
[2024-03-18T08:18:23.785+0000] {logging_mixin.py:188} INFO - [2024-03-18T08:18:23.785+0000] {dag.py:3834} INFO - Setting next_dagrun for latest_only_with_trigger to 2024-03-18 04:00:00+00:00, run_after=2024-03-18 08:00:00+00:00
[2024-03-18T08:18:23.808+0000] {processor.py:183} INFO - Processing /home/ubuntu/air_venv/lib/python3.10/site-packages/airflow/example_dags/example_latest_only_with_trigger.py took 0.075 seconds
[2024-03-18T08:19:16.112+0000] {processor.py:161} INFO - Started process (PID=12705) to work on /home/ubuntu/air_venv/lib/python3.10/site-packages/airflow/example_dags/example_latest_only_with_trigger.py
[2024-03-18T08:19:16.114+0000] {processor.py:830} INFO - Processing file /home/ubuntu/air_venv/lib/python3.10/site-packages/airflow/example_dags/example_latest_only_with_trigger.py for tasks to queue
[2024-03-18T08:19:16.115+0000] {logging_mixin.py:188} INFO - [2024-03-18T08:19:16.115+0000] {dagbag.py:540} INFO - Filling up the DagBag from /home/ubuntu/air_venv/lib/python3.10/site-packages/airflow/example_dags/example_latest_only_with_trigger.py
[2024-03-18T08:19:16.123+0000] {processor.py:840} INFO - DAG(s) 'latest_only_with_trigger' retrieved from /home/ubuntu/air_venv/lib/python3.10/site-packages/airflow/example_dags/example_latest_only_with_trigger.py
[2024-03-18T08:19:16.141+0000] {logging_mixin.py:188} INFO - [2024-03-18T08:19:16.141+0000] {dag.py:3047} INFO - Sync 1 DAGs
[2024-03-18T08:19:16.165+0000] {logging_mixin.py:188} INFO - [2024-03-18T08:19:16.165+0000] {dag.py:3834} INFO - Setting next_dagrun for latest_only_with_trigger to 2024-03-18 04:00:00+00:00, run_after=2024-03-18 08:00:00+00:00
[2024-03-18T08:19:16.202+0000] {processor.py:183} INFO - Processing /home/ubuntu/air_venv/lib/python3.10/site-packages/airflow/example_dags/example_latest_only_with_trigger.py took 0.093 seconds
[2024-03-18T08:20:13.394+0000] {processor.py:161} INFO - Started process (PID=13239) to work on /home/ubuntu/air_venv/lib/python3.10/site-packages/airflow/example_dags/example_latest_only_with_trigger.py
[2024-03-18T08:20:13.397+0000] {processor.py:830} INFO - Processing file /home/ubuntu/air_venv/lib/python3.10/site-packages/airflow/example_dags/example_latest_only_with_trigger.py for tasks to queue
[2024-03-18T08:20:13.398+0000] {logging_mixin.py:188} INFO - [2024-03-18T08:20:13.398+0000] {dagbag.py:540} INFO - Filling up the DagBag from /home/ubuntu/air_venv/lib/python3.10/site-packages/airflow/example_dags/example_latest_only_with_trigger.py
[2024-03-18T08:20:13.406+0000] {processor.py:840} INFO - DAG(s) 'latest_only_with_trigger' retrieved from /home/ubuntu/air_venv/lib/python3.10/site-packages/airflow/example_dags/example_latest_only_with_trigger.py
[2024-03-18T08:20:13.426+0000] {logging_mixin.py:188} INFO - [2024-03-18T08:20:13.425+0000] {dag.py:3047} INFO - Sync 1 DAGs
[2024-03-18T08:20:13.450+0000] {logging_mixin.py:188} INFO - [2024-03-18T08:20:13.450+0000] {dag.py:3834} INFO - Setting next_dagrun for latest_only_with_trigger to 2024-03-18 04:00:00+00:00, run_after=2024-03-18 08:00:00+00:00
[2024-03-18T08:20:13.478+0000] {processor.py:183} INFO - Processing /home/ubuntu/air_venv/lib/python3.10/site-packages/airflow/example_dags/example_latest_only_with_trigger.py took 0.087 seconds
[2024-03-18T08:21:14.846+0000] {processor.py:161} INFO - Started process (PID=13597) to work on /home/ubuntu/air_venv/lib/python3.10/site-packages/airflow/example_dags/example_latest_only_with_trigger.py
[2024-03-18T08:21:14.848+0000] {processor.py:830} INFO - Processing file /home/ubuntu/air_venv/lib/python3.10/site-packages/airflow/example_dags/example_latest_only_with_trigger.py for tasks to queue
[2024-03-18T08:21:14.849+0000] {logging_mixin.py:188} INFO - [2024-03-18T08:21:14.849+0000] {dagbag.py:540} INFO - Filling up the DagBag from /home/ubuntu/air_venv/lib/python3.10/site-packages/airflow/example_dags/example_latest_only_with_trigger.py
[2024-03-18T08:21:14.857+0000] {processor.py:840} INFO - DAG(s) 'latest_only_with_trigger' retrieved from /home/ubuntu/air_venv/lib/python3.10/site-packages/airflow/example_dags/example_latest_only_with_trigger.py
[2024-03-18T08:21:14.875+0000] {logging_mixin.py:188} INFO - [2024-03-18T08:21:14.875+0000] {dag.py:3047} INFO - Sync 1 DAGs
[2024-03-18T08:21:14.897+0000] {logging_mixin.py:188} INFO - [2024-03-18T08:21:14.897+0000] {dag.py:3834} INFO - Setting next_dagrun for latest_only_with_trigger to 2024-03-18 04:00:00+00:00, run_after=2024-03-18 08:00:00+00:00
[2024-03-18T08:21:14.921+0000] {processor.py:183} INFO - Processing /home/ubuntu/air_venv/lib/python3.10/site-packages/airflow/example_dags/example_latest_only_with_trigger.py took 0.078 seconds
[2024-03-18T08:22:03.076+0000] {processor.py:161} INFO - Started process (PID=13768) to work on /home/ubuntu/air_venv/lib/python3.10/site-packages/airflow/example_dags/example_latest_only_with_trigger.py
[2024-03-18T08:22:03.079+0000] {processor.py:830} INFO - Processing file /home/ubuntu/air_venv/lib/python3.10/site-packages/airflow/example_dags/example_latest_only_with_trigger.py for tasks to queue
[2024-03-18T08:22:03.080+0000] {logging_mixin.py:188} INFO - [2024-03-18T08:22:03.080+0000] {dagbag.py:540} INFO - Filling up the DagBag from /home/ubuntu/air_venv/lib/python3.10/site-packages/airflow/example_dags/example_latest_only_with_trigger.py
[2024-03-18T08:22:03.099+0000] {processor.py:840} INFO - DAG(s) 'latest_only_with_trigger' retrieved from /home/ubuntu/air_venv/lib/python3.10/site-packages/airflow/example_dags/example_latest_only_with_trigger.py
[2024-03-18T08:22:03.131+0000] {logging_mixin.py:188} INFO - [2024-03-18T08:22:03.130+0000] {dag.py:3047} INFO - Sync 1 DAGs
[2024-03-18T08:22:03.187+0000] {logging_mixin.py:188} INFO - [2024-03-18T08:22:03.187+0000] {dag.py:3834} INFO - Setting next_dagrun for latest_only_with_trigger to 2024-03-18 04:00:00+00:00, run_after=2024-03-18 08:00:00+00:00
[2024-03-18T08:22:03.284+0000] {processor.py:183} INFO - Processing /home/ubuntu/air_venv/lib/python3.10/site-packages/airflow/example_dags/example_latest_only_with_trigger.py took 0.218 seconds
[2024-03-18T08:23:00.199+0000] {processor.py:161} INFO - Started process (PID=14175) to work on /home/ubuntu/air_venv/lib/python3.10/site-packages/airflow/example_dags/example_latest_only_with_trigger.py
[2024-03-18T08:23:00.202+0000] {processor.py:830} INFO - Processing file /home/ubuntu/air_venv/lib/python3.10/site-packages/airflow/example_dags/example_latest_only_with_trigger.py for tasks to queue
[2024-03-18T08:23:00.203+0000] {logging_mixin.py:188} INFO - [2024-03-18T08:23:00.203+0000] {dagbag.py:540} INFO - Filling up the DagBag from /home/ubuntu/air_venv/lib/python3.10/site-packages/airflow/example_dags/example_latest_only_with_trigger.py
[2024-03-18T08:23:00.212+0000] {processor.py:840} INFO - DAG(s) 'latest_only_with_trigger' retrieved from /home/ubuntu/air_venv/lib/python3.10/site-packages/airflow/example_dags/example_latest_only_with_trigger.py
[2024-03-18T08:23:00.231+0000] {logging_mixin.py:188} INFO - [2024-03-18T08:23:00.231+0000] {dag.py:3047} INFO - Sync 1 DAGs
[2024-03-18T08:23:00.256+0000] {logging_mixin.py:188} INFO - [2024-03-18T08:23:00.256+0000] {dag.py:3834} INFO - Setting next_dagrun for latest_only_with_trigger to 2024-03-18 04:00:00+00:00, run_after=2024-03-18 08:00:00+00:00
[2024-03-18T08:23:00.284+0000] {processor.py:183} INFO - Processing /home/ubuntu/air_venv/lib/python3.10/site-packages/airflow/example_dags/example_latest_only_with_trigger.py took 0.088 seconds
[2024-03-18T08:24:01.716+0000] {processor.py:161} INFO - Started process (PID=14660) to work on /home/ubuntu/air_venv/lib/python3.10/site-packages/airflow/example_dags/example_latest_only_with_trigger.py
[2024-03-18T08:24:01.718+0000] {processor.py:830} INFO - Processing file /home/ubuntu/air_venv/lib/python3.10/site-packages/airflow/example_dags/example_latest_only_with_trigger.py for tasks to queue
[2024-03-18T08:24:01.719+0000] {logging_mixin.py:188} INFO - [2024-03-18T08:24:01.719+0000] {dagbag.py:540} INFO - Filling up the DagBag from /home/ubuntu/air_venv/lib/python3.10/site-packages/airflow/example_dags/example_latest_only_with_trigger.py
[2024-03-18T08:24:01.762+0000] {processor.py:840} INFO - DAG(s) 'latest_only_with_trigger' retrieved from /home/ubuntu/air_venv/lib/python3.10/site-packages/airflow/example_dags/example_latest_only_with_trigger.py
[2024-03-18T08:24:01.864+0000] {logging_mixin.py:188} INFO - [2024-03-18T08:24:01.864+0000] {dag.py:3047} INFO - Sync 1 DAGs
[2024-03-18T08:24:01.929+0000] {logging_mixin.py:188} INFO - [2024-03-18T08:24:01.929+0000] {dag.py:3834} INFO - Setting next_dagrun for latest_only_with_trigger to 2024-03-18 04:00:00+00:00, run_after=2024-03-18 08:00:00+00:00
[2024-03-18T08:24:02.029+0000] {processor.py:183} INFO - Processing /home/ubuntu/air_venv/lib/python3.10/site-packages/airflow/example_dags/example_latest_only_with_trigger.py took 0.334 seconds
[2024-03-18T08:24:59.345+0000] {processor.py:161} INFO - Started process (PID=15166) to work on /home/ubuntu/air_venv/lib/python3.10/site-packages/airflow/example_dags/example_latest_only_with_trigger.py
[2024-03-18T08:24:59.347+0000] {processor.py:830} INFO - Processing file /home/ubuntu/air_venv/lib/python3.10/site-packages/airflow/example_dags/example_latest_only_with_trigger.py for tasks to queue
[2024-03-18T08:24:59.348+0000] {logging_mixin.py:188} INFO - [2024-03-18T08:24:59.348+0000] {dagbag.py:540} INFO - Filling up the DagBag from /home/ubuntu/air_venv/lib/python3.10/site-packages/airflow/example_dags/example_latest_only_with_trigger.py
[2024-03-18T08:24:59.356+0000] {processor.py:840} INFO - DAG(s) 'latest_only_with_trigger' retrieved from /home/ubuntu/air_venv/lib/python3.10/site-packages/airflow/example_dags/example_latest_only_with_trigger.py
[2024-03-18T08:24:59.375+0000] {logging_mixin.py:188} INFO - [2024-03-18T08:24:59.374+0000] {dag.py:3047} INFO - Sync 1 DAGs
[2024-03-18T08:24:59.397+0000] {logging_mixin.py:188} INFO - [2024-03-18T08:24:59.396+0000] {dag.py:3834} INFO - Setting next_dagrun for latest_only_with_trigger to 2024-03-18 04:00:00+00:00, run_after=2024-03-18 08:00:00+00:00
[2024-03-18T08:24:59.421+0000] {processor.py:183} INFO - Processing /home/ubuntu/air_venv/lib/python3.10/site-packages/airflow/example_dags/example_latest_only_with_trigger.py took 0.079 seconds
[2024-03-18T08:26:06.647+0000] {processor.py:161} INFO - Started process (PID=15384) to work on /home/ubuntu/air_venv/lib/python3.10/site-packages/airflow/example_dags/example_latest_only_with_trigger.py
[2024-03-18T08:26:06.649+0000] {processor.py:830} INFO - Processing file /home/ubuntu/air_venv/lib/python3.10/site-packages/airflow/example_dags/example_latest_only_with_trigger.py for tasks to queue
[2024-03-18T08:26:06.651+0000] {logging_mixin.py:188} INFO - [2024-03-18T08:26:06.650+0000] {dagbag.py:540} INFO - Filling up the DagBag from /home/ubuntu/air_venv/lib/python3.10/site-packages/airflow/example_dags/example_latest_only_with_trigger.py
[2024-03-18T08:26:06.659+0000] {processor.py:840} INFO - DAG(s) 'latest_only_with_trigger' retrieved from /home/ubuntu/air_venv/lib/python3.10/site-packages/airflow/example_dags/example_latest_only_with_trigger.py
[2024-03-18T08:26:06.679+0000] {logging_mixin.py:188} INFO - [2024-03-18T08:26:06.678+0000] {dag.py:3047} INFO - Sync 1 DAGs
[2024-03-18T08:26:06.702+0000] {logging_mixin.py:188} INFO - [2024-03-18T08:26:06.702+0000] {dag.py:3834} INFO - Setting next_dagrun for latest_only_with_trigger to 2024-03-18 04:00:00+00:00, run_after=2024-03-18 08:00:00+00:00
[2024-03-18T08:26:06.731+0000] {processor.py:183} INFO - Processing /home/ubuntu/air_venv/lib/python3.10/site-packages/airflow/example_dags/example_latest_only_with_trigger.py took 0.087 seconds
[2024-03-18T08:27:06.733+0000] {processor.py:161} INFO - Started process (PID=15503) to work on /home/ubuntu/air_venv/lib/python3.10/site-packages/airflow/example_dags/example_latest_only_with_trigger.py
[2024-03-18T08:27:06.736+0000] {processor.py:830} INFO - Processing file /home/ubuntu/air_venv/lib/python3.10/site-packages/airflow/example_dags/example_latest_only_with_trigger.py for tasks to queue
[2024-03-18T08:27:06.737+0000] {logging_mixin.py:188} INFO - [2024-03-18T08:27:06.737+0000] {dagbag.py:540} INFO - Filling up the DagBag from /home/ubuntu/air_venv/lib/python3.10/site-packages/airflow/example_dags/example_latest_only_with_trigger.py
[2024-03-18T08:27:06.746+0000] {processor.py:840} INFO - DAG(s) 'latest_only_with_trigger' retrieved from /home/ubuntu/air_venv/lib/python3.10/site-packages/airflow/example_dags/example_latest_only_with_trigger.py
[2024-03-18T08:27:06.765+0000] {logging_mixin.py:188} INFO - [2024-03-18T08:27:06.765+0000] {dag.py:3047} INFO - Sync 1 DAGs
[2024-03-18T08:27:06.789+0000] {logging_mixin.py:188} INFO - [2024-03-18T08:27:06.789+0000] {dag.py:3834} INFO - Setting next_dagrun for latest_only_with_trigger to 2024-03-18 04:00:00+00:00, run_after=2024-03-18 08:00:00+00:00
[2024-03-18T08:27:06.818+0000] {processor.py:183} INFO - Processing /home/ubuntu/air_venv/lib/python3.10/site-packages/airflow/example_dags/example_latest_only_with_trigger.py took 0.088 seconds
[2024-03-18T08:28:10.540+0000] {processor.py:161} INFO - Started process (PID=15626) to work on /home/ubuntu/air_venv/lib/python3.10/site-packages/airflow/example_dags/example_latest_only_with_trigger.py
[2024-03-18T08:28:10.543+0000] {processor.py:830} INFO - Processing file /home/ubuntu/air_venv/lib/python3.10/site-packages/airflow/example_dags/example_latest_only_with_trigger.py for tasks to queue
[2024-03-18T08:28:10.544+0000] {logging_mixin.py:188} INFO - [2024-03-18T08:28:10.544+0000] {dagbag.py:540} INFO - Filling up the DagBag from /home/ubuntu/air_venv/lib/python3.10/site-packages/airflow/example_dags/example_latest_only_with_trigger.py
[2024-03-18T08:28:10.557+0000] {processor.py:840} INFO - DAG(s) 'latest_only_with_trigger' retrieved from /home/ubuntu/air_venv/lib/python3.10/site-packages/airflow/example_dags/example_latest_only_with_trigger.py
[2024-03-18T08:28:10.577+0000] {logging_mixin.py:188} INFO - [2024-03-18T08:28:10.577+0000] {dag.py:3047} INFO - Sync 1 DAGs
[2024-03-18T08:28:10.599+0000] {logging_mixin.py:188} INFO - [2024-03-18T08:28:10.599+0000] {dag.py:3834} INFO - Setting next_dagrun for latest_only_with_trigger to 2024-03-18 04:00:00+00:00, run_after=2024-03-18 08:00:00+00:00
[2024-03-18T08:28:10.625+0000] {processor.py:183} INFO - Processing /home/ubuntu/air_venv/lib/python3.10/site-packages/airflow/example_dags/example_latest_only_with_trigger.py took 0.088 seconds
[2024-03-18T08:29:13.692+0000] {processor.py:161} INFO - Started process (PID=15747) to work on /home/ubuntu/air_venv/lib/python3.10/site-packages/airflow/example_dags/example_latest_only_with_trigger.py
[2024-03-18T08:29:13.695+0000] {processor.py:830} INFO - Processing file /home/ubuntu/air_venv/lib/python3.10/site-packages/airflow/example_dags/example_latest_only_with_trigger.py for tasks to queue
[2024-03-18T08:29:13.696+0000] {logging_mixin.py:188} INFO - [2024-03-18T08:29:13.695+0000] {dagbag.py:540} INFO - Filling up the DagBag from /home/ubuntu/air_venv/lib/python3.10/site-packages/airflow/example_dags/example_latest_only_with_trigger.py
[2024-03-18T08:29:13.703+0000] {processor.py:840} INFO - DAG(s) 'latest_only_with_trigger' retrieved from /home/ubuntu/air_venv/lib/python3.10/site-packages/airflow/example_dags/example_latest_only_with_trigger.py
[2024-03-18T08:29:13.721+0000] {logging_mixin.py:188} INFO - [2024-03-18T08:29:13.721+0000] {dag.py:3047} INFO - Sync 1 DAGs
[2024-03-18T08:29:13.744+0000] {logging_mixin.py:188} INFO - [2024-03-18T08:29:13.744+0000] {dag.py:3834} INFO - Setting next_dagrun for latest_only_with_trigger to 2024-03-18 04:00:00+00:00, run_after=2024-03-18 08:00:00+00:00
[2024-03-18T08:29:13.772+0000] {processor.py:183} INFO - Processing /home/ubuntu/air_venv/lib/python3.10/site-packages/airflow/example_dags/example_latest_only_with_trigger.py took 0.083 seconds
