[2024-03-18T08:00:10.852+0000] {processor.py:161} INFO - Started process (PID=2917) to work on /home/ubuntu/air_venv/lib/python3.10/site-packages/airflow/example_dags/example_sensor_decorator.py
[2024-03-18T08:00:10.855+0000] {processor.py:830} INFO - Processing file /home/ubuntu/air_venv/lib/python3.10/site-packages/airflow/example_dags/example_sensor_decorator.py for tasks to queue
[2024-03-18T08:00:10.857+0000] {logging_mixin.py:188} INFO - [2024-03-18T08:00:10.856+0000] {dagbag.py:540} INFO - Filling up the DagBag from /home/ubuntu/air_venv/lib/python3.10/site-packages/airflow/example_dags/example_sensor_decorator.py
[2024-03-18T08:00:10.930+0000] {processor.py:840} INFO - DAG(s) 'example_sensor_decorator' retrieved from /home/ubuntu/air_venv/lib/python3.10/site-packages/airflow/example_dags/example_sensor_decorator.py
[2024-03-18T08:00:11.616+0000] {logging_mixin.py:188} INFO - [2024-03-18T08:00:11.615+0000] {override.py:1769} INFO - Created Permission View: can edit on DAG:example_sensor_decorator
[2024-03-18T08:00:11.760+0000] {logging_mixin.py:188} INFO - [2024-03-18T08:00:11.759+0000] {override.py:1769} INFO - Created Permission View: can delete on DAG:example_sensor_decorator
[2024-03-18T08:00:11.797+0000] {logging_mixin.py:188} INFO - [2024-03-18T08:00:11.797+0000] {override.py:1769} INFO - Created Permission View: can read on DAG:example_sensor_decorator
[2024-03-18T08:00:11.802+0000] {logging_mixin.py:188} INFO - [2024-03-18T08:00:11.798+0000] {dag.py:3047} INFO - Sync 1 DAGs
[2024-03-18T08:00:11.837+0000] {logging_mixin.py:188} INFO - [2024-03-18T08:00:11.836+0000] {dag.py:3069} INFO - Creating ORM DAG for example_sensor_decorator
[2024-03-18T08:00:11.840+0000] {logging_mixin.py:188} INFO - [2024-03-18T08:00:11.839+0000] {dag.py:3834} INFO - Setting next_dagrun for example_sensor_decorator to None, run_after=None
[2024-03-18T08:00:11.986+0000] {processor.py:183} INFO - Processing /home/ubuntu/air_venv/lib/python3.10/site-packages/airflow/example_dags/example_sensor_decorator.py took 1.142 seconds
[2024-03-18T08:01:10.343+0000] {processor.py:161} INFO - Started process (PID=3356) to work on /home/ubuntu/air_venv/lib/python3.10/site-packages/airflow/example_dags/example_sensor_decorator.py
[2024-03-18T08:01:10.345+0000] {processor.py:830} INFO - Processing file /home/ubuntu/air_venv/lib/python3.10/site-packages/airflow/example_dags/example_sensor_decorator.py for tasks to queue
[2024-03-18T08:01:10.347+0000] {logging_mixin.py:188} INFO - [2024-03-18T08:01:10.346+0000] {dagbag.py:540} INFO - Filling up the DagBag from /home/ubuntu/air_venv/lib/python3.10/site-packages/airflow/example_dags/example_sensor_decorator.py
[2024-03-18T08:01:10.354+0000] {processor.py:840} INFO - DAG(s) 'example_sensor_decorator' retrieved from /home/ubuntu/air_venv/lib/python3.10/site-packages/airflow/example_dags/example_sensor_decorator.py
[2024-03-18T08:01:10.371+0000] {logging_mixin.py:188} INFO - [2024-03-18T08:01:10.370+0000] {dag.py:3047} INFO - Sync 1 DAGs
[2024-03-18T08:01:10.383+0000] {logging_mixin.py:188} INFO - [2024-03-18T08:01:10.383+0000] {dag.py:3834} INFO - Setting next_dagrun for example_sensor_decorator to None, run_after=None
[2024-03-18T08:01:10.409+0000] {processor.py:183} INFO - Processing /home/ubuntu/air_venv/lib/python3.10/site-packages/airflow/example_dags/example_sensor_decorator.py took 0.070 seconds
[2024-03-18T08:02:01.974+0000] {processor.py:161} INFO - Started process (PID=3948) to work on /home/ubuntu/air_venv/lib/python3.10/site-packages/airflow/example_dags/example_sensor_decorator.py
[2024-03-18T08:02:01.977+0000] {processor.py:830} INFO - Processing file /home/ubuntu/air_venv/lib/python3.10/site-packages/airflow/example_dags/example_sensor_decorator.py for tasks to queue
[2024-03-18T08:02:01.978+0000] {logging_mixin.py:188} INFO - [2024-03-18T08:02:01.978+0000] {dagbag.py:540} INFO - Filling up the DagBag from /home/ubuntu/air_venv/lib/python3.10/site-packages/airflow/example_dags/example_sensor_decorator.py
[2024-03-18T08:02:02.004+0000] {processor.py:840} INFO - DAG(s) 'example_sensor_decorator' retrieved from /home/ubuntu/air_venv/lib/python3.10/site-packages/airflow/example_dags/example_sensor_decorator.py
[2024-03-18T08:02:02.052+0000] {logging_mixin.py:188} INFO - [2024-03-18T08:02:02.051+0000] {dag.py:3047} INFO - Sync 1 DAGs
[2024-03-18T08:02:02.087+0000] {logging_mixin.py:188} INFO - [2024-03-18T08:02:02.086+0000] {dag.py:3834} INFO - Setting next_dagrun for example_sensor_decorator to None, run_after=None
[2024-03-18T08:02:02.903+0000] {processor.py:183} INFO - Processing /home/ubuntu/air_venv/lib/python3.10/site-packages/airflow/example_dags/example_sensor_decorator.py took 0.948 seconds
[2024-03-18T08:03:00.821+0000] {processor.py:161} INFO - Started process (PID=4454) to work on /home/ubuntu/air_venv/lib/python3.10/site-packages/airflow/example_dags/example_sensor_decorator.py
[2024-03-18T08:03:00.823+0000] {processor.py:830} INFO - Processing file /home/ubuntu/air_venv/lib/python3.10/site-packages/airflow/example_dags/example_sensor_decorator.py for tasks to queue
[2024-03-18T08:03:00.824+0000] {logging_mixin.py:188} INFO - [2024-03-18T08:03:00.823+0000] {dagbag.py:540} INFO - Filling up the DagBag from /home/ubuntu/air_venv/lib/python3.10/site-packages/airflow/example_dags/example_sensor_decorator.py
[2024-03-18T08:03:00.831+0000] {processor.py:840} INFO - DAG(s) 'example_sensor_decorator' retrieved from /home/ubuntu/air_venv/lib/python3.10/site-packages/airflow/example_dags/example_sensor_decorator.py
[2024-03-18T08:03:00.848+0000] {logging_mixin.py:188} INFO - [2024-03-18T08:03:00.848+0000] {dag.py:3047} INFO - Sync 1 DAGs
[2024-03-18T08:03:00.861+0000] {logging_mixin.py:188} INFO - [2024-03-18T08:03:00.861+0000] {dag.py:3834} INFO - Setting next_dagrun for example_sensor_decorator to None, run_after=None
[2024-03-18T08:03:00.886+0000] {processor.py:183} INFO - Processing /home/ubuntu/air_venv/lib/python3.10/site-packages/airflow/example_dags/example_sensor_decorator.py took 0.069 seconds
[2024-03-18T08:03:46.177+0000] {processor.py:161} INFO - Started process (PID=4619) to work on /home/ubuntu/air_venv/lib/python3.10/site-packages/airflow/example_dags/example_sensor_decorator.py
[2024-03-18T08:03:46.179+0000] {processor.py:830} INFO - Processing file /home/ubuntu/air_venv/lib/python3.10/site-packages/airflow/example_dags/example_sensor_decorator.py for tasks to queue
[2024-03-18T08:03:46.180+0000] {logging_mixin.py:188} INFO - [2024-03-18T08:03:46.179+0000] {dagbag.py:540} INFO - Filling up the DagBag from /home/ubuntu/air_venv/lib/python3.10/site-packages/airflow/example_dags/example_sensor_decorator.py
[2024-03-18T08:03:46.188+0000] {processor.py:840} INFO - DAG(s) 'example_sensor_decorator' retrieved from /home/ubuntu/air_venv/lib/python3.10/site-packages/airflow/example_dags/example_sensor_decorator.py
[2024-03-18T08:03:46.205+0000] {logging_mixin.py:188} INFO - [2024-03-18T08:03:46.205+0000] {dag.py:3047} INFO - Sync 1 DAGs
[2024-03-18T08:03:46.220+0000] {logging_mixin.py:188} INFO - [2024-03-18T08:03:46.220+0000] {dag.py:3834} INFO - Setting next_dagrun for example_sensor_decorator to None, run_after=None
[2024-03-18T08:03:46.264+0000] {processor.py:183} INFO - Processing /home/ubuntu/air_venv/lib/python3.10/site-packages/airflow/example_dags/example_sensor_decorator.py took 0.091 seconds
[2024-03-18T08:04:34.475+0000] {processor.py:161} INFO - Started process (PID=5092) to work on /home/ubuntu/air_venv/lib/python3.10/site-packages/airflow/example_dags/example_sensor_decorator.py
[2024-03-18T08:04:34.477+0000] {processor.py:830} INFO - Processing file /home/ubuntu/air_venv/lib/python3.10/site-packages/airflow/example_dags/example_sensor_decorator.py for tasks to queue
[2024-03-18T08:04:34.479+0000] {logging_mixin.py:188} INFO - [2024-03-18T08:04:34.478+0000] {dagbag.py:540} INFO - Filling up the DagBag from /home/ubuntu/air_venv/lib/python3.10/site-packages/airflow/example_dags/example_sensor_decorator.py
[2024-03-18T08:04:34.487+0000] {processor.py:840} INFO - DAG(s) 'example_sensor_decorator' retrieved from /home/ubuntu/air_venv/lib/python3.10/site-packages/airflow/example_dags/example_sensor_decorator.py
[2024-03-18T08:04:34.506+0000] {logging_mixin.py:188} INFO - [2024-03-18T08:04:34.505+0000] {dag.py:3047} INFO - Sync 1 DAGs
[2024-03-18T08:04:34.518+0000] {logging_mixin.py:188} INFO - [2024-03-18T08:04:34.518+0000] {dag.py:3834} INFO - Setting next_dagrun for example_sensor_decorator to None, run_after=None
[2024-03-18T08:04:34.544+0000] {processor.py:183} INFO - Processing /home/ubuntu/air_venv/lib/python3.10/site-packages/airflow/example_dags/example_sensor_decorator.py took 0.072 seconds
[2024-03-18T08:05:27.444+0000] {processor.py:161} INFO - Started process (PID=5563) to work on /home/ubuntu/air_venv/lib/python3.10/site-packages/airflow/example_dags/example_sensor_decorator.py
[2024-03-18T08:05:27.446+0000] {processor.py:830} INFO - Processing file /home/ubuntu/air_venv/lib/python3.10/site-packages/airflow/example_dags/example_sensor_decorator.py for tasks to queue
[2024-03-18T08:05:27.447+0000] {logging_mixin.py:188} INFO - [2024-03-18T08:05:27.447+0000] {dagbag.py:540} INFO - Filling up the DagBag from /home/ubuntu/air_venv/lib/python3.10/site-packages/airflow/example_dags/example_sensor_decorator.py
[2024-03-18T08:05:27.455+0000] {processor.py:840} INFO - DAG(s) 'example_sensor_decorator' retrieved from /home/ubuntu/air_venv/lib/python3.10/site-packages/airflow/example_dags/example_sensor_decorator.py
[2024-03-18T08:05:27.473+0000] {logging_mixin.py:188} INFO - [2024-03-18T08:05:27.472+0000] {dag.py:3047} INFO - Sync 1 DAGs
[2024-03-18T08:05:27.486+0000] {logging_mixin.py:188} INFO - [2024-03-18T08:05:27.486+0000] {dag.py:3834} INFO - Setting next_dagrun for example_sensor_decorator to None, run_after=None
[2024-03-18T08:05:27.512+0000] {processor.py:183} INFO - Processing /home/ubuntu/air_venv/lib/python3.10/site-packages/airflow/example_dags/example_sensor_decorator.py took 0.071 seconds
[2024-03-18T08:06:23.321+0000] {processor.py:161} INFO - Started process (PID=6221) to work on /home/ubuntu/air_venv/lib/python3.10/site-packages/airflow/example_dags/example_sensor_decorator.py
[2024-03-18T08:06:23.322+0000] {processor.py:830} INFO - Processing file /home/ubuntu/air_venv/lib/python3.10/site-packages/airflow/example_dags/example_sensor_decorator.py for tasks to queue
[2024-03-18T08:06:23.324+0000] {logging_mixin.py:188} INFO - [2024-03-18T08:06:23.323+0000] {dagbag.py:540} INFO - Filling up the DagBag from /home/ubuntu/air_venv/lib/python3.10/site-packages/airflow/example_dags/example_sensor_decorator.py
[2024-03-18T08:06:23.332+0000] {processor.py:840} INFO - DAG(s) 'example_sensor_decorator' retrieved from /home/ubuntu/air_venv/lib/python3.10/site-packages/airflow/example_dags/example_sensor_decorator.py
[2024-03-18T08:06:23.350+0000] {logging_mixin.py:188} INFO - [2024-03-18T08:06:23.350+0000] {dag.py:3047} INFO - Sync 1 DAGs
[2024-03-18T08:06:23.375+0000] {logging_mixin.py:188} INFO - [2024-03-18T08:06:23.368+0000] {dag.py:3834} INFO - Setting next_dagrun for example_sensor_decorator to None, run_after=None
[2024-03-18T08:06:23.415+0000] {processor.py:183} INFO - Processing /home/ubuntu/air_venv/lib/python3.10/site-packages/airflow/example_dags/example_sensor_decorator.py took 0.098 seconds
[2024-03-18T08:07:24.903+0000] {processor.py:161} INFO - Started process (PID=7064) to work on /home/ubuntu/air_venv/lib/python3.10/site-packages/airflow/example_dags/example_sensor_decorator.py
[2024-03-18T08:07:24.906+0000] {processor.py:830} INFO - Processing file /home/ubuntu/air_venv/lib/python3.10/site-packages/airflow/example_dags/example_sensor_decorator.py for tasks to queue
[2024-03-18T08:07:24.907+0000] {logging_mixin.py:188} INFO - [2024-03-18T08:07:24.906+0000] {dagbag.py:540} INFO - Filling up the DagBag from /home/ubuntu/air_venv/lib/python3.10/site-packages/airflow/example_dags/example_sensor_decorator.py
[2024-03-18T08:07:24.915+0000] {processor.py:840} INFO - DAG(s) 'example_sensor_decorator' retrieved from /home/ubuntu/air_venv/lib/python3.10/site-packages/airflow/example_dags/example_sensor_decorator.py
[2024-03-18T08:07:24.933+0000] {logging_mixin.py:188} INFO - [2024-03-18T08:07:24.933+0000] {dag.py:3047} INFO - Sync 1 DAGs
[2024-03-18T08:07:24.947+0000] {logging_mixin.py:188} INFO - [2024-03-18T08:07:24.946+0000] {dag.py:3834} INFO - Setting next_dagrun for example_sensor_decorator to None, run_after=None
[2024-03-18T08:07:24.974+0000] {processor.py:183} INFO - Processing /home/ubuntu/air_venv/lib/python3.10/site-packages/airflow/example_dags/example_sensor_decorator.py took 0.074 seconds
[2024-03-18T08:08:18.367+0000] {processor.py:161} INFO - Started process (PID=7235) to work on /home/ubuntu/air_venv/lib/python3.10/site-packages/airflow/example_dags/example_sensor_decorator.py
[2024-03-18T08:08:18.368+0000] {processor.py:830} INFO - Processing file /home/ubuntu/air_venv/lib/python3.10/site-packages/airflow/example_dags/example_sensor_decorator.py for tasks to queue
[2024-03-18T08:08:18.370+0000] {logging_mixin.py:188} INFO - [2024-03-18T08:08:18.369+0000] {dagbag.py:540} INFO - Filling up the DagBag from /home/ubuntu/air_venv/lib/python3.10/site-packages/airflow/example_dags/example_sensor_decorator.py
[2024-03-18T08:08:18.377+0000] {processor.py:840} INFO - DAG(s) 'example_sensor_decorator' retrieved from /home/ubuntu/air_venv/lib/python3.10/site-packages/airflow/example_dags/example_sensor_decorator.py
[2024-03-18T08:08:18.395+0000] {logging_mixin.py:188} INFO - [2024-03-18T08:08:18.394+0000] {dag.py:3047} INFO - Sync 1 DAGs
[2024-03-18T08:08:18.408+0000] {logging_mixin.py:188} INFO - [2024-03-18T08:08:18.408+0000] {dag.py:3834} INFO - Setting next_dagrun for example_sensor_decorator to None, run_after=None
[2024-03-18T08:08:18.433+0000] {processor.py:183} INFO - Processing /home/ubuntu/air_venv/lib/python3.10/site-packages/airflow/example_dags/example_sensor_decorator.py took 0.070 seconds
[2024-03-18T08:09:06.800+0000] {processor.py:161} INFO - Started process (PID=7615) to work on /home/ubuntu/air_venv/lib/python3.10/site-packages/airflow/example_dags/example_sensor_decorator.py
[2024-03-18T08:09:06.802+0000] {processor.py:830} INFO - Processing file /home/ubuntu/air_venv/lib/python3.10/site-packages/airflow/example_dags/example_sensor_decorator.py for tasks to queue
[2024-03-18T08:09:06.803+0000] {logging_mixin.py:188} INFO - [2024-03-18T08:09:06.803+0000] {dagbag.py:540} INFO - Filling up the DagBag from /home/ubuntu/air_venv/lib/python3.10/site-packages/airflow/example_dags/example_sensor_decorator.py
[2024-03-18T08:09:06.811+0000] {processor.py:840} INFO - DAG(s) 'example_sensor_decorator' retrieved from /home/ubuntu/air_venv/lib/python3.10/site-packages/airflow/example_dags/example_sensor_decorator.py
[2024-03-18T08:09:06.830+0000] {logging_mixin.py:188} INFO - [2024-03-18T08:09:06.830+0000] {dag.py:3047} INFO - Sync 1 DAGs
[2024-03-18T08:09:06.844+0000] {logging_mixin.py:188} INFO - [2024-03-18T08:09:06.844+0000] {dag.py:3834} INFO - Setting next_dagrun for example_sensor_decorator to None, run_after=None
[2024-03-18T08:09:06.886+0000] {processor.py:183} INFO - Processing /home/ubuntu/air_venv/lib/python3.10/site-packages/airflow/example_dags/example_sensor_decorator.py took 0.090 seconds
[2024-03-18T08:09:48.929+0000] {processor.py:161} INFO - Started process (PID=7996) to work on /home/ubuntu/air_venv/lib/python3.10/site-packages/airflow/example_dags/example_sensor_decorator.py
[2024-03-18T08:09:48.931+0000] {processor.py:830} INFO - Processing file /home/ubuntu/air_venv/lib/python3.10/site-packages/airflow/example_dags/example_sensor_decorator.py for tasks to queue
[2024-03-18T08:09:48.932+0000] {logging_mixin.py:188} INFO - [2024-03-18T08:09:48.931+0000] {dagbag.py:540} INFO - Filling up the DagBag from /home/ubuntu/air_venv/lib/python3.10/site-packages/airflow/example_dags/example_sensor_decorator.py
[2024-03-18T08:09:48.939+0000] {processor.py:840} INFO - DAG(s) 'example_sensor_decorator' retrieved from /home/ubuntu/air_venv/lib/python3.10/site-packages/airflow/example_dags/example_sensor_decorator.py
[2024-03-18T08:09:48.956+0000] {logging_mixin.py:188} INFO - [2024-03-18T08:09:48.956+0000] {dag.py:3047} INFO - Sync 1 DAGs
[2024-03-18T08:09:48.971+0000] {logging_mixin.py:188} INFO - [2024-03-18T08:09:48.970+0000] {dag.py:3834} INFO - Setting next_dagrun for example_sensor_decorator to None, run_after=None
[2024-03-18T08:09:48.997+0000] {processor.py:183} INFO - Processing /home/ubuntu/air_venv/lib/python3.10/site-packages/airflow/example_dags/example_sensor_decorator.py took 0.071 seconds
[2024-03-18T08:10:49.028+0000] {processor.py:161} INFO - Started process (PID=8415) to work on /home/ubuntu/air_venv/lib/python3.10/site-packages/airflow/example_dags/example_sensor_decorator.py
[2024-03-18T08:10:49.030+0000] {processor.py:830} INFO - Processing file /home/ubuntu/air_venv/lib/python3.10/site-packages/airflow/example_dags/example_sensor_decorator.py for tasks to queue
[2024-03-18T08:10:49.031+0000] {logging_mixin.py:188} INFO - [2024-03-18T08:10:49.031+0000] {dagbag.py:540} INFO - Filling up the DagBag from /home/ubuntu/air_venv/lib/python3.10/site-packages/airflow/example_dags/example_sensor_decorator.py
[2024-03-18T08:10:49.039+0000] {processor.py:840} INFO - DAG(s) 'example_sensor_decorator' retrieved from /home/ubuntu/air_venv/lib/python3.10/site-packages/airflow/example_dags/example_sensor_decorator.py
[2024-03-18T08:10:49.056+0000] {logging_mixin.py:188} INFO - [2024-03-18T08:10:49.056+0000] {dag.py:3047} INFO - Sync 1 DAGs
[2024-03-18T08:10:49.069+0000] {logging_mixin.py:188} INFO - [2024-03-18T08:10:49.069+0000] {dag.py:3834} INFO - Setting next_dagrun for example_sensor_decorator to None, run_after=None
[2024-03-18T08:10:49.095+0000] {processor.py:183} INFO - Processing /home/ubuntu/air_venv/lib/python3.10/site-packages/airflow/example_dags/example_sensor_decorator.py took 0.070 seconds
[2024-03-18T08:11:51.594+0000] {processor.py:161} INFO - Started process (PID=8960) to work on /home/ubuntu/air_venv/lib/python3.10/site-packages/airflow/example_dags/example_sensor_decorator.py
[2024-03-18T08:11:51.596+0000] {processor.py:830} INFO - Processing file /home/ubuntu/air_venv/lib/python3.10/site-packages/airflow/example_dags/example_sensor_decorator.py for tasks to queue
[2024-03-18T08:11:51.597+0000] {logging_mixin.py:188} INFO - [2024-03-18T08:11:51.597+0000] {dagbag.py:540} INFO - Filling up the DagBag from /home/ubuntu/air_venv/lib/python3.10/site-packages/airflow/example_dags/example_sensor_decorator.py
[2024-03-18T08:11:51.605+0000] {processor.py:840} INFO - DAG(s) 'example_sensor_decorator' retrieved from /home/ubuntu/air_venv/lib/python3.10/site-packages/airflow/example_dags/example_sensor_decorator.py
[2024-03-18T08:11:51.622+0000] {logging_mixin.py:188} INFO - [2024-03-18T08:11:51.622+0000] {dag.py:3047} INFO - Sync 1 DAGs
[2024-03-18T08:11:51.635+0000] {logging_mixin.py:188} INFO - [2024-03-18T08:11:51.635+0000] {dag.py:3834} INFO - Setting next_dagrun for example_sensor_decorator to None, run_after=None
[2024-03-18T08:11:51.660+0000] {processor.py:183} INFO - Processing /home/ubuntu/air_venv/lib/python3.10/site-packages/airflow/example_dags/example_sensor_decorator.py took 0.069 seconds
[2024-03-18T08:12:53.806+0000] {processor.py:161} INFO - Started process (PID=9382) to work on /home/ubuntu/air_venv/lib/python3.10/site-packages/airflow/example_dags/example_sensor_decorator.py
[2024-03-18T08:12:53.808+0000] {processor.py:830} INFO - Processing file /home/ubuntu/air_venv/lib/python3.10/site-packages/airflow/example_dags/example_sensor_decorator.py for tasks to queue
[2024-03-18T08:12:53.810+0000] {logging_mixin.py:188} INFO - [2024-03-18T08:12:53.809+0000] {dagbag.py:540} INFO - Filling up the DagBag from /home/ubuntu/air_venv/lib/python3.10/site-packages/airflow/example_dags/example_sensor_decorator.py
[2024-03-18T08:12:53.817+0000] {processor.py:840} INFO - DAG(s) 'example_sensor_decorator' retrieved from /home/ubuntu/air_venv/lib/python3.10/site-packages/airflow/example_dags/example_sensor_decorator.py
[2024-03-18T08:12:53.835+0000] {logging_mixin.py:188} INFO - [2024-03-18T08:12:53.834+0000] {dag.py:3047} INFO - Sync 1 DAGs
[2024-03-18T08:12:53.848+0000] {logging_mixin.py:188} INFO - [2024-03-18T08:12:53.848+0000] {dag.py:3834} INFO - Setting next_dagrun for example_sensor_decorator to None, run_after=None
[2024-03-18T08:12:53.874+0000] {processor.py:183} INFO - Processing /home/ubuntu/air_venv/lib/python3.10/site-packages/airflow/example_dags/example_sensor_decorator.py took 0.072 seconds
[2024-03-18T08:13:39.167+0000] {processor.py:161} INFO - Started process (PID=9570) to work on /home/ubuntu/air_venv/lib/python3.10/site-packages/airflow/example_dags/example_sensor_decorator.py
[2024-03-18T08:13:39.169+0000] {processor.py:830} INFO - Processing file /home/ubuntu/air_venv/lib/python3.10/site-packages/airflow/example_dags/example_sensor_decorator.py for tasks to queue
[2024-03-18T08:13:39.170+0000] {logging_mixin.py:188} INFO - [2024-03-18T08:13:39.169+0000] {dagbag.py:540} INFO - Filling up the DagBag from /home/ubuntu/air_venv/lib/python3.10/site-packages/airflow/example_dags/example_sensor_decorator.py
[2024-03-18T08:13:39.178+0000] {processor.py:840} INFO - DAG(s) 'example_sensor_decorator' retrieved from /home/ubuntu/air_venv/lib/python3.10/site-packages/airflow/example_dags/example_sensor_decorator.py
[2024-03-18T08:13:39.195+0000] {logging_mixin.py:188} INFO - [2024-03-18T08:13:39.195+0000] {dag.py:3047} INFO - Sync 1 DAGs
[2024-03-18T08:13:39.209+0000] {logging_mixin.py:188} INFO - [2024-03-18T08:13:39.208+0000] {dag.py:3834} INFO - Setting next_dagrun for example_sensor_decorator to None, run_after=None
[2024-03-18T08:13:39.234+0000] {processor.py:183} INFO - Processing /home/ubuntu/air_venv/lib/python3.10/site-packages/airflow/example_dags/example_sensor_decorator.py took 0.070 seconds
[2024-03-18T08:15:06.614+0000] {processor.py:161} INFO - Started process (PID=10298) to work on /home/ubuntu/air_venv/lib/python3.10/site-packages/airflow/example_dags/example_sensor_decorator.py
[2024-03-18T08:15:06.616+0000] {processor.py:830} INFO - Processing file /home/ubuntu/air_venv/lib/python3.10/site-packages/airflow/example_dags/example_sensor_decorator.py for tasks to queue
[2024-03-18T08:15:06.617+0000] {logging_mixin.py:188} INFO - [2024-03-18T08:15:06.617+0000] {dagbag.py:540} INFO - Filling up the DagBag from /home/ubuntu/air_venv/lib/python3.10/site-packages/airflow/example_dags/example_sensor_decorator.py
[2024-03-18T08:15:06.638+0000] {processor.py:840} INFO - DAG(s) 'example_sensor_decorator' retrieved from /home/ubuntu/air_venv/lib/python3.10/site-packages/airflow/example_dags/example_sensor_decorator.py
[2024-03-18T08:15:06.675+0000] {logging_mixin.py:188} INFO - [2024-03-18T08:15:06.675+0000] {dag.py:3047} INFO - Sync 1 DAGs
[2024-03-18T08:15:06.712+0000] {logging_mixin.py:188} INFO - [2024-03-18T08:15:06.711+0000] {dag.py:3834} INFO - Setting next_dagrun for example_sensor_decorator to None, run_after=None
[2024-03-18T08:15:06.787+0000] {processor.py:183} INFO - Processing /home/ubuntu/air_venv/lib/python3.10/site-packages/airflow/example_dags/example_sensor_decorator.py took 0.182 seconds
[2024-03-18T08:16:03.137+0000] {processor.py:161} INFO - Started process (PID=10894) to work on /home/ubuntu/air_venv/lib/python3.10/site-packages/airflow/example_dags/example_sensor_decorator.py
[2024-03-18T08:16:03.139+0000] {processor.py:830} INFO - Processing file /home/ubuntu/air_venv/lib/python3.10/site-packages/airflow/example_dags/example_sensor_decorator.py for tasks to queue
[2024-03-18T08:16:03.144+0000] {logging_mixin.py:188} INFO - [2024-03-18T08:16:03.140+0000] {dagbag.py:540} INFO - Filling up the DagBag from /home/ubuntu/air_venv/lib/python3.10/site-packages/airflow/example_dags/example_sensor_decorator.py
[2024-03-18T08:16:03.181+0000] {processor.py:840} INFO - DAG(s) 'example_sensor_decorator' retrieved from /home/ubuntu/air_venv/lib/python3.10/site-packages/airflow/example_dags/example_sensor_decorator.py
[2024-03-18T08:16:03.232+0000] {logging_mixin.py:188} INFO - [2024-03-18T08:16:03.232+0000] {dag.py:3047} INFO - Sync 1 DAGs
[2024-03-18T08:16:03.277+0000] {logging_mixin.py:188} INFO - [2024-03-18T08:16:03.276+0000] {dag.py:3834} INFO - Setting next_dagrun for example_sensor_decorator to None, run_after=None
[2024-03-18T08:16:03.357+0000] {processor.py:183} INFO - Processing /home/ubuntu/air_venv/lib/python3.10/site-packages/airflow/example_dags/example_sensor_decorator.py took 0.234 seconds
[2024-03-18T08:16:50.987+0000] {processor.py:161} INFO - Started process (PID=11480) to work on /home/ubuntu/air_venv/lib/python3.10/site-packages/airflow/example_dags/example_sensor_decorator.py
[2024-03-18T08:16:50.989+0000] {processor.py:830} INFO - Processing file /home/ubuntu/air_venv/lib/python3.10/site-packages/airflow/example_dags/example_sensor_decorator.py for tasks to queue
[2024-03-18T08:16:50.990+0000] {logging_mixin.py:188} INFO - [2024-03-18T08:16:50.990+0000] {dagbag.py:540} INFO - Filling up the DagBag from /home/ubuntu/air_venv/lib/python3.10/site-packages/airflow/example_dags/example_sensor_decorator.py
[2024-03-18T08:16:50.998+0000] {processor.py:840} INFO - DAG(s) 'example_sensor_decorator' retrieved from /home/ubuntu/air_venv/lib/python3.10/site-packages/airflow/example_dags/example_sensor_decorator.py
[2024-03-18T08:16:51.041+0000] {logging_mixin.py:188} INFO - [2024-03-18T08:16:51.040+0000] {dag.py:3047} INFO - Sync 1 DAGs
[2024-03-18T08:16:51.077+0000] {logging_mixin.py:188} INFO - [2024-03-18T08:16:51.077+0000] {dag.py:3834} INFO - Setting next_dagrun for example_sensor_decorator to None, run_after=None
[2024-03-18T08:16:51.113+0000] {processor.py:183} INFO - Processing /home/ubuntu/air_venv/lib/python3.10/site-packages/airflow/example_dags/example_sensor_decorator.py took 0.129 seconds
[2024-03-18T08:17:46.070+0000] {processor.py:161} INFO - Started process (PID=12197) to work on /home/ubuntu/air_venv/lib/python3.10/site-packages/airflow/example_dags/example_sensor_decorator.py
[2024-03-18T08:17:46.080+0000] {processor.py:830} INFO - Processing file /home/ubuntu/air_venv/lib/python3.10/site-packages/airflow/example_dags/example_sensor_decorator.py for tasks to queue
[2024-03-18T08:17:46.081+0000] {logging_mixin.py:188} INFO - [2024-03-18T08:17:46.081+0000] {dagbag.py:540} INFO - Filling up the DagBag from /home/ubuntu/air_venv/lib/python3.10/site-packages/airflow/example_dags/example_sensor_decorator.py
[2024-03-18T08:17:46.109+0000] {processor.py:840} INFO - DAG(s) 'example_sensor_decorator' retrieved from /home/ubuntu/air_venv/lib/python3.10/site-packages/airflow/example_dags/example_sensor_decorator.py
[2024-03-18T08:17:46.148+0000] {logging_mixin.py:188} INFO - [2024-03-18T08:17:46.148+0000] {dag.py:3047} INFO - Sync 1 DAGs
[2024-03-18T08:17:46.178+0000] {logging_mixin.py:188} INFO - [2024-03-18T08:17:46.178+0000] {dag.py:3834} INFO - Setting next_dagrun for example_sensor_decorator to None, run_after=None
[2024-03-18T08:17:46.225+0000] {processor.py:183} INFO - Processing /home/ubuntu/air_venv/lib/python3.10/site-packages/airflow/example_dags/example_sensor_decorator.py took 0.158 seconds
[2024-03-18T08:18:43.172+0000] {processor.py:161} INFO - Started process (PID=12554) to work on /home/ubuntu/air_venv/lib/python3.10/site-packages/airflow/example_dags/example_sensor_decorator.py
[2024-03-18T08:18:43.174+0000] {processor.py:830} INFO - Processing file /home/ubuntu/air_venv/lib/python3.10/site-packages/airflow/example_dags/example_sensor_decorator.py for tasks to queue
[2024-03-18T08:18:43.175+0000] {logging_mixin.py:188} INFO - [2024-03-18T08:18:43.174+0000] {dagbag.py:540} INFO - Filling up the DagBag from /home/ubuntu/air_venv/lib/python3.10/site-packages/airflow/example_dags/example_sensor_decorator.py
[2024-03-18T08:18:43.183+0000] {processor.py:840} INFO - DAG(s) 'example_sensor_decorator' retrieved from /home/ubuntu/air_venv/lib/python3.10/site-packages/airflow/example_dags/example_sensor_decorator.py
[2024-03-18T08:18:43.200+0000] {logging_mixin.py:188} INFO - [2024-03-18T08:18:43.200+0000] {dag.py:3047} INFO - Sync 1 DAGs
[2024-03-18T08:18:43.212+0000] {logging_mixin.py:188} INFO - [2024-03-18T08:18:43.212+0000] {dag.py:3834} INFO - Setting next_dagrun for example_sensor_decorator to None, run_after=None
[2024-03-18T08:18:43.236+0000] {processor.py:183} INFO - Processing /home/ubuntu/air_venv/lib/python3.10/site-packages/airflow/example_dags/example_sensor_decorator.py took 0.068 seconds
[2024-03-18T08:19:28.600+0000] {processor.py:161} INFO - Started process (PID=12716) to work on /home/ubuntu/air_venv/lib/python3.10/site-packages/airflow/example_dags/example_sensor_decorator.py
[2024-03-18T08:19:28.602+0000] {processor.py:830} INFO - Processing file /home/ubuntu/air_venv/lib/python3.10/site-packages/airflow/example_dags/example_sensor_decorator.py for tasks to queue
[2024-03-18T08:19:28.603+0000] {logging_mixin.py:188} INFO - [2024-03-18T08:19:28.602+0000] {dagbag.py:540} INFO - Filling up the DagBag from /home/ubuntu/air_venv/lib/python3.10/site-packages/airflow/example_dags/example_sensor_decorator.py
[2024-03-18T08:19:28.610+0000] {processor.py:840} INFO - DAG(s) 'example_sensor_decorator' retrieved from /home/ubuntu/air_venv/lib/python3.10/site-packages/airflow/example_dags/example_sensor_decorator.py
[2024-03-18T08:19:28.628+0000] {logging_mixin.py:188} INFO - [2024-03-18T08:19:28.628+0000] {dag.py:3047} INFO - Sync 1 DAGs
[2024-03-18T08:19:28.642+0000] {logging_mixin.py:188} INFO - [2024-03-18T08:19:28.641+0000] {dag.py:3834} INFO - Setting next_dagrun for example_sensor_decorator to None, run_after=None
[2024-03-18T08:19:28.666+0000] {processor.py:183} INFO - Processing /home/ubuntu/air_venv/lib/python3.10/site-packages/airflow/example_dags/example_sensor_decorator.py took 0.069 seconds
[2024-03-18T08:20:32.144+0000] {processor.py:161} INFO - Started process (PID=13257) to work on /home/ubuntu/air_venv/lib/python3.10/site-packages/airflow/example_dags/example_sensor_decorator.py
[2024-03-18T08:20:32.146+0000] {processor.py:830} INFO - Processing file /home/ubuntu/air_venv/lib/python3.10/site-packages/airflow/example_dags/example_sensor_decorator.py for tasks to queue
[2024-03-18T08:20:32.148+0000] {logging_mixin.py:188} INFO - [2024-03-18T08:20:32.147+0000] {dagbag.py:540} INFO - Filling up the DagBag from /home/ubuntu/air_venv/lib/python3.10/site-packages/airflow/example_dags/example_sensor_decorator.py
[2024-03-18T08:20:32.155+0000] {processor.py:840} INFO - DAG(s) 'example_sensor_decorator' retrieved from /home/ubuntu/air_venv/lib/python3.10/site-packages/airflow/example_dags/example_sensor_decorator.py
[2024-03-18T08:20:32.172+0000] {logging_mixin.py:188} INFO - [2024-03-18T08:20:32.172+0000] {dag.py:3047} INFO - Sync 1 DAGs
[2024-03-18T08:20:32.185+0000] {logging_mixin.py:188} INFO - [2024-03-18T08:20:32.185+0000] {dag.py:3834} INFO - Setting next_dagrun for example_sensor_decorator to None, run_after=None
[2024-03-18T08:20:32.210+0000] {processor.py:183} INFO - Processing /home/ubuntu/air_venv/lib/python3.10/site-packages/airflow/example_dags/example_sensor_decorator.py took 0.069 seconds
[2024-03-18T08:21:29.410+0000] {processor.py:161} INFO - Started process (PID=13612) to work on /home/ubuntu/air_venv/lib/python3.10/site-packages/airflow/example_dags/example_sensor_decorator.py
[2024-03-18T08:21:29.412+0000] {processor.py:830} INFO - Processing file /home/ubuntu/air_venv/lib/python3.10/site-packages/airflow/example_dags/example_sensor_decorator.py for tasks to queue
[2024-03-18T08:21:29.413+0000] {logging_mixin.py:188} INFO - [2024-03-18T08:21:29.412+0000] {dagbag.py:540} INFO - Filling up the DagBag from /home/ubuntu/air_venv/lib/python3.10/site-packages/airflow/example_dags/example_sensor_decorator.py
[2024-03-18T08:21:29.420+0000] {processor.py:840} INFO - DAG(s) 'example_sensor_decorator' retrieved from /home/ubuntu/air_venv/lib/python3.10/site-packages/airflow/example_dags/example_sensor_decorator.py
[2024-03-18T08:21:29.438+0000] {logging_mixin.py:188} INFO - [2024-03-18T08:21:29.438+0000] {dag.py:3047} INFO - Sync 1 DAGs
[2024-03-18T08:21:29.452+0000] {logging_mixin.py:188} INFO - [2024-03-18T08:21:29.451+0000] {dag.py:3834} INFO - Setting next_dagrun for example_sensor_decorator to None, run_after=None
[2024-03-18T08:21:29.477+0000] {processor.py:183} INFO - Processing /home/ubuntu/air_venv/lib/python3.10/site-packages/airflow/example_dags/example_sensor_decorator.py took 0.071 seconds
[2024-03-18T08:22:18.997+0000] {processor.py:161} INFO - Started process (PID=13905) to work on /home/ubuntu/air_venv/lib/python3.10/site-packages/airflow/example_dags/example_sensor_decorator.py
[2024-03-18T08:22:19.000+0000] {processor.py:830} INFO - Processing file /home/ubuntu/air_venv/lib/python3.10/site-packages/airflow/example_dags/example_sensor_decorator.py for tasks to queue
[2024-03-18T08:22:19.001+0000] {logging_mixin.py:188} INFO - [2024-03-18T08:22:19.000+0000] {dagbag.py:540} INFO - Filling up the DagBag from /home/ubuntu/air_venv/lib/python3.10/site-packages/airflow/example_dags/example_sensor_decorator.py
[2024-03-18T08:22:19.009+0000] {processor.py:840} INFO - DAG(s) 'example_sensor_decorator' retrieved from /home/ubuntu/air_venv/lib/python3.10/site-packages/airflow/example_dags/example_sensor_decorator.py
[2024-03-18T08:22:19.027+0000] {logging_mixin.py:188} INFO - [2024-03-18T08:22:19.026+0000] {dag.py:3047} INFO - Sync 1 DAGs
[2024-03-18T08:22:19.040+0000] {logging_mixin.py:188} INFO - [2024-03-18T08:22:19.039+0000] {dag.py:3834} INFO - Setting next_dagrun for example_sensor_decorator to None, run_after=None
[2024-03-18T08:22:19.067+0000] {processor.py:183} INFO - Processing /home/ubuntu/air_venv/lib/python3.10/site-packages/airflow/example_dags/example_sensor_decorator.py took 0.073 seconds
[2024-03-18T08:23:15.671+0000] {processor.py:161} INFO - Started process (PID=14354) to work on /home/ubuntu/air_venv/lib/python3.10/site-packages/airflow/example_dags/example_sensor_decorator.py
[2024-03-18T08:23:15.673+0000] {processor.py:830} INFO - Processing file /home/ubuntu/air_venv/lib/python3.10/site-packages/airflow/example_dags/example_sensor_decorator.py for tasks to queue
[2024-03-18T08:23:15.674+0000] {logging_mixin.py:188} INFO - [2024-03-18T08:23:15.674+0000] {dagbag.py:540} INFO - Filling up the DagBag from /home/ubuntu/air_venv/lib/python3.10/site-packages/airflow/example_dags/example_sensor_decorator.py
[2024-03-18T08:23:15.682+0000] {processor.py:840} INFO - DAG(s) 'example_sensor_decorator' retrieved from /home/ubuntu/air_venv/lib/python3.10/site-packages/airflow/example_dags/example_sensor_decorator.py
[2024-03-18T08:23:15.700+0000] {logging_mixin.py:188} INFO - [2024-03-18T08:23:15.700+0000] {dag.py:3047} INFO - Sync 1 DAGs
[2024-03-18T08:23:15.721+0000] {logging_mixin.py:188} INFO - [2024-03-18T08:23:15.720+0000] {dag.py:3834} INFO - Setting next_dagrun for example_sensor_decorator to None, run_after=None
[2024-03-18T08:23:15.749+0000] {processor.py:183} INFO - Processing /home/ubuntu/air_venv/lib/python3.10/site-packages/airflow/example_dags/example_sensor_decorator.py took 0.081 seconds
[2024-03-18T08:24:16.854+0000] {processor.py:161} INFO - Started process (PID=14842) to work on /home/ubuntu/air_venv/lib/python3.10/site-packages/airflow/example_dags/example_sensor_decorator.py
[2024-03-18T08:24:16.856+0000] {processor.py:830} INFO - Processing file /home/ubuntu/air_venv/lib/python3.10/site-packages/airflow/example_dags/example_sensor_decorator.py for tasks to queue
[2024-03-18T08:24:16.857+0000] {logging_mixin.py:188} INFO - [2024-03-18T08:24:16.856+0000] {dagbag.py:540} INFO - Filling up the DagBag from /home/ubuntu/air_venv/lib/python3.10/site-packages/airflow/example_dags/example_sensor_decorator.py
[2024-03-18T08:24:16.864+0000] {processor.py:840} INFO - DAG(s) 'example_sensor_decorator' retrieved from /home/ubuntu/air_venv/lib/python3.10/site-packages/airflow/example_dags/example_sensor_decorator.py
[2024-03-18T08:24:16.882+0000] {logging_mixin.py:188} INFO - [2024-03-18T08:24:16.881+0000] {dag.py:3047} INFO - Sync 1 DAGs
[2024-03-18T08:24:16.895+0000] {logging_mixin.py:188} INFO - [2024-03-18T08:24:16.894+0000] {dag.py:3834} INFO - Setting next_dagrun for example_sensor_decorator to None, run_after=None
[2024-03-18T08:24:16.921+0000] {processor.py:183} INFO - Processing /home/ubuntu/air_venv/lib/python3.10/site-packages/airflow/example_dags/example_sensor_decorator.py took 0.071 seconds
[2024-03-18T08:25:16.733+0000] {processor.py:161} INFO - Started process (PID=15276) to work on /home/ubuntu/air_venv/lib/python3.10/site-packages/airflow/example_dags/example_sensor_decorator.py
[2024-03-18T08:25:16.735+0000] {processor.py:830} INFO - Processing file /home/ubuntu/air_venv/lib/python3.10/site-packages/airflow/example_dags/example_sensor_decorator.py for tasks to queue
[2024-03-18T08:25:16.736+0000] {logging_mixin.py:188} INFO - [2024-03-18T08:25:16.736+0000] {dagbag.py:540} INFO - Filling up the DagBag from /home/ubuntu/air_venv/lib/python3.10/site-packages/airflow/example_dags/example_sensor_decorator.py
[2024-03-18T08:25:16.744+0000] {processor.py:840} INFO - DAG(s) 'example_sensor_decorator' retrieved from /home/ubuntu/air_venv/lib/python3.10/site-packages/airflow/example_dags/example_sensor_decorator.py
[2024-03-18T08:25:16.762+0000] {logging_mixin.py:188} INFO - [2024-03-18T08:25:16.762+0000] {dag.py:3047} INFO - Sync 1 DAGs
[2024-03-18T08:25:16.775+0000] {logging_mixin.py:188} INFO - [2024-03-18T08:25:16.775+0000] {dag.py:3834} INFO - Setting next_dagrun for example_sensor_decorator to None, run_after=None
[2024-03-18T08:25:16.801+0000] {processor.py:183} INFO - Processing /home/ubuntu/air_venv/lib/python3.10/site-packages/airflow/example_dags/example_sensor_decorator.py took 0.072 seconds
[2024-03-18T08:25:59.490+0000] {processor.py:161} INFO - Started process (PID=15379) to work on /home/ubuntu/air_venv/lib/python3.10/site-packages/airflow/example_dags/example_sensor_decorator.py
[2024-03-18T08:25:59.492+0000] {processor.py:830} INFO - Processing file /home/ubuntu/air_venv/lib/python3.10/site-packages/airflow/example_dags/example_sensor_decorator.py for tasks to queue
[2024-03-18T08:25:59.493+0000] {logging_mixin.py:188} INFO - [2024-03-18T08:25:59.492+0000] {dagbag.py:540} INFO - Filling up the DagBag from /home/ubuntu/air_venv/lib/python3.10/site-packages/airflow/example_dags/example_sensor_decorator.py
[2024-03-18T08:25:59.501+0000] {processor.py:840} INFO - DAG(s) 'example_sensor_decorator' retrieved from /home/ubuntu/air_venv/lib/python3.10/site-packages/airflow/example_dags/example_sensor_decorator.py
[2024-03-18T08:25:59.518+0000] {logging_mixin.py:188} INFO - [2024-03-18T08:25:59.518+0000] {dag.py:3047} INFO - Sync 1 DAGs
[2024-03-18T08:25:59.531+0000] {logging_mixin.py:188} INFO - [2024-03-18T08:25:59.531+0000] {dag.py:3834} INFO - Setting next_dagrun for example_sensor_decorator to None, run_after=None
[2024-03-18T08:25:59.556+0000] {processor.py:183} INFO - Processing /home/ubuntu/air_venv/lib/python3.10/site-packages/airflow/example_dags/example_sensor_decorator.py took 0.070 seconds
[2024-03-18T08:27:01.515+0000] {processor.py:161} INFO - Started process (PID=15498) to work on /home/ubuntu/air_venv/lib/python3.10/site-packages/airflow/example_dags/example_sensor_decorator.py
[2024-03-18T08:27:01.533+0000] {processor.py:830} INFO - Processing file /home/ubuntu/air_venv/lib/python3.10/site-packages/airflow/example_dags/example_sensor_decorator.py for tasks to queue
[2024-03-18T08:27:01.535+0000] {logging_mixin.py:188} INFO - [2024-03-18T08:27:01.534+0000] {dagbag.py:540} INFO - Filling up the DagBag from /home/ubuntu/air_venv/lib/python3.10/site-packages/airflow/example_dags/example_sensor_decorator.py
[2024-03-18T08:27:01.559+0000] {processor.py:840} INFO - DAG(s) 'example_sensor_decorator' retrieved from /home/ubuntu/air_venv/lib/python3.10/site-packages/airflow/example_dags/example_sensor_decorator.py
[2024-03-18T08:27:01.595+0000] {logging_mixin.py:188} INFO - [2024-03-18T08:27:01.595+0000] {dag.py:3047} INFO - Sync 1 DAGs
[2024-03-18T08:27:01.625+0000] {logging_mixin.py:188} INFO - [2024-03-18T08:27:01.625+0000] {dag.py:3834} INFO - Setting next_dagrun for example_sensor_decorator to None, run_after=None
[2024-03-18T08:27:01.825+0000] {processor.py:183} INFO - Processing /home/ubuntu/air_venv/lib/python3.10/site-packages/airflow/example_dags/example_sensor_decorator.py took 0.326 seconds
[2024-03-18T08:28:05.082+0000] {processor.py:161} INFO - Started process (PID=15621) to work on /home/ubuntu/air_venv/lib/python3.10/site-packages/airflow/example_dags/example_sensor_decorator.py
[2024-03-18T08:28:05.084+0000] {processor.py:830} INFO - Processing file /home/ubuntu/air_venv/lib/python3.10/site-packages/airflow/example_dags/example_sensor_decorator.py for tasks to queue
[2024-03-18T08:28:05.085+0000] {logging_mixin.py:188} INFO - [2024-03-18T08:28:05.085+0000] {dagbag.py:540} INFO - Filling up the DagBag from /home/ubuntu/air_venv/lib/python3.10/site-packages/airflow/example_dags/example_sensor_decorator.py
[2024-03-18T08:28:05.093+0000] {processor.py:840} INFO - DAG(s) 'example_sensor_decorator' retrieved from /home/ubuntu/air_venv/lib/python3.10/site-packages/airflow/example_dags/example_sensor_decorator.py
[2024-03-18T08:28:05.112+0000] {logging_mixin.py:188} INFO - [2024-03-18T08:28:05.112+0000] {dag.py:3047} INFO - Sync 1 DAGs
[2024-03-18T08:28:05.126+0000] {logging_mixin.py:188} INFO - [2024-03-18T08:28:05.125+0000] {dag.py:3834} INFO - Setting next_dagrun for example_sensor_decorator to None, run_after=None
[2024-03-18T08:28:05.155+0000] {processor.py:183} INFO - Processing /home/ubuntu/air_venv/lib/python3.10/site-packages/airflow/example_dags/example_sensor_decorator.py took 0.077 seconds
[2024-03-18T08:29:08.595+0000] {processor.py:161} INFO - Started process (PID=15742) to work on /home/ubuntu/air_venv/lib/python3.10/site-packages/airflow/example_dags/example_sensor_decorator.py
[2024-03-18T08:29:08.597+0000] {processor.py:830} INFO - Processing file /home/ubuntu/air_venv/lib/python3.10/site-packages/airflow/example_dags/example_sensor_decorator.py for tasks to queue
[2024-03-18T08:29:08.599+0000] {logging_mixin.py:188} INFO - [2024-03-18T08:29:08.598+0000] {dagbag.py:540} INFO - Filling up the DagBag from /home/ubuntu/air_venv/lib/python3.10/site-packages/airflow/example_dags/example_sensor_decorator.py
[2024-03-18T08:29:08.606+0000] {processor.py:840} INFO - DAG(s) 'example_sensor_decorator' retrieved from /home/ubuntu/air_venv/lib/python3.10/site-packages/airflow/example_dags/example_sensor_decorator.py
[2024-03-18T08:29:08.623+0000] {logging_mixin.py:188} INFO - [2024-03-18T08:29:08.623+0000] {dag.py:3047} INFO - Sync 1 DAGs
[2024-03-18T08:29:08.636+0000] {logging_mixin.py:188} INFO - [2024-03-18T08:29:08.636+0000] {dag.py:3834} INFO - Setting next_dagrun for example_sensor_decorator to None, run_after=None
[2024-03-18T08:29:08.661+0000] {processor.py:183} INFO - Processing /home/ubuntu/air_venv/lib/python3.10/site-packages/airflow/example_dags/example_sensor_decorator.py took 0.069 seconds
