[2024-03-18T08:00:34.727+0000] {processor.py:161} INFO - Started process (PID=3117) to work on /home/ubuntu/air_venv/lib/python3.10/site-packages/airflow/example_dags/example_branch_operator.py
[2024-03-18T08:00:34.728+0000] {processor.py:830} INFO - Processing file /home/ubuntu/air_venv/lib/python3.10/site-packages/airflow/example_dags/example_branch_operator.py for tasks to queue
[2024-03-18T08:00:34.729+0000] {logging_mixin.py:188} INFO - [2024-03-18T08:00:34.729+0000] {dagbag.py:540} INFO - Filling up the DagBag from /home/ubuntu/air_venv/lib/python3.10/site-packages/airflow/example_dags/example_branch_operator.py
[2024-03-18T08:00:34.733+0000] {processor.py:842} WARNING - No viable dags retrieved from /home/ubuntu/air_venv/lib/python3.10/site-packages/airflow/example_dags/example_branch_operator.py
[2024-03-18T08:00:34.744+0000] {processor.py:183} INFO - Processing /home/ubuntu/air_venv/lib/python3.10/site-packages/airflow/example_dags/example_branch_operator.py took 0.020 seconds
[2024-03-18T08:01:27.172+0000] {processor.py:161} INFO - Started process (PID=3590) to work on /home/ubuntu/air_venv/lib/python3.10/site-packages/airflow/example_dags/example_branch_operator.py
[2024-03-18T08:01:27.175+0000] {processor.py:830} INFO - Processing file /home/ubuntu/air_venv/lib/python3.10/site-packages/airflow/example_dags/example_branch_operator.py for tasks to queue
[2024-03-18T08:01:27.176+0000] {logging_mixin.py:188} INFO - [2024-03-18T08:01:27.175+0000] {dagbag.py:540} INFO - Filling up the DagBag from /home/ubuntu/air_venv/lib/python3.10/site-packages/airflow/example_dags/example_branch_operator.py
[2024-03-18T08:01:27.179+0000] {processor.py:842} WARNING - No viable dags retrieved from /home/ubuntu/air_venv/lib/python3.10/site-packages/airflow/example_dags/example_branch_operator.py
[2024-03-18T08:01:27.191+0000] {processor.py:183} INFO - Processing /home/ubuntu/air_venv/lib/python3.10/site-packages/airflow/example_dags/example_branch_operator.py took 0.022 seconds
[2024-03-18T08:02:46.427+0000] {processor.py:161} INFO - Started process (PID=4262) to work on /home/ubuntu/air_venv/lib/python3.10/site-packages/airflow/example_dags/example_branch_operator.py
[2024-03-18T08:02:46.431+0000] {processor.py:830} INFO - Processing file /home/ubuntu/air_venv/lib/python3.10/site-packages/airflow/example_dags/example_branch_operator.py for tasks to queue
[2024-03-18T08:02:46.432+0000] {logging_mixin.py:188} INFO - [2024-03-18T08:02:46.432+0000] {dagbag.py:540} INFO - Filling up the DagBag from /home/ubuntu/air_venv/lib/python3.10/site-packages/airflow/example_dags/example_branch_operator.py
[2024-03-18T08:02:46.438+0000] {processor.py:842} WARNING - No viable dags retrieved from /home/ubuntu/air_venv/lib/python3.10/site-packages/airflow/example_dags/example_branch_operator.py
[2024-03-18T08:02:46.463+0000] {processor.py:183} INFO - Processing /home/ubuntu/air_venv/lib/python3.10/site-packages/airflow/example_dags/example_branch_operator.py took 0.043 seconds
[2024-03-18T08:03:37.416+0000] {processor.py:161} INFO - Started process (PID=4516) to work on /home/ubuntu/air_venv/lib/python3.10/site-packages/airflow/example_dags/example_branch_operator.py
[2024-03-18T08:03:37.418+0000] {processor.py:830} INFO - Processing file /home/ubuntu/air_venv/lib/python3.10/site-packages/airflow/example_dags/example_branch_operator.py for tasks to queue
[2024-03-18T08:03:37.419+0000] {logging_mixin.py:188} INFO - [2024-03-18T08:03:37.419+0000] {dagbag.py:540} INFO - Filling up the DagBag from /home/ubuntu/air_venv/lib/python3.10/site-packages/airflow/example_dags/example_branch_operator.py
[2024-03-18T08:03:37.423+0000] {processor.py:842} WARNING - No viable dags retrieved from /home/ubuntu/air_venv/lib/python3.10/site-packages/airflow/example_dags/example_branch_operator.py
[2024-03-18T08:03:37.435+0000] {processor.py:183} INFO - Processing /home/ubuntu/air_venv/lib/python3.10/site-packages/airflow/example_dags/example_branch_operator.py took 0.022 seconds
[2024-03-18T08:04:46.038+0000] {processor.py:161} INFO - Started process (PID=5226) to work on /home/ubuntu/air_venv/lib/python3.10/site-packages/airflow/example_dags/example_branch_operator.py
[2024-03-18T08:04:46.040+0000] {processor.py:830} INFO - Processing file /home/ubuntu/air_venv/lib/python3.10/site-packages/airflow/example_dags/example_branch_operator.py for tasks to queue
[2024-03-18T08:04:46.041+0000] {logging_mixin.py:188} INFO - [2024-03-18T08:04:46.040+0000] {dagbag.py:540} INFO - Filling up the DagBag from /home/ubuntu/air_venv/lib/python3.10/site-packages/airflow/example_dags/example_branch_operator.py
[2024-03-18T08:04:46.044+0000] {processor.py:842} WARNING - No viable dags retrieved from /home/ubuntu/air_venv/lib/python3.10/site-packages/airflow/example_dags/example_branch_operator.py
[2024-03-18T08:04:46.056+0000] {processor.py:183} INFO - Processing /home/ubuntu/air_venv/lib/python3.10/site-packages/airflow/example_dags/example_branch_operator.py took 0.022 seconds
[2024-03-18T08:05:40.100+0000] {processor.py:161} INFO - Started process (PID=5756) to work on /home/ubuntu/air_venv/lib/python3.10/site-packages/airflow/example_dags/example_branch_operator.py
[2024-03-18T08:05:40.102+0000] {processor.py:830} INFO - Processing file /home/ubuntu/air_venv/lib/python3.10/site-packages/airflow/example_dags/example_branch_operator.py for tasks to queue
[2024-03-18T08:05:40.103+0000] {logging_mixin.py:188} INFO - [2024-03-18T08:05:40.103+0000] {dagbag.py:540} INFO - Filling up the DagBag from /home/ubuntu/air_venv/lib/python3.10/site-packages/airflow/example_dags/example_branch_operator.py
[2024-03-18T08:05:40.107+0000] {processor.py:842} WARNING - No viable dags retrieved from /home/ubuntu/air_venv/lib/python3.10/site-packages/airflow/example_dags/example_branch_operator.py
[2024-03-18T08:05:40.118+0000] {processor.py:183} INFO - Processing /home/ubuntu/air_venv/lib/python3.10/site-packages/airflow/example_dags/example_branch_operator.py took 0.022 seconds
[2024-03-18T08:07:38.217+0000] {processor.py:161} INFO - Started process (PID=7102) to work on /home/ubuntu/air_venv/lib/python3.10/site-packages/airflow/example_dags/example_branch_operator.py
[2024-03-18T08:07:38.219+0000] {processor.py:830} INFO - Processing file /home/ubuntu/air_venv/lib/python3.10/site-packages/airflow/example_dags/example_branch_operator.py for tasks to queue
[2024-03-18T08:07:38.220+0000] {logging_mixin.py:188} INFO - [2024-03-18T08:07:38.220+0000] {dagbag.py:540} INFO - Filling up the DagBag from /home/ubuntu/air_venv/lib/python3.10/site-packages/airflow/example_dags/example_branch_operator.py
[2024-03-18T08:07:38.224+0000] {processor.py:842} WARNING - No viable dags retrieved from /home/ubuntu/air_venv/lib/python3.10/site-packages/airflow/example_dags/example_branch_operator.py
[2024-03-18T08:07:38.236+0000] {processor.py:183} INFO - Processing /home/ubuntu/air_venv/lib/python3.10/site-packages/airflow/example_dags/example_branch_operator.py took 0.022 seconds
[2024-03-18T08:08:49.937+0000] {processor.py:161} INFO - Started process (PID=7575) to work on /home/ubuntu/air_venv/lib/python3.10/site-packages/airflow/example_dags/example_branch_operator.py
[2024-03-18T08:08:49.939+0000] {processor.py:830} INFO - Processing file /home/ubuntu/air_venv/lib/python3.10/site-packages/airflow/example_dags/example_branch_operator.py for tasks to queue
[2024-03-18T08:08:49.941+0000] {logging_mixin.py:188} INFO - [2024-03-18T08:08:49.940+0000] {dagbag.py:540} INFO - Filling up the DagBag from /home/ubuntu/air_venv/lib/python3.10/site-packages/airflow/example_dags/example_branch_operator.py
[2024-03-18T08:08:49.944+0000] {processor.py:842} WARNING - No viable dags retrieved from /home/ubuntu/air_venv/lib/python3.10/site-packages/airflow/example_dags/example_branch_operator.py
[2024-03-18T08:08:49.963+0000] {processor.py:183} INFO - Processing /home/ubuntu/air_venv/lib/python3.10/site-packages/airflow/example_dags/example_branch_operator.py took 0.029 seconds
[2024-03-18T08:09:54.598+0000] {processor.py:161} INFO - Started process (PID=8001) to work on /home/ubuntu/air_venv/lib/python3.10/site-packages/airflow/example_dags/example_branch_operator.py
[2024-03-18T08:09:54.600+0000] {processor.py:830} INFO - Processing file /home/ubuntu/air_venv/lib/python3.10/site-packages/airflow/example_dags/example_branch_operator.py for tasks to queue
[2024-03-18T08:09:54.601+0000] {logging_mixin.py:188} INFO - [2024-03-18T08:09:54.601+0000] {dagbag.py:540} INFO - Filling up the DagBag from /home/ubuntu/air_venv/lib/python3.10/site-packages/airflow/example_dags/example_branch_operator.py
[2024-03-18T08:09:54.605+0000] {processor.py:842} WARNING - No viable dags retrieved from /home/ubuntu/air_venv/lib/python3.10/site-packages/airflow/example_dags/example_branch_operator.py
[2024-03-18T08:09:54.616+0000] {processor.py:183} INFO - Processing /home/ubuntu/air_venv/lib/python3.10/site-packages/airflow/example_dags/example_branch_operator.py took 0.021 seconds
[2024-03-18T08:10:53.061+0000] {processor.py:161} INFO - Started process (PID=8420) to work on /home/ubuntu/air_venv/lib/python3.10/site-packages/airflow/example_dags/example_branch_operator.py
[2024-03-18T08:10:53.063+0000] {processor.py:830} INFO - Processing file /home/ubuntu/air_venv/lib/python3.10/site-packages/airflow/example_dags/example_branch_operator.py for tasks to queue
[2024-03-18T08:10:53.064+0000] {logging_mixin.py:188} INFO - [2024-03-18T08:10:53.064+0000] {dagbag.py:540} INFO - Filling up the DagBag from /home/ubuntu/air_venv/lib/python3.10/site-packages/airflow/example_dags/example_branch_operator.py
[2024-03-18T08:10:53.067+0000] {processor.py:842} WARNING - No viable dags retrieved from /home/ubuntu/air_venv/lib/python3.10/site-packages/airflow/example_dags/example_branch_operator.py
[2024-03-18T08:10:53.079+0000] {processor.py:183} INFO - Processing /home/ubuntu/air_venv/lib/python3.10/site-packages/airflow/example_dags/example_branch_operator.py took 0.021 seconds
[2024-03-18T08:11:56.509+0000] {processor.py:161} INFO - Started process (PID=8965) to work on /home/ubuntu/air_venv/lib/python3.10/site-packages/airflow/example_dags/example_branch_operator.py
[2024-03-18T08:11:56.511+0000] {processor.py:830} INFO - Processing file /home/ubuntu/air_venv/lib/python3.10/site-packages/airflow/example_dags/example_branch_operator.py for tasks to queue
[2024-03-18T08:11:56.512+0000] {logging_mixin.py:188} INFO - [2024-03-18T08:11:56.512+0000] {dagbag.py:540} INFO - Filling up the DagBag from /home/ubuntu/air_venv/lib/python3.10/site-packages/airflow/example_dags/example_branch_operator.py
[2024-03-18T08:11:56.515+0000] {processor.py:842} WARNING - No viable dags retrieved from /home/ubuntu/air_venv/lib/python3.10/site-packages/airflow/example_dags/example_branch_operator.py
[2024-03-18T08:11:56.527+0000] {processor.py:183} INFO - Processing /home/ubuntu/air_venv/lib/python3.10/site-packages/airflow/example_dags/example_branch_operator.py took 0.022 seconds
[2024-03-18T08:12:59.450+0000] {processor.py:161} INFO - Started process (PID=9387) to work on /home/ubuntu/air_venv/lib/python3.10/site-packages/airflow/example_dags/example_branch_operator.py
[2024-03-18T08:12:59.452+0000] {processor.py:830} INFO - Processing file /home/ubuntu/air_venv/lib/python3.10/site-packages/airflow/example_dags/example_branch_operator.py for tasks to queue
[2024-03-18T08:12:59.453+0000] {logging_mixin.py:188} INFO - [2024-03-18T08:12:59.453+0000] {dagbag.py:540} INFO - Filling up the DagBag from /home/ubuntu/air_venv/lib/python3.10/site-packages/airflow/example_dags/example_branch_operator.py
[2024-03-18T08:12:59.457+0000] {processor.py:842} WARNING - No viable dags retrieved from /home/ubuntu/air_venv/lib/python3.10/site-packages/airflow/example_dags/example_branch_operator.py
[2024-03-18T08:12:59.468+0000] {processor.py:183} INFO - Processing /home/ubuntu/air_venv/lib/python3.10/site-packages/airflow/example_dags/example_branch_operator.py took 0.022 seconds
[2024-03-18T08:14:01.021+0000] {processor.py:161} INFO - Started process (PID=9630) to work on /home/ubuntu/air_venv/lib/python3.10/site-packages/airflow/example_dags/example_branch_operator.py
[2024-03-18T08:14:01.023+0000] {processor.py:830} INFO - Processing file /home/ubuntu/air_venv/lib/python3.10/site-packages/airflow/example_dags/example_branch_operator.py for tasks to queue
[2024-03-18T08:14:01.025+0000] {logging_mixin.py:188} INFO - [2024-03-18T08:14:01.024+0000] {dagbag.py:540} INFO - Filling up the DagBag from /home/ubuntu/air_venv/lib/python3.10/site-packages/airflow/example_dags/example_branch_operator.py
[2024-03-18T08:14:01.028+0000] {processor.py:842} WARNING - No viable dags retrieved from /home/ubuntu/air_venv/lib/python3.10/site-packages/airflow/example_dags/example_branch_operator.py
[2024-03-18T08:14:01.040+0000] {processor.py:183} INFO - Processing /home/ubuntu/air_venv/lib/python3.10/site-packages/airflow/example_dags/example_branch_operator.py took 0.022 seconds
[2024-03-18T08:15:39.452+0000] {processor.py:161} INFO - Started process (PID=10597) to work on /home/ubuntu/air_venv/lib/python3.10/site-packages/airflow/example_dags/example_branch_operator.py
[2024-03-18T08:15:39.454+0000] {processor.py:830} INFO - Processing file /home/ubuntu/air_venv/lib/python3.10/site-packages/airflow/example_dags/example_branch_operator.py for tasks to queue
[2024-03-18T08:15:39.455+0000] {logging_mixin.py:188} INFO - [2024-03-18T08:15:39.454+0000] {dagbag.py:540} INFO - Filling up the DagBag from /home/ubuntu/air_venv/lib/python3.10/site-packages/airflow/example_dags/example_branch_operator.py
[2024-03-18T08:15:39.458+0000] {processor.py:842} WARNING - No viable dags retrieved from /home/ubuntu/air_venv/lib/python3.10/site-packages/airflow/example_dags/example_branch_operator.py
[2024-03-18T08:15:39.470+0000] {processor.py:183} INFO - Processing /home/ubuntu/air_venv/lib/python3.10/site-packages/airflow/example_dags/example_branch_operator.py took 0.022 seconds
[2024-03-18T08:16:34.687+0000] {processor.py:161} INFO - Started process (PID=11250) to work on /home/ubuntu/air_venv/lib/python3.10/site-packages/airflow/example_dags/example_branch_operator.py
[2024-03-18T08:16:34.689+0000] {processor.py:830} INFO - Processing file /home/ubuntu/air_venv/lib/python3.10/site-packages/airflow/example_dags/example_branch_operator.py for tasks to queue
[2024-03-18T08:16:34.690+0000] {logging_mixin.py:188} INFO - [2024-03-18T08:16:34.690+0000] {dagbag.py:540} INFO - Filling up the DagBag from /home/ubuntu/air_venv/lib/python3.10/site-packages/airflow/example_dags/example_branch_operator.py
[2024-03-18T08:16:34.694+0000] {processor.py:842} WARNING - No viable dags retrieved from /home/ubuntu/air_venv/lib/python3.10/site-packages/airflow/example_dags/example_branch_operator.py
[2024-03-18T08:16:34.706+0000] {processor.py:183} INFO - Processing /home/ubuntu/air_venv/lib/python3.10/site-packages/airflow/example_dags/example_branch_operator.py took 0.022 seconds
[2024-03-18T08:17:54.013+0000] {processor.py:161} INFO - Started process (PID=12266) to work on /home/ubuntu/air_venv/lib/python3.10/site-packages/airflow/example_dags/example_branch_operator.py
[2024-03-18T08:17:54.015+0000] {processor.py:830} INFO - Processing file /home/ubuntu/air_venv/lib/python3.10/site-packages/airflow/example_dags/example_branch_operator.py for tasks to queue
[2024-03-18T08:17:54.017+0000] {logging_mixin.py:188} INFO - [2024-03-18T08:17:54.016+0000] {dagbag.py:540} INFO - Filling up the DagBag from /home/ubuntu/air_venv/lib/python3.10/site-packages/airflow/example_dags/example_branch_operator.py
[2024-03-18T08:17:54.021+0000] {processor.py:842} WARNING - No viable dags retrieved from /home/ubuntu/air_venv/lib/python3.10/site-packages/airflow/example_dags/example_branch_operator.py
[2024-03-18T08:17:54.032+0000] {processor.py:183} INFO - Processing /home/ubuntu/air_venv/lib/python3.10/site-packages/airflow/example_dags/example_branch_operator.py took 0.023 seconds
[2024-03-18T08:18:50.996+0000] {processor.py:161} INFO - Started process (PID=12562) to work on /home/ubuntu/air_venv/lib/python3.10/site-packages/airflow/example_dags/example_branch_operator.py
[2024-03-18T08:18:50.998+0000] {processor.py:830} INFO - Processing file /home/ubuntu/air_venv/lib/python3.10/site-packages/airflow/example_dags/example_branch_operator.py for tasks to queue
[2024-03-18T08:18:50.999+0000] {logging_mixin.py:188} INFO - [2024-03-18T08:18:50.998+0000] {dagbag.py:540} INFO - Filling up the DagBag from /home/ubuntu/air_venv/lib/python3.10/site-packages/airflow/example_dags/example_branch_operator.py
[2024-03-18T08:18:51.002+0000] {processor.py:842} WARNING - No viable dags retrieved from /home/ubuntu/air_venv/lib/python3.10/site-packages/airflow/example_dags/example_branch_operator.py
[2024-03-18T08:18:51.014+0000] {processor.py:183} INFO - Processing /home/ubuntu/air_venv/lib/python3.10/site-packages/airflow/example_dags/example_branch_operator.py took 0.022 seconds
[2024-03-18T08:20:17.305+0000] {processor.py:161} INFO - Started process (PID=13243) to work on /home/ubuntu/air_venv/lib/python3.10/site-packages/airflow/example_dags/example_branch_operator.py
[2024-03-18T08:20:17.308+0000] {processor.py:830} INFO - Processing file /home/ubuntu/air_venv/lib/python3.10/site-packages/airflow/example_dags/example_branch_operator.py for tasks to queue
[2024-03-18T08:20:17.309+0000] {logging_mixin.py:188} INFO - [2024-03-18T08:20:17.308+0000] {dagbag.py:540} INFO - Filling up the DagBag from /home/ubuntu/air_venv/lib/python3.10/site-packages/airflow/example_dags/example_branch_operator.py
[2024-03-18T08:20:17.312+0000] {processor.py:842} WARNING - No viable dags retrieved from /home/ubuntu/air_venv/lib/python3.10/site-packages/airflow/example_dags/example_branch_operator.py
[2024-03-18T08:20:17.323+0000] {processor.py:183} INFO - Processing /home/ubuntu/air_venv/lib/python3.10/site-packages/airflow/example_dags/example_branch_operator.py took 0.022 seconds
[2024-03-18T08:21:40.042+0000] {processor.py:161} INFO - Started process (PID=13649) to work on /home/ubuntu/air_venv/lib/python3.10/site-packages/airflow/example_dags/example_branch_operator.py
[2024-03-18T08:21:40.044+0000] {processor.py:830} INFO - Processing file /home/ubuntu/air_venv/lib/python3.10/site-packages/airflow/example_dags/example_branch_operator.py for tasks to queue
[2024-03-18T08:21:40.046+0000] {logging_mixin.py:188} INFO - [2024-03-18T08:21:40.045+0000] {dagbag.py:540} INFO - Filling up the DagBag from /home/ubuntu/air_venv/lib/python3.10/site-packages/airflow/example_dags/example_branch_operator.py
[2024-03-18T08:21:40.049+0000] {processor.py:842} WARNING - No viable dags retrieved from /home/ubuntu/air_venv/lib/python3.10/site-packages/airflow/example_dags/example_branch_operator.py
[2024-03-18T08:21:40.061+0000] {processor.py:183} INFO - Processing /home/ubuntu/air_venv/lib/python3.10/site-packages/airflow/example_dags/example_branch_operator.py took 0.022 seconds
[2024-03-18T08:22:39.284+0000] {processor.py:161} INFO - Started process (PID=13926) to work on /home/ubuntu/air_venv/lib/python3.10/site-packages/airflow/example_dags/example_branch_operator.py
[2024-03-18T08:22:39.286+0000] {processor.py:830} INFO - Processing file /home/ubuntu/air_venv/lib/python3.10/site-packages/airflow/example_dags/example_branch_operator.py for tasks to queue
[2024-03-18T08:22:39.287+0000] {logging_mixin.py:188} INFO - [2024-03-18T08:22:39.287+0000] {dagbag.py:540} INFO - Filling up the DagBag from /home/ubuntu/air_venv/lib/python3.10/site-packages/airflow/example_dags/example_branch_operator.py
[2024-03-18T08:22:39.291+0000] {processor.py:842} WARNING - No viable dags retrieved from /home/ubuntu/air_venv/lib/python3.10/site-packages/airflow/example_dags/example_branch_operator.py
[2024-03-18T08:22:39.302+0000] {processor.py:183} INFO - Processing /home/ubuntu/air_venv/lib/python3.10/site-packages/airflow/example_dags/example_branch_operator.py took 0.022 seconds
[2024-03-18T08:23:37.963+0000] {processor.py:161} INFO - Started process (PID=14441) to work on /home/ubuntu/air_venv/lib/python3.10/site-packages/airflow/example_dags/example_branch_operator.py
[2024-03-18T08:23:37.964+0000] {processor.py:830} INFO - Processing file /home/ubuntu/air_venv/lib/python3.10/site-packages/airflow/example_dags/example_branch_operator.py for tasks to queue
[2024-03-18T08:23:37.966+0000] {logging_mixin.py:188} INFO - [2024-03-18T08:23:37.965+0000] {dagbag.py:540} INFO - Filling up the DagBag from /home/ubuntu/air_venv/lib/python3.10/site-packages/airflow/example_dags/example_branch_operator.py
[2024-03-18T08:23:37.969+0000] {processor.py:842} WARNING - No viable dags retrieved from /home/ubuntu/air_venv/lib/python3.10/site-packages/airflow/example_dags/example_branch_operator.py
[2024-03-18T08:23:37.981+0000] {processor.py:183} INFO - Processing /home/ubuntu/air_venv/lib/python3.10/site-packages/airflow/example_dags/example_branch_operator.py took 0.021 seconds
[2024-03-18T08:24:36.435+0000] {processor.py:161} INFO - Started process (PID=14936) to work on /home/ubuntu/air_venv/lib/python3.10/site-packages/airflow/example_dags/example_branch_operator.py
[2024-03-18T08:24:36.437+0000] {processor.py:830} INFO - Processing file /home/ubuntu/air_venv/lib/python3.10/site-packages/airflow/example_dags/example_branch_operator.py for tasks to queue
[2024-03-18T08:24:36.438+0000] {logging_mixin.py:188} INFO - [2024-03-18T08:24:36.438+0000] {dagbag.py:540} INFO - Filling up the DagBag from /home/ubuntu/air_venv/lib/python3.10/site-packages/airflow/example_dags/example_branch_operator.py
[2024-03-18T08:24:36.442+0000] {processor.py:842} WARNING - No viable dags retrieved from /home/ubuntu/air_venv/lib/python3.10/site-packages/airflow/example_dags/example_branch_operator.py
[2024-03-18T08:24:36.454+0000] {processor.py:183} INFO - Processing /home/ubuntu/air_venv/lib/python3.10/site-packages/airflow/example_dags/example_branch_operator.py took 0.022 seconds
[2024-03-18T08:25:42.196+0000] {processor.py:161} INFO - Started process (PID=15360) to work on /home/ubuntu/air_venv/lib/python3.10/site-packages/airflow/example_dags/example_branch_operator.py
[2024-03-18T08:25:42.198+0000] {processor.py:830} INFO - Processing file /home/ubuntu/air_venv/lib/python3.10/site-packages/airflow/example_dags/example_branch_operator.py for tasks to queue
[2024-03-18T08:25:42.199+0000] {logging_mixin.py:188} INFO - [2024-03-18T08:25:42.198+0000] {dagbag.py:540} INFO - Filling up the DagBag from /home/ubuntu/air_venv/lib/python3.10/site-packages/airflow/example_dags/example_branch_operator.py
[2024-03-18T08:25:42.202+0000] {processor.py:842} WARNING - No viable dags retrieved from /home/ubuntu/air_venv/lib/python3.10/site-packages/airflow/example_dags/example_branch_operator.py
[2024-03-18T08:25:42.213+0000] {processor.py:183} INFO - Processing /home/ubuntu/air_venv/lib/python3.10/site-packages/airflow/example_dags/example_branch_operator.py took 0.021 seconds
[2024-03-18T08:26:42.306+0000] {processor.py:161} INFO - Started process (PID=15480) to work on /home/ubuntu/air_venv/lib/python3.10/site-packages/airflow/example_dags/example_branch_operator.py
[2024-03-18T08:26:42.308+0000] {processor.py:830} INFO - Processing file /home/ubuntu/air_venv/lib/python3.10/site-packages/airflow/example_dags/example_branch_operator.py for tasks to queue
[2024-03-18T08:26:42.309+0000] {logging_mixin.py:188} INFO - [2024-03-18T08:26:42.309+0000] {dagbag.py:540} INFO - Filling up the DagBag from /home/ubuntu/air_venv/lib/python3.10/site-packages/airflow/example_dags/example_branch_operator.py
[2024-03-18T08:26:42.313+0000] {processor.py:842} WARNING - No viable dags retrieved from /home/ubuntu/air_venv/lib/python3.10/site-packages/airflow/example_dags/example_branch_operator.py
[2024-03-18T08:26:42.325+0000] {processor.py:183} INFO - Processing /home/ubuntu/air_venv/lib/python3.10/site-packages/airflow/example_dags/example_branch_operator.py took 0.022 seconds
[2024-03-18T08:27:44.473+0000] {processor.py:161} INFO - Started process (PID=15601) to work on /home/ubuntu/air_venv/lib/python3.10/site-packages/airflow/example_dags/example_branch_operator.py
[2024-03-18T08:27:44.475+0000] {processor.py:830} INFO - Processing file /home/ubuntu/air_venv/lib/python3.10/site-packages/airflow/example_dags/example_branch_operator.py for tasks to queue
[2024-03-18T08:27:44.476+0000] {logging_mixin.py:188} INFO - [2024-03-18T08:27:44.476+0000] {dagbag.py:540} INFO - Filling up the DagBag from /home/ubuntu/air_venv/lib/python3.10/site-packages/airflow/example_dags/example_branch_operator.py
[2024-03-18T08:27:44.480+0000] {processor.py:842} WARNING - No viable dags retrieved from /home/ubuntu/air_venv/lib/python3.10/site-packages/airflow/example_dags/example_branch_operator.py
[2024-03-18T08:27:44.492+0000] {processor.py:183} INFO - Processing /home/ubuntu/air_venv/lib/python3.10/site-packages/airflow/example_dags/example_branch_operator.py took 0.022 seconds
[2024-03-18T08:28:47.304+0000] {processor.py:161} INFO - Started process (PID=15722) to work on /home/ubuntu/air_venv/lib/python3.10/site-packages/airflow/example_dags/example_branch_operator.py
[2024-03-18T08:28:47.307+0000] {processor.py:830} INFO - Processing file /home/ubuntu/air_venv/lib/python3.10/site-packages/airflow/example_dags/example_branch_operator.py for tasks to queue
[2024-03-18T08:28:47.308+0000] {logging_mixin.py:188} INFO - [2024-03-18T08:28:47.307+0000] {dagbag.py:540} INFO - Filling up the DagBag from /home/ubuntu/air_venv/lib/python3.10/site-packages/airflow/example_dags/example_branch_operator.py
[2024-03-18T08:28:47.311+0000] {processor.py:842} WARNING - No viable dags retrieved from /home/ubuntu/air_venv/lib/python3.10/site-packages/airflow/example_dags/example_branch_operator.py
[2024-03-18T08:28:47.323+0000] {processor.py:183} INFO - Processing /home/ubuntu/air_venv/lib/python3.10/site-packages/airflow/example_dags/example_branch_operator.py took 0.022 seconds
