[2024-03-18T07:59:54.645+0000] {processor.py:161} INFO - Started process (PID=2786) to work on /home/ubuntu/air_venv/lib/python3.10/site-packages/airflow/example_dags/example_setup_teardown_taskflow.py
[2024-03-18T07:59:54.646+0000] {processor.py:830} INFO - Processing file /home/ubuntu/air_venv/lib/python3.10/site-packages/airflow/example_dags/example_setup_teardown_taskflow.py for tasks to queue
[2024-03-18T07:59:54.647+0000] {logging_mixin.py:188} INFO - [2024-03-18T07:59:54.647+0000] {dagbag.py:540} INFO - Filling up the DagBag from /home/ubuntu/air_venv/lib/python3.10/site-packages/airflow/example_dags/example_setup_teardown_taskflow.py
[2024-03-18T07:59:54.661+0000] {processor.py:840} INFO - DAG(s) 'example_setup_teardown_taskflow' retrieved from /home/ubuntu/air_venv/lib/python3.10/site-packages/airflow/example_dags/example_setup_teardown_taskflow.py
[2024-03-18T07:59:54.795+0000] {logging_mixin.py:188} INFO - [2024-03-18T07:59:54.794+0000] {override.py:1769} INFO - Created Permission View: can edit on DAG:example_setup_teardown_taskflow
[2024-03-18T07:59:54.810+0000] {logging_mixin.py:188} INFO - [2024-03-18T07:59:54.809+0000] {override.py:1769} INFO - Created Permission View: can delete on DAG:example_setup_teardown_taskflow
[2024-03-18T07:59:54.821+0000] {logging_mixin.py:188} INFO - [2024-03-18T07:59:54.820+0000] {override.py:1769} INFO - Created Permission View: can read on DAG:example_setup_teardown_taskflow
[2024-03-18T07:59:54.821+0000] {logging_mixin.py:188} INFO - [2024-03-18T07:59:54.821+0000] {dag.py:3047} INFO - Sync 1 DAGs
[2024-03-18T07:59:54.833+0000] {logging_mixin.py:188} INFO - [2024-03-18T07:59:54.832+0000] {dag.py:3069} INFO - Creating ORM DAG for example_setup_teardown_taskflow
[2024-03-18T07:59:54.842+0000] {logging_mixin.py:188} INFO - [2024-03-18T07:59:54.842+0000] {dag.py:3834} INFO - Setting next_dagrun for example_setup_teardown_taskflow to 2024-03-17 00:00:00+00:00, run_after=2024-03-18 00:00:00+00:00
[2024-03-18T07:59:54.868+0000] {processor.py:183} INFO - Processing /home/ubuntu/air_venv/lib/python3.10/site-packages/airflow/example_dags/example_setup_teardown_taskflow.py took 0.227 seconds
[2024-03-18T08:00:58.722+0000] {processor.py:161} INFO - Started process (PID=3262) to work on /home/ubuntu/air_venv/lib/python3.10/site-packages/airflow/example_dags/example_setup_teardown_taskflow.py
[2024-03-18T08:00:58.724+0000] {processor.py:830} INFO - Processing file /home/ubuntu/air_venv/lib/python3.10/site-packages/airflow/example_dags/example_setup_teardown_taskflow.py for tasks to queue
[2024-03-18T08:00:58.725+0000] {logging_mixin.py:188} INFO - [2024-03-18T08:00:58.725+0000] {dagbag.py:540} INFO - Filling up the DagBag from /home/ubuntu/air_venv/lib/python3.10/site-packages/airflow/example_dags/example_setup_teardown_taskflow.py
[2024-03-18T08:00:58.738+0000] {processor.py:840} INFO - DAG(s) 'example_setup_teardown_taskflow' retrieved from /home/ubuntu/air_venv/lib/python3.10/site-packages/airflow/example_dags/example_setup_teardown_taskflow.py
[2024-03-18T08:00:58.757+0000] {logging_mixin.py:188} INFO - [2024-03-18T08:00:58.757+0000] {dag.py:3047} INFO - Sync 1 DAGs
[2024-03-18T08:00:58.781+0000] {logging_mixin.py:188} INFO - [2024-03-18T08:00:58.780+0000] {dag.py:3834} INFO - Setting next_dagrun for example_setup_teardown_taskflow to 2024-03-17 00:00:00+00:00, run_after=2024-03-18 00:00:00+00:00
[2024-03-18T08:00:58.805+0000] {processor.py:183} INFO - Processing /home/ubuntu/air_venv/lib/python3.10/site-packages/airflow/example_dags/example_setup_teardown_taskflow.py took 0.086 seconds
[2024-03-18T08:01:48.876+0000] {processor.py:161} INFO - Started process (PID=3793) to work on /home/ubuntu/air_venv/lib/python3.10/site-packages/airflow/example_dags/example_setup_teardown_taskflow.py
[2024-03-18T08:01:48.878+0000] {processor.py:830} INFO - Processing file /home/ubuntu/air_venv/lib/python3.10/site-packages/airflow/example_dags/example_setup_teardown_taskflow.py for tasks to queue
[2024-03-18T08:01:48.879+0000] {logging_mixin.py:188} INFO - [2024-03-18T08:01:48.879+0000] {dagbag.py:540} INFO - Filling up the DagBag from /home/ubuntu/air_venv/lib/python3.10/site-packages/airflow/example_dags/example_setup_teardown_taskflow.py
[2024-03-18T08:01:48.891+0000] {processor.py:840} INFO - DAG(s) 'example_setup_teardown_taskflow' retrieved from /home/ubuntu/air_venv/lib/python3.10/site-packages/airflow/example_dags/example_setup_teardown_taskflow.py
[2024-03-18T08:01:48.911+0000] {logging_mixin.py:188} INFO - [2024-03-18T08:01:48.910+0000] {dag.py:3047} INFO - Sync 1 DAGs
[2024-03-18T08:01:48.933+0000] {logging_mixin.py:188} INFO - [2024-03-18T08:01:48.933+0000] {dag.py:3834} INFO - Setting next_dagrun for example_setup_teardown_taskflow to 2024-03-17 00:00:00+00:00, run_after=2024-03-18 00:00:00+00:00
[2024-03-18T08:01:49.100+0000] {processor.py:183} INFO - Processing /home/ubuntu/air_venv/lib/python3.10/site-packages/airflow/example_dags/example_setup_teardown_taskflow.py took 0.228 seconds
[2024-03-18T08:02:39.905+0000] {processor.py:161} INFO - Started process (PID=4257) to work on /home/ubuntu/air_venv/lib/python3.10/site-packages/airflow/example_dags/example_setup_teardown_taskflow.py
[2024-03-18T08:02:39.906+0000] {processor.py:830} INFO - Processing file /home/ubuntu/air_venv/lib/python3.10/site-packages/airflow/example_dags/example_setup_teardown_taskflow.py for tasks to queue
[2024-03-18T08:02:39.907+0000] {logging_mixin.py:188} INFO - [2024-03-18T08:02:39.907+0000] {dagbag.py:540} INFO - Filling up the DagBag from /home/ubuntu/air_venv/lib/python3.10/site-packages/airflow/example_dags/example_setup_teardown_taskflow.py
[2024-03-18T08:02:40.064+0000] {processor.py:840} INFO - DAG(s) 'example_setup_teardown_taskflow' retrieved from /home/ubuntu/air_venv/lib/python3.10/site-packages/airflow/example_dags/example_setup_teardown_taskflow.py
[2024-03-18T08:02:40.079+0000] {logging_mixin.py:188} INFO - [2024-03-18T08:02:40.079+0000] {dag.py:3047} INFO - Sync 1 DAGs
[2024-03-18T08:02:40.100+0000] {logging_mixin.py:188} INFO - [2024-03-18T08:02:40.100+0000] {dag.py:3834} INFO - Setting next_dagrun for example_setup_teardown_taskflow to 2024-03-17 00:00:00+00:00, run_after=2024-03-18 00:00:00+00:00
[2024-03-18T08:02:40.126+0000] {processor.py:183} INFO - Processing /home/ubuntu/air_venv/lib/python3.10/site-packages/airflow/example_dags/example_setup_teardown_taskflow.py took 0.225 seconds
[2024-03-18T08:03:32.298+0000] {processor.py:161} INFO - Started process (PID=4486) to work on /home/ubuntu/air_venv/lib/python3.10/site-packages/airflow/example_dags/example_setup_teardown_taskflow.py
[2024-03-18T08:03:32.300+0000] {processor.py:830} INFO - Processing file /home/ubuntu/air_venv/lib/python3.10/site-packages/airflow/example_dags/example_setup_teardown_taskflow.py for tasks to queue
[2024-03-18T08:03:32.301+0000] {logging_mixin.py:188} INFO - [2024-03-18T08:03:32.301+0000] {dagbag.py:540} INFO - Filling up the DagBag from /home/ubuntu/air_venv/lib/python3.10/site-packages/airflow/example_dags/example_setup_teardown_taskflow.py
[2024-03-18T08:03:32.313+0000] {processor.py:840} INFO - DAG(s) 'example_setup_teardown_taskflow' retrieved from /home/ubuntu/air_venv/lib/python3.10/site-packages/airflow/example_dags/example_setup_teardown_taskflow.py
[2024-03-18T08:03:32.340+0000] {logging_mixin.py:188} INFO - [2024-03-18T08:03:32.339+0000] {dag.py:3047} INFO - Sync 1 DAGs
[2024-03-18T08:03:32.363+0000] {logging_mixin.py:188} INFO - [2024-03-18T08:03:32.363+0000] {dag.py:3834} INFO - Setting next_dagrun for example_setup_teardown_taskflow to 2024-03-17 00:00:00+00:00, run_after=2024-03-18 00:00:00+00:00
[2024-03-18T08:03:32.387+0000] {processor.py:183} INFO - Processing /home/ubuntu/air_venv/lib/python3.10/site-packages/airflow/example_dags/example_setup_teardown_taskflow.py took 0.093 seconds
[2024-03-18T08:04:24.715+0000] {processor.py:161} INFO - Started process (PID=5079) to work on /home/ubuntu/air_venv/lib/python3.10/site-packages/airflow/example_dags/example_setup_teardown_taskflow.py
[2024-03-18T08:04:24.717+0000] {processor.py:830} INFO - Processing file /home/ubuntu/air_venv/lib/python3.10/site-packages/airflow/example_dags/example_setup_teardown_taskflow.py for tasks to queue
[2024-03-18T08:04:24.718+0000] {logging_mixin.py:188} INFO - [2024-03-18T08:04:24.717+0000] {dagbag.py:540} INFO - Filling up the DagBag from /home/ubuntu/air_venv/lib/python3.10/site-packages/airflow/example_dags/example_setup_teardown_taskflow.py
[2024-03-18T08:04:24.730+0000] {processor.py:840} INFO - DAG(s) 'example_setup_teardown_taskflow' retrieved from /home/ubuntu/air_venv/lib/python3.10/site-packages/airflow/example_dags/example_setup_teardown_taskflow.py
[2024-03-18T08:04:24.749+0000] {logging_mixin.py:188} INFO - [2024-03-18T08:04:24.749+0000] {dag.py:3047} INFO - Sync 1 DAGs
[2024-03-18T08:04:24.772+0000] {logging_mixin.py:188} INFO - [2024-03-18T08:04:24.772+0000] {dag.py:3834} INFO - Setting next_dagrun for example_setup_teardown_taskflow to 2024-03-17 00:00:00+00:00, run_after=2024-03-18 00:00:00+00:00
[2024-03-18T08:04:24.799+0000] {processor.py:183} INFO - Processing /home/ubuntu/air_venv/lib/python3.10/site-packages/airflow/example_dags/example_setup_teardown_taskflow.py took 0.087 seconds
[2024-03-18T08:05:19.419+0000] {processor.py:161} INFO - Started process (PID=5494) to work on /home/ubuntu/air_venv/lib/python3.10/site-packages/airflow/example_dags/example_setup_teardown_taskflow.py
[2024-03-18T08:05:19.421+0000] {processor.py:830} INFO - Processing file /home/ubuntu/air_venv/lib/python3.10/site-packages/airflow/example_dags/example_setup_teardown_taskflow.py for tasks to queue
[2024-03-18T08:05:19.422+0000] {logging_mixin.py:188} INFO - [2024-03-18T08:05:19.421+0000] {dagbag.py:540} INFO - Filling up the DagBag from /home/ubuntu/air_venv/lib/python3.10/site-packages/airflow/example_dags/example_setup_teardown_taskflow.py
[2024-03-18T08:05:19.434+0000] {processor.py:840} INFO - DAG(s) 'example_setup_teardown_taskflow' retrieved from /home/ubuntu/air_venv/lib/python3.10/site-packages/airflow/example_dags/example_setup_teardown_taskflow.py
[2024-03-18T08:05:19.454+0000] {logging_mixin.py:188} INFO - [2024-03-18T08:05:19.453+0000] {dag.py:3047} INFO - Sync 1 DAGs
[2024-03-18T08:05:19.478+0000] {logging_mixin.py:188} INFO - [2024-03-18T08:05:19.477+0000] {dag.py:3834} INFO - Setting next_dagrun for example_setup_teardown_taskflow to 2024-03-17 00:00:00+00:00, run_after=2024-03-18 00:00:00+00:00
[2024-03-18T08:05:19.506+0000] {processor.py:183} INFO - Processing /home/ubuntu/air_venv/lib/python3.10/site-packages/airflow/example_dags/example_setup_teardown_taskflow.py took 0.090 seconds
[2024-03-18T08:06:07.755+0000] {processor.py:161} INFO - Started process (PID=6024) to work on /home/ubuntu/air_venv/lib/python3.10/site-packages/airflow/example_dags/example_setup_teardown_taskflow.py
[2024-03-18T08:06:07.757+0000] {processor.py:830} INFO - Processing file /home/ubuntu/air_venv/lib/python3.10/site-packages/airflow/example_dags/example_setup_teardown_taskflow.py for tasks to queue
[2024-03-18T08:06:07.758+0000] {logging_mixin.py:188} INFO - [2024-03-18T08:06:07.758+0000] {dagbag.py:540} INFO - Filling up the DagBag from /home/ubuntu/air_venv/lib/python3.10/site-packages/airflow/example_dags/example_setup_teardown_taskflow.py
[2024-03-18T08:06:07.771+0000] {processor.py:840} INFO - DAG(s) 'example_setup_teardown_taskflow' retrieved from /home/ubuntu/air_venv/lib/python3.10/site-packages/airflow/example_dags/example_setup_teardown_taskflow.py
[2024-03-18T08:06:07.791+0000] {logging_mixin.py:188} INFO - [2024-03-18T08:06:07.791+0000] {dag.py:3047} INFO - Sync 1 DAGs
[2024-03-18T08:06:07.822+0000] {logging_mixin.py:188} INFO - [2024-03-18T08:06:07.822+0000] {dag.py:3834} INFO - Setting next_dagrun for example_setup_teardown_taskflow to 2024-03-17 00:00:00+00:00, run_after=2024-03-18 00:00:00+00:00
[2024-03-18T08:06:07.849+0000] {processor.py:183} INFO - Processing /home/ubuntu/air_venv/lib/python3.10/site-packages/airflow/example_dags/example_setup_teardown_taskflow.py took 0.098 seconds
[2024-03-18T08:07:14.688+0000] {processor.py:161} INFO - Started process (PID=6897) to work on /home/ubuntu/air_venv/lib/python3.10/site-packages/airflow/example_dags/example_setup_teardown_taskflow.py
[2024-03-18T08:07:14.690+0000] {processor.py:830} INFO - Processing file /home/ubuntu/air_venv/lib/python3.10/site-packages/airflow/example_dags/example_setup_teardown_taskflow.py for tasks to queue
[2024-03-18T08:07:14.692+0000] {logging_mixin.py:188} INFO - [2024-03-18T08:07:14.691+0000] {dagbag.py:540} INFO - Filling up the DagBag from /home/ubuntu/air_venv/lib/python3.10/site-packages/airflow/example_dags/example_setup_teardown_taskflow.py
[2024-03-18T08:07:14.704+0000] {processor.py:840} INFO - DAG(s) 'example_setup_teardown_taskflow' retrieved from /home/ubuntu/air_venv/lib/python3.10/site-packages/airflow/example_dags/example_setup_teardown_taskflow.py
[2024-03-18T08:07:14.725+0000] {logging_mixin.py:188} INFO - [2024-03-18T08:07:14.724+0000] {dag.py:3047} INFO - Sync 1 DAGs
[2024-03-18T08:07:14.748+0000] {logging_mixin.py:188} INFO - [2024-03-18T08:07:14.747+0000] {dag.py:3834} INFO - Setting next_dagrun for example_setup_teardown_taskflow to 2024-03-17 00:00:00+00:00, run_after=2024-03-18 00:00:00+00:00
[2024-03-18T08:07:14.775+0000] {processor.py:183} INFO - Processing /home/ubuntu/air_venv/lib/python3.10/site-packages/airflow/example_dags/example_setup_teardown_taskflow.py took 0.090 seconds
[2024-03-18T08:08:09.149+0000] {processor.py:161} INFO - Started process (PID=7226) to work on /home/ubuntu/air_venv/lib/python3.10/site-packages/airflow/example_dags/example_setup_teardown_taskflow.py
[2024-03-18T08:08:09.151+0000] {processor.py:830} INFO - Processing file /home/ubuntu/air_venv/lib/python3.10/site-packages/airflow/example_dags/example_setup_teardown_taskflow.py for tasks to queue
[2024-03-18T08:08:09.152+0000] {logging_mixin.py:188} INFO - [2024-03-18T08:08:09.152+0000] {dagbag.py:540} INFO - Filling up the DagBag from /home/ubuntu/air_venv/lib/python3.10/site-packages/airflow/example_dags/example_setup_teardown_taskflow.py
[2024-03-18T08:08:09.165+0000] {processor.py:840} INFO - DAG(s) 'example_setup_teardown_taskflow' retrieved from /home/ubuntu/air_venv/lib/python3.10/site-packages/airflow/example_dags/example_setup_teardown_taskflow.py
[2024-03-18T08:08:09.187+0000] {logging_mixin.py:188} INFO - [2024-03-18T08:08:09.186+0000] {dag.py:3047} INFO - Sync 1 DAGs
[2024-03-18T08:08:09.211+0000] {logging_mixin.py:188} INFO - [2024-03-18T08:08:09.210+0000] {dag.py:3834} INFO - Setting next_dagrun for example_setup_teardown_taskflow to 2024-03-17 00:00:00+00:00, run_after=2024-03-18 00:00:00+00:00
[2024-03-18T08:08:09.237+0000] {processor.py:183} INFO - Processing /home/ubuntu/air_venv/lib/python3.10/site-packages/airflow/example_dags/example_setup_teardown_taskflow.py took 0.091 seconds
[2024-03-18T08:08:55.739+0000] {processor.py:161} INFO - Started process (PID=7581) to work on /home/ubuntu/air_venv/lib/python3.10/site-packages/airflow/example_dags/example_setup_teardown_taskflow.py
[2024-03-18T08:08:55.741+0000] {processor.py:830} INFO - Processing file /home/ubuntu/air_venv/lib/python3.10/site-packages/airflow/example_dags/example_setup_teardown_taskflow.py for tasks to queue
[2024-03-18T08:08:55.742+0000] {logging_mixin.py:188} INFO - [2024-03-18T08:08:55.741+0000] {dagbag.py:540} INFO - Filling up the DagBag from /home/ubuntu/air_venv/lib/python3.10/site-packages/airflow/example_dags/example_setup_teardown_taskflow.py
[2024-03-18T08:08:55.754+0000] {processor.py:840} INFO - DAG(s) 'example_setup_teardown_taskflow' retrieved from /home/ubuntu/air_venv/lib/python3.10/site-packages/airflow/example_dags/example_setup_teardown_taskflow.py
[2024-03-18T08:08:55.773+0000] {logging_mixin.py:188} INFO - [2024-03-18T08:08:55.773+0000] {dag.py:3047} INFO - Sync 1 DAGs
[2024-03-18T08:08:55.795+0000] {logging_mixin.py:188} INFO - [2024-03-18T08:08:55.795+0000] {dag.py:3834} INFO - Setting next_dagrun for example_setup_teardown_taskflow to 2024-03-17 00:00:00+00:00, run_after=2024-03-18 00:00:00+00:00
[2024-03-18T08:08:55.820+0000] {processor.py:183} INFO - Processing /home/ubuntu/air_venv/lib/python3.10/site-packages/airflow/example_dags/example_setup_teardown_taskflow.py took 0.085 seconds
[2024-03-18T08:09:39.828+0000] {processor.py:161} INFO - Started process (PID=7927) to work on /home/ubuntu/air_venv/lib/python3.10/site-packages/airflow/example_dags/example_setup_teardown_taskflow.py
[2024-03-18T08:09:39.831+0000] {processor.py:830} INFO - Processing file /home/ubuntu/air_venv/lib/python3.10/site-packages/airflow/example_dags/example_setup_teardown_taskflow.py for tasks to queue
[2024-03-18T08:09:39.832+0000] {logging_mixin.py:188} INFO - [2024-03-18T08:09:39.832+0000] {dagbag.py:540} INFO - Filling up the DagBag from /home/ubuntu/air_venv/lib/python3.10/site-packages/airflow/example_dags/example_setup_teardown_taskflow.py
[2024-03-18T08:09:39.844+0000] {processor.py:840} INFO - DAG(s) 'example_setup_teardown_taskflow' retrieved from /home/ubuntu/air_venv/lib/python3.10/site-packages/airflow/example_dags/example_setup_teardown_taskflow.py
[2024-03-18T08:09:39.864+0000] {logging_mixin.py:188} INFO - [2024-03-18T08:09:39.863+0000] {dag.py:3047} INFO - Sync 1 DAGs
[2024-03-18T08:09:39.887+0000] {logging_mixin.py:188} INFO - [2024-03-18T08:09:39.886+0000] {dag.py:3834} INFO - Setting next_dagrun for example_setup_teardown_taskflow to 2024-03-17 00:00:00+00:00, run_after=2024-03-18 00:00:00+00:00
[2024-03-18T08:09:39.911+0000] {processor.py:183} INFO - Processing /home/ubuntu/air_venv/lib/python3.10/site-packages/airflow/example_dags/example_setup_teardown_taskflow.py took 0.086 seconds
[2024-03-18T08:10:22.036+0000] {processor.py:161} INFO - Started process (PID=8267) to work on /home/ubuntu/air_venv/lib/python3.10/site-packages/airflow/example_dags/example_setup_teardown_taskflow.py
[2024-03-18T08:10:22.038+0000] {processor.py:830} INFO - Processing file /home/ubuntu/air_venv/lib/python3.10/site-packages/airflow/example_dags/example_setup_teardown_taskflow.py for tasks to queue
[2024-03-18T08:10:22.039+0000] {logging_mixin.py:188} INFO - [2024-03-18T08:10:22.038+0000] {dagbag.py:540} INFO - Filling up the DagBag from /home/ubuntu/air_venv/lib/python3.10/site-packages/airflow/example_dags/example_setup_teardown_taskflow.py
[2024-03-18T08:10:22.051+0000] {processor.py:840} INFO - DAG(s) 'example_setup_teardown_taskflow' retrieved from /home/ubuntu/air_venv/lib/python3.10/site-packages/airflow/example_dags/example_setup_teardown_taskflow.py
[2024-03-18T08:10:22.071+0000] {logging_mixin.py:188} INFO - [2024-03-18T08:10:22.070+0000] {dag.py:3047} INFO - Sync 1 DAGs
[2024-03-18T08:10:22.094+0000] {logging_mixin.py:188} INFO - [2024-03-18T08:10:22.094+0000] {dag.py:3834} INFO - Setting next_dagrun for example_setup_teardown_taskflow to 2024-03-17 00:00:00+00:00, run_after=2024-03-18 00:00:00+00:00
[2024-03-18T08:10:22.121+0000] {processor.py:183} INFO - Processing /home/ubuntu/air_venv/lib/python3.10/site-packages/airflow/example_dags/example_setup_teardown_taskflow.py took 0.088 seconds
[2024-03-18T08:11:06.572+0000] {processor.py:161} INFO - Started process (PID=8577) to work on /home/ubuntu/air_venv/lib/python3.10/site-packages/airflow/example_dags/example_setup_teardown_taskflow.py
[2024-03-18T08:11:06.573+0000] {processor.py:830} INFO - Processing file /home/ubuntu/air_venv/lib/python3.10/site-packages/airflow/example_dags/example_setup_teardown_taskflow.py for tasks to queue
[2024-03-18T08:11:06.575+0000] {logging_mixin.py:188} INFO - [2024-03-18T08:11:06.574+0000] {dagbag.py:540} INFO - Filling up the DagBag from /home/ubuntu/air_venv/lib/python3.10/site-packages/airflow/example_dags/example_setup_teardown_taskflow.py
[2024-03-18T08:11:06.587+0000] {processor.py:840} INFO - DAG(s) 'example_setup_teardown_taskflow' retrieved from /home/ubuntu/air_venv/lib/python3.10/site-packages/airflow/example_dags/example_setup_teardown_taskflow.py
[2024-03-18T08:11:06.608+0000] {logging_mixin.py:188} INFO - [2024-03-18T08:11:06.608+0000] {dag.py:3047} INFO - Sync 1 DAGs
[2024-03-18T08:11:06.634+0000] {logging_mixin.py:188} INFO - [2024-03-18T08:11:06.634+0000] {dag.py:3834} INFO - Setting next_dagrun for example_setup_teardown_taskflow to 2024-03-17 00:00:00+00:00, run_after=2024-03-18 00:00:00+00:00
[2024-03-18T08:11:06.663+0000] {processor.py:183} INFO - Processing /home/ubuntu/air_venv/lib/python3.10/site-packages/airflow/example_dags/example_setup_teardown_taskflow.py took 0.100 seconds
[2024-03-18T08:11:47.824+0000] {processor.py:161} INFO - Started process (PID=8956) to work on /home/ubuntu/air_venv/lib/python3.10/site-packages/airflow/example_dags/example_setup_teardown_taskflow.py
[2024-03-18T08:11:47.826+0000] {processor.py:830} INFO - Processing file /home/ubuntu/air_venv/lib/python3.10/site-packages/airflow/example_dags/example_setup_teardown_taskflow.py for tasks to queue
[2024-03-18T08:11:47.827+0000] {logging_mixin.py:188} INFO - [2024-03-18T08:11:47.827+0000] {dagbag.py:540} INFO - Filling up the DagBag from /home/ubuntu/air_venv/lib/python3.10/site-packages/airflow/example_dags/example_setup_teardown_taskflow.py
[2024-03-18T08:11:47.840+0000] {processor.py:840} INFO - DAG(s) 'example_setup_teardown_taskflow' retrieved from /home/ubuntu/air_venv/lib/python3.10/site-packages/airflow/example_dags/example_setup_teardown_taskflow.py
[2024-03-18T08:11:47.859+0000] {logging_mixin.py:188} INFO - [2024-03-18T08:11:47.858+0000] {dag.py:3047} INFO - Sync 1 DAGs
[2024-03-18T08:11:47.882+0000] {logging_mixin.py:188} INFO - [2024-03-18T08:11:47.882+0000] {dag.py:3834} INFO - Setting next_dagrun for example_setup_teardown_taskflow to 2024-03-17 00:00:00+00:00, run_after=2024-03-18 00:00:00+00:00
[2024-03-18T08:11:47.910+0000] {processor.py:183} INFO - Processing /home/ubuntu/air_venv/lib/python3.10/site-packages/airflow/example_dags/example_setup_teardown_taskflow.py took 0.089 seconds
[2024-03-18T08:12:27.172+0000] {processor.py:161} INFO - Started process (PID=9114) to work on /home/ubuntu/air_venv/lib/python3.10/site-packages/airflow/example_dags/example_setup_teardown_taskflow.py
[2024-03-18T08:12:27.173+0000] {processor.py:830} INFO - Processing file /home/ubuntu/air_venv/lib/python3.10/site-packages/airflow/example_dags/example_setup_teardown_taskflow.py for tasks to queue
[2024-03-18T08:12:27.175+0000] {logging_mixin.py:188} INFO - [2024-03-18T08:12:27.174+0000] {dagbag.py:540} INFO - Filling up the DagBag from /home/ubuntu/air_venv/lib/python3.10/site-packages/airflow/example_dags/example_setup_teardown_taskflow.py
[2024-03-18T08:12:27.187+0000] {processor.py:840} INFO - DAG(s) 'example_setup_teardown_taskflow' retrieved from /home/ubuntu/air_venv/lib/python3.10/site-packages/airflow/example_dags/example_setup_teardown_taskflow.py
[2024-03-18T08:12:27.207+0000] {logging_mixin.py:188} INFO - [2024-03-18T08:12:27.206+0000] {dag.py:3047} INFO - Sync 1 DAGs
[2024-03-18T08:12:27.229+0000] {logging_mixin.py:188} INFO - [2024-03-18T08:12:27.229+0000] {dag.py:3834} INFO - Setting next_dagrun for example_setup_teardown_taskflow to 2024-03-17 00:00:00+00:00, run_after=2024-03-18 00:00:00+00:00
[2024-03-18T08:12:27.256+0000] {processor.py:183} INFO - Processing /home/ubuntu/air_venv/lib/python3.10/site-packages/airflow/example_dags/example_setup_teardown_taskflow.py took 0.088 seconds
[2024-03-18T08:13:11.760+0000] {processor.py:161} INFO - Started process (PID=9397) to work on /home/ubuntu/air_venv/lib/python3.10/site-packages/airflow/example_dags/example_setup_teardown_taskflow.py
[2024-03-18T08:13:11.762+0000] {processor.py:830} INFO - Processing file /home/ubuntu/air_venv/lib/python3.10/site-packages/airflow/example_dags/example_setup_teardown_taskflow.py for tasks to queue
[2024-03-18T08:13:11.764+0000] {logging_mixin.py:188} INFO - [2024-03-18T08:13:11.763+0000] {dagbag.py:540} INFO - Filling up the DagBag from /home/ubuntu/air_venv/lib/python3.10/site-packages/airflow/example_dags/example_setup_teardown_taskflow.py
[2024-03-18T08:13:11.776+0000] {processor.py:840} INFO - DAG(s) 'example_setup_teardown_taskflow' retrieved from /home/ubuntu/air_venv/lib/python3.10/site-packages/airflow/example_dags/example_setup_teardown_taskflow.py
[2024-03-18T08:13:11.796+0000] {logging_mixin.py:188} INFO - [2024-03-18T08:13:11.795+0000] {dag.py:3047} INFO - Sync 1 DAGs
[2024-03-18T08:13:11.820+0000] {logging_mixin.py:188} INFO - [2024-03-18T08:13:11.819+0000] {dag.py:3834} INFO - Setting next_dagrun for example_setup_teardown_taskflow to 2024-03-17 00:00:00+00:00, run_after=2024-03-18 00:00:00+00:00
[2024-03-18T08:13:11.867+0000] {processor.py:183} INFO - Processing /home/ubuntu/air_venv/lib/python3.10/site-packages/airflow/example_dags/example_setup_teardown_taskflow.py took 0.110 seconds
[2024-03-18T08:13:52.545+0000] {processor.py:161} INFO - Started process (PID=9622) to work on /home/ubuntu/air_venv/lib/python3.10/site-packages/airflow/example_dags/example_setup_teardown_taskflow.py
[2024-03-18T08:13:52.547+0000] {processor.py:830} INFO - Processing file /home/ubuntu/air_venv/lib/python3.10/site-packages/airflow/example_dags/example_setup_teardown_taskflow.py for tasks to queue
[2024-03-18T08:13:52.548+0000] {logging_mixin.py:188} INFO - [2024-03-18T08:13:52.548+0000] {dagbag.py:540} INFO - Filling up the DagBag from /home/ubuntu/air_venv/lib/python3.10/site-packages/airflow/example_dags/example_setup_teardown_taskflow.py
[2024-03-18T08:13:52.561+0000] {processor.py:840} INFO - DAG(s) 'example_setup_teardown_taskflow' retrieved from /home/ubuntu/air_venv/lib/python3.10/site-packages/airflow/example_dags/example_setup_teardown_taskflow.py
[2024-03-18T08:13:52.598+0000] {logging_mixin.py:188} INFO - [2024-03-18T08:13:52.597+0000] {dag.py:3047} INFO - Sync 1 DAGs
[2024-03-18T08:13:52.619+0000] {logging_mixin.py:188} INFO - [2024-03-18T08:13:52.619+0000] {dag.py:3834} INFO - Setting next_dagrun for example_setup_teardown_taskflow to 2024-03-17 00:00:00+00:00, run_after=2024-03-18 00:00:00+00:00
[2024-03-18T08:13:52.645+0000] {processor.py:183} INFO - Processing /home/ubuntu/air_venv/lib/python3.10/site-packages/airflow/example_dags/example_setup_teardown_taskflow.py took 0.103 seconds
[2024-03-18T08:14:59.786+0000] {processor.py:161} INFO - Started process (PID=10233) to work on /home/ubuntu/air_venv/lib/python3.10/site-packages/airflow/example_dags/example_setup_teardown_taskflow.py
[2024-03-18T08:14:59.788+0000] {processor.py:830} INFO - Processing file /home/ubuntu/air_venv/lib/python3.10/site-packages/airflow/example_dags/example_setup_teardown_taskflow.py for tasks to queue
[2024-03-18T08:14:59.789+0000] {logging_mixin.py:188} INFO - [2024-03-18T08:14:59.789+0000] {dagbag.py:540} INFO - Filling up the DagBag from /home/ubuntu/air_venv/lib/python3.10/site-packages/airflow/example_dags/example_setup_teardown_taskflow.py
[2024-03-18T08:14:59.802+0000] {processor.py:840} INFO - DAG(s) 'example_setup_teardown_taskflow' retrieved from /home/ubuntu/air_venv/lib/python3.10/site-packages/airflow/example_dags/example_setup_teardown_taskflow.py
[2024-03-18T08:14:59.821+0000] {logging_mixin.py:188} INFO - [2024-03-18T08:14:59.820+0000] {dag.py:3047} INFO - Sync 1 DAGs
[2024-03-18T08:14:59.857+0000] {logging_mixin.py:188} INFO - [2024-03-18T08:14:59.857+0000] {dag.py:3834} INFO - Setting next_dagrun for example_setup_teardown_taskflow to 2024-03-17 00:00:00+00:00, run_after=2024-03-18 00:00:00+00:00
[2024-03-18T08:14:59.883+0000] {processor.py:183} INFO - Processing /home/ubuntu/air_venv/lib/python3.10/site-packages/airflow/example_dags/example_setup_teardown_taskflow.py took 0.100 seconds
[2024-03-18T08:15:56.467+0000] {processor.py:161} INFO - Started process (PID=10829) to work on /home/ubuntu/air_venv/lib/python3.10/site-packages/airflow/example_dags/example_setup_teardown_taskflow.py
[2024-03-18T08:15:56.469+0000] {processor.py:830} INFO - Processing file /home/ubuntu/air_venv/lib/python3.10/site-packages/airflow/example_dags/example_setup_teardown_taskflow.py for tasks to queue
[2024-03-18T08:15:56.470+0000] {logging_mixin.py:188} INFO - [2024-03-18T08:15:56.470+0000] {dagbag.py:540} INFO - Filling up the DagBag from /home/ubuntu/air_venv/lib/python3.10/site-packages/airflow/example_dags/example_setup_teardown_taskflow.py
[2024-03-18T08:15:56.488+0000] {processor.py:840} INFO - DAG(s) 'example_setup_teardown_taskflow' retrieved from /home/ubuntu/air_venv/lib/python3.10/site-packages/airflow/example_dags/example_setup_teardown_taskflow.py
[2024-03-18T08:15:56.507+0000] {logging_mixin.py:188} INFO - [2024-03-18T08:15:56.507+0000] {dag.py:3047} INFO - Sync 1 DAGs
[2024-03-18T08:15:56.530+0000] {logging_mixin.py:188} INFO - [2024-03-18T08:15:56.530+0000] {dag.py:3834} INFO - Setting next_dagrun for example_setup_teardown_taskflow to 2024-03-17 00:00:00+00:00, run_after=2024-03-18 00:00:00+00:00
[2024-03-18T08:15:56.556+0000] {processor.py:183} INFO - Processing /home/ubuntu/air_venv/lib/python3.10/site-packages/airflow/example_dags/example_setup_teardown_taskflow.py took 0.096 seconds
[2024-03-18T08:16:44.859+0000] {processor.py:161} INFO - Started process (PID=11380) to work on /home/ubuntu/air_venv/lib/python3.10/site-packages/airflow/example_dags/example_setup_teardown_taskflow.py
[2024-03-18T08:16:44.861+0000] {processor.py:830} INFO - Processing file /home/ubuntu/air_venv/lib/python3.10/site-packages/airflow/example_dags/example_setup_teardown_taskflow.py for tasks to queue
[2024-03-18T08:16:44.862+0000] {logging_mixin.py:188} INFO - [2024-03-18T08:16:44.862+0000] {dagbag.py:540} INFO - Filling up the DagBag from /home/ubuntu/air_venv/lib/python3.10/site-packages/airflow/example_dags/example_setup_teardown_taskflow.py
[2024-03-18T08:16:44.882+0000] {processor.py:840} INFO - DAG(s) 'example_setup_teardown_taskflow' retrieved from /home/ubuntu/air_venv/lib/python3.10/site-packages/airflow/example_dags/example_setup_teardown_taskflow.py
[2024-03-18T08:16:44.902+0000] {logging_mixin.py:188} INFO - [2024-03-18T08:16:44.901+0000] {dag.py:3047} INFO - Sync 1 DAGs
[2024-03-18T08:16:44.925+0000] {logging_mixin.py:188} INFO - [2024-03-18T08:16:44.924+0000] {dag.py:3834} INFO - Setting next_dagrun for example_setup_teardown_taskflow to 2024-03-17 00:00:00+00:00, run_after=2024-03-18 00:00:00+00:00
[2024-03-18T08:16:44.953+0000] {processor.py:183} INFO - Processing /home/ubuntu/air_venv/lib/python3.10/site-packages/airflow/example_dags/example_setup_teardown_taskflow.py took 0.097 seconds
[2024-03-18T08:17:29.518+0000] {processor.py:161} INFO - Started process (PID=11947) to work on /home/ubuntu/air_venv/lib/python3.10/site-packages/airflow/example_dags/example_setup_teardown_taskflow.py
[2024-03-18T08:17:29.529+0000] {processor.py:830} INFO - Processing file /home/ubuntu/air_venv/lib/python3.10/site-packages/airflow/example_dags/example_setup_teardown_taskflow.py for tasks to queue
[2024-03-18T08:17:29.530+0000] {logging_mixin.py:188} INFO - [2024-03-18T08:17:29.530+0000] {dagbag.py:540} INFO - Filling up the DagBag from /home/ubuntu/air_venv/lib/python3.10/site-packages/airflow/example_dags/example_setup_teardown_taskflow.py
[2024-03-18T08:17:29.565+0000] {processor.py:840} INFO - DAG(s) 'example_setup_teardown_taskflow' retrieved from /home/ubuntu/air_venv/lib/python3.10/site-packages/airflow/example_dags/example_setup_teardown_taskflow.py
[2024-03-18T08:17:29.626+0000] {logging_mixin.py:188} INFO - [2024-03-18T08:17:29.626+0000] {dag.py:3047} INFO - Sync 1 DAGs
[2024-03-18T08:17:29.677+0000] {logging_mixin.py:188} INFO - [2024-03-18T08:17:29.677+0000] {dag.py:3834} INFO - Setting next_dagrun for example_setup_teardown_taskflow to 2024-03-17 00:00:00+00:00, run_after=2024-03-18 00:00:00+00:00
[2024-03-18T08:17:29.724+0000] {processor.py:183} INFO - Processing /home/ubuntu/air_venv/lib/python3.10/site-packages/airflow/example_dags/example_setup_teardown_taskflow.py took 0.217 seconds
[2024-03-18T08:18:38.097+0000] {processor.py:161} INFO - Started process (PID=12489) to work on /home/ubuntu/air_venv/lib/python3.10/site-packages/airflow/example_dags/example_setup_teardown_taskflow.py
[2024-03-18T08:18:38.099+0000] {processor.py:830} INFO - Processing file /home/ubuntu/air_venv/lib/python3.10/site-packages/airflow/example_dags/example_setup_teardown_taskflow.py for tasks to queue
[2024-03-18T08:18:38.101+0000] {logging_mixin.py:188} INFO - [2024-03-18T08:18:38.100+0000] {dagbag.py:540} INFO - Filling up the DagBag from /home/ubuntu/air_venv/lib/python3.10/site-packages/airflow/example_dags/example_setup_teardown_taskflow.py
[2024-03-18T08:18:38.113+0000] {processor.py:840} INFO - DAG(s) 'example_setup_teardown_taskflow' retrieved from /home/ubuntu/air_venv/lib/python3.10/site-packages/airflow/example_dags/example_setup_teardown_taskflow.py
[2024-03-18T08:18:38.132+0000] {logging_mixin.py:188} INFO - [2024-03-18T08:18:38.131+0000] {dag.py:3047} INFO - Sync 1 DAGs
[2024-03-18T08:18:38.154+0000] {logging_mixin.py:188} INFO - [2024-03-18T08:18:38.153+0000] {dag.py:3834} INFO - Setting next_dagrun for example_setup_teardown_taskflow to 2024-03-17 00:00:00+00:00, run_after=2024-03-18 00:00:00+00:00
[2024-03-18T08:18:38.185+0000] {processor.py:183} INFO - Processing /home/ubuntu/air_venv/lib/python3.10/site-packages/airflow/example_dags/example_setup_teardown_taskflow.py took 0.092 seconds
[2024-03-18T08:19:22.830+0000] {processor.py:161} INFO - Started process (PID=12711) to work on /home/ubuntu/air_venv/lib/python3.10/site-packages/airflow/example_dags/example_setup_teardown_taskflow.py
[2024-03-18T08:19:22.832+0000] {processor.py:830} INFO - Processing file /home/ubuntu/air_venv/lib/python3.10/site-packages/airflow/example_dags/example_setup_teardown_taskflow.py for tasks to queue
[2024-03-18T08:19:22.833+0000] {logging_mixin.py:188} INFO - [2024-03-18T08:19:22.833+0000] {dagbag.py:540} INFO - Filling up the DagBag from /home/ubuntu/air_venv/lib/python3.10/site-packages/airflow/example_dags/example_setup_teardown_taskflow.py
[2024-03-18T08:19:22.845+0000] {processor.py:840} INFO - DAG(s) 'example_setup_teardown_taskflow' retrieved from /home/ubuntu/air_venv/lib/python3.10/site-packages/airflow/example_dags/example_setup_teardown_taskflow.py
[2024-03-18T08:19:22.864+0000] {logging_mixin.py:188} INFO - [2024-03-18T08:19:22.863+0000] {dag.py:3047} INFO - Sync 1 DAGs
[2024-03-18T08:19:22.886+0000] {logging_mixin.py:188} INFO - [2024-03-18T08:19:22.886+0000] {dag.py:3834} INFO - Setting next_dagrun for example_setup_teardown_taskflow to 2024-03-17 00:00:00+00:00, run_after=2024-03-18 00:00:00+00:00
[2024-03-18T08:19:22.911+0000] {processor.py:183} INFO - Processing /home/ubuntu/air_venv/lib/python3.10/site-packages/airflow/example_dags/example_setup_teardown_taskflow.py took 0.084 seconds
[2024-03-18T08:20:26.976+0000] {processor.py:161} INFO - Started process (PID=13252) to work on /home/ubuntu/air_venv/lib/python3.10/site-packages/airflow/example_dags/example_setup_teardown_taskflow.py
[2024-03-18T08:20:26.978+0000] {processor.py:830} INFO - Processing file /home/ubuntu/air_venv/lib/python3.10/site-packages/airflow/example_dags/example_setup_teardown_taskflow.py for tasks to queue
[2024-03-18T08:20:26.979+0000] {logging_mixin.py:188} INFO - [2024-03-18T08:20:26.979+0000] {dagbag.py:540} INFO - Filling up the DagBag from /home/ubuntu/air_venv/lib/python3.10/site-packages/airflow/example_dags/example_setup_teardown_taskflow.py
[2024-03-18T08:20:26.992+0000] {processor.py:840} INFO - DAG(s) 'example_setup_teardown_taskflow' retrieved from /home/ubuntu/air_venv/lib/python3.10/site-packages/airflow/example_dags/example_setup_teardown_taskflow.py
[2024-03-18T08:20:27.012+0000] {logging_mixin.py:188} INFO - [2024-03-18T08:20:27.012+0000] {dag.py:3047} INFO - Sync 1 DAGs
[2024-03-18T08:20:27.035+0000] {logging_mixin.py:188} INFO - [2024-03-18T08:20:27.035+0000] {dag.py:3834} INFO - Setting next_dagrun for example_setup_teardown_taskflow to 2024-03-17 00:00:00+00:00, run_after=2024-03-18 00:00:00+00:00
[2024-03-18T08:20:27.061+0000] {processor.py:183} INFO - Processing /home/ubuntu/air_venv/lib/python3.10/site-packages/airflow/example_dags/example_setup_teardown_taskflow.py took 0.089 seconds
[2024-03-18T08:21:25.060+0000] {processor.py:161} INFO - Started process (PID=13607) to work on /home/ubuntu/air_venv/lib/python3.10/site-packages/airflow/example_dags/example_setup_teardown_taskflow.py
[2024-03-18T08:21:25.062+0000] {processor.py:830} INFO - Processing file /home/ubuntu/air_venv/lib/python3.10/site-packages/airflow/example_dags/example_setup_teardown_taskflow.py for tasks to queue
[2024-03-18T08:21:25.063+0000] {logging_mixin.py:188} INFO - [2024-03-18T08:21:25.063+0000] {dagbag.py:540} INFO - Filling up the DagBag from /home/ubuntu/air_venv/lib/python3.10/site-packages/airflow/example_dags/example_setup_teardown_taskflow.py
[2024-03-18T08:21:25.075+0000] {processor.py:840} INFO - DAG(s) 'example_setup_teardown_taskflow' retrieved from /home/ubuntu/air_venv/lib/python3.10/site-packages/airflow/example_dags/example_setup_teardown_taskflow.py
[2024-03-18T08:21:25.095+0000] {logging_mixin.py:188} INFO - [2024-03-18T08:21:25.095+0000] {dag.py:3047} INFO - Sync 1 DAGs
[2024-03-18T08:21:25.117+0000] {logging_mixin.py:188} INFO - [2024-03-18T08:21:25.117+0000] {dag.py:3834} INFO - Setting next_dagrun for example_setup_teardown_taskflow to 2024-03-17 00:00:00+00:00, run_after=2024-03-18 00:00:00+00:00
[2024-03-18T08:21:25.142+0000] {processor.py:183} INFO - Processing /home/ubuntu/air_venv/lib/python3.10/site-packages/airflow/example_dags/example_setup_teardown_taskflow.py took 0.085 seconds
[2024-03-18T08:22:13.995+0000] {processor.py:161} INFO - Started process (PID=13900) to work on /home/ubuntu/air_venv/lib/python3.10/site-packages/airflow/example_dags/example_setup_teardown_taskflow.py
[2024-03-18T08:22:13.997+0000] {processor.py:830} INFO - Processing file /home/ubuntu/air_venv/lib/python3.10/site-packages/airflow/example_dags/example_setup_teardown_taskflow.py for tasks to queue
[2024-03-18T08:22:13.999+0000] {logging_mixin.py:188} INFO - [2024-03-18T08:22:13.998+0000] {dagbag.py:540} INFO - Filling up the DagBag from /home/ubuntu/air_venv/lib/python3.10/site-packages/airflow/example_dags/example_setup_teardown_taskflow.py
[2024-03-18T08:22:14.012+0000] {processor.py:840} INFO - DAG(s) 'example_setup_teardown_taskflow' retrieved from /home/ubuntu/air_venv/lib/python3.10/site-packages/airflow/example_dags/example_setup_teardown_taskflow.py
[2024-03-18T08:22:14.032+0000] {logging_mixin.py:188} INFO - [2024-03-18T08:22:14.032+0000] {dag.py:3047} INFO - Sync 1 DAGs
[2024-03-18T08:22:14.055+0000] {logging_mixin.py:188} INFO - [2024-03-18T08:22:14.055+0000] {dag.py:3834} INFO - Setting next_dagrun for example_setup_teardown_taskflow to 2024-03-17 00:00:00+00:00, run_after=2024-03-18 00:00:00+00:00
[2024-03-18T08:22:14.082+0000] {processor.py:183} INFO - Processing /home/ubuntu/air_venv/lib/python3.10/site-packages/airflow/example_dags/example_setup_teardown_taskflow.py took 0.091 seconds
[2024-03-18T08:22:52.656+0000] {processor.py:161} INFO - Started process (PID=14062) to work on /home/ubuntu/air_venv/lib/python3.10/site-packages/airflow/example_dags/example_setup_teardown_taskflow.py
[2024-03-18T08:22:52.658+0000] {processor.py:830} INFO - Processing file /home/ubuntu/air_venv/lib/python3.10/site-packages/airflow/example_dags/example_setup_teardown_taskflow.py for tasks to queue
[2024-03-18T08:22:52.659+0000] {logging_mixin.py:188} INFO - [2024-03-18T08:22:52.659+0000] {dagbag.py:540} INFO - Filling up the DagBag from /home/ubuntu/air_venv/lib/python3.10/site-packages/airflow/example_dags/example_setup_teardown_taskflow.py
[2024-03-18T08:22:52.678+0000] {processor.py:840} INFO - DAG(s) 'example_setup_teardown_taskflow' retrieved from /home/ubuntu/air_venv/lib/python3.10/site-packages/airflow/example_dags/example_setup_teardown_taskflow.py
[2024-03-18T08:22:52.699+0000] {logging_mixin.py:188} INFO - [2024-03-18T08:22:52.698+0000] {dag.py:3047} INFO - Sync 1 DAGs
[2024-03-18T08:22:52.720+0000] {logging_mixin.py:188} INFO - [2024-03-18T08:22:52.720+0000] {dag.py:3834} INFO - Setting next_dagrun for example_setup_teardown_taskflow to 2024-03-17 00:00:00+00:00, run_after=2024-03-18 00:00:00+00:00
[2024-03-18T08:22:52.747+0000] {processor.py:183} INFO - Processing /home/ubuntu/air_venv/lib/python3.10/site-packages/airflow/example_dags/example_setup_teardown_taskflow.py took 0.094 seconds
[2024-03-18T08:23:32.512+0000] {processor.py:161} INFO - Started process (PID=14420) to work on /home/ubuntu/air_venv/lib/python3.10/site-packages/airflow/example_dags/example_setup_teardown_taskflow.py
[2024-03-18T08:23:32.514+0000] {processor.py:830} INFO - Processing file /home/ubuntu/air_venv/lib/python3.10/site-packages/airflow/example_dags/example_setup_teardown_taskflow.py for tasks to queue
[2024-03-18T08:23:32.515+0000] {logging_mixin.py:188} INFO - [2024-03-18T08:23:32.515+0000] {dagbag.py:540} INFO - Filling up the DagBag from /home/ubuntu/air_venv/lib/python3.10/site-packages/airflow/example_dags/example_setup_teardown_taskflow.py
[2024-03-18T08:23:32.527+0000] {processor.py:840} INFO - DAG(s) 'example_setup_teardown_taskflow' retrieved from /home/ubuntu/air_venv/lib/python3.10/site-packages/airflow/example_dags/example_setup_teardown_taskflow.py
[2024-03-18T08:23:32.547+0000] {logging_mixin.py:188} INFO - [2024-03-18T08:23:32.546+0000] {dag.py:3047} INFO - Sync 1 DAGs
[2024-03-18T08:23:32.569+0000] {logging_mixin.py:188} INFO - [2024-03-18T08:23:32.569+0000] {dag.py:3834} INFO - Setting next_dagrun for example_setup_teardown_taskflow to 2024-03-17 00:00:00+00:00, run_after=2024-03-18 00:00:00+00:00
[2024-03-18T08:23:32.595+0000] {processor.py:183} INFO - Processing /home/ubuntu/air_venv/lib/python3.10/site-packages/airflow/example_dags/example_setup_teardown_taskflow.py took 0.086 seconds
[2024-03-18T08:24:13.318+0000] {processor.py:161} INFO - Started process (PID=14824) to work on /home/ubuntu/air_venv/lib/python3.10/site-packages/airflow/example_dags/example_setup_teardown_taskflow.py
[2024-03-18T08:24:13.320+0000] {processor.py:830} INFO - Processing file /home/ubuntu/air_venv/lib/python3.10/site-packages/airflow/example_dags/example_setup_teardown_taskflow.py for tasks to queue
[2024-03-18T08:24:13.321+0000] {logging_mixin.py:188} INFO - [2024-03-18T08:24:13.320+0000] {dagbag.py:540} INFO - Filling up the DagBag from /home/ubuntu/air_venv/lib/python3.10/site-packages/airflow/example_dags/example_setup_teardown_taskflow.py
[2024-03-18T08:24:13.333+0000] {processor.py:840} INFO - DAG(s) 'example_setup_teardown_taskflow' retrieved from /home/ubuntu/air_venv/lib/python3.10/site-packages/airflow/example_dags/example_setup_teardown_taskflow.py
[2024-03-18T08:24:13.352+0000] {logging_mixin.py:188} INFO - [2024-03-18T08:24:13.352+0000] {dag.py:3047} INFO - Sync 1 DAGs
[2024-03-18T08:24:13.377+0000] {logging_mixin.py:188} INFO - [2024-03-18T08:24:13.377+0000] {dag.py:3834} INFO - Setting next_dagrun for example_setup_teardown_taskflow to 2024-03-17 00:00:00+00:00, run_after=2024-03-18 00:00:00+00:00
[2024-03-18T08:24:13.418+0000] {processor.py:183} INFO - Processing /home/ubuntu/air_venv/lib/python3.10/site-packages/airflow/example_dags/example_setup_teardown_taskflow.py took 0.104 seconds
[2024-03-18T08:25:12.898+0000] {processor.py:161} INFO - Started process (PID=15272) to work on /home/ubuntu/air_venv/lib/python3.10/site-packages/airflow/example_dags/example_setup_teardown_taskflow.py
[2024-03-18T08:25:12.901+0000] {processor.py:830} INFO - Processing file /home/ubuntu/air_venv/lib/python3.10/site-packages/airflow/example_dags/example_setup_teardown_taskflow.py for tasks to queue
[2024-03-18T08:25:12.902+0000] {logging_mixin.py:188} INFO - [2024-03-18T08:25:12.902+0000] {dagbag.py:540} INFO - Filling up the DagBag from /home/ubuntu/air_venv/lib/python3.10/site-packages/airflow/example_dags/example_setup_teardown_taskflow.py
[2024-03-18T08:25:12.915+0000] {processor.py:840} INFO - DAG(s) 'example_setup_teardown_taskflow' retrieved from /home/ubuntu/air_venv/lib/python3.10/site-packages/airflow/example_dags/example_setup_teardown_taskflow.py
[2024-03-18T08:25:12.935+0000] {logging_mixin.py:188} INFO - [2024-03-18T08:25:12.935+0000] {dag.py:3047} INFO - Sync 1 DAGs
[2024-03-18T08:25:12.958+0000] {logging_mixin.py:188} INFO - [2024-03-18T08:25:12.958+0000] {dag.py:3834} INFO - Setting next_dagrun for example_setup_teardown_taskflow to 2024-03-17 00:00:00+00:00, run_after=2024-03-18 00:00:00+00:00
[2024-03-18T08:25:12.983+0000] {processor.py:183} INFO - Processing /home/ubuntu/air_venv/lib/python3.10/site-packages/airflow/example_dags/example_setup_teardown_taskflow.py took 0.089 seconds
[2024-03-18T08:25:55.565+0000] {processor.py:161} INFO - Started process (PID=15375) to work on /home/ubuntu/air_venv/lib/python3.10/site-packages/airflow/example_dags/example_setup_teardown_taskflow.py
[2024-03-18T08:25:55.567+0000] {processor.py:830} INFO - Processing file /home/ubuntu/air_venv/lib/python3.10/site-packages/airflow/example_dags/example_setup_teardown_taskflow.py for tasks to queue
[2024-03-18T08:25:55.568+0000] {logging_mixin.py:188} INFO - [2024-03-18T08:25:55.567+0000] {dagbag.py:540} INFO - Filling up the DagBag from /home/ubuntu/air_venv/lib/python3.10/site-packages/airflow/example_dags/example_setup_teardown_taskflow.py
[2024-03-18T08:25:55.579+0000] {processor.py:840} INFO - DAG(s) 'example_setup_teardown_taskflow' retrieved from /home/ubuntu/air_venv/lib/python3.10/site-packages/airflow/example_dags/example_setup_teardown_taskflow.py
[2024-03-18T08:25:55.598+0000] {logging_mixin.py:188} INFO - [2024-03-18T08:25:55.598+0000] {dag.py:3047} INFO - Sync 1 DAGs
[2024-03-18T08:25:55.620+0000] {logging_mixin.py:188} INFO - [2024-03-18T08:25:55.620+0000] {dag.py:3834} INFO - Setting next_dagrun for example_setup_teardown_taskflow to 2024-03-17 00:00:00+00:00, run_after=2024-03-18 00:00:00+00:00
[2024-03-18T08:25:55.645+0000] {processor.py:183} INFO - Processing /home/ubuntu/air_venv/lib/python3.10/site-packages/airflow/example_dags/example_setup_teardown_taskflow.py took 0.084 seconds
[2024-03-18T08:26:36.154+0000] {processor.py:161} INFO - Started process (PID=15414) to work on /home/ubuntu/air_venv/lib/python3.10/site-packages/airflow/example_dags/example_setup_teardown_taskflow.py
[2024-03-18T08:26:36.156+0000] {processor.py:830} INFO - Processing file /home/ubuntu/air_venv/lib/python3.10/site-packages/airflow/example_dags/example_setup_teardown_taskflow.py for tasks to queue
[2024-03-18T08:26:36.157+0000] {logging_mixin.py:188} INFO - [2024-03-18T08:26:36.157+0000] {dagbag.py:540} INFO - Filling up the DagBag from /home/ubuntu/air_venv/lib/python3.10/site-packages/airflow/example_dags/example_setup_teardown_taskflow.py
[2024-03-18T08:26:36.169+0000] {processor.py:840} INFO - DAG(s) 'example_setup_teardown_taskflow' retrieved from /home/ubuntu/air_venv/lib/python3.10/site-packages/airflow/example_dags/example_setup_teardown_taskflow.py
[2024-03-18T08:26:36.188+0000] {logging_mixin.py:188} INFO - [2024-03-18T08:26:36.188+0000] {dag.py:3047} INFO - Sync 1 DAGs
[2024-03-18T08:26:36.210+0000] {logging_mixin.py:188} INFO - [2024-03-18T08:26:36.210+0000] {dag.py:3834} INFO - Setting next_dagrun for example_setup_teardown_taskflow to 2024-03-17 00:00:00+00:00, run_after=2024-03-18 00:00:00+00:00
[2024-03-18T08:26:36.235+0000] {processor.py:183} INFO - Processing /home/ubuntu/air_venv/lib/python3.10/site-packages/airflow/example_dags/example_setup_teardown_taskflow.py took 0.084 seconds
[2024-03-18T08:27:17.040+0000] {processor.py:161} INFO - Started process (PID=15514) to work on /home/ubuntu/air_venv/lib/python3.10/site-packages/airflow/example_dags/example_setup_teardown_taskflow.py
[2024-03-18T08:27:17.042+0000] {processor.py:830} INFO - Processing file /home/ubuntu/air_venv/lib/python3.10/site-packages/airflow/example_dags/example_setup_teardown_taskflow.py for tasks to queue
[2024-03-18T08:27:17.043+0000] {logging_mixin.py:188} INFO - [2024-03-18T08:27:17.042+0000] {dagbag.py:540} INFO - Filling up the DagBag from /home/ubuntu/air_venv/lib/python3.10/site-packages/airflow/example_dags/example_setup_teardown_taskflow.py
[2024-03-18T08:27:17.055+0000] {processor.py:840} INFO - DAG(s) 'example_setup_teardown_taskflow' retrieved from /home/ubuntu/air_venv/lib/python3.10/site-packages/airflow/example_dags/example_setup_teardown_taskflow.py
[2024-03-18T08:27:17.074+0000] {logging_mixin.py:188} INFO - [2024-03-18T08:27:17.074+0000] {dag.py:3047} INFO - Sync 1 DAGs
[2024-03-18T08:27:17.097+0000] {logging_mixin.py:188} INFO - [2024-03-18T08:27:17.096+0000] {dag.py:3834} INFO - Setting next_dagrun for example_setup_teardown_taskflow to 2024-03-17 00:00:00+00:00, run_after=2024-03-18 00:00:00+00:00
[2024-03-18T08:27:17.122+0000] {processor.py:183} INFO - Processing /home/ubuntu/air_venv/lib/python3.10/site-packages/airflow/example_dags/example_setup_teardown_taskflow.py took 0.085 seconds
[2024-03-18T08:27:58.635+0000] {processor.py:161} INFO - Started process (PID=15616) to work on /home/ubuntu/air_venv/lib/python3.10/site-packages/airflow/example_dags/example_setup_teardown_taskflow.py
[2024-03-18T08:27:58.637+0000] {processor.py:830} INFO - Processing file /home/ubuntu/air_venv/lib/python3.10/site-packages/airflow/example_dags/example_setup_teardown_taskflow.py for tasks to queue
[2024-03-18T08:27:58.638+0000] {logging_mixin.py:188} INFO - [2024-03-18T08:27:58.637+0000] {dagbag.py:540} INFO - Filling up the DagBag from /home/ubuntu/air_venv/lib/python3.10/site-packages/airflow/example_dags/example_setup_teardown_taskflow.py
[2024-03-18T08:27:58.649+0000] {processor.py:840} INFO - DAG(s) 'example_setup_teardown_taskflow' retrieved from /home/ubuntu/air_venv/lib/python3.10/site-packages/airflow/example_dags/example_setup_teardown_taskflow.py
[2024-03-18T08:27:58.668+0000] {logging_mixin.py:188} INFO - [2024-03-18T08:27:58.668+0000] {dag.py:3047} INFO - Sync 1 DAGs
[2024-03-18T08:27:58.692+0000] {logging_mixin.py:188} INFO - [2024-03-18T08:27:58.691+0000] {dag.py:3834} INFO - Setting next_dagrun for example_setup_teardown_taskflow to 2024-03-17 00:00:00+00:00, run_after=2024-03-18 00:00:00+00:00
[2024-03-18T08:27:58.717+0000] {processor.py:183} INFO - Processing /home/ubuntu/air_venv/lib/python3.10/site-packages/airflow/example_dags/example_setup_teardown_taskflow.py took 0.086 seconds
[2024-03-18T08:28:42.165+0000] {processor.py:161} INFO - Started process (PID=15717) to work on /home/ubuntu/air_venv/lib/python3.10/site-packages/airflow/example_dags/example_setup_teardown_taskflow.py
[2024-03-18T08:28:42.167+0000] {processor.py:830} INFO - Processing file /home/ubuntu/air_venv/lib/python3.10/site-packages/airflow/example_dags/example_setup_teardown_taskflow.py for tasks to queue
[2024-03-18T08:28:42.168+0000] {logging_mixin.py:188} INFO - [2024-03-18T08:28:42.168+0000] {dagbag.py:540} INFO - Filling up the DagBag from /home/ubuntu/air_venv/lib/python3.10/site-packages/airflow/example_dags/example_setup_teardown_taskflow.py
[2024-03-18T08:28:42.180+0000] {processor.py:840} INFO - DAG(s) 'example_setup_teardown_taskflow' retrieved from /home/ubuntu/air_venv/lib/python3.10/site-packages/airflow/example_dags/example_setup_teardown_taskflow.py
[2024-03-18T08:28:42.199+0000] {logging_mixin.py:188} INFO - [2024-03-18T08:28:42.199+0000] {dag.py:3047} INFO - Sync 1 DAGs
[2024-03-18T08:28:42.222+0000] {logging_mixin.py:188} INFO - [2024-03-18T08:28:42.221+0000] {dag.py:3834} INFO - Setting next_dagrun for example_setup_teardown_taskflow to 2024-03-17 00:00:00+00:00, run_after=2024-03-18 00:00:00+00:00
[2024-03-18T08:28:42.246+0000] {processor.py:183} INFO - Processing /home/ubuntu/air_venv/lib/python3.10/site-packages/airflow/example_dags/example_setup_teardown_taskflow.py took 0.084 seconds
[2024-03-18T08:29:25.600+0000] {processor.py:161} INFO - Started process (PID=15758) to work on /home/ubuntu/air_venv/lib/python3.10/site-packages/airflow/example_dags/example_setup_teardown_taskflow.py
[2024-03-18T08:29:25.602+0000] {processor.py:830} INFO - Processing file /home/ubuntu/air_venv/lib/python3.10/site-packages/airflow/example_dags/example_setup_teardown_taskflow.py for tasks to queue
[2024-03-18T08:29:25.603+0000] {logging_mixin.py:188} INFO - [2024-03-18T08:29:25.603+0000] {dagbag.py:540} INFO - Filling up the DagBag from /home/ubuntu/air_venv/lib/python3.10/site-packages/airflow/example_dags/example_setup_teardown_taskflow.py
[2024-03-18T08:29:25.615+0000] {processor.py:840} INFO - DAG(s) 'example_setup_teardown_taskflow' retrieved from /home/ubuntu/air_venv/lib/python3.10/site-packages/airflow/example_dags/example_setup_teardown_taskflow.py
[2024-03-18T08:29:25.634+0000] {logging_mixin.py:188} INFO - [2024-03-18T08:29:25.634+0000] {dag.py:3047} INFO - Sync 1 DAGs
[2024-03-18T08:29:25.656+0000] {logging_mixin.py:188} INFO - [2024-03-18T08:29:25.656+0000] {dag.py:3834} INFO - Setting next_dagrun for example_setup_teardown_taskflow to 2024-03-17 00:00:00+00:00, run_after=2024-03-18 00:00:00+00:00
[2024-03-18T08:29:25.682+0000] {processor.py:183} INFO - Processing /home/ubuntu/air_venv/lib/python3.10/site-packages/airflow/example_dags/example_setup_teardown_taskflow.py took 0.085 seconds
