[2024-03-18T08:00:33.586+0000] {processor.py:161} INFO - Started process (PID=3116) to work on /home/ubuntu/air_venv/lib/python3.10/site-packages/airflow/example_dags/example_branch_operator_decorator.py
[2024-03-18T08:00:33.588+0000] {processor.py:830} INFO - Processing file /home/ubuntu/air_venv/lib/python3.10/site-packages/airflow/example_dags/example_branch_operator_decorator.py for tasks to queue
[2024-03-18T08:00:33.589+0000] {logging_mixin.py:188} INFO - [2024-03-18T08:00:33.588+0000] {dagbag.py:540} INFO - Filling up the DagBag from /home/ubuntu/air_venv/lib/python3.10/site-packages/airflow/example_dags/example_branch_operator_decorator.py
[2024-03-18T08:00:33.592+0000] {processor.py:842} WARNING - No viable dags retrieved from /home/ubuntu/air_venv/lib/python3.10/site-packages/airflow/example_dags/example_branch_operator_decorator.py
[2024-03-18T08:00:33.603+0000] {processor.py:183} INFO - Processing /home/ubuntu/air_venv/lib/python3.10/site-packages/airflow/example_dags/example_branch_operator_decorator.py took 0.020 seconds
[2024-03-18T08:01:26.033+0000] {processor.py:161} INFO - Started process (PID=3589) to work on /home/ubuntu/air_venv/lib/python3.10/site-packages/airflow/example_dags/example_branch_operator_decorator.py
[2024-03-18T08:01:26.035+0000] {processor.py:830} INFO - Processing file /home/ubuntu/air_venv/lib/python3.10/site-packages/airflow/example_dags/example_branch_operator_decorator.py for tasks to queue
[2024-03-18T08:01:26.036+0000] {logging_mixin.py:188} INFO - [2024-03-18T08:01:26.035+0000] {dagbag.py:540} INFO - Filling up the DagBag from /home/ubuntu/air_venv/lib/python3.10/site-packages/airflow/example_dags/example_branch_operator_decorator.py
[2024-03-18T08:01:26.039+0000] {processor.py:842} WARNING - No viable dags retrieved from /home/ubuntu/air_venv/lib/python3.10/site-packages/airflow/example_dags/example_branch_operator_decorator.py
[2024-03-18T08:01:26.050+0000] {processor.py:183} INFO - Processing /home/ubuntu/air_venv/lib/python3.10/site-packages/airflow/example_dags/example_branch_operator_decorator.py took 0.021 seconds
[2024-03-18T08:02:45.259+0000] {processor.py:161} INFO - Started process (PID=4261) to work on /home/ubuntu/air_venv/lib/python3.10/site-packages/airflow/example_dags/example_branch_operator_decorator.py
[2024-03-18T08:02:45.261+0000] {processor.py:830} INFO - Processing file /home/ubuntu/air_venv/lib/python3.10/site-packages/airflow/example_dags/example_branch_operator_decorator.py for tasks to queue
[2024-03-18T08:02:45.263+0000] {logging_mixin.py:188} INFO - [2024-03-18T08:02:45.262+0000] {dagbag.py:540} INFO - Filling up the DagBag from /home/ubuntu/air_venv/lib/python3.10/site-packages/airflow/example_dags/example_branch_operator_decorator.py
[2024-03-18T08:02:45.266+0000] {processor.py:842} WARNING - No viable dags retrieved from /home/ubuntu/air_venv/lib/python3.10/site-packages/airflow/example_dags/example_branch_operator_decorator.py
[2024-03-18T08:02:45.277+0000] {processor.py:183} INFO - Processing /home/ubuntu/air_venv/lib/python3.10/site-packages/airflow/example_dags/example_branch_operator_decorator.py took 0.021 seconds
[2024-03-18T08:03:36.264+0000] {processor.py:161} INFO - Started process (PID=4490) to work on /home/ubuntu/air_venv/lib/python3.10/site-packages/airflow/example_dags/example_branch_operator_decorator.py
[2024-03-18T08:03:36.269+0000] {processor.py:830} INFO - Processing file /home/ubuntu/air_venv/lib/python3.10/site-packages/airflow/example_dags/example_branch_operator_decorator.py for tasks to queue
[2024-03-18T08:03:36.270+0000] {logging_mixin.py:188} INFO - [2024-03-18T08:03:36.270+0000] {dagbag.py:540} INFO - Filling up the DagBag from /home/ubuntu/air_venv/lib/python3.10/site-packages/airflow/example_dags/example_branch_operator_decorator.py
[2024-03-18T08:03:36.274+0000] {processor.py:842} WARNING - No viable dags retrieved from /home/ubuntu/air_venv/lib/python3.10/site-packages/airflow/example_dags/example_branch_operator_decorator.py
[2024-03-18T08:03:36.287+0000] {processor.py:183} INFO - Processing /home/ubuntu/air_venv/lib/python3.10/site-packages/airflow/example_dags/example_branch_operator_decorator.py took 0.027 seconds
[2024-03-18T08:04:44.882+0000] {processor.py:161} INFO - Started process (PID=5225) to work on /home/ubuntu/air_venv/lib/python3.10/site-packages/airflow/example_dags/example_branch_operator_decorator.py
[2024-03-18T08:04:44.884+0000] {processor.py:830} INFO - Processing file /home/ubuntu/air_venv/lib/python3.10/site-packages/airflow/example_dags/example_branch_operator_decorator.py for tasks to queue
[2024-03-18T08:04:44.885+0000] {logging_mixin.py:188} INFO - [2024-03-18T08:04:44.885+0000] {dagbag.py:540} INFO - Filling up the DagBag from /home/ubuntu/air_venv/lib/python3.10/site-packages/airflow/example_dags/example_branch_operator_decorator.py
[2024-03-18T08:04:44.889+0000] {processor.py:842} WARNING - No viable dags retrieved from /home/ubuntu/air_venv/lib/python3.10/site-packages/airflow/example_dags/example_branch_operator_decorator.py
[2024-03-18T08:04:44.900+0000] {processor.py:183} INFO - Processing /home/ubuntu/air_venv/lib/python3.10/site-packages/airflow/example_dags/example_branch_operator_decorator.py took 0.021 seconds
[2024-03-18T08:05:38.949+0000] {processor.py:161} INFO - Started process (PID=5720) to work on /home/ubuntu/air_venv/lib/python3.10/site-packages/airflow/example_dags/example_branch_operator_decorator.py
[2024-03-18T08:05:38.952+0000] {processor.py:830} INFO - Processing file /home/ubuntu/air_venv/lib/python3.10/site-packages/airflow/example_dags/example_branch_operator_decorator.py for tasks to queue
[2024-03-18T08:05:38.953+0000] {logging_mixin.py:188} INFO - [2024-03-18T08:05:38.953+0000] {dagbag.py:540} INFO - Filling up the DagBag from /home/ubuntu/air_venv/lib/python3.10/site-packages/airflow/example_dags/example_branch_operator_decorator.py
[2024-03-18T08:05:38.957+0000] {processor.py:842} WARNING - No viable dags retrieved from /home/ubuntu/air_venv/lib/python3.10/site-packages/airflow/example_dags/example_branch_operator_decorator.py
[2024-03-18T08:05:38.976+0000] {processor.py:183} INFO - Processing /home/ubuntu/air_venv/lib/python3.10/site-packages/airflow/example_dags/example_branch_operator_decorator.py took 0.031 seconds
[2024-03-18T08:07:37.009+0000] {processor.py:161} INFO - Started process (PID=7076) to work on /home/ubuntu/air_venv/lib/python3.10/site-packages/airflow/example_dags/example_branch_operator_decorator.py
[2024-03-18T08:07:37.011+0000] {processor.py:830} INFO - Processing file /home/ubuntu/air_venv/lib/python3.10/site-packages/airflow/example_dags/example_branch_operator_decorator.py for tasks to queue
[2024-03-18T08:07:37.012+0000] {logging_mixin.py:188} INFO - [2024-03-18T08:07:37.012+0000] {dagbag.py:540} INFO - Filling up the DagBag from /home/ubuntu/air_venv/lib/python3.10/site-packages/airflow/example_dags/example_branch_operator_decorator.py
[2024-03-18T08:07:37.016+0000] {processor.py:842} WARNING - No viable dags retrieved from /home/ubuntu/air_venv/lib/python3.10/site-packages/airflow/example_dags/example_branch_operator_decorator.py
[2024-03-18T08:07:37.029+0000] {processor.py:183} INFO - Processing /home/ubuntu/air_venv/lib/python3.10/site-packages/airflow/example_dags/example_branch_operator_decorator.py took 0.024 seconds
[2024-03-18T08:08:48.796+0000] {processor.py:161} INFO - Started process (PID=7574) to work on /home/ubuntu/air_venv/lib/python3.10/site-packages/airflow/example_dags/example_branch_operator_decorator.py
[2024-03-18T08:08:48.798+0000] {processor.py:830} INFO - Processing file /home/ubuntu/air_venv/lib/python3.10/site-packages/airflow/example_dags/example_branch_operator_decorator.py for tasks to queue
[2024-03-18T08:08:48.799+0000] {logging_mixin.py:188} INFO - [2024-03-18T08:08:48.799+0000] {dagbag.py:540} INFO - Filling up the DagBag from /home/ubuntu/air_venv/lib/python3.10/site-packages/airflow/example_dags/example_branch_operator_decorator.py
[2024-03-18T08:08:48.802+0000] {processor.py:842} WARNING - No viable dags retrieved from /home/ubuntu/air_venv/lib/python3.10/site-packages/airflow/example_dags/example_branch_operator_decorator.py
[2024-03-18T08:08:48.814+0000] {processor.py:183} INFO - Processing /home/ubuntu/air_venv/lib/python3.10/site-packages/airflow/example_dags/example_branch_operator_decorator.py took 0.021 seconds
[2024-03-18T08:09:53.458+0000] {processor.py:161} INFO - Started process (PID=8000) to work on /home/ubuntu/air_venv/lib/python3.10/site-packages/airflow/example_dags/example_branch_operator_decorator.py
[2024-03-18T08:09:53.460+0000] {processor.py:830} INFO - Processing file /home/ubuntu/air_venv/lib/python3.10/site-packages/airflow/example_dags/example_branch_operator_decorator.py for tasks to queue
[2024-03-18T08:09:53.461+0000] {logging_mixin.py:188} INFO - [2024-03-18T08:09:53.461+0000] {dagbag.py:540} INFO - Filling up the DagBag from /home/ubuntu/air_venv/lib/python3.10/site-packages/airflow/example_dags/example_branch_operator_decorator.py
[2024-03-18T08:09:53.465+0000] {processor.py:842} WARNING - No viable dags retrieved from /home/ubuntu/air_venv/lib/python3.10/site-packages/airflow/example_dags/example_branch_operator_decorator.py
[2024-03-18T08:09:53.476+0000] {processor.py:183} INFO - Processing /home/ubuntu/air_venv/lib/python3.10/site-packages/airflow/example_dags/example_branch_operator_decorator.py took 0.022 seconds
[2024-03-18T08:10:51.920+0000] {processor.py:161} INFO - Started process (PID=8419) to work on /home/ubuntu/air_venv/lib/python3.10/site-packages/airflow/example_dags/example_branch_operator_decorator.py
[2024-03-18T08:10:51.922+0000] {processor.py:830} INFO - Processing file /home/ubuntu/air_venv/lib/python3.10/site-packages/airflow/example_dags/example_branch_operator_decorator.py for tasks to queue
[2024-03-18T08:10:51.924+0000] {logging_mixin.py:188} INFO - [2024-03-18T08:10:51.923+0000] {dagbag.py:540} INFO - Filling up the DagBag from /home/ubuntu/air_venv/lib/python3.10/site-packages/airflow/example_dags/example_branch_operator_decorator.py
[2024-03-18T08:10:51.927+0000] {processor.py:842} WARNING - No viable dags retrieved from /home/ubuntu/air_venv/lib/python3.10/site-packages/airflow/example_dags/example_branch_operator_decorator.py
[2024-03-18T08:10:51.939+0000] {processor.py:183} INFO - Processing /home/ubuntu/air_venv/lib/python3.10/site-packages/airflow/example_dags/example_branch_operator_decorator.py took 0.022 seconds
[2024-03-18T08:11:55.368+0000] {processor.py:161} INFO - Started process (PID=8964) to work on /home/ubuntu/air_venv/lib/python3.10/site-packages/airflow/example_dags/example_branch_operator_decorator.py
[2024-03-18T08:11:55.370+0000] {processor.py:830} INFO - Processing file /home/ubuntu/air_venv/lib/python3.10/site-packages/airflow/example_dags/example_branch_operator_decorator.py for tasks to queue
[2024-03-18T08:11:55.371+0000] {logging_mixin.py:188} INFO - [2024-03-18T08:11:55.371+0000] {dagbag.py:540} INFO - Filling up the DagBag from /home/ubuntu/air_venv/lib/python3.10/site-packages/airflow/example_dags/example_branch_operator_decorator.py
[2024-03-18T08:11:55.374+0000] {processor.py:842} WARNING - No viable dags retrieved from /home/ubuntu/air_venv/lib/python3.10/site-packages/airflow/example_dags/example_branch_operator_decorator.py
[2024-03-18T08:11:55.386+0000] {processor.py:183} INFO - Processing /home/ubuntu/air_venv/lib/python3.10/site-packages/airflow/example_dags/example_branch_operator_decorator.py took 0.022 seconds
[2024-03-18T08:12:58.310+0000] {processor.py:161} INFO - Started process (PID=9386) to work on /home/ubuntu/air_venv/lib/python3.10/site-packages/airflow/example_dags/example_branch_operator_decorator.py
[2024-03-18T08:12:58.312+0000] {processor.py:830} INFO - Processing file /home/ubuntu/air_venv/lib/python3.10/site-packages/airflow/example_dags/example_branch_operator_decorator.py for tasks to queue
[2024-03-18T08:12:58.313+0000] {logging_mixin.py:188} INFO - [2024-03-18T08:12:58.313+0000] {dagbag.py:540} INFO - Filling up the DagBag from /home/ubuntu/air_venv/lib/python3.10/site-packages/airflow/example_dags/example_branch_operator_decorator.py
[2024-03-18T08:12:58.317+0000] {processor.py:842} WARNING - No viable dags retrieved from /home/ubuntu/air_venv/lib/python3.10/site-packages/airflow/example_dags/example_branch_operator_decorator.py
[2024-03-18T08:12:58.329+0000] {processor.py:183} INFO - Processing /home/ubuntu/air_venv/lib/python3.10/site-packages/airflow/example_dags/example_branch_operator_decorator.py took 0.023 seconds
[2024-03-18T08:13:59.880+0000] {processor.py:161} INFO - Started process (PID=9629) to work on /home/ubuntu/air_venv/lib/python3.10/site-packages/airflow/example_dags/example_branch_operator_decorator.py
[2024-03-18T08:13:59.882+0000] {processor.py:830} INFO - Processing file /home/ubuntu/air_venv/lib/python3.10/site-packages/airflow/example_dags/example_branch_operator_decorator.py for tasks to queue
[2024-03-18T08:13:59.883+0000] {logging_mixin.py:188} INFO - [2024-03-18T08:13:59.883+0000] {dagbag.py:540} INFO - Filling up the DagBag from /home/ubuntu/air_venv/lib/python3.10/site-packages/airflow/example_dags/example_branch_operator_decorator.py
[2024-03-18T08:13:59.887+0000] {processor.py:842} WARNING - No viable dags retrieved from /home/ubuntu/air_venv/lib/python3.10/site-packages/airflow/example_dags/example_branch_operator_decorator.py
[2024-03-18T08:13:59.898+0000] {processor.py:183} INFO - Processing /home/ubuntu/air_venv/lib/python3.10/site-packages/airflow/example_dags/example_branch_operator_decorator.py took 0.021 seconds
[2024-03-18T08:15:38.294+0000] {processor.py:161} INFO - Started process (PID=10571) to work on /home/ubuntu/air_venv/lib/python3.10/site-packages/airflow/example_dags/example_branch_operator_decorator.py
[2024-03-18T08:15:38.296+0000] {processor.py:830} INFO - Processing file /home/ubuntu/air_venv/lib/python3.10/site-packages/airflow/example_dags/example_branch_operator_decorator.py for tasks to queue
[2024-03-18T08:15:38.297+0000] {logging_mixin.py:188} INFO - [2024-03-18T08:15:38.297+0000] {dagbag.py:540} INFO - Filling up the DagBag from /home/ubuntu/air_venv/lib/python3.10/site-packages/airflow/example_dags/example_branch_operator_decorator.py
[2024-03-18T08:15:38.301+0000] {processor.py:842} WARNING - No viable dags retrieved from /home/ubuntu/air_venv/lib/python3.10/site-packages/airflow/example_dags/example_branch_operator_decorator.py
[2024-03-18T08:15:38.313+0000] {processor.py:183} INFO - Processing /home/ubuntu/air_venv/lib/python3.10/site-packages/airflow/example_dags/example_branch_operator_decorator.py took 0.023 seconds
[2024-03-18T08:16:34.082+0000] {processor.py:161} INFO - Started process (PID=11224) to work on /home/ubuntu/air_venv/lib/python3.10/site-packages/airflow/example_dags/example_branch_operator_decorator.py
[2024-03-18T08:16:34.084+0000] {processor.py:830} INFO - Processing file /home/ubuntu/air_venv/lib/python3.10/site-packages/airflow/example_dags/example_branch_operator_decorator.py for tasks to queue
[2024-03-18T08:16:34.085+0000] {logging_mixin.py:188} INFO - [2024-03-18T08:16:34.084+0000] {dagbag.py:540} INFO - Filling up the DagBag from /home/ubuntu/air_venv/lib/python3.10/site-packages/airflow/example_dags/example_branch_operator_decorator.py
[2024-03-18T08:16:34.088+0000] {processor.py:842} WARNING - No viable dags retrieved from /home/ubuntu/air_venv/lib/python3.10/site-packages/airflow/example_dags/example_branch_operator_decorator.py
[2024-03-18T08:16:34.100+0000] {processor.py:183} INFO - Processing /home/ubuntu/air_venv/lib/python3.10/site-packages/airflow/example_dags/example_branch_operator_decorator.py took 0.022 seconds
[2024-03-18T08:17:53.566+0000] {processor.py:161} INFO - Started process (PID=12265) to work on /home/ubuntu/air_venv/lib/python3.10/site-packages/airflow/example_dags/example_branch_operator_decorator.py
[2024-03-18T08:17:53.568+0000] {processor.py:830} INFO - Processing file /home/ubuntu/air_venv/lib/python3.10/site-packages/airflow/example_dags/example_branch_operator_decorator.py for tasks to queue
[2024-03-18T08:17:53.570+0000] {logging_mixin.py:188} INFO - [2024-03-18T08:17:53.569+0000] {dagbag.py:540} INFO - Filling up the DagBag from /home/ubuntu/air_venv/lib/python3.10/site-packages/airflow/example_dags/example_branch_operator_decorator.py
[2024-03-18T08:17:53.573+0000] {processor.py:842} WARNING - No viable dags retrieved from /home/ubuntu/air_venv/lib/python3.10/site-packages/airflow/example_dags/example_branch_operator_decorator.py
[2024-03-18T08:17:53.584+0000] {processor.py:183} INFO - Processing /home/ubuntu/air_venv/lib/python3.10/site-packages/airflow/example_dags/example_branch_operator_decorator.py took 0.021 seconds
[2024-03-18T08:18:50.509+0000] {processor.py:161} INFO - Started process (PID=12561) to work on /home/ubuntu/air_venv/lib/python3.10/site-packages/airflow/example_dags/example_branch_operator_decorator.py
[2024-03-18T08:18:50.511+0000] {processor.py:830} INFO - Processing file /home/ubuntu/air_venv/lib/python3.10/site-packages/airflow/example_dags/example_branch_operator_decorator.py for tasks to queue
[2024-03-18T08:18:50.512+0000] {logging_mixin.py:188} INFO - [2024-03-18T08:18:50.512+0000] {dagbag.py:540} INFO - Filling up the DagBag from /home/ubuntu/air_venv/lib/python3.10/site-packages/airflow/example_dags/example_branch_operator_decorator.py
[2024-03-18T08:18:50.515+0000] {processor.py:842} WARNING - No viable dags retrieved from /home/ubuntu/air_venv/lib/python3.10/site-packages/airflow/example_dags/example_branch_operator_decorator.py
[2024-03-18T08:18:50.527+0000] {processor.py:183} INFO - Processing /home/ubuntu/air_venv/lib/python3.10/site-packages/airflow/example_dags/example_branch_operator_decorator.py took 0.022 seconds
[2024-03-18T08:20:16.135+0000] {processor.py:161} INFO - Started process (PID=13242) to work on /home/ubuntu/air_venv/lib/python3.10/site-packages/airflow/example_dags/example_branch_operator_decorator.py
[2024-03-18T08:20:16.137+0000] {processor.py:830} INFO - Processing file /home/ubuntu/air_venv/lib/python3.10/site-packages/airflow/example_dags/example_branch_operator_decorator.py for tasks to queue
[2024-03-18T08:20:16.138+0000] {logging_mixin.py:188} INFO - [2024-03-18T08:20:16.138+0000] {dagbag.py:540} INFO - Filling up the DagBag from /home/ubuntu/air_venv/lib/python3.10/site-packages/airflow/example_dags/example_branch_operator_decorator.py
[2024-03-18T08:20:16.142+0000] {processor.py:842} WARNING - No viable dags retrieved from /home/ubuntu/air_venv/lib/python3.10/site-packages/airflow/example_dags/example_branch_operator_decorator.py
[2024-03-18T08:20:16.153+0000] {processor.py:183} INFO - Processing /home/ubuntu/air_venv/lib/python3.10/site-packages/airflow/example_dags/example_branch_operator_decorator.py took 0.022 seconds
[2024-03-18T08:21:39.482+0000] {processor.py:161} INFO - Started process (PID=13648) to work on /home/ubuntu/air_venv/lib/python3.10/site-packages/airflow/example_dags/example_branch_operator_decorator.py
[2024-03-18T08:21:39.484+0000] {processor.py:830} INFO - Processing file /home/ubuntu/air_venv/lib/python3.10/site-packages/airflow/example_dags/example_branch_operator_decorator.py for tasks to queue
[2024-03-18T08:21:39.486+0000] {logging_mixin.py:188} INFO - [2024-03-18T08:21:39.485+0000] {dagbag.py:540} INFO - Filling up the DagBag from /home/ubuntu/air_venv/lib/python3.10/site-packages/airflow/example_dags/example_branch_operator_decorator.py
[2024-03-18T08:21:39.489+0000] {processor.py:842} WARNING - No viable dags retrieved from /home/ubuntu/air_venv/lib/python3.10/site-packages/airflow/example_dags/example_branch_operator_decorator.py
[2024-03-18T08:21:39.500+0000] {processor.py:183} INFO - Processing /home/ubuntu/air_venv/lib/python3.10/site-packages/airflow/example_dags/example_branch_operator_decorator.py took 0.022 seconds
[2024-03-18T08:22:38.657+0000] {processor.py:161} INFO - Started process (PID=13925) to work on /home/ubuntu/air_venv/lib/python3.10/site-packages/airflow/example_dags/example_branch_operator_decorator.py
[2024-03-18T08:22:38.659+0000] {processor.py:830} INFO - Processing file /home/ubuntu/air_venv/lib/python3.10/site-packages/airflow/example_dags/example_branch_operator_decorator.py for tasks to queue
[2024-03-18T08:22:38.660+0000] {logging_mixin.py:188} INFO - [2024-03-18T08:22:38.660+0000] {dagbag.py:540} INFO - Filling up the DagBag from /home/ubuntu/air_venv/lib/python3.10/site-packages/airflow/example_dags/example_branch_operator_decorator.py
[2024-03-18T08:22:38.664+0000] {processor.py:842} WARNING - No viable dags retrieved from /home/ubuntu/air_venv/lib/python3.10/site-packages/airflow/example_dags/example_branch_operator_decorator.py
[2024-03-18T08:22:38.675+0000] {processor.py:183} INFO - Processing /home/ubuntu/air_venv/lib/python3.10/site-packages/airflow/example_dags/example_branch_operator_decorator.py took 0.021 seconds
[2024-03-18T08:23:37.764+0000] {processor.py:161} INFO - Started process (PID=14440) to work on /home/ubuntu/air_venv/lib/python3.10/site-packages/airflow/example_dags/example_branch_operator_decorator.py
[2024-03-18T08:23:37.766+0000] {processor.py:830} INFO - Processing file /home/ubuntu/air_venv/lib/python3.10/site-packages/airflow/example_dags/example_branch_operator_decorator.py for tasks to queue
[2024-03-18T08:23:37.767+0000] {logging_mixin.py:188} INFO - [2024-03-18T08:23:37.767+0000] {dagbag.py:540} INFO - Filling up the DagBag from /home/ubuntu/air_venv/lib/python3.10/site-packages/airflow/example_dags/example_branch_operator_decorator.py
[2024-03-18T08:23:37.771+0000] {processor.py:842} WARNING - No viable dags retrieved from /home/ubuntu/air_venv/lib/python3.10/site-packages/airflow/example_dags/example_branch_operator_decorator.py
[2024-03-18T08:23:37.783+0000] {processor.py:183} INFO - Processing /home/ubuntu/air_venv/lib/python3.10/site-packages/airflow/example_dags/example_branch_operator_decorator.py took 0.022 seconds
[2024-03-18T08:24:35.294+0000] {processor.py:161} INFO - Started process (PID=14935) to work on /home/ubuntu/air_venv/lib/python3.10/site-packages/airflow/example_dags/example_branch_operator_decorator.py
[2024-03-18T08:24:35.296+0000] {processor.py:830} INFO - Processing file /home/ubuntu/air_venv/lib/python3.10/site-packages/airflow/example_dags/example_branch_operator_decorator.py for tasks to queue
[2024-03-18T08:24:35.297+0000] {logging_mixin.py:188} INFO - [2024-03-18T08:24:35.297+0000] {dagbag.py:540} INFO - Filling up the DagBag from /home/ubuntu/air_venv/lib/python3.10/site-packages/airflow/example_dags/example_branch_operator_decorator.py
[2024-03-18T08:24:35.301+0000] {processor.py:842} WARNING - No viable dags retrieved from /home/ubuntu/air_venv/lib/python3.10/site-packages/airflow/example_dags/example_branch_operator_decorator.py
[2024-03-18T08:24:35.313+0000] {processor.py:183} INFO - Processing /home/ubuntu/air_venv/lib/python3.10/site-packages/airflow/example_dags/example_branch_operator_decorator.py took 0.023 seconds
[2024-03-18T08:25:41.564+0000] {processor.py:161} INFO - Started process (PID=15359) to work on /home/ubuntu/air_venv/lib/python3.10/site-packages/airflow/example_dags/example_branch_operator_decorator.py
[2024-03-18T08:25:41.567+0000] {processor.py:830} INFO - Processing file /home/ubuntu/air_venv/lib/python3.10/site-packages/airflow/example_dags/example_branch_operator_decorator.py for tasks to queue
[2024-03-18T08:25:41.568+0000] {logging_mixin.py:188} INFO - [2024-03-18T08:25:41.567+0000] {dagbag.py:540} INFO - Filling up the DagBag from /home/ubuntu/air_venv/lib/python3.10/site-packages/airflow/example_dags/example_branch_operator_decorator.py
[2024-03-18T08:25:41.571+0000] {processor.py:842} WARNING - No viable dags retrieved from /home/ubuntu/air_venv/lib/python3.10/site-packages/airflow/example_dags/example_branch_operator_decorator.py
[2024-03-18T08:25:41.582+0000] {processor.py:183} INFO - Processing /home/ubuntu/air_venv/lib/python3.10/site-packages/airflow/example_dags/example_branch_operator_decorator.py took 0.021 seconds
[2024-03-18T08:26:41.166+0000] {processor.py:161} INFO - Started process (PID=15479) to work on /home/ubuntu/air_venv/lib/python3.10/site-packages/airflow/example_dags/example_branch_operator_decorator.py
[2024-03-18T08:26:41.168+0000] {processor.py:830} INFO - Processing file /home/ubuntu/air_venv/lib/python3.10/site-packages/airflow/example_dags/example_branch_operator_decorator.py for tasks to queue
[2024-03-18T08:26:41.169+0000] {logging_mixin.py:188} INFO - [2024-03-18T08:26:41.169+0000] {dagbag.py:540} INFO - Filling up the DagBag from /home/ubuntu/air_venv/lib/python3.10/site-packages/airflow/example_dags/example_branch_operator_decorator.py
[2024-03-18T08:26:41.172+0000] {processor.py:842} WARNING - No viable dags retrieved from /home/ubuntu/air_venv/lib/python3.10/site-packages/airflow/example_dags/example_branch_operator_decorator.py
[2024-03-18T08:26:41.184+0000] {processor.py:183} INFO - Processing /home/ubuntu/air_venv/lib/python3.10/site-packages/airflow/example_dags/example_branch_operator_decorator.py took 0.021 seconds
[2024-03-18T08:27:43.331+0000] {processor.py:161} INFO - Started process (PID=15600) to work on /home/ubuntu/air_venv/lib/python3.10/site-packages/airflow/example_dags/example_branch_operator_decorator.py
[2024-03-18T08:27:43.333+0000] {processor.py:830} INFO - Processing file /home/ubuntu/air_venv/lib/python3.10/site-packages/airflow/example_dags/example_branch_operator_decorator.py for tasks to queue
[2024-03-18T08:27:43.334+0000] {logging_mixin.py:188} INFO - [2024-03-18T08:27:43.334+0000] {dagbag.py:540} INFO - Filling up the DagBag from /home/ubuntu/air_venv/lib/python3.10/site-packages/airflow/example_dags/example_branch_operator_decorator.py
[2024-03-18T08:27:43.338+0000] {processor.py:842} WARNING - No viable dags retrieved from /home/ubuntu/air_venv/lib/python3.10/site-packages/airflow/example_dags/example_branch_operator_decorator.py
[2024-03-18T08:27:43.349+0000] {processor.py:183} INFO - Processing /home/ubuntu/air_venv/lib/python3.10/site-packages/airflow/example_dags/example_branch_operator_decorator.py took 0.022 seconds
[2024-03-18T08:28:46.160+0000] {processor.py:161} INFO - Started process (PID=15721) to work on /home/ubuntu/air_venv/lib/python3.10/site-packages/airflow/example_dags/example_branch_operator_decorator.py
[2024-03-18T08:28:46.162+0000] {processor.py:830} INFO - Processing file /home/ubuntu/air_venv/lib/python3.10/site-packages/airflow/example_dags/example_branch_operator_decorator.py for tasks to queue
[2024-03-18T08:28:46.163+0000] {logging_mixin.py:188} INFO - [2024-03-18T08:28:46.163+0000] {dagbag.py:540} INFO - Filling up the DagBag from /home/ubuntu/air_venv/lib/python3.10/site-packages/airflow/example_dags/example_branch_operator_decorator.py
[2024-03-18T08:28:46.166+0000] {processor.py:842} WARNING - No viable dags retrieved from /home/ubuntu/air_venv/lib/python3.10/site-packages/airflow/example_dags/example_branch_operator_decorator.py
[2024-03-18T08:28:46.178+0000] {processor.py:183} INFO - Processing /home/ubuntu/air_venv/lib/python3.10/site-packages/airflow/example_dags/example_branch_operator_decorator.py took 0.021 seconds
[2024-03-18T08:29:37.850+0000] {processor.py:161} INFO - Started process (PID=15771) to work on /home/ubuntu/air_venv/lib/python3.10/site-packages/airflow/example_dags/example_branch_operator_decorator.py
[2024-03-18T08:29:37.852+0000] {processor.py:830} INFO - Processing file /home/ubuntu/air_venv/lib/python3.10/site-packages/airflow/example_dags/example_branch_operator_decorator.py for tasks to queue
[2024-03-18T08:29:37.853+0000] {logging_mixin.py:188} INFO - [2024-03-18T08:29:37.852+0000] {dagbag.py:540} INFO - Filling up the DagBag from /home/ubuntu/air_venv/lib/python3.10/site-packages/airflow/example_dags/example_branch_operator_decorator.py
[2024-03-18T08:29:37.856+0000] {processor.py:842} WARNING - No viable dags retrieved from /home/ubuntu/air_venv/lib/python3.10/site-packages/airflow/example_dags/example_branch_operator_decorator.py
[2024-03-18T08:29:37.868+0000] {processor.py:183} INFO - Processing /home/ubuntu/air_venv/lib/python3.10/site-packages/airflow/example_dags/example_branch_operator_decorator.py took 0.021 seconds
