[2024-03-18T08:00:26.359+0000] {processor.py:161} INFO - Started process (PID=3110) to work on /home/ubuntu/air_venv/lib/python3.10/site-packages/airflow/example_dags/example_external_task_marker_dag.py
[2024-03-18T08:00:26.361+0000] {processor.py:830} INFO - Processing file /home/ubuntu/air_venv/lib/python3.10/site-packages/airflow/example_dags/example_external_task_marker_dag.py for tasks to queue
[2024-03-18T08:00:26.362+0000] {logging_mixin.py:188} INFO - [2024-03-18T08:00:26.361+0000] {dagbag.py:540} INFO - Filling up the DagBag from /home/ubuntu/air_venv/lib/python3.10/site-packages/airflow/example_dags/example_external_task_marker_dag.py
[2024-03-18T08:00:26.369+0000] {processor.py:840} INFO - DAG(s) 'example_external_task_marker_child', 'example_external_task_marker_parent' retrieved from /home/ubuntu/air_venv/lib/python3.10/site-packages/airflow/example_dags/example_external_task_marker_dag.py
[2024-03-18T08:00:26.484+0000] {logging_mixin.py:188} INFO - [2024-03-18T08:00:26.483+0000] {override.py:1769} INFO - Created Permission View: can edit on DAG:example_external_task_marker_child
[2024-03-18T08:00:26.498+0000] {logging_mixin.py:188} INFO - [2024-03-18T08:00:26.497+0000] {override.py:1769} INFO - Created Permission View: can delete on DAG:example_external_task_marker_child
[2024-03-18T08:00:26.508+0000] {logging_mixin.py:188} INFO - [2024-03-18T08:00:26.508+0000] {override.py:1769} INFO - Created Permission View: can read on DAG:example_external_task_marker_child
[2024-03-18T08:00:26.532+0000] {logging_mixin.py:188} INFO - [2024-03-18T08:00:26.532+0000] {override.py:1769} INFO - Created Permission View: can edit on DAG:example_external_task_marker_parent
[2024-03-18T08:00:26.543+0000] {logging_mixin.py:188} INFO - [2024-03-18T08:00:26.543+0000] {override.py:1769} INFO - Created Permission View: can delete on DAG:example_external_task_marker_parent
[2024-03-18T08:00:26.554+0000] {logging_mixin.py:188} INFO - [2024-03-18T08:00:26.554+0000] {override.py:1769} INFO - Created Permission View: can read on DAG:example_external_task_marker_parent
[2024-03-18T08:00:26.555+0000] {logging_mixin.py:188} INFO - [2024-03-18T08:00:26.555+0000] {dag.py:3047} INFO - Sync 2 DAGs
[2024-03-18T08:00:26.566+0000] {logging_mixin.py:188} INFO - [2024-03-18T08:00:26.566+0000] {dag.py:3069} INFO - Creating ORM DAG for example_external_task_marker_child
[2024-03-18T08:00:26.567+0000] {logging_mixin.py:188} INFO - [2024-03-18T08:00:26.567+0000] {dag.py:3069} INFO - Creating ORM DAG for example_external_task_marker_parent
[2024-03-18T08:00:26.568+0000] {logging_mixin.py:188} INFO - [2024-03-18T08:00:26.568+0000] {dag.py:3834} INFO - Setting next_dagrun for example_external_task_marker_child to None, run_after=None
[2024-03-18T08:00:26.569+0000] {logging_mixin.py:188} INFO - [2024-03-18T08:00:26.569+0000] {dag.py:3834} INFO - Setting next_dagrun for example_external_task_marker_parent to None, run_after=None
[2024-03-18T08:00:26.739+0000] {processor.py:183} INFO - Processing /home/ubuntu/air_venv/lib/python3.10/site-packages/airflow/example_dags/example_external_task_marker_dag.py took 0.383 seconds
[2024-03-18T08:01:22.028+0000] {processor.py:161} INFO - Started process (PID=3524) to work on /home/ubuntu/air_venv/lib/python3.10/site-packages/airflow/example_dags/example_external_task_marker_dag.py
[2024-03-18T08:01:22.030+0000] {processor.py:830} INFO - Processing file /home/ubuntu/air_venv/lib/python3.10/site-packages/airflow/example_dags/example_external_task_marker_dag.py for tasks to queue
[2024-03-18T08:01:22.031+0000] {logging_mixin.py:188} INFO - [2024-03-18T08:01:22.030+0000] {dagbag.py:540} INFO - Filling up the DagBag from /home/ubuntu/air_venv/lib/python3.10/site-packages/airflow/example_dags/example_external_task_marker_dag.py
[2024-03-18T08:01:22.038+0000] {processor.py:840} INFO - DAG(s) 'example_external_task_marker_parent', 'example_external_task_marker_child' retrieved from /home/ubuntu/air_venv/lib/python3.10/site-packages/airflow/example_dags/example_external_task_marker_dag.py
[2024-03-18T08:01:22.060+0000] {logging_mixin.py:188} INFO - [2024-03-18T08:01:22.059+0000] {dag.py:3047} INFO - Sync 2 DAGs
[2024-03-18T08:01:22.073+0000] {logging_mixin.py:188} INFO - [2024-03-18T08:01:22.073+0000] {dag.py:3834} INFO - Setting next_dagrun for example_external_task_marker_child to None, run_after=None
[2024-03-18T08:01:22.077+0000] {logging_mixin.py:188} INFO - [2024-03-18T08:01:22.077+0000] {dag.py:3834} INFO - Setting next_dagrun for example_external_task_marker_parent to None, run_after=None
[2024-03-18T08:01:22.107+0000] {processor.py:183} INFO - Processing /home/ubuntu/air_venv/lib/python3.10/site-packages/airflow/example_dags/example_external_task_marker_dag.py took 0.082 seconds
[2024-03-18T08:02:16.956+0000] {processor.py:161} INFO - Started process (PID=4139) to work on /home/ubuntu/air_venv/lib/python3.10/site-packages/airflow/example_dags/example_external_task_marker_dag.py
[2024-03-18T08:02:16.959+0000] {processor.py:830} INFO - Processing file /home/ubuntu/air_venv/lib/python3.10/site-packages/airflow/example_dags/example_external_task_marker_dag.py for tasks to queue
[2024-03-18T08:02:16.960+0000] {logging_mixin.py:188} INFO - [2024-03-18T08:02:16.959+0000] {dagbag.py:540} INFO - Filling up the DagBag from /home/ubuntu/air_venv/lib/python3.10/site-packages/airflow/example_dags/example_external_task_marker_dag.py
[2024-03-18T08:02:16.967+0000] {processor.py:840} INFO - DAG(s) 'example_external_task_marker_parent', 'example_external_task_marker_child' retrieved from /home/ubuntu/air_venv/lib/python3.10/site-packages/airflow/example_dags/example_external_task_marker_dag.py
[2024-03-18T08:02:16.989+0000] {logging_mixin.py:188} INFO - [2024-03-18T08:02:16.989+0000] {dag.py:3047} INFO - Sync 2 DAGs
[2024-03-18T08:02:17.150+0000] {logging_mixin.py:188} INFO - [2024-03-18T08:02:17.150+0000] {dag.py:3834} INFO - Setting next_dagrun for example_external_task_marker_child to None, run_after=None
[2024-03-18T08:02:17.154+0000] {logging_mixin.py:188} INFO - [2024-03-18T08:02:17.153+0000] {dag.py:3834} INFO - Setting next_dagrun for example_external_task_marker_parent to None, run_after=None
[2024-03-18T08:02:17.177+0000] {processor.py:183} INFO - Processing /home/ubuntu/air_venv/lib/python3.10/site-packages/airflow/example_dags/example_external_task_marker_dag.py took 0.224 seconds
[2024-03-18T08:03:11.681+0000] {processor.py:161} INFO - Started process (PID=4465) to work on /home/ubuntu/air_venv/lib/python3.10/site-packages/airflow/example_dags/example_external_task_marker_dag.py
[2024-03-18T08:03:11.683+0000] {processor.py:830} INFO - Processing file /home/ubuntu/air_venv/lib/python3.10/site-packages/airflow/example_dags/example_external_task_marker_dag.py for tasks to queue
[2024-03-18T08:03:11.684+0000] {logging_mixin.py:188} INFO - [2024-03-18T08:03:11.684+0000] {dagbag.py:540} INFO - Filling up the DagBag from /home/ubuntu/air_venv/lib/python3.10/site-packages/airflow/example_dags/example_external_task_marker_dag.py
[2024-03-18T08:03:11.692+0000] {processor.py:840} INFO - DAG(s) 'example_external_task_marker_child', 'example_external_task_marker_parent' retrieved from /home/ubuntu/air_venv/lib/python3.10/site-packages/airflow/example_dags/example_external_task_marker_dag.py
[2024-03-18T08:03:11.713+0000] {logging_mixin.py:188} INFO - [2024-03-18T08:03:11.713+0000] {dag.py:3047} INFO - Sync 2 DAGs
[2024-03-18T08:03:11.727+0000] {logging_mixin.py:188} INFO - [2024-03-18T08:03:11.726+0000] {dag.py:3834} INFO - Setting next_dagrun for example_external_task_marker_child to None, run_after=None
[2024-03-18T08:03:11.731+0000] {logging_mixin.py:188} INFO - [2024-03-18T08:03:11.731+0000] {dag.py:3834} INFO - Setting next_dagrun for example_external_task_marker_parent to None, run_after=None
[2024-03-18T08:03:11.755+0000] {processor.py:183} INFO - Processing /home/ubuntu/air_venv/lib/python3.10/site-packages/airflow/example_dags/example_external_task_marker_dag.py took 0.078 seconds
[2024-03-18T08:04:17.431+0000] {processor.py:161} INFO - Started process (PID=5011) to work on /home/ubuntu/air_venv/lib/python3.10/site-packages/airflow/example_dags/example_external_task_marker_dag.py
[2024-03-18T08:04:17.433+0000] {processor.py:830} INFO - Processing file /home/ubuntu/air_venv/lib/python3.10/site-packages/airflow/example_dags/example_external_task_marker_dag.py for tasks to queue
[2024-03-18T08:04:17.435+0000] {logging_mixin.py:188} INFO - [2024-03-18T08:04:17.434+0000] {dagbag.py:540} INFO - Filling up the DagBag from /home/ubuntu/air_venv/lib/python3.10/site-packages/airflow/example_dags/example_external_task_marker_dag.py
[2024-03-18T08:04:17.442+0000] {processor.py:840} INFO - DAG(s) 'example_external_task_marker_child', 'example_external_task_marker_parent' retrieved from /home/ubuntu/air_venv/lib/python3.10/site-packages/airflow/example_dags/example_external_task_marker_dag.py
[2024-03-18T08:04:17.464+0000] {logging_mixin.py:188} INFO - [2024-03-18T08:04:17.463+0000] {dag.py:3047} INFO - Sync 2 DAGs
[2024-03-18T08:04:17.477+0000] {logging_mixin.py:188} INFO - [2024-03-18T08:04:17.477+0000] {dag.py:3834} INFO - Setting next_dagrun for example_external_task_marker_child to None, run_after=None
[2024-03-18T08:04:17.482+0000] {logging_mixin.py:188} INFO - [2024-03-18T08:04:17.481+0000] {dag.py:3834} INFO - Setting next_dagrun for example_external_task_marker_parent to None, run_after=None
[2024-03-18T08:04:17.505+0000] {processor.py:183} INFO - Processing /home/ubuntu/air_venv/lib/python3.10/site-packages/airflow/example_dags/example_external_task_marker_dag.py took 0.078 seconds
[2024-03-18T08:05:11.194+0000] {processor.py:161} INFO - Started process (PID=5366) to work on /home/ubuntu/air_venv/lib/python3.10/site-packages/airflow/example_dags/example_external_task_marker_dag.py
[2024-03-18T08:05:11.203+0000] {processor.py:830} INFO - Processing file /home/ubuntu/air_venv/lib/python3.10/site-packages/airflow/example_dags/example_external_task_marker_dag.py for tasks to queue
[2024-03-18T08:05:11.204+0000] {logging_mixin.py:188} INFO - [2024-03-18T08:05:11.204+0000] {dagbag.py:540} INFO - Filling up the DagBag from /home/ubuntu/air_venv/lib/python3.10/site-packages/airflow/example_dags/example_external_task_marker_dag.py
[2024-03-18T08:05:11.220+0000] {processor.py:840} INFO - DAG(s) 'example_external_task_marker_parent', 'example_external_task_marker_child' retrieved from /home/ubuntu/air_venv/lib/python3.10/site-packages/airflow/example_dags/example_external_task_marker_dag.py
[2024-03-18T08:05:11.266+0000] {logging_mixin.py:188} INFO - [2024-03-18T08:05:11.265+0000] {dag.py:3047} INFO - Sync 2 DAGs
[2024-03-18T08:05:11.298+0000] {logging_mixin.py:188} INFO - [2024-03-18T08:05:11.297+0000] {dag.py:3834} INFO - Setting next_dagrun for example_external_task_marker_child to None, run_after=None
[2024-03-18T08:05:11.311+0000] {logging_mixin.py:188} INFO - [2024-03-18T08:05:11.311+0000] {dag.py:3834} INFO - Setting next_dagrun for example_external_task_marker_parent to None, run_after=None
[2024-03-18T08:05:11.359+0000] {processor.py:183} INFO - Processing /home/ubuntu/air_venv/lib/python3.10/site-packages/airflow/example_dags/example_external_task_marker_dag.py took 0.168 seconds
[2024-03-18T08:05:59.855+0000] {processor.py:161} INFO - Started process (PID=5957) to work on /home/ubuntu/air_venv/lib/python3.10/site-packages/airflow/example_dags/example_external_task_marker_dag.py
[2024-03-18T08:05:59.857+0000] {processor.py:830} INFO - Processing file /home/ubuntu/air_venv/lib/python3.10/site-packages/airflow/example_dags/example_external_task_marker_dag.py for tasks to queue
[2024-03-18T08:05:59.858+0000] {logging_mixin.py:188} INFO - [2024-03-18T08:05:59.858+0000] {dagbag.py:540} INFO - Filling up the DagBag from /home/ubuntu/air_venv/lib/python3.10/site-packages/airflow/example_dags/example_external_task_marker_dag.py
[2024-03-18T08:05:59.866+0000] {processor.py:840} INFO - DAG(s) 'example_external_task_marker_child', 'example_external_task_marker_parent' retrieved from /home/ubuntu/air_venv/lib/python3.10/site-packages/airflow/example_dags/example_external_task_marker_dag.py
[2024-03-18T08:05:59.887+0000] {logging_mixin.py:188} INFO - [2024-03-18T08:05:59.887+0000] {dag.py:3047} INFO - Sync 2 DAGs
[2024-03-18T08:05:59.901+0000] {logging_mixin.py:188} INFO - [2024-03-18T08:05:59.901+0000] {dag.py:3834} INFO - Setting next_dagrun for example_external_task_marker_child to None, run_after=None
[2024-03-18T08:05:59.906+0000] {logging_mixin.py:188} INFO - [2024-03-18T08:05:59.905+0000] {dag.py:3834} INFO - Setting next_dagrun for example_external_task_marker_parent to None, run_after=None
[2024-03-18T08:05:59.928+0000] {processor.py:183} INFO - Processing /home/ubuntu/air_venv/lib/python3.10/site-packages/airflow/example_dags/example_external_task_marker_dag.py took 0.077 seconds
[2024-03-18T08:07:31.810+0000] {processor.py:161} INFO - Started process (PID=7071) to work on /home/ubuntu/air_venv/lib/python3.10/site-packages/airflow/example_dags/example_external_task_marker_dag.py
[2024-03-18T08:07:31.813+0000] {processor.py:830} INFO - Processing file /home/ubuntu/air_venv/lib/python3.10/site-packages/airflow/example_dags/example_external_task_marker_dag.py for tasks to queue
[2024-03-18T08:07:31.814+0000] {logging_mixin.py:188} INFO - [2024-03-18T08:07:31.814+0000] {dagbag.py:540} INFO - Filling up the DagBag from /home/ubuntu/air_venv/lib/python3.10/site-packages/airflow/example_dags/example_external_task_marker_dag.py
[2024-03-18T08:07:31.821+0000] {processor.py:840} INFO - DAG(s) 'example_external_task_marker_parent', 'example_external_task_marker_child' retrieved from /home/ubuntu/air_venv/lib/python3.10/site-packages/airflow/example_dags/example_external_task_marker_dag.py
[2024-03-18T08:07:31.842+0000] {logging_mixin.py:188} INFO - [2024-03-18T08:07:31.842+0000] {dag.py:3047} INFO - Sync 2 DAGs
[2024-03-18T08:07:31.856+0000] {logging_mixin.py:188} INFO - [2024-03-18T08:07:31.855+0000] {dag.py:3834} INFO - Setting next_dagrun for example_external_task_marker_child to None, run_after=None
[2024-03-18T08:07:31.859+0000] {logging_mixin.py:188} INFO - [2024-03-18T08:07:31.859+0000] {dag.py:3834} INFO - Setting next_dagrun for example_external_task_marker_parent to None, run_after=None
[2024-03-18T08:07:31.882+0000] {processor.py:183} INFO - Processing /home/ubuntu/air_venv/lib/python3.10/site-packages/airflow/example_dags/example_external_task_marker_dag.py took 0.075 seconds
[2024-03-18T08:08:25.775+0000] {processor.py:161} INFO - Started process (PID=7267) to work on /home/ubuntu/air_venv/lib/python3.10/site-packages/airflow/example_dags/example_external_task_marker_dag.py
[2024-03-18T08:08:25.777+0000] {processor.py:830} INFO - Processing file /home/ubuntu/air_venv/lib/python3.10/site-packages/airflow/example_dags/example_external_task_marker_dag.py for tasks to queue
[2024-03-18T08:08:25.778+0000] {logging_mixin.py:188} INFO - [2024-03-18T08:08:25.778+0000] {dagbag.py:540} INFO - Filling up the DagBag from /home/ubuntu/air_venv/lib/python3.10/site-packages/airflow/example_dags/example_external_task_marker_dag.py
[2024-03-18T08:08:25.786+0000] {processor.py:840} INFO - DAG(s) 'example_external_task_marker_parent', 'example_external_task_marker_child' retrieved from /home/ubuntu/air_venv/lib/python3.10/site-packages/airflow/example_dags/example_external_task_marker_dag.py
[2024-03-18T08:08:25.810+0000] {logging_mixin.py:188} INFO - [2024-03-18T08:08:25.809+0000] {dag.py:3047} INFO - Sync 2 DAGs
[2024-03-18T08:08:25.823+0000] {logging_mixin.py:188} INFO - [2024-03-18T08:08:25.823+0000] {dag.py:3834} INFO - Setting next_dagrun for example_external_task_marker_child to None, run_after=None
[2024-03-18T08:08:25.829+0000] {logging_mixin.py:188} INFO - [2024-03-18T08:08:25.829+0000] {dag.py:3834} INFO - Setting next_dagrun for example_external_task_marker_parent to None, run_after=None
[2024-03-18T08:08:25.858+0000] {processor.py:183} INFO - Processing /home/ubuntu/air_venv/lib/python3.10/site-packages/airflow/example_dags/example_external_task_marker_dag.py took 0.086 seconds
[2024-03-18T08:09:34.205+0000] {processor.py:161} INFO - Started process (PID=7860) to work on /home/ubuntu/air_venv/lib/python3.10/site-packages/airflow/example_dags/example_external_task_marker_dag.py
[2024-03-18T08:09:34.207+0000] {processor.py:830} INFO - Processing file /home/ubuntu/air_venv/lib/python3.10/site-packages/airflow/example_dags/example_external_task_marker_dag.py for tasks to queue
[2024-03-18T08:09:34.208+0000] {logging_mixin.py:188} INFO - [2024-03-18T08:09:34.207+0000] {dagbag.py:540} INFO - Filling up the DagBag from /home/ubuntu/air_venv/lib/python3.10/site-packages/airflow/example_dags/example_external_task_marker_dag.py
[2024-03-18T08:09:34.215+0000] {processor.py:840} INFO - DAG(s) 'example_external_task_marker_child', 'example_external_task_marker_parent' retrieved from /home/ubuntu/air_venv/lib/python3.10/site-packages/airflow/example_dags/example_external_task_marker_dag.py
[2024-03-18T08:09:34.237+0000] {logging_mixin.py:188} INFO - [2024-03-18T08:09:34.237+0000] {dag.py:3047} INFO - Sync 2 DAGs
[2024-03-18T08:09:34.251+0000] {logging_mixin.py:188} INFO - [2024-03-18T08:09:34.251+0000] {dag.py:3834} INFO - Setting next_dagrun for example_external_task_marker_child to None, run_after=None
[2024-03-18T08:09:34.255+0000] {logging_mixin.py:188} INFO - [2024-03-18T08:09:34.255+0000] {dag.py:3834} INFO - Setting next_dagrun for example_external_task_marker_parent to None, run_after=None
[2024-03-18T08:09:34.277+0000] {processor.py:183} INFO - Processing /home/ubuntu/air_venv/lib/python3.10/site-packages/airflow/example_dags/example_external_task_marker_dag.py took 0.076 seconds
[2024-03-18T08:10:34.162+0000] {processor.py:161} INFO - Started process (PID=8281) to work on /home/ubuntu/air_venv/lib/python3.10/site-packages/airflow/example_dags/example_external_task_marker_dag.py
[2024-03-18T08:10:34.164+0000] {processor.py:830} INFO - Processing file /home/ubuntu/air_venv/lib/python3.10/site-packages/airflow/example_dags/example_external_task_marker_dag.py for tasks to queue
[2024-03-18T08:10:34.165+0000] {logging_mixin.py:188} INFO - [2024-03-18T08:10:34.164+0000] {dagbag.py:540} INFO - Filling up the DagBag from /home/ubuntu/air_venv/lib/python3.10/site-packages/airflow/example_dags/example_external_task_marker_dag.py
[2024-03-18T08:10:34.172+0000] {processor.py:840} INFO - DAG(s) 'example_external_task_marker_child', 'example_external_task_marker_parent' retrieved from /home/ubuntu/air_venv/lib/python3.10/site-packages/airflow/example_dags/example_external_task_marker_dag.py
[2024-03-18T08:10:34.192+0000] {logging_mixin.py:188} INFO - [2024-03-18T08:10:34.192+0000] {dag.py:3047} INFO - Sync 2 DAGs
[2024-03-18T08:10:34.205+0000] {logging_mixin.py:188} INFO - [2024-03-18T08:10:34.205+0000] {dag.py:3834} INFO - Setting next_dagrun for example_external_task_marker_child to None, run_after=None
[2024-03-18T08:10:34.208+0000] {logging_mixin.py:188} INFO - [2024-03-18T08:10:34.208+0000] {dag.py:3834} INFO - Setting next_dagrun for example_external_task_marker_parent to None, run_after=None
[2024-03-18T08:10:34.231+0000] {processor.py:183} INFO - Processing /home/ubuntu/air_venv/lib/python3.10/site-packages/airflow/example_dags/example_external_task_marker_dag.py took 0.072 seconds
[2024-03-18T08:11:36.258+0000] {processor.py:161} INFO - Started process (PID=8823) to work on /home/ubuntu/air_venv/lib/python3.10/site-packages/airflow/example_dags/example_external_task_marker_dag.py
[2024-03-18T08:11:36.260+0000] {processor.py:830} INFO - Processing file /home/ubuntu/air_venv/lib/python3.10/site-packages/airflow/example_dags/example_external_task_marker_dag.py for tasks to queue
[2024-03-18T08:11:36.261+0000] {logging_mixin.py:188} INFO - [2024-03-18T08:11:36.261+0000] {dagbag.py:540} INFO - Filling up the DagBag from /home/ubuntu/air_venv/lib/python3.10/site-packages/airflow/example_dags/example_external_task_marker_dag.py
[2024-03-18T08:11:36.269+0000] {processor.py:840} INFO - DAG(s) 'example_external_task_marker_parent', 'example_external_task_marker_child' retrieved from /home/ubuntu/air_venv/lib/python3.10/site-packages/airflow/example_dags/example_external_task_marker_dag.py
[2024-03-18T08:11:36.289+0000] {logging_mixin.py:188} INFO - [2024-03-18T08:11:36.289+0000] {dag.py:3047} INFO - Sync 2 DAGs
[2024-03-18T08:11:36.302+0000] {logging_mixin.py:188} INFO - [2024-03-18T08:11:36.302+0000] {dag.py:3834} INFO - Setting next_dagrun for example_external_task_marker_child to None, run_after=None
[2024-03-18T08:11:36.306+0000] {logging_mixin.py:188} INFO - [2024-03-18T08:11:36.306+0000] {dag.py:3834} INFO - Setting next_dagrun for example_external_task_marker_parent to None, run_after=None
[2024-03-18T08:11:36.329+0000] {processor.py:183} INFO - Processing /home/ubuntu/air_venv/lib/python3.10/site-packages/airflow/example_dags/example_external_task_marker_dag.py took 0.074 seconds
[2024-03-18T08:12:37.510+0000] {processor.py:161} INFO - Started process (PID=9185) to work on /home/ubuntu/air_venv/lib/python3.10/site-packages/airflow/example_dags/example_external_task_marker_dag.py
[2024-03-18T08:12:37.513+0000] {processor.py:830} INFO - Processing file /home/ubuntu/air_venv/lib/python3.10/site-packages/airflow/example_dags/example_external_task_marker_dag.py for tasks to queue
[2024-03-18T08:12:37.514+0000] {logging_mixin.py:188} INFO - [2024-03-18T08:12:37.513+0000] {dagbag.py:540} INFO - Filling up the DagBag from /home/ubuntu/air_venv/lib/python3.10/site-packages/airflow/example_dags/example_external_task_marker_dag.py
[2024-03-18T08:12:37.521+0000] {processor.py:840} INFO - DAG(s) 'example_external_task_marker_child', 'example_external_task_marker_parent' retrieved from /home/ubuntu/air_venv/lib/python3.10/site-packages/airflow/example_dags/example_external_task_marker_dag.py
[2024-03-18T08:12:37.543+0000] {logging_mixin.py:188} INFO - [2024-03-18T08:12:37.542+0000] {dag.py:3047} INFO - Sync 2 DAGs
[2024-03-18T08:12:37.557+0000] {logging_mixin.py:188} INFO - [2024-03-18T08:12:37.557+0000] {dag.py:3834} INFO - Setting next_dagrun for example_external_task_marker_child to None, run_after=None
[2024-03-18T08:12:37.561+0000] {logging_mixin.py:188} INFO - [2024-03-18T08:12:37.561+0000] {dag.py:3834} INFO - Setting next_dagrun for example_external_task_marker_parent to None, run_after=None
[2024-03-18T08:12:37.585+0000] {processor.py:183} INFO - Processing /home/ubuntu/air_venv/lib/python3.10/site-packages/airflow/example_dags/example_external_task_marker_dag.py took 0.078 seconds
[2024-03-18T08:13:44.690+0000] {processor.py:161} INFO - Started process (PID=9612) to work on /home/ubuntu/air_venv/lib/python3.10/site-packages/airflow/example_dags/example_external_task_marker_dag.py
[2024-03-18T08:13:44.692+0000] {processor.py:830} INFO - Processing file /home/ubuntu/air_venv/lib/python3.10/site-packages/airflow/example_dags/example_external_task_marker_dag.py for tasks to queue
[2024-03-18T08:13:44.693+0000] {logging_mixin.py:188} INFO - [2024-03-18T08:13:44.693+0000] {dagbag.py:540} INFO - Filling up the DagBag from /home/ubuntu/air_venv/lib/python3.10/site-packages/airflow/example_dags/example_external_task_marker_dag.py
[2024-03-18T08:13:44.700+0000] {processor.py:840} INFO - DAG(s) 'example_external_task_marker_child', 'example_external_task_marker_parent' retrieved from /home/ubuntu/air_venv/lib/python3.10/site-packages/airflow/example_dags/example_external_task_marker_dag.py
[2024-03-18T08:13:44.722+0000] {logging_mixin.py:188} INFO - [2024-03-18T08:13:44.721+0000] {dag.py:3047} INFO - Sync 2 DAGs
[2024-03-18T08:13:44.735+0000] {logging_mixin.py:188} INFO - [2024-03-18T08:13:44.735+0000] {dag.py:3834} INFO - Setting next_dagrun for example_external_task_marker_child to None, run_after=None
[2024-03-18T08:13:44.739+0000] {logging_mixin.py:188} INFO - [2024-03-18T08:13:44.739+0000] {dag.py:3834} INFO - Setting next_dagrun for example_external_task_marker_parent to None, run_after=None
[2024-03-18T08:13:44.761+0000] {processor.py:183} INFO - Processing /home/ubuntu/air_venv/lib/python3.10/site-packages/airflow/example_dags/example_external_task_marker_dag.py took 0.074 seconds
[2024-03-18T08:15:14.314+0000] {processor.py:161} INFO - Started process (PID=10305) to work on /home/ubuntu/air_venv/lib/python3.10/site-packages/airflow/example_dags/example_external_task_marker_dag.py
[2024-03-18T08:15:14.316+0000] {processor.py:830} INFO - Processing file /home/ubuntu/air_venv/lib/python3.10/site-packages/airflow/example_dags/example_external_task_marker_dag.py for tasks to queue
[2024-03-18T08:15:14.317+0000] {logging_mixin.py:188} INFO - [2024-03-18T08:15:14.317+0000] {dagbag.py:540} INFO - Filling up the DagBag from /home/ubuntu/air_venv/lib/python3.10/site-packages/airflow/example_dags/example_external_task_marker_dag.py
[2024-03-18T08:15:14.325+0000] {processor.py:840} INFO - DAG(s) 'example_external_task_marker_parent', 'example_external_task_marker_child' retrieved from /home/ubuntu/air_venv/lib/python3.10/site-packages/airflow/example_dags/example_external_task_marker_dag.py
[2024-03-18T08:15:14.347+0000] {logging_mixin.py:188} INFO - [2024-03-18T08:15:14.347+0000] {dag.py:3047} INFO - Sync 2 DAGs
[2024-03-18T08:15:14.366+0000] {logging_mixin.py:188} INFO - [2024-03-18T08:15:14.366+0000] {dag.py:3834} INFO - Setting next_dagrun for example_external_task_marker_child to None, run_after=None
[2024-03-18T08:15:14.379+0000] {logging_mixin.py:188} INFO - [2024-03-18T08:15:14.379+0000] {dag.py:3834} INFO - Setting next_dagrun for example_external_task_marker_parent to None, run_after=None
[2024-03-18T08:15:14.408+0000] {processor.py:183} INFO - Processing /home/ubuntu/air_venv/lib/python3.10/site-packages/airflow/example_dags/example_external_task_marker_dag.py took 0.098 seconds
[2024-03-18T08:16:10.568+0000] {processor.py:161} INFO - Started process (PID=11021) to work on /home/ubuntu/air_venv/lib/python3.10/site-packages/airflow/example_dags/example_external_task_marker_dag.py
[2024-03-18T08:16:10.571+0000] {processor.py:830} INFO - Processing file /home/ubuntu/air_venv/lib/python3.10/site-packages/airflow/example_dags/example_external_task_marker_dag.py for tasks to queue
[2024-03-18T08:16:10.572+0000] {logging_mixin.py:188} INFO - [2024-03-18T08:16:10.571+0000] {dagbag.py:540} INFO - Filling up the DagBag from /home/ubuntu/air_venv/lib/python3.10/site-packages/airflow/example_dags/example_external_task_marker_dag.py
[2024-03-18T08:16:10.586+0000] {processor.py:840} INFO - DAG(s) 'example_external_task_marker_child', 'example_external_task_marker_parent' retrieved from /home/ubuntu/air_venv/lib/python3.10/site-packages/airflow/example_dags/example_external_task_marker_dag.py
[2024-03-18T08:16:10.608+0000] {logging_mixin.py:188} INFO - [2024-03-18T08:16:10.607+0000] {dag.py:3047} INFO - Sync 2 DAGs
[2024-03-18T08:16:10.621+0000] {logging_mixin.py:188} INFO - [2024-03-18T08:16:10.620+0000] {dag.py:3834} INFO - Setting next_dagrun for example_external_task_marker_child to None, run_after=None
[2024-03-18T08:16:10.625+0000] {logging_mixin.py:188} INFO - [2024-03-18T08:16:10.624+0000] {dag.py:3834} INFO - Setting next_dagrun for example_external_task_marker_parent to None, run_after=None
[2024-03-18T08:16:10.649+0000] {processor.py:183} INFO - Processing /home/ubuntu/air_venv/lib/python3.10/site-packages/airflow/example_dags/example_external_task_marker_dag.py took 0.086 seconds
[2024-03-18T08:17:20.998+0000] {processor.py:161} INFO - Started process (PID=11872) to work on /home/ubuntu/air_venv/lib/python3.10/site-packages/airflow/example_dags/example_external_task_marker_dag.py
[2024-03-18T08:17:21.000+0000] {processor.py:830} INFO - Processing file /home/ubuntu/air_venv/lib/python3.10/site-packages/airflow/example_dags/example_external_task_marker_dag.py for tasks to queue
[2024-03-18T08:17:21.001+0000] {logging_mixin.py:188} INFO - [2024-03-18T08:17:21.000+0000] {dagbag.py:540} INFO - Filling up the DagBag from /home/ubuntu/air_venv/lib/python3.10/site-packages/airflow/example_dags/example_external_task_marker_dag.py
[2024-03-18T08:17:21.009+0000] {processor.py:840} INFO - DAG(s) 'example_external_task_marker_child', 'example_external_task_marker_parent' retrieved from /home/ubuntu/air_venv/lib/python3.10/site-packages/airflow/example_dags/example_external_task_marker_dag.py
[2024-03-18T08:17:21.030+0000] {logging_mixin.py:188} INFO - [2024-03-18T08:17:21.030+0000] {dag.py:3047} INFO - Sync 2 DAGs
[2024-03-18T08:17:21.044+0000] {logging_mixin.py:188} INFO - [2024-03-18T08:17:21.044+0000] {dag.py:3834} INFO - Setting next_dagrun for example_external_task_marker_child to None, run_after=None
[2024-03-18T08:17:21.048+0000] {logging_mixin.py:188} INFO - [2024-03-18T08:17:21.048+0000] {dag.py:3834} INFO - Setting next_dagrun for example_external_task_marker_parent to None, run_after=None
[2024-03-18T08:17:21.069+0000] {processor.py:183} INFO - Processing /home/ubuntu/air_venv/lib/python3.10/site-packages/airflow/example_dags/example_external_task_marker_dag.py took 0.075 seconds
[2024-03-18T08:18:27.751+0000] {processor.py:161} INFO - Started process (PID=12479) to work on /home/ubuntu/air_venv/lib/python3.10/site-packages/airflow/example_dags/example_external_task_marker_dag.py
[2024-03-18T08:18:27.753+0000] {processor.py:830} INFO - Processing file /home/ubuntu/air_venv/lib/python3.10/site-packages/airflow/example_dags/example_external_task_marker_dag.py for tasks to queue
[2024-03-18T08:18:27.754+0000] {logging_mixin.py:188} INFO - [2024-03-18T08:18:27.754+0000] {dagbag.py:540} INFO - Filling up the DagBag from /home/ubuntu/air_venv/lib/python3.10/site-packages/airflow/example_dags/example_external_task_marker_dag.py
[2024-03-18T08:18:27.762+0000] {processor.py:840} INFO - DAG(s) 'example_external_task_marker_parent', 'example_external_task_marker_child' retrieved from /home/ubuntu/air_venv/lib/python3.10/site-packages/airflow/example_dags/example_external_task_marker_dag.py
[2024-03-18T08:18:27.783+0000] {logging_mixin.py:188} INFO - [2024-03-18T08:18:27.782+0000] {dag.py:3047} INFO - Sync 2 DAGs
[2024-03-18T08:18:27.795+0000] {logging_mixin.py:188} INFO - [2024-03-18T08:18:27.795+0000] {dag.py:3834} INFO - Setting next_dagrun for example_external_task_marker_child to None, run_after=None
[2024-03-18T08:18:27.799+0000] {logging_mixin.py:188} INFO - [2024-03-18T08:18:27.798+0000] {dag.py:3834} INFO - Setting next_dagrun for example_external_task_marker_parent to None, run_after=None
[2024-03-18T08:18:27.819+0000] {processor.py:183} INFO - Processing /home/ubuntu/air_venv/lib/python3.10/site-packages/airflow/example_dags/example_external_task_marker_dag.py took 0.072 seconds
[2024-03-18T08:19:42.197+0000] {processor.py:161} INFO - Started process (PID=12910) to work on /home/ubuntu/air_venv/lib/python3.10/site-packages/airflow/example_dags/example_external_task_marker_dag.py
[2024-03-18T08:19:42.199+0000] {processor.py:830} INFO - Processing file /home/ubuntu/air_venv/lib/python3.10/site-packages/airflow/example_dags/example_external_task_marker_dag.py for tasks to queue
[2024-03-18T08:19:42.201+0000] {logging_mixin.py:188} INFO - [2024-03-18T08:19:42.200+0000] {dagbag.py:540} INFO - Filling up the DagBag from /home/ubuntu/air_venv/lib/python3.10/site-packages/airflow/example_dags/example_external_task_marker_dag.py
[2024-03-18T08:19:42.208+0000] {processor.py:840} INFO - DAG(s) 'example_external_task_marker_parent', 'example_external_task_marker_child' retrieved from /home/ubuntu/air_venv/lib/python3.10/site-packages/airflow/example_dags/example_external_task_marker_dag.py
[2024-03-18T08:19:42.230+0000] {logging_mixin.py:188} INFO - [2024-03-18T08:19:42.229+0000] {dag.py:3047} INFO - Sync 2 DAGs
[2024-03-18T08:19:42.243+0000] {logging_mixin.py:188} INFO - [2024-03-18T08:19:42.242+0000] {dag.py:3834} INFO - Setting next_dagrun for example_external_task_marker_child to None, run_after=None
[2024-03-18T08:19:42.247+0000] {logging_mixin.py:188} INFO - [2024-03-18T08:19:42.247+0000] {dag.py:3834} INFO - Setting next_dagrun for example_external_task_marker_parent to None, run_after=None
[2024-03-18T08:19:42.269+0000] {processor.py:183} INFO - Processing /home/ubuntu/air_venv/lib/python3.10/site-packages/airflow/example_dags/example_external_task_marker_dag.py took 0.075 seconds
[2024-03-18T08:20:38.485+0000] {processor.py:161} INFO - Started process (PID=13263) to work on /home/ubuntu/air_venv/lib/python3.10/site-packages/airflow/example_dags/example_external_task_marker_dag.py
[2024-03-18T08:20:38.487+0000] {processor.py:830} INFO - Processing file /home/ubuntu/air_venv/lib/python3.10/site-packages/airflow/example_dags/example_external_task_marker_dag.py for tasks to queue
[2024-03-18T08:20:38.488+0000] {logging_mixin.py:188} INFO - [2024-03-18T08:20:38.488+0000] {dagbag.py:540} INFO - Filling up the DagBag from /home/ubuntu/air_venv/lib/python3.10/site-packages/airflow/example_dags/example_external_task_marker_dag.py
[2024-03-18T08:20:38.495+0000] {processor.py:840} INFO - DAG(s) 'example_external_task_marker_child', 'example_external_task_marker_parent' retrieved from /home/ubuntu/air_venv/lib/python3.10/site-packages/airflow/example_dags/example_external_task_marker_dag.py
[2024-03-18T08:20:38.516+0000] {logging_mixin.py:188} INFO - [2024-03-18T08:20:38.516+0000] {dag.py:3047} INFO - Sync 2 DAGs
[2024-03-18T08:20:38.529+0000] {logging_mixin.py:188} INFO - [2024-03-18T08:20:38.529+0000] {dag.py:3834} INFO - Setting next_dagrun for example_external_task_marker_child to None, run_after=None
[2024-03-18T08:20:38.533+0000] {logging_mixin.py:188} INFO - [2024-03-18T08:20:38.533+0000] {dag.py:3834} INFO - Setting next_dagrun for example_external_task_marker_parent to None, run_after=None
[2024-03-18T08:20:38.556+0000] {processor.py:183} INFO - Processing /home/ubuntu/air_venv/lib/python3.10/site-packages/airflow/example_dags/example_external_task_marker_dag.py took 0.075 seconds
[2024-03-18T08:21:35.468+0000] {processor.py:161} INFO - Started process (PID=13619) to work on /home/ubuntu/air_venv/lib/python3.10/site-packages/airflow/example_dags/example_external_task_marker_dag.py
[2024-03-18T08:21:35.470+0000] {processor.py:830} INFO - Processing file /home/ubuntu/air_venv/lib/python3.10/site-packages/airflow/example_dags/example_external_task_marker_dag.py for tasks to queue
[2024-03-18T08:21:35.471+0000] {logging_mixin.py:188} INFO - [2024-03-18T08:21:35.471+0000] {dagbag.py:540} INFO - Filling up the DagBag from /home/ubuntu/air_venv/lib/python3.10/site-packages/airflow/example_dags/example_external_task_marker_dag.py
[2024-03-18T08:21:35.479+0000] {processor.py:840} INFO - DAG(s) 'example_external_task_marker_child', 'example_external_task_marker_parent' retrieved from /home/ubuntu/air_venv/lib/python3.10/site-packages/airflow/example_dags/example_external_task_marker_dag.py
[2024-03-18T08:21:35.500+0000] {logging_mixin.py:188} INFO - [2024-03-18T08:21:35.499+0000] {dag.py:3047} INFO - Sync 2 DAGs
[2024-03-18T08:21:35.513+0000] {logging_mixin.py:188} INFO - [2024-03-18T08:21:35.512+0000] {dag.py:3834} INFO - Setting next_dagrun for example_external_task_marker_child to None, run_after=None
[2024-03-18T08:21:35.516+0000] {logging_mixin.py:188} INFO - [2024-03-18T08:21:35.516+0000] {dag.py:3834} INFO - Setting next_dagrun for example_external_task_marker_parent to None, run_after=None
[2024-03-18T08:21:35.539+0000] {processor.py:183} INFO - Processing /home/ubuntu/air_venv/lib/python3.10/site-packages/airflow/example_dags/example_external_task_marker_dag.py took 0.074 seconds
[2024-03-18T08:22:25.296+0000] {processor.py:161} INFO - Started process (PID=13911) to work on /home/ubuntu/air_venv/lib/python3.10/site-packages/airflow/example_dags/example_external_task_marker_dag.py
[2024-03-18T08:22:25.298+0000] {processor.py:830} INFO - Processing file /home/ubuntu/air_venv/lib/python3.10/site-packages/airflow/example_dags/example_external_task_marker_dag.py for tasks to queue
[2024-03-18T08:22:25.299+0000] {logging_mixin.py:188} INFO - [2024-03-18T08:22:25.299+0000] {dagbag.py:540} INFO - Filling up the DagBag from /home/ubuntu/air_venv/lib/python3.10/site-packages/airflow/example_dags/example_external_task_marker_dag.py
[2024-03-18T08:22:25.307+0000] {processor.py:840} INFO - DAG(s) 'example_external_task_marker_child', 'example_external_task_marker_parent' retrieved from /home/ubuntu/air_venv/lib/python3.10/site-packages/airflow/example_dags/example_external_task_marker_dag.py
[2024-03-18T08:22:25.327+0000] {logging_mixin.py:188} INFO - [2024-03-18T08:22:25.327+0000] {dag.py:3047} INFO - Sync 2 DAGs
[2024-03-18T08:22:25.340+0000] {logging_mixin.py:188} INFO - [2024-03-18T08:22:25.340+0000] {dag.py:3834} INFO - Setting next_dagrun for example_external_task_marker_child to None, run_after=None
[2024-03-18T08:22:25.344+0000] {logging_mixin.py:188} INFO - [2024-03-18T08:22:25.344+0000] {dag.py:3834} INFO - Setting next_dagrun for example_external_task_marker_parent to None, run_after=None
[2024-03-18T08:22:25.367+0000] {processor.py:183} INFO - Processing /home/ubuntu/air_venv/lib/python3.10/site-packages/airflow/example_dags/example_external_task_marker_dag.py took 0.075 seconds
[2024-03-18T08:23:21.992+0000] {processor.py:161} INFO - Started process (PID=14380) to work on /home/ubuntu/air_venv/lib/python3.10/site-packages/airflow/example_dags/example_external_task_marker_dag.py
[2024-03-18T08:23:21.994+0000] {processor.py:830} INFO - Processing file /home/ubuntu/air_venv/lib/python3.10/site-packages/airflow/example_dags/example_external_task_marker_dag.py for tasks to queue
[2024-03-18T08:23:21.995+0000] {logging_mixin.py:188} INFO - [2024-03-18T08:23:21.994+0000] {dagbag.py:540} INFO - Filling up the DagBag from /home/ubuntu/air_venv/lib/python3.10/site-packages/airflow/example_dags/example_external_task_marker_dag.py
[2024-03-18T08:23:22.002+0000] {processor.py:840} INFO - DAG(s) 'example_external_task_marker_parent', 'example_external_task_marker_child' retrieved from /home/ubuntu/air_venv/lib/python3.10/site-packages/airflow/example_dags/example_external_task_marker_dag.py
[2024-03-18T08:23:22.025+0000] {logging_mixin.py:188} INFO - [2024-03-18T08:23:22.024+0000] {dag.py:3047} INFO - Sync 2 DAGs
[2024-03-18T08:23:22.038+0000] {logging_mixin.py:188} INFO - [2024-03-18T08:23:22.038+0000] {dag.py:3834} INFO - Setting next_dagrun for example_external_task_marker_child to None, run_after=None
[2024-03-18T08:23:22.042+0000] {logging_mixin.py:188} INFO - [2024-03-18T08:23:22.042+0000] {dag.py:3834} INFO - Setting next_dagrun for example_external_task_marker_parent to None, run_after=None
[2024-03-18T08:23:22.064+0000] {processor.py:183} INFO - Processing /home/ubuntu/air_venv/lib/python3.10/site-packages/airflow/example_dags/example_external_task_marker_dag.py took 0.076 seconds
[2024-03-18T08:24:23.117+0000] {processor.py:161} INFO - Started process (PID=14872) to work on /home/ubuntu/air_venv/lib/python3.10/site-packages/airflow/example_dags/example_external_task_marker_dag.py
[2024-03-18T08:24:23.119+0000] {processor.py:830} INFO - Processing file /home/ubuntu/air_venv/lib/python3.10/site-packages/airflow/example_dags/example_external_task_marker_dag.py for tasks to queue
[2024-03-18T08:24:23.120+0000] {logging_mixin.py:188} INFO - [2024-03-18T08:24:23.120+0000] {dagbag.py:540} INFO - Filling up the DagBag from /home/ubuntu/air_venv/lib/python3.10/site-packages/airflow/example_dags/example_external_task_marker_dag.py
[2024-03-18T08:24:23.128+0000] {processor.py:840} INFO - DAG(s) 'example_external_task_marker_child', 'example_external_task_marker_parent' retrieved from /home/ubuntu/air_venv/lib/python3.10/site-packages/airflow/example_dags/example_external_task_marker_dag.py
[2024-03-18T08:24:23.150+0000] {logging_mixin.py:188} INFO - [2024-03-18T08:24:23.150+0000] {dag.py:3047} INFO - Sync 2 DAGs
[2024-03-18T08:24:23.164+0000] {logging_mixin.py:188} INFO - [2024-03-18T08:24:23.163+0000] {dag.py:3834} INFO - Setting next_dagrun for example_external_task_marker_child to None, run_after=None
[2024-03-18T08:24:23.167+0000] {logging_mixin.py:188} INFO - [2024-03-18T08:24:23.167+0000] {dag.py:3834} INFO - Setting next_dagrun for example_external_task_marker_parent to None, run_after=None
[2024-03-18T08:24:23.191+0000] {processor.py:183} INFO - Processing /home/ubuntu/air_venv/lib/python3.10/site-packages/airflow/example_dags/example_external_task_marker_dag.py took 0.077 seconds
[2024-03-18T08:25:23.043+0000] {processor.py:161} INFO - Started process (PID=15282) to work on /home/ubuntu/air_venv/lib/python3.10/site-packages/airflow/example_dags/example_external_task_marker_dag.py
[2024-03-18T08:25:23.046+0000] {processor.py:830} INFO - Processing file /home/ubuntu/air_venv/lib/python3.10/site-packages/airflow/example_dags/example_external_task_marker_dag.py for tasks to queue
[2024-03-18T08:25:23.047+0000] {logging_mixin.py:188} INFO - [2024-03-18T08:25:23.047+0000] {dagbag.py:540} INFO - Filling up the DagBag from /home/ubuntu/air_venv/lib/python3.10/site-packages/airflow/example_dags/example_external_task_marker_dag.py
[2024-03-18T08:25:23.055+0000] {processor.py:840} INFO - DAG(s) 'example_external_task_marker_parent', 'example_external_task_marker_child' retrieved from /home/ubuntu/air_venv/lib/python3.10/site-packages/airflow/example_dags/example_external_task_marker_dag.py
[2024-03-18T08:25:23.075+0000] {logging_mixin.py:188} INFO - [2024-03-18T08:25:23.075+0000] {dag.py:3047} INFO - Sync 2 DAGs
[2024-03-18T08:25:23.088+0000] {logging_mixin.py:188} INFO - [2024-03-18T08:25:23.088+0000] {dag.py:3834} INFO - Setting next_dagrun for example_external_task_marker_child to None, run_after=None
[2024-03-18T08:25:23.092+0000] {logging_mixin.py:188} INFO - [2024-03-18T08:25:23.092+0000] {dag.py:3834} INFO - Setting next_dagrun for example_external_task_marker_parent to None, run_after=None
[2024-03-18T08:25:23.115+0000] {processor.py:183} INFO - Processing /home/ubuntu/air_venv/lib/python3.10/site-packages/airflow/example_dags/example_external_task_marker_dag.py took 0.075 seconds
[2024-03-18T08:26:26.020+0000] {processor.py:161} INFO - Started process (PID=15404) to work on /home/ubuntu/air_venv/lib/python3.10/site-packages/airflow/example_dags/example_external_task_marker_dag.py
[2024-03-18T08:26:26.022+0000] {processor.py:830} INFO - Processing file /home/ubuntu/air_venv/lib/python3.10/site-packages/airflow/example_dags/example_external_task_marker_dag.py for tasks to queue
[2024-03-18T08:26:26.023+0000] {logging_mixin.py:188} INFO - [2024-03-18T08:26:26.023+0000] {dagbag.py:540} INFO - Filling up the DagBag from /home/ubuntu/air_venv/lib/python3.10/site-packages/airflow/example_dags/example_external_task_marker_dag.py
[2024-03-18T08:26:26.031+0000] {processor.py:840} INFO - DAG(s) 'example_external_task_marker_parent', 'example_external_task_marker_child' retrieved from /home/ubuntu/air_venv/lib/python3.10/site-packages/airflow/example_dags/example_external_task_marker_dag.py
[2024-03-18T08:26:26.052+0000] {logging_mixin.py:188} INFO - [2024-03-18T08:26:26.052+0000] {dag.py:3047} INFO - Sync 2 DAGs
[2024-03-18T08:26:26.065+0000] {logging_mixin.py:188} INFO - [2024-03-18T08:26:26.064+0000] {dag.py:3834} INFO - Setting next_dagrun for example_external_task_marker_child to None, run_after=None
[2024-03-18T08:26:26.069+0000] {logging_mixin.py:188} INFO - [2024-03-18T08:26:26.068+0000] {dag.py:3834} INFO - Setting next_dagrun for example_external_task_marker_parent to None, run_after=None
[2024-03-18T08:26:26.091+0000] {processor.py:183} INFO - Processing /home/ubuntu/air_venv/lib/python3.10/site-packages/airflow/example_dags/example_external_task_marker_dag.py took 0.075 seconds
[2024-03-18T08:27:27.346+0000] {processor.py:161} INFO - Started process (PID=15524) to work on /home/ubuntu/air_venv/lib/python3.10/site-packages/airflow/example_dags/example_external_task_marker_dag.py
[2024-03-18T08:27:27.349+0000] {processor.py:830} INFO - Processing file /home/ubuntu/air_venv/lib/python3.10/site-packages/airflow/example_dags/example_external_task_marker_dag.py for tasks to queue
[2024-03-18T08:27:27.350+0000] {logging_mixin.py:188} INFO - [2024-03-18T08:27:27.350+0000] {dagbag.py:540} INFO - Filling up the DagBag from /home/ubuntu/air_venv/lib/python3.10/site-packages/airflow/example_dags/example_external_task_marker_dag.py
[2024-03-18T08:27:27.357+0000] {processor.py:840} INFO - DAG(s) 'example_external_task_marker_parent', 'example_external_task_marker_child' retrieved from /home/ubuntu/air_venv/lib/python3.10/site-packages/airflow/example_dags/example_external_task_marker_dag.py
[2024-03-18T08:27:27.379+0000] {logging_mixin.py:188} INFO - [2024-03-18T08:27:27.379+0000] {dag.py:3047} INFO - Sync 2 DAGs
[2024-03-18T08:27:27.393+0000] {logging_mixin.py:188} INFO - [2024-03-18T08:27:27.392+0000] {dag.py:3834} INFO - Setting next_dagrun for example_external_task_marker_child to None, run_after=None
[2024-03-18T08:27:27.397+0000] {logging_mixin.py:188} INFO - [2024-03-18T08:27:27.397+0000] {dag.py:3834} INFO - Setting next_dagrun for example_external_task_marker_parent to None, run_after=None
[2024-03-18T08:27:27.420+0000] {processor.py:183} INFO - Processing /home/ubuntu/air_venv/lib/python3.10/site-packages/airflow/example_dags/example_external_task_marker_dag.py took 0.077 seconds
[2024-03-18T08:28:30.169+0000] {processor.py:161} INFO - Started process (PID=15645) to work on /home/ubuntu/air_venv/lib/python3.10/site-packages/airflow/example_dags/example_external_task_marker_dag.py
[2024-03-18T08:28:30.171+0000] {processor.py:830} INFO - Processing file /home/ubuntu/air_venv/lib/python3.10/site-packages/airflow/example_dags/example_external_task_marker_dag.py for tasks to queue
[2024-03-18T08:28:30.172+0000] {logging_mixin.py:188} INFO - [2024-03-18T08:28:30.172+0000] {dagbag.py:540} INFO - Filling up the DagBag from /home/ubuntu/air_venv/lib/python3.10/site-packages/airflow/example_dags/example_external_task_marker_dag.py
[2024-03-18T08:28:30.180+0000] {processor.py:840} INFO - DAG(s) 'example_external_task_marker_parent', 'example_external_task_marker_child' retrieved from /home/ubuntu/air_venv/lib/python3.10/site-packages/airflow/example_dags/example_external_task_marker_dag.py
[2024-03-18T08:28:30.208+0000] {logging_mixin.py:188} INFO - [2024-03-18T08:28:30.208+0000] {dag.py:3047} INFO - Sync 2 DAGs
[2024-03-18T08:28:30.230+0000] {logging_mixin.py:188} INFO - [2024-03-18T08:28:30.230+0000] {dag.py:3834} INFO - Setting next_dagrun for example_external_task_marker_child to None, run_after=None
[2024-03-18T08:28:30.234+0000] {logging_mixin.py:188} INFO - [2024-03-18T08:28:30.234+0000] {dag.py:3834} INFO - Setting next_dagrun for example_external_task_marker_parent to None, run_after=None
[2024-03-18T08:28:30.258+0000] {processor.py:183} INFO - Processing /home/ubuntu/air_venv/lib/python3.10/site-packages/airflow/example_dags/example_external_task_marker_dag.py took 0.092 seconds
[2024-03-18T08:29:34.798+0000] {processor.py:161} INFO - Started process (PID=15767) to work on /home/ubuntu/air_venv/lib/python3.10/site-packages/airflow/example_dags/example_external_task_marker_dag.py
[2024-03-18T08:29:34.801+0000] {processor.py:830} INFO - Processing file /home/ubuntu/air_venv/lib/python3.10/site-packages/airflow/example_dags/example_external_task_marker_dag.py for tasks to queue
[2024-03-18T08:29:34.802+0000] {logging_mixin.py:188} INFO - [2024-03-18T08:29:34.801+0000] {dagbag.py:540} INFO - Filling up the DagBag from /home/ubuntu/air_venv/lib/python3.10/site-packages/airflow/example_dags/example_external_task_marker_dag.py
[2024-03-18T08:29:34.809+0000] {processor.py:840} INFO - DAG(s) 'example_external_task_marker_child', 'example_external_task_marker_parent' retrieved from /home/ubuntu/air_venv/lib/python3.10/site-packages/airflow/example_dags/example_external_task_marker_dag.py
[2024-03-18T08:29:34.831+0000] {logging_mixin.py:188} INFO - [2024-03-18T08:29:34.831+0000] {dag.py:3047} INFO - Sync 2 DAGs
[2024-03-18T08:29:34.844+0000] {logging_mixin.py:188} INFO - [2024-03-18T08:29:34.844+0000] {dag.py:3834} INFO - Setting next_dagrun for example_external_task_marker_child to None, run_after=None
[2024-03-18T08:29:34.848+0000] {logging_mixin.py:188} INFO - [2024-03-18T08:29:34.848+0000] {dag.py:3834} INFO - Setting next_dagrun for example_external_task_marker_parent to None, run_after=None
[2024-03-18T08:29:34.871+0000] {processor.py:183} INFO - Processing /home/ubuntu/air_venv/lib/python3.10/site-packages/airflow/example_dags/example_external_task_marker_dag.py took 0.076 seconds
