[2024-03-18T08:00:23.652+0000] {processor.py:161} INFO - Started process (PID=3107) to work on /home/ubuntu/air_venv/lib/python3.10/site-packages/airflow/example_dags/example_nested_branch_dag.py
[2024-03-18T08:00:23.654+0000] {processor.py:830} INFO - Processing file /home/ubuntu/air_venv/lib/python3.10/site-packages/airflow/example_dags/example_nested_branch_dag.py for tasks to queue
[2024-03-18T08:00:23.655+0000] {logging_mixin.py:188} INFO - [2024-03-18T08:00:23.654+0000] {dagbag.py:540} INFO - Filling up the DagBag from /home/ubuntu/air_venv/lib/python3.10/site-packages/airflow/example_dags/example_nested_branch_dag.py
[2024-03-18T08:00:23.667+0000] {processor.py:840} INFO - DAG(s) 'example_nested_branch_dag' retrieved from /home/ubuntu/air_venv/lib/python3.10/site-packages/airflow/example_dags/example_nested_branch_dag.py
[2024-03-18T08:00:23.791+0000] {logging_mixin.py:188} INFO - [2024-03-18T08:00:23.790+0000] {override.py:1769} INFO - Created Permission View: can edit on DAG:example_nested_branch_dag
[2024-03-18T08:00:23.807+0000] {logging_mixin.py:188} INFO - [2024-03-18T08:00:23.806+0000] {override.py:1769} INFO - Created Permission View: can delete on DAG:example_nested_branch_dag
[2024-03-18T08:00:23.818+0000] {logging_mixin.py:188} INFO - [2024-03-18T08:00:23.818+0000] {override.py:1769} INFO - Created Permission View: can read on DAG:example_nested_branch_dag
[2024-03-18T08:00:23.819+0000] {logging_mixin.py:188} INFO - [2024-03-18T08:00:23.819+0000] {dag.py:3047} INFO - Sync 1 DAGs
[2024-03-18T08:00:23.831+0000] {logging_mixin.py:188} INFO - [2024-03-18T08:00:23.831+0000] {dag.py:3069} INFO - Creating ORM DAG for example_nested_branch_dag
[2024-03-18T08:00:23.844+0000] {logging_mixin.py:188} INFO - [2024-03-18T08:00:23.844+0000] {dag.py:3834} INFO - Setting next_dagrun for example_nested_branch_dag to 2024-03-17 00:00:00+00:00, run_after=2024-03-18 00:00:00+00:00
[2024-03-18T08:00:24.014+0000] {processor.py:183} INFO - Processing /home/ubuntu/air_venv/lib/python3.10/site-packages/airflow/example_dags/example_nested_branch_dag.py took 0.365 seconds
[2024-03-18T08:01:18.375+0000] {processor.py:161} INFO - Started process (PID=3461) to work on /home/ubuntu/air_venv/lib/python3.10/site-packages/airflow/example_dags/example_nested_branch_dag.py
[2024-03-18T08:01:18.376+0000] {processor.py:830} INFO - Processing file /home/ubuntu/air_venv/lib/python3.10/site-packages/airflow/example_dags/example_nested_branch_dag.py for tasks to queue
[2024-03-18T08:01:18.378+0000] {logging_mixin.py:188} INFO - [2024-03-18T08:01:18.377+0000] {dagbag.py:540} INFO - Filling up the DagBag from /home/ubuntu/air_venv/lib/python3.10/site-packages/airflow/example_dags/example_nested_branch_dag.py
[2024-03-18T08:01:18.400+0000] {processor.py:840} INFO - DAG(s) 'example_nested_branch_dag' retrieved from /home/ubuntu/air_venv/lib/python3.10/site-packages/airflow/example_dags/example_nested_branch_dag.py
[2024-03-18T08:01:18.445+0000] {logging_mixin.py:188} INFO - [2024-03-18T08:01:18.444+0000] {dag.py:3047} INFO - Sync 1 DAGs
[2024-03-18T08:01:18.500+0000] {logging_mixin.py:188} INFO - [2024-03-18T08:01:18.500+0000] {dag.py:3834} INFO - Setting next_dagrun for example_nested_branch_dag to 2024-03-17 00:00:00+00:00, run_after=2024-03-18 00:00:00+00:00
[2024-03-18T08:01:18.524+0000] {processor.py:183} INFO - Processing /home/ubuntu/air_venv/lib/python3.10/site-packages/airflow/example_dags/example_nested_branch_dag.py took 0.153 seconds
[2024-03-18T08:02:13.119+0000] {processor.py:161} INFO - Started process (PID=4111) to work on /home/ubuntu/air_venv/lib/python3.10/site-packages/airflow/example_dags/example_nested_branch_dag.py
[2024-03-18T08:02:13.121+0000] {processor.py:830} INFO - Processing file /home/ubuntu/air_venv/lib/python3.10/site-packages/airflow/example_dags/example_nested_branch_dag.py for tasks to queue
[2024-03-18T08:02:13.122+0000] {logging_mixin.py:188} INFO - [2024-03-18T08:02:13.122+0000] {dagbag.py:540} INFO - Filling up the DagBag from /home/ubuntu/air_venv/lib/python3.10/site-packages/airflow/example_dags/example_nested_branch_dag.py
[2024-03-18T08:02:13.136+0000] {processor.py:840} INFO - DAG(s) 'example_nested_branch_dag' retrieved from /home/ubuntu/air_venv/lib/python3.10/site-packages/airflow/example_dags/example_nested_branch_dag.py
[2024-03-18T08:02:13.155+0000] {logging_mixin.py:188} INFO - [2024-03-18T08:02:13.155+0000] {dag.py:3047} INFO - Sync 1 DAGs
[2024-03-18T08:02:13.337+0000] {logging_mixin.py:188} INFO - [2024-03-18T08:02:13.337+0000] {dag.py:3834} INFO - Setting next_dagrun for example_nested_branch_dag to 2024-03-17 00:00:00+00:00, run_after=2024-03-18 00:00:00+00:00
[2024-03-18T08:02:13.362+0000] {processor.py:183} INFO - Processing /home/ubuntu/air_venv/lib/python3.10/site-packages/airflow/example_dags/example_nested_branch_dag.py took 0.246 seconds
[2024-03-18T08:03:09.008+0000] {processor.py:161} INFO - Started process (PID=4462) to work on /home/ubuntu/air_venv/lib/python3.10/site-packages/airflow/example_dags/example_nested_branch_dag.py
[2024-03-18T08:03:09.010+0000] {processor.py:830} INFO - Processing file /home/ubuntu/air_venv/lib/python3.10/site-packages/airflow/example_dags/example_nested_branch_dag.py for tasks to queue
[2024-03-18T08:03:09.011+0000] {logging_mixin.py:188} INFO - [2024-03-18T08:03:09.011+0000] {dagbag.py:540} INFO - Filling up the DagBag from /home/ubuntu/air_venv/lib/python3.10/site-packages/airflow/example_dags/example_nested_branch_dag.py
[2024-03-18T08:03:09.024+0000] {processor.py:840} INFO - DAG(s) 'example_nested_branch_dag' retrieved from /home/ubuntu/air_venv/lib/python3.10/site-packages/airflow/example_dags/example_nested_branch_dag.py
[2024-03-18T08:03:09.044+0000] {logging_mixin.py:188} INFO - [2024-03-18T08:03:09.043+0000] {dag.py:3047} INFO - Sync 1 DAGs
[2024-03-18T08:03:09.068+0000] {logging_mixin.py:188} INFO - [2024-03-18T08:03:09.067+0000] {dag.py:3834} INFO - Setting next_dagrun for example_nested_branch_dag to 2024-03-17 00:00:00+00:00, run_after=2024-03-18 00:00:00+00:00
[2024-03-18T08:03:09.095+0000] {processor.py:183} INFO - Processing /home/ubuntu/air_venv/lib/python3.10/site-packages/airflow/example_dags/example_nested_branch_dag.py took 0.090 seconds
[2024-03-18T08:03:54.210+0000] {processor.py:161} INFO - Started process (PID=4749) to work on /home/ubuntu/air_venv/lib/python3.10/site-packages/airflow/example_dags/example_nested_branch_dag.py
[2024-03-18T08:03:54.212+0000] {processor.py:830} INFO - Processing file /home/ubuntu/air_venv/lib/python3.10/site-packages/airflow/example_dags/example_nested_branch_dag.py for tasks to queue
[2024-03-18T08:03:54.213+0000] {logging_mixin.py:188} INFO - [2024-03-18T08:03:54.213+0000] {dagbag.py:540} INFO - Filling up the DagBag from /home/ubuntu/air_venv/lib/python3.10/site-packages/airflow/example_dags/example_nested_branch_dag.py
[2024-03-18T08:03:54.245+0000] {processor.py:840} INFO - DAG(s) 'example_nested_branch_dag' retrieved from /home/ubuntu/air_venv/lib/python3.10/site-packages/airflow/example_dags/example_nested_branch_dag.py
[2024-03-18T08:03:54.318+0000] {logging_mixin.py:188} INFO - [2024-03-18T08:03:54.317+0000] {dag.py:3047} INFO - Sync 1 DAGs
[2024-03-18T08:03:54.407+0000] {logging_mixin.py:188} INFO - [2024-03-18T08:03:54.407+0000] {dag.py:3834} INFO - Setting next_dagrun for example_nested_branch_dag to 2024-03-17 00:00:00+00:00, run_after=2024-03-18 00:00:00+00:00
[2024-03-18T08:03:54.433+0000] {processor.py:183} INFO - Processing /home/ubuntu/air_venv/lib/python3.10/site-packages/airflow/example_dags/example_nested_branch_dag.py took 0.227 seconds
[2024-03-18T08:05:07.578+0000] {processor.py:161} INFO - Started process (PID=5303) to work on /home/ubuntu/air_venv/lib/python3.10/site-packages/airflow/example_dags/example_nested_branch_dag.py
[2024-03-18T08:05:07.580+0000] {processor.py:830} INFO - Processing file /home/ubuntu/air_venv/lib/python3.10/site-packages/airflow/example_dags/example_nested_branch_dag.py for tasks to queue
[2024-03-18T08:05:07.582+0000] {logging_mixin.py:188} INFO - [2024-03-18T08:05:07.581+0000] {dagbag.py:540} INFO - Filling up the DagBag from /home/ubuntu/air_venv/lib/python3.10/site-packages/airflow/example_dags/example_nested_branch_dag.py
[2024-03-18T08:05:07.608+0000] {processor.py:840} INFO - DAG(s) 'example_nested_branch_dag' retrieved from /home/ubuntu/air_venv/lib/python3.10/site-packages/airflow/example_dags/example_nested_branch_dag.py
[2024-03-18T08:05:07.655+0000] {logging_mixin.py:188} INFO - [2024-03-18T08:05:07.655+0000] {dag.py:3047} INFO - Sync 1 DAGs
[2024-03-18T08:05:07.737+0000] {logging_mixin.py:188} INFO - [2024-03-18T08:05:07.736+0000] {dag.py:3834} INFO - Setting next_dagrun for example_nested_branch_dag to 2024-03-17 00:00:00+00:00, run_after=2024-03-18 00:00:00+00:00
[2024-03-18T08:05:07.801+0000] {processor.py:183} INFO - Processing /home/ubuntu/air_venv/lib/python3.10/site-packages/airflow/example_dags/example_nested_branch_dag.py took 0.231 seconds
[2024-03-18T08:05:56.872+0000] {processor.py:161} INFO - Started process (PID=5893) to work on /home/ubuntu/air_venv/lib/python3.10/site-packages/airflow/example_dags/example_nested_branch_dag.py
[2024-03-18T08:05:56.874+0000] {processor.py:830} INFO - Processing file /home/ubuntu/air_venv/lib/python3.10/site-packages/airflow/example_dags/example_nested_branch_dag.py for tasks to queue
[2024-03-18T08:05:56.875+0000] {logging_mixin.py:188} INFO - [2024-03-18T08:05:56.875+0000] {dagbag.py:540} INFO - Filling up the DagBag from /home/ubuntu/air_venv/lib/python3.10/site-packages/airflow/example_dags/example_nested_branch_dag.py
[2024-03-18T08:05:56.887+0000] {processor.py:840} INFO - DAG(s) 'example_nested_branch_dag' retrieved from /home/ubuntu/air_venv/lib/python3.10/site-packages/airflow/example_dags/example_nested_branch_dag.py
[2024-03-18T08:05:56.906+0000] {logging_mixin.py:188} INFO - [2024-03-18T08:05:56.906+0000] {dag.py:3047} INFO - Sync 1 DAGs
[2024-03-18T08:05:56.950+0000] {logging_mixin.py:188} INFO - [2024-03-18T08:05:56.950+0000] {dag.py:3834} INFO - Setting next_dagrun for example_nested_branch_dag to 2024-03-17 00:00:00+00:00, run_after=2024-03-18 00:00:00+00:00
[2024-03-18T08:05:56.975+0000] {processor.py:183} INFO - Processing /home/ubuntu/air_venv/lib/python3.10/site-packages/airflow/example_dags/example_nested_branch_dag.py took 0.107 seconds
[2024-03-18T08:07:28.918+0000] {processor.py:161} INFO - Started process (PID=7068) to work on /home/ubuntu/air_venv/lib/python3.10/site-packages/airflow/example_dags/example_nested_branch_dag.py
[2024-03-18T08:07:28.922+0000] {processor.py:830} INFO - Processing file /home/ubuntu/air_venv/lib/python3.10/site-packages/airflow/example_dags/example_nested_branch_dag.py for tasks to queue
[2024-03-18T08:07:28.923+0000] {logging_mixin.py:188} INFO - [2024-03-18T08:07:28.922+0000] {dagbag.py:540} INFO - Filling up the DagBag from /home/ubuntu/air_venv/lib/python3.10/site-packages/airflow/example_dags/example_nested_branch_dag.py
[2024-03-18T08:07:28.935+0000] {processor.py:840} INFO - DAG(s) 'example_nested_branch_dag' retrieved from /home/ubuntu/air_venv/lib/python3.10/site-packages/airflow/example_dags/example_nested_branch_dag.py
[2024-03-18T08:07:28.954+0000] {logging_mixin.py:188} INFO - [2024-03-18T08:07:28.954+0000] {dag.py:3047} INFO - Sync 1 DAGs
[2024-03-18T08:07:28.978+0000] {logging_mixin.py:188} INFO - [2024-03-18T08:07:28.978+0000] {dag.py:3834} INFO - Setting next_dagrun for example_nested_branch_dag to 2024-03-17 00:00:00+00:00, run_after=2024-03-18 00:00:00+00:00
[2024-03-18T08:07:29.004+0000] {processor.py:183} INFO - Processing /home/ubuntu/air_venv/lib/python3.10/site-packages/airflow/example_dags/example_nested_branch_dag.py took 0.089 seconds
[2024-03-18T08:08:22.896+0000] {processor.py:161} INFO - Started process (PID=7239) to work on /home/ubuntu/air_venv/lib/python3.10/site-packages/airflow/example_dags/example_nested_branch_dag.py
[2024-03-18T08:08:22.898+0000] {processor.py:830} INFO - Processing file /home/ubuntu/air_venv/lib/python3.10/site-packages/airflow/example_dags/example_nested_branch_dag.py for tasks to queue
[2024-03-18T08:08:22.899+0000] {logging_mixin.py:188} INFO - [2024-03-18T08:08:22.899+0000] {dagbag.py:540} INFO - Filling up the DagBag from /home/ubuntu/air_venv/lib/python3.10/site-packages/airflow/example_dags/example_nested_branch_dag.py
[2024-03-18T08:08:22.911+0000] {processor.py:840} INFO - DAG(s) 'example_nested_branch_dag' retrieved from /home/ubuntu/air_venv/lib/python3.10/site-packages/airflow/example_dags/example_nested_branch_dag.py
[2024-03-18T08:08:22.931+0000] {logging_mixin.py:188} INFO - [2024-03-18T08:08:22.930+0000] {dag.py:3047} INFO - Sync 1 DAGs
[2024-03-18T08:08:22.954+0000] {logging_mixin.py:188} INFO - [2024-03-18T08:08:22.953+0000] {dag.py:3834} INFO - Setting next_dagrun for example_nested_branch_dag to 2024-03-17 00:00:00+00:00, run_after=2024-03-18 00:00:00+00:00
[2024-03-18T08:08:22.995+0000] {processor.py:183} INFO - Processing /home/ubuntu/air_venv/lib/python3.10/site-packages/airflow/example_dags/example_nested_branch_dag.py took 0.102 seconds
[2024-03-18T08:09:30.765+0000] {processor.py:161} INFO - Started process (PID=7857) to work on /home/ubuntu/air_venv/lib/python3.10/site-packages/airflow/example_dags/example_nested_branch_dag.py
[2024-03-18T08:09:30.767+0000] {processor.py:830} INFO - Processing file /home/ubuntu/air_venv/lib/python3.10/site-packages/airflow/example_dags/example_nested_branch_dag.py for tasks to queue
[2024-03-18T08:09:30.768+0000] {logging_mixin.py:188} INFO - [2024-03-18T08:09:30.768+0000] {dagbag.py:540} INFO - Filling up the DagBag from /home/ubuntu/air_venv/lib/python3.10/site-packages/airflow/example_dags/example_nested_branch_dag.py
[2024-03-18T08:09:30.780+0000] {processor.py:840} INFO - DAG(s) 'example_nested_branch_dag' retrieved from /home/ubuntu/air_venv/lib/python3.10/site-packages/airflow/example_dags/example_nested_branch_dag.py
[2024-03-18T08:09:30.799+0000] {logging_mixin.py:188} INFO - [2024-03-18T08:09:30.799+0000] {dag.py:3047} INFO - Sync 1 DAGs
[2024-03-18T08:09:30.823+0000] {logging_mixin.py:188} INFO - [2024-03-18T08:09:30.823+0000] {dag.py:3834} INFO - Setting next_dagrun for example_nested_branch_dag to 2024-03-17 00:00:00+00:00, run_after=2024-03-18 00:00:00+00:00
[2024-03-18T08:09:30.849+0000] {processor.py:183} INFO - Processing /home/ubuntu/air_venv/lib/python3.10/site-packages/airflow/example_dags/example_nested_branch_dag.py took 0.087 seconds
[2024-03-18T08:10:31.592+0000] {processor.py:161} INFO - Started process (PID=8278) to work on /home/ubuntu/air_venv/lib/python3.10/site-packages/airflow/example_dags/example_nested_branch_dag.py
[2024-03-18T08:10:31.594+0000] {processor.py:830} INFO - Processing file /home/ubuntu/air_venv/lib/python3.10/site-packages/airflow/example_dags/example_nested_branch_dag.py for tasks to queue
[2024-03-18T08:10:31.595+0000] {logging_mixin.py:188} INFO - [2024-03-18T08:10:31.595+0000] {dagbag.py:540} INFO - Filling up the DagBag from /home/ubuntu/air_venv/lib/python3.10/site-packages/airflow/example_dags/example_nested_branch_dag.py
[2024-03-18T08:10:31.607+0000] {processor.py:840} INFO - DAG(s) 'example_nested_branch_dag' retrieved from /home/ubuntu/air_venv/lib/python3.10/site-packages/airflow/example_dags/example_nested_branch_dag.py
[2024-03-18T08:10:31.627+0000] {logging_mixin.py:188} INFO - [2024-03-18T08:10:31.626+0000] {dag.py:3047} INFO - Sync 1 DAGs
[2024-03-18T08:10:31.650+0000] {logging_mixin.py:188} INFO - [2024-03-18T08:10:31.650+0000] {dag.py:3834} INFO - Setting next_dagrun for example_nested_branch_dag to 2024-03-17 00:00:00+00:00, run_after=2024-03-18 00:00:00+00:00
[2024-03-18T08:10:31.677+0000] {processor.py:183} INFO - Processing /home/ubuntu/air_venv/lib/python3.10/site-packages/airflow/example_dags/example_nested_branch_dag.py took 0.088 seconds
[2024-03-18T08:11:34.540+0000] {processor.py:161} INFO - Started process (PID=8820) to work on /home/ubuntu/air_venv/lib/python3.10/site-packages/airflow/example_dags/example_nested_branch_dag.py
[2024-03-18T08:11:34.542+0000] {processor.py:830} INFO - Processing file /home/ubuntu/air_venv/lib/python3.10/site-packages/airflow/example_dags/example_nested_branch_dag.py for tasks to queue
[2024-03-18T08:11:34.543+0000] {logging_mixin.py:188} INFO - [2024-03-18T08:11:34.543+0000] {dagbag.py:540} INFO - Filling up the DagBag from /home/ubuntu/air_venv/lib/python3.10/site-packages/airflow/example_dags/example_nested_branch_dag.py
[2024-03-18T08:11:34.555+0000] {processor.py:840} INFO - DAG(s) 'example_nested_branch_dag' retrieved from /home/ubuntu/air_venv/lib/python3.10/site-packages/airflow/example_dags/example_nested_branch_dag.py
[2024-03-18T08:11:34.574+0000] {logging_mixin.py:188} INFO - [2024-03-18T08:11:34.574+0000] {dag.py:3047} INFO - Sync 1 DAGs
[2024-03-18T08:11:34.604+0000] {logging_mixin.py:188} INFO - [2024-03-18T08:11:34.603+0000] {dag.py:3834} INFO - Setting next_dagrun for example_nested_branch_dag to 2024-03-17 00:00:00+00:00, run_after=2024-03-18 00:00:00+00:00
[2024-03-18T08:11:34.629+0000] {processor.py:183} INFO - Processing /home/ubuntu/air_venv/lib/python3.10/site-packages/airflow/example_dags/example_nested_branch_dag.py took 0.092 seconds
[2024-03-18T08:12:34.147+0000] {processor.py:161} INFO - Started process (PID=9182) to work on /home/ubuntu/air_venv/lib/python3.10/site-packages/airflow/example_dags/example_nested_branch_dag.py
[2024-03-18T08:12:34.149+0000] {processor.py:830} INFO - Processing file /home/ubuntu/air_venv/lib/python3.10/site-packages/airflow/example_dags/example_nested_branch_dag.py for tasks to queue
[2024-03-18T08:12:34.151+0000] {logging_mixin.py:188} INFO - [2024-03-18T08:12:34.150+0000] {dagbag.py:540} INFO - Filling up the DagBag from /home/ubuntu/air_venv/lib/python3.10/site-packages/airflow/example_dags/example_nested_branch_dag.py
[2024-03-18T08:12:34.169+0000] {processor.py:840} INFO - DAG(s) 'example_nested_branch_dag' retrieved from /home/ubuntu/air_venv/lib/python3.10/site-packages/airflow/example_dags/example_nested_branch_dag.py
[2024-03-18T08:12:34.189+0000] {logging_mixin.py:188} INFO - [2024-03-18T08:12:34.188+0000] {dag.py:3047} INFO - Sync 1 DAGs
[2024-03-18T08:12:34.211+0000] {logging_mixin.py:188} INFO - [2024-03-18T08:12:34.211+0000] {dag.py:3834} INFO - Setting next_dagrun for example_nested_branch_dag to 2024-03-17 00:00:00+00:00, run_after=2024-03-18 00:00:00+00:00
[2024-03-18T08:12:34.236+0000] {processor.py:183} INFO - Processing /home/ubuntu/air_venv/lib/python3.10/site-packages/airflow/example_dags/example_nested_branch_dag.py took 0.092 seconds
[2024-03-18T08:13:42.026+0000] {processor.py:161} INFO - Started process (PID=9609) to work on /home/ubuntu/air_venv/lib/python3.10/site-packages/airflow/example_dags/example_nested_branch_dag.py
[2024-03-18T08:13:42.029+0000] {processor.py:830} INFO - Processing file /home/ubuntu/air_venv/lib/python3.10/site-packages/airflow/example_dags/example_nested_branch_dag.py for tasks to queue
[2024-03-18T08:13:42.030+0000] {logging_mixin.py:188} INFO - [2024-03-18T08:13:42.029+0000] {dagbag.py:540} INFO - Filling up the DagBag from /home/ubuntu/air_venv/lib/python3.10/site-packages/airflow/example_dags/example_nested_branch_dag.py
[2024-03-18T08:13:42.042+0000] {processor.py:840} INFO - DAG(s) 'example_nested_branch_dag' retrieved from /home/ubuntu/air_venv/lib/python3.10/site-packages/airflow/example_dags/example_nested_branch_dag.py
[2024-03-18T08:13:42.064+0000] {logging_mixin.py:188} INFO - [2024-03-18T08:13:42.063+0000] {dag.py:3047} INFO - Sync 1 DAGs
[2024-03-18T08:13:42.089+0000] {logging_mixin.py:188} INFO - [2024-03-18T08:13:42.089+0000] {dag.py:3834} INFO - Setting next_dagrun for example_nested_branch_dag to 2024-03-17 00:00:00+00:00, run_after=2024-03-18 00:00:00+00:00
[2024-03-18T08:13:42.115+0000] {processor.py:183} INFO - Processing /home/ubuntu/air_venv/lib/python3.10/site-packages/airflow/example_dags/example_nested_branch_dag.py took 0.093 seconds
[2024-03-18T08:15:11.725+0000] {processor.py:161} INFO - Started process (PID=10302) to work on /home/ubuntu/air_venv/lib/python3.10/site-packages/airflow/example_dags/example_nested_branch_dag.py
[2024-03-18T08:15:11.727+0000] {processor.py:830} INFO - Processing file /home/ubuntu/air_venv/lib/python3.10/site-packages/airflow/example_dags/example_nested_branch_dag.py for tasks to queue
[2024-03-18T08:15:11.729+0000] {logging_mixin.py:188} INFO - [2024-03-18T08:15:11.728+0000] {dagbag.py:540} INFO - Filling up the DagBag from /home/ubuntu/air_venv/lib/python3.10/site-packages/airflow/example_dags/example_nested_branch_dag.py
[2024-03-18T08:15:11.746+0000] {processor.py:840} INFO - DAG(s) 'example_nested_branch_dag' retrieved from /home/ubuntu/air_venv/lib/python3.10/site-packages/airflow/example_dags/example_nested_branch_dag.py
[2024-03-18T08:15:11.768+0000] {logging_mixin.py:188} INFO - [2024-03-18T08:15:11.768+0000] {dag.py:3047} INFO - Sync 1 DAGs
[2024-03-18T08:15:11.797+0000] {logging_mixin.py:188} INFO - [2024-03-18T08:15:11.796+0000] {dag.py:3834} INFO - Setting next_dagrun for example_nested_branch_dag to 2024-03-17 00:00:00+00:00, run_after=2024-03-18 00:00:00+00:00
[2024-03-18T08:15:11.828+0000] {processor.py:183} INFO - Processing /home/ubuntu/air_venv/lib/python3.10/site-packages/airflow/example_dags/example_nested_branch_dag.py took 0.108 seconds
[2024-03-18T08:16:07.799+0000] {processor.py:161} INFO - Started process (PID=10958) to work on /home/ubuntu/air_venv/lib/python3.10/site-packages/airflow/example_dags/example_nested_branch_dag.py
[2024-03-18T08:16:07.801+0000] {processor.py:830} INFO - Processing file /home/ubuntu/air_venv/lib/python3.10/site-packages/airflow/example_dags/example_nested_branch_dag.py for tasks to queue
[2024-03-18T08:16:07.802+0000] {logging_mixin.py:188} INFO - [2024-03-18T08:16:07.802+0000] {dagbag.py:540} INFO - Filling up the DagBag from /home/ubuntu/air_venv/lib/python3.10/site-packages/airflow/example_dags/example_nested_branch_dag.py
[2024-03-18T08:16:07.814+0000] {processor.py:840} INFO - DAG(s) 'example_nested_branch_dag' retrieved from /home/ubuntu/air_venv/lib/python3.10/site-packages/airflow/example_dags/example_nested_branch_dag.py
[2024-03-18T08:16:07.833+0000] {logging_mixin.py:188} INFO - [2024-03-18T08:16:07.833+0000] {dag.py:3047} INFO - Sync 1 DAGs
[2024-03-18T08:16:07.856+0000] {logging_mixin.py:188} INFO - [2024-03-18T08:16:07.856+0000] {dag.py:3834} INFO - Setting next_dagrun for example_nested_branch_dag to 2024-03-17 00:00:00+00:00, run_after=2024-03-18 00:00:00+00:00
[2024-03-18T08:16:07.883+0000] {processor.py:183} INFO - Processing /home/ubuntu/air_venv/lib/python3.10/site-packages/airflow/example_dags/example_nested_branch_dag.py took 0.087 seconds
[2024-03-18T08:16:54.498+0000] {processor.py:161} INFO - Started process (PID=11509) to work on /home/ubuntu/air_venv/lib/python3.10/site-packages/airflow/example_dags/example_nested_branch_dag.py
[2024-03-18T08:16:54.503+0000] {processor.py:830} INFO - Processing file /home/ubuntu/air_venv/lib/python3.10/site-packages/airflow/example_dags/example_nested_branch_dag.py for tasks to queue
[2024-03-18T08:16:54.504+0000] {logging_mixin.py:188} INFO - [2024-03-18T08:16:54.504+0000] {dagbag.py:540} INFO - Filling up the DagBag from /home/ubuntu/air_venv/lib/python3.10/site-packages/airflow/example_dags/example_nested_branch_dag.py
[2024-03-18T08:16:54.522+0000] {processor.py:840} INFO - DAG(s) 'example_nested_branch_dag' retrieved from /home/ubuntu/air_venv/lib/python3.10/site-packages/airflow/example_dags/example_nested_branch_dag.py
[2024-03-18T08:16:54.545+0000] {logging_mixin.py:188} INFO - [2024-03-18T08:16:54.545+0000] {dag.py:3047} INFO - Sync 1 DAGs
[2024-03-18T08:16:54.567+0000] {logging_mixin.py:188} INFO - [2024-03-18T08:16:54.567+0000] {dag.py:3834} INFO - Setting next_dagrun for example_nested_branch_dag to 2024-03-17 00:00:00+00:00, run_after=2024-03-18 00:00:00+00:00
[2024-03-18T08:16:54.606+0000] {processor.py:183} INFO - Processing /home/ubuntu/air_venv/lib/python3.10/site-packages/airflow/example_dags/example_nested_branch_dag.py took 0.117 seconds
[2024-03-18T08:18:24.897+0000] {processor.py:161} INFO - Started process (PID=12476) to work on /home/ubuntu/air_venv/lib/python3.10/site-packages/airflow/example_dags/example_nested_branch_dag.py
[2024-03-18T08:18:24.899+0000] {processor.py:830} INFO - Processing file /home/ubuntu/air_venv/lib/python3.10/site-packages/airflow/example_dags/example_nested_branch_dag.py for tasks to queue
[2024-03-18T08:18:24.900+0000] {logging_mixin.py:188} INFO - [2024-03-18T08:18:24.899+0000] {dagbag.py:540} INFO - Filling up the DagBag from /home/ubuntu/air_venv/lib/python3.10/site-packages/airflow/example_dags/example_nested_branch_dag.py
[2024-03-18T08:18:24.912+0000] {processor.py:840} INFO - DAG(s) 'example_nested_branch_dag' retrieved from /home/ubuntu/air_venv/lib/python3.10/site-packages/airflow/example_dags/example_nested_branch_dag.py
[2024-03-18T08:18:24.940+0000] {logging_mixin.py:188} INFO - [2024-03-18T08:18:24.940+0000] {dag.py:3047} INFO - Sync 1 DAGs
[2024-03-18T08:18:24.970+0000] {logging_mixin.py:188} INFO - [2024-03-18T08:18:24.970+0000] {dag.py:3834} INFO - Setting next_dagrun for example_nested_branch_dag to 2024-03-17 00:00:00+00:00, run_after=2024-03-18 00:00:00+00:00
[2024-03-18T08:18:24.996+0000] {processor.py:183} INFO - Processing /home/ubuntu/air_venv/lib/python3.10/site-packages/airflow/example_dags/example_nested_branch_dag.py took 0.103 seconds
[2024-03-18T08:19:17.278+0000] {processor.py:161} INFO - Started process (PID=12706) to work on /home/ubuntu/air_venv/lib/python3.10/site-packages/airflow/example_dags/example_nested_branch_dag.py
[2024-03-18T08:19:17.279+0000] {processor.py:830} INFO - Processing file /home/ubuntu/air_venv/lib/python3.10/site-packages/airflow/example_dags/example_nested_branch_dag.py for tasks to queue
[2024-03-18T08:19:17.281+0000] {logging_mixin.py:188} INFO - [2024-03-18T08:19:17.280+0000] {dagbag.py:540} INFO - Filling up the DagBag from /home/ubuntu/air_venv/lib/python3.10/site-packages/airflow/example_dags/example_nested_branch_dag.py
[2024-03-18T08:19:17.293+0000] {processor.py:840} INFO - DAG(s) 'example_nested_branch_dag' retrieved from /home/ubuntu/air_venv/lib/python3.10/site-packages/airflow/example_dags/example_nested_branch_dag.py
[2024-03-18T08:19:17.313+0000] {logging_mixin.py:188} INFO - [2024-03-18T08:19:17.313+0000] {dag.py:3047} INFO - Sync 1 DAGs
[2024-03-18T08:19:17.338+0000] {logging_mixin.py:188} INFO - [2024-03-18T08:19:17.337+0000] {dag.py:3834} INFO - Setting next_dagrun for example_nested_branch_dag to 2024-03-17 00:00:00+00:00, run_after=2024-03-18 00:00:00+00:00
[2024-03-18T08:19:17.366+0000] {processor.py:183} INFO - Processing /home/ubuntu/air_venv/lib/python3.10/site-packages/airflow/example_dags/example_nested_branch_dag.py took 0.092 seconds
[2024-03-18T08:20:14.075+0000] {processor.py:161} INFO - Started process (PID=13240) to work on /home/ubuntu/air_venv/lib/python3.10/site-packages/airflow/example_dags/example_nested_branch_dag.py
[2024-03-18T08:20:14.077+0000] {processor.py:830} INFO - Processing file /home/ubuntu/air_venv/lib/python3.10/site-packages/airflow/example_dags/example_nested_branch_dag.py for tasks to queue
[2024-03-18T08:20:14.079+0000] {logging_mixin.py:188} INFO - [2024-03-18T08:20:14.078+0000] {dagbag.py:540} INFO - Filling up the DagBag from /home/ubuntu/air_venv/lib/python3.10/site-packages/airflow/example_dags/example_nested_branch_dag.py
[2024-03-18T08:20:14.091+0000] {processor.py:840} INFO - DAG(s) 'example_nested_branch_dag' retrieved from /home/ubuntu/air_venv/lib/python3.10/site-packages/airflow/example_dags/example_nested_branch_dag.py
[2024-03-18T08:20:14.110+0000] {logging_mixin.py:188} INFO - [2024-03-18T08:20:14.110+0000] {dag.py:3047} INFO - Sync 1 DAGs
[2024-03-18T08:20:14.134+0000] {logging_mixin.py:188} INFO - [2024-03-18T08:20:14.134+0000] {dag.py:3834} INFO - Setting next_dagrun for example_nested_branch_dag to 2024-03-17 00:00:00+00:00, run_after=2024-03-18 00:00:00+00:00
[2024-03-18T08:20:14.162+0000] {processor.py:183} INFO - Processing /home/ubuntu/air_venv/lib/python3.10/site-packages/airflow/example_dags/example_nested_branch_dag.py took 0.090 seconds
[2024-03-18T08:21:15.987+0000] {processor.py:161} INFO - Started process (PID=13598) to work on /home/ubuntu/air_venv/lib/python3.10/site-packages/airflow/example_dags/example_nested_branch_dag.py
[2024-03-18T08:21:15.988+0000] {processor.py:830} INFO - Processing file /home/ubuntu/air_venv/lib/python3.10/site-packages/airflow/example_dags/example_nested_branch_dag.py for tasks to queue
[2024-03-18T08:21:15.990+0000] {logging_mixin.py:188} INFO - [2024-03-18T08:21:15.989+0000] {dagbag.py:540} INFO - Filling up the DagBag from /home/ubuntu/air_venv/lib/python3.10/site-packages/airflow/example_dags/example_nested_branch_dag.py
[2024-03-18T08:21:16.001+0000] {processor.py:840} INFO - DAG(s) 'example_nested_branch_dag' retrieved from /home/ubuntu/air_venv/lib/python3.10/site-packages/airflow/example_dags/example_nested_branch_dag.py
[2024-03-18T08:21:16.021+0000] {logging_mixin.py:188} INFO - [2024-03-18T08:21:16.021+0000] {dag.py:3047} INFO - Sync 1 DAGs
[2024-03-18T08:21:16.044+0000] {logging_mixin.py:188} INFO - [2024-03-18T08:21:16.044+0000] {dag.py:3834} INFO - Setting next_dagrun for example_nested_branch_dag to 2024-03-17 00:00:00+00:00, run_after=2024-03-18 00:00:00+00:00
[2024-03-18T08:21:16.069+0000] {processor.py:183} INFO - Processing /home/ubuntu/air_venv/lib/python3.10/site-packages/airflow/example_dags/example_nested_branch_dag.py took 0.086 seconds
[2024-03-18T08:22:04.553+0000] {processor.py:161} INFO - Started process (PID=13769) to work on /home/ubuntu/air_venv/lib/python3.10/site-packages/airflow/example_dags/example_nested_branch_dag.py
[2024-03-18T08:22:04.555+0000] {processor.py:830} INFO - Processing file /home/ubuntu/air_venv/lib/python3.10/site-packages/airflow/example_dags/example_nested_branch_dag.py for tasks to queue
[2024-03-18T08:22:04.557+0000] {logging_mixin.py:188} INFO - [2024-03-18T08:22:04.556+0000] {dagbag.py:540} INFO - Filling up the DagBag from /home/ubuntu/air_venv/lib/python3.10/site-packages/airflow/example_dags/example_nested_branch_dag.py
[2024-03-18T08:22:04.569+0000] {processor.py:840} INFO - DAG(s) 'example_nested_branch_dag' retrieved from /home/ubuntu/air_venv/lib/python3.10/site-packages/airflow/example_dags/example_nested_branch_dag.py
[2024-03-18T08:22:04.589+0000] {logging_mixin.py:188} INFO - [2024-03-18T08:22:04.589+0000] {dag.py:3047} INFO - Sync 1 DAGs
[2024-03-18T08:22:04.614+0000] {logging_mixin.py:188} INFO - [2024-03-18T08:22:04.614+0000] {dag.py:3834} INFO - Setting next_dagrun for example_nested_branch_dag to 2024-03-17 00:00:00+00:00, run_after=2024-03-18 00:00:00+00:00
[2024-03-18T08:22:04.643+0000] {processor.py:183} INFO - Processing /home/ubuntu/air_venv/lib/python3.10/site-packages/airflow/example_dags/example_nested_branch_dag.py took 0.093 seconds
[2024-03-18T08:23:01.364+0000] {processor.py:161} INFO - Started process (PID=14181) to work on /home/ubuntu/air_venv/lib/python3.10/site-packages/airflow/example_dags/example_nested_branch_dag.py
[2024-03-18T08:23:01.383+0000] {processor.py:830} INFO - Processing file /home/ubuntu/air_venv/lib/python3.10/site-packages/airflow/example_dags/example_nested_branch_dag.py for tasks to queue
[2024-03-18T08:23:01.385+0000] {logging_mixin.py:188} INFO - [2024-03-18T08:23:01.384+0000] {dagbag.py:540} INFO - Filling up the DagBag from /home/ubuntu/air_venv/lib/python3.10/site-packages/airflow/example_dags/example_nested_branch_dag.py
[2024-03-18T08:23:01.401+0000] {processor.py:840} INFO - DAG(s) 'example_nested_branch_dag' retrieved from /home/ubuntu/air_venv/lib/python3.10/site-packages/airflow/example_dags/example_nested_branch_dag.py
[2024-03-18T08:23:01.430+0000] {logging_mixin.py:188} INFO - [2024-03-18T08:23:01.429+0000] {dag.py:3047} INFO - Sync 1 DAGs
[2024-03-18T08:23:01.521+0000] {logging_mixin.py:188} INFO - [2024-03-18T08:23:01.521+0000] {dag.py:3834} INFO - Setting next_dagrun for example_nested_branch_dag to 2024-03-17 00:00:00+00:00, run_after=2024-03-18 00:00:00+00:00
[2024-03-18T08:23:01.597+0000] {processor.py:183} INFO - Processing /home/ubuntu/air_venv/lib/python3.10/site-packages/airflow/example_dags/example_nested_branch_dag.py took 0.237 seconds
[2024-03-18T08:24:02.406+0000] {processor.py:161} INFO - Started process (PID=14661) to work on /home/ubuntu/air_venv/lib/python3.10/site-packages/airflow/example_dags/example_nested_branch_dag.py
[2024-03-18T08:24:02.408+0000] {processor.py:830} INFO - Processing file /home/ubuntu/air_venv/lib/python3.10/site-packages/airflow/example_dags/example_nested_branch_dag.py for tasks to queue
[2024-03-18T08:24:02.409+0000] {logging_mixin.py:188} INFO - [2024-03-18T08:24:02.408+0000] {dagbag.py:540} INFO - Filling up the DagBag from /home/ubuntu/air_venv/lib/python3.10/site-packages/airflow/example_dags/example_nested_branch_dag.py
[2024-03-18T08:24:02.435+0000] {processor.py:840} INFO - DAG(s) 'example_nested_branch_dag' retrieved from /home/ubuntu/air_venv/lib/python3.10/site-packages/airflow/example_dags/example_nested_branch_dag.py
[2024-03-18T08:24:02.483+0000] {logging_mixin.py:188} INFO - [2024-03-18T08:24:02.482+0000] {dag.py:3047} INFO - Sync 1 DAGs
[2024-03-18T08:24:02.545+0000] {logging_mixin.py:188} INFO - [2024-03-18T08:24:02.540+0000] {dag.py:3834} INFO - Setting next_dagrun for example_nested_branch_dag to 2024-03-17 00:00:00+00:00, run_after=2024-03-18 00:00:00+00:00
[2024-03-18T08:24:02.620+0000] {processor.py:183} INFO - Processing /home/ubuntu/air_venv/lib/python3.10/site-packages/airflow/example_dags/example_nested_branch_dag.py took 0.222 seconds
[2024-03-18T08:25:00.012+0000] {processor.py:161} INFO - Started process (PID=15167) to work on /home/ubuntu/air_venv/lib/python3.10/site-packages/airflow/example_dags/example_nested_branch_dag.py
[2024-03-18T08:25:00.014+0000] {processor.py:830} INFO - Processing file /home/ubuntu/air_venv/lib/python3.10/site-packages/airflow/example_dags/example_nested_branch_dag.py for tasks to queue
[2024-03-18T08:25:00.015+0000] {logging_mixin.py:188} INFO - [2024-03-18T08:25:00.015+0000] {dagbag.py:540} INFO - Filling up the DagBag from /home/ubuntu/air_venv/lib/python3.10/site-packages/airflow/example_dags/example_nested_branch_dag.py
[2024-03-18T08:25:00.028+0000] {processor.py:840} INFO - DAG(s) 'example_nested_branch_dag' retrieved from /home/ubuntu/air_venv/lib/python3.10/site-packages/airflow/example_dags/example_nested_branch_dag.py
[2024-03-18T08:25:00.052+0000] {logging_mixin.py:188} INFO - [2024-03-18T08:25:00.052+0000] {dag.py:3047} INFO - Sync 1 DAGs
[2024-03-18T08:25:00.096+0000] {logging_mixin.py:188} INFO - [2024-03-18T08:25:00.095+0000] {dag.py:3834} INFO - Setting next_dagrun for example_nested_branch_dag to 2024-03-17 00:00:00+00:00, run_after=2024-03-18 00:00:00+00:00
[2024-03-18T08:25:00.138+0000] {processor.py:183} INFO - Processing /home/ubuntu/air_venv/lib/python3.10/site-packages/airflow/example_dags/example_nested_branch_dag.py took 0.130 seconds
[2024-03-18T08:26:07.789+0000] {processor.py:161} INFO - Started process (PID=15385) to work on /home/ubuntu/air_venv/lib/python3.10/site-packages/airflow/example_dags/example_nested_branch_dag.py
[2024-03-18T08:26:07.791+0000] {processor.py:830} INFO - Processing file /home/ubuntu/air_venv/lib/python3.10/site-packages/airflow/example_dags/example_nested_branch_dag.py for tasks to queue
[2024-03-18T08:26:07.792+0000] {logging_mixin.py:188} INFO - [2024-03-18T08:26:07.792+0000] {dagbag.py:540} INFO - Filling up the DagBag from /home/ubuntu/air_venv/lib/python3.10/site-packages/airflow/example_dags/example_nested_branch_dag.py
[2024-03-18T08:26:07.804+0000] {processor.py:840} INFO - DAG(s) 'example_nested_branch_dag' retrieved from /home/ubuntu/air_venv/lib/python3.10/site-packages/airflow/example_dags/example_nested_branch_dag.py
[2024-03-18T08:26:07.824+0000] {logging_mixin.py:188} INFO - [2024-03-18T08:26:07.824+0000] {dag.py:3047} INFO - Sync 1 DAGs
[2024-03-18T08:26:07.847+0000] {logging_mixin.py:188} INFO - [2024-03-18T08:26:07.847+0000] {dag.py:3834} INFO - Setting next_dagrun for example_nested_branch_dag to 2024-03-17 00:00:00+00:00, run_after=2024-03-18 00:00:00+00:00
[2024-03-18T08:26:07.876+0000] {processor.py:183} INFO - Processing /home/ubuntu/air_venv/lib/python3.10/site-packages/airflow/example_dags/example_nested_branch_dag.py took 0.090 seconds
[2024-03-18T08:27:07.882+0000] {processor.py:161} INFO - Started process (PID=15504) to work on /home/ubuntu/air_venv/lib/python3.10/site-packages/airflow/example_dags/example_nested_branch_dag.py
[2024-03-18T08:27:07.885+0000] {processor.py:830} INFO - Processing file /home/ubuntu/air_venv/lib/python3.10/site-packages/airflow/example_dags/example_nested_branch_dag.py for tasks to queue
[2024-03-18T08:27:07.886+0000] {logging_mixin.py:188} INFO - [2024-03-18T08:27:07.886+0000] {dagbag.py:540} INFO - Filling up the DagBag from /home/ubuntu/air_venv/lib/python3.10/site-packages/airflow/example_dags/example_nested_branch_dag.py
[2024-03-18T08:27:07.898+0000] {processor.py:840} INFO - DAG(s) 'example_nested_branch_dag' retrieved from /home/ubuntu/air_venv/lib/python3.10/site-packages/airflow/example_dags/example_nested_branch_dag.py
[2024-03-18T08:27:07.917+0000] {logging_mixin.py:188} INFO - [2024-03-18T08:27:07.917+0000] {dag.py:3047} INFO - Sync 1 DAGs
[2024-03-18T08:27:07.940+0000] {logging_mixin.py:188} INFO - [2024-03-18T08:27:07.940+0000] {dag.py:3834} INFO - Setting next_dagrun for example_nested_branch_dag to 2024-03-17 00:00:00+00:00, run_after=2024-03-18 00:00:00+00:00
[2024-03-18T08:27:07.966+0000] {processor.py:183} INFO - Processing /home/ubuntu/air_venv/lib/python3.10/site-packages/airflow/example_dags/example_nested_branch_dag.py took 0.090 seconds
[2024-03-18T08:28:10.747+0000] {processor.py:161} INFO - Started process (PID=15627) to work on /home/ubuntu/air_venv/lib/python3.10/site-packages/airflow/example_dags/example_nested_branch_dag.py
[2024-03-18T08:28:10.749+0000] {processor.py:830} INFO - Processing file /home/ubuntu/air_venv/lib/python3.10/site-packages/airflow/example_dags/example_nested_branch_dag.py for tasks to queue
[2024-03-18T08:28:10.750+0000] {logging_mixin.py:188} INFO - [2024-03-18T08:28:10.750+0000] {dagbag.py:540} INFO - Filling up the DagBag from /home/ubuntu/air_venv/lib/python3.10/site-packages/airflow/example_dags/example_nested_branch_dag.py
[2024-03-18T08:28:10.763+0000] {processor.py:840} INFO - DAG(s) 'example_nested_branch_dag' retrieved from /home/ubuntu/air_venv/lib/python3.10/site-packages/airflow/example_dags/example_nested_branch_dag.py
[2024-03-18T08:28:10.783+0000] {logging_mixin.py:188} INFO - [2024-03-18T08:28:10.783+0000] {dag.py:3047} INFO - Sync 1 DAGs
[2024-03-18T08:28:10.806+0000] {logging_mixin.py:188} INFO - [2024-03-18T08:28:10.806+0000] {dag.py:3834} INFO - Setting next_dagrun for example_nested_branch_dag to 2024-03-17 00:00:00+00:00, run_after=2024-03-18 00:00:00+00:00
[2024-03-18T08:28:10.831+0000] {processor.py:183} INFO - Processing /home/ubuntu/air_venv/lib/python3.10/site-packages/airflow/example_dags/example_nested_branch_dag.py took 0.087 seconds
[2024-03-18T08:29:14.833+0000] {processor.py:161} INFO - Started process (PID=15748) to work on /home/ubuntu/air_venv/lib/python3.10/site-packages/airflow/example_dags/example_nested_branch_dag.py
[2024-03-18T08:29:14.835+0000] {processor.py:830} INFO - Processing file /home/ubuntu/air_venv/lib/python3.10/site-packages/airflow/example_dags/example_nested_branch_dag.py for tasks to queue
[2024-03-18T08:29:14.836+0000] {logging_mixin.py:188} INFO - [2024-03-18T08:29:14.836+0000] {dagbag.py:540} INFO - Filling up the DagBag from /home/ubuntu/air_venv/lib/python3.10/site-packages/airflow/example_dags/example_nested_branch_dag.py
[2024-03-18T08:29:14.848+0000] {processor.py:840} INFO - DAG(s) 'example_nested_branch_dag' retrieved from /home/ubuntu/air_venv/lib/python3.10/site-packages/airflow/example_dags/example_nested_branch_dag.py
[2024-03-18T08:29:14.868+0000] {logging_mixin.py:188} INFO - [2024-03-18T08:29:14.867+0000] {dag.py:3047} INFO - Sync 1 DAGs
[2024-03-18T08:29:14.891+0000] {logging_mixin.py:188} INFO - [2024-03-18T08:29:14.891+0000] {dag.py:3834} INFO - Setting next_dagrun for example_nested_branch_dag to 2024-03-17 00:00:00+00:00, run_after=2024-03-18 00:00:00+00:00
[2024-03-18T08:29:14.919+0000] {processor.py:183} INFO - Processing /home/ubuntu/air_venv/lib/python3.10/site-packages/airflow/example_dags/example_nested_branch_dag.py took 0.089 seconds
