[2024-03-18T08:00:18.708+0000] {processor.py:161} INFO - Started process (PID=3043) to work on /home/ubuntu/air_venv/lib/python3.10/site-packages/airflow/example_dags/example_sensors.py
[2024-03-18T08:00:18.709+0000] {processor.py:830} INFO - Processing file /home/ubuntu/air_venv/lib/python3.10/site-packages/airflow/example_dags/example_sensors.py for tasks to queue
[2024-03-18T08:00:18.711+0000] {logging_mixin.py:188} INFO - [2024-03-18T08:00:18.710+0000] {dagbag.py:540} INFO - Filling up the DagBag from /home/ubuntu/air_venv/lib/python3.10/site-packages/airflow/example_dags/example_sensors.py
[2024-03-18T08:00:18.722+0000] {processor.py:840} INFO - DAG(s) 'example_sensors' retrieved from /home/ubuntu/air_venv/lib/python3.10/site-packages/airflow/example_dags/example_sensors.py
[2024-03-18T08:00:18.845+0000] {logging_mixin.py:188} INFO - [2024-03-18T08:00:18.844+0000] {override.py:1769} INFO - Created Permission View: can edit on DAG:example_sensors
[2024-03-18T08:00:18.861+0000] {logging_mixin.py:188} INFO - [2024-03-18T08:00:18.861+0000] {override.py:1769} INFO - Created Permission View: can delete on DAG:example_sensors
[2024-03-18T08:00:18.873+0000] {logging_mixin.py:188} INFO - [2024-03-18T08:00:18.873+0000] {override.py:1769} INFO - Created Permission View: can read on DAG:example_sensors
[2024-03-18T08:00:18.874+0000] {logging_mixin.py:188} INFO - [2024-03-18T08:00:18.874+0000] {dag.py:3047} INFO - Sync 1 DAGs
[2024-03-18T08:00:18.886+0000] {logging_mixin.py:188} INFO - [2024-03-18T08:00:18.886+0000] {dag.py:3069} INFO - Creating ORM DAG for example_sensors
[2024-03-18T08:00:18.887+0000] {logging_mixin.py:188} INFO - [2024-03-18T08:00:18.887+0000] {dag.py:3834} INFO - Setting next_dagrun for example_sensors to None, run_after=None
[2024-03-18T08:00:19.062+0000] {processor.py:183} INFO - Processing /home/ubuntu/air_venv/lib/python3.10/site-packages/airflow/example_dags/example_sensors.py took 0.358 seconds
[2024-03-18T08:01:14.350+0000] {processor.py:161} INFO - Started process (PID=3395) to work on /home/ubuntu/air_venv/lib/python3.10/site-packages/airflow/example_dags/example_sensors.py
[2024-03-18T08:01:14.354+0000] {processor.py:830} INFO - Processing file /home/ubuntu/air_venv/lib/python3.10/site-packages/airflow/example_dags/example_sensors.py for tasks to queue
[2024-03-18T08:01:14.356+0000] {logging_mixin.py:188} INFO - [2024-03-18T08:01:14.355+0000] {dagbag.py:540} INFO - Filling up the DagBag from /home/ubuntu/air_venv/lib/python3.10/site-packages/airflow/example_dags/example_sensors.py
[2024-03-18T08:01:14.377+0000] {processor.py:840} INFO - DAG(s) 'example_sensors' retrieved from /home/ubuntu/air_venv/lib/python3.10/site-packages/airflow/example_dags/example_sensors.py
[2024-03-18T08:01:14.413+0000] {logging_mixin.py:188} INFO - [2024-03-18T08:01:14.412+0000] {dag.py:3047} INFO - Sync 1 DAGs
[2024-03-18T08:01:14.434+0000] {logging_mixin.py:188} INFO - [2024-03-18T08:01:14.433+0000] {dag.py:3834} INFO - Setting next_dagrun for example_sensors to None, run_after=None
[2024-03-18T08:01:14.470+0000] {processor.py:183} INFO - Processing /home/ubuntu/air_venv/lib/python3.10/site-packages/airflow/example_dags/example_sensors.py took 0.127 seconds
[2024-03-18T08:02:07.826+0000] {processor.py:161} INFO - Started process (PID=4047) to work on /home/ubuntu/air_venv/lib/python3.10/site-packages/airflow/example_dags/example_sensors.py
[2024-03-18T08:02:07.828+0000] {processor.py:830} INFO - Processing file /home/ubuntu/air_venv/lib/python3.10/site-packages/airflow/example_dags/example_sensors.py for tasks to queue
[2024-03-18T08:02:07.829+0000] {logging_mixin.py:188} INFO - [2024-03-18T08:02:07.829+0000] {dagbag.py:540} INFO - Filling up the DagBag from /home/ubuntu/air_venv/lib/python3.10/site-packages/airflow/example_dags/example_sensors.py
[2024-03-18T08:02:07.841+0000] {processor.py:840} INFO - DAG(s) 'example_sensors' retrieved from /home/ubuntu/air_venv/lib/python3.10/site-packages/airflow/example_dags/example_sensors.py
[2024-03-18T08:02:07.871+0000] {logging_mixin.py:188} INFO - [2024-03-18T08:02:07.865+0000] {dag.py:3047} INFO - Sync 1 DAGs
[2024-03-18T08:02:08.128+0000] {logging_mixin.py:188} INFO - [2024-03-18T08:02:08.127+0000] {dag.py:3834} INFO - Setting next_dagrun for example_sensors to None, run_after=None
[2024-03-18T08:02:08.170+0000] {processor.py:183} INFO - Processing /home/ubuntu/air_venv/lib/python3.10/site-packages/airflow/example_dags/example_sensors.py took 0.350 seconds
[2024-03-18T08:03:05.446+0000] {processor.py:161} INFO - Started process (PID=4458) to work on /home/ubuntu/air_venv/lib/python3.10/site-packages/airflow/example_dags/example_sensors.py
[2024-03-18T08:03:05.448+0000] {processor.py:830} INFO - Processing file /home/ubuntu/air_venv/lib/python3.10/site-packages/airflow/example_dags/example_sensors.py for tasks to queue
[2024-03-18T08:03:05.449+0000] {logging_mixin.py:188} INFO - [2024-03-18T08:03:05.449+0000] {dagbag.py:540} INFO - Filling up the DagBag from /home/ubuntu/air_venv/lib/python3.10/site-packages/airflow/example_dags/example_sensors.py
[2024-03-18T08:03:05.475+0000] {processor.py:840} INFO - DAG(s) 'example_sensors' retrieved from /home/ubuntu/air_venv/lib/python3.10/site-packages/airflow/example_dags/example_sensors.py
[2024-03-18T08:03:05.499+0000] {logging_mixin.py:188} INFO - [2024-03-18T08:03:05.498+0000] {dag.py:3047} INFO - Sync 1 DAGs
[2024-03-18T08:03:05.513+0000] {logging_mixin.py:188} INFO - [2024-03-18T08:03:05.512+0000] {dag.py:3834} INFO - Setting next_dagrun for example_sensors to None, run_after=None
[2024-03-18T08:03:05.543+0000] {processor.py:183} INFO - Processing /home/ubuntu/air_venv/lib/python3.10/site-packages/airflow/example_dags/example_sensors.py took 0.101 seconds
[2024-03-18T08:03:50.315+0000] {processor.py:161} INFO - Started process (PID=4683) to work on /home/ubuntu/air_venv/lib/python3.10/site-packages/airflow/example_dags/example_sensors.py
[2024-03-18T08:03:50.321+0000] {processor.py:830} INFO - Processing file /home/ubuntu/air_venv/lib/python3.10/site-packages/airflow/example_dags/example_sensors.py for tasks to queue
[2024-03-18T08:03:50.323+0000] {logging_mixin.py:188} INFO - [2024-03-18T08:03:50.322+0000] {dagbag.py:540} INFO - Filling up the DagBag from /home/ubuntu/air_venv/lib/python3.10/site-packages/airflow/example_dags/example_sensors.py
[2024-03-18T08:03:50.334+0000] {processor.py:840} INFO - DAG(s) 'example_sensors' retrieved from /home/ubuntu/air_venv/lib/python3.10/site-packages/airflow/example_dags/example_sensors.py
[2024-03-18T08:03:50.358+0000] {logging_mixin.py:188} INFO - [2024-03-18T08:03:50.358+0000] {dag.py:3047} INFO - Sync 1 DAGs
[2024-03-18T08:03:50.370+0000] {logging_mixin.py:188} INFO - [2024-03-18T08:03:50.370+0000] {dag.py:3834} INFO - Setting next_dagrun for example_sensors to None, run_after=None
[2024-03-18T08:03:50.395+0000] {processor.py:183} INFO - Processing /home/ubuntu/air_venv/lib/python3.10/site-packages/airflow/example_dags/example_sensors.py took 0.085 seconds
[2024-03-18T08:04:40.883+0000] {processor.py:161} INFO - Started process (PID=5161) to work on /home/ubuntu/air_venv/lib/python3.10/site-packages/airflow/example_dags/example_sensors.py
[2024-03-18T08:04:40.885+0000] {processor.py:830} INFO - Processing file /home/ubuntu/air_venv/lib/python3.10/site-packages/airflow/example_dags/example_sensors.py for tasks to queue
[2024-03-18T08:04:40.886+0000] {logging_mixin.py:188} INFO - [2024-03-18T08:04:40.885+0000] {dagbag.py:540} INFO - Filling up the DagBag from /home/ubuntu/air_venv/lib/python3.10/site-packages/airflow/example_dags/example_sensors.py
[2024-03-18T08:04:40.898+0000] {processor.py:840} INFO - DAG(s) 'example_sensors' retrieved from /home/ubuntu/air_venv/lib/python3.10/site-packages/airflow/example_dags/example_sensors.py
[2024-03-18T08:04:40.922+0000] {logging_mixin.py:188} INFO - [2024-03-18T08:04:40.922+0000] {dag.py:3047} INFO - Sync 1 DAGs
[2024-03-18T08:04:40.936+0000] {logging_mixin.py:188} INFO - [2024-03-18T08:04:40.935+0000] {dag.py:3834} INFO - Setting next_dagrun for example_sensors to None, run_after=None
[2024-03-18T08:04:40.960+0000] {processor.py:183} INFO - Processing /home/ubuntu/air_venv/lib/python3.10/site-packages/airflow/example_dags/example_sensors.py took 0.081 seconds
[2024-03-18T08:05:32.121+0000] {processor.py:161} INFO - Started process (PID=5627) to work on /home/ubuntu/air_venv/lib/python3.10/site-packages/airflow/example_dags/example_sensors.py
[2024-03-18T08:05:32.123+0000] {processor.py:830} INFO - Processing file /home/ubuntu/air_venv/lib/python3.10/site-packages/airflow/example_dags/example_sensors.py for tasks to queue
[2024-03-18T08:05:32.124+0000] {logging_mixin.py:188} INFO - [2024-03-18T08:05:32.124+0000] {dagbag.py:540} INFO - Filling up the DagBag from /home/ubuntu/air_venv/lib/python3.10/site-packages/airflow/example_dags/example_sensors.py
[2024-03-18T08:05:32.136+0000] {processor.py:840} INFO - DAG(s) 'example_sensors' retrieved from /home/ubuntu/air_venv/lib/python3.10/site-packages/airflow/example_dags/example_sensors.py
[2024-03-18T08:05:32.159+0000] {logging_mixin.py:188} INFO - [2024-03-18T08:05:32.159+0000] {dag.py:3047} INFO - Sync 1 DAGs
[2024-03-18T08:05:32.173+0000] {logging_mixin.py:188} INFO - [2024-03-18T08:05:32.173+0000] {dag.py:3834} INFO - Setting next_dagrun for example_sensors to None, run_after=None
[2024-03-18T08:05:32.199+0000] {processor.py:183} INFO - Processing /home/ubuntu/air_venv/lib/python3.10/site-packages/airflow/example_dags/example_sensors.py took 0.082 seconds
[2024-03-18T08:06:36.061+0000] {processor.py:161} INFO - Started process (PID=6417) to work on /home/ubuntu/air_venv/lib/python3.10/site-packages/airflow/example_dags/example_sensors.py
[2024-03-18T08:06:36.063+0000] {processor.py:830} INFO - Processing file /home/ubuntu/air_venv/lib/python3.10/site-packages/airflow/example_dags/example_sensors.py for tasks to queue
[2024-03-18T08:06:36.064+0000] {logging_mixin.py:188} INFO - [2024-03-18T08:06:36.064+0000] {dagbag.py:540} INFO - Filling up the DagBag from /home/ubuntu/air_venv/lib/python3.10/site-packages/airflow/example_dags/example_sensors.py
[2024-03-18T08:06:36.077+0000] {processor.py:840} INFO - DAG(s) 'example_sensors' retrieved from /home/ubuntu/air_venv/lib/python3.10/site-packages/airflow/example_dags/example_sensors.py
[2024-03-18T08:06:36.100+0000] {logging_mixin.py:188} INFO - [2024-03-18T08:06:36.099+0000] {dag.py:3047} INFO - Sync 1 DAGs
[2024-03-18T08:06:36.113+0000] {logging_mixin.py:188} INFO - [2024-03-18T08:06:36.112+0000] {dag.py:3834} INFO - Setting next_dagrun for example_sensors to None, run_after=None
[2024-03-18T08:06:36.142+0000] {processor.py:183} INFO - Processing /home/ubuntu/air_venv/lib/python3.10/site-packages/airflow/example_dags/example_sensors.py took 0.086 seconds
[2024-03-18T08:07:59.248+0000] {processor.py:161} INFO - Started process (PID=7217) to work on /home/ubuntu/air_venv/lib/python3.10/site-packages/airflow/example_dags/example_sensors.py
[2024-03-18T08:07:59.250+0000] {processor.py:830} INFO - Processing file /home/ubuntu/air_venv/lib/python3.10/site-packages/airflow/example_dags/example_sensors.py for tasks to queue
[2024-03-18T08:07:59.251+0000] {logging_mixin.py:188} INFO - [2024-03-18T08:07:59.251+0000] {dagbag.py:540} INFO - Filling up the DagBag from /home/ubuntu/air_venv/lib/python3.10/site-packages/airflow/example_dags/example_sensors.py
[2024-03-18T08:07:59.263+0000] {processor.py:840} INFO - DAG(s) 'example_sensors' retrieved from /home/ubuntu/air_venv/lib/python3.10/site-packages/airflow/example_dags/example_sensors.py
[2024-03-18T08:07:59.286+0000] {logging_mixin.py:188} INFO - [2024-03-18T08:07:59.286+0000] {dag.py:3047} INFO - Sync 1 DAGs
[2024-03-18T08:07:59.300+0000] {logging_mixin.py:188} INFO - [2024-03-18T08:07:59.299+0000] {dag.py:3834} INFO - Setting next_dagrun for example_sensors to None, run_after=None
[2024-03-18T08:07:59.325+0000] {processor.py:183} INFO - Processing /home/ubuntu/air_venv/lib/python3.10/site-packages/airflow/example_dags/example_sensors.py took 0.081 seconds
[2024-03-18T08:08:46.418+0000] {processor.py:161} INFO - Started process (PID=7543) to work on /home/ubuntu/air_venv/lib/python3.10/site-packages/airflow/example_dags/example_sensors.py
[2024-03-18T08:08:46.420+0000] {processor.py:830} INFO - Processing file /home/ubuntu/air_venv/lib/python3.10/site-packages/airflow/example_dags/example_sensors.py for tasks to queue
[2024-03-18T08:08:46.421+0000] {logging_mixin.py:188} INFO - [2024-03-18T08:08:46.421+0000] {dagbag.py:540} INFO - Filling up the DagBag from /home/ubuntu/air_venv/lib/python3.10/site-packages/airflow/example_dags/example_sensors.py
[2024-03-18T08:08:46.437+0000] {processor.py:840} INFO - DAG(s) 'example_sensors' retrieved from /home/ubuntu/air_venv/lib/python3.10/site-packages/airflow/example_dags/example_sensors.py
[2024-03-18T08:08:46.471+0000] {logging_mixin.py:188} INFO - [2024-03-18T08:08:46.470+0000] {dag.py:3047} INFO - Sync 1 DAGs
[2024-03-18T08:08:46.488+0000] {logging_mixin.py:188} INFO - [2024-03-18T08:08:46.488+0000] {dag.py:3834} INFO - Setting next_dagrun for example_sensors to None, run_after=None
[2024-03-18T08:08:46.519+0000] {processor.py:183} INFO - Processing /home/ubuntu/air_venv/lib/python3.10/site-packages/airflow/example_dags/example_sensors.py took 0.107 seconds
[2024-03-18T08:09:51.311+0000] {processor.py:161} INFO - Started process (PID=7998) to work on /home/ubuntu/air_venv/lib/python3.10/site-packages/airflow/example_dags/example_sensors.py
[2024-03-18T08:09:51.313+0000] {processor.py:830} INFO - Processing file /home/ubuntu/air_venv/lib/python3.10/site-packages/airflow/example_dags/example_sensors.py for tasks to queue
[2024-03-18T08:09:51.314+0000] {logging_mixin.py:188} INFO - [2024-03-18T08:09:51.314+0000] {dagbag.py:540} INFO - Filling up the DagBag from /home/ubuntu/air_venv/lib/python3.10/site-packages/airflow/example_dags/example_sensors.py
[2024-03-18T08:09:51.325+0000] {processor.py:840} INFO - DAG(s) 'example_sensors' retrieved from /home/ubuntu/air_venv/lib/python3.10/site-packages/airflow/example_dags/example_sensors.py
[2024-03-18T08:09:51.348+0000] {logging_mixin.py:188} INFO - [2024-03-18T08:09:51.348+0000] {dag.py:3047} INFO - Sync 1 DAGs
[2024-03-18T08:09:51.361+0000] {logging_mixin.py:188} INFO - [2024-03-18T08:09:51.360+0000] {dag.py:3834} INFO - Setting next_dagrun for example_sensors to None, run_after=None
[2024-03-18T08:09:51.386+0000] {processor.py:183} INFO - Processing /home/ubuntu/air_venv/lib/python3.10/site-packages/airflow/example_dags/example_sensors.py took 0.079 seconds
[2024-03-18T08:10:49.623+0000] {processor.py:161} INFO - Started process (PID=8417) to work on /home/ubuntu/air_venv/lib/python3.10/site-packages/airflow/example_dags/example_sensors.py
[2024-03-18T08:10:49.624+0000] {processor.py:830} INFO - Processing file /home/ubuntu/air_venv/lib/python3.10/site-packages/airflow/example_dags/example_sensors.py for tasks to queue
[2024-03-18T08:10:49.626+0000] {logging_mixin.py:188} INFO - [2024-03-18T08:10:49.625+0000] {dagbag.py:540} INFO - Filling up the DagBag from /home/ubuntu/air_venv/lib/python3.10/site-packages/airflow/example_dags/example_sensors.py
[2024-03-18T08:10:49.637+0000] {processor.py:840} INFO - DAG(s) 'example_sensors' retrieved from /home/ubuntu/air_venv/lib/python3.10/site-packages/airflow/example_dags/example_sensors.py
[2024-03-18T08:10:49.660+0000] {logging_mixin.py:188} INFO - [2024-03-18T08:10:49.660+0000] {dag.py:3047} INFO - Sync 1 DAGs
[2024-03-18T08:10:49.674+0000] {logging_mixin.py:188} INFO - [2024-03-18T08:10:49.673+0000] {dag.py:3834} INFO - Setting next_dagrun for example_sensors to None, run_after=None
[2024-03-18T08:10:49.700+0000] {processor.py:183} INFO - Processing /home/ubuntu/air_venv/lib/python3.10/site-packages/airflow/example_dags/example_sensors.py took 0.081 seconds
[2024-03-18T08:11:53.085+0000] {processor.py:161} INFO - Started process (PID=8962) to work on /home/ubuntu/air_venv/lib/python3.10/site-packages/airflow/example_dags/example_sensors.py
[2024-03-18T08:11:53.087+0000] {processor.py:830} INFO - Processing file /home/ubuntu/air_venv/lib/python3.10/site-packages/airflow/example_dags/example_sensors.py for tasks to queue
[2024-03-18T08:11:53.088+0000] {logging_mixin.py:188} INFO - [2024-03-18T08:11:53.088+0000] {dagbag.py:540} INFO - Filling up the DagBag from /home/ubuntu/air_venv/lib/python3.10/site-packages/airflow/example_dags/example_sensors.py
[2024-03-18T08:11:53.100+0000] {processor.py:840} INFO - DAG(s) 'example_sensors' retrieved from /home/ubuntu/air_venv/lib/python3.10/site-packages/airflow/example_dags/example_sensors.py
[2024-03-18T08:11:53.124+0000] {logging_mixin.py:188} INFO - [2024-03-18T08:11:53.124+0000] {dag.py:3047} INFO - Sync 1 DAGs
[2024-03-18T08:11:53.143+0000] {logging_mixin.py:188} INFO - [2024-03-18T08:11:53.143+0000] {dag.py:3834} INFO - Setting next_dagrun for example_sensors to None, run_after=None
[2024-03-18T08:11:53.168+0000] {processor.py:183} INFO - Processing /home/ubuntu/air_venv/lib/python3.10/site-packages/airflow/example_dags/example_sensors.py took 0.086 seconds
[2024-03-18T08:12:56.019+0000] {processor.py:161} INFO - Started process (PID=9384) to work on /home/ubuntu/air_venv/lib/python3.10/site-packages/airflow/example_dags/example_sensors.py
[2024-03-18T08:12:56.021+0000] {processor.py:830} INFO - Processing file /home/ubuntu/air_venv/lib/python3.10/site-packages/airflow/example_dags/example_sensors.py for tasks to queue
[2024-03-18T08:12:56.022+0000] {logging_mixin.py:188} INFO - [2024-03-18T08:12:56.022+0000] {dagbag.py:540} INFO - Filling up the DagBag from /home/ubuntu/air_venv/lib/python3.10/site-packages/airflow/example_dags/example_sensors.py
[2024-03-18T08:12:56.035+0000] {processor.py:840} INFO - DAG(s) 'example_sensors' retrieved from /home/ubuntu/air_venv/lib/python3.10/site-packages/airflow/example_dags/example_sensors.py
[2024-03-18T08:12:56.059+0000] {logging_mixin.py:188} INFO - [2024-03-18T08:12:56.058+0000] {dag.py:3047} INFO - Sync 1 DAGs
[2024-03-18T08:12:56.072+0000] {logging_mixin.py:188} INFO - [2024-03-18T08:12:56.072+0000] {dag.py:3834} INFO - Setting next_dagrun for example_sensors to None, run_after=None
[2024-03-18T08:12:56.099+0000] {processor.py:183} INFO - Processing /home/ubuntu/air_venv/lib/python3.10/site-packages/airflow/example_dags/example_sensors.py took 0.084 seconds
[2024-03-18T08:13:41.850+0000] {processor.py:161} INFO - Started process (PID=9608) to work on /home/ubuntu/air_venv/lib/python3.10/site-packages/airflow/example_dags/example_sensors.py
[2024-03-18T08:13:41.852+0000] {processor.py:830} INFO - Processing file /home/ubuntu/air_venv/lib/python3.10/site-packages/airflow/example_dags/example_sensors.py for tasks to queue
[2024-03-18T08:13:41.853+0000] {logging_mixin.py:188} INFO - [2024-03-18T08:13:41.853+0000] {dagbag.py:540} INFO - Filling up the DagBag from /home/ubuntu/air_venv/lib/python3.10/site-packages/airflow/example_dags/example_sensors.py
[2024-03-18T08:13:41.864+0000] {processor.py:840} INFO - DAG(s) 'example_sensors' retrieved from /home/ubuntu/air_venv/lib/python3.10/site-packages/airflow/example_dags/example_sensors.py
[2024-03-18T08:13:41.887+0000] {logging_mixin.py:188} INFO - [2024-03-18T08:13:41.887+0000] {dag.py:3047} INFO - Sync 1 DAGs
[2024-03-18T08:13:41.901+0000] {logging_mixin.py:188} INFO - [2024-03-18T08:13:41.901+0000] {dag.py:3834} INFO - Setting next_dagrun for example_sensors to None, run_after=None
[2024-03-18T08:13:41.925+0000] {processor.py:183} INFO - Processing /home/ubuntu/air_venv/lib/python3.10/site-packages/airflow/example_dags/example_sensors.py took 0.079 seconds
[2024-03-18T08:15:10.564+0000] {processor.py:161} INFO - Started process (PID=10301) to work on /home/ubuntu/air_venv/lib/python3.10/site-packages/airflow/example_dags/example_sensors.py
[2024-03-18T08:15:10.566+0000] {processor.py:830} INFO - Processing file /home/ubuntu/air_venv/lib/python3.10/site-packages/airflow/example_dags/example_sensors.py for tasks to queue
[2024-03-18T08:15:10.567+0000] {logging_mixin.py:188} INFO - [2024-03-18T08:15:10.567+0000] {dagbag.py:540} INFO - Filling up the DagBag from /home/ubuntu/air_venv/lib/python3.10/site-packages/airflow/example_dags/example_sensors.py
[2024-03-18T08:15:10.580+0000] {processor.py:840} INFO - DAG(s) 'example_sensors' retrieved from /home/ubuntu/air_venv/lib/python3.10/site-packages/airflow/example_dags/example_sensors.py
[2024-03-18T08:15:10.605+0000] {logging_mixin.py:188} INFO - [2024-03-18T08:15:10.605+0000] {dag.py:3047} INFO - Sync 1 DAGs
[2024-03-18T08:15:10.620+0000] {logging_mixin.py:188} INFO - [2024-03-18T08:15:10.620+0000] {dag.py:3834} INFO - Setting next_dagrun for example_sensors to None, run_after=None
[2024-03-18T08:15:10.647+0000] {processor.py:183} INFO - Processing /home/ubuntu/air_venv/lib/python3.10/site-packages/airflow/example_dags/example_sensors.py took 0.087 seconds
[2024-03-18T08:16:06.636+0000] {processor.py:161} INFO - Started process (PID=10957) to work on /home/ubuntu/air_venv/lib/python3.10/site-packages/airflow/example_dags/example_sensors.py
[2024-03-18T08:16:06.638+0000] {processor.py:830} INFO - Processing file /home/ubuntu/air_venv/lib/python3.10/site-packages/airflow/example_dags/example_sensors.py for tasks to queue
[2024-03-18T08:16:06.639+0000] {logging_mixin.py:188} INFO - [2024-03-18T08:16:06.638+0000] {dagbag.py:540} INFO - Filling up the DagBag from /home/ubuntu/air_venv/lib/python3.10/site-packages/airflow/example_dags/example_sensors.py
[2024-03-18T08:16:06.650+0000] {processor.py:840} INFO - DAG(s) 'example_sensors' retrieved from /home/ubuntu/air_venv/lib/python3.10/site-packages/airflow/example_dags/example_sensors.py
[2024-03-18T08:16:06.673+0000] {logging_mixin.py:188} INFO - [2024-03-18T08:16:06.673+0000] {dag.py:3047} INFO - Sync 1 DAGs
[2024-03-18T08:16:06.687+0000] {logging_mixin.py:188} INFO - [2024-03-18T08:16:06.686+0000] {dag.py:3834} INFO - Setting next_dagrun for example_sensors to None, run_after=None
[2024-03-18T08:16:06.712+0000] {processor.py:183} INFO - Processing /home/ubuntu/air_venv/lib/python3.10/site-packages/airflow/example_dags/example_sensors.py took 0.080 seconds
[2024-03-18T08:16:53.841+0000] {processor.py:161} INFO - Started process (PID=11483) to work on /home/ubuntu/air_venv/lib/python3.10/site-packages/airflow/example_dags/example_sensors.py
[2024-03-18T08:16:53.842+0000] {processor.py:830} INFO - Processing file /home/ubuntu/air_venv/lib/python3.10/site-packages/airflow/example_dags/example_sensors.py for tasks to queue
[2024-03-18T08:16:53.844+0000] {logging_mixin.py:188} INFO - [2024-03-18T08:16:53.843+0000] {dagbag.py:540} INFO - Filling up the DagBag from /home/ubuntu/air_venv/lib/python3.10/site-packages/airflow/example_dags/example_sensors.py
[2024-03-18T08:16:53.855+0000] {processor.py:840} INFO - DAG(s) 'example_sensors' retrieved from /home/ubuntu/air_venv/lib/python3.10/site-packages/airflow/example_dags/example_sensors.py
[2024-03-18T08:16:53.878+0000] {logging_mixin.py:188} INFO - [2024-03-18T08:16:53.877+0000] {dag.py:3047} INFO - Sync 1 DAGs
[2024-03-18T08:16:53.891+0000] {logging_mixin.py:188} INFO - [2024-03-18T08:16:53.891+0000] {dag.py:3834} INFO - Setting next_dagrun for example_sensors to None, run_after=None
[2024-03-18T08:16:53.915+0000] {processor.py:183} INFO - Processing /home/ubuntu/air_venv/lib/python3.10/site-packages/airflow/example_dags/example_sensors.py took 0.078 seconds
[2024-03-18T08:18:21.402+0000] {processor.py:161} INFO - Started process (PID=12473) to work on /home/ubuntu/air_venv/lib/python3.10/site-packages/airflow/example_dags/example_sensors.py
[2024-03-18T08:18:21.404+0000] {processor.py:830} INFO - Processing file /home/ubuntu/air_venv/lib/python3.10/site-packages/airflow/example_dags/example_sensors.py for tasks to queue
[2024-03-18T08:18:21.405+0000] {logging_mixin.py:188} INFO - [2024-03-18T08:18:21.405+0000] {dagbag.py:540} INFO - Filling up the DagBag from /home/ubuntu/air_venv/lib/python3.10/site-packages/airflow/example_dags/example_sensors.py
[2024-03-18T08:18:21.417+0000] {processor.py:840} INFO - DAG(s) 'example_sensors' retrieved from /home/ubuntu/air_venv/lib/python3.10/site-packages/airflow/example_dags/example_sensors.py
[2024-03-18T08:18:21.439+0000] {logging_mixin.py:188} INFO - [2024-03-18T08:18:21.439+0000] {dag.py:3047} INFO - Sync 1 DAGs
[2024-03-18T08:18:21.452+0000] {logging_mixin.py:188} INFO - [2024-03-18T08:18:21.452+0000] {dag.py:3834} INFO - Setting next_dagrun for example_sensors to None, run_after=None
[2024-03-18T08:18:21.477+0000] {processor.py:183} INFO - Processing /home/ubuntu/air_venv/lib/python3.10/site-packages/airflow/example_dags/example_sensors.py took 0.078 seconds
[2024-03-18T08:19:14.439+0000] {processor.py:161} INFO - Started process (PID=12703) to work on /home/ubuntu/air_venv/lib/python3.10/site-packages/airflow/example_dags/example_sensors.py
[2024-03-18T08:19:14.441+0000] {processor.py:830} INFO - Processing file /home/ubuntu/air_venv/lib/python3.10/site-packages/airflow/example_dags/example_sensors.py for tasks to queue
[2024-03-18T08:19:14.442+0000] {logging_mixin.py:188} INFO - [2024-03-18T08:19:14.441+0000] {dagbag.py:540} INFO - Filling up the DagBag from /home/ubuntu/air_venv/lib/python3.10/site-packages/airflow/example_dags/example_sensors.py
[2024-03-18T08:19:14.453+0000] {processor.py:840} INFO - DAG(s) 'example_sensors' retrieved from /home/ubuntu/air_venv/lib/python3.10/site-packages/airflow/example_dags/example_sensors.py
[2024-03-18T08:19:14.477+0000] {logging_mixin.py:188} INFO - [2024-03-18T08:19:14.477+0000] {dag.py:3047} INFO - Sync 1 DAGs
[2024-03-18T08:19:14.491+0000] {logging_mixin.py:188} INFO - [2024-03-18T08:19:14.491+0000] {dag.py:3834} INFO - Setting next_dagrun for example_sensors to None, run_after=None
[2024-03-18T08:19:14.519+0000] {processor.py:183} INFO - Processing /home/ubuntu/air_venv/lib/python3.10/site-packages/airflow/example_dags/example_sensors.py took 0.084 seconds
[2024-03-18T08:20:10.958+0000] {processor.py:161} INFO - Started process (PID=13237) to work on /home/ubuntu/air_venv/lib/python3.10/site-packages/airflow/example_dags/example_sensors.py
[2024-03-18T08:20:10.960+0000] {processor.py:830} INFO - Processing file /home/ubuntu/air_venv/lib/python3.10/site-packages/airflow/example_dags/example_sensors.py for tasks to queue
[2024-03-18T08:20:10.961+0000] {logging_mixin.py:188} INFO - [2024-03-18T08:20:10.961+0000] {dagbag.py:540} INFO - Filling up the DagBag from /home/ubuntu/air_venv/lib/python3.10/site-packages/airflow/example_dags/example_sensors.py
[2024-03-18T08:20:10.973+0000] {processor.py:840} INFO - DAG(s) 'example_sensors' retrieved from /home/ubuntu/air_venv/lib/python3.10/site-packages/airflow/example_dags/example_sensors.py
[2024-03-18T08:20:10.996+0000] {logging_mixin.py:188} INFO - [2024-03-18T08:20:10.996+0000] {dag.py:3047} INFO - Sync 1 DAGs
[2024-03-18T08:20:11.009+0000] {logging_mixin.py:188} INFO - [2024-03-18T08:20:11.009+0000] {dag.py:3834} INFO - Setting next_dagrun for example_sensors to None, run_after=None
[2024-03-18T08:20:11.037+0000] {processor.py:183} INFO - Processing /home/ubuntu/air_venv/lib/python3.10/site-packages/airflow/example_dags/example_sensors.py took 0.084 seconds
[2024-03-18T08:21:12.465+0000] {processor.py:161} INFO - Started process (PID=13595) to work on /home/ubuntu/air_venv/lib/python3.10/site-packages/airflow/example_dags/example_sensors.py
[2024-03-18T08:21:12.467+0000] {processor.py:830} INFO - Processing file /home/ubuntu/air_venv/lib/python3.10/site-packages/airflow/example_dags/example_sensors.py for tasks to queue
[2024-03-18T08:21:12.468+0000] {logging_mixin.py:188} INFO - [2024-03-18T08:21:12.468+0000] {dagbag.py:540} INFO - Filling up the DagBag from /home/ubuntu/air_venv/lib/python3.10/site-packages/airflow/example_dags/example_sensors.py
[2024-03-18T08:21:12.480+0000] {processor.py:840} INFO - DAG(s) 'example_sensors' retrieved from /home/ubuntu/air_venv/lib/python3.10/site-packages/airflow/example_dags/example_sensors.py
[2024-03-18T08:21:12.502+0000] {logging_mixin.py:188} INFO - [2024-03-18T08:21:12.502+0000] {dag.py:3047} INFO - Sync 1 DAGs
[2024-03-18T08:21:12.515+0000] {logging_mixin.py:188} INFO - [2024-03-18T08:21:12.515+0000] {dag.py:3834} INFO - Setting next_dagrun for example_sensors to None, run_after=None
[2024-03-18T08:21:12.539+0000] {processor.py:183} INFO - Processing /home/ubuntu/air_venv/lib/python3.10/site-packages/airflow/example_dags/example_sensors.py took 0.077 seconds
[2024-03-18T08:22:01.009+0000] {processor.py:161} INFO - Started process (PID=13765) to work on /home/ubuntu/air_venv/lib/python3.10/site-packages/airflow/example_dags/example_sensors.py
[2024-03-18T08:22:01.011+0000] {processor.py:830} INFO - Processing file /home/ubuntu/air_venv/lib/python3.10/site-packages/airflow/example_dags/example_sensors.py for tasks to queue
[2024-03-18T08:22:01.012+0000] {logging_mixin.py:188} INFO - [2024-03-18T08:22:01.011+0000] {dagbag.py:540} INFO - Filling up the DagBag from /home/ubuntu/air_venv/lib/python3.10/site-packages/airflow/example_dags/example_sensors.py
[2024-03-18T08:22:01.023+0000] {processor.py:840} INFO - DAG(s) 'example_sensors' retrieved from /home/ubuntu/air_venv/lib/python3.10/site-packages/airflow/example_dags/example_sensors.py
[2024-03-18T08:22:01.045+0000] {logging_mixin.py:188} INFO - [2024-03-18T08:22:01.045+0000] {dag.py:3047} INFO - Sync 1 DAGs
[2024-03-18T08:22:01.058+0000] {logging_mixin.py:188} INFO - [2024-03-18T08:22:01.058+0000] {dag.py:3834} INFO - Setting next_dagrun for example_sensors to None, run_after=None
[2024-03-18T08:22:01.082+0000] {processor.py:183} INFO - Processing /home/ubuntu/air_venv/lib/python3.10/site-packages/airflow/example_dags/example_sensors.py took 0.076 seconds
[2024-03-18T08:22:58.959+0000] {processor.py:161} INFO - Started process (PID=14163) to work on /home/ubuntu/air_venv/lib/python3.10/site-packages/airflow/example_dags/example_sensors.py
[2024-03-18T08:22:58.961+0000] {processor.py:830} INFO - Processing file /home/ubuntu/air_venv/lib/python3.10/site-packages/airflow/example_dags/example_sensors.py for tasks to queue
[2024-03-18T08:22:58.962+0000] {logging_mixin.py:188} INFO - [2024-03-18T08:22:58.962+0000] {dagbag.py:540} INFO - Filling up the DagBag from /home/ubuntu/air_venv/lib/python3.10/site-packages/airflow/example_dags/example_sensors.py
[2024-03-18T08:22:58.974+0000] {processor.py:840} INFO - DAG(s) 'example_sensors' retrieved from /home/ubuntu/air_venv/lib/python3.10/site-packages/airflow/example_dags/example_sensors.py
[2024-03-18T08:22:58.997+0000] {logging_mixin.py:188} INFO - [2024-03-18T08:22:58.997+0000] {dag.py:3047} INFO - Sync 1 DAGs
[2024-03-18T08:22:59.012+0000] {logging_mixin.py:188} INFO - [2024-03-18T08:22:59.011+0000] {dag.py:3834} INFO - Setting next_dagrun for example_sensors to None, run_after=None
[2024-03-18T08:22:59.038+0000] {processor.py:183} INFO - Processing /home/ubuntu/air_venv/lib/python3.10/site-packages/airflow/example_dags/example_sensors.py took 0.083 seconds
[2024-03-18T08:24:00.352+0000] {processor.py:161} INFO - Started process (PID=14653) to work on /home/ubuntu/air_venv/lib/python3.10/site-packages/airflow/example_dags/example_sensors.py
[2024-03-18T08:24:00.354+0000] {processor.py:830} INFO - Processing file /home/ubuntu/air_venv/lib/python3.10/site-packages/airflow/example_dags/example_sensors.py for tasks to queue
[2024-03-18T08:24:00.356+0000] {logging_mixin.py:188} INFO - [2024-03-18T08:24:00.355+0000] {dagbag.py:540} INFO - Filling up the DagBag from /home/ubuntu/air_venv/lib/python3.10/site-packages/airflow/example_dags/example_sensors.py
[2024-03-18T08:24:00.367+0000] {processor.py:840} INFO - DAG(s) 'example_sensors' retrieved from /home/ubuntu/air_venv/lib/python3.10/site-packages/airflow/example_dags/example_sensors.py
[2024-03-18T08:24:00.391+0000] {logging_mixin.py:188} INFO - [2024-03-18T08:24:00.390+0000] {dag.py:3047} INFO - Sync 1 DAGs
[2024-03-18T08:24:00.404+0000] {logging_mixin.py:188} INFO - [2024-03-18T08:24:00.403+0000] {dag.py:3834} INFO - Setting next_dagrun for example_sensors to None, run_after=None
[2024-03-18T08:24:00.429+0000] {processor.py:183} INFO - Processing /home/ubuntu/air_venv/lib/python3.10/site-packages/airflow/example_dags/example_sensors.py took 0.081 seconds
[2024-03-18T08:24:57.161+0000] {processor.py:161} INFO - Started process (PID=15139) to work on /home/ubuntu/air_venv/lib/python3.10/site-packages/airflow/example_dags/example_sensors.py
[2024-03-18T08:24:57.163+0000] {processor.py:830} INFO - Processing file /home/ubuntu/air_venv/lib/python3.10/site-packages/airflow/example_dags/example_sensors.py for tasks to queue
[2024-03-18T08:24:57.164+0000] {logging_mixin.py:188} INFO - [2024-03-18T08:24:57.164+0000] {dagbag.py:540} INFO - Filling up the DagBag from /home/ubuntu/air_venv/lib/python3.10/site-packages/airflow/example_dags/example_sensors.py
[2024-03-18T08:24:57.175+0000] {processor.py:840} INFO - DAG(s) 'example_sensors' retrieved from /home/ubuntu/air_venv/lib/python3.10/site-packages/airflow/example_dags/example_sensors.py
[2024-03-18T08:24:57.198+0000] {logging_mixin.py:188} INFO - [2024-03-18T08:24:57.197+0000] {dag.py:3047} INFO - Sync 1 DAGs
[2024-03-18T08:24:57.210+0000] {logging_mixin.py:188} INFO - [2024-03-18T08:24:57.210+0000] {dag.py:3834} INFO - Setting next_dagrun for example_sensors to None, run_after=None
[2024-03-18T08:24:57.234+0000] {processor.py:183} INFO - Processing /home/ubuntu/air_venv/lib/python3.10/site-packages/airflow/example_dags/example_sensors.py took 0.076 seconds
[2024-03-18T08:26:04.082+0000] {processor.py:161} INFO - Started process (PID=15382) to work on /home/ubuntu/air_venv/lib/python3.10/site-packages/airflow/example_dags/example_sensors.py
[2024-03-18T08:26:04.085+0000] {processor.py:830} INFO - Processing file /home/ubuntu/air_venv/lib/python3.10/site-packages/airflow/example_dags/example_sensors.py for tasks to queue
[2024-03-18T08:26:04.086+0000] {logging_mixin.py:188} INFO - [2024-03-18T08:26:04.086+0000] {dagbag.py:540} INFO - Filling up the DagBag from /home/ubuntu/air_venv/lib/python3.10/site-packages/airflow/example_dags/example_sensors.py
[2024-03-18T08:26:04.108+0000] {processor.py:840} INFO - DAG(s) 'example_sensors' retrieved from /home/ubuntu/air_venv/lib/python3.10/site-packages/airflow/example_dags/example_sensors.py
[2024-03-18T08:26:04.199+0000] {logging_mixin.py:188} INFO - [2024-03-18T08:26:04.198+0000] {dag.py:3047} INFO - Sync 1 DAGs
[2024-03-18T08:26:04.251+0000] {logging_mixin.py:188} INFO - [2024-03-18T08:26:04.250+0000] {dag.py:3834} INFO - Setting next_dagrun for example_sensors to None, run_after=None
[2024-03-18T08:26:04.367+0000] {processor.py:183} INFO - Processing /home/ubuntu/air_venv/lib/python3.10/site-packages/airflow/example_dags/example_sensors.py took 0.289 seconds
[2024-03-18T08:27:05.237+0000] {processor.py:161} INFO - Started process (PID=15501) to work on /home/ubuntu/air_venv/lib/python3.10/site-packages/airflow/example_dags/example_sensors.py
[2024-03-18T08:27:05.240+0000] {processor.py:830} INFO - Processing file /home/ubuntu/air_venv/lib/python3.10/site-packages/airflow/example_dags/example_sensors.py for tasks to queue
[2024-03-18T08:27:05.241+0000] {logging_mixin.py:188} INFO - [2024-03-18T08:27:05.241+0000] {dagbag.py:540} INFO - Filling up the DagBag from /home/ubuntu/air_venv/lib/python3.10/site-packages/airflow/example_dags/example_sensors.py
[2024-03-18T08:27:05.253+0000] {processor.py:840} INFO - DAG(s) 'example_sensors' retrieved from /home/ubuntu/air_venv/lib/python3.10/site-packages/airflow/example_dags/example_sensors.py
[2024-03-18T08:27:05.277+0000] {logging_mixin.py:188} INFO - [2024-03-18T08:27:05.276+0000] {dag.py:3047} INFO - Sync 1 DAGs
[2024-03-18T08:27:05.290+0000] {logging_mixin.py:188} INFO - [2024-03-18T08:27:05.290+0000] {dag.py:3834} INFO - Setting next_dagrun for example_sensors to None, run_after=None
[2024-03-18T08:27:05.317+0000] {processor.py:183} INFO - Processing /home/ubuntu/air_venv/lib/python3.10/site-packages/airflow/example_dags/example_sensors.py took 0.084 seconds
[2024-03-18T08:28:08.242+0000] {processor.py:161} INFO - Started process (PID=15624) to work on /home/ubuntu/air_venv/lib/python3.10/site-packages/airflow/example_dags/example_sensors.py
[2024-03-18T08:28:08.243+0000] {processor.py:830} INFO - Processing file /home/ubuntu/air_venv/lib/python3.10/site-packages/airflow/example_dags/example_sensors.py for tasks to queue
[2024-03-18T08:28:08.245+0000] {logging_mixin.py:188} INFO - [2024-03-18T08:28:08.244+0000] {dagbag.py:540} INFO - Filling up the DagBag from /home/ubuntu/air_venv/lib/python3.10/site-packages/airflow/example_dags/example_sensors.py
[2024-03-18T08:28:08.256+0000] {processor.py:840} INFO - DAG(s) 'example_sensors' retrieved from /home/ubuntu/air_venv/lib/python3.10/site-packages/airflow/example_dags/example_sensors.py
[2024-03-18T08:28:08.279+0000] {logging_mixin.py:188} INFO - [2024-03-18T08:28:08.279+0000] {dag.py:3047} INFO - Sync 1 DAGs
[2024-03-18T08:28:08.293+0000] {logging_mixin.py:188} INFO - [2024-03-18T08:28:08.293+0000] {dag.py:3834} INFO - Setting next_dagrun for example_sensors to None, run_after=None
[2024-03-18T08:28:08.319+0000] {processor.py:183} INFO - Processing /home/ubuntu/air_venv/lib/python3.10/site-packages/airflow/example_dags/example_sensors.py took 0.081 seconds
[2024-03-18T08:29:11.307+0000] {processor.py:161} INFO - Started process (PID=15745) to work on /home/ubuntu/air_venv/lib/python3.10/site-packages/airflow/example_dags/example_sensors.py
[2024-03-18T08:29:11.310+0000] {processor.py:830} INFO - Processing file /home/ubuntu/air_venv/lib/python3.10/site-packages/airflow/example_dags/example_sensors.py for tasks to queue
[2024-03-18T08:29:11.311+0000] {logging_mixin.py:188} INFO - [2024-03-18T08:29:11.310+0000] {dagbag.py:540} INFO - Filling up the DagBag from /home/ubuntu/air_venv/lib/python3.10/site-packages/airflow/example_dags/example_sensors.py
[2024-03-18T08:29:11.322+0000] {processor.py:840} INFO - DAG(s) 'example_sensors' retrieved from /home/ubuntu/air_venv/lib/python3.10/site-packages/airflow/example_dags/example_sensors.py
[2024-03-18T08:29:11.347+0000] {logging_mixin.py:188} INFO - [2024-03-18T08:29:11.346+0000] {dag.py:3047} INFO - Sync 1 DAGs
[2024-03-18T08:29:11.360+0000] {logging_mixin.py:188} INFO - [2024-03-18T08:29:11.360+0000] {dag.py:3834} INFO - Setting next_dagrun for example_sensors to None, run_after=None
[2024-03-18T08:29:11.385+0000] {processor.py:183} INFO - Processing /home/ubuntu/air_venv/lib/python3.10/site-packages/airflow/example_dags/example_sensors.py took 0.082 seconds
