[2024-03-18T08:00:40.699+0000] {processor.py:161} INFO - Started process (PID=3185) to work on /home/ubuntu/air_venv/lib/python3.10/site-packages/airflow/example_dags/example_branch_datetime_operator.py
[2024-03-18T08:00:40.700+0000] {processor.py:830} INFO - Processing file /home/ubuntu/air_venv/lib/python3.10/site-packages/airflow/example_dags/example_branch_datetime_operator.py for tasks to queue
[2024-03-18T08:00:40.701+0000] {logging_mixin.py:188} INFO - [2024-03-18T08:00:40.701+0000] {dagbag.py:540} INFO - Filling up the DagBag from /home/ubuntu/air_venv/lib/python3.10/site-packages/airflow/example_dags/example_branch_datetime_operator.py
[2024-03-18T08:00:40.713+0000] {processor.py:840} INFO - DAG(s) 'example_branch_datetime_operator_2', 'example_branch_datetime_operator_3', 'example_branch_datetime_operator' retrieved from /home/ubuntu/air_venv/lib/python3.10/site-packages/airflow/example_dags/example_branch_datetime_operator.py
[2024-03-18T08:00:40.835+0000] {logging_mixin.py:188} INFO - [2024-03-18T08:00:40.834+0000] {override.py:1769} INFO - Created Permission View: can edit on DAG:example_branch_datetime_operator_2
[2024-03-18T08:00:40.852+0000] {logging_mixin.py:188} INFO - [2024-03-18T08:00:40.852+0000] {override.py:1769} INFO - Created Permission View: can delete on DAG:example_branch_datetime_operator_2
[2024-03-18T08:00:40.864+0000] {logging_mixin.py:188} INFO - [2024-03-18T08:00:40.863+0000] {override.py:1769} INFO - Created Permission View: can read on DAG:example_branch_datetime_operator_2
[2024-03-18T08:00:40.890+0000] {logging_mixin.py:188} INFO - [2024-03-18T08:00:40.889+0000] {override.py:1769} INFO - Created Permission View: can edit on DAG:example_branch_datetime_operator_3
[2024-03-18T08:00:40.903+0000] {logging_mixin.py:188} INFO - [2024-03-18T08:00:40.903+0000] {override.py:1769} INFO - Created Permission View: can delete on DAG:example_branch_datetime_operator_3
[2024-03-18T08:00:40.914+0000] {logging_mixin.py:188} INFO - [2024-03-18T08:00:40.914+0000] {override.py:1769} INFO - Created Permission View: can read on DAG:example_branch_datetime_operator_3
[2024-03-18T08:00:40.940+0000] {logging_mixin.py:188} INFO - [2024-03-18T08:00:40.939+0000] {override.py:1769} INFO - Created Permission View: can edit on DAG:example_branch_datetime_operator
[2024-03-18T08:00:40.951+0000] {logging_mixin.py:188} INFO - [2024-03-18T08:00:40.951+0000] {override.py:1769} INFO - Created Permission View: can delete on DAG:example_branch_datetime_operator
[2024-03-18T08:00:40.963+0000] {logging_mixin.py:188} INFO - [2024-03-18T08:00:40.962+0000] {override.py:1769} INFO - Created Permission View: can read on DAG:example_branch_datetime_operator
[2024-03-18T08:00:40.964+0000] {logging_mixin.py:188} INFO - [2024-03-18T08:00:40.963+0000] {dag.py:3047} INFO - Sync 3 DAGs
[2024-03-18T08:00:41.119+0000] {logging_mixin.py:188} INFO - [2024-03-18T08:00:41.119+0000] {dag.py:3069} INFO - Creating ORM DAG for example_branch_datetime_operator_2
[2024-03-18T08:00:41.120+0000] {logging_mixin.py:188} INFO - [2024-03-18T08:00:41.120+0000] {dag.py:3069} INFO - Creating ORM DAG for example_branch_datetime_operator_3
[2024-03-18T08:00:41.121+0000] {logging_mixin.py:188} INFO - [2024-03-18T08:00:41.120+0000] {dag.py:3069} INFO - Creating ORM DAG for example_branch_datetime_operator
[2024-03-18T08:00:41.131+0000] {logging_mixin.py:188} INFO - [2024-03-18T08:00:41.131+0000] {dag.py:3834} INFO - Setting next_dagrun for example_branch_datetime_operator to 2024-03-17 00:00:00+00:00, run_after=2024-03-18 00:00:00+00:00
[2024-03-18T08:00:41.133+0000] {logging_mixin.py:188} INFO - [2024-03-18T08:00:41.133+0000] {dag.py:3834} INFO - Setting next_dagrun for example_branch_datetime_operator_2 to 2024-03-17 00:00:00+00:00, run_after=2024-03-18 00:00:00+00:00
[2024-03-18T08:00:41.136+0000] {logging_mixin.py:188} INFO - [2024-03-18T08:00:41.135+0000] {dag.py:3834} INFO - Setting next_dagrun for example_branch_datetime_operator_3 to 2024-03-17 00:00:00+00:00, run_after=2024-03-18 00:00:00+00:00
[2024-03-18T08:00:41.161+0000] {processor.py:183} INFO - Processing /home/ubuntu/air_venv/lib/python3.10/site-packages/airflow/example_dags/example_branch_datetime_operator.py took 0.466 seconds
[2024-03-18T08:01:32.628+0000] {processor.py:161} INFO - Started process (PID=3595) to work on /home/ubuntu/air_venv/lib/python3.10/site-packages/airflow/example_dags/example_branch_datetime_operator.py
[2024-03-18T08:01:32.630+0000] {processor.py:830} INFO - Processing file /home/ubuntu/air_venv/lib/python3.10/site-packages/airflow/example_dags/example_branch_datetime_operator.py for tasks to queue
[2024-03-18T08:01:32.631+0000] {logging_mixin.py:188} INFO - [2024-03-18T08:01:32.631+0000] {dagbag.py:540} INFO - Filling up the DagBag from /home/ubuntu/air_venv/lib/python3.10/site-packages/airflow/example_dags/example_branch_datetime_operator.py
[2024-03-18T08:01:32.643+0000] {processor.py:840} INFO - DAG(s) 'example_branch_datetime_operator_2', 'example_branch_datetime_operator_3', 'example_branch_datetime_operator' retrieved from /home/ubuntu/air_venv/lib/python3.10/site-packages/airflow/example_dags/example_branch_datetime_operator.py
[2024-03-18T08:01:32.667+0000] {logging_mixin.py:188} INFO - [2024-03-18T08:01:32.667+0000] {dag.py:3047} INFO - Sync 3 DAGs
[2024-03-18T08:01:32.691+0000] {logging_mixin.py:188} INFO - [2024-03-18T08:01:32.691+0000] {dag.py:3834} INFO - Setting next_dagrun for example_branch_datetime_operator to 2024-03-17 00:00:00+00:00, run_after=2024-03-18 00:00:00+00:00
[2024-03-18T08:01:32.696+0000] {logging_mixin.py:188} INFO - [2024-03-18T08:01:32.696+0000] {dag.py:3834} INFO - Setting next_dagrun for example_branch_datetime_operator_2 to 2024-03-17 00:00:00+00:00, run_after=2024-03-18 00:00:00+00:00
[2024-03-18T08:01:32.699+0000] {logging_mixin.py:188} INFO - [2024-03-18T08:01:32.698+0000] {dag.py:3834} INFO - Setting next_dagrun for example_branch_datetime_operator_3 to 2024-03-17 00:00:00+00:00, run_after=2024-03-18 00:00:00+00:00
[2024-03-18T08:01:32.723+0000] {processor.py:183} INFO - Processing /home/ubuntu/air_venv/lib/python3.10/site-packages/airflow/example_dags/example_branch_datetime_operator.py took 0.099 seconds
[2024-03-18T08:02:53.107+0000] {processor.py:161} INFO - Started process (PID=4352) to work on /home/ubuntu/air_venv/lib/python3.10/site-packages/airflow/example_dags/example_branch_datetime_operator.py
[2024-03-18T08:02:53.109+0000] {processor.py:830} INFO - Processing file /home/ubuntu/air_venv/lib/python3.10/site-packages/airflow/example_dags/example_branch_datetime_operator.py for tasks to queue
[2024-03-18T08:02:53.110+0000] {logging_mixin.py:188} INFO - [2024-03-18T08:02:53.110+0000] {dagbag.py:540} INFO - Filling up the DagBag from /home/ubuntu/air_venv/lib/python3.10/site-packages/airflow/example_dags/example_branch_datetime_operator.py
[2024-03-18T08:02:53.262+0000] {processor.py:840} INFO - DAG(s) 'example_branch_datetime_operator', 'example_branch_datetime_operator_3', 'example_branch_datetime_operator_2' retrieved from /home/ubuntu/air_venv/lib/python3.10/site-packages/airflow/example_dags/example_branch_datetime_operator.py
[2024-03-18T08:02:53.280+0000] {logging_mixin.py:188} INFO - [2024-03-18T08:02:53.280+0000] {dag.py:3047} INFO - Sync 3 DAGs
[2024-03-18T08:02:53.300+0000] {logging_mixin.py:188} INFO - [2024-03-18T08:02:53.300+0000] {dag.py:3834} INFO - Setting next_dagrun for example_branch_datetime_operator to 2024-03-17 00:00:00+00:00, run_after=2024-03-18 00:00:00+00:00
[2024-03-18T08:02:53.305+0000] {logging_mixin.py:188} INFO - [2024-03-18T08:02:53.305+0000] {dag.py:3834} INFO - Setting next_dagrun for example_branch_datetime_operator_2 to 2024-03-17 00:00:00+00:00, run_after=2024-03-18 00:00:00+00:00
[2024-03-18T08:02:53.308+0000] {logging_mixin.py:188} INFO - [2024-03-18T08:02:53.307+0000] {dag.py:3834} INFO - Setting next_dagrun for example_branch_datetime_operator_3 to 2024-03-17 00:00:00+00:00, run_after=2024-03-18 00:00:00+00:00
[2024-03-18T08:02:53.329+0000] {processor.py:183} INFO - Processing /home/ubuntu/air_venv/lib/python3.10/site-packages/airflow/example_dags/example_branch_datetime_operator.py took 0.226 seconds
[2024-03-18T08:03:59.297+0000] {processor.py:161} INFO - Started process (PID=4813) to work on /home/ubuntu/air_venv/lib/python3.10/site-packages/airflow/example_dags/example_branch_datetime_operator.py
[2024-03-18T08:03:59.299+0000] {processor.py:830} INFO - Processing file /home/ubuntu/air_venv/lib/python3.10/site-packages/airflow/example_dags/example_branch_datetime_operator.py for tasks to queue
[2024-03-18T08:03:59.300+0000] {logging_mixin.py:188} INFO - [2024-03-18T08:03:59.300+0000] {dagbag.py:540} INFO - Filling up the DagBag from /home/ubuntu/air_venv/lib/python3.10/site-packages/airflow/example_dags/example_branch_datetime_operator.py
[2024-03-18T08:03:59.312+0000] {processor.py:840} INFO - DAG(s) 'example_branch_datetime_operator', 'example_branch_datetime_operator_3', 'example_branch_datetime_operator_2' retrieved from /home/ubuntu/air_venv/lib/python3.10/site-packages/airflow/example_dags/example_branch_datetime_operator.py
[2024-03-18T08:03:59.336+0000] {logging_mixin.py:188} INFO - [2024-03-18T08:03:59.336+0000] {dag.py:3047} INFO - Sync 3 DAGs
[2024-03-18T08:03:59.360+0000] {logging_mixin.py:188} INFO - [2024-03-18T08:03:59.360+0000] {dag.py:3834} INFO - Setting next_dagrun for example_branch_datetime_operator to 2024-03-17 00:00:00+00:00, run_after=2024-03-18 00:00:00+00:00
[2024-03-18T08:03:59.366+0000] {logging_mixin.py:188} INFO - [2024-03-18T08:03:59.366+0000] {dag.py:3834} INFO - Setting next_dagrun for example_branch_datetime_operator_2 to 2024-03-17 00:00:00+00:00, run_after=2024-03-18 00:00:00+00:00
[2024-03-18T08:03:59.370+0000] {logging_mixin.py:188} INFO - [2024-03-18T08:03:59.369+0000] {dag.py:3834} INFO - Setting next_dagrun for example_branch_datetime_operator_3 to 2024-03-17 00:00:00+00:00, run_after=2024-03-18 00:00:00+00:00
[2024-03-18T08:03:59.400+0000] {processor.py:183} INFO - Processing /home/ubuntu/air_venv/lib/python3.10/site-packages/airflow/example_dags/example_branch_datetime_operator.py took 0.107 seconds
[2024-03-18T08:05:15.648+0000] {processor.py:161} INFO - Started process (PID=5430) to work on /home/ubuntu/air_venv/lib/python3.10/site-packages/airflow/example_dags/example_branch_datetime_operator.py
[2024-03-18T08:05:15.650+0000] {processor.py:830} INFO - Processing file /home/ubuntu/air_venv/lib/python3.10/site-packages/airflow/example_dags/example_branch_datetime_operator.py for tasks to queue
[2024-03-18T08:05:15.651+0000] {logging_mixin.py:188} INFO - [2024-03-18T08:05:15.651+0000] {dagbag.py:540} INFO - Filling up the DagBag from /home/ubuntu/air_venv/lib/python3.10/site-packages/airflow/example_dags/example_branch_datetime_operator.py
[2024-03-18T08:05:15.665+0000] {processor.py:840} INFO - DAG(s) 'example_branch_datetime_operator_2', 'example_branch_datetime_operator', 'example_branch_datetime_operator_3' retrieved from /home/ubuntu/air_venv/lib/python3.10/site-packages/airflow/example_dags/example_branch_datetime_operator.py
[2024-03-18T08:05:15.690+0000] {logging_mixin.py:188} INFO - [2024-03-18T08:05:15.690+0000] {dag.py:3047} INFO - Sync 3 DAGs
[2024-03-18T08:05:15.714+0000] {logging_mixin.py:188} INFO - [2024-03-18T08:05:15.714+0000] {dag.py:3834} INFO - Setting next_dagrun for example_branch_datetime_operator to 2024-03-17 00:00:00+00:00, run_after=2024-03-18 00:00:00+00:00
[2024-03-18T08:05:15.722+0000] {logging_mixin.py:188} INFO - [2024-03-18T08:05:15.721+0000] {dag.py:3834} INFO - Setting next_dagrun for example_branch_datetime_operator_2 to 2024-03-17 00:00:00+00:00, run_after=2024-03-18 00:00:00+00:00
[2024-03-18T08:05:15.724+0000] {logging_mixin.py:188} INFO - [2024-03-18T08:05:15.724+0000] {dag.py:3834} INFO - Setting next_dagrun for example_branch_datetime_operator_3 to 2024-03-17 00:00:00+00:00, run_after=2024-03-18 00:00:00+00:00
[2024-03-18T08:05:15.750+0000] {processor.py:183} INFO - Processing /home/ubuntu/air_venv/lib/python3.10/site-packages/airflow/example_dags/example_branch_datetime_operator.py took 0.106 seconds
[2024-03-18T08:06:50.354+0000] {processor.py:161} INFO - Started process (PID=6610) to work on /home/ubuntu/air_venv/lib/python3.10/site-packages/airflow/example_dags/example_branch_datetime_operator.py
[2024-03-18T08:06:50.356+0000] {processor.py:830} INFO - Processing file /home/ubuntu/air_venv/lib/python3.10/site-packages/airflow/example_dags/example_branch_datetime_operator.py for tasks to queue
[2024-03-18T08:06:50.357+0000] {logging_mixin.py:188} INFO - [2024-03-18T08:06:50.357+0000] {dagbag.py:540} INFO - Filling up the DagBag from /home/ubuntu/air_venv/lib/python3.10/site-packages/airflow/example_dags/example_branch_datetime_operator.py
[2024-03-18T08:06:50.369+0000] {processor.py:840} INFO - DAG(s) 'example_branch_datetime_operator_2', 'example_branch_datetime_operator_3', 'example_branch_datetime_operator' retrieved from /home/ubuntu/air_venv/lib/python3.10/site-packages/airflow/example_dags/example_branch_datetime_operator.py
[2024-03-18T08:06:50.393+0000] {logging_mixin.py:188} INFO - [2024-03-18T08:06:50.393+0000] {dag.py:3047} INFO - Sync 3 DAGs
[2024-03-18T08:06:50.417+0000] {logging_mixin.py:188} INFO - [2024-03-18T08:06:50.417+0000] {dag.py:3834} INFO - Setting next_dagrun for example_branch_datetime_operator to 2024-03-17 00:00:00+00:00, run_after=2024-03-18 00:00:00+00:00
[2024-03-18T08:06:50.422+0000] {logging_mixin.py:188} INFO - [2024-03-18T08:06:50.422+0000] {dag.py:3834} INFO - Setting next_dagrun for example_branch_datetime_operator_2 to 2024-03-17 00:00:00+00:00, run_after=2024-03-18 00:00:00+00:00
[2024-03-18T08:06:50.425+0000] {logging_mixin.py:188} INFO - [2024-03-18T08:06:50.425+0000] {dag.py:3834} INFO - Setting next_dagrun for example_branch_datetime_operator_3 to 2024-03-17 00:00:00+00:00, run_after=2024-03-18 00:00:00+00:00
[2024-03-18T08:06:50.446+0000] {processor.py:183} INFO - Processing /home/ubuntu/air_venv/lib/python3.10/site-packages/airflow/example_dags/example_branch_datetime_operator.py took 0.096 seconds
[2024-03-18T08:08:05.149+0000] {processor.py:161} INFO - Started process (PID=7221) to work on /home/ubuntu/air_venv/lib/python3.10/site-packages/airflow/example_dags/example_branch_datetime_operator.py
[2024-03-18T08:08:05.151+0000] {processor.py:830} INFO - Processing file /home/ubuntu/air_venv/lib/python3.10/site-packages/airflow/example_dags/example_branch_datetime_operator.py for tasks to queue
[2024-03-18T08:08:05.153+0000] {logging_mixin.py:188} INFO - [2024-03-18T08:08:05.152+0000] {dagbag.py:540} INFO - Filling up the DagBag from /home/ubuntu/air_venv/lib/python3.10/site-packages/airflow/example_dags/example_branch_datetime_operator.py
[2024-03-18T08:08:05.165+0000] {processor.py:840} INFO - DAG(s) 'example_branch_datetime_operator', 'example_branch_datetime_operator_3', 'example_branch_datetime_operator_2' retrieved from /home/ubuntu/air_venv/lib/python3.10/site-packages/airflow/example_dags/example_branch_datetime_operator.py
[2024-03-18T08:08:05.192+0000] {logging_mixin.py:188} INFO - [2024-03-18T08:08:05.191+0000] {dag.py:3047} INFO - Sync 3 DAGs
[2024-03-18T08:08:05.216+0000] {logging_mixin.py:188} INFO - [2024-03-18T08:08:05.216+0000] {dag.py:3834} INFO - Setting next_dagrun for example_branch_datetime_operator to 2024-03-17 00:00:00+00:00, run_after=2024-03-18 00:00:00+00:00
[2024-03-18T08:08:05.222+0000] {logging_mixin.py:188} INFO - [2024-03-18T08:08:05.222+0000] {dag.py:3834} INFO - Setting next_dagrun for example_branch_datetime_operator_2 to 2024-03-17 00:00:00+00:00, run_after=2024-03-18 00:00:00+00:00
[2024-03-18T08:08:05.226+0000] {logging_mixin.py:188} INFO - [2024-03-18T08:08:05.225+0000] {dag.py:3834} INFO - Setting next_dagrun for example_branch_datetime_operator_3 to 2024-03-17 00:00:00+00:00, run_after=2024-03-18 00:00:00+00:00
[2024-03-18T08:08:05.252+0000] {processor.py:183} INFO - Processing /home/ubuntu/air_venv/lib/python3.10/site-packages/airflow/example_dags/example_branch_datetime_operator.py took 0.107 seconds
[2024-03-18T08:09:14.965+0000] {processor.py:161} INFO - Started process (PID=7720) to work on /home/ubuntu/air_venv/lib/python3.10/site-packages/airflow/example_dags/example_branch_datetime_operator.py
[2024-03-18T08:09:14.967+0000] {processor.py:830} INFO - Processing file /home/ubuntu/air_venv/lib/python3.10/site-packages/airflow/example_dags/example_branch_datetime_operator.py for tasks to queue
[2024-03-18T08:09:14.968+0000] {logging_mixin.py:188} INFO - [2024-03-18T08:09:14.968+0000] {dagbag.py:540} INFO - Filling up the DagBag from /home/ubuntu/air_venv/lib/python3.10/site-packages/airflow/example_dags/example_branch_datetime_operator.py
[2024-03-18T08:09:14.981+0000] {processor.py:840} INFO - DAG(s) 'example_branch_datetime_operator_3', 'example_branch_datetime_operator_2', 'example_branch_datetime_operator' retrieved from /home/ubuntu/air_venv/lib/python3.10/site-packages/airflow/example_dags/example_branch_datetime_operator.py
[2024-03-18T08:09:15.006+0000] {logging_mixin.py:188} INFO - [2024-03-18T08:09:15.005+0000] {dag.py:3047} INFO - Sync 3 DAGs
[2024-03-18T08:09:15.032+0000] {logging_mixin.py:188} INFO - [2024-03-18T08:09:15.032+0000] {dag.py:3834} INFO - Setting next_dagrun for example_branch_datetime_operator to 2024-03-17 00:00:00+00:00, run_after=2024-03-18 00:00:00+00:00
[2024-03-18T08:09:15.038+0000] {logging_mixin.py:188} INFO - [2024-03-18T08:09:15.038+0000] {dag.py:3834} INFO - Setting next_dagrun for example_branch_datetime_operator_2 to 2024-03-17 00:00:00+00:00, run_after=2024-03-18 00:00:00+00:00
[2024-03-18T08:09:15.041+0000] {logging_mixin.py:188} INFO - [2024-03-18T08:09:15.041+0000] {dag.py:3834} INFO - Setting next_dagrun for example_branch_datetime_operator_3 to 2024-03-17 00:00:00+00:00, run_after=2024-03-18 00:00:00+00:00
[2024-03-18T08:09:15.066+0000] {processor.py:183} INFO - Processing /home/ubuntu/air_venv/lib/python3.10/site-packages/airflow/example_dags/example_branch_datetime_operator.py took 0.104 seconds
[2024-03-18T08:10:17.594+0000] {processor.py:161} INFO - Started process (PID=8262) to work on /home/ubuntu/air_venv/lib/python3.10/site-packages/airflow/example_dags/example_branch_datetime_operator.py
[2024-03-18T08:10:17.596+0000] {processor.py:830} INFO - Processing file /home/ubuntu/air_venv/lib/python3.10/site-packages/airflow/example_dags/example_branch_datetime_operator.py for tasks to queue
[2024-03-18T08:10:17.597+0000] {logging_mixin.py:188} INFO - [2024-03-18T08:10:17.596+0000] {dagbag.py:540} INFO - Filling up the DagBag from /home/ubuntu/air_venv/lib/python3.10/site-packages/airflow/example_dags/example_branch_datetime_operator.py
[2024-03-18T08:10:17.608+0000] {processor.py:840} INFO - DAG(s) 'example_branch_datetime_operator', 'example_branch_datetime_operator_2', 'example_branch_datetime_operator_3' retrieved from /home/ubuntu/air_venv/lib/python3.10/site-packages/airflow/example_dags/example_branch_datetime_operator.py
[2024-03-18T08:10:17.634+0000] {logging_mixin.py:188} INFO - [2024-03-18T08:10:17.633+0000] {dag.py:3047} INFO - Sync 3 DAGs
[2024-03-18T08:10:17.658+0000] {logging_mixin.py:188} INFO - [2024-03-18T08:10:17.657+0000] {dag.py:3834} INFO - Setting next_dagrun for example_branch_datetime_operator to 2024-03-17 00:00:00+00:00, run_after=2024-03-18 00:00:00+00:00
[2024-03-18T08:10:17.663+0000] {logging_mixin.py:188} INFO - [2024-03-18T08:10:17.663+0000] {dag.py:3834} INFO - Setting next_dagrun for example_branch_datetime_operator_2 to 2024-03-17 00:00:00+00:00, run_after=2024-03-18 00:00:00+00:00
[2024-03-18T08:10:17.666+0000] {logging_mixin.py:188} INFO - [2024-03-18T08:10:17.666+0000] {dag.py:3834} INFO - Setting next_dagrun for example_branch_datetime_operator_3 to 2024-03-17 00:00:00+00:00, run_after=2024-03-18 00:00:00+00:00
[2024-03-18T08:10:17.690+0000] {processor.py:183} INFO - Processing /home/ubuntu/air_venv/lib/python3.10/site-packages/airflow/example_dags/example_branch_datetime_operator.py took 0.100 seconds
[2024-03-18T08:11:16.860+0000] {processor.py:161} INFO - Started process (PID=8708) to work on /home/ubuntu/air_venv/lib/python3.10/site-packages/airflow/example_dags/example_branch_datetime_operator.py
[2024-03-18T08:11:16.862+0000] {processor.py:830} INFO - Processing file /home/ubuntu/air_venv/lib/python3.10/site-packages/airflow/example_dags/example_branch_datetime_operator.py for tasks to queue
[2024-03-18T08:11:16.864+0000] {logging_mixin.py:188} INFO - [2024-03-18T08:11:16.863+0000] {dagbag.py:540} INFO - Filling up the DagBag from /home/ubuntu/air_venv/lib/python3.10/site-packages/airflow/example_dags/example_branch_datetime_operator.py
[2024-03-18T08:11:16.877+0000] {processor.py:840} INFO - DAG(s) 'example_branch_datetime_operator_3', 'example_branch_datetime_operator_2', 'example_branch_datetime_operator' retrieved from /home/ubuntu/air_venv/lib/python3.10/site-packages/airflow/example_dags/example_branch_datetime_operator.py
[2024-03-18T08:11:16.903+0000] {logging_mixin.py:188} INFO - [2024-03-18T08:11:16.903+0000] {dag.py:3047} INFO - Sync 3 DAGs
[2024-03-18T08:11:16.927+0000] {logging_mixin.py:188} INFO - [2024-03-18T08:11:16.926+0000] {dag.py:3834} INFO - Setting next_dagrun for example_branch_datetime_operator to 2024-03-17 00:00:00+00:00, run_after=2024-03-18 00:00:00+00:00
[2024-03-18T08:11:16.933+0000] {logging_mixin.py:188} INFO - [2024-03-18T08:11:16.932+0000] {dag.py:3834} INFO - Setting next_dagrun for example_branch_datetime_operator_2 to 2024-03-17 00:00:00+00:00, run_after=2024-03-18 00:00:00+00:00
[2024-03-18T08:11:16.935+0000] {logging_mixin.py:188} INFO - [2024-03-18T08:11:16.935+0000] {dag.py:3834} INFO - Setting next_dagrun for example_branch_datetime_operator_3 to 2024-03-17 00:00:00+00:00, run_after=2024-03-18 00:00:00+00:00
[2024-03-18T08:11:16.959+0000] {processor.py:183} INFO - Processing /home/ubuntu/air_venv/lib/python3.10/site-packages/airflow/example_dags/example_branch_datetime_operator.py took 0.103 seconds
[2024-03-18T08:12:18.476+0000] {processor.py:161} INFO - Started process (PID=9011) to work on /home/ubuntu/air_venv/lib/python3.10/site-packages/airflow/example_dags/example_branch_datetime_operator.py
[2024-03-18T08:12:18.478+0000] {processor.py:830} INFO - Processing file /home/ubuntu/air_venv/lib/python3.10/site-packages/airflow/example_dags/example_branch_datetime_operator.py for tasks to queue
[2024-03-18T08:12:18.479+0000] {logging_mixin.py:188} INFO - [2024-03-18T08:12:18.479+0000] {dagbag.py:540} INFO - Filling up the DagBag from /home/ubuntu/air_venv/lib/python3.10/site-packages/airflow/example_dags/example_branch_datetime_operator.py
[2024-03-18T08:12:18.491+0000] {processor.py:840} INFO - DAG(s) 'example_branch_datetime_operator_2', 'example_branch_datetime_operator', 'example_branch_datetime_operator_3' retrieved from /home/ubuntu/air_venv/lib/python3.10/site-packages/airflow/example_dags/example_branch_datetime_operator.py
[2024-03-18T08:12:18.517+0000] {logging_mixin.py:188} INFO - [2024-03-18T08:12:18.517+0000] {dag.py:3047} INFO - Sync 3 DAGs
[2024-03-18T08:12:18.542+0000] {logging_mixin.py:188} INFO - [2024-03-18T08:12:18.542+0000] {dag.py:3834} INFO - Setting next_dagrun for example_branch_datetime_operator to 2024-03-17 00:00:00+00:00, run_after=2024-03-18 00:00:00+00:00
[2024-03-18T08:12:18.547+0000] {logging_mixin.py:188} INFO - [2024-03-18T08:12:18.547+0000] {dag.py:3834} INFO - Setting next_dagrun for example_branch_datetime_operator_2 to 2024-03-17 00:00:00+00:00, run_after=2024-03-18 00:00:00+00:00
[2024-03-18T08:12:18.550+0000] {logging_mixin.py:188} INFO - [2024-03-18T08:12:18.550+0000] {dag.py:3834} INFO - Setting next_dagrun for example_branch_datetime_operator_3 to 2024-03-17 00:00:00+00:00, run_after=2024-03-18 00:00:00+00:00
[2024-03-18T08:12:18.572+0000] {processor.py:183} INFO - Processing /home/ubuntu/air_venv/lib/python3.10/site-packages/airflow/example_dags/example_branch_datetime_operator.py took 0.099 seconds
[2024-03-18T08:13:25.627+0000] {processor.py:161} INFO - Started process (PID=9531) to work on /home/ubuntu/air_venv/lib/python3.10/site-packages/airflow/example_dags/example_branch_datetime_operator.py
[2024-03-18T08:13:25.630+0000] {processor.py:830} INFO - Processing file /home/ubuntu/air_venv/lib/python3.10/site-packages/airflow/example_dags/example_branch_datetime_operator.py for tasks to queue
[2024-03-18T08:13:25.631+0000] {logging_mixin.py:188} INFO - [2024-03-18T08:13:25.630+0000] {dagbag.py:540} INFO - Filling up the DagBag from /home/ubuntu/air_venv/lib/python3.10/site-packages/airflow/example_dags/example_branch_datetime_operator.py
[2024-03-18T08:13:25.643+0000] {processor.py:840} INFO - DAG(s) 'example_branch_datetime_operator_3', 'example_branch_datetime_operator', 'example_branch_datetime_operator_2' retrieved from /home/ubuntu/air_venv/lib/python3.10/site-packages/airflow/example_dags/example_branch_datetime_operator.py
[2024-03-18T08:13:25.675+0000] {logging_mixin.py:188} INFO - [2024-03-18T08:13:25.675+0000] {dag.py:3047} INFO - Sync 3 DAGs
[2024-03-18T08:13:25.700+0000] {logging_mixin.py:188} INFO - [2024-03-18T08:13:25.700+0000] {dag.py:3834} INFO - Setting next_dagrun for example_branch_datetime_operator to 2024-03-17 00:00:00+00:00, run_after=2024-03-18 00:00:00+00:00
[2024-03-18T08:13:25.707+0000] {logging_mixin.py:188} INFO - [2024-03-18T08:13:25.706+0000] {dag.py:3834} INFO - Setting next_dagrun for example_branch_datetime_operator_2 to 2024-03-17 00:00:00+00:00, run_after=2024-03-18 00:00:00+00:00
[2024-03-18T08:13:25.710+0000] {logging_mixin.py:188} INFO - [2024-03-18T08:13:25.709+0000] {dag.py:3834} INFO - Setting next_dagrun for example_branch_datetime_operator_3 to 2024-03-17 00:00:00+00:00, run_after=2024-03-18 00:00:00+00:00
[2024-03-18T08:13:25.733+0000] {processor.py:183} INFO - Processing /home/ubuntu/air_venv/lib/python3.10/site-packages/airflow/example_dags/example_branch_datetime_operator.py took 0.109 seconds
[2024-03-18T08:14:23.696+0000] {processor.py:161} INFO - Started process (PID=9771) to work on /home/ubuntu/air_venv/lib/python3.10/site-packages/airflow/example_dags/example_branch_datetime_operator.py
[2024-03-18T08:14:23.698+0000] {processor.py:830} INFO - Processing file /home/ubuntu/air_venv/lib/python3.10/site-packages/airflow/example_dags/example_branch_datetime_operator.py for tasks to queue
[2024-03-18T08:14:23.699+0000] {logging_mixin.py:188} INFO - [2024-03-18T08:14:23.698+0000] {dagbag.py:540} INFO - Filling up the DagBag from /home/ubuntu/air_venv/lib/python3.10/site-packages/airflow/example_dags/example_branch_datetime_operator.py
[2024-03-18T08:14:23.711+0000] {processor.py:840} INFO - DAG(s) 'example_branch_datetime_operator_3', 'example_branch_datetime_operator', 'example_branch_datetime_operator_2' retrieved from /home/ubuntu/air_venv/lib/python3.10/site-packages/airflow/example_dags/example_branch_datetime_operator.py
[2024-03-18T08:14:23.736+0000] {logging_mixin.py:188} INFO - [2024-03-18T08:14:23.735+0000] {dag.py:3047} INFO - Sync 3 DAGs
[2024-03-18T08:14:23.759+0000] {logging_mixin.py:188} INFO - [2024-03-18T08:14:23.759+0000] {dag.py:3834} INFO - Setting next_dagrun for example_branch_datetime_operator to 2024-03-17 00:00:00+00:00, run_after=2024-03-18 00:00:00+00:00
[2024-03-18T08:14:23.765+0000] {logging_mixin.py:188} INFO - [2024-03-18T08:14:23.764+0000] {dag.py:3834} INFO - Setting next_dagrun for example_branch_datetime_operator_2 to 2024-03-17 00:00:00+00:00, run_after=2024-03-18 00:00:00+00:00
[2024-03-18T08:14:23.767+0000] {logging_mixin.py:188} INFO - [2024-03-18T08:14:23.767+0000] {dag.py:3834} INFO - Setting next_dagrun for example_branch_datetime_operator_3 to 2024-03-17 00:00:00+00:00, run_after=2024-03-18 00:00:00+00:00
[2024-03-18T08:14:23.793+0000] {processor.py:183} INFO - Processing /home/ubuntu/air_venv/lib/python3.10/site-packages/airflow/example_dags/example_branch_datetime_operator.py took 0.100 seconds
[2024-03-18T08:15:44.441+0000] {processor.py:161} INFO - Started process (PID=10662) to work on /home/ubuntu/air_venv/lib/python3.10/site-packages/airflow/example_dags/example_branch_datetime_operator.py
[2024-03-18T08:15:44.443+0000] {processor.py:830} INFO - Processing file /home/ubuntu/air_venv/lib/python3.10/site-packages/airflow/example_dags/example_branch_datetime_operator.py for tasks to queue
[2024-03-18T08:15:44.444+0000] {logging_mixin.py:188} INFO - [2024-03-18T08:15:44.443+0000] {dagbag.py:540} INFO - Filling up the DagBag from /home/ubuntu/air_venv/lib/python3.10/site-packages/airflow/example_dags/example_branch_datetime_operator.py
[2024-03-18T08:15:44.456+0000] {processor.py:840} INFO - DAG(s) 'example_branch_datetime_operator_2', 'example_branch_datetime_operator', 'example_branch_datetime_operator_3' retrieved from /home/ubuntu/air_venv/lib/python3.10/site-packages/airflow/example_dags/example_branch_datetime_operator.py
[2024-03-18T08:15:44.481+0000] {logging_mixin.py:188} INFO - [2024-03-18T08:15:44.481+0000] {dag.py:3047} INFO - Sync 3 DAGs
[2024-03-18T08:15:44.533+0000] {logging_mixin.py:188} INFO - [2024-03-18T08:15:44.533+0000] {dag.py:3834} INFO - Setting next_dagrun for example_branch_datetime_operator to 2024-03-17 00:00:00+00:00, run_after=2024-03-18 00:00:00+00:00
[2024-03-18T08:15:44.543+0000] {logging_mixin.py:188} INFO - [2024-03-18T08:15:44.543+0000] {dag.py:3834} INFO - Setting next_dagrun for example_branch_datetime_operator_2 to 2024-03-17 00:00:00+00:00, run_after=2024-03-18 00:00:00+00:00
[2024-03-18T08:15:44.546+0000] {logging_mixin.py:188} INFO - [2024-03-18T08:15:44.545+0000] {dag.py:3834} INFO - Setting next_dagrun for example_branch_datetime_operator_3 to 2024-03-17 00:00:00+00:00, run_after=2024-03-18 00:00:00+00:00
[2024-03-18T08:15:44.569+0000] {processor.py:183} INFO - Processing /home/ubuntu/air_venv/lib/python3.10/site-packages/airflow/example_dags/example_branch_datetime_operator.py took 0.132 seconds
[2024-03-18T08:16:56.577+0000] {processor.py:161} INFO - Started process (PID=11547) to work on /home/ubuntu/air_venv/lib/python3.10/site-packages/airflow/example_dags/example_branch_datetime_operator.py
[2024-03-18T08:16:56.580+0000] {processor.py:830} INFO - Processing file /home/ubuntu/air_venv/lib/python3.10/site-packages/airflow/example_dags/example_branch_datetime_operator.py for tasks to queue
[2024-03-18T08:16:56.581+0000] {logging_mixin.py:188} INFO - [2024-03-18T08:16:56.580+0000] {dagbag.py:540} INFO - Filling up the DagBag from /home/ubuntu/air_venv/lib/python3.10/site-packages/airflow/example_dags/example_branch_datetime_operator.py
[2024-03-18T08:16:56.593+0000] {processor.py:840} INFO - DAG(s) 'example_branch_datetime_operator_2', 'example_branch_datetime_operator', 'example_branch_datetime_operator_3' retrieved from /home/ubuntu/air_venv/lib/python3.10/site-packages/airflow/example_dags/example_branch_datetime_operator.py
[2024-03-18T08:16:56.617+0000] {logging_mixin.py:188} INFO - [2024-03-18T08:16:56.617+0000] {dag.py:3047} INFO - Sync 3 DAGs
[2024-03-18T08:16:56.641+0000] {logging_mixin.py:188} INFO - [2024-03-18T08:16:56.641+0000] {dag.py:3834} INFO - Setting next_dagrun for example_branch_datetime_operator to 2024-03-17 00:00:00+00:00, run_after=2024-03-18 00:00:00+00:00
[2024-03-18T08:16:56.647+0000] {logging_mixin.py:188} INFO - [2024-03-18T08:16:56.646+0000] {dag.py:3834} INFO - Setting next_dagrun for example_branch_datetime_operator_2 to 2024-03-17 00:00:00+00:00, run_after=2024-03-18 00:00:00+00:00
[2024-03-18T08:16:56.649+0000] {logging_mixin.py:188} INFO - [2024-03-18T08:16:56.649+0000] {dag.py:3834} INFO - Setting next_dagrun for example_branch_datetime_operator_3 to 2024-03-17 00:00:00+00:00, run_after=2024-03-18 00:00:00+00:00
[2024-03-18T08:16:56.672+0000] {processor.py:183} INFO - Processing /home/ubuntu/air_venv/lib/python3.10/site-packages/airflow/example_dags/example_branch_datetime_operator.py took 0.099 seconds
[2024-03-18T08:18:30.440+0000] {processor.py:161} INFO - Started process (PID=12483) to work on /home/ubuntu/air_venv/lib/python3.10/site-packages/airflow/example_dags/example_branch_datetime_operator.py
[2024-03-18T08:18:30.442+0000] {processor.py:830} INFO - Processing file /home/ubuntu/air_venv/lib/python3.10/site-packages/airflow/example_dags/example_branch_datetime_operator.py for tasks to queue
[2024-03-18T08:18:30.444+0000] {logging_mixin.py:188} INFO - [2024-03-18T08:18:30.443+0000] {dagbag.py:540} INFO - Filling up the DagBag from /home/ubuntu/air_venv/lib/python3.10/site-packages/airflow/example_dags/example_branch_datetime_operator.py
[2024-03-18T08:18:30.456+0000] {processor.py:840} INFO - DAG(s) 'example_branch_datetime_operator_2', 'example_branch_datetime_operator_3', 'example_branch_datetime_operator' retrieved from /home/ubuntu/air_venv/lib/python3.10/site-packages/airflow/example_dags/example_branch_datetime_operator.py
[2024-03-18T08:18:30.480+0000] {logging_mixin.py:188} INFO - [2024-03-18T08:18:30.480+0000] {dag.py:3047} INFO - Sync 3 DAGs
[2024-03-18T08:18:30.503+0000] {logging_mixin.py:188} INFO - [2024-03-18T08:18:30.503+0000] {dag.py:3834} INFO - Setting next_dagrun for example_branch_datetime_operator to 2024-03-17 00:00:00+00:00, run_after=2024-03-18 00:00:00+00:00
[2024-03-18T08:18:30.508+0000] {logging_mixin.py:188} INFO - [2024-03-18T08:18:30.508+0000] {dag.py:3834} INFO - Setting next_dagrun for example_branch_datetime_operator_2 to 2024-03-17 00:00:00+00:00, run_after=2024-03-18 00:00:00+00:00
[2024-03-18T08:18:30.511+0000] {logging_mixin.py:188} INFO - [2024-03-18T08:18:30.511+0000] {dag.py:3834} INFO - Setting next_dagrun for example_branch_datetime_operator_3 to 2024-03-17 00:00:00+00:00, run_after=2024-03-18 00:00:00+00:00
[2024-03-18T08:18:30.533+0000] {processor.py:183} INFO - Processing /home/ubuntu/air_venv/lib/python3.10/site-packages/airflow/example_dags/example_branch_datetime_operator.py took 0.096 seconds
[2024-03-18T08:19:47.220+0000] {processor.py:161} INFO - Started process (PID=12975) to work on /home/ubuntu/air_venv/lib/python3.10/site-packages/airflow/example_dags/example_branch_datetime_operator.py
[2024-03-18T08:19:47.222+0000] {processor.py:830} INFO - Processing file /home/ubuntu/air_venv/lib/python3.10/site-packages/airflow/example_dags/example_branch_datetime_operator.py for tasks to queue
[2024-03-18T08:19:47.223+0000] {logging_mixin.py:188} INFO - [2024-03-18T08:19:47.223+0000] {dagbag.py:540} INFO - Filling up the DagBag from /home/ubuntu/air_venv/lib/python3.10/site-packages/airflow/example_dags/example_branch_datetime_operator.py
[2024-03-18T08:19:47.234+0000] {processor.py:840} INFO - DAG(s) 'example_branch_datetime_operator_2', 'example_branch_datetime_operator_3', 'example_branch_datetime_operator' retrieved from /home/ubuntu/air_venv/lib/python3.10/site-packages/airflow/example_dags/example_branch_datetime_operator.py
[2024-03-18T08:19:47.260+0000] {logging_mixin.py:188} INFO - [2024-03-18T08:19:47.260+0000] {dag.py:3047} INFO - Sync 3 DAGs
[2024-03-18T08:19:47.285+0000] {logging_mixin.py:188} INFO - [2024-03-18T08:19:47.284+0000] {dag.py:3834} INFO - Setting next_dagrun for example_branch_datetime_operator to 2024-03-17 00:00:00+00:00, run_after=2024-03-18 00:00:00+00:00
[2024-03-18T08:19:47.290+0000] {logging_mixin.py:188} INFO - [2024-03-18T08:19:47.290+0000] {dag.py:3834} INFO - Setting next_dagrun for example_branch_datetime_operator_2 to 2024-03-17 00:00:00+00:00, run_after=2024-03-18 00:00:00+00:00
[2024-03-18T08:19:47.293+0000] {logging_mixin.py:188} INFO - [2024-03-18T08:19:47.292+0000] {dag.py:3834} INFO - Setting next_dagrun for example_branch_datetime_operator_3 to 2024-03-17 00:00:00+00:00, run_after=2024-03-18 00:00:00+00:00
[2024-03-18T08:19:47.315+0000] {processor.py:183} INFO - Processing /home/ubuntu/air_venv/lib/python3.10/site-packages/airflow/example_dags/example_branch_datetime_operator.py took 0.099 seconds
[2024-03-18T08:20:43.656+0000] {processor.py:161} INFO - Started process (PID=13328) to work on /home/ubuntu/air_venv/lib/python3.10/site-packages/airflow/example_dags/example_branch_datetime_operator.py
[2024-03-18T08:20:43.658+0000] {processor.py:830} INFO - Processing file /home/ubuntu/air_venv/lib/python3.10/site-packages/airflow/example_dags/example_branch_datetime_operator.py for tasks to queue
[2024-03-18T08:20:43.659+0000] {logging_mixin.py:188} INFO - [2024-03-18T08:20:43.658+0000] {dagbag.py:540} INFO - Filling up the DagBag from /home/ubuntu/air_venv/lib/python3.10/site-packages/airflow/example_dags/example_branch_datetime_operator.py
[2024-03-18T08:20:43.670+0000] {processor.py:840} INFO - DAG(s) 'example_branch_datetime_operator_2', 'example_branch_datetime_operator', 'example_branch_datetime_operator_3' retrieved from /home/ubuntu/air_venv/lib/python3.10/site-packages/airflow/example_dags/example_branch_datetime_operator.py
[2024-03-18T08:20:43.696+0000] {logging_mixin.py:188} INFO - [2024-03-18T08:20:43.696+0000] {dag.py:3047} INFO - Sync 3 DAGs
[2024-03-18T08:20:43.720+0000] {logging_mixin.py:188} INFO - [2024-03-18T08:20:43.720+0000] {dag.py:3834} INFO - Setting next_dagrun for example_branch_datetime_operator to 2024-03-17 00:00:00+00:00, run_after=2024-03-18 00:00:00+00:00
[2024-03-18T08:20:43.725+0000] {logging_mixin.py:188} INFO - [2024-03-18T08:20:43.725+0000] {dag.py:3834} INFO - Setting next_dagrun for example_branch_datetime_operator_2 to 2024-03-17 00:00:00+00:00, run_after=2024-03-18 00:00:00+00:00
[2024-03-18T08:20:43.728+0000] {logging_mixin.py:188} INFO - [2024-03-18T08:20:43.728+0000] {dag.py:3834} INFO - Setting next_dagrun for example_branch_datetime_operator_3 to 2024-03-17 00:00:00+00:00, run_after=2024-03-18 00:00:00+00:00
[2024-03-18T08:20:43.752+0000] {processor.py:183} INFO - Processing /home/ubuntu/air_venv/lib/python3.10/site-packages/airflow/example_dags/example_branch_datetime_operator.py took 0.100 seconds
[2024-03-18T08:21:45.877+0000] {processor.py:161} INFO - Started process (PID=13749) to work on /home/ubuntu/air_venv/lib/python3.10/site-packages/airflow/example_dags/example_branch_datetime_operator.py
[2024-03-18T08:21:45.879+0000] {processor.py:830} INFO - Processing file /home/ubuntu/air_venv/lib/python3.10/site-packages/airflow/example_dags/example_branch_datetime_operator.py for tasks to queue
[2024-03-18T08:21:45.880+0000] {logging_mixin.py:188} INFO - [2024-03-18T08:21:45.880+0000] {dagbag.py:540} INFO - Filling up the DagBag from /home/ubuntu/air_venv/lib/python3.10/site-packages/airflow/example_dags/example_branch_datetime_operator.py
[2024-03-18T08:21:45.892+0000] {processor.py:840} INFO - DAG(s) 'example_branch_datetime_operator_3', 'example_branch_datetime_operator_2', 'example_branch_datetime_operator' retrieved from /home/ubuntu/air_venv/lib/python3.10/site-packages/airflow/example_dags/example_branch_datetime_operator.py
[2024-03-18T08:21:45.916+0000] {logging_mixin.py:188} INFO - [2024-03-18T08:21:45.916+0000] {dag.py:3047} INFO - Sync 3 DAGs
[2024-03-18T08:21:45.941+0000] {logging_mixin.py:188} INFO - [2024-03-18T08:21:45.940+0000] {dag.py:3834} INFO - Setting next_dagrun for example_branch_datetime_operator to 2024-03-17 00:00:00+00:00, run_after=2024-03-18 00:00:00+00:00
[2024-03-18T08:21:45.946+0000] {logging_mixin.py:188} INFO - [2024-03-18T08:21:45.946+0000] {dag.py:3834} INFO - Setting next_dagrun for example_branch_datetime_operator_2 to 2024-03-17 00:00:00+00:00, run_after=2024-03-18 00:00:00+00:00
[2024-03-18T08:21:45.948+0000] {logging_mixin.py:188} INFO - [2024-03-18T08:21:45.948+0000] {dag.py:3834} INFO - Setting next_dagrun for example_branch_datetime_operator_3 to 2024-03-17 00:00:00+00:00, run_after=2024-03-18 00:00:00+00:00
[2024-03-18T08:21:45.971+0000] {processor.py:183} INFO - Processing /home/ubuntu/air_venv/lib/python3.10/site-packages/airflow/example_dags/example_branch_datetime_operator.py took 0.097 seconds
[2024-03-18T08:22:44.481+0000] {processor.py:161} INFO - Started process (PID=14018) to work on /home/ubuntu/air_venv/lib/python3.10/site-packages/airflow/example_dags/example_branch_datetime_operator.py
[2024-03-18T08:22:44.484+0000] {processor.py:830} INFO - Processing file /home/ubuntu/air_venv/lib/python3.10/site-packages/airflow/example_dags/example_branch_datetime_operator.py for tasks to queue
[2024-03-18T08:22:44.485+0000] {logging_mixin.py:188} INFO - [2024-03-18T08:22:44.484+0000] {dagbag.py:540} INFO - Filling up the DagBag from /home/ubuntu/air_venv/lib/python3.10/site-packages/airflow/example_dags/example_branch_datetime_operator.py
[2024-03-18T08:22:44.497+0000] {processor.py:840} INFO - DAG(s) 'example_branch_datetime_operator_3', 'example_branch_datetime_operator_2', 'example_branch_datetime_operator' retrieved from /home/ubuntu/air_venv/lib/python3.10/site-packages/airflow/example_dags/example_branch_datetime_operator.py
[2024-03-18T08:22:44.521+0000] {logging_mixin.py:188} INFO - [2024-03-18T08:22:44.521+0000] {dag.py:3047} INFO - Sync 3 DAGs
[2024-03-18T08:22:44.545+0000] {logging_mixin.py:188} INFO - [2024-03-18T08:22:44.545+0000] {dag.py:3834} INFO - Setting next_dagrun for example_branch_datetime_operator to 2024-03-17 00:00:00+00:00, run_after=2024-03-18 00:00:00+00:00
[2024-03-18T08:22:44.550+0000] {logging_mixin.py:188} INFO - [2024-03-18T08:22:44.550+0000] {dag.py:3834} INFO - Setting next_dagrun for example_branch_datetime_operator_2 to 2024-03-17 00:00:00+00:00, run_after=2024-03-18 00:00:00+00:00
[2024-03-18T08:22:44.553+0000] {logging_mixin.py:188} INFO - [2024-03-18T08:22:44.553+0000] {dag.py:3834} INFO - Setting next_dagrun for example_branch_datetime_operator_3 to 2024-03-17 00:00:00+00:00, run_after=2024-03-18 00:00:00+00:00
[2024-03-18T08:22:44.579+0000] {processor.py:183} INFO - Processing /home/ubuntu/air_venv/lib/python3.10/site-packages/airflow/example_dags/example_branch_datetime_operator.py took 0.101 seconds
[2024-03-18T08:23:42.924+0000] {processor.py:161} INFO - Started process (PID=14521) to work on /home/ubuntu/air_venv/lib/python3.10/site-packages/airflow/example_dags/example_branch_datetime_operator.py
[2024-03-18T08:23:42.925+0000] {processor.py:830} INFO - Processing file /home/ubuntu/air_venv/lib/python3.10/site-packages/airflow/example_dags/example_branch_datetime_operator.py for tasks to queue
[2024-03-18T08:23:42.927+0000] {logging_mixin.py:188} INFO - [2024-03-18T08:23:42.926+0000] {dagbag.py:540} INFO - Filling up the DagBag from /home/ubuntu/air_venv/lib/python3.10/site-packages/airflow/example_dags/example_branch_datetime_operator.py
[2024-03-18T08:23:42.938+0000] {processor.py:840} INFO - DAG(s) 'example_branch_datetime_operator_3', 'example_branch_datetime_operator_2', 'example_branch_datetime_operator' retrieved from /home/ubuntu/air_venv/lib/python3.10/site-packages/airflow/example_dags/example_branch_datetime_operator.py
[2024-03-18T08:23:42.963+0000] {logging_mixin.py:188} INFO - [2024-03-18T08:23:42.963+0000] {dag.py:3047} INFO - Sync 3 DAGs
[2024-03-18T08:23:42.988+0000] {logging_mixin.py:188} INFO - [2024-03-18T08:23:42.988+0000] {dag.py:3834} INFO - Setting next_dagrun for example_branch_datetime_operator to 2024-03-17 00:00:00+00:00, run_after=2024-03-18 00:00:00+00:00
[2024-03-18T08:23:42.994+0000] {logging_mixin.py:188} INFO - [2024-03-18T08:23:42.994+0000] {dag.py:3834} INFO - Setting next_dagrun for example_branch_datetime_operator_2 to 2024-03-17 00:00:00+00:00, run_after=2024-03-18 00:00:00+00:00
[2024-03-18T08:23:42.997+0000] {logging_mixin.py:188} INFO - [2024-03-18T08:23:42.997+0000] {dag.py:3834} INFO - Setting next_dagrun for example_branch_datetime_operator_3 to 2024-03-17 00:00:00+00:00, run_after=2024-03-18 00:00:00+00:00
[2024-03-18T08:23:43.020+0000] {processor.py:183} INFO - Processing /home/ubuntu/air_venv/lib/python3.10/site-packages/airflow/example_dags/example_branch_datetime_operator.py took 0.100 seconds
[2024-03-18T08:24:41.118+0000] {processor.py:161} INFO - Started process (PID=15001) to work on /home/ubuntu/air_venv/lib/python3.10/site-packages/airflow/example_dags/example_branch_datetime_operator.py
[2024-03-18T08:24:41.120+0000] {processor.py:830} INFO - Processing file /home/ubuntu/air_venv/lib/python3.10/site-packages/airflow/example_dags/example_branch_datetime_operator.py for tasks to queue
[2024-03-18T08:24:41.121+0000] {logging_mixin.py:188} INFO - [2024-03-18T08:24:41.121+0000] {dagbag.py:540} INFO - Filling up the DagBag from /home/ubuntu/air_venv/lib/python3.10/site-packages/airflow/example_dags/example_branch_datetime_operator.py
[2024-03-18T08:24:41.133+0000] {processor.py:840} INFO - DAG(s) 'example_branch_datetime_operator_2', 'example_branch_datetime_operator_3', 'example_branch_datetime_operator' retrieved from /home/ubuntu/air_venv/lib/python3.10/site-packages/airflow/example_dags/example_branch_datetime_operator.py
[2024-03-18T08:24:41.158+0000] {logging_mixin.py:188} INFO - [2024-03-18T08:24:41.158+0000] {dag.py:3047} INFO - Sync 3 DAGs
[2024-03-18T08:24:41.182+0000] {logging_mixin.py:188} INFO - [2024-03-18T08:24:41.182+0000] {dag.py:3834} INFO - Setting next_dagrun for example_branch_datetime_operator to 2024-03-17 00:00:00+00:00, run_after=2024-03-18 00:00:00+00:00
[2024-03-18T08:24:41.188+0000] {logging_mixin.py:188} INFO - [2024-03-18T08:24:41.187+0000] {dag.py:3834} INFO - Setting next_dagrun for example_branch_datetime_operator_2 to 2024-03-17 00:00:00+00:00, run_after=2024-03-18 00:00:00+00:00
[2024-03-18T08:24:41.190+0000] {logging_mixin.py:188} INFO - [2024-03-18T08:24:41.190+0000] {dag.py:3834} INFO - Setting next_dagrun for example_branch_datetime_operator_3 to 2024-03-17 00:00:00+00:00, run_after=2024-03-18 00:00:00+00:00
[2024-03-18T08:24:41.212+0000] {processor.py:183} INFO - Processing /home/ubuntu/air_venv/lib/python3.10/site-packages/airflow/example_dags/example_branch_datetime_operator.py took 0.098 seconds
[2024-03-18T08:25:47.232+0000] {processor.py:161} INFO - Started process (PID=15365) to work on /home/ubuntu/air_venv/lib/python3.10/site-packages/airflow/example_dags/example_branch_datetime_operator.py
[2024-03-18T08:25:47.234+0000] {processor.py:830} INFO - Processing file /home/ubuntu/air_venv/lib/python3.10/site-packages/airflow/example_dags/example_branch_datetime_operator.py for tasks to queue
[2024-03-18T08:25:47.235+0000] {logging_mixin.py:188} INFO - [2024-03-18T08:25:47.235+0000] {dagbag.py:540} INFO - Filling up the DagBag from /home/ubuntu/air_venv/lib/python3.10/site-packages/airflow/example_dags/example_branch_datetime_operator.py
[2024-03-18T08:25:47.248+0000] {processor.py:840} INFO - DAG(s) 'example_branch_datetime_operator', 'example_branch_datetime_operator_3', 'example_branch_datetime_operator_2' retrieved from /home/ubuntu/air_venv/lib/python3.10/site-packages/airflow/example_dags/example_branch_datetime_operator.py
[2024-03-18T08:25:47.273+0000] {logging_mixin.py:188} INFO - [2024-03-18T08:25:47.273+0000] {dag.py:3047} INFO - Sync 3 DAGs
[2024-03-18T08:25:47.296+0000] {logging_mixin.py:188} INFO - [2024-03-18T08:25:47.296+0000] {dag.py:3834} INFO - Setting next_dagrun for example_branch_datetime_operator to 2024-03-17 00:00:00+00:00, run_after=2024-03-18 00:00:00+00:00
[2024-03-18T08:25:47.302+0000] {logging_mixin.py:188} INFO - [2024-03-18T08:25:47.301+0000] {dag.py:3834} INFO - Setting next_dagrun for example_branch_datetime_operator_2 to 2024-03-17 00:00:00+00:00, run_after=2024-03-18 00:00:00+00:00
[2024-03-18T08:25:47.304+0000] {logging_mixin.py:188} INFO - [2024-03-18T08:25:47.304+0000] {dag.py:3834} INFO - Setting next_dagrun for example_branch_datetime_operator_3 to 2024-03-17 00:00:00+00:00, run_after=2024-03-18 00:00:00+00:00
[2024-03-18T08:25:47.327+0000] {processor.py:183} INFO - Processing /home/ubuntu/air_venv/lib/python3.10/site-packages/airflow/example_dags/example_branch_datetime_operator.py took 0.098 seconds
[2024-03-18T08:26:48.008+0000] {processor.py:161} INFO - Started process (PID=15485) to work on /home/ubuntu/air_venv/lib/python3.10/site-packages/airflow/example_dags/example_branch_datetime_operator.py
[2024-03-18T08:26:48.010+0000] {processor.py:830} INFO - Processing file /home/ubuntu/air_venv/lib/python3.10/site-packages/airflow/example_dags/example_branch_datetime_operator.py for tasks to queue
[2024-03-18T08:26:48.011+0000] {logging_mixin.py:188} INFO - [2024-03-18T08:26:48.011+0000] {dagbag.py:540} INFO - Filling up the DagBag from /home/ubuntu/air_venv/lib/python3.10/site-packages/airflow/example_dags/example_branch_datetime_operator.py
[2024-03-18T08:26:48.024+0000] {processor.py:840} INFO - DAG(s) 'example_branch_datetime_operator', 'example_branch_datetime_operator_2', 'example_branch_datetime_operator_3' retrieved from /home/ubuntu/air_venv/lib/python3.10/site-packages/airflow/example_dags/example_branch_datetime_operator.py
[2024-03-18T08:26:48.049+0000] {logging_mixin.py:188} INFO - [2024-03-18T08:26:48.048+0000] {dag.py:3047} INFO - Sync 3 DAGs
[2024-03-18T08:26:48.072+0000] {logging_mixin.py:188} INFO - [2024-03-18T08:26:48.072+0000] {dag.py:3834} INFO - Setting next_dagrun for example_branch_datetime_operator to 2024-03-17 00:00:00+00:00, run_after=2024-03-18 00:00:00+00:00
[2024-03-18T08:26:48.078+0000] {logging_mixin.py:188} INFO - [2024-03-18T08:26:48.078+0000] {dag.py:3834} INFO - Setting next_dagrun for example_branch_datetime_operator_2 to 2024-03-17 00:00:00+00:00, run_after=2024-03-18 00:00:00+00:00
[2024-03-18T08:26:48.081+0000] {logging_mixin.py:188} INFO - [2024-03-18T08:26:48.081+0000] {dag.py:3834} INFO - Setting next_dagrun for example_branch_datetime_operator_3 to 2024-03-17 00:00:00+00:00, run_after=2024-03-18 00:00:00+00:00
[2024-03-18T08:26:48.118+0000] {processor.py:183} INFO - Processing /home/ubuntu/air_venv/lib/python3.10/site-packages/airflow/example_dags/example_branch_datetime_operator.py took 0.113 seconds
[2024-03-18T08:27:49.577+0000] {processor.py:161} INFO - Started process (PID=15606) to work on /home/ubuntu/air_venv/lib/python3.10/site-packages/airflow/example_dags/example_branch_datetime_operator.py
[2024-03-18T08:27:49.579+0000] {processor.py:830} INFO - Processing file /home/ubuntu/air_venv/lib/python3.10/site-packages/airflow/example_dags/example_branch_datetime_operator.py for tasks to queue
[2024-03-18T08:27:49.580+0000] {logging_mixin.py:188} INFO - [2024-03-18T08:27:49.580+0000] {dagbag.py:540} INFO - Filling up the DagBag from /home/ubuntu/air_venv/lib/python3.10/site-packages/airflow/example_dags/example_branch_datetime_operator.py
[2024-03-18T08:27:49.592+0000] {processor.py:840} INFO - DAG(s) 'example_branch_datetime_operator_3', 'example_branch_datetime_operator_2', 'example_branch_datetime_operator' retrieved from /home/ubuntu/air_venv/lib/python3.10/site-packages/airflow/example_dags/example_branch_datetime_operator.py
[2024-03-18T08:27:49.617+0000] {logging_mixin.py:188} INFO - [2024-03-18T08:27:49.617+0000] {dag.py:3047} INFO - Sync 3 DAGs
[2024-03-18T08:27:49.641+0000] {logging_mixin.py:188} INFO - [2024-03-18T08:27:49.641+0000] {dag.py:3834} INFO - Setting next_dagrun for example_branch_datetime_operator to 2024-03-17 00:00:00+00:00, run_after=2024-03-18 00:00:00+00:00
[2024-03-18T08:27:49.646+0000] {logging_mixin.py:188} INFO - [2024-03-18T08:27:49.646+0000] {dag.py:3834} INFO - Setting next_dagrun for example_branch_datetime_operator_2 to 2024-03-17 00:00:00+00:00, run_after=2024-03-18 00:00:00+00:00
[2024-03-18T08:27:49.649+0000] {logging_mixin.py:188} INFO - [2024-03-18T08:27:49.649+0000] {dag.py:3834} INFO - Setting next_dagrun for example_branch_datetime_operator_3 to 2024-03-17 00:00:00+00:00, run_after=2024-03-18 00:00:00+00:00
[2024-03-18T08:27:49.674+0000] {processor.py:183} INFO - Processing /home/ubuntu/air_venv/lib/python3.10/site-packages/airflow/example_dags/example_branch_datetime_operator.py took 0.101 seconds
[2024-03-18T08:28:53.243+0000] {processor.py:161} INFO - Started process (PID=15728) to work on /home/ubuntu/air_venv/lib/python3.10/site-packages/airflow/example_dags/example_branch_datetime_operator.py
[2024-03-18T08:28:53.245+0000] {processor.py:830} INFO - Processing file /home/ubuntu/air_venv/lib/python3.10/site-packages/airflow/example_dags/example_branch_datetime_operator.py for tasks to queue
[2024-03-18T08:28:53.246+0000] {logging_mixin.py:188} INFO - [2024-03-18T08:28:53.246+0000] {dagbag.py:540} INFO - Filling up the DagBag from /home/ubuntu/air_venv/lib/python3.10/site-packages/airflow/example_dags/example_branch_datetime_operator.py
[2024-03-18T08:28:53.258+0000] {processor.py:840} INFO - DAG(s) 'example_branch_datetime_operator_2', 'example_branch_datetime_operator_3', 'example_branch_datetime_operator' retrieved from /home/ubuntu/air_venv/lib/python3.10/site-packages/airflow/example_dags/example_branch_datetime_operator.py
[2024-03-18T08:28:53.282+0000] {logging_mixin.py:188} INFO - [2024-03-18T08:28:53.281+0000] {dag.py:3047} INFO - Sync 3 DAGs
[2024-03-18T08:28:53.304+0000] {logging_mixin.py:188} INFO - [2024-03-18T08:28:53.304+0000] {dag.py:3834} INFO - Setting next_dagrun for example_branch_datetime_operator to 2024-03-17 00:00:00+00:00, run_after=2024-03-18 00:00:00+00:00
[2024-03-18T08:28:53.309+0000] {logging_mixin.py:188} INFO - [2024-03-18T08:28:53.309+0000] {dag.py:3834} INFO - Setting next_dagrun for example_branch_datetime_operator_2 to 2024-03-17 00:00:00+00:00, run_after=2024-03-18 00:00:00+00:00
[2024-03-18T08:28:53.312+0000] {logging_mixin.py:188} INFO - [2024-03-18T08:28:53.312+0000] {dag.py:3834} INFO - Setting next_dagrun for example_branch_datetime_operator_3 to 2024-03-17 00:00:00+00:00, run_after=2024-03-18 00:00:00+00:00
[2024-03-18T08:28:53.334+0000] {processor.py:183} INFO - Processing /home/ubuntu/air_venv/lib/python3.10/site-packages/airflow/example_dags/example_branch_datetime_operator.py took 0.095 seconds
