[2024-03-18T07:59:46.518+0000] {processor.py:161} INFO - Started process (PID=2659) to work on /home/ubuntu/air_venv/lib/python3.10/site-packages/airflow/example_dags/example_xcom.py
[2024-03-18T07:59:46.519+0000] {processor.py:830} INFO - Processing file /home/ubuntu/air_venv/lib/python3.10/site-packages/airflow/example_dags/example_xcom.py for tasks to queue
[2024-03-18T07:59:46.521+0000] {logging_mixin.py:188} INFO - [2024-03-18T07:59:46.520+0000] {dagbag.py:540} INFO - Filling up the DagBag from /home/ubuntu/air_venv/lib/python3.10/site-packages/airflow/example_dags/example_xcom.py
[2024-03-18T07:59:46.532+0000] {processor.py:840} INFO - DAG(s) 'example_xcom' retrieved from /home/ubuntu/air_venv/lib/python3.10/site-packages/airflow/example_dags/example_xcom.py
[2024-03-18T07:59:46.706+0000] {logging_mixin.py:188} INFO - [2024-03-18T07:59:46.705+0000] {override.py:1769} INFO - Created Permission View: can edit on DAG:example_xcom
[2024-03-18T07:59:46.722+0000] {logging_mixin.py:188} INFO - [2024-03-18T07:59:46.721+0000] {override.py:1769} INFO - Created Permission View: can delete on DAG:example_xcom
[2024-03-18T07:59:46.734+0000] {logging_mixin.py:188} INFO - [2024-03-18T07:59:46.733+0000] {override.py:1769} INFO - Created Permission View: can read on DAG:example_xcom
[2024-03-18T07:59:46.734+0000] {logging_mixin.py:188} INFO - [2024-03-18T07:59:46.734+0000] {dag.py:3047} INFO - Sync 1 DAGs
[2024-03-18T07:59:46.746+0000] {logging_mixin.py:188} INFO - [2024-03-18T07:59:46.746+0000] {dag.py:3069} INFO - Creating ORM DAG for example_xcom
[2024-03-18T07:59:46.755+0000] {logging_mixin.py:188} INFO - [2024-03-18T07:59:46.754+0000] {dag.py:3834} INFO - Setting next_dagrun for example_xcom to 2021-01-01 00:00:00+00:00, run_after=2021-01-01 00:00:00+00:00
[2024-03-18T07:59:46.783+0000] {processor.py:183} INFO - Processing /home/ubuntu/air_venv/lib/python3.10/site-packages/airflow/example_dags/example_xcom.py took 0.268 seconds
[2024-03-18T08:00:51.808+0000] {processor.py:161} INFO - Started process (PID=3255) to work on /home/ubuntu/air_venv/lib/python3.10/site-packages/airflow/example_dags/example_xcom.py
[2024-03-18T08:00:51.810+0000] {processor.py:830} INFO - Processing file /home/ubuntu/air_venv/lib/python3.10/site-packages/airflow/example_dags/example_xcom.py for tasks to queue
[2024-03-18T08:00:51.811+0000] {logging_mixin.py:188} INFO - [2024-03-18T08:00:51.811+0000] {dagbag.py:540} INFO - Filling up the DagBag from /home/ubuntu/air_venv/lib/python3.10/site-packages/airflow/example_dags/example_xcom.py
[2024-03-18T08:00:51.820+0000] {processor.py:840} INFO - DAG(s) 'example_xcom' retrieved from /home/ubuntu/air_venv/lib/python3.10/site-packages/airflow/example_dags/example_xcom.py
[2024-03-18T08:00:51.840+0000] {logging_mixin.py:188} INFO - [2024-03-18T08:00:51.840+0000] {dag.py:3047} INFO - Sync 1 DAGs
[2024-03-18T08:00:51.862+0000] {logging_mixin.py:188} INFO - [2024-03-18T08:00:51.862+0000] {dag.py:3834} INFO - Setting next_dagrun for example_xcom to 2021-01-01 00:00:00+00:00, run_after=2021-01-01 00:00:00+00:00
[2024-03-18T08:00:51.886+0000] {processor.py:183} INFO - Processing /home/ubuntu/air_venv/lib/python3.10/site-packages/airflow/example_dags/example_xcom.py took 0.082 seconds
[2024-03-18T08:01:40.596+0000] {processor.py:161} INFO - Started process (PID=3664) to work on /home/ubuntu/air_venv/lib/python3.10/site-packages/airflow/example_dags/example_xcom.py
[2024-03-18T08:01:40.598+0000] {processor.py:830} INFO - Processing file /home/ubuntu/air_venv/lib/python3.10/site-packages/airflow/example_dags/example_xcom.py for tasks to queue
[2024-03-18T08:01:40.599+0000] {logging_mixin.py:188} INFO - [2024-03-18T08:01:40.599+0000] {dagbag.py:540} INFO - Filling up the DagBag from /home/ubuntu/air_venv/lib/python3.10/site-packages/airflow/example_dags/example_xcom.py
[2024-03-18T08:01:40.609+0000] {processor.py:840} INFO - DAG(s) 'example_xcom' retrieved from /home/ubuntu/air_venv/lib/python3.10/site-packages/airflow/example_dags/example_xcom.py
[2024-03-18T08:01:40.627+0000] {logging_mixin.py:188} INFO - [2024-03-18T08:01:40.627+0000] {dag.py:3047} INFO - Sync 1 DAGs
[2024-03-18T08:01:40.649+0000] {logging_mixin.py:188} INFO - [2024-03-18T08:01:40.649+0000] {dag.py:3834} INFO - Setting next_dagrun for example_xcom to 2021-01-01 00:00:00+00:00, run_after=2021-01-01 00:00:00+00:00
[2024-03-18T08:01:40.818+0000] {processor.py:183} INFO - Processing /home/ubuntu/air_venv/lib/python3.10/site-packages/airflow/example_dags/example_xcom.py took 0.226 seconds
[2024-03-18T08:02:31.892+0000] {processor.py:161} INFO - Started process (PID=4190) to work on /home/ubuntu/air_venv/lib/python3.10/site-packages/airflow/example_dags/example_xcom.py
[2024-03-18T08:02:31.894+0000] {processor.py:830} INFO - Processing file /home/ubuntu/air_venv/lib/python3.10/site-packages/airflow/example_dags/example_xcom.py for tasks to queue
[2024-03-18T08:02:31.895+0000] {logging_mixin.py:188} INFO - [2024-03-18T08:02:31.895+0000] {dagbag.py:540} INFO - Filling up the DagBag from /home/ubuntu/air_venv/lib/python3.10/site-packages/airflow/example_dags/example_xcom.py
[2024-03-18T08:02:31.905+0000] {processor.py:840} INFO - DAG(s) 'example_xcom' retrieved from /home/ubuntu/air_venv/lib/python3.10/site-packages/airflow/example_dags/example_xcom.py
[2024-03-18T08:02:32.062+0000] {logging_mixin.py:188} INFO - [2024-03-18T08:02:32.062+0000] {dag.py:3047} INFO - Sync 1 DAGs
[2024-03-18T08:02:32.080+0000] {logging_mixin.py:188} INFO - [2024-03-18T08:02:32.080+0000] {dag.py:3834} INFO - Setting next_dagrun for example_xcom to 2021-01-01 00:00:00+00:00, run_after=2021-01-01 00:00:00+00:00
[2024-03-18T08:02:32.104+0000] {processor.py:183} INFO - Processing /home/ubuntu/air_venv/lib/python3.10/site-packages/airflow/example_dags/example_xcom.py took 0.215 seconds
[2024-03-18T08:03:25.310+0000] {processor.py:161} INFO - Started process (PID=4478) to work on /home/ubuntu/air_venv/lib/python3.10/site-packages/airflow/example_dags/example_xcom.py
[2024-03-18T08:03:25.312+0000] {processor.py:830} INFO - Processing file /home/ubuntu/air_venv/lib/python3.10/site-packages/airflow/example_dags/example_xcom.py for tasks to queue
[2024-03-18T08:03:25.313+0000] {logging_mixin.py:188} INFO - [2024-03-18T08:03:25.312+0000] {dagbag.py:540} INFO - Filling up the DagBag from /home/ubuntu/air_venv/lib/python3.10/site-packages/airflow/example_dags/example_xcom.py
[2024-03-18T08:03:25.322+0000] {processor.py:840} INFO - DAG(s) 'example_xcom' retrieved from /home/ubuntu/air_venv/lib/python3.10/site-packages/airflow/example_dags/example_xcom.py
[2024-03-18T08:03:25.341+0000] {logging_mixin.py:188} INFO - [2024-03-18T08:03:25.341+0000] {dag.py:3047} INFO - Sync 1 DAGs
[2024-03-18T08:03:25.363+0000] {logging_mixin.py:188} INFO - [2024-03-18T08:03:25.363+0000] {dag.py:3834} INFO - Setting next_dagrun for example_xcom to 2021-01-01 00:00:00+00:00, run_after=2021-01-01 00:00:00+00:00
[2024-03-18T08:03:25.389+0000] {processor.py:183} INFO - Processing /home/ubuntu/air_venv/lib/python3.10/site-packages/airflow/example_dags/example_xcom.py took 0.083 seconds
[2024-03-18T08:04:09.569+0000] {processor.py:161} INFO - Started process (PID=4942) to work on /home/ubuntu/air_venv/lib/python3.10/site-packages/airflow/example_dags/example_xcom.py
[2024-03-18T08:04:09.570+0000] {processor.py:830} INFO - Processing file /home/ubuntu/air_venv/lib/python3.10/site-packages/airflow/example_dags/example_xcom.py for tasks to queue
[2024-03-18T08:04:09.572+0000] {logging_mixin.py:188} INFO - [2024-03-18T08:04:09.571+0000] {dagbag.py:540} INFO - Filling up the DagBag from /home/ubuntu/air_venv/lib/python3.10/site-packages/airflow/example_dags/example_xcom.py
[2024-03-18T08:04:09.581+0000] {processor.py:840} INFO - DAG(s) 'example_xcom' retrieved from /home/ubuntu/air_venv/lib/python3.10/site-packages/airflow/example_dags/example_xcom.py
[2024-03-18T08:04:09.599+0000] {logging_mixin.py:188} INFO - [2024-03-18T08:04:09.599+0000] {dag.py:3047} INFO - Sync 1 DAGs
[2024-03-18T08:04:09.621+0000] {logging_mixin.py:188} INFO - [2024-03-18T08:04:09.621+0000] {dag.py:3834} INFO - Setting next_dagrun for example_xcom to 2021-01-01 00:00:00+00:00, run_after=2021-01-01 00:00:00+00:00
[2024-03-18T08:04:09.654+0000] {processor.py:183} INFO - Processing /home/ubuntu/air_venv/lib/python3.10/site-packages/airflow/example_dags/example_xcom.py took 0.089 seconds
[2024-03-18T08:04:56.646+0000] {processor.py:161} INFO - Started process (PID=5236) to work on /home/ubuntu/air_venv/lib/python3.10/site-packages/airflow/example_dags/example_xcom.py
[2024-03-18T08:04:56.648+0000] {processor.py:830} INFO - Processing file /home/ubuntu/air_venv/lib/python3.10/site-packages/airflow/example_dags/example_xcom.py for tasks to queue
[2024-03-18T08:04:56.649+0000] {logging_mixin.py:188} INFO - [2024-03-18T08:04:56.649+0000] {dagbag.py:540} INFO - Filling up the DagBag from /home/ubuntu/air_venv/lib/python3.10/site-packages/airflow/example_dags/example_xcom.py
[2024-03-18T08:04:56.659+0000] {processor.py:840} INFO - DAG(s) 'example_xcom' retrieved from /home/ubuntu/air_venv/lib/python3.10/site-packages/airflow/example_dags/example_xcom.py
[2024-03-18T08:04:56.678+0000] {logging_mixin.py:188} INFO - [2024-03-18T08:04:56.678+0000] {dag.py:3047} INFO - Sync 1 DAGs
[2024-03-18T08:04:56.702+0000] {logging_mixin.py:188} INFO - [2024-03-18T08:04:56.701+0000] {dag.py:3834} INFO - Setting next_dagrun for example_xcom to 2021-01-01 00:00:00+00:00, run_after=2021-01-01 00:00:00+00:00
[2024-03-18T08:04:56.730+0000] {processor.py:183} INFO - Processing /home/ubuntu/air_venv/lib/python3.10/site-packages/airflow/example_dags/example_xcom.py took 0.087 seconds
[2024-03-18T08:05:50.690+0000] {processor.py:161} INFO - Started process (PID=5887) to work on /home/ubuntu/air_venv/lib/python3.10/site-packages/airflow/example_dags/example_xcom.py
[2024-03-18T08:05:50.691+0000] {processor.py:830} INFO - Processing file /home/ubuntu/air_venv/lib/python3.10/site-packages/airflow/example_dags/example_xcom.py for tasks to queue
[2024-03-18T08:05:50.693+0000] {logging_mixin.py:188} INFO - [2024-03-18T08:05:50.692+0000] {dagbag.py:540} INFO - Filling up the DagBag from /home/ubuntu/air_venv/lib/python3.10/site-packages/airflow/example_dags/example_xcom.py
[2024-03-18T08:05:50.703+0000] {processor.py:840} INFO - DAG(s) 'example_xcom' retrieved from /home/ubuntu/air_venv/lib/python3.10/site-packages/airflow/example_dags/example_xcom.py
[2024-03-18T08:05:50.724+0000] {logging_mixin.py:188} INFO - [2024-03-18T08:05:50.723+0000] {dag.py:3047} INFO - Sync 1 DAGs
[2024-03-18T08:05:50.747+0000] {logging_mixin.py:188} INFO - [2024-03-18T08:05:50.747+0000] {dag.py:3834} INFO - Setting next_dagrun for example_xcom to 2021-01-01 00:00:00+00:00, run_after=2021-01-01 00:00:00+00:00
[2024-03-18T08:05:50.778+0000] {processor.py:183} INFO - Processing /home/ubuntu/air_venv/lib/python3.10/site-packages/airflow/example_dags/example_xcom.py took 0.091 seconds
[2024-03-18T08:07:08.052+0000] {processor.py:161} INFO - Started process (PID=6804) to work on /home/ubuntu/air_venv/lib/python3.10/site-packages/airflow/example_dags/example_xcom.py
[2024-03-18T08:07:08.054+0000] {processor.py:830} INFO - Processing file /home/ubuntu/air_venv/lib/python3.10/site-packages/airflow/example_dags/example_xcom.py for tasks to queue
[2024-03-18T08:07:08.056+0000] {logging_mixin.py:188} INFO - [2024-03-18T08:07:08.055+0000] {dagbag.py:540} INFO - Filling up the DagBag from /home/ubuntu/air_venv/lib/python3.10/site-packages/airflow/example_dags/example_xcom.py
[2024-03-18T08:07:08.075+0000] {processor.py:840} INFO - DAG(s) 'example_xcom' retrieved from /home/ubuntu/air_venv/lib/python3.10/site-packages/airflow/example_dags/example_xcom.py
[2024-03-18T08:07:08.094+0000] {logging_mixin.py:188} INFO - [2024-03-18T08:07:08.094+0000] {dag.py:3047} INFO - Sync 1 DAGs
[2024-03-18T08:07:08.118+0000] {logging_mixin.py:188} INFO - [2024-03-18T08:07:08.117+0000] {dag.py:3834} INFO - Setting next_dagrun for example_xcom to 2021-01-01 00:00:00+00:00, run_after=2021-01-01 00:00:00+00:00
[2024-03-18T08:07:08.159+0000] {processor.py:183} INFO - Processing /home/ubuntu/air_venv/lib/python3.10/site-packages/airflow/example_dags/example_xcom.py took 0.112 seconds
[2024-03-18T08:07:52.582+0000] {processor.py:161} INFO - Started process (PID=7210) to work on /home/ubuntu/air_venv/lib/python3.10/site-packages/airflow/example_dags/example_xcom.py
[2024-03-18T08:07:52.584+0000] {processor.py:830} INFO - Processing file /home/ubuntu/air_venv/lib/python3.10/site-packages/airflow/example_dags/example_xcom.py for tasks to queue
[2024-03-18T08:07:52.585+0000] {logging_mixin.py:188} INFO - [2024-03-18T08:07:52.585+0000] {dagbag.py:540} INFO - Filling up the DagBag from /home/ubuntu/air_venv/lib/python3.10/site-packages/airflow/example_dags/example_xcom.py
[2024-03-18T08:07:52.595+0000] {processor.py:840} INFO - DAG(s) 'example_xcom' retrieved from /home/ubuntu/air_venv/lib/python3.10/site-packages/airflow/example_dags/example_xcom.py
[2024-03-18T08:07:52.614+0000] {logging_mixin.py:188} INFO - [2024-03-18T08:07:52.614+0000] {dag.py:3047} INFO - Sync 1 DAGs
[2024-03-18T08:07:52.635+0000] {logging_mixin.py:188} INFO - [2024-03-18T08:07:52.635+0000] {dag.py:3834} INFO - Setting next_dagrun for example_xcom to 2021-01-01 00:00:00+00:00, run_after=2021-01-01 00:00:00+00:00
[2024-03-18T08:07:52.661+0000] {processor.py:183} INFO - Processing /home/ubuntu/air_venv/lib/python3.10/site-packages/airflow/example_dags/example_xcom.py took 0.082 seconds
[2024-03-18T08:08:40.079+0000] {processor.py:161} INFO - Started process (PID=7467) to work on /home/ubuntu/air_venv/lib/python3.10/site-packages/airflow/example_dags/example_xcom.py
[2024-03-18T08:08:40.081+0000] {processor.py:830} INFO - Processing file /home/ubuntu/air_venv/lib/python3.10/site-packages/airflow/example_dags/example_xcom.py for tasks to queue
[2024-03-18T08:08:40.082+0000] {logging_mixin.py:188} INFO - [2024-03-18T08:08:40.081+0000] {dagbag.py:540} INFO - Filling up the DagBag from /home/ubuntu/air_venv/lib/python3.10/site-packages/airflow/example_dags/example_xcom.py
[2024-03-18T08:08:40.092+0000] {processor.py:840} INFO - DAG(s) 'example_xcom' retrieved from /home/ubuntu/air_venv/lib/python3.10/site-packages/airflow/example_dags/example_xcom.py
[2024-03-18T08:08:40.111+0000] {logging_mixin.py:188} INFO - [2024-03-18T08:08:40.111+0000] {dag.py:3047} INFO - Sync 1 DAGs
[2024-03-18T08:08:40.133+0000] {logging_mixin.py:188} INFO - [2024-03-18T08:08:40.133+0000] {dag.py:3834} INFO - Setting next_dagrun for example_xcom to 2021-01-01 00:00:00+00:00, run_after=2021-01-01 00:00:00+00:00
[2024-03-18T08:08:40.158+0000] {processor.py:183} INFO - Processing /home/ubuntu/air_venv/lib/python3.10/site-packages/airflow/example_dags/example_xcom.py took 0.083 seconds
[2024-03-18T08:09:25.179+0000] {processor.py:161} INFO - Started process (PID=7850) to work on /home/ubuntu/air_venv/lib/python3.10/site-packages/airflow/example_dags/example_xcom.py
[2024-03-18T08:09:25.181+0000] {processor.py:830} INFO - Processing file /home/ubuntu/air_venv/lib/python3.10/site-packages/airflow/example_dags/example_xcom.py for tasks to queue
[2024-03-18T08:09:25.182+0000] {logging_mixin.py:188} INFO - [2024-03-18T08:09:25.182+0000] {dagbag.py:540} INFO - Filling up the DagBag from /home/ubuntu/air_venv/lib/python3.10/site-packages/airflow/example_dags/example_xcom.py
[2024-03-18T08:09:25.192+0000] {processor.py:840} INFO - DAG(s) 'example_xcom' retrieved from /home/ubuntu/air_venv/lib/python3.10/site-packages/airflow/example_dags/example_xcom.py
[2024-03-18T08:09:25.210+0000] {logging_mixin.py:188} INFO - [2024-03-18T08:09:25.210+0000] {dag.py:3047} INFO - Sync 1 DAGs
[2024-03-18T08:09:25.232+0000] {logging_mixin.py:188} INFO - [2024-03-18T08:09:25.232+0000] {dag.py:3834} INFO - Setting next_dagrun for example_xcom to 2021-01-01 00:00:00+00:00, run_after=2021-01-01 00:00:00+00:00
[2024-03-18T08:09:25.256+0000] {processor.py:183} INFO - Processing /home/ubuntu/air_venv/lib/python3.10/site-packages/airflow/example_dags/example_xcom.py took 0.081 seconds
[2024-03-18T08:10:08.123+0000] {processor.py:161} INFO - Started process (PID=8133) to work on /home/ubuntu/air_venv/lib/python3.10/site-packages/airflow/example_dags/example_xcom.py
[2024-03-18T08:10:08.126+0000] {processor.py:830} INFO - Processing file /home/ubuntu/air_venv/lib/python3.10/site-packages/airflow/example_dags/example_xcom.py for tasks to queue
[2024-03-18T08:10:08.128+0000] {logging_mixin.py:188} INFO - [2024-03-18T08:10:08.128+0000] {dagbag.py:540} INFO - Filling up the DagBag from /home/ubuntu/air_venv/lib/python3.10/site-packages/airflow/example_dags/example_xcom.py
[2024-03-18T08:10:08.142+0000] {processor.py:840} INFO - DAG(s) 'example_xcom' retrieved from /home/ubuntu/air_venv/lib/python3.10/site-packages/airflow/example_dags/example_xcom.py
[2024-03-18T08:10:08.167+0000] {logging_mixin.py:188} INFO - [2024-03-18T08:10:08.166+0000] {dag.py:3047} INFO - Sync 1 DAGs
[2024-03-18T08:10:08.236+0000] {logging_mixin.py:188} INFO - [2024-03-18T08:10:08.236+0000] {dag.py:3834} INFO - Setting next_dagrun for example_xcom to 2021-01-01 00:00:00+00:00, run_after=2021-01-01 00:00:00+00:00
[2024-03-18T08:10:08.275+0000] {processor.py:183} INFO - Processing /home/ubuntu/air_venv/lib/python3.10/site-packages/airflow/example_dags/example_xcom.py took 0.165 seconds
[2024-03-18T08:10:47.887+0000] {processor.py:161} INFO - Started process (PID=8414) to work on /home/ubuntu/air_venv/lib/python3.10/site-packages/airflow/example_dags/example_xcom.py
[2024-03-18T08:10:47.889+0000] {processor.py:830} INFO - Processing file /home/ubuntu/air_venv/lib/python3.10/site-packages/airflow/example_dags/example_xcom.py for tasks to queue
[2024-03-18T08:10:47.890+0000] {logging_mixin.py:188} INFO - [2024-03-18T08:10:47.889+0000] {dagbag.py:540} INFO - Filling up the DagBag from /home/ubuntu/air_venv/lib/python3.10/site-packages/airflow/example_dags/example_xcom.py
[2024-03-18T08:10:47.899+0000] {processor.py:840} INFO - DAG(s) 'example_xcom' retrieved from /home/ubuntu/air_venv/lib/python3.10/site-packages/airflow/example_dags/example_xcom.py
[2024-03-18T08:10:47.920+0000] {logging_mixin.py:188} INFO - [2024-03-18T08:10:47.919+0000] {dag.py:3047} INFO - Sync 1 DAGs
[2024-03-18T08:10:47.944+0000] {logging_mixin.py:188} INFO - [2024-03-18T08:10:47.944+0000] {dag.py:3834} INFO - Setting next_dagrun for example_xcom to 2021-01-01 00:00:00+00:00, run_after=2021-01-01 00:00:00+00:00
[2024-03-18T08:10:47.971+0000] {processor.py:183} INFO - Processing /home/ubuntu/air_venv/lib/python3.10/site-packages/airflow/example_dags/example_xcom.py took 0.088 seconds
[2024-03-18T08:11:26.014+0000] {processor.py:161} INFO - Started process (PID=8812) to work on /home/ubuntu/air_venv/lib/python3.10/site-packages/airflow/example_dags/example_xcom.py
[2024-03-18T08:11:26.016+0000] {processor.py:830} INFO - Processing file /home/ubuntu/air_venv/lib/python3.10/site-packages/airflow/example_dags/example_xcom.py for tasks to queue
[2024-03-18T08:11:26.017+0000] {logging_mixin.py:188} INFO - [2024-03-18T08:11:26.017+0000] {dagbag.py:540} INFO - Filling up the DagBag from /home/ubuntu/air_venv/lib/python3.10/site-packages/airflow/example_dags/example_xcom.py
[2024-03-18T08:11:26.026+0000] {processor.py:840} INFO - DAG(s) 'example_xcom' retrieved from /home/ubuntu/air_venv/lib/python3.10/site-packages/airflow/example_dags/example_xcom.py
[2024-03-18T08:11:26.045+0000] {logging_mixin.py:188} INFO - [2024-03-18T08:11:26.045+0000] {dag.py:3047} INFO - Sync 1 DAGs
[2024-03-18T08:11:26.065+0000] {logging_mixin.py:188} INFO - [2024-03-18T08:11:26.065+0000] {dag.py:3834} INFO - Setting next_dagrun for example_xcom to 2021-01-01 00:00:00+00:00, run_after=2021-01-01 00:00:00+00:00
[2024-03-18T08:11:26.090+0000] {processor.py:183} INFO - Processing /home/ubuntu/air_venv/lib/python3.10/site-packages/airflow/example_dags/example_xcom.py took 0.079 seconds
[2024-03-18T08:12:10.481+0000] {processor.py:161} INFO - Started process (PID=8977) to work on /home/ubuntu/air_venv/lib/python3.10/site-packages/airflow/example_dags/example_xcom.py
[2024-03-18T08:12:10.483+0000] {processor.py:830} INFO - Processing file /home/ubuntu/air_venv/lib/python3.10/site-packages/airflow/example_dags/example_xcom.py for tasks to queue
[2024-03-18T08:12:10.484+0000] {logging_mixin.py:188} INFO - [2024-03-18T08:12:10.483+0000] {dagbag.py:540} INFO - Filling up the DagBag from /home/ubuntu/air_venv/lib/python3.10/site-packages/airflow/example_dags/example_xcom.py
[2024-03-18T08:12:10.493+0000] {processor.py:840} INFO - DAG(s) 'example_xcom' retrieved from /home/ubuntu/air_venv/lib/python3.10/site-packages/airflow/example_dags/example_xcom.py
[2024-03-18T08:12:10.512+0000] {logging_mixin.py:188} INFO - [2024-03-18T08:12:10.512+0000] {dag.py:3047} INFO - Sync 1 DAGs
[2024-03-18T08:12:10.534+0000] {logging_mixin.py:188} INFO - [2024-03-18T08:12:10.534+0000] {dag.py:3834} INFO - Setting next_dagrun for example_xcom to 2021-01-01 00:00:00+00:00, run_after=2021-01-01 00:00:00+00:00
[2024-03-18T08:12:10.558+0000] {processor.py:183} INFO - Processing /home/ubuntu/air_venv/lib/python3.10/site-packages/airflow/example_dags/example_xcom.py took 0.083 seconds
[2024-03-18T08:12:49.609+0000] {processor.py:161} INFO - Started process (PID=9343) to work on /home/ubuntu/air_venv/lib/python3.10/site-packages/airflow/example_dags/example_xcom.py
[2024-03-18T08:12:49.611+0000] {processor.py:830} INFO - Processing file /home/ubuntu/air_venv/lib/python3.10/site-packages/airflow/example_dags/example_xcom.py for tasks to queue
[2024-03-18T08:12:49.612+0000] {logging_mixin.py:188} INFO - [2024-03-18T08:12:49.612+0000] {dagbag.py:540} INFO - Filling up the DagBag from /home/ubuntu/air_venv/lib/python3.10/site-packages/airflow/example_dags/example_xcom.py
[2024-03-18T08:12:49.622+0000] {processor.py:840} INFO - DAG(s) 'example_xcom' retrieved from /home/ubuntu/air_venv/lib/python3.10/site-packages/airflow/example_dags/example_xcom.py
[2024-03-18T08:12:49.641+0000] {logging_mixin.py:188} INFO - [2024-03-18T08:12:49.640+0000] {dag.py:3047} INFO - Sync 1 DAGs
[2024-03-18T08:12:49.663+0000] {logging_mixin.py:188} INFO - [2024-03-18T08:12:49.663+0000] {dag.py:3834} INFO - Setting next_dagrun for example_xcom to 2021-01-01 00:00:00+00:00, run_after=2021-01-01 00:00:00+00:00
[2024-03-18T08:12:49.689+0000] {processor.py:183} INFO - Processing /home/ubuntu/air_venv/lib/python3.10/site-packages/airflow/example_dags/example_xcom.py took 0.083 seconds
[2024-03-18T08:13:35.669+0000] {processor.py:161} INFO - Started process (PID=9541) to work on /home/ubuntu/air_venv/lib/python3.10/site-packages/airflow/example_dags/example_xcom.py
[2024-03-18T08:13:35.671+0000] {processor.py:830} INFO - Processing file /home/ubuntu/air_venv/lib/python3.10/site-packages/airflow/example_dags/example_xcom.py for tasks to queue
[2024-03-18T08:13:35.672+0000] {logging_mixin.py:188} INFO - [2024-03-18T08:13:35.672+0000] {dagbag.py:540} INFO - Filling up the DagBag from /home/ubuntu/air_venv/lib/python3.10/site-packages/airflow/example_dags/example_xcom.py
[2024-03-18T08:13:35.681+0000] {processor.py:840} INFO - DAG(s) 'example_xcom' retrieved from /home/ubuntu/air_venv/lib/python3.10/site-packages/airflow/example_dags/example_xcom.py
[2024-03-18T08:13:35.700+0000] {logging_mixin.py:188} INFO - [2024-03-18T08:13:35.700+0000] {dag.py:3047} INFO - Sync 1 DAGs
[2024-03-18T08:13:35.723+0000] {logging_mixin.py:188} INFO - [2024-03-18T08:13:35.723+0000] {dag.py:3834} INFO - Setting next_dagrun for example_xcom to 2021-01-01 00:00:00+00:00, run_after=2021-01-01 00:00:00+00:00
[2024-03-18T08:13:35.757+0000] {processor.py:183} INFO - Processing /home/ubuntu/air_venv/lib/python3.10/site-packages/airflow/example_dags/example_xcom.py took 0.092 seconds
[2024-03-18T08:14:15.154+0000] {processor.py:161} INFO - Started process (PID=9763) to work on /home/ubuntu/air_venv/lib/python3.10/site-packages/airflow/example_dags/example_xcom.py
[2024-03-18T08:14:15.156+0000] {processor.py:830} INFO - Processing file /home/ubuntu/air_venv/lib/python3.10/site-packages/airflow/example_dags/example_xcom.py for tasks to queue
[2024-03-18T08:14:15.157+0000] {logging_mixin.py:188} INFO - [2024-03-18T08:14:15.157+0000] {dagbag.py:540} INFO - Filling up the DagBag from /home/ubuntu/air_venv/lib/python3.10/site-packages/airflow/example_dags/example_xcom.py
[2024-03-18T08:14:15.166+0000] {processor.py:840} INFO - DAG(s) 'example_xcom' retrieved from /home/ubuntu/air_venv/lib/python3.10/site-packages/airflow/example_dags/example_xcom.py
[2024-03-18T08:14:15.186+0000] {logging_mixin.py:188} INFO - [2024-03-18T08:14:15.185+0000] {dag.py:3047} INFO - Sync 1 DAGs
[2024-03-18T08:14:15.208+0000] {logging_mixin.py:188} INFO - [2024-03-18T08:14:15.207+0000] {dag.py:3834} INFO - Setting next_dagrun for example_xcom to 2021-01-01 00:00:00+00:00, run_after=2021-01-01 00:00:00+00:00
[2024-03-18T08:14:15.234+0000] {processor.py:183} INFO - Processing /home/ubuntu/air_venv/lib/python3.10/site-packages/airflow/example_dags/example_xcom.py took 0.083 seconds
[2024-03-18T08:15:29.065+0000] {processor.py:161} INFO - Started process (PID=10465) to work on /home/ubuntu/air_venv/lib/python3.10/site-packages/airflow/example_dags/example_xcom.py
[2024-03-18T08:15:29.071+0000] {processor.py:830} INFO - Processing file /home/ubuntu/air_venv/lib/python3.10/site-packages/airflow/example_dags/example_xcom.py for tasks to queue
[2024-03-18T08:15:29.072+0000] {logging_mixin.py:188} INFO - [2024-03-18T08:15:29.071+0000] {dagbag.py:540} INFO - Filling up the DagBag from /home/ubuntu/air_venv/lib/python3.10/site-packages/airflow/example_dags/example_xcom.py
[2024-03-18T08:15:29.081+0000] {processor.py:840} INFO - DAG(s) 'example_xcom' retrieved from /home/ubuntu/air_venv/lib/python3.10/site-packages/airflow/example_dags/example_xcom.py
[2024-03-18T08:15:29.101+0000] {logging_mixin.py:188} INFO - [2024-03-18T08:15:29.100+0000] {dag.py:3047} INFO - Sync 1 DAGs
[2024-03-18T08:15:29.123+0000] {logging_mixin.py:188} INFO - [2024-03-18T08:15:29.123+0000] {dag.py:3834} INFO - Setting next_dagrun for example_xcom to 2021-01-01 00:00:00+00:00, run_after=2021-01-01 00:00:00+00:00
[2024-03-18T08:15:29.150+0000] {processor.py:183} INFO - Processing /home/ubuntu/air_venv/lib/python3.10/site-packages/airflow/example_dags/example_xcom.py took 0.102 seconds
[2024-03-18T08:16:22.364+0000] {processor.py:161} INFO - Started process (PID=11092) to work on /home/ubuntu/air_venv/lib/python3.10/site-packages/airflow/example_dags/example_xcom.py
[2024-03-18T08:16:22.366+0000] {processor.py:830} INFO - Processing file /home/ubuntu/air_venv/lib/python3.10/site-packages/airflow/example_dags/example_xcom.py for tasks to queue
[2024-03-18T08:16:22.367+0000] {logging_mixin.py:188} INFO - [2024-03-18T08:16:22.366+0000] {dagbag.py:540} INFO - Filling up the DagBag from /home/ubuntu/air_venv/lib/python3.10/site-packages/airflow/example_dags/example_xcom.py
[2024-03-18T08:16:22.376+0000] {processor.py:840} INFO - DAG(s) 'example_xcom' retrieved from /home/ubuntu/air_venv/lib/python3.10/site-packages/airflow/example_dags/example_xcom.py
[2024-03-18T08:16:22.395+0000] {logging_mixin.py:188} INFO - [2024-03-18T08:16:22.395+0000] {dag.py:3047} INFO - Sync 1 DAGs
[2024-03-18T08:16:22.418+0000] {logging_mixin.py:188} INFO - [2024-03-18T08:16:22.417+0000] {dag.py:3834} INFO - Setting next_dagrun for example_xcom to 2021-01-01 00:00:00+00:00, run_after=2021-01-01 00:00:00+00:00
[2024-03-18T08:16:22.442+0000] {processor.py:183} INFO - Processing /home/ubuntu/air_venv/lib/python3.10/site-packages/airflow/example_dags/example_xcom.py took 0.082 seconds
[2024-03-18T08:17:10.924+0000] {processor.py:161} INFO - Started process (PID=11743) to work on /home/ubuntu/air_venv/lib/python3.10/site-packages/airflow/example_dags/example_xcom.py
[2024-03-18T08:17:10.926+0000] {processor.py:830} INFO - Processing file /home/ubuntu/air_venv/lib/python3.10/site-packages/airflow/example_dags/example_xcom.py for tasks to queue
[2024-03-18T08:17:10.927+0000] {logging_mixin.py:188} INFO - [2024-03-18T08:17:10.927+0000] {dagbag.py:540} INFO - Filling up the DagBag from /home/ubuntu/air_venv/lib/python3.10/site-packages/airflow/example_dags/example_xcom.py
[2024-03-18T08:17:10.936+0000] {processor.py:840} INFO - DAG(s) 'example_xcom' retrieved from /home/ubuntu/air_venv/lib/python3.10/site-packages/airflow/example_dags/example_xcom.py
[2024-03-18T08:17:10.955+0000] {logging_mixin.py:188} INFO - [2024-03-18T08:17:10.955+0000] {dag.py:3047} INFO - Sync 1 DAGs
[2024-03-18T08:17:10.977+0000] {logging_mixin.py:188} INFO - [2024-03-18T08:17:10.977+0000] {dag.py:3834} INFO - Setting next_dagrun for example_xcom to 2021-01-01 00:00:00+00:00, run_after=2021-01-01 00:00:00+00:00
[2024-03-18T08:17:11.005+0000] {processor.py:183} INFO - Processing /home/ubuntu/air_venv/lib/python3.10/site-packages/airflow/example_dags/example_xcom.py took 0.084 seconds
[2024-03-18T08:18:09.379+0000] {processor.py:161} INFO - Started process (PID=12401) to work on /home/ubuntu/air_venv/lib/python3.10/site-packages/airflow/example_dags/example_xcom.py
[2024-03-18T08:18:09.381+0000] {processor.py:830} INFO - Processing file /home/ubuntu/air_venv/lib/python3.10/site-packages/airflow/example_dags/example_xcom.py for tasks to queue
[2024-03-18T08:18:09.382+0000] {logging_mixin.py:188} INFO - [2024-03-18T08:18:09.381+0000] {dagbag.py:540} INFO - Filling up the DagBag from /home/ubuntu/air_venv/lib/python3.10/site-packages/airflow/example_dags/example_xcom.py
[2024-03-18T08:18:09.391+0000] {processor.py:840} INFO - DAG(s) 'example_xcom' retrieved from /home/ubuntu/air_venv/lib/python3.10/site-packages/airflow/example_dags/example_xcom.py
[2024-03-18T08:18:09.410+0000] {logging_mixin.py:188} INFO - [2024-03-18T08:18:09.410+0000] {dag.py:3047} INFO - Sync 1 DAGs
[2024-03-18T08:18:09.433+0000] {logging_mixin.py:188} INFO - [2024-03-18T08:18:09.432+0000] {dag.py:3834} INFO - Setting next_dagrun for example_xcom to 2021-01-01 00:00:00+00:00, run_after=2021-01-01 00:00:00+00:00
[2024-03-18T08:18:09.459+0000] {processor.py:183} INFO - Processing /home/ubuntu/air_venv/lib/python3.10/site-packages/airflow/example_dags/example_xcom.py took 0.084 seconds
[2024-03-18T08:19:00.948+0000] {processor.py:161} INFO - Started process (PID=12571) to work on /home/ubuntu/air_venv/lib/python3.10/site-packages/airflow/example_dags/example_xcom.py
[2024-03-18T08:19:00.950+0000] {processor.py:830} INFO - Processing file /home/ubuntu/air_venv/lib/python3.10/site-packages/airflow/example_dags/example_xcom.py for tasks to queue
[2024-03-18T08:19:00.951+0000] {logging_mixin.py:188} INFO - [2024-03-18T08:19:00.950+0000] {dagbag.py:540} INFO - Filling up the DagBag from /home/ubuntu/air_venv/lib/python3.10/site-packages/airflow/example_dags/example_xcom.py
[2024-03-18T08:19:00.960+0000] {processor.py:840} INFO - DAG(s) 'example_xcom' retrieved from /home/ubuntu/air_venv/lib/python3.10/site-packages/airflow/example_dags/example_xcom.py
[2024-03-18T08:19:00.979+0000] {logging_mixin.py:188} INFO - [2024-03-18T08:19:00.978+0000] {dag.py:3047} INFO - Sync 1 DAGs
[2024-03-18T08:19:01.000+0000] {logging_mixin.py:188} INFO - [2024-03-18T08:19:00.999+0000] {dag.py:3834} INFO - Setting next_dagrun for example_xcom to 2021-01-01 00:00:00+00:00, run_after=2021-01-01 00:00:00+00:00
[2024-03-18T08:19:01.023+0000] {processor.py:183} INFO - Processing /home/ubuntu/air_venv/lib/python3.10/site-packages/airflow/example_dags/example_xcom.py took 0.079 seconds
[2024-03-18T08:19:55.117+0000] {processor.py:161} INFO - Started process (PID=13045) to work on /home/ubuntu/air_venv/lib/python3.10/site-packages/airflow/example_dags/example_xcom.py
[2024-03-18T08:19:55.119+0000] {processor.py:830} INFO - Processing file /home/ubuntu/air_venv/lib/python3.10/site-packages/airflow/example_dags/example_xcom.py for tasks to queue
[2024-03-18T08:19:55.120+0000] {logging_mixin.py:188} INFO - [2024-03-18T08:19:55.120+0000] {dagbag.py:540} INFO - Filling up the DagBag from /home/ubuntu/air_venv/lib/python3.10/site-packages/airflow/example_dags/example_xcom.py
[2024-03-18T08:19:55.129+0000] {processor.py:840} INFO - DAG(s) 'example_xcom' retrieved from /home/ubuntu/air_venv/lib/python3.10/site-packages/airflow/example_dags/example_xcom.py
[2024-03-18T08:19:55.149+0000] {logging_mixin.py:188} INFO - [2024-03-18T08:19:55.148+0000] {dag.py:3047} INFO - Sync 1 DAGs
[2024-03-18T08:19:55.170+0000] {logging_mixin.py:188} INFO - [2024-03-18T08:19:55.170+0000] {dag.py:3834} INFO - Setting next_dagrun for example_xcom to 2021-01-01 00:00:00+00:00, run_after=2021-01-01 00:00:00+00:00
[2024-03-18T08:19:55.197+0000] {processor.py:183} INFO - Processing /home/ubuntu/air_venv/lib/python3.10/site-packages/airflow/example_dags/example_xcom.py took 0.084 seconds
[2024-03-18T08:20:49.730+0000] {processor.py:161} INFO - Started process (PID=13334) to work on /home/ubuntu/air_venv/lib/python3.10/site-packages/airflow/example_dags/example_xcom.py
[2024-03-18T08:20:49.732+0000] {processor.py:830} INFO - Processing file /home/ubuntu/air_venv/lib/python3.10/site-packages/airflow/example_dags/example_xcom.py for tasks to queue
[2024-03-18T08:20:49.733+0000] {logging_mixin.py:188} INFO - [2024-03-18T08:20:49.733+0000] {dagbag.py:540} INFO - Filling up the DagBag from /home/ubuntu/air_venv/lib/python3.10/site-packages/airflow/example_dags/example_xcom.py
[2024-03-18T08:20:49.743+0000] {processor.py:840} INFO - DAG(s) 'example_xcom' retrieved from /home/ubuntu/air_venv/lib/python3.10/site-packages/airflow/example_dags/example_xcom.py
[2024-03-18T08:20:49.762+0000] {logging_mixin.py:188} INFO - [2024-03-18T08:20:49.761+0000] {dag.py:3047} INFO - Sync 1 DAGs
[2024-03-18T08:20:49.782+0000] {logging_mixin.py:188} INFO - [2024-03-18T08:20:49.782+0000] {dag.py:3834} INFO - Setting next_dagrun for example_xcom to 2021-01-01 00:00:00+00:00, run_after=2021-01-01 00:00:00+00:00
[2024-03-18T08:20:49.807+0000] {processor.py:183} INFO - Processing /home/ubuntu/air_venv/lib/python3.10/site-packages/airflow/example_dags/example_xcom.py took 0.080 seconds
[2024-03-18T08:21:49.624+0000] {processor.py:161} INFO - Started process (PID=13753) to work on /home/ubuntu/air_venv/lib/python3.10/site-packages/airflow/example_dags/example_xcom.py
[2024-03-18T08:21:49.627+0000] {processor.py:830} INFO - Processing file /home/ubuntu/air_venv/lib/python3.10/site-packages/airflow/example_dags/example_xcom.py for tasks to queue
[2024-03-18T08:21:49.628+0000] {logging_mixin.py:188} INFO - [2024-03-18T08:21:49.627+0000] {dagbag.py:540} INFO - Filling up the DagBag from /home/ubuntu/air_venv/lib/python3.10/site-packages/airflow/example_dags/example_xcom.py
[2024-03-18T08:21:49.637+0000] {processor.py:840} INFO - DAG(s) 'example_xcom' retrieved from /home/ubuntu/air_venv/lib/python3.10/site-packages/airflow/example_dags/example_xcom.py
[2024-03-18T08:21:49.655+0000] {logging_mixin.py:188} INFO - [2024-03-18T08:21:49.655+0000] {dag.py:3047} INFO - Sync 1 DAGs
[2024-03-18T08:21:49.678+0000] {logging_mixin.py:188} INFO - [2024-03-18T08:21:49.678+0000] {dag.py:3834} INFO - Setting next_dagrun for example_xcom to 2021-01-01 00:00:00+00:00, run_after=2021-01-01 00:00:00+00:00
[2024-03-18T08:21:49.704+0000] {processor.py:183} INFO - Processing /home/ubuntu/air_venv/lib/python3.10/site-packages/airflow/example_dags/example_xcom.py took 0.083 seconds
[2024-03-18T08:22:29.140+0000] {processor.py:161} INFO - Started process (PID=13915) to work on /home/ubuntu/air_venv/lib/python3.10/site-packages/airflow/example_dags/example_xcom.py
[2024-03-18T08:22:29.142+0000] {processor.py:830} INFO - Processing file /home/ubuntu/air_venv/lib/python3.10/site-packages/airflow/example_dags/example_xcom.py for tasks to queue
[2024-03-18T08:22:29.143+0000] {logging_mixin.py:188} INFO - [2024-03-18T08:22:29.143+0000] {dagbag.py:540} INFO - Filling up the DagBag from /home/ubuntu/air_venv/lib/python3.10/site-packages/airflow/example_dags/example_xcom.py
[2024-03-18T08:22:29.152+0000] {processor.py:840} INFO - DAG(s) 'example_xcom' retrieved from /home/ubuntu/air_venv/lib/python3.10/site-packages/airflow/example_dags/example_xcom.py
[2024-03-18T08:22:29.171+0000] {logging_mixin.py:188} INFO - [2024-03-18T08:22:29.171+0000] {dag.py:3047} INFO - Sync 1 DAGs
[2024-03-18T08:22:29.193+0000] {logging_mixin.py:188} INFO - [2024-03-18T08:22:29.192+0000] {dag.py:3834} INFO - Setting next_dagrun for example_xcom to 2021-01-01 00:00:00+00:00, run_after=2021-01-01 00:00:00+00:00
[2024-03-18T08:22:29.217+0000] {processor.py:183} INFO - Processing /home/ubuntu/air_venv/lib/python3.10/site-packages/airflow/example_dags/example_xcom.py took 0.080 seconds
[2024-03-18T08:23:06.517+0000] {processor.py:161} INFO - Started process (PID=14260) to work on /home/ubuntu/air_venv/lib/python3.10/site-packages/airflow/example_dags/example_xcom.py
[2024-03-18T08:23:06.519+0000] {processor.py:830} INFO - Processing file /home/ubuntu/air_venv/lib/python3.10/site-packages/airflow/example_dags/example_xcom.py for tasks to queue
[2024-03-18T08:23:06.520+0000] {logging_mixin.py:188} INFO - [2024-03-18T08:23:06.520+0000] {dagbag.py:540} INFO - Filling up the DagBag from /home/ubuntu/air_venv/lib/python3.10/site-packages/airflow/example_dags/example_xcom.py
[2024-03-18T08:23:06.530+0000] {processor.py:840} INFO - DAG(s) 'example_xcom' retrieved from /home/ubuntu/air_venv/lib/python3.10/site-packages/airflow/example_dags/example_xcom.py
[2024-03-18T08:23:06.551+0000] {logging_mixin.py:188} INFO - [2024-03-18T08:23:06.550+0000] {dag.py:3047} INFO - Sync 1 DAGs
[2024-03-18T08:23:06.575+0000] {logging_mixin.py:188} INFO - [2024-03-18T08:23:06.575+0000] {dag.py:3834} INFO - Setting next_dagrun for example_xcom to 2021-01-01 00:00:00+00:00, run_after=2021-01-01 00:00:00+00:00
[2024-03-18T08:23:06.605+0000] {processor.py:183} INFO - Processing /home/ubuntu/air_venv/lib/python3.10/site-packages/airflow/example_dags/example_xcom.py took 0.091 seconds
[2024-03-18T08:23:46.924+0000] {processor.py:161} INFO - Started process (PID=14565) to work on /home/ubuntu/air_venv/lib/python3.10/site-packages/airflow/example_dags/example_xcom.py
[2024-03-18T08:23:46.925+0000] {processor.py:830} INFO - Processing file /home/ubuntu/air_venv/lib/python3.10/site-packages/airflow/example_dags/example_xcom.py for tasks to queue
[2024-03-18T08:23:46.926+0000] {logging_mixin.py:188} INFO - [2024-03-18T08:23:46.926+0000] {dagbag.py:540} INFO - Filling up the DagBag from /home/ubuntu/air_venv/lib/python3.10/site-packages/airflow/example_dags/example_xcom.py
[2024-03-18T08:23:46.936+0000] {processor.py:840} INFO - DAG(s) 'example_xcom' retrieved from /home/ubuntu/air_venv/lib/python3.10/site-packages/airflow/example_dags/example_xcom.py
[2024-03-18T08:23:46.954+0000] {logging_mixin.py:188} INFO - [2024-03-18T08:23:46.954+0000] {dag.py:3047} INFO - Sync 1 DAGs
[2024-03-18T08:23:46.974+0000] {logging_mixin.py:188} INFO - [2024-03-18T08:23:46.974+0000] {dag.py:3834} INFO - Setting next_dagrun for example_xcom to 2021-01-01 00:00:00+00:00, run_after=2021-01-01 00:00:00+00:00
[2024-03-18T08:23:46.998+0000] {processor.py:183} INFO - Processing /home/ubuntu/air_venv/lib/python3.10/site-packages/airflow/example_dags/example_xcom.py took 0.078 seconds
[2024-03-18T08:24:26.123+0000] {processor.py:161} INFO - Started process (PID=14888) to work on /home/ubuntu/air_venv/lib/python3.10/site-packages/airflow/example_dags/example_xcom.py
[2024-03-18T08:24:26.125+0000] {processor.py:830} INFO - Processing file /home/ubuntu/air_venv/lib/python3.10/site-packages/airflow/example_dags/example_xcom.py for tasks to queue
[2024-03-18T08:24:26.126+0000] {logging_mixin.py:188} INFO - [2024-03-18T08:24:26.126+0000] {dagbag.py:540} INFO - Filling up the DagBag from /home/ubuntu/air_venv/lib/python3.10/site-packages/airflow/example_dags/example_xcom.py
[2024-03-18T08:24:26.136+0000] {processor.py:840} INFO - DAG(s) 'example_xcom' retrieved from /home/ubuntu/air_venv/lib/python3.10/site-packages/airflow/example_dags/example_xcom.py
[2024-03-18T08:24:26.155+0000] {logging_mixin.py:188} INFO - [2024-03-18T08:24:26.155+0000] {dag.py:3047} INFO - Sync 1 DAGs
[2024-03-18T08:24:26.178+0000] {logging_mixin.py:188} INFO - [2024-03-18T08:24:26.177+0000] {dag.py:3834} INFO - Setting next_dagrun for example_xcom to 2021-01-01 00:00:00+00:00, run_after=2021-01-01 00:00:00+00:00
[2024-03-18T08:24:26.205+0000] {processor.py:183} INFO - Processing /home/ubuntu/air_venv/lib/python3.10/site-packages/airflow/example_dags/example_xcom.py took 0.085 seconds
[2024-03-18T08:25:07.620+0000] {processor.py:161} INFO - Started process (PID=15266) to work on /home/ubuntu/air_venv/lib/python3.10/site-packages/airflow/example_dags/example_xcom.py
[2024-03-18T08:25:07.637+0000] {processor.py:830} INFO - Processing file /home/ubuntu/air_venv/lib/python3.10/site-packages/airflow/example_dags/example_xcom.py for tasks to queue
[2024-03-18T08:25:07.638+0000] {logging_mixin.py:188} INFO - [2024-03-18T08:25:07.638+0000] {dagbag.py:540} INFO - Filling up the DagBag from /home/ubuntu/air_venv/lib/python3.10/site-packages/airflow/example_dags/example_xcom.py
[2024-03-18T08:25:07.649+0000] {processor.py:840} INFO - DAG(s) 'example_xcom' retrieved from /home/ubuntu/air_venv/lib/python3.10/site-packages/airflow/example_dags/example_xcom.py
[2024-03-18T08:25:07.785+0000] {logging_mixin.py:188} INFO - [2024-03-18T08:25:07.785+0000] {dag.py:3047} INFO - Sync 1 DAGs
[2024-03-18T08:25:07.814+0000] {logging_mixin.py:188} INFO - [2024-03-18T08:25:07.814+0000] {dag.py:3834} INFO - Setting next_dagrun for example_xcom to 2021-01-01 00:00:00+00:00, run_after=2021-01-01 00:00:00+00:00
[2024-03-18T08:25:07.963+0000] {processor.py:183} INFO - Processing /home/ubuntu/air_venv/lib/python3.10/site-packages/airflow/example_dags/example_xcom.py took 0.313 seconds
[2024-03-18T08:25:51.047+0000] {processor.py:161} INFO - Started process (PID=15369) to work on /home/ubuntu/air_venv/lib/python3.10/site-packages/airflow/example_dags/example_xcom.py
[2024-03-18T08:25:51.049+0000] {processor.py:830} INFO - Processing file /home/ubuntu/air_venv/lib/python3.10/site-packages/airflow/example_dags/example_xcom.py for tasks to queue
[2024-03-18T08:25:51.050+0000] {logging_mixin.py:188} INFO - [2024-03-18T08:25:51.050+0000] {dagbag.py:540} INFO - Filling up the DagBag from /home/ubuntu/air_venv/lib/python3.10/site-packages/airflow/example_dags/example_xcom.py
[2024-03-18T08:25:51.060+0000] {processor.py:840} INFO - DAG(s) 'example_xcom' retrieved from /home/ubuntu/air_venv/lib/python3.10/site-packages/airflow/example_dags/example_xcom.py
[2024-03-18T08:25:51.079+0000] {logging_mixin.py:188} INFO - [2024-03-18T08:25:51.079+0000] {dag.py:3047} INFO - Sync 1 DAGs
[2024-03-18T08:25:51.100+0000] {logging_mixin.py:188} INFO - [2024-03-18T08:25:51.100+0000] {dag.py:3834} INFO - Setting next_dagrun for example_xcom to 2021-01-01 00:00:00+00:00, run_after=2021-01-01 00:00:00+00:00
[2024-03-18T08:25:51.124+0000] {processor.py:183} INFO - Processing /home/ubuntu/air_venv/lib/python3.10/site-packages/airflow/example_dags/example_xcom.py took 0.080 seconds
[2024-03-18T08:26:29.857+0000] {processor.py:161} INFO - Started process (PID=15408) to work on /home/ubuntu/air_venv/lib/python3.10/site-packages/airflow/example_dags/example_xcom.py
[2024-03-18T08:26:29.858+0000] {processor.py:830} INFO - Processing file /home/ubuntu/air_venv/lib/python3.10/site-packages/airflow/example_dags/example_xcom.py for tasks to queue
[2024-03-18T08:26:29.860+0000] {logging_mixin.py:188} INFO - [2024-03-18T08:26:29.859+0000] {dagbag.py:540} INFO - Filling up the DagBag from /home/ubuntu/air_venv/lib/python3.10/site-packages/airflow/example_dags/example_xcom.py
[2024-03-18T08:26:29.869+0000] {processor.py:840} INFO - DAG(s) 'example_xcom' retrieved from /home/ubuntu/air_venv/lib/python3.10/site-packages/airflow/example_dags/example_xcom.py
[2024-03-18T08:26:29.887+0000] {logging_mixin.py:188} INFO - [2024-03-18T08:26:29.887+0000] {dag.py:3047} INFO - Sync 1 DAGs
[2024-03-18T08:26:29.909+0000] {logging_mixin.py:188} INFO - [2024-03-18T08:26:29.909+0000] {dag.py:3834} INFO - Setting next_dagrun for example_xcom to 2021-01-01 00:00:00+00:00, run_after=2021-01-01 00:00:00+00:00
[2024-03-18T08:26:29.932+0000] {processor.py:183} INFO - Processing /home/ubuntu/air_venv/lib/python3.10/site-packages/airflow/example_dags/example_xcom.py took 0.079 seconds
[2024-03-18T08:27:10.732+0000] {processor.py:161} INFO - Started process (PID=15508) to work on /home/ubuntu/air_venv/lib/python3.10/site-packages/airflow/example_dags/example_xcom.py
[2024-03-18T08:27:10.734+0000] {processor.py:830} INFO - Processing file /home/ubuntu/air_venv/lib/python3.10/site-packages/airflow/example_dags/example_xcom.py for tasks to queue
[2024-03-18T08:27:10.736+0000] {logging_mixin.py:188} INFO - [2024-03-18T08:27:10.735+0000] {dagbag.py:540} INFO - Filling up the DagBag from /home/ubuntu/air_venv/lib/python3.10/site-packages/airflow/example_dags/example_xcom.py
[2024-03-18T08:27:10.745+0000] {processor.py:840} INFO - DAG(s) 'example_xcom' retrieved from /home/ubuntu/air_venv/lib/python3.10/site-packages/airflow/example_dags/example_xcom.py
[2024-03-18T08:27:10.764+0000] {logging_mixin.py:188} INFO - [2024-03-18T08:27:10.764+0000] {dag.py:3047} INFO - Sync 1 DAGs
[2024-03-18T08:27:10.785+0000] {logging_mixin.py:188} INFO - [2024-03-18T08:27:10.784+0000] {dag.py:3834} INFO - Setting next_dagrun for example_xcom to 2021-01-01 00:00:00+00:00, run_after=2021-01-01 00:00:00+00:00
[2024-03-18T08:27:10.810+0000] {processor.py:183} INFO - Processing /home/ubuntu/air_venv/lib/python3.10/site-packages/airflow/example_dags/example_xcom.py took 0.081 seconds
[2024-03-18T08:27:53.585+0000] {processor.py:161} INFO - Started process (PID=15610) to work on /home/ubuntu/air_venv/lib/python3.10/site-packages/airflow/example_dags/example_xcom.py
[2024-03-18T08:27:53.587+0000] {processor.py:830} INFO - Processing file /home/ubuntu/air_venv/lib/python3.10/site-packages/airflow/example_dags/example_xcom.py for tasks to queue
[2024-03-18T08:27:53.588+0000] {logging_mixin.py:188} INFO - [2024-03-18T08:27:53.588+0000] {dagbag.py:540} INFO - Filling up the DagBag from /home/ubuntu/air_venv/lib/python3.10/site-packages/airflow/example_dags/example_xcom.py
[2024-03-18T08:27:53.598+0000] {processor.py:840} INFO - DAG(s) 'example_xcom' retrieved from /home/ubuntu/air_venv/lib/python3.10/site-packages/airflow/example_dags/example_xcom.py
[2024-03-18T08:27:53.616+0000] {logging_mixin.py:188} INFO - [2024-03-18T08:27:53.616+0000] {dag.py:3047} INFO - Sync 1 DAGs
[2024-03-18T08:27:53.638+0000] {logging_mixin.py:188} INFO - [2024-03-18T08:27:53.637+0000] {dag.py:3834} INFO - Setting next_dagrun for example_xcom to 2021-01-01 00:00:00+00:00, run_after=2021-01-01 00:00:00+00:00
[2024-03-18T08:27:53.664+0000] {processor.py:183} INFO - Processing /home/ubuntu/air_venv/lib/python3.10/site-packages/airflow/example_dags/example_xcom.py took 0.083 seconds
[2024-03-18T08:28:36.017+0000] {processor.py:161} INFO - Started process (PID=15651) to work on /home/ubuntu/air_venv/lib/python3.10/site-packages/airflow/example_dags/example_xcom.py
[2024-03-18T08:28:36.019+0000] {processor.py:830} INFO - Processing file /home/ubuntu/air_venv/lib/python3.10/site-packages/airflow/example_dags/example_xcom.py for tasks to queue
[2024-03-18T08:28:36.020+0000] {logging_mixin.py:188} INFO - [2024-03-18T08:28:36.020+0000] {dagbag.py:540} INFO - Filling up the DagBag from /home/ubuntu/air_venv/lib/python3.10/site-packages/airflow/example_dags/example_xcom.py
[2024-03-18T08:28:36.030+0000] {processor.py:840} INFO - DAG(s) 'example_xcom' retrieved from /home/ubuntu/air_venv/lib/python3.10/site-packages/airflow/example_dags/example_xcom.py
[2024-03-18T08:28:36.048+0000] {logging_mixin.py:188} INFO - [2024-03-18T08:28:36.048+0000] {dag.py:3047} INFO - Sync 1 DAGs
[2024-03-18T08:28:36.069+0000] {logging_mixin.py:188} INFO - [2024-03-18T08:28:36.069+0000] {dag.py:3834} INFO - Setting next_dagrun for example_xcom to 2021-01-01 00:00:00+00:00, run_after=2021-01-01 00:00:00+00:00
[2024-03-18T08:28:36.094+0000] {processor.py:183} INFO - Processing /home/ubuntu/air_venv/lib/python3.10/site-packages/airflow/example_dags/example_xcom.py took 0.080 seconds
[2024-03-18T08:29:18.740+0000] {processor.py:161} INFO - Started process (PID=15752) to work on /home/ubuntu/air_venv/lib/python3.10/site-packages/airflow/example_dags/example_xcom.py
[2024-03-18T08:29:18.742+0000] {processor.py:830} INFO - Processing file /home/ubuntu/air_venv/lib/python3.10/site-packages/airflow/example_dags/example_xcom.py for tasks to queue
[2024-03-18T08:29:18.743+0000] {logging_mixin.py:188} INFO - [2024-03-18T08:29:18.743+0000] {dagbag.py:540} INFO - Filling up the DagBag from /home/ubuntu/air_venv/lib/python3.10/site-packages/airflow/example_dags/example_xcom.py
[2024-03-18T08:29:18.752+0000] {processor.py:840} INFO - DAG(s) 'example_xcom' retrieved from /home/ubuntu/air_venv/lib/python3.10/site-packages/airflow/example_dags/example_xcom.py
[2024-03-18T08:29:18.771+0000] {logging_mixin.py:188} INFO - [2024-03-18T08:29:18.771+0000] {dag.py:3047} INFO - Sync 1 DAGs
[2024-03-18T08:29:18.792+0000] {logging_mixin.py:188} INFO - [2024-03-18T08:29:18.792+0000] {dag.py:3834} INFO - Setting next_dagrun for example_xcom to 2021-01-01 00:00:00+00:00, run_after=2021-01-01 00:00:00+00:00
[2024-03-18T08:29:18.818+0000] {processor.py:183} INFO - Processing /home/ubuntu/air_venv/lib/python3.10/site-packages/airflow/example_dags/example_xcom.py took 0.081 seconds
