[2024-03-18T07:59:47.865+0000] {processor.py:161} INFO - Started process (PID=2660) to work on /home/ubuntu/air_venv/lib/python3.10/site-packages/airflow/example_dags/example_xcomargs.py
[2024-03-18T07:59:47.866+0000] {processor.py:830} INFO - Processing file /home/ubuntu/air_venv/lib/python3.10/site-packages/airflow/example_dags/example_xcomargs.py for tasks to queue
[2024-03-18T07:59:47.867+0000] {logging_mixin.py:188} INFO - [2024-03-18T07:59:47.867+0000] {dagbag.py:540} INFO - Filling up the DagBag from /home/ubuntu/air_venv/lib/python3.10/site-packages/airflow/example_dags/example_xcomargs.py
[2024-03-18T07:59:47.880+0000] {processor.py:840} INFO - DAG(s) 'example_xcom_args_with_operators', 'example_xcom_args' retrieved from /home/ubuntu/air_venv/lib/python3.10/site-packages/airflow/example_dags/example_xcomargs.py
[2024-03-18T07:59:48.004+0000] {logging_mixin.py:188} INFO - [2024-03-18T07:59:48.003+0000] {override.py:1769} INFO - Created Permission View: can edit on DAG:example_xcom_args_with_operators
[2024-03-18T07:59:48.019+0000] {logging_mixin.py:188} INFO - [2024-03-18T07:59:48.018+0000] {override.py:1769} INFO - Created Permission View: can delete on DAG:example_xcom_args_with_operators
[2024-03-18T07:59:48.030+0000] {logging_mixin.py:188} INFO - [2024-03-18T07:59:48.030+0000] {override.py:1769} INFO - Created Permission View: can read on DAG:example_xcom_args_with_operators
[2024-03-18T07:59:48.055+0000] {logging_mixin.py:188} INFO - [2024-03-18T07:59:48.055+0000] {override.py:1769} INFO - Created Permission View: can edit on DAG:example_xcom_args
[2024-03-18T07:59:48.067+0000] {logging_mixin.py:188} INFO - [2024-03-18T07:59:48.067+0000] {override.py:1769} INFO - Created Permission View: can delete on DAG:example_xcom_args
[2024-03-18T07:59:48.079+0000] {logging_mixin.py:188} INFO - [2024-03-18T07:59:48.079+0000] {override.py:1769} INFO - Created Permission View: can read on DAG:example_xcom_args
[2024-03-18T07:59:48.080+0000] {logging_mixin.py:188} INFO - [2024-03-18T07:59:48.079+0000] {dag.py:3047} INFO - Sync 2 DAGs
[2024-03-18T07:59:48.091+0000] {logging_mixin.py:188} INFO - [2024-03-18T07:59:48.091+0000] {dag.py:3069} INFO - Creating ORM DAG for example_xcom_args_with_operators
[2024-03-18T07:59:48.092+0000] {logging_mixin.py:188} INFO - [2024-03-18T07:59:48.092+0000] {dag.py:3069} INFO - Creating ORM DAG for example_xcom_args
[2024-03-18T07:59:48.093+0000] {logging_mixin.py:188} INFO - [2024-03-18T07:59:48.092+0000] {dag.py:3834} INFO - Setting next_dagrun for example_xcom_args to None, run_after=None
[2024-03-18T07:59:48.093+0000] {logging_mixin.py:188} INFO - [2024-03-18T07:59:48.093+0000] {dag.py:3834} INFO - Setting next_dagrun for example_xcom_args_with_operators to None, run_after=None
[2024-03-18T07:59:48.120+0000] {processor.py:183} INFO - Processing /home/ubuntu/air_venv/lib/python3.10/site-packages/airflow/example_dags/example_xcomargs.py took 0.258 seconds
[2024-03-18T08:00:52.419+0000] {processor.py:161} INFO - Started process (PID=3256) to work on /home/ubuntu/air_venv/lib/python3.10/site-packages/airflow/example_dags/example_xcomargs.py
[2024-03-18T08:00:52.423+0000] {processor.py:830} INFO - Processing file /home/ubuntu/air_venv/lib/python3.10/site-packages/airflow/example_dags/example_xcomargs.py for tasks to queue
[2024-03-18T08:00:52.424+0000] {logging_mixin.py:188} INFO - [2024-03-18T08:00:52.423+0000] {dagbag.py:540} INFO - Filling up the DagBag from /home/ubuntu/air_venv/lib/python3.10/site-packages/airflow/example_dags/example_xcomargs.py
[2024-03-18T08:00:52.434+0000] {processor.py:840} INFO - DAG(s) 'example_xcom_args', 'example_xcom_args_with_operators' retrieved from /home/ubuntu/air_venv/lib/python3.10/site-packages/airflow/example_dags/example_xcomargs.py
[2024-03-18T08:00:52.456+0000] {logging_mixin.py:188} INFO - [2024-03-18T08:00:52.455+0000] {dag.py:3047} INFO - Sync 2 DAGs
[2024-03-18T08:00:52.471+0000] {logging_mixin.py:188} INFO - [2024-03-18T08:00:52.470+0000] {dag.py:3834} INFO - Setting next_dagrun for example_xcom_args to None, run_after=None
[2024-03-18T08:00:52.475+0000] {logging_mixin.py:188} INFO - [2024-03-18T08:00:52.474+0000] {dag.py:3834} INFO - Setting next_dagrun for example_xcom_args_with_operators to None, run_after=None
[2024-03-18T08:00:52.496+0000] {processor.py:183} INFO - Processing /home/ubuntu/air_venv/lib/python3.10/site-packages/airflow/example_dags/example_xcomargs.py took 0.084 seconds
[2024-03-18T08:01:41.954+0000] {processor.py:161} INFO - Started process (PID=3690) to work on /home/ubuntu/air_venv/lib/python3.10/site-packages/airflow/example_dags/example_xcomargs.py
[2024-03-18T08:01:41.956+0000] {processor.py:830} INFO - Processing file /home/ubuntu/air_venv/lib/python3.10/site-packages/airflow/example_dags/example_xcomargs.py for tasks to queue
[2024-03-18T08:01:41.957+0000] {logging_mixin.py:188} INFO - [2024-03-18T08:01:41.957+0000] {dagbag.py:540} INFO - Filling up the DagBag from /home/ubuntu/air_venv/lib/python3.10/site-packages/airflow/example_dags/example_xcomargs.py
[2024-03-18T08:01:41.967+0000] {processor.py:840} INFO - DAG(s) 'example_xcom_args', 'example_xcom_args_with_operators' retrieved from /home/ubuntu/air_venv/lib/python3.10/site-packages/airflow/example_dags/example_xcomargs.py
[2024-03-18T08:01:41.987+0000] {logging_mixin.py:188} INFO - [2024-03-18T08:01:41.986+0000] {dag.py:3047} INFO - Sync 2 DAGs
[2024-03-18T08:01:41.999+0000] {logging_mixin.py:188} INFO - [2024-03-18T08:01:41.999+0000] {dag.py:3834} INFO - Setting next_dagrun for example_xcom_args to None, run_after=None
[2024-03-18T08:01:42.003+0000] {logging_mixin.py:188} INFO - [2024-03-18T08:01:42.003+0000] {dag.py:3834} INFO - Setting next_dagrun for example_xcom_args_with_operators to None, run_after=None
[2024-03-18T08:01:42.027+0000] {processor.py:183} INFO - Processing /home/ubuntu/air_venv/lib/python3.10/site-packages/airflow/example_dags/example_xcomargs.py took 0.077 seconds
[2024-03-18T08:02:33.232+0000] {processor.py:161} INFO - Started process (PID=4191) to work on /home/ubuntu/air_venv/lib/python3.10/site-packages/airflow/example_dags/example_xcomargs.py
[2024-03-18T08:02:33.234+0000] {processor.py:830} INFO - Processing file /home/ubuntu/air_venv/lib/python3.10/site-packages/airflow/example_dags/example_xcomargs.py for tasks to queue
[2024-03-18T08:02:33.235+0000] {logging_mixin.py:188} INFO - [2024-03-18T08:02:33.235+0000] {dagbag.py:540} INFO - Filling up the DagBag from /home/ubuntu/air_venv/lib/python3.10/site-packages/airflow/example_dags/example_xcomargs.py
[2024-03-18T08:02:33.245+0000] {processor.py:840} INFO - DAG(s) 'example_xcom_args', 'example_xcom_args_with_operators' retrieved from /home/ubuntu/air_venv/lib/python3.10/site-packages/airflow/example_dags/example_xcomargs.py
[2024-03-18T08:02:33.398+0000] {logging_mixin.py:188} INFO - [2024-03-18T08:02:33.398+0000] {dag.py:3047} INFO - Sync 2 DAGs
[2024-03-18T08:02:33.409+0000] {logging_mixin.py:188} INFO - [2024-03-18T08:02:33.409+0000] {dag.py:3834} INFO - Setting next_dagrun for example_xcom_args to None, run_after=None
[2024-03-18T08:02:33.412+0000] {logging_mixin.py:188} INFO - [2024-03-18T08:02:33.412+0000] {dag.py:3834} INFO - Setting next_dagrun for example_xcom_args_with_operators to None, run_after=None
[2024-03-18T08:02:33.433+0000] {processor.py:183} INFO - Processing /home/ubuntu/air_venv/lib/python3.10/site-packages/airflow/example_dags/example_xcomargs.py took 0.204 seconds
[2024-03-18T08:03:26.450+0000] {processor.py:161} INFO - Started process (PID=4479) to work on /home/ubuntu/air_venv/lib/python3.10/site-packages/airflow/example_dags/example_xcomargs.py
[2024-03-18T08:03:26.452+0000] {processor.py:830} INFO - Processing file /home/ubuntu/air_venv/lib/python3.10/site-packages/airflow/example_dags/example_xcomargs.py for tasks to queue
[2024-03-18T08:03:26.453+0000] {logging_mixin.py:188} INFO - [2024-03-18T08:03:26.452+0000] {dagbag.py:540} INFO - Filling up the DagBag from /home/ubuntu/air_venv/lib/python3.10/site-packages/airflow/example_dags/example_xcomargs.py
[2024-03-18T08:03:26.463+0000] {processor.py:840} INFO - DAG(s) 'example_xcom_args', 'example_xcom_args_with_operators' retrieved from /home/ubuntu/air_venv/lib/python3.10/site-packages/airflow/example_dags/example_xcomargs.py
[2024-03-18T08:03:26.484+0000] {logging_mixin.py:188} INFO - [2024-03-18T08:03:26.484+0000] {dag.py:3047} INFO - Sync 2 DAGs
[2024-03-18T08:03:26.498+0000] {logging_mixin.py:188} INFO - [2024-03-18T08:03:26.498+0000] {dag.py:3834} INFO - Setting next_dagrun for example_xcom_args to None, run_after=None
[2024-03-18T08:03:26.502+0000] {logging_mixin.py:188} INFO - [2024-03-18T08:03:26.502+0000] {dag.py:3834} INFO - Setting next_dagrun for example_xcom_args_with_operators to None, run_after=None
[2024-03-18T08:03:26.527+0000] {processor.py:183} INFO - Processing /home/ubuntu/air_venv/lib/python3.10/site-packages/airflow/example_dags/example_xcomargs.py took 0.080 seconds
[2024-03-18T08:04:10.715+0000] {processor.py:161} INFO - Started process (PID=4943) to work on /home/ubuntu/air_venv/lib/python3.10/site-packages/airflow/example_dags/example_xcomargs.py
[2024-03-18T08:04:10.717+0000] {processor.py:830} INFO - Processing file /home/ubuntu/air_venv/lib/python3.10/site-packages/airflow/example_dags/example_xcomargs.py for tasks to queue
[2024-03-18T08:04:10.718+0000] {logging_mixin.py:188} INFO - [2024-03-18T08:04:10.718+0000] {dagbag.py:540} INFO - Filling up the DagBag from /home/ubuntu/air_venv/lib/python3.10/site-packages/airflow/example_dags/example_xcomargs.py
[2024-03-18T08:04:10.728+0000] {processor.py:840} INFO - DAG(s) 'example_xcom_args', 'example_xcom_args_with_operators' retrieved from /home/ubuntu/air_venv/lib/python3.10/site-packages/airflow/example_dags/example_xcomargs.py
[2024-03-18T08:04:10.748+0000] {logging_mixin.py:188} INFO - [2024-03-18T08:04:10.748+0000] {dag.py:3047} INFO - Sync 2 DAGs
[2024-03-18T08:04:10.761+0000] {logging_mixin.py:188} INFO - [2024-03-18T08:04:10.761+0000] {dag.py:3834} INFO - Setting next_dagrun for example_xcom_args to None, run_after=None
[2024-03-18T08:04:10.765+0000] {logging_mixin.py:188} INFO - [2024-03-18T08:04:10.765+0000] {dag.py:3834} INFO - Setting next_dagrun for example_xcom_args_with_operators to None, run_after=None
[2024-03-18T08:04:10.788+0000] {processor.py:183} INFO - Processing /home/ubuntu/air_venv/lib/python3.10/site-packages/airflow/example_dags/example_xcomargs.py took 0.076 seconds
[2024-03-18T08:04:57.786+0000] {processor.py:161} INFO - Started process (PID=5237) to work on /home/ubuntu/air_venv/lib/python3.10/site-packages/airflow/example_dags/example_xcomargs.py
[2024-03-18T08:04:57.788+0000] {processor.py:830} INFO - Processing file /home/ubuntu/air_venv/lib/python3.10/site-packages/airflow/example_dags/example_xcomargs.py for tasks to queue
[2024-03-18T08:04:57.789+0000] {logging_mixin.py:188} INFO - [2024-03-18T08:04:57.789+0000] {dagbag.py:540} INFO - Filling up the DagBag from /home/ubuntu/air_venv/lib/python3.10/site-packages/airflow/example_dags/example_xcomargs.py
[2024-03-18T08:04:57.800+0000] {processor.py:840} INFO - DAG(s) 'example_xcom_args', 'example_xcom_args_with_operators' retrieved from /home/ubuntu/air_venv/lib/python3.10/site-packages/airflow/example_dags/example_xcomargs.py
[2024-03-18T08:04:57.821+0000] {logging_mixin.py:188} INFO - [2024-03-18T08:04:57.821+0000] {dag.py:3047} INFO - Sync 2 DAGs
[2024-03-18T08:04:57.835+0000] {logging_mixin.py:188} INFO - [2024-03-18T08:04:57.834+0000] {dag.py:3834} INFO - Setting next_dagrun for example_xcom_args to None, run_after=None
[2024-03-18T08:04:57.839+0000] {logging_mixin.py:188} INFO - [2024-03-18T08:04:57.838+0000] {dag.py:3834} INFO - Setting next_dagrun for example_xcom_args_with_operators to None, run_after=None
[2024-03-18T08:04:57.861+0000] {processor.py:183} INFO - Processing /home/ubuntu/air_venv/lib/python3.10/site-packages/airflow/example_dags/example_xcomargs.py took 0.078 seconds
[2024-03-18T08:05:51.846+0000] {processor.py:161} INFO - Started process (PID=5888) to work on /home/ubuntu/air_venv/lib/python3.10/site-packages/airflow/example_dags/example_xcomargs.py
[2024-03-18T08:05:51.851+0000] {processor.py:830} INFO - Processing file /home/ubuntu/air_venv/lib/python3.10/site-packages/airflow/example_dags/example_xcomargs.py for tasks to queue
[2024-03-18T08:05:51.852+0000] {logging_mixin.py:188} INFO - [2024-03-18T08:05:51.852+0000] {dagbag.py:540} INFO - Filling up the DagBag from /home/ubuntu/air_venv/lib/python3.10/site-packages/airflow/example_dags/example_xcomargs.py
[2024-03-18T08:05:51.865+0000] {processor.py:840} INFO - DAG(s) 'example_xcom_args', 'example_xcom_args_with_operators' retrieved from /home/ubuntu/air_venv/lib/python3.10/site-packages/airflow/example_dags/example_xcomargs.py
[2024-03-18T08:05:51.885+0000] {logging_mixin.py:188} INFO - [2024-03-18T08:05:51.885+0000] {dag.py:3047} INFO - Sync 2 DAGs
[2024-03-18T08:05:51.899+0000] {logging_mixin.py:188} INFO - [2024-03-18T08:05:51.898+0000] {dag.py:3834} INFO - Setting next_dagrun for example_xcom_args to None, run_after=None
[2024-03-18T08:05:51.902+0000] {logging_mixin.py:188} INFO - [2024-03-18T08:05:51.902+0000] {dag.py:3834} INFO - Setting next_dagrun for example_xcom_args_with_operators to None, run_after=None
[2024-03-18T08:05:51.927+0000] {processor.py:183} INFO - Processing /home/ubuntu/air_venv/lib/python3.10/site-packages/airflow/example_dags/example_xcomargs.py took 0.084 seconds
[2024-03-18T08:07:09.334+0000] {processor.py:161} INFO - Started process (PID=6830) to work on /home/ubuntu/air_venv/lib/python3.10/site-packages/airflow/example_dags/example_xcomargs.py
[2024-03-18T08:07:09.336+0000] {processor.py:830} INFO - Processing file /home/ubuntu/air_venv/lib/python3.10/site-packages/airflow/example_dags/example_xcomargs.py for tasks to queue
[2024-03-18T08:07:09.337+0000] {logging_mixin.py:188} INFO - [2024-03-18T08:07:09.337+0000] {dagbag.py:540} INFO - Filling up the DagBag from /home/ubuntu/air_venv/lib/python3.10/site-packages/airflow/example_dags/example_xcomargs.py
[2024-03-18T08:07:09.347+0000] {processor.py:840} INFO - DAG(s) 'example_xcom_args', 'example_xcom_args_with_operators' retrieved from /home/ubuntu/air_venv/lib/python3.10/site-packages/airflow/example_dags/example_xcomargs.py
[2024-03-18T08:07:09.368+0000] {logging_mixin.py:188} INFO - [2024-03-18T08:07:09.367+0000] {dag.py:3047} INFO - Sync 2 DAGs
[2024-03-18T08:07:09.383+0000] {logging_mixin.py:188} INFO - [2024-03-18T08:07:09.382+0000] {dag.py:3834} INFO - Setting next_dagrun for example_xcom_args to None, run_after=None
[2024-03-18T08:07:09.386+0000] {logging_mixin.py:188} INFO - [2024-03-18T08:07:09.386+0000] {dag.py:3834} INFO - Setting next_dagrun for example_xcom_args_with_operators to None, run_after=None
[2024-03-18T08:07:09.408+0000] {processor.py:183} INFO - Processing /home/ubuntu/air_venv/lib/python3.10/site-packages/airflow/example_dags/example_xcomargs.py took 0.078 seconds
[2024-03-18T08:07:53.737+0000] {processor.py:161} INFO - Started process (PID=7211) to work on /home/ubuntu/air_venv/lib/python3.10/site-packages/airflow/example_dags/example_xcomargs.py
[2024-03-18T08:07:53.738+0000] {processor.py:830} INFO - Processing file /home/ubuntu/air_venv/lib/python3.10/site-packages/airflow/example_dags/example_xcomargs.py for tasks to queue
[2024-03-18T08:07:53.740+0000] {logging_mixin.py:188} INFO - [2024-03-18T08:07:53.739+0000] {dagbag.py:540} INFO - Filling up the DagBag from /home/ubuntu/air_venv/lib/python3.10/site-packages/airflow/example_dags/example_xcomargs.py
[2024-03-18T08:07:53.750+0000] {processor.py:840} INFO - DAG(s) 'example_xcom_args_with_operators', 'example_xcom_args' retrieved from /home/ubuntu/air_venv/lib/python3.10/site-packages/airflow/example_dags/example_xcomargs.py
[2024-03-18T08:07:53.771+0000] {logging_mixin.py:188} INFO - [2024-03-18T08:07:53.771+0000] {dag.py:3047} INFO - Sync 2 DAGs
[2024-03-18T08:07:53.784+0000] {logging_mixin.py:188} INFO - [2024-03-18T08:07:53.784+0000] {dag.py:3834} INFO - Setting next_dagrun for example_xcom_args to None, run_after=None
[2024-03-18T08:07:53.788+0000] {logging_mixin.py:188} INFO - [2024-03-18T08:07:53.788+0000] {dag.py:3834} INFO - Setting next_dagrun for example_xcom_args_with_operators to None, run_after=None
[2024-03-18T08:07:53.810+0000] {processor.py:183} INFO - Processing /home/ubuntu/air_venv/lib/python3.10/site-packages/airflow/example_dags/example_xcomargs.py took 0.077 seconds
[2024-03-18T08:08:41.233+0000] {processor.py:161} INFO - Started process (PID=7504) to work on /home/ubuntu/air_venv/lib/python3.10/site-packages/airflow/example_dags/example_xcomargs.py
[2024-03-18T08:08:41.234+0000] {processor.py:830} INFO - Processing file /home/ubuntu/air_venv/lib/python3.10/site-packages/airflow/example_dags/example_xcomargs.py for tasks to queue
[2024-03-18T08:08:41.236+0000] {logging_mixin.py:188} INFO - [2024-03-18T08:08:41.235+0000] {dagbag.py:540} INFO - Filling up the DagBag from /home/ubuntu/air_venv/lib/python3.10/site-packages/airflow/example_dags/example_xcomargs.py
[2024-03-18T08:08:41.248+0000] {processor.py:840} INFO - DAG(s) 'example_xcom_args_with_operators', 'example_xcom_args' retrieved from /home/ubuntu/air_venv/lib/python3.10/site-packages/airflow/example_dags/example_xcomargs.py
[2024-03-18T08:08:41.269+0000] {logging_mixin.py:188} INFO - [2024-03-18T08:08:41.269+0000] {dag.py:3047} INFO - Sync 2 DAGs
[2024-03-18T08:08:41.297+0000] {logging_mixin.py:188} INFO - [2024-03-18T08:08:41.296+0000] {dag.py:3834} INFO - Setting next_dagrun for example_xcom_args to None, run_after=None
[2024-03-18T08:08:41.301+0000] {logging_mixin.py:188} INFO - [2024-03-18T08:08:41.300+0000] {dag.py:3834} INFO - Setting next_dagrun for example_xcom_args_with_operators to None, run_after=None
[2024-03-18T08:08:41.325+0000] {processor.py:183} INFO - Processing /home/ubuntu/air_venv/lib/python3.10/site-packages/airflow/example_dags/example_xcomargs.py took 0.095 seconds
[2024-03-18T08:09:26.320+0000] {processor.py:161} INFO - Started process (PID=7851) to work on /home/ubuntu/air_venv/lib/python3.10/site-packages/airflow/example_dags/example_xcomargs.py
[2024-03-18T08:09:26.322+0000] {processor.py:830} INFO - Processing file /home/ubuntu/air_venv/lib/python3.10/site-packages/airflow/example_dags/example_xcomargs.py for tasks to queue
[2024-03-18T08:09:26.323+0000] {logging_mixin.py:188} INFO - [2024-03-18T08:09:26.322+0000] {dagbag.py:540} INFO - Filling up the DagBag from /home/ubuntu/air_venv/lib/python3.10/site-packages/airflow/example_dags/example_xcomargs.py
[2024-03-18T08:09:26.333+0000] {processor.py:840} INFO - DAG(s) 'example_xcom_args', 'example_xcom_args_with_operators' retrieved from /home/ubuntu/air_venv/lib/python3.10/site-packages/airflow/example_dags/example_xcomargs.py
[2024-03-18T08:09:26.354+0000] {logging_mixin.py:188} INFO - [2024-03-18T08:09:26.354+0000] {dag.py:3047} INFO - Sync 2 DAGs
[2024-03-18T08:09:26.367+0000] {logging_mixin.py:188} INFO - [2024-03-18T08:09:26.367+0000] {dag.py:3834} INFO - Setting next_dagrun for example_xcom_args to None, run_after=None
[2024-03-18T08:09:26.370+0000] {logging_mixin.py:188} INFO - [2024-03-18T08:09:26.370+0000] {dag.py:3834} INFO - Setting next_dagrun for example_xcom_args_with_operators to None, run_after=None
[2024-03-18T08:09:26.392+0000] {processor.py:183} INFO - Processing /home/ubuntu/air_venv/lib/python3.10/site-packages/airflow/example_dags/example_xcomargs.py took 0.076 seconds
[2024-03-18T08:10:09.454+0000] {processor.py:161} INFO - Started process (PID=8159) to work on /home/ubuntu/air_venv/lib/python3.10/site-packages/airflow/example_dags/example_xcomargs.py
[2024-03-18T08:10:09.456+0000] {processor.py:830} INFO - Processing file /home/ubuntu/air_venv/lib/python3.10/site-packages/airflow/example_dags/example_xcomargs.py for tasks to queue
[2024-03-18T08:10:09.457+0000] {logging_mixin.py:188} INFO - [2024-03-18T08:10:09.457+0000] {dagbag.py:540} INFO - Filling up the DagBag from /home/ubuntu/air_venv/lib/python3.10/site-packages/airflow/example_dags/example_xcomargs.py
[2024-03-18T08:10:09.468+0000] {processor.py:840} INFO - DAG(s) 'example_xcom_args', 'example_xcom_args_with_operators' retrieved from /home/ubuntu/air_venv/lib/python3.10/site-packages/airflow/example_dags/example_xcomargs.py
[2024-03-18T08:10:09.491+0000] {logging_mixin.py:188} INFO - [2024-03-18T08:10:09.491+0000] {dag.py:3047} INFO - Sync 2 DAGs
[2024-03-18T08:10:09.505+0000] {logging_mixin.py:188} INFO - [2024-03-18T08:10:09.505+0000] {dag.py:3834} INFO - Setting next_dagrun for example_xcom_args to None, run_after=None
[2024-03-18T08:10:09.510+0000] {logging_mixin.py:188} INFO - [2024-03-18T08:10:09.510+0000] {dag.py:3834} INFO - Setting next_dagrun for example_xcom_args_with_operators to None, run_after=None
[2024-03-18T08:10:09.536+0000] {processor.py:183} INFO - Processing /home/ubuntu/air_venv/lib/python3.10/site-packages/airflow/example_dags/example_xcomargs.py took 0.086 seconds
[2024-03-18T08:10:57.475+0000] {processor.py:161} INFO - Started process (PID=8486) to work on /home/ubuntu/air_venv/lib/python3.10/site-packages/airflow/example_dags/example_xcomargs.py
[2024-03-18T08:10:57.476+0000] {processor.py:830} INFO - Processing file /home/ubuntu/air_venv/lib/python3.10/site-packages/airflow/example_dags/example_xcomargs.py for tasks to queue
[2024-03-18T08:10:57.478+0000] {logging_mixin.py:188} INFO - [2024-03-18T08:10:57.477+0000] {dagbag.py:540} INFO - Filling up the DagBag from /home/ubuntu/air_venv/lib/python3.10/site-packages/airflow/example_dags/example_xcomargs.py
[2024-03-18T08:10:57.488+0000] {processor.py:840} INFO - DAG(s) 'example_xcom_args', 'example_xcom_args_with_operators' retrieved from /home/ubuntu/air_venv/lib/python3.10/site-packages/airflow/example_dags/example_xcomargs.py
[2024-03-18T08:10:57.509+0000] {logging_mixin.py:188} INFO - [2024-03-18T08:10:57.509+0000] {dag.py:3047} INFO - Sync 2 DAGs
[2024-03-18T08:10:57.523+0000] {logging_mixin.py:188} INFO - [2024-03-18T08:10:57.523+0000] {dag.py:3834} INFO - Setting next_dagrun for example_xcom_args to None, run_after=None
[2024-03-18T08:10:57.527+0000] {logging_mixin.py:188} INFO - [2024-03-18T08:10:57.527+0000] {dag.py:3834} INFO - Setting next_dagrun for example_xcom_args_with_operators to None, run_after=None
[2024-03-18T08:10:57.551+0000] {processor.py:183} INFO - Processing /home/ubuntu/air_venv/lib/python3.10/site-packages/airflow/example_dags/example_xcomargs.py took 0.080 seconds
[2024-03-18T08:11:41.411+0000] {processor.py:161} INFO - Started process (PID=8888) to work on /home/ubuntu/air_venv/lib/python3.10/site-packages/airflow/example_dags/example_xcomargs.py
[2024-03-18T08:11:41.413+0000] {processor.py:830} INFO - Processing file /home/ubuntu/air_venv/lib/python3.10/site-packages/airflow/example_dags/example_xcomargs.py for tasks to queue
[2024-03-18T08:11:41.414+0000] {logging_mixin.py:188} INFO - [2024-03-18T08:11:41.413+0000] {dagbag.py:540} INFO - Filling up the DagBag from /home/ubuntu/air_venv/lib/python3.10/site-packages/airflow/example_dags/example_xcomargs.py
[2024-03-18T08:11:41.424+0000] {processor.py:840} INFO - DAG(s) 'example_xcom_args', 'example_xcom_args_with_operators' retrieved from /home/ubuntu/air_venv/lib/python3.10/site-packages/airflow/example_dags/example_xcomargs.py
[2024-03-18T08:11:41.445+0000] {logging_mixin.py:188} INFO - [2024-03-18T08:11:41.445+0000] {dag.py:3047} INFO - Sync 2 DAGs
[2024-03-18T08:11:41.458+0000] {logging_mixin.py:188} INFO - [2024-03-18T08:11:41.458+0000] {dag.py:3834} INFO - Setting next_dagrun for example_xcom_args to None, run_after=None
[2024-03-18T08:11:41.462+0000] {logging_mixin.py:188} INFO - [2024-03-18T08:11:41.462+0000] {dag.py:3834} INFO - Setting next_dagrun for example_xcom_args_with_operators to None, run_after=None
[2024-03-18T08:11:41.485+0000] {processor.py:183} INFO - Processing /home/ubuntu/air_venv/lib/python3.10/site-packages/airflow/example_dags/example_xcomargs.py took 0.077 seconds
[2024-03-18T08:12:20.882+0000] {processor.py:161} INFO - Started process (PID=9048) to work on /home/ubuntu/air_venv/lib/python3.10/site-packages/airflow/example_dags/example_xcomargs.py
[2024-03-18T08:12:20.883+0000] {processor.py:830} INFO - Processing file /home/ubuntu/air_venv/lib/python3.10/site-packages/airflow/example_dags/example_xcomargs.py for tasks to queue
[2024-03-18T08:12:20.885+0000] {logging_mixin.py:188} INFO - [2024-03-18T08:12:20.884+0000] {dagbag.py:540} INFO - Filling up the DagBag from /home/ubuntu/air_venv/lib/python3.10/site-packages/airflow/example_dags/example_xcomargs.py
[2024-03-18T08:12:20.895+0000] {processor.py:840} INFO - DAG(s) 'example_xcom_args_with_operators', 'example_xcom_args' retrieved from /home/ubuntu/air_venv/lib/python3.10/site-packages/airflow/example_dags/example_xcomargs.py
[2024-03-18T08:12:20.919+0000] {logging_mixin.py:188} INFO - [2024-03-18T08:12:20.918+0000] {dag.py:3047} INFO - Sync 2 DAGs
[2024-03-18T08:12:20.933+0000] {logging_mixin.py:188} INFO - [2024-03-18T08:12:20.932+0000] {dag.py:3834} INFO - Setting next_dagrun for example_xcom_args to None, run_after=None
[2024-03-18T08:12:20.937+0000] {logging_mixin.py:188} INFO - [2024-03-18T08:12:20.937+0000] {dag.py:3834} INFO - Setting next_dagrun for example_xcom_args_with_operators to None, run_after=None
[2024-03-18T08:12:20.960+0000] {processor.py:183} INFO - Processing /home/ubuntu/air_venv/lib/python3.10/site-packages/airflow/example_dags/example_xcomargs.py took 0.082 seconds
[2024-03-18T08:13:05.272+0000] {processor.py:161} INFO - Started process (PID=9391) to work on /home/ubuntu/air_venv/lib/python3.10/site-packages/airflow/example_dags/example_xcomargs.py
[2024-03-18T08:13:05.281+0000] {processor.py:830} INFO - Processing file /home/ubuntu/air_venv/lib/python3.10/site-packages/airflow/example_dags/example_xcomargs.py for tasks to queue
[2024-03-18T08:13:05.282+0000] {logging_mixin.py:188} INFO - [2024-03-18T08:13:05.281+0000] {dagbag.py:540} INFO - Filling up the DagBag from /home/ubuntu/air_venv/lib/python3.10/site-packages/airflow/example_dags/example_xcomargs.py
[2024-03-18T08:13:05.322+0000] {processor.py:840} INFO - DAG(s) 'example_xcom_args', 'example_xcom_args_with_operators' retrieved from /home/ubuntu/air_venv/lib/python3.10/site-packages/airflow/example_dags/example_xcomargs.py
[2024-03-18T08:13:05.377+0000] {logging_mixin.py:188} INFO - [2024-03-18T08:13:05.377+0000] {dag.py:3047} INFO - Sync 2 DAGs
[2024-03-18T08:13:05.412+0000] {logging_mixin.py:188} INFO - [2024-03-18T08:13:05.412+0000] {dag.py:3834} INFO - Setting next_dagrun for example_xcom_args to None, run_after=None
[2024-03-18T08:13:05.427+0000] {logging_mixin.py:188} INFO - [2024-03-18T08:13:05.427+0000] {dag.py:3834} INFO - Setting next_dagrun for example_xcom_args_with_operators to None, run_after=None
[2024-03-18T08:13:05.536+0000] {processor.py:183} INFO - Processing /home/ubuntu/air_venv/lib/python3.10/site-packages/airflow/example_dags/example_xcomargs.py took 0.272 seconds
[2024-03-18T08:13:48.336+0000] {processor.py:161} INFO - Started process (PID=9616) to work on /home/ubuntu/air_venv/lib/python3.10/site-packages/airflow/example_dags/example_xcomargs.py
[2024-03-18T08:13:48.337+0000] {processor.py:830} INFO - Processing file /home/ubuntu/air_venv/lib/python3.10/site-packages/airflow/example_dags/example_xcomargs.py for tasks to queue
[2024-03-18T08:13:48.338+0000] {logging_mixin.py:188} INFO - [2024-03-18T08:13:48.338+0000] {dagbag.py:540} INFO - Filling up the DagBag from /home/ubuntu/air_venv/lib/python3.10/site-packages/airflow/example_dags/example_xcomargs.py
[2024-03-18T08:13:48.348+0000] {processor.py:840} INFO - DAG(s) 'example_xcom_args_with_operators', 'example_xcom_args' retrieved from /home/ubuntu/air_venv/lib/python3.10/site-packages/airflow/example_dags/example_xcomargs.py
[2024-03-18T08:13:48.369+0000] {logging_mixin.py:188} INFO - [2024-03-18T08:13:48.369+0000] {dag.py:3047} INFO - Sync 2 DAGs
[2024-03-18T08:13:48.382+0000] {logging_mixin.py:188} INFO - [2024-03-18T08:13:48.382+0000] {dag.py:3834} INFO - Setting next_dagrun for example_xcom_args to None, run_after=None
[2024-03-18T08:13:48.386+0000] {logging_mixin.py:188} INFO - [2024-03-18T08:13:48.386+0000] {dag.py:3834} INFO - Setting next_dagrun for example_xcom_args_with_operators to None, run_after=None
[2024-03-18T08:13:48.407+0000] {processor.py:183} INFO - Processing /home/ubuntu/air_venv/lib/python3.10/site-packages/airflow/example_dags/example_xcomargs.py took 0.075 seconds
[2024-03-18T08:14:52.628+0000] {processor.py:161} INFO - Started process (PID=10167) to work on /home/ubuntu/air_venv/lib/python3.10/site-packages/airflow/example_dags/example_xcomargs.py
[2024-03-18T08:14:52.630+0000] {processor.py:830} INFO - Processing file /home/ubuntu/air_venv/lib/python3.10/site-packages/airflow/example_dags/example_xcomargs.py for tasks to queue
[2024-03-18T08:14:52.631+0000] {logging_mixin.py:188} INFO - [2024-03-18T08:14:52.631+0000] {dagbag.py:540} INFO - Filling up the DagBag from /home/ubuntu/air_venv/lib/python3.10/site-packages/airflow/example_dags/example_xcomargs.py
[2024-03-18T08:14:52.645+0000] {processor.py:840} INFO - DAG(s) 'example_xcom_args_with_operators', 'example_xcom_args' retrieved from /home/ubuntu/air_venv/lib/python3.10/site-packages/airflow/example_dags/example_xcomargs.py
[2024-03-18T08:14:52.675+0000] {logging_mixin.py:188} INFO - [2024-03-18T08:14:52.674+0000] {dag.py:3047} INFO - Sync 2 DAGs
[2024-03-18T08:14:52.689+0000] {logging_mixin.py:188} INFO - [2024-03-18T08:14:52.688+0000] {dag.py:3834} INFO - Setting next_dagrun for example_xcom_args to None, run_after=None
[2024-03-18T08:14:52.693+0000] {logging_mixin.py:188} INFO - [2024-03-18T08:14:52.693+0000] {dag.py:3834} INFO - Setting next_dagrun for example_xcom_args_with_operators to None, run_after=None
[2024-03-18T08:14:52.727+0000] {processor.py:183} INFO - Processing /home/ubuntu/air_venv/lib/python3.10/site-packages/airflow/example_dags/example_xcomargs.py took 0.103 seconds
[2024-03-18T08:15:46.358+0000] {processor.py:161} INFO - Started process (PID=10699) to work on /home/ubuntu/air_venv/lib/python3.10/site-packages/airflow/example_dags/example_xcomargs.py
[2024-03-18T08:15:46.360+0000] {processor.py:830} INFO - Processing file /home/ubuntu/air_venv/lib/python3.10/site-packages/airflow/example_dags/example_xcomargs.py for tasks to queue
[2024-03-18T08:15:46.361+0000] {logging_mixin.py:188} INFO - [2024-03-18T08:15:46.361+0000] {dagbag.py:540} INFO - Filling up the DagBag from /home/ubuntu/air_venv/lib/python3.10/site-packages/airflow/example_dags/example_xcomargs.py
[2024-03-18T08:15:46.384+0000] {processor.py:840} INFO - DAG(s) 'example_xcom_args', 'example_xcom_args_with_operators' retrieved from /home/ubuntu/air_venv/lib/python3.10/site-packages/airflow/example_dags/example_xcomargs.py
[2024-03-18T08:15:46.429+0000] {logging_mixin.py:188} INFO - [2024-03-18T08:15:46.429+0000] {dag.py:3047} INFO - Sync 2 DAGs
[2024-03-18T08:15:46.451+0000] {logging_mixin.py:188} INFO - [2024-03-18T08:15:46.451+0000] {dag.py:3834} INFO - Setting next_dagrun for example_xcom_args to None, run_after=None
[2024-03-18T08:15:46.455+0000] {logging_mixin.py:188} INFO - [2024-03-18T08:15:46.455+0000] {dag.py:3834} INFO - Setting next_dagrun for example_xcom_args_with_operators to None, run_after=None
[2024-03-18T08:15:46.477+0000] {processor.py:183} INFO - Processing /home/ubuntu/air_venv/lib/python3.10/site-packages/airflow/example_dags/example_xcomargs.py took 0.122 seconds
[2024-03-18T08:16:39.304+0000] {processor.py:161} INFO - Started process (PID=11289) to work on /home/ubuntu/air_venv/lib/python3.10/site-packages/airflow/example_dags/example_xcomargs.py
[2024-03-18T08:16:39.306+0000] {processor.py:830} INFO - Processing file /home/ubuntu/air_venv/lib/python3.10/site-packages/airflow/example_dags/example_xcomargs.py for tasks to queue
[2024-03-18T08:16:39.307+0000] {logging_mixin.py:188} INFO - [2024-03-18T08:16:39.307+0000] {dagbag.py:540} INFO - Filling up the DagBag from /home/ubuntu/air_venv/lib/python3.10/site-packages/airflow/example_dags/example_xcomargs.py
[2024-03-18T08:16:39.317+0000] {processor.py:840} INFO - DAG(s) 'example_xcom_args_with_operators', 'example_xcom_args' retrieved from /home/ubuntu/air_venv/lib/python3.10/site-packages/airflow/example_dags/example_xcomargs.py
[2024-03-18T08:16:39.338+0000] {logging_mixin.py:188} INFO - [2024-03-18T08:16:39.338+0000] {dag.py:3047} INFO - Sync 2 DAGs
[2024-03-18T08:16:39.352+0000] {logging_mixin.py:188} INFO - [2024-03-18T08:16:39.352+0000] {dag.py:3834} INFO - Setting next_dagrun for example_xcom_args to None, run_after=None
[2024-03-18T08:16:39.356+0000] {logging_mixin.py:188} INFO - [2024-03-18T08:16:39.356+0000] {dag.py:3834} INFO - Setting next_dagrun for example_xcom_args_with_operators to None, run_after=None
[2024-03-18T08:16:39.378+0000] {processor.py:183} INFO - Processing /home/ubuntu/air_venv/lib/python3.10/site-packages/airflow/example_dags/example_xcomargs.py took 0.077 seconds
[2024-03-18T08:17:23.321+0000] {processor.py:161} INFO - Started process (PID=11874) to work on /home/ubuntu/air_venv/lib/python3.10/site-packages/airflow/example_dags/example_xcomargs.py
[2024-03-18T08:17:23.323+0000] {processor.py:830} INFO - Processing file /home/ubuntu/air_venv/lib/python3.10/site-packages/airflow/example_dags/example_xcomargs.py for tasks to queue
[2024-03-18T08:17:23.324+0000] {logging_mixin.py:188} INFO - [2024-03-18T08:17:23.324+0000] {dagbag.py:540} INFO - Filling up the DagBag from /home/ubuntu/air_venv/lib/python3.10/site-packages/airflow/example_dags/example_xcomargs.py
[2024-03-18T08:17:23.335+0000] {processor.py:840} INFO - DAG(s) 'example_xcom_args', 'example_xcom_args_with_operators' retrieved from /home/ubuntu/air_venv/lib/python3.10/site-packages/airflow/example_dags/example_xcomargs.py
[2024-03-18T08:17:23.357+0000] {logging_mixin.py:188} INFO - [2024-03-18T08:17:23.357+0000] {dag.py:3047} INFO - Sync 2 DAGs
[2024-03-18T08:17:23.371+0000] {logging_mixin.py:188} INFO - [2024-03-18T08:17:23.371+0000] {dag.py:3834} INFO - Setting next_dagrun for example_xcom_args to None, run_after=None
[2024-03-18T08:17:23.375+0000] {logging_mixin.py:188} INFO - [2024-03-18T08:17:23.375+0000] {dag.py:3834} INFO - Setting next_dagrun for example_xcom_args_with_operators to None, run_after=None
[2024-03-18T08:17:23.396+0000] {processor.py:183} INFO - Processing /home/ubuntu/air_venv/lib/python3.10/site-packages/airflow/example_dags/example_xcomargs.py took 0.079 seconds
[2024-03-18T08:18:10.112+0000] {processor.py:161} INFO - Started process (PID=12402) to work on /home/ubuntu/air_venv/lib/python3.10/site-packages/airflow/example_dags/example_xcomargs.py
[2024-03-18T08:18:10.114+0000] {processor.py:830} INFO - Processing file /home/ubuntu/air_venv/lib/python3.10/site-packages/airflow/example_dags/example_xcomargs.py for tasks to queue
[2024-03-18T08:18:10.116+0000] {logging_mixin.py:188} INFO - [2024-03-18T08:18:10.115+0000] {dagbag.py:540} INFO - Filling up the DagBag from /home/ubuntu/air_venv/lib/python3.10/site-packages/airflow/example_dags/example_xcomargs.py
[2024-03-18T08:18:10.126+0000] {processor.py:840} INFO - DAG(s) 'example_xcom_args', 'example_xcom_args_with_operators' retrieved from /home/ubuntu/air_venv/lib/python3.10/site-packages/airflow/example_dags/example_xcomargs.py
[2024-03-18T08:18:10.154+0000] {logging_mixin.py:188} INFO - [2024-03-18T08:18:10.154+0000] {dag.py:3047} INFO - Sync 2 DAGs
[2024-03-18T08:18:10.168+0000] {logging_mixin.py:188} INFO - [2024-03-18T08:18:10.167+0000] {dag.py:3834} INFO - Setting next_dagrun for example_xcom_args to None, run_after=None
[2024-03-18T08:18:10.171+0000] {logging_mixin.py:188} INFO - [2024-03-18T08:18:10.171+0000] {dag.py:3834} INFO - Setting next_dagrun for example_xcom_args_with_operators to None, run_after=None
[2024-03-18T08:18:10.194+0000] {processor.py:183} INFO - Processing /home/ubuntu/air_venv/lib/python3.10/site-packages/airflow/example_dags/example_xcomargs.py took 0.085 seconds
[2024-03-18T08:19:01.161+0000] {processor.py:161} INFO - Started process (PID=12572) to work on /home/ubuntu/air_venv/lib/python3.10/site-packages/airflow/example_dags/example_xcomargs.py
[2024-03-18T08:19:01.163+0000] {processor.py:830} INFO - Processing file /home/ubuntu/air_venv/lib/python3.10/site-packages/airflow/example_dags/example_xcomargs.py for tasks to queue
[2024-03-18T08:19:01.164+0000] {logging_mixin.py:188} INFO - [2024-03-18T08:19:01.164+0000] {dagbag.py:540} INFO - Filling up the DagBag from /home/ubuntu/air_venv/lib/python3.10/site-packages/airflow/example_dags/example_xcomargs.py
[2024-03-18T08:19:01.175+0000] {processor.py:840} INFO - DAG(s) 'example_xcom_args_with_operators', 'example_xcom_args' retrieved from /home/ubuntu/air_venv/lib/python3.10/site-packages/airflow/example_dags/example_xcomargs.py
[2024-03-18T08:19:01.198+0000] {logging_mixin.py:188} INFO - [2024-03-18T08:19:01.198+0000] {dag.py:3047} INFO - Sync 2 DAGs
[2024-03-18T08:19:01.213+0000] {logging_mixin.py:188} INFO - [2024-03-18T08:19:01.213+0000] {dag.py:3834} INFO - Setting next_dagrun for example_xcom_args to None, run_after=None
[2024-03-18T08:19:01.218+0000] {logging_mixin.py:188} INFO - [2024-03-18T08:19:01.217+0000] {dag.py:3834} INFO - Setting next_dagrun for example_xcom_args_with_operators to None, run_after=None
[2024-03-18T08:19:01.261+0000] {processor.py:183} INFO - Processing /home/ubuntu/air_venv/lib/python3.10/site-packages/airflow/example_dags/example_xcomargs.py took 0.104 seconds
[2024-03-18T08:19:56.288+0000] {processor.py:161} INFO - Started process (PID=13046) to work on /home/ubuntu/air_venv/lib/python3.10/site-packages/airflow/example_dags/example_xcomargs.py
[2024-03-18T08:19:56.290+0000] {processor.py:830} INFO - Processing file /home/ubuntu/air_venv/lib/python3.10/site-packages/airflow/example_dags/example_xcomargs.py for tasks to queue
[2024-03-18T08:19:56.291+0000] {logging_mixin.py:188} INFO - [2024-03-18T08:19:56.291+0000] {dagbag.py:540} INFO - Filling up the DagBag from /home/ubuntu/air_venv/lib/python3.10/site-packages/airflow/example_dags/example_xcomargs.py
[2024-03-18T08:19:56.301+0000] {processor.py:840} INFO - DAG(s) 'example_xcom_args', 'example_xcom_args_with_operators' retrieved from /home/ubuntu/air_venv/lib/python3.10/site-packages/airflow/example_dags/example_xcomargs.py
[2024-03-18T08:19:56.321+0000] {logging_mixin.py:188} INFO - [2024-03-18T08:19:56.321+0000] {dag.py:3047} INFO - Sync 2 DAGs
[2024-03-18T08:19:56.334+0000] {logging_mixin.py:188} INFO - [2024-03-18T08:19:56.334+0000] {dag.py:3834} INFO - Setting next_dagrun for example_xcom_args to None, run_after=None
[2024-03-18T08:19:56.338+0000] {logging_mixin.py:188} INFO - [2024-03-18T08:19:56.337+0000] {dag.py:3834} INFO - Setting next_dagrun for example_xcom_args_with_operators to None, run_after=None
[2024-03-18T08:19:56.360+0000] {processor.py:183} INFO - Processing /home/ubuntu/air_venv/lib/python3.10/site-packages/airflow/example_dags/example_xcomargs.py took 0.075 seconds
[2024-03-18T08:20:50.887+0000] {processor.py:161} INFO - Started process (PID=13335) to work on /home/ubuntu/air_venv/lib/python3.10/site-packages/airflow/example_dags/example_xcomargs.py
[2024-03-18T08:20:50.889+0000] {processor.py:830} INFO - Processing file /home/ubuntu/air_venv/lib/python3.10/site-packages/airflow/example_dags/example_xcomargs.py for tasks to queue
[2024-03-18T08:20:50.890+0000] {logging_mixin.py:188} INFO - [2024-03-18T08:20:50.890+0000] {dagbag.py:540} INFO - Filling up the DagBag from /home/ubuntu/air_venv/lib/python3.10/site-packages/airflow/example_dags/example_xcomargs.py
[2024-03-18T08:20:50.901+0000] {processor.py:840} INFO - DAG(s) 'example_xcom_args', 'example_xcom_args_with_operators' retrieved from /home/ubuntu/air_venv/lib/python3.10/site-packages/airflow/example_dags/example_xcomargs.py
[2024-03-18T08:20:50.934+0000] {logging_mixin.py:188} INFO - [2024-03-18T08:20:50.934+0000] {dag.py:3047} INFO - Sync 2 DAGs
[2024-03-18T08:20:50.956+0000] {logging_mixin.py:188} INFO - [2024-03-18T08:20:50.955+0000] {dag.py:3834} INFO - Setting next_dagrun for example_xcom_args to None, run_after=None
[2024-03-18T08:20:50.959+0000] {logging_mixin.py:188} INFO - [2024-03-18T08:20:50.959+0000] {dag.py:3834} INFO - Setting next_dagrun for example_xcom_args_with_operators to None, run_after=None
[2024-03-18T08:20:50.981+0000] {processor.py:183} INFO - Processing /home/ubuntu/air_venv/lib/python3.10/site-packages/airflow/example_dags/example_xcomargs.py took 0.097 seconds
[2024-03-18T08:21:50.764+0000] {processor.py:161} INFO - Started process (PID=13754) to work on /home/ubuntu/air_venv/lib/python3.10/site-packages/airflow/example_dags/example_xcomargs.py
[2024-03-18T08:21:50.766+0000] {processor.py:830} INFO - Processing file /home/ubuntu/air_venv/lib/python3.10/site-packages/airflow/example_dags/example_xcomargs.py for tasks to queue
[2024-03-18T08:21:50.767+0000] {logging_mixin.py:188} INFO - [2024-03-18T08:21:50.767+0000] {dagbag.py:540} INFO - Filling up the DagBag from /home/ubuntu/air_venv/lib/python3.10/site-packages/airflow/example_dags/example_xcomargs.py
[2024-03-18T08:21:50.777+0000] {processor.py:840} INFO - DAG(s) 'example_xcom_args_with_operators', 'example_xcom_args' retrieved from /home/ubuntu/air_venv/lib/python3.10/site-packages/airflow/example_dags/example_xcomargs.py
[2024-03-18T08:21:50.798+0000] {logging_mixin.py:188} INFO - [2024-03-18T08:21:50.798+0000] {dag.py:3047} INFO - Sync 2 DAGs
[2024-03-18T08:21:50.811+0000] {logging_mixin.py:188} INFO - [2024-03-18T08:21:50.811+0000] {dag.py:3834} INFO - Setting next_dagrun for example_xcom_args to None, run_after=None
[2024-03-18T08:21:50.815+0000] {logging_mixin.py:188} INFO - [2024-03-18T08:21:50.814+0000] {dag.py:3834} INFO - Setting next_dagrun for example_xcom_args_with_operators to None, run_after=None
[2024-03-18T08:21:50.837+0000] {processor.py:183} INFO - Processing /home/ubuntu/air_venv/lib/python3.10/site-packages/airflow/example_dags/example_xcomargs.py took 0.076 seconds
[2024-03-18T08:22:29.295+0000] {processor.py:161} INFO - Started process (PID=13916) to work on /home/ubuntu/air_venv/lib/python3.10/site-packages/airflow/example_dags/example_xcomargs.py
[2024-03-18T08:22:29.297+0000] {processor.py:830} INFO - Processing file /home/ubuntu/air_venv/lib/python3.10/site-packages/airflow/example_dags/example_xcomargs.py for tasks to queue
[2024-03-18T08:22:29.298+0000] {logging_mixin.py:188} INFO - [2024-03-18T08:22:29.297+0000] {dagbag.py:540} INFO - Filling up the DagBag from /home/ubuntu/air_venv/lib/python3.10/site-packages/airflow/example_dags/example_xcomargs.py
[2024-03-18T08:22:29.308+0000] {processor.py:840} INFO - DAG(s) 'example_xcom_args_with_operators', 'example_xcom_args' retrieved from /home/ubuntu/air_venv/lib/python3.10/site-packages/airflow/example_dags/example_xcomargs.py
[2024-03-18T08:22:29.328+0000] {logging_mixin.py:188} INFO - [2024-03-18T08:22:29.328+0000] {dag.py:3047} INFO - Sync 2 DAGs
[2024-03-18T08:22:29.341+0000] {logging_mixin.py:188} INFO - [2024-03-18T08:22:29.341+0000] {dag.py:3834} INFO - Setting next_dagrun for example_xcom_args to None, run_after=None
[2024-03-18T08:22:29.346+0000] {logging_mixin.py:188} INFO - [2024-03-18T08:22:29.346+0000] {dag.py:3834} INFO - Setting next_dagrun for example_xcom_args_with_operators to None, run_after=None
[2024-03-18T08:22:29.368+0000] {processor.py:183} INFO - Processing /home/ubuntu/air_venv/lib/python3.10/site-packages/airflow/example_dags/example_xcomargs.py took 0.077 seconds
[2024-03-18T08:23:07.660+0000] {processor.py:161} INFO - Started process (PID=14286) to work on /home/ubuntu/air_venv/lib/python3.10/site-packages/airflow/example_dags/example_xcomargs.py
[2024-03-18T08:23:07.662+0000] {processor.py:830} INFO - Processing file /home/ubuntu/air_venv/lib/python3.10/site-packages/airflow/example_dags/example_xcomargs.py for tasks to queue
[2024-03-18T08:23:07.664+0000] {logging_mixin.py:188} INFO - [2024-03-18T08:23:07.663+0000] {dagbag.py:540} INFO - Filling up the DagBag from /home/ubuntu/air_venv/lib/python3.10/site-packages/airflow/example_dags/example_xcomargs.py
[2024-03-18T08:23:07.674+0000] {processor.py:840} INFO - DAG(s) 'example_xcom_args_with_operators', 'example_xcom_args' retrieved from /home/ubuntu/air_venv/lib/python3.10/site-packages/airflow/example_dags/example_xcomargs.py
[2024-03-18T08:23:07.696+0000] {logging_mixin.py:188} INFO - [2024-03-18T08:23:07.696+0000] {dag.py:3047} INFO - Sync 2 DAGs
[2024-03-18T08:23:07.710+0000] {logging_mixin.py:188} INFO - [2024-03-18T08:23:07.710+0000] {dag.py:3834} INFO - Setting next_dagrun for example_xcom_args to None, run_after=None
[2024-03-18T08:23:07.714+0000] {logging_mixin.py:188} INFO - [2024-03-18T08:23:07.714+0000] {dag.py:3834} INFO - Setting next_dagrun for example_xcom_args_with_operators to None, run_after=None
[2024-03-18T08:23:07.750+0000] {processor.py:183} INFO - Processing /home/ubuntu/air_venv/lib/python3.10/site-packages/airflow/example_dags/example_xcomargs.py took 0.093 seconds
[2024-03-18T08:23:48.077+0000] {processor.py:161} INFO - Started process (PID=14601) to work on /home/ubuntu/air_venv/lib/python3.10/site-packages/airflow/example_dags/example_xcomargs.py
[2024-03-18T08:23:48.079+0000] {processor.py:830} INFO - Processing file /home/ubuntu/air_venv/lib/python3.10/site-packages/airflow/example_dags/example_xcomargs.py for tasks to queue
[2024-03-18T08:23:48.080+0000] {logging_mixin.py:188} INFO - [2024-03-18T08:23:48.080+0000] {dagbag.py:540} INFO - Filling up the DagBag from /home/ubuntu/air_venv/lib/python3.10/site-packages/airflow/example_dags/example_xcomargs.py
[2024-03-18T08:23:48.090+0000] {processor.py:840} INFO - DAG(s) 'example_xcom_args_with_operators', 'example_xcom_args' retrieved from /home/ubuntu/air_venv/lib/python3.10/site-packages/airflow/example_dags/example_xcomargs.py
[2024-03-18T08:23:48.112+0000] {logging_mixin.py:188} INFO - [2024-03-18T08:23:48.111+0000] {dag.py:3047} INFO - Sync 2 DAGs
[2024-03-18T08:23:48.125+0000] {logging_mixin.py:188} INFO - [2024-03-18T08:23:48.124+0000] {dag.py:3834} INFO - Setting next_dagrun for example_xcom_args to None, run_after=None
[2024-03-18T08:23:48.128+0000] {logging_mixin.py:188} INFO - [2024-03-18T08:23:48.128+0000] {dag.py:3834} INFO - Setting next_dagrun for example_xcom_args_with_operators to None, run_after=None
[2024-03-18T08:23:48.150+0000] {processor.py:183} INFO - Processing /home/ubuntu/air_venv/lib/python3.10/site-packages/airflow/example_dags/example_xcomargs.py took 0.076 seconds
[2024-03-18T08:24:27.264+0000] {processor.py:161} INFO - Started process (PID=14899) to work on /home/ubuntu/air_venv/lib/python3.10/site-packages/airflow/example_dags/example_xcomargs.py
[2024-03-18T08:24:27.266+0000] {processor.py:830} INFO - Processing file /home/ubuntu/air_venv/lib/python3.10/site-packages/airflow/example_dags/example_xcomargs.py for tasks to queue
[2024-03-18T08:24:27.268+0000] {logging_mixin.py:188} INFO - [2024-03-18T08:24:27.267+0000] {dagbag.py:540} INFO - Filling up the DagBag from /home/ubuntu/air_venv/lib/python3.10/site-packages/airflow/example_dags/example_xcomargs.py
[2024-03-18T08:24:27.278+0000] {processor.py:840} INFO - DAG(s) 'example_xcom_args', 'example_xcom_args_with_operators' retrieved from /home/ubuntu/air_venv/lib/python3.10/site-packages/airflow/example_dags/example_xcomargs.py
[2024-03-18T08:24:27.300+0000] {logging_mixin.py:188} INFO - [2024-03-18T08:24:27.299+0000] {dag.py:3047} INFO - Sync 2 DAGs
[2024-03-18T08:24:27.314+0000] {logging_mixin.py:188} INFO - [2024-03-18T08:24:27.313+0000] {dag.py:3834} INFO - Setting next_dagrun for example_xcom_args to None, run_after=None
[2024-03-18T08:24:27.317+0000] {logging_mixin.py:188} INFO - [2024-03-18T08:24:27.317+0000] {dag.py:3834} INFO - Setting next_dagrun for example_xcom_args_with_operators to None, run_after=None
[2024-03-18T08:24:27.340+0000] {processor.py:183} INFO - Processing /home/ubuntu/air_venv/lib/python3.10/site-packages/airflow/example_dags/example_xcomargs.py took 0.079 seconds
[2024-03-18T08:25:08.989+0000] {processor.py:161} INFO - Started process (PID=15267) to work on /home/ubuntu/air_venv/lib/python3.10/site-packages/airflow/example_dags/example_xcomargs.py
[2024-03-18T08:25:08.991+0000] {processor.py:830} INFO - Processing file /home/ubuntu/air_venv/lib/python3.10/site-packages/airflow/example_dags/example_xcomargs.py for tasks to queue
[2024-03-18T08:25:08.992+0000] {logging_mixin.py:188} INFO - [2024-03-18T08:25:08.991+0000] {dagbag.py:540} INFO - Filling up the DagBag from /home/ubuntu/air_venv/lib/python3.10/site-packages/airflow/example_dags/example_xcomargs.py
[2024-03-18T08:25:09.003+0000] {processor.py:840} INFO - DAG(s) 'example_xcom_args_with_operators', 'example_xcom_args' retrieved from /home/ubuntu/air_venv/lib/python3.10/site-packages/airflow/example_dags/example_xcomargs.py
[2024-03-18T08:25:09.026+0000] {logging_mixin.py:188} INFO - [2024-03-18T08:25:09.025+0000] {dag.py:3047} INFO - Sync 2 DAGs
[2024-03-18T08:25:09.040+0000] {logging_mixin.py:188} INFO - [2024-03-18T08:25:09.039+0000] {dag.py:3834} INFO - Setting next_dagrun for example_xcom_args to None, run_after=None
[2024-03-18T08:25:09.044+0000] {logging_mixin.py:188} INFO - [2024-03-18T08:25:09.044+0000] {dag.py:3834} INFO - Setting next_dagrun for example_xcom_args_with_operators to None, run_after=None
[2024-03-18T08:25:09.071+0000] {processor.py:183} INFO - Processing /home/ubuntu/air_venv/lib/python3.10/site-packages/airflow/example_dags/example_xcomargs.py took 0.086 seconds
[2024-03-18T08:25:52.187+0000] {processor.py:161} INFO - Started process (PID=15370) to work on /home/ubuntu/air_venv/lib/python3.10/site-packages/airflow/example_dags/example_xcomargs.py
[2024-03-18T08:25:52.189+0000] {processor.py:830} INFO - Processing file /home/ubuntu/air_venv/lib/python3.10/site-packages/airflow/example_dags/example_xcomargs.py for tasks to queue
[2024-03-18T08:25:52.190+0000] {logging_mixin.py:188} INFO - [2024-03-18T08:25:52.190+0000] {dagbag.py:540} INFO - Filling up the DagBag from /home/ubuntu/air_venv/lib/python3.10/site-packages/airflow/example_dags/example_xcomargs.py
[2024-03-18T08:25:52.201+0000] {processor.py:840} INFO - DAG(s) 'example_xcom_args_with_operators', 'example_xcom_args' retrieved from /home/ubuntu/air_venv/lib/python3.10/site-packages/airflow/example_dags/example_xcomargs.py
[2024-03-18T08:25:52.222+0000] {logging_mixin.py:188} INFO - [2024-03-18T08:25:52.221+0000] {dag.py:3047} INFO - Sync 2 DAGs
[2024-03-18T08:25:52.234+0000] {logging_mixin.py:188} INFO - [2024-03-18T08:25:52.234+0000] {dag.py:3834} INFO - Setting next_dagrun for example_xcom_args to None, run_after=None
[2024-03-18T08:25:52.238+0000] {logging_mixin.py:188} INFO - [2024-03-18T08:25:52.238+0000] {dag.py:3834} INFO - Setting next_dagrun for example_xcom_args_with_operators to None, run_after=None
[2024-03-18T08:25:52.260+0000] {processor.py:183} INFO - Processing /home/ubuntu/air_venv/lib/python3.10/site-packages/airflow/example_dags/example_xcomargs.py took 0.076 seconds
[2024-03-18T08:26:30.997+0000] {processor.py:161} INFO - Started process (PID=15409) to work on /home/ubuntu/air_venv/lib/python3.10/site-packages/airflow/example_dags/example_xcomargs.py
[2024-03-18T08:26:30.999+0000] {processor.py:830} INFO - Processing file /home/ubuntu/air_venv/lib/python3.10/site-packages/airflow/example_dags/example_xcomargs.py for tasks to queue
[2024-03-18T08:26:31.000+0000] {logging_mixin.py:188} INFO - [2024-03-18T08:26:30.999+0000] {dagbag.py:540} INFO - Filling up the DagBag from /home/ubuntu/air_venv/lib/python3.10/site-packages/airflow/example_dags/example_xcomargs.py
[2024-03-18T08:26:31.010+0000] {processor.py:840} INFO - DAG(s) 'example_xcom_args_with_operators', 'example_xcom_args' retrieved from /home/ubuntu/air_venv/lib/python3.10/site-packages/airflow/example_dags/example_xcomargs.py
[2024-03-18T08:26:31.031+0000] {logging_mixin.py:188} INFO - [2024-03-18T08:26:31.031+0000] {dag.py:3047} INFO - Sync 2 DAGs
[2024-03-18T08:26:31.045+0000] {logging_mixin.py:188} INFO - [2024-03-18T08:26:31.044+0000] {dag.py:3834} INFO - Setting next_dagrun for example_xcom_args to None, run_after=None
[2024-03-18T08:26:31.049+0000] {logging_mixin.py:188} INFO - [2024-03-18T08:26:31.049+0000] {dag.py:3834} INFO - Setting next_dagrun for example_xcom_args_with_operators to None, run_after=None
[2024-03-18T08:26:31.072+0000] {processor.py:183} INFO - Processing /home/ubuntu/air_venv/lib/python3.10/site-packages/airflow/example_dags/example_xcomargs.py took 0.078 seconds
[2024-03-18T08:27:11.886+0000] {processor.py:161} INFO - Started process (PID=15509) to work on /home/ubuntu/air_venv/lib/python3.10/site-packages/airflow/example_dags/example_xcomargs.py
[2024-03-18T08:27:11.888+0000] {processor.py:830} INFO - Processing file /home/ubuntu/air_venv/lib/python3.10/site-packages/airflow/example_dags/example_xcomargs.py for tasks to queue
[2024-03-18T08:27:11.889+0000] {logging_mixin.py:188} INFO - [2024-03-18T08:27:11.889+0000] {dagbag.py:540} INFO - Filling up the DagBag from /home/ubuntu/air_venv/lib/python3.10/site-packages/airflow/example_dags/example_xcomargs.py
[2024-03-18T08:27:11.900+0000] {processor.py:840} INFO - DAG(s) 'example_xcom_args', 'example_xcom_args_with_operators' retrieved from /home/ubuntu/air_venv/lib/python3.10/site-packages/airflow/example_dags/example_xcomargs.py
[2024-03-18T08:27:11.928+0000] {logging_mixin.py:188} INFO - [2024-03-18T08:27:11.928+0000] {dag.py:3047} INFO - Sync 2 DAGs
[2024-03-18T08:27:11.940+0000] {logging_mixin.py:188} INFO - [2024-03-18T08:27:11.940+0000] {dag.py:3834} INFO - Setting next_dagrun for example_xcom_args to None, run_after=None
[2024-03-18T08:27:11.944+0000] {logging_mixin.py:188} INFO - [2024-03-18T08:27:11.944+0000] {dag.py:3834} INFO - Setting next_dagrun for example_xcom_args_with_operators to None, run_after=None
[2024-03-18T08:27:11.968+0000] {processor.py:183} INFO - Processing /home/ubuntu/air_venv/lib/python3.10/site-packages/airflow/example_dags/example_xcomargs.py took 0.086 seconds
[2024-03-18T08:27:54.724+0000] {processor.py:161} INFO - Started process (PID=15611) to work on /home/ubuntu/air_venv/lib/python3.10/site-packages/airflow/example_dags/example_xcomargs.py
[2024-03-18T08:27:54.726+0000] {processor.py:830} INFO - Processing file /home/ubuntu/air_venv/lib/python3.10/site-packages/airflow/example_dags/example_xcomargs.py for tasks to queue
[2024-03-18T08:27:54.727+0000] {logging_mixin.py:188} INFO - [2024-03-18T08:27:54.727+0000] {dagbag.py:540} INFO - Filling up the DagBag from /home/ubuntu/air_venv/lib/python3.10/site-packages/airflow/example_dags/example_xcomargs.py
[2024-03-18T08:27:54.738+0000] {processor.py:840} INFO - DAG(s) 'example_xcom_args_with_operators', 'example_xcom_args' retrieved from /home/ubuntu/air_venv/lib/python3.10/site-packages/airflow/example_dags/example_xcomargs.py
[2024-03-18T08:27:54.759+0000] {logging_mixin.py:188} INFO - [2024-03-18T08:27:54.758+0000] {dag.py:3047} INFO - Sync 2 DAGs
[2024-03-18T08:27:54.771+0000] {logging_mixin.py:188} INFO - [2024-03-18T08:27:54.771+0000] {dag.py:3834} INFO - Setting next_dagrun for example_xcom_args to None, run_after=None
[2024-03-18T08:27:54.774+0000] {logging_mixin.py:188} INFO - [2024-03-18T08:27:54.774+0000] {dag.py:3834} INFO - Setting next_dagrun for example_xcom_args_with_operators to None, run_after=None
[2024-03-18T08:27:54.796+0000] {processor.py:183} INFO - Processing /home/ubuntu/air_venv/lib/python3.10/site-packages/airflow/example_dags/example_xcomargs.py took 0.075 seconds
[2024-03-18T08:28:37.160+0000] {processor.py:161} INFO - Started process (PID=15652) to work on /home/ubuntu/air_venv/lib/python3.10/site-packages/airflow/example_dags/example_xcomargs.py
[2024-03-18T08:28:37.162+0000] {processor.py:830} INFO - Processing file /home/ubuntu/air_venv/lib/python3.10/site-packages/airflow/example_dags/example_xcomargs.py for tasks to queue
[2024-03-18T08:28:37.163+0000] {logging_mixin.py:188} INFO - [2024-03-18T08:28:37.162+0000] {dagbag.py:540} INFO - Filling up the DagBag from /home/ubuntu/air_venv/lib/python3.10/site-packages/airflow/example_dags/example_xcomargs.py
[2024-03-18T08:28:37.173+0000] {processor.py:840} INFO - DAG(s) 'example_xcom_args_with_operators', 'example_xcom_args' retrieved from /home/ubuntu/air_venv/lib/python3.10/site-packages/airflow/example_dags/example_xcomargs.py
[2024-03-18T08:28:37.194+0000] {logging_mixin.py:188} INFO - [2024-03-18T08:28:37.193+0000] {dag.py:3047} INFO - Sync 2 DAGs
[2024-03-18T08:28:37.208+0000] {logging_mixin.py:188} INFO - [2024-03-18T08:28:37.207+0000] {dag.py:3834} INFO - Setting next_dagrun for example_xcom_args to None, run_after=None
[2024-03-18T08:28:37.211+0000] {logging_mixin.py:188} INFO - [2024-03-18T08:28:37.211+0000] {dag.py:3834} INFO - Setting next_dagrun for example_xcom_args_with_operators to None, run_after=None
[2024-03-18T08:28:37.233+0000] {processor.py:183} INFO - Processing /home/ubuntu/air_venv/lib/python3.10/site-packages/airflow/example_dags/example_xcomargs.py took 0.077 seconds
[2024-03-18T08:29:19.882+0000] {processor.py:161} INFO - Started process (PID=15753) to work on /home/ubuntu/air_venv/lib/python3.10/site-packages/airflow/example_dags/example_xcomargs.py
[2024-03-18T08:29:19.885+0000] {processor.py:830} INFO - Processing file /home/ubuntu/air_venv/lib/python3.10/site-packages/airflow/example_dags/example_xcomargs.py for tasks to queue
[2024-03-18T08:29:19.887+0000] {logging_mixin.py:188} INFO - [2024-03-18T08:29:19.886+0000] {dagbag.py:540} INFO - Filling up the DagBag from /home/ubuntu/air_venv/lib/python3.10/site-packages/airflow/example_dags/example_xcomargs.py
[2024-03-18T08:29:19.898+0000] {processor.py:840} INFO - DAG(s) 'example_xcom_args', 'example_xcom_args_with_operators' retrieved from /home/ubuntu/air_venv/lib/python3.10/site-packages/airflow/example_dags/example_xcomargs.py
[2024-03-18T08:29:19.920+0000] {logging_mixin.py:188} INFO - [2024-03-18T08:29:19.919+0000] {dag.py:3047} INFO - Sync 2 DAGs
[2024-03-18T08:29:19.933+0000] {logging_mixin.py:188} INFO - [2024-03-18T08:29:19.932+0000] {dag.py:3834} INFO - Setting next_dagrun for example_xcom_args to None, run_after=None
[2024-03-18T08:29:19.937+0000] {logging_mixin.py:188} INFO - [2024-03-18T08:29:19.936+0000] {dag.py:3834} INFO - Setting next_dagrun for example_xcom_args_with_operators to None, run_after=None
[2024-03-18T08:29:19.962+0000] {processor.py:183} INFO - Processing /home/ubuntu/air_venv/lib/python3.10/site-packages/airflow/example_dags/example_xcomargs.py took 0.083 seconds
