[2024-03-18T07:59:45.134+0000] {processor.py:161} INFO - Started process (PID=2658) to work on /home/ubuntu/air_venv/lib/python3.10/site-packages/airflow/example_dags/example_time_delta_sensor_async.py
[2024-03-18T07:59:45.136+0000] {processor.py:830} INFO - Processing file /home/ubuntu/air_venv/lib/python3.10/site-packages/airflow/example_dags/example_time_delta_sensor_async.py for tasks to queue
[2024-03-18T07:59:45.137+0000] {logging_mixin.py:188} INFO - [2024-03-18T07:59:45.136+0000] {dagbag.py:540} INFO - Filling up the DagBag from /home/ubuntu/air_venv/lib/python3.10/site-packages/airflow/example_dags/example_time_delta_sensor_async.py
[2024-03-18T07:59:45.150+0000] {processor.py:840} INFO - DAG(s) 'example_time_delta_sensor_async' retrieved from /home/ubuntu/air_venv/lib/python3.10/site-packages/airflow/example_dags/example_time_delta_sensor_async.py
[2024-03-18T07:59:45.280+0000] {logging_mixin.py:188} INFO - [2024-03-18T07:59:45.279+0000] {override.py:1769} INFO - Created Permission View: can edit on DAG:example_time_delta_sensor_async
[2024-03-18T07:59:45.296+0000] {logging_mixin.py:188} INFO - [2024-03-18T07:59:45.296+0000] {override.py:1769} INFO - Created Permission View: can delete on DAG:example_time_delta_sensor_async
[2024-03-18T07:59:45.308+0000] {logging_mixin.py:188} INFO - [2024-03-18T07:59:45.308+0000] {override.py:1769} INFO - Created Permission View: can read on DAG:example_time_delta_sensor_async
[2024-03-18T07:59:45.309+0000] {logging_mixin.py:188} INFO - [2024-03-18T07:59:45.309+0000] {dag.py:3047} INFO - Sync 1 DAGs
[2024-03-18T07:59:45.321+0000] {logging_mixin.py:188} INFO - [2024-03-18T07:59:45.321+0000] {dag.py:3069} INFO - Creating ORM DAG for example_time_delta_sensor_async
[2024-03-18T07:59:45.322+0000] {logging_mixin.py:188} INFO - [2024-03-18T07:59:45.322+0000] {dag.py:3834} INFO - Setting next_dagrun for example_time_delta_sensor_async to None, run_after=None
[2024-03-18T07:59:45.350+0000] {processor.py:183} INFO - Processing /home/ubuntu/air_venv/lib/python3.10/site-packages/airflow/example_dags/example_time_delta_sensor_async.py took 0.219 seconds
[2024-03-18T08:00:50.694+0000] {processor.py:161} INFO - Started process (PID=3254) to work on /home/ubuntu/air_venv/lib/python3.10/site-packages/airflow/example_dags/example_time_delta_sensor_async.py
[2024-03-18T08:00:50.696+0000] {processor.py:830} INFO - Processing file /home/ubuntu/air_venv/lib/python3.10/site-packages/airflow/example_dags/example_time_delta_sensor_async.py for tasks to queue
[2024-03-18T08:00:50.697+0000] {logging_mixin.py:188} INFO - [2024-03-18T08:00:50.697+0000] {dagbag.py:540} INFO - Filling up the DagBag from /home/ubuntu/air_venv/lib/python3.10/site-packages/airflow/example_dags/example_time_delta_sensor_async.py
[2024-03-18T08:00:50.703+0000] {processor.py:840} INFO - DAG(s) 'example_time_delta_sensor_async' retrieved from /home/ubuntu/air_venv/lib/python3.10/site-packages/airflow/example_dags/example_time_delta_sensor_async.py
[2024-03-18T08:00:50.722+0000] {logging_mixin.py:188} INFO - [2024-03-18T08:00:50.722+0000] {dag.py:3047} INFO - Sync 1 DAGs
[2024-03-18T08:00:50.736+0000] {logging_mixin.py:188} INFO - [2024-03-18T08:00:50.736+0000] {dag.py:3834} INFO - Setting next_dagrun for example_time_delta_sensor_async to None, run_after=None
[2024-03-18T08:00:50.761+0000] {processor.py:183} INFO - Processing /home/ubuntu/air_venv/lib/python3.10/site-packages/airflow/example_dags/example_time_delta_sensor_async.py took 0.070 seconds
[2024-03-18T08:01:39.999+0000] {processor.py:161} INFO - Started process (PID=3663) to work on /home/ubuntu/air_venv/lib/python3.10/site-packages/airflow/example_dags/example_time_delta_sensor_async.py
[2024-03-18T08:01:40.001+0000] {processor.py:830} INFO - Processing file /home/ubuntu/air_venv/lib/python3.10/site-packages/airflow/example_dags/example_time_delta_sensor_async.py for tasks to queue
[2024-03-18T08:01:40.002+0000] {logging_mixin.py:188} INFO - [2024-03-18T08:01:40.002+0000] {dagbag.py:540} INFO - Filling up the DagBag from /home/ubuntu/air_venv/lib/python3.10/site-packages/airflow/example_dags/example_time_delta_sensor_async.py
[2024-03-18T08:01:40.008+0000] {processor.py:840} INFO - DAG(s) 'example_time_delta_sensor_async' retrieved from /home/ubuntu/air_venv/lib/python3.10/site-packages/airflow/example_dags/example_time_delta_sensor_async.py
[2024-03-18T08:01:40.026+0000] {logging_mixin.py:188} INFO - [2024-03-18T08:01:40.026+0000] {dag.py:3047} INFO - Sync 1 DAGs
[2024-03-18T08:01:40.040+0000] {logging_mixin.py:188} INFO - [2024-03-18T08:01:40.040+0000] {dag.py:3834} INFO - Setting next_dagrun for example_time_delta_sensor_async to None, run_after=None
[2024-03-18T08:01:40.068+0000] {processor.py:183} INFO - Processing /home/ubuntu/air_venv/lib/python3.10/site-packages/airflow/example_dags/example_time_delta_sensor_async.py took 0.072 seconds
[2024-03-18T08:02:30.552+0000] {processor.py:161} INFO - Started process (PID=4189) to work on /home/ubuntu/air_venv/lib/python3.10/site-packages/airflow/example_dags/example_time_delta_sensor_async.py
[2024-03-18T08:02:30.553+0000] {processor.py:830} INFO - Processing file /home/ubuntu/air_venv/lib/python3.10/site-packages/airflow/example_dags/example_time_delta_sensor_async.py for tasks to queue
[2024-03-18T08:02:30.555+0000] {logging_mixin.py:188} INFO - [2024-03-18T08:02:30.554+0000] {dagbag.py:540} INFO - Filling up the DagBag from /home/ubuntu/air_venv/lib/python3.10/site-packages/airflow/example_dags/example_time_delta_sensor_async.py
[2024-03-18T08:02:30.560+0000] {processor.py:840} INFO - DAG(s) 'example_time_delta_sensor_async' retrieved from /home/ubuntu/air_venv/lib/python3.10/site-packages/airflow/example_dags/example_time_delta_sensor_async.py
[2024-03-18T08:02:30.750+0000] {logging_mixin.py:188} INFO - [2024-03-18T08:02:30.749+0000] {dag.py:3047} INFO - Sync 1 DAGs
[2024-03-18T08:02:30.761+0000] {logging_mixin.py:188} INFO - [2024-03-18T08:02:30.760+0000] {dag.py:3834} INFO - Setting next_dagrun for example_time_delta_sensor_async to None, run_after=None
[2024-03-18T08:02:30.786+0000] {processor.py:183} INFO - Processing /home/ubuntu/air_venv/lib/python3.10/site-packages/airflow/example_dags/example_time_delta_sensor_async.py took 0.238 seconds
[2024-03-18T08:03:24.160+0000] {processor.py:161} INFO - Started process (PID=4477) to work on /home/ubuntu/air_venv/lib/python3.10/site-packages/airflow/example_dags/example_time_delta_sensor_async.py
[2024-03-18T08:03:24.162+0000] {processor.py:830} INFO - Processing file /home/ubuntu/air_venv/lib/python3.10/site-packages/airflow/example_dags/example_time_delta_sensor_async.py for tasks to queue
[2024-03-18T08:03:24.163+0000] {logging_mixin.py:188} INFO - [2024-03-18T08:03:24.162+0000] {dagbag.py:540} INFO - Filling up the DagBag from /home/ubuntu/air_venv/lib/python3.10/site-packages/airflow/example_dags/example_time_delta_sensor_async.py
[2024-03-18T08:03:24.169+0000] {processor.py:840} INFO - DAG(s) 'example_time_delta_sensor_async' retrieved from /home/ubuntu/air_venv/lib/python3.10/site-packages/airflow/example_dags/example_time_delta_sensor_async.py
[2024-03-18T08:03:24.186+0000] {logging_mixin.py:188} INFO - [2024-03-18T08:03:24.186+0000] {dag.py:3047} INFO - Sync 1 DAGs
[2024-03-18T08:03:24.199+0000] {logging_mixin.py:188} INFO - [2024-03-18T08:03:24.199+0000] {dag.py:3834} INFO - Setting next_dagrun for example_time_delta_sensor_async to None, run_after=None
[2024-03-18T08:03:24.224+0000] {processor.py:183} INFO - Processing /home/ubuntu/air_venv/lib/python3.10/site-packages/airflow/example_dags/example_time_delta_sensor_async.py took 0.068 seconds
[2024-03-18T08:04:08.706+0000] {processor.py:161} INFO - Started process (PID=4941) to work on /home/ubuntu/air_venv/lib/python3.10/site-packages/airflow/example_dags/example_time_delta_sensor_async.py
[2024-03-18T08:04:08.708+0000] {processor.py:830} INFO - Processing file /home/ubuntu/air_venv/lib/python3.10/site-packages/airflow/example_dags/example_time_delta_sensor_async.py for tasks to queue
[2024-03-18T08:04:08.710+0000] {logging_mixin.py:188} INFO - [2024-03-18T08:04:08.709+0000] {dagbag.py:540} INFO - Filling up the DagBag from /home/ubuntu/air_venv/lib/python3.10/site-packages/airflow/example_dags/example_time_delta_sensor_async.py
[2024-03-18T08:04:08.715+0000] {processor.py:840} INFO - DAG(s) 'example_time_delta_sensor_async' retrieved from /home/ubuntu/air_venv/lib/python3.10/site-packages/airflow/example_dags/example_time_delta_sensor_async.py
[2024-03-18T08:04:08.734+0000] {logging_mixin.py:188} INFO - [2024-03-18T08:04:08.734+0000] {dag.py:3047} INFO - Sync 1 DAGs
[2024-03-18T08:04:08.747+0000] {logging_mixin.py:188} INFO - [2024-03-18T08:04:08.747+0000] {dag.py:3834} INFO - Setting next_dagrun for example_time_delta_sensor_async to None, run_after=None
[2024-03-18T08:04:08.773+0000] {processor.py:183} INFO - Processing /home/ubuntu/air_venv/lib/python3.10/site-packages/airflow/example_dags/example_time_delta_sensor_async.py took 0.070 seconds
[2024-03-18T08:04:55.491+0000] {processor.py:161} INFO - Started process (PID=5235) to work on /home/ubuntu/air_venv/lib/python3.10/site-packages/airflow/example_dags/example_time_delta_sensor_async.py
[2024-03-18T08:04:55.492+0000] {processor.py:830} INFO - Processing file /home/ubuntu/air_venv/lib/python3.10/site-packages/airflow/example_dags/example_time_delta_sensor_async.py for tasks to queue
[2024-03-18T08:04:55.494+0000] {logging_mixin.py:188} INFO - [2024-03-18T08:04:55.493+0000] {dagbag.py:540} INFO - Filling up the DagBag from /home/ubuntu/air_venv/lib/python3.10/site-packages/airflow/example_dags/example_time_delta_sensor_async.py
[2024-03-18T08:04:55.500+0000] {processor.py:840} INFO - DAG(s) 'example_time_delta_sensor_async' retrieved from /home/ubuntu/air_venv/lib/python3.10/site-packages/airflow/example_dags/example_time_delta_sensor_async.py
[2024-03-18T08:04:55.518+0000] {logging_mixin.py:188} INFO - [2024-03-18T08:04:55.518+0000] {dag.py:3047} INFO - Sync 1 DAGs
[2024-03-18T08:04:55.532+0000] {logging_mixin.py:188} INFO - [2024-03-18T08:04:55.531+0000] {dag.py:3834} INFO - Setting next_dagrun for example_time_delta_sensor_async to None, run_after=None
[2024-03-18T08:04:55.558+0000] {processor.py:183} INFO - Processing /home/ubuntu/air_venv/lib/python3.10/site-packages/airflow/example_dags/example_time_delta_sensor_async.py took 0.070 seconds
[2024-03-18T08:05:49.550+0000] {processor.py:161} INFO - Started process (PID=5885) to work on /home/ubuntu/air_venv/lib/python3.10/site-packages/airflow/example_dags/example_time_delta_sensor_async.py
[2024-03-18T08:05:49.552+0000] {processor.py:830} INFO - Processing file /home/ubuntu/air_venv/lib/python3.10/site-packages/airflow/example_dags/example_time_delta_sensor_async.py for tasks to queue
[2024-03-18T08:05:49.553+0000] {logging_mixin.py:188} INFO - [2024-03-18T08:05:49.553+0000] {dagbag.py:540} INFO - Filling up the DagBag from /home/ubuntu/air_venv/lib/python3.10/site-packages/airflow/example_dags/example_time_delta_sensor_async.py
[2024-03-18T08:05:49.559+0000] {processor.py:840} INFO - DAG(s) 'example_time_delta_sensor_async' retrieved from /home/ubuntu/air_venv/lib/python3.10/site-packages/airflow/example_dags/example_time_delta_sensor_async.py
[2024-03-18T08:05:49.579+0000] {logging_mixin.py:188} INFO - [2024-03-18T08:05:49.579+0000] {dag.py:3047} INFO - Sync 1 DAGs
[2024-03-18T08:05:49.592+0000] {logging_mixin.py:188} INFO - [2024-03-18T08:05:49.591+0000] {dag.py:3834} INFO - Setting next_dagrun for example_time_delta_sensor_async to None, run_after=None
[2024-03-18T08:05:49.617+0000] {processor.py:183} INFO - Processing /home/ubuntu/air_venv/lib/python3.10/site-packages/airflow/example_dags/example_time_delta_sensor_async.py took 0.071 seconds
[2024-03-18T08:07:06.837+0000] {processor.py:161} INFO - Started process (PID=6803) to work on /home/ubuntu/air_venv/lib/python3.10/site-packages/airflow/example_dags/example_time_delta_sensor_async.py
[2024-03-18T08:07:06.839+0000] {processor.py:830} INFO - Processing file /home/ubuntu/air_venv/lib/python3.10/site-packages/airflow/example_dags/example_time_delta_sensor_async.py for tasks to queue
[2024-03-18T08:07:06.840+0000] {logging_mixin.py:188} INFO - [2024-03-18T08:07:06.839+0000] {dagbag.py:540} INFO - Filling up the DagBag from /home/ubuntu/air_venv/lib/python3.10/site-packages/airflow/example_dags/example_time_delta_sensor_async.py
[2024-03-18T08:07:06.845+0000] {processor.py:840} INFO - DAG(s) 'example_time_delta_sensor_async' retrieved from /home/ubuntu/air_venv/lib/python3.10/site-packages/airflow/example_dags/example_time_delta_sensor_async.py
[2024-03-18T08:07:06.864+0000] {logging_mixin.py:188} INFO - [2024-03-18T08:07:06.863+0000] {dag.py:3047} INFO - Sync 1 DAGs
[2024-03-18T08:07:06.877+0000] {logging_mixin.py:188} INFO - [2024-03-18T08:07:06.877+0000] {dag.py:3834} INFO - Setting next_dagrun for example_time_delta_sensor_async to None, run_after=None
[2024-03-18T08:07:06.910+0000] {processor.py:183} INFO - Processing /home/ubuntu/air_venv/lib/python3.10/site-packages/airflow/example_dags/example_time_delta_sensor_async.py took 0.077 seconds
[2024-03-18T08:07:52.004+0000] {processor.py:161} INFO - Started process (PID=7209) to work on /home/ubuntu/air_venv/lib/python3.10/site-packages/airflow/example_dags/example_time_delta_sensor_async.py
[2024-03-18T08:07:52.006+0000] {processor.py:830} INFO - Processing file /home/ubuntu/air_venv/lib/python3.10/site-packages/airflow/example_dags/example_time_delta_sensor_async.py for tasks to queue
[2024-03-18T08:07:52.007+0000] {logging_mixin.py:188} INFO - [2024-03-18T08:07:52.007+0000] {dagbag.py:540} INFO - Filling up the DagBag from /home/ubuntu/air_venv/lib/python3.10/site-packages/airflow/example_dags/example_time_delta_sensor_async.py
[2024-03-18T08:07:52.013+0000] {processor.py:840} INFO - DAG(s) 'example_time_delta_sensor_async' retrieved from /home/ubuntu/air_venv/lib/python3.10/site-packages/airflow/example_dags/example_time_delta_sensor_async.py
[2024-03-18T08:07:52.032+0000] {logging_mixin.py:188} INFO - [2024-03-18T08:07:52.032+0000] {dag.py:3047} INFO - Sync 1 DAGs
[2024-03-18T08:07:52.045+0000] {logging_mixin.py:188} INFO - [2024-03-18T08:07:52.045+0000] {dag.py:3834} INFO - Setting next_dagrun for example_time_delta_sensor_async to None, run_after=None
[2024-03-18T08:07:52.071+0000] {processor.py:183} INFO - Processing /home/ubuntu/air_venv/lib/python3.10/site-packages/airflow/example_dags/example_time_delta_sensor_async.py took 0.070 seconds
[2024-03-18T08:08:39.691+0000] {processor.py:161} INFO - Started process (PID=7441) to work on /home/ubuntu/air_venv/lib/python3.10/site-packages/airflow/example_dags/example_time_delta_sensor_async.py
[2024-03-18T08:08:39.693+0000] {processor.py:830} INFO - Processing file /home/ubuntu/air_venv/lib/python3.10/site-packages/airflow/example_dags/example_time_delta_sensor_async.py for tasks to queue
[2024-03-18T08:08:39.694+0000] {logging_mixin.py:188} INFO - [2024-03-18T08:08:39.694+0000] {dagbag.py:540} INFO - Filling up the DagBag from /home/ubuntu/air_venv/lib/python3.10/site-packages/airflow/example_dags/example_time_delta_sensor_async.py
[2024-03-18T08:08:39.700+0000] {processor.py:840} INFO - DAG(s) 'example_time_delta_sensor_async' retrieved from /home/ubuntu/air_venv/lib/python3.10/site-packages/airflow/example_dags/example_time_delta_sensor_async.py
[2024-03-18T08:08:39.717+0000] {logging_mixin.py:188} INFO - [2024-03-18T08:08:39.717+0000] {dag.py:3047} INFO - Sync 1 DAGs
[2024-03-18T08:08:39.730+0000] {logging_mixin.py:188} INFO - [2024-03-18T08:08:39.730+0000] {dag.py:3834} INFO - Setting next_dagrun for example_time_delta_sensor_async to None, run_after=None
[2024-03-18T08:08:39.754+0000] {processor.py:183} INFO - Processing /home/ubuntu/air_venv/lib/python3.10/site-packages/airflow/example_dags/example_time_delta_sensor_async.py took 0.066 seconds
[2024-03-18T08:09:24.039+0000] {processor.py:161} INFO - Started process (PID=7849) to work on /home/ubuntu/air_venv/lib/python3.10/site-packages/airflow/example_dags/example_time_delta_sensor_async.py
[2024-03-18T08:09:24.041+0000] {processor.py:830} INFO - Processing file /home/ubuntu/air_venv/lib/python3.10/site-packages/airflow/example_dags/example_time_delta_sensor_async.py for tasks to queue
[2024-03-18T08:09:24.042+0000] {logging_mixin.py:188} INFO - [2024-03-18T08:09:24.042+0000] {dagbag.py:540} INFO - Filling up the DagBag from /home/ubuntu/air_venv/lib/python3.10/site-packages/airflow/example_dags/example_time_delta_sensor_async.py
[2024-03-18T08:09:24.048+0000] {processor.py:840} INFO - DAG(s) 'example_time_delta_sensor_async' retrieved from /home/ubuntu/air_venv/lib/python3.10/site-packages/airflow/example_dags/example_time_delta_sensor_async.py
[2024-03-18T08:09:24.069+0000] {logging_mixin.py:188} INFO - [2024-03-18T08:09:24.068+0000] {dag.py:3047} INFO - Sync 1 DAGs
[2024-03-18T08:09:24.083+0000] {logging_mixin.py:188} INFO - [2024-03-18T08:09:24.082+0000] {dag.py:3834} INFO - Setting next_dagrun for example_time_delta_sensor_async to None, run_after=None
[2024-03-18T08:09:24.108+0000] {processor.py:183} INFO - Processing /home/ubuntu/air_venv/lib/python3.10/site-packages/airflow/example_dags/example_time_delta_sensor_async.py took 0.072 seconds
[2024-03-18T08:10:07.447+0000] {processor.py:161} INFO - Started process (PID=8132) to work on /home/ubuntu/air_venv/lib/python3.10/site-packages/airflow/example_dags/example_time_delta_sensor_async.py
[2024-03-18T08:10:07.448+0000] {processor.py:830} INFO - Processing file /home/ubuntu/air_venv/lib/python3.10/site-packages/airflow/example_dags/example_time_delta_sensor_async.py for tasks to queue
[2024-03-18T08:10:07.449+0000] {logging_mixin.py:188} INFO - [2024-03-18T08:10:07.449+0000] {dagbag.py:540} INFO - Filling up the DagBag from /home/ubuntu/air_venv/lib/python3.10/site-packages/airflow/example_dags/example_time_delta_sensor_async.py
[2024-03-18T08:10:07.456+0000] {processor.py:840} INFO - DAG(s) 'example_time_delta_sensor_async' retrieved from /home/ubuntu/air_venv/lib/python3.10/site-packages/airflow/example_dags/example_time_delta_sensor_async.py
[2024-03-18T08:10:07.497+0000] {logging_mixin.py:188} INFO - [2024-03-18T08:10:07.496+0000] {dag.py:3047} INFO - Sync 1 DAGs
[2024-03-18T08:10:07.514+0000] {logging_mixin.py:188} INFO - [2024-03-18T08:10:07.513+0000] {dag.py:3834} INFO - Setting next_dagrun for example_time_delta_sensor_async to None, run_after=None
[2024-03-18T08:10:07.663+0000] {processor.py:183} INFO - Processing /home/ubuntu/air_venv/lib/python3.10/site-packages/airflow/example_dags/example_time_delta_sensor_async.py took 0.221 seconds
[2024-03-18T08:10:46.736+0000] {processor.py:161} INFO - Started process (PID=8413) to work on /home/ubuntu/air_venv/lib/python3.10/site-packages/airflow/example_dags/example_time_delta_sensor_async.py
[2024-03-18T08:10:46.738+0000] {processor.py:830} INFO - Processing file /home/ubuntu/air_venv/lib/python3.10/site-packages/airflow/example_dags/example_time_delta_sensor_async.py for tasks to queue
[2024-03-18T08:10:46.739+0000] {logging_mixin.py:188} INFO - [2024-03-18T08:10:46.739+0000] {dagbag.py:540} INFO - Filling up the DagBag from /home/ubuntu/air_venv/lib/python3.10/site-packages/airflow/example_dags/example_time_delta_sensor_async.py
[2024-03-18T08:10:46.744+0000] {processor.py:840} INFO - DAG(s) 'example_time_delta_sensor_async' retrieved from /home/ubuntu/air_venv/lib/python3.10/site-packages/airflow/example_dags/example_time_delta_sensor_async.py
[2024-03-18T08:10:46.763+0000] {logging_mixin.py:188} INFO - [2024-03-18T08:10:46.762+0000] {dag.py:3047} INFO - Sync 1 DAGs
[2024-03-18T08:10:46.777+0000] {logging_mixin.py:188} INFO - [2024-03-18T08:10:46.777+0000] {dag.py:3834} INFO - Setting next_dagrun for example_time_delta_sensor_async to None, run_after=None
[2024-03-18T08:10:46.805+0000] {processor.py:183} INFO - Processing /home/ubuntu/air_venv/lib/python3.10/site-packages/airflow/example_dags/example_time_delta_sensor_async.py took 0.073 seconds
[2024-03-18T08:11:25.437+0000] {processor.py:161} INFO - Started process (PID=8811) to work on /home/ubuntu/air_venv/lib/python3.10/site-packages/airflow/example_dags/example_time_delta_sensor_async.py
[2024-03-18T08:11:25.439+0000] {processor.py:830} INFO - Processing file /home/ubuntu/air_venv/lib/python3.10/site-packages/airflow/example_dags/example_time_delta_sensor_async.py for tasks to queue
[2024-03-18T08:11:25.440+0000] {logging_mixin.py:188} INFO - [2024-03-18T08:11:25.439+0000] {dagbag.py:540} INFO - Filling up the DagBag from /home/ubuntu/air_venv/lib/python3.10/site-packages/airflow/example_dags/example_time_delta_sensor_async.py
[2024-03-18T08:11:25.445+0000] {processor.py:840} INFO - DAG(s) 'example_time_delta_sensor_async' retrieved from /home/ubuntu/air_venv/lib/python3.10/site-packages/airflow/example_dags/example_time_delta_sensor_async.py
[2024-03-18T08:11:25.463+0000] {logging_mixin.py:188} INFO - [2024-03-18T08:11:25.463+0000] {dag.py:3047} INFO - Sync 1 DAGs
[2024-03-18T08:11:25.476+0000] {logging_mixin.py:188} INFO - [2024-03-18T08:11:25.476+0000] {dag.py:3834} INFO - Setting next_dagrun for example_time_delta_sensor_async to None, run_after=None
[2024-03-18T08:11:25.501+0000] {processor.py:183} INFO - Processing /home/ubuntu/air_venv/lib/python3.10/site-packages/airflow/example_dags/example_time_delta_sensor_async.py took 0.067 seconds
[2024-03-18T08:12:09.325+0000] {processor.py:161} INFO - Started process (PID=8976) to work on /home/ubuntu/air_venv/lib/python3.10/site-packages/airflow/example_dags/example_time_delta_sensor_async.py
[2024-03-18T08:12:09.328+0000] {processor.py:830} INFO - Processing file /home/ubuntu/air_venv/lib/python3.10/site-packages/airflow/example_dags/example_time_delta_sensor_async.py for tasks to queue
[2024-03-18T08:12:09.329+0000] {logging_mixin.py:188} INFO - [2024-03-18T08:12:09.328+0000] {dagbag.py:540} INFO - Filling up the DagBag from /home/ubuntu/air_venv/lib/python3.10/site-packages/airflow/example_dags/example_time_delta_sensor_async.py
[2024-03-18T08:12:09.335+0000] {processor.py:840} INFO - DAG(s) 'example_time_delta_sensor_async' retrieved from /home/ubuntu/air_venv/lib/python3.10/site-packages/airflow/example_dags/example_time_delta_sensor_async.py
[2024-03-18T08:12:09.353+0000] {logging_mixin.py:188} INFO - [2024-03-18T08:12:09.353+0000] {dag.py:3047} INFO - Sync 1 DAGs
[2024-03-18T08:12:09.368+0000] {logging_mixin.py:188} INFO - [2024-03-18T08:12:09.367+0000] {dag.py:3834} INFO - Setting next_dagrun for example_time_delta_sensor_async to None, run_after=None
[2024-03-18T08:12:09.393+0000] {processor.py:183} INFO - Processing /home/ubuntu/air_venv/lib/python3.10/site-packages/airflow/example_dags/example_time_delta_sensor_async.py took 0.072 seconds
[2024-03-18T08:12:49.038+0000] {processor.py:161} INFO - Started process (PID=9317) to work on /home/ubuntu/air_venv/lib/python3.10/site-packages/airflow/example_dags/example_time_delta_sensor_async.py
[2024-03-18T08:12:49.040+0000] {processor.py:830} INFO - Processing file /home/ubuntu/air_venv/lib/python3.10/site-packages/airflow/example_dags/example_time_delta_sensor_async.py for tasks to queue
[2024-03-18T08:12:49.041+0000] {logging_mixin.py:188} INFO - [2024-03-18T08:12:49.041+0000] {dagbag.py:540} INFO - Filling up the DagBag from /home/ubuntu/air_venv/lib/python3.10/site-packages/airflow/example_dags/example_time_delta_sensor_async.py
[2024-03-18T08:12:49.047+0000] {processor.py:840} INFO - DAG(s) 'example_time_delta_sensor_async' retrieved from /home/ubuntu/air_venv/lib/python3.10/site-packages/airflow/example_dags/example_time_delta_sensor_async.py
[2024-03-18T08:12:49.066+0000] {logging_mixin.py:188} INFO - [2024-03-18T08:12:49.065+0000] {dag.py:3047} INFO - Sync 1 DAGs
[2024-03-18T08:12:49.079+0000] {logging_mixin.py:188} INFO - [2024-03-18T08:12:49.079+0000] {dag.py:3834} INFO - Setting next_dagrun for example_time_delta_sensor_async to None, run_after=None
[2024-03-18T08:12:49.105+0000] {processor.py:183} INFO - Processing /home/ubuntu/air_venv/lib/python3.10/site-packages/airflow/example_dags/example_time_delta_sensor_async.py took 0.071 seconds
[2024-03-18T08:13:34.530+0000] {processor.py:161} INFO - Started process (PID=9540) to work on /home/ubuntu/air_venv/lib/python3.10/site-packages/airflow/example_dags/example_time_delta_sensor_async.py
[2024-03-18T08:13:34.531+0000] {processor.py:830} INFO - Processing file /home/ubuntu/air_venv/lib/python3.10/site-packages/airflow/example_dags/example_time_delta_sensor_async.py for tasks to queue
[2024-03-18T08:13:34.532+0000] {logging_mixin.py:188} INFO - [2024-03-18T08:13:34.532+0000] {dagbag.py:540} INFO - Filling up the DagBag from /home/ubuntu/air_venv/lib/python3.10/site-packages/airflow/example_dags/example_time_delta_sensor_async.py
[2024-03-18T08:13:34.538+0000] {processor.py:840} INFO - DAG(s) 'example_time_delta_sensor_async' retrieved from /home/ubuntu/air_venv/lib/python3.10/site-packages/airflow/example_dags/example_time_delta_sensor_async.py
[2024-03-18T08:13:34.556+0000] {logging_mixin.py:188} INFO - [2024-03-18T08:13:34.556+0000] {dag.py:3047} INFO - Sync 1 DAGs
[2024-03-18T08:13:34.570+0000] {logging_mixin.py:188} INFO - [2024-03-18T08:13:34.570+0000] {dag.py:3834} INFO - Setting next_dagrun for example_time_delta_sensor_async to None, run_after=None
[2024-03-18T08:13:34.595+0000] {processor.py:183} INFO - Processing /home/ubuntu/air_venv/lib/python3.10/site-packages/airflow/example_dags/example_time_delta_sensor_async.py took 0.069 seconds
[2024-03-18T08:14:13.999+0000] {processor.py:161} INFO - Started process (PID=9762) to work on /home/ubuntu/air_venv/lib/python3.10/site-packages/airflow/example_dags/example_time_delta_sensor_async.py
[2024-03-18T08:14:14.001+0000] {processor.py:830} INFO - Processing file /home/ubuntu/air_venv/lib/python3.10/site-packages/airflow/example_dags/example_time_delta_sensor_async.py for tasks to queue
[2024-03-18T08:14:14.002+0000] {logging_mixin.py:188} INFO - [2024-03-18T08:14:14.002+0000] {dagbag.py:540} INFO - Filling up the DagBag from /home/ubuntu/air_venv/lib/python3.10/site-packages/airflow/example_dags/example_time_delta_sensor_async.py
[2024-03-18T08:14:14.009+0000] {processor.py:840} INFO - DAG(s) 'example_time_delta_sensor_async' retrieved from /home/ubuntu/air_venv/lib/python3.10/site-packages/airflow/example_dags/example_time_delta_sensor_async.py
[2024-03-18T08:14:14.028+0000] {logging_mixin.py:188} INFO - [2024-03-18T08:14:14.028+0000] {dag.py:3047} INFO - Sync 1 DAGs
[2024-03-18T08:14:14.043+0000] {logging_mixin.py:188} INFO - [2024-03-18T08:14:14.043+0000] {dag.py:3834} INFO - Setting next_dagrun for example_time_delta_sensor_async to None, run_after=None
[2024-03-18T08:14:14.070+0000] {processor.py:183} INFO - Processing /home/ubuntu/air_venv/lib/python3.10/site-packages/airflow/example_dags/example_time_delta_sensor_async.py took 0.074 seconds
[2024-03-18T08:15:27.802+0000] {processor.py:161} INFO - Started process (PID=10439) to work on /home/ubuntu/air_venv/lib/python3.10/site-packages/airflow/example_dags/example_time_delta_sensor_async.py
[2024-03-18T08:15:27.827+0000] {processor.py:830} INFO - Processing file /home/ubuntu/air_venv/lib/python3.10/site-packages/airflow/example_dags/example_time_delta_sensor_async.py for tasks to queue
[2024-03-18T08:15:27.831+0000] {logging_mixin.py:188} INFO - [2024-03-18T08:15:27.831+0000] {dagbag.py:540} INFO - Filling up the DagBag from /home/ubuntu/air_venv/lib/python3.10/site-packages/airflow/example_dags/example_time_delta_sensor_async.py
[2024-03-18T08:15:27.848+0000] {processor.py:840} INFO - DAG(s) 'example_time_delta_sensor_async' retrieved from /home/ubuntu/air_venv/lib/python3.10/site-packages/airflow/example_dags/example_time_delta_sensor_async.py
[2024-03-18T08:15:27.892+0000] {logging_mixin.py:188} INFO - [2024-03-18T08:15:27.892+0000] {dag.py:3047} INFO - Sync 1 DAGs
[2024-03-18T08:15:27.906+0000] {logging_mixin.py:188} INFO - [2024-03-18T08:15:27.905+0000] {dag.py:3834} INFO - Setting next_dagrun for example_time_delta_sensor_async to None, run_after=None
[2024-03-18T08:15:27.931+0000] {processor.py:183} INFO - Processing /home/ubuntu/air_venv/lib/python3.10/site-packages/airflow/example_dags/example_time_delta_sensor_async.py took 0.132 seconds
[2024-03-18T08:16:21.203+0000] {processor.py:161} INFO - Started process (PID=11091) to work on /home/ubuntu/air_venv/lib/python3.10/site-packages/airflow/example_dags/example_time_delta_sensor_async.py
[2024-03-18T08:16:21.205+0000] {processor.py:830} INFO - Processing file /home/ubuntu/air_venv/lib/python3.10/site-packages/airflow/example_dags/example_time_delta_sensor_async.py for tasks to queue
[2024-03-18T08:16:21.206+0000] {logging_mixin.py:188} INFO - [2024-03-18T08:16:21.206+0000] {dagbag.py:540} INFO - Filling up the DagBag from /home/ubuntu/air_venv/lib/python3.10/site-packages/airflow/example_dags/example_time_delta_sensor_async.py
[2024-03-18T08:16:21.213+0000] {processor.py:840} INFO - DAG(s) 'example_time_delta_sensor_async' retrieved from /home/ubuntu/air_venv/lib/python3.10/site-packages/airflow/example_dags/example_time_delta_sensor_async.py
[2024-03-18T08:16:21.231+0000] {logging_mixin.py:188} INFO - [2024-03-18T08:16:21.230+0000] {dag.py:3047} INFO - Sync 1 DAGs
[2024-03-18T08:16:21.244+0000] {logging_mixin.py:188} INFO - [2024-03-18T08:16:21.244+0000] {dag.py:3834} INFO - Setting next_dagrun for example_time_delta_sensor_async to None, run_after=None
[2024-03-18T08:16:21.269+0000] {processor.py:183} INFO - Processing /home/ubuntu/air_venv/lib/python3.10/site-packages/airflow/example_dags/example_time_delta_sensor_async.py took 0.069 seconds
[2024-03-18T08:17:09.760+0000] {processor.py:161} INFO - Started process (PID=11707) to work on /home/ubuntu/air_venv/lib/python3.10/site-packages/airflow/example_dags/example_time_delta_sensor_async.py
[2024-03-18T08:17:09.762+0000] {processor.py:830} INFO - Processing file /home/ubuntu/air_venv/lib/python3.10/site-packages/airflow/example_dags/example_time_delta_sensor_async.py for tasks to queue
[2024-03-18T08:17:09.763+0000] {logging_mixin.py:188} INFO - [2024-03-18T08:17:09.763+0000] {dagbag.py:540} INFO - Filling up the DagBag from /home/ubuntu/air_venv/lib/python3.10/site-packages/airflow/example_dags/example_time_delta_sensor_async.py
[2024-03-18T08:17:09.769+0000] {processor.py:840} INFO - DAG(s) 'example_time_delta_sensor_async' retrieved from /home/ubuntu/air_venv/lib/python3.10/site-packages/airflow/example_dags/example_time_delta_sensor_async.py
[2024-03-18T08:17:09.788+0000] {logging_mixin.py:188} INFO - [2024-03-18T08:17:09.788+0000] {dag.py:3047} INFO - Sync 1 DAGs
[2024-03-18T08:17:09.801+0000] {logging_mixin.py:188} INFO - [2024-03-18T08:17:09.801+0000] {dag.py:3834} INFO - Setting next_dagrun for example_time_delta_sensor_async to None, run_after=None
[2024-03-18T08:17:09.825+0000] {processor.py:183} INFO - Processing /home/ubuntu/air_venv/lib/python3.10/site-packages/airflow/example_dags/example_time_delta_sensor_async.py took 0.068 seconds
[2024-03-18T08:18:08.215+0000] {processor.py:161} INFO - Started process (PID=12400) to work on /home/ubuntu/air_venv/lib/python3.10/site-packages/airflow/example_dags/example_time_delta_sensor_async.py
[2024-03-18T08:18:08.217+0000] {processor.py:830} INFO - Processing file /home/ubuntu/air_venv/lib/python3.10/site-packages/airflow/example_dags/example_time_delta_sensor_async.py for tasks to queue
[2024-03-18T08:18:08.218+0000] {logging_mixin.py:188} INFO - [2024-03-18T08:18:08.218+0000] {dagbag.py:540} INFO - Filling up the DagBag from /home/ubuntu/air_venv/lib/python3.10/site-packages/airflow/example_dags/example_time_delta_sensor_async.py
[2024-03-18T08:18:08.224+0000] {processor.py:840} INFO - DAG(s) 'example_time_delta_sensor_async' retrieved from /home/ubuntu/air_venv/lib/python3.10/site-packages/airflow/example_dags/example_time_delta_sensor_async.py
[2024-03-18T08:18:08.242+0000] {logging_mixin.py:188} INFO - [2024-03-18T08:18:08.241+0000] {dag.py:3047} INFO - Sync 1 DAGs
[2024-03-18T08:18:08.255+0000] {logging_mixin.py:188} INFO - [2024-03-18T08:18:08.255+0000] {dag.py:3834} INFO - Setting next_dagrun for example_time_delta_sensor_async to None, run_after=None
[2024-03-18T08:18:08.283+0000] {processor.py:183} INFO - Processing /home/ubuntu/air_venv/lib/python3.10/site-packages/airflow/example_dags/example_time_delta_sensor_async.py took 0.071 seconds
[2024-03-18T08:18:59.784+0000] {processor.py:161} INFO - Started process (PID=12570) to work on /home/ubuntu/air_venv/lib/python3.10/site-packages/airflow/example_dags/example_time_delta_sensor_async.py
[2024-03-18T08:18:59.786+0000] {processor.py:830} INFO - Processing file /home/ubuntu/air_venv/lib/python3.10/site-packages/airflow/example_dags/example_time_delta_sensor_async.py for tasks to queue
[2024-03-18T08:18:59.787+0000] {logging_mixin.py:188} INFO - [2024-03-18T08:18:59.787+0000] {dagbag.py:540} INFO - Filling up the DagBag from /home/ubuntu/air_venv/lib/python3.10/site-packages/airflow/example_dags/example_time_delta_sensor_async.py
[2024-03-18T08:18:59.793+0000] {processor.py:840} INFO - DAG(s) 'example_time_delta_sensor_async' retrieved from /home/ubuntu/air_venv/lib/python3.10/site-packages/airflow/example_dags/example_time_delta_sensor_async.py
[2024-03-18T08:18:59.811+0000] {logging_mixin.py:188} INFO - [2024-03-18T08:18:59.810+0000] {dag.py:3047} INFO - Sync 1 DAGs
[2024-03-18T08:18:59.823+0000] {logging_mixin.py:188} INFO - [2024-03-18T08:18:59.823+0000] {dag.py:3834} INFO - Setting next_dagrun for example_time_delta_sensor_async to None, run_after=None
[2024-03-18T08:18:59.847+0000] {processor.py:183} INFO - Processing /home/ubuntu/air_venv/lib/python3.10/site-packages/airflow/example_dags/example_time_delta_sensor_async.py took 0.066 seconds
[2024-03-18T08:19:54.340+0000] {processor.py:161} INFO - Started process (PID=13008) to work on /home/ubuntu/air_venv/lib/python3.10/site-packages/airflow/example_dags/example_time_delta_sensor_async.py
[2024-03-18T08:19:54.342+0000] {processor.py:830} INFO - Processing file /home/ubuntu/air_venv/lib/python3.10/site-packages/airflow/example_dags/example_time_delta_sensor_async.py for tasks to queue
[2024-03-18T08:19:54.343+0000] {logging_mixin.py:188} INFO - [2024-03-18T08:19:54.342+0000] {dagbag.py:540} INFO - Filling up the DagBag from /home/ubuntu/air_venv/lib/python3.10/site-packages/airflow/example_dags/example_time_delta_sensor_async.py
[2024-03-18T08:19:54.348+0000] {processor.py:840} INFO - DAG(s) 'example_time_delta_sensor_async' retrieved from /home/ubuntu/air_venv/lib/python3.10/site-packages/airflow/example_dags/example_time_delta_sensor_async.py
[2024-03-18T08:19:54.366+0000] {logging_mixin.py:188} INFO - [2024-03-18T08:19:54.366+0000] {dag.py:3047} INFO - Sync 1 DAGs
[2024-03-18T08:19:54.379+0000] {logging_mixin.py:188} INFO - [2024-03-18T08:19:54.379+0000] {dag.py:3834} INFO - Setting next_dagrun for example_time_delta_sensor_async to None, run_after=None
[2024-03-18T08:19:54.404+0000] {processor.py:183} INFO - Processing /home/ubuntu/air_venv/lib/python3.10/site-packages/airflow/example_dags/example_time_delta_sensor_async.py took 0.068 seconds
[2024-03-18T08:20:48.823+0000] {processor.py:161} INFO - Started process (PID=13333) to work on /home/ubuntu/air_venv/lib/python3.10/site-packages/airflow/example_dags/example_time_delta_sensor_async.py
[2024-03-18T08:20:48.825+0000] {processor.py:830} INFO - Processing file /home/ubuntu/air_venv/lib/python3.10/site-packages/airflow/example_dags/example_time_delta_sensor_async.py for tasks to queue
[2024-03-18T08:20:48.826+0000] {logging_mixin.py:188} INFO - [2024-03-18T08:20:48.826+0000] {dagbag.py:540} INFO - Filling up the DagBag from /home/ubuntu/air_venv/lib/python3.10/site-packages/airflow/example_dags/example_time_delta_sensor_async.py
[2024-03-18T08:20:48.832+0000] {processor.py:840} INFO - DAG(s) 'example_time_delta_sensor_async' retrieved from /home/ubuntu/air_venv/lib/python3.10/site-packages/airflow/example_dags/example_time_delta_sensor_async.py
[2024-03-18T08:20:48.850+0000] {logging_mixin.py:188} INFO - [2024-03-18T08:20:48.849+0000] {dag.py:3047} INFO - Sync 1 DAGs
[2024-03-18T08:20:48.863+0000] {logging_mixin.py:188} INFO - [2024-03-18T08:20:48.863+0000] {dag.py:3834} INFO - Setting next_dagrun for example_time_delta_sensor_async to None, run_after=None
[2024-03-18T08:20:48.898+0000] {processor.py:183} INFO - Processing /home/ubuntu/air_venv/lib/python3.10/site-packages/airflow/example_dags/example_time_delta_sensor_async.py took 0.079 seconds
[2024-03-18T08:21:48.481+0000] {processor.py:161} INFO - Started process (PID=13752) to work on /home/ubuntu/air_venv/lib/python3.10/site-packages/airflow/example_dags/example_time_delta_sensor_async.py
[2024-03-18T08:21:48.483+0000] {processor.py:830} INFO - Processing file /home/ubuntu/air_venv/lib/python3.10/site-packages/airflow/example_dags/example_time_delta_sensor_async.py for tasks to queue
[2024-03-18T08:21:48.484+0000] {logging_mixin.py:188} INFO - [2024-03-18T08:21:48.483+0000] {dagbag.py:540} INFO - Filling up the DagBag from /home/ubuntu/air_venv/lib/python3.10/site-packages/airflow/example_dags/example_time_delta_sensor_async.py
[2024-03-18T08:21:48.489+0000] {processor.py:840} INFO - DAG(s) 'example_time_delta_sensor_async' retrieved from /home/ubuntu/air_venv/lib/python3.10/site-packages/airflow/example_dags/example_time_delta_sensor_async.py
[2024-03-18T08:21:48.507+0000] {logging_mixin.py:188} INFO - [2024-03-18T08:21:48.507+0000] {dag.py:3047} INFO - Sync 1 DAGs
[2024-03-18T08:21:48.520+0000] {logging_mixin.py:188} INFO - [2024-03-18T08:21:48.520+0000] {dag.py:3834} INFO - Setting next_dagrun for example_time_delta_sensor_async to None, run_after=None
[2024-03-18T08:21:48.545+0000] {processor.py:183} INFO - Processing /home/ubuntu/air_venv/lib/python3.10/site-packages/airflow/example_dags/example_time_delta_sensor_async.py took 0.068 seconds
[2024-03-18T08:22:28.719+0000] {processor.py:161} INFO - Started process (PID=13914) to work on /home/ubuntu/air_venv/lib/python3.10/site-packages/airflow/example_dags/example_time_delta_sensor_async.py
[2024-03-18T08:22:28.721+0000] {processor.py:830} INFO - Processing file /home/ubuntu/air_venv/lib/python3.10/site-packages/airflow/example_dags/example_time_delta_sensor_async.py for tasks to queue
[2024-03-18T08:22:28.722+0000] {logging_mixin.py:188} INFO - [2024-03-18T08:22:28.721+0000] {dagbag.py:540} INFO - Filling up the DagBag from /home/ubuntu/air_venv/lib/python3.10/site-packages/airflow/example_dags/example_time_delta_sensor_async.py
[2024-03-18T08:22:28.727+0000] {processor.py:840} INFO - DAG(s) 'example_time_delta_sensor_async' retrieved from /home/ubuntu/air_venv/lib/python3.10/site-packages/airflow/example_dags/example_time_delta_sensor_async.py
[2024-03-18T08:22:28.745+0000] {logging_mixin.py:188} INFO - [2024-03-18T08:22:28.745+0000] {dag.py:3047} INFO - Sync 1 DAGs
[2024-03-18T08:22:28.759+0000] {logging_mixin.py:188} INFO - [2024-03-18T08:22:28.758+0000] {dag.py:3834} INFO - Setting next_dagrun for example_time_delta_sensor_async to None, run_after=None
[2024-03-18T08:22:28.785+0000] {processor.py:183} INFO - Processing /home/ubuntu/air_venv/lib/python3.10/site-packages/airflow/example_dags/example_time_delta_sensor_async.py took 0.069 seconds
[2024-03-18T08:23:05.358+0000] {processor.py:161} INFO - Started process (PID=14254) to work on /home/ubuntu/air_venv/lib/python3.10/site-packages/airflow/example_dags/example_time_delta_sensor_async.py
[2024-03-18T08:23:05.360+0000] {processor.py:830} INFO - Processing file /home/ubuntu/air_venv/lib/python3.10/site-packages/airflow/example_dags/example_time_delta_sensor_async.py for tasks to queue
[2024-03-18T08:23:05.362+0000] {logging_mixin.py:188} INFO - [2024-03-18T08:23:05.361+0000] {dagbag.py:540} INFO - Filling up the DagBag from /home/ubuntu/air_venv/lib/python3.10/site-packages/airflow/example_dags/example_time_delta_sensor_async.py
[2024-03-18T08:23:05.367+0000] {processor.py:840} INFO - DAG(s) 'example_time_delta_sensor_async' retrieved from /home/ubuntu/air_venv/lib/python3.10/site-packages/airflow/example_dags/example_time_delta_sensor_async.py
[2024-03-18T08:23:05.387+0000] {logging_mixin.py:188} INFO - [2024-03-18T08:23:05.386+0000] {dag.py:3047} INFO - Sync 1 DAGs
[2024-03-18T08:23:05.401+0000] {logging_mixin.py:188} INFO - [2024-03-18T08:23:05.400+0000] {dag.py:3834} INFO - Setting next_dagrun for example_time_delta_sensor_async to None, run_after=None
[2024-03-18T08:23:05.430+0000] {processor.py:183} INFO - Processing /home/ubuntu/air_venv/lib/python3.10/site-packages/airflow/example_dags/example_time_delta_sensor_async.py took 0.076 seconds
[2024-03-18T08:23:46.447+0000] {processor.py:161} INFO - Started process (PID=14564) to work on /home/ubuntu/air_venv/lib/python3.10/site-packages/airflow/example_dags/example_time_delta_sensor_async.py
[2024-03-18T08:23:46.449+0000] {processor.py:830} INFO - Processing file /home/ubuntu/air_venv/lib/python3.10/site-packages/airflow/example_dags/example_time_delta_sensor_async.py for tasks to queue
[2024-03-18T08:23:46.450+0000] {logging_mixin.py:188} INFO - [2024-03-18T08:23:46.450+0000] {dagbag.py:540} INFO - Filling up the DagBag from /home/ubuntu/air_venv/lib/python3.10/site-packages/airflow/example_dags/example_time_delta_sensor_async.py
[2024-03-18T08:23:46.456+0000] {processor.py:840} INFO - DAG(s) 'example_time_delta_sensor_async' retrieved from /home/ubuntu/air_venv/lib/python3.10/site-packages/airflow/example_dags/example_time_delta_sensor_async.py
[2024-03-18T08:23:46.474+0000] {logging_mixin.py:188} INFO - [2024-03-18T08:23:46.474+0000] {dag.py:3047} INFO - Sync 1 DAGs
[2024-03-18T08:23:46.487+0000] {logging_mixin.py:188} INFO - [2024-03-18T08:23:46.486+0000] {dag.py:3834} INFO - Setting next_dagrun for example_time_delta_sensor_async to None, run_after=None
[2024-03-18T08:23:46.511+0000] {processor.py:183} INFO - Processing /home/ubuntu/air_venv/lib/python3.10/site-packages/airflow/example_dags/example_time_delta_sensor_async.py took 0.068 seconds
[2024-03-18T08:24:24.983+0000] {processor.py:161} INFO - Started process (PID=14887) to work on /home/ubuntu/air_venv/lib/python3.10/site-packages/airflow/example_dags/example_time_delta_sensor_async.py
[2024-03-18T08:24:24.985+0000] {processor.py:830} INFO - Processing file /home/ubuntu/air_venv/lib/python3.10/site-packages/airflow/example_dags/example_time_delta_sensor_async.py for tasks to queue
[2024-03-18T08:24:24.986+0000] {logging_mixin.py:188} INFO - [2024-03-18T08:24:24.985+0000] {dagbag.py:540} INFO - Filling up the DagBag from /home/ubuntu/air_venv/lib/python3.10/site-packages/airflow/example_dags/example_time_delta_sensor_async.py
[2024-03-18T08:24:24.991+0000] {processor.py:840} INFO - DAG(s) 'example_time_delta_sensor_async' retrieved from /home/ubuntu/air_venv/lib/python3.10/site-packages/airflow/example_dags/example_time_delta_sensor_async.py
[2024-03-18T08:24:25.010+0000] {logging_mixin.py:188} INFO - [2024-03-18T08:24:25.009+0000] {dag.py:3047} INFO - Sync 1 DAGs
[2024-03-18T08:24:25.024+0000] {logging_mixin.py:188} INFO - [2024-03-18T08:24:25.023+0000] {dag.py:3834} INFO - Setting next_dagrun for example_time_delta_sensor_async to None, run_after=None
[2024-03-18T08:24:25.050+0000] {processor.py:183} INFO - Processing /home/ubuntu/air_venv/lib/python3.10/site-packages/airflow/example_dags/example_time_delta_sensor_async.py took 0.071 seconds
[2024-03-18T08:25:05.199+0000] {processor.py:161} INFO - Started process (PID=15230) to work on /home/ubuntu/air_venv/lib/python3.10/site-packages/airflow/example_dags/example_time_delta_sensor_async.py
[2024-03-18T08:25:05.229+0000] {processor.py:830} INFO - Processing file /home/ubuntu/air_venv/lib/python3.10/site-packages/airflow/example_dags/example_time_delta_sensor_async.py for tasks to queue
[2024-03-18T08:25:05.231+0000] {logging_mixin.py:188} INFO - [2024-03-18T08:25:05.230+0000] {dagbag.py:540} INFO - Filling up the DagBag from /home/ubuntu/air_venv/lib/python3.10/site-packages/airflow/example_dags/example_time_delta_sensor_async.py
[2024-03-18T08:25:05.286+0000] {processor.py:840} INFO - DAG(s) 'example_time_delta_sensor_async' retrieved from /home/ubuntu/air_venv/lib/python3.10/site-packages/airflow/example_dags/example_time_delta_sensor_async.py
[2024-03-18T08:25:05.487+0000] {logging_mixin.py:188} INFO - [2024-03-18T08:25:05.486+0000] {dag.py:3047} INFO - Sync 1 DAGs
[2024-03-18T08:25:05.655+0000] {logging_mixin.py:188} INFO - [2024-03-18T08:25:05.655+0000] {dag.py:3834} INFO - Setting next_dagrun for example_time_delta_sensor_async to None, run_after=None
[2024-03-18T08:25:06.169+0000] {processor.py:183} INFO - Processing /home/ubuntu/air_venv/lib/python3.10/site-packages/airflow/example_dags/example_time_delta_sensor_async.py took 0.998 seconds
[2024-03-18T08:25:49.906+0000] {processor.py:161} INFO - Started process (PID=15368) to work on /home/ubuntu/air_venv/lib/python3.10/site-packages/airflow/example_dags/example_time_delta_sensor_async.py
[2024-03-18T08:25:49.907+0000] {processor.py:830} INFO - Processing file /home/ubuntu/air_venv/lib/python3.10/site-packages/airflow/example_dags/example_time_delta_sensor_async.py for tasks to queue
[2024-03-18T08:25:49.909+0000] {logging_mixin.py:188} INFO - [2024-03-18T08:25:49.908+0000] {dagbag.py:540} INFO - Filling up the DagBag from /home/ubuntu/air_venv/lib/python3.10/site-packages/airflow/example_dags/example_time_delta_sensor_async.py
[2024-03-18T08:25:49.914+0000] {processor.py:840} INFO - DAG(s) 'example_time_delta_sensor_async' retrieved from /home/ubuntu/air_venv/lib/python3.10/site-packages/airflow/example_dags/example_time_delta_sensor_async.py
[2024-03-18T08:25:49.932+0000] {logging_mixin.py:188} INFO - [2024-03-18T08:25:49.931+0000] {dag.py:3047} INFO - Sync 1 DAGs
[2024-03-18T08:25:49.944+0000] {logging_mixin.py:188} INFO - [2024-03-18T08:25:49.944+0000] {dag.py:3834} INFO - Setting next_dagrun for example_time_delta_sensor_async to None, run_after=None
[2024-03-18T08:25:49.969+0000] {processor.py:183} INFO - Processing /home/ubuntu/air_venv/lib/python3.10/site-packages/airflow/example_dags/example_time_delta_sensor_async.py took 0.067 seconds
[2024-03-18T08:26:28.683+0000] {processor.py:161} INFO - Started process (PID=15407) to work on /home/ubuntu/air_venv/lib/python3.10/site-packages/airflow/example_dags/example_time_delta_sensor_async.py
[2024-03-18T08:26:28.685+0000] {processor.py:830} INFO - Processing file /home/ubuntu/air_venv/lib/python3.10/site-packages/airflow/example_dags/example_time_delta_sensor_async.py for tasks to queue
[2024-03-18T08:26:28.686+0000] {logging_mixin.py:188} INFO - [2024-03-18T08:26:28.686+0000] {dagbag.py:540} INFO - Filling up the DagBag from /home/ubuntu/air_venv/lib/python3.10/site-packages/airflow/example_dags/example_time_delta_sensor_async.py
[2024-03-18T08:26:28.692+0000] {processor.py:840} INFO - DAG(s) 'example_time_delta_sensor_async' retrieved from /home/ubuntu/air_venv/lib/python3.10/site-packages/airflow/example_dags/example_time_delta_sensor_async.py
[2024-03-18T08:26:28.710+0000] {logging_mixin.py:188} INFO - [2024-03-18T08:26:28.710+0000] {dag.py:3047} INFO - Sync 1 DAGs
[2024-03-18T08:26:28.723+0000] {logging_mixin.py:188} INFO - [2024-03-18T08:26:28.723+0000] {dag.py:3834} INFO - Setting next_dagrun for example_time_delta_sensor_async to None, run_after=None
[2024-03-18T08:26:28.747+0000] {processor.py:183} INFO - Processing /home/ubuntu/air_venv/lib/python3.10/site-packages/airflow/example_dags/example_time_delta_sensor_async.py took 0.067 seconds
[2024-03-18T08:27:10.321+0000] {processor.py:161} INFO - Started process (PID=15507) to work on /home/ubuntu/air_venv/lib/python3.10/site-packages/airflow/example_dags/example_time_delta_sensor_async.py
[2024-03-18T08:27:10.323+0000] {processor.py:830} INFO - Processing file /home/ubuntu/air_venv/lib/python3.10/site-packages/airflow/example_dags/example_time_delta_sensor_async.py for tasks to queue
[2024-03-18T08:27:10.324+0000] {logging_mixin.py:188} INFO - [2024-03-18T08:27:10.323+0000] {dagbag.py:540} INFO - Filling up the DagBag from /home/ubuntu/air_venv/lib/python3.10/site-packages/airflow/example_dags/example_time_delta_sensor_async.py
[2024-03-18T08:27:10.329+0000] {processor.py:840} INFO - DAG(s) 'example_time_delta_sensor_async' retrieved from /home/ubuntu/air_venv/lib/python3.10/site-packages/airflow/example_dags/example_time_delta_sensor_async.py
[2024-03-18T08:27:10.347+0000] {logging_mixin.py:188} INFO - [2024-03-18T08:27:10.347+0000] {dag.py:3047} INFO - Sync 1 DAGs
[2024-03-18T08:27:10.361+0000] {logging_mixin.py:188} INFO - [2024-03-18T08:27:10.360+0000] {dag.py:3834} INFO - Setting next_dagrun for example_time_delta_sensor_async to None, run_after=None
[2024-03-18T08:27:10.386+0000] {processor.py:183} INFO - Processing /home/ubuntu/air_venv/lib/python3.10/site-packages/airflow/example_dags/example_time_delta_sensor_async.py took 0.069 seconds
[2024-03-18T08:27:52.432+0000] {processor.py:161} INFO - Started process (PID=15609) to work on /home/ubuntu/air_venv/lib/python3.10/site-packages/airflow/example_dags/example_time_delta_sensor_async.py
[2024-03-18T08:27:52.433+0000] {processor.py:830} INFO - Processing file /home/ubuntu/air_venv/lib/python3.10/site-packages/airflow/example_dags/example_time_delta_sensor_async.py for tasks to queue
[2024-03-18T08:27:52.435+0000] {logging_mixin.py:188} INFO - [2024-03-18T08:27:52.434+0000] {dagbag.py:540} INFO - Filling up the DagBag from /home/ubuntu/air_venv/lib/python3.10/site-packages/airflow/example_dags/example_time_delta_sensor_async.py
[2024-03-18T08:27:52.440+0000] {processor.py:840} INFO - DAG(s) 'example_time_delta_sensor_async' retrieved from /home/ubuntu/air_venv/lib/python3.10/site-packages/airflow/example_dags/example_time_delta_sensor_async.py
[2024-03-18T08:27:52.459+0000] {logging_mixin.py:188} INFO - [2024-03-18T08:27:52.458+0000] {dag.py:3047} INFO - Sync 1 DAGs
[2024-03-18T08:27:52.471+0000] {logging_mixin.py:188} INFO - [2024-03-18T08:27:52.471+0000] {dag.py:3834} INFO - Setting next_dagrun for example_time_delta_sensor_async to None, run_after=None
[2024-03-18T08:27:52.495+0000] {processor.py:183} INFO - Processing /home/ubuntu/air_venv/lib/python3.10/site-packages/airflow/example_dags/example_time_delta_sensor_async.py took 0.067 seconds
[2024-03-18T08:28:35.332+0000] {processor.py:161} INFO - Started process (PID=15650) to work on /home/ubuntu/air_venv/lib/python3.10/site-packages/airflow/example_dags/example_time_delta_sensor_async.py
[2024-03-18T08:28:35.334+0000] {processor.py:830} INFO - Processing file /home/ubuntu/air_venv/lib/python3.10/site-packages/airflow/example_dags/example_time_delta_sensor_async.py for tasks to queue
[2024-03-18T08:28:35.335+0000] {logging_mixin.py:188} INFO - [2024-03-18T08:28:35.335+0000] {dagbag.py:540} INFO - Filling up the DagBag from /home/ubuntu/air_venv/lib/python3.10/site-packages/airflow/example_dags/example_time_delta_sensor_async.py
[2024-03-18T08:28:35.341+0000] {processor.py:840} INFO - DAG(s) 'example_time_delta_sensor_async' retrieved from /home/ubuntu/air_venv/lib/python3.10/site-packages/airflow/example_dags/example_time_delta_sensor_async.py
[2024-03-18T08:28:35.359+0000] {logging_mixin.py:188} INFO - [2024-03-18T08:28:35.359+0000] {dag.py:3047} INFO - Sync 1 DAGs
[2024-03-18T08:28:35.373+0000] {logging_mixin.py:188} INFO - [2024-03-18T08:28:35.372+0000] {dag.py:3834} INFO - Setting next_dagrun for example_time_delta_sensor_async to None, run_after=None
[2024-03-18T08:28:35.397+0000] {processor.py:183} INFO - Processing /home/ubuntu/air_venv/lib/python3.10/site-packages/airflow/example_dags/example_time_delta_sensor_async.py took 0.068 seconds
[2024-03-18T08:29:17.599+0000] {processor.py:161} INFO - Started process (PID=15751) to work on /home/ubuntu/air_venv/lib/python3.10/site-packages/airflow/example_dags/example_time_delta_sensor_async.py
[2024-03-18T08:29:17.601+0000] {processor.py:830} INFO - Processing file /home/ubuntu/air_venv/lib/python3.10/site-packages/airflow/example_dags/example_time_delta_sensor_async.py for tasks to queue
[2024-03-18T08:29:17.602+0000] {logging_mixin.py:188} INFO - [2024-03-18T08:29:17.602+0000] {dagbag.py:540} INFO - Filling up the DagBag from /home/ubuntu/air_venv/lib/python3.10/site-packages/airflow/example_dags/example_time_delta_sensor_async.py
[2024-03-18T08:29:17.608+0000] {processor.py:840} INFO - DAG(s) 'example_time_delta_sensor_async' retrieved from /home/ubuntu/air_venv/lib/python3.10/site-packages/airflow/example_dags/example_time_delta_sensor_async.py
[2024-03-18T08:29:17.626+0000] {logging_mixin.py:188} INFO - [2024-03-18T08:29:17.626+0000] {dag.py:3047} INFO - Sync 1 DAGs
[2024-03-18T08:29:17.640+0000] {logging_mixin.py:188} INFO - [2024-03-18T08:29:17.639+0000] {dag.py:3834} INFO - Setting next_dagrun for example_time_delta_sensor_async to None, run_after=None
[2024-03-18T08:29:17.666+0000] {processor.py:183} INFO - Processing /home/ubuntu/air_venv/lib/python3.10/site-packages/airflow/example_dags/example_time_delta_sensor_async.py took 0.071 seconds
