[2024-03-18T07:59:55.508+0000] {processor.py:161} INFO - Started process (PID=2787) to work on /home/ubuntu/air_venv/lib/python3.10/site-packages/airflow/example_dags/example_short_circuit_decorator.py
[2024-03-18T07:59:55.509+0000] {processor.py:830} INFO - Processing file /home/ubuntu/air_venv/lib/python3.10/site-packages/airflow/example_dags/example_short_circuit_decorator.py for tasks to queue
[2024-03-18T07:59:55.510+0000] {logging_mixin.py:188} INFO - [2024-03-18T07:59:55.510+0000] {dagbag.py:540} INFO - Filling up the DagBag from /home/ubuntu/air_venv/lib/python3.10/site-packages/airflow/example_dags/example_short_circuit_decorator.py
[2024-03-18T07:59:55.523+0000] {processor.py:840} INFO - DAG(s) 'example_short_circuit_decorator' retrieved from /home/ubuntu/air_venv/lib/python3.10/site-packages/airflow/example_dags/example_short_circuit_decorator.py
[2024-03-18T07:59:55.642+0000] {logging_mixin.py:188} INFO - [2024-03-18T07:59:55.641+0000] {override.py:1769} INFO - Created Permission View: can edit on DAG:example_short_circuit_decorator
[2024-03-18T07:59:55.658+0000] {logging_mixin.py:188} INFO - [2024-03-18T07:59:55.657+0000] {override.py:1769} INFO - Created Permission View: can delete on DAG:example_short_circuit_decorator
[2024-03-18T07:59:55.669+0000] {logging_mixin.py:188} INFO - [2024-03-18T07:59:55.669+0000] {override.py:1769} INFO - Created Permission View: can read on DAG:example_short_circuit_decorator
[2024-03-18T07:59:55.670+0000] {logging_mixin.py:188} INFO - [2024-03-18T07:59:55.670+0000] {dag.py:3047} INFO - Sync 1 DAGs
[2024-03-18T07:59:55.681+0000] {logging_mixin.py:188} INFO - [2024-03-18T07:59:55.681+0000] {dag.py:3069} INFO - Creating ORM DAG for example_short_circuit_decorator
[2024-03-18T07:59:55.690+0000] {logging_mixin.py:188} INFO - [2024-03-18T07:59:55.690+0000] {dag.py:3834} INFO - Setting next_dagrun for example_short_circuit_decorator to 2024-03-17 00:00:00+00:00, run_after=2024-03-18 00:00:00+00:00
[2024-03-18T07:59:55.739+0000] {processor.py:183} INFO - Processing /home/ubuntu/air_venv/lib/python3.10/site-packages/airflow/example_dags/example_short_circuit_decorator.py took 0.235 seconds
[2024-03-18T08:00:59.863+0000] {processor.py:161} INFO - Started process (PID=3263) to work on /home/ubuntu/air_venv/lib/python3.10/site-packages/airflow/example_dags/example_short_circuit_decorator.py
[2024-03-18T08:00:59.866+0000] {processor.py:830} INFO - Processing file /home/ubuntu/air_venv/lib/python3.10/site-packages/airflow/example_dags/example_short_circuit_decorator.py for tasks to queue
[2024-03-18T08:00:59.867+0000] {logging_mixin.py:188} INFO - [2024-03-18T08:00:59.867+0000] {dagbag.py:540} INFO - Filling up the DagBag from /home/ubuntu/air_venv/lib/python3.10/site-packages/airflow/example_dags/example_short_circuit_decorator.py
[2024-03-18T08:00:59.878+0000] {processor.py:840} INFO - DAG(s) 'example_short_circuit_decorator' retrieved from /home/ubuntu/air_venv/lib/python3.10/site-packages/airflow/example_dags/example_short_circuit_decorator.py
[2024-03-18T08:00:59.899+0000] {logging_mixin.py:188} INFO - [2024-03-18T08:00:59.899+0000] {dag.py:3047} INFO - Sync 1 DAGs
[2024-03-18T08:00:59.937+0000] {logging_mixin.py:188} INFO - [2024-03-18T08:00:59.937+0000] {dag.py:3834} INFO - Setting next_dagrun for example_short_circuit_decorator to 2024-03-17 00:00:00+00:00, run_after=2024-03-18 00:00:00+00:00
[2024-03-18T08:00:59.965+0000] {processor.py:183} INFO - Processing /home/ubuntu/air_venv/lib/python3.10/site-packages/airflow/example_dags/example_short_circuit_decorator.py took 0.105 seconds
[2024-03-18T08:01:50.240+0000] {processor.py:161} INFO - Started process (PID=3794) to work on /home/ubuntu/air_venv/lib/python3.10/site-packages/airflow/example_dags/example_short_circuit_decorator.py
[2024-03-18T08:01:50.247+0000] {processor.py:830} INFO - Processing file /home/ubuntu/air_venv/lib/python3.10/site-packages/airflow/example_dags/example_short_circuit_decorator.py for tasks to queue
[2024-03-18T08:01:50.248+0000] {logging_mixin.py:188} INFO - [2024-03-18T08:01:50.248+0000] {dagbag.py:540} INFO - Filling up the DagBag from /home/ubuntu/air_venv/lib/python3.10/site-packages/airflow/example_dags/example_short_circuit_decorator.py
[2024-03-18T08:01:50.269+0000] {processor.py:840} INFO - DAG(s) 'example_short_circuit_decorator' retrieved from /home/ubuntu/air_venv/lib/python3.10/site-packages/airflow/example_dags/example_short_circuit_decorator.py
[2024-03-18T08:01:50.306+0000] {logging_mixin.py:188} INFO - [2024-03-18T08:01:50.305+0000] {dag.py:3047} INFO - Sync 1 DAGs
[2024-03-18T08:01:50.357+0000] {logging_mixin.py:188} INFO - [2024-03-18T08:01:50.356+0000] {dag.py:3834} INFO - Setting next_dagrun for example_short_circuit_decorator to 2024-03-17 00:00:00+00:00, run_after=2024-03-18 00:00:00+00:00
[2024-03-18T08:01:50.690+0000] {processor.py:183} INFO - Processing /home/ubuntu/air_venv/lib/python3.10/site-packages/airflow/example_dags/example_short_circuit_decorator.py took 0.457 seconds
[2024-03-18T08:02:41.258+0000] {processor.py:161} INFO - Started process (PID=4258) to work on /home/ubuntu/air_venv/lib/python3.10/site-packages/airflow/example_dags/example_short_circuit_decorator.py
[2024-03-18T08:02:41.261+0000] {processor.py:830} INFO - Processing file /home/ubuntu/air_venv/lib/python3.10/site-packages/airflow/example_dags/example_short_circuit_decorator.py for tasks to queue
[2024-03-18T08:02:41.262+0000] {logging_mixin.py:188} INFO - [2024-03-18T08:02:41.261+0000] {dagbag.py:540} INFO - Filling up the DagBag from /home/ubuntu/air_venv/lib/python3.10/site-packages/airflow/example_dags/example_short_circuit_decorator.py
[2024-03-18T08:02:41.273+0000] {processor.py:840} INFO - DAG(s) 'example_short_circuit_decorator' retrieved from /home/ubuntu/air_venv/lib/python3.10/site-packages/airflow/example_dags/example_short_circuit_decorator.py
[2024-03-18T08:02:41.430+0000] {logging_mixin.py:188} INFO - [2024-03-18T08:02:41.429+0000] {dag.py:3047} INFO - Sync 1 DAGs
[2024-03-18T08:02:41.448+0000] {logging_mixin.py:188} INFO - [2024-03-18T08:02:41.448+0000] {dag.py:3834} INFO - Setting next_dagrun for example_short_circuit_decorator to 2024-03-17 00:00:00+00:00, run_after=2024-03-18 00:00:00+00:00
[2024-03-18T08:02:41.472+0000] {processor.py:183} INFO - Processing /home/ubuntu/air_venv/lib/python3.10/site-packages/airflow/example_dags/example_short_circuit_decorator.py took 0.216 seconds
[2024-03-18T08:03:33.454+0000] {processor.py:161} INFO - Started process (PID=4487) to work on /home/ubuntu/air_venv/lib/python3.10/site-packages/airflow/example_dags/example_short_circuit_decorator.py
[2024-03-18T08:03:33.455+0000] {processor.py:830} INFO - Processing file /home/ubuntu/air_venv/lib/python3.10/site-packages/airflow/example_dags/example_short_circuit_decorator.py for tasks to queue
[2024-03-18T08:03:33.457+0000] {logging_mixin.py:188} INFO - [2024-03-18T08:03:33.456+0000] {dagbag.py:540} INFO - Filling up the DagBag from /home/ubuntu/air_venv/lib/python3.10/site-packages/airflow/example_dags/example_short_circuit_decorator.py
[2024-03-18T08:03:33.468+0000] {processor.py:840} INFO - DAG(s) 'example_short_circuit_decorator' retrieved from /home/ubuntu/air_venv/lib/python3.10/site-packages/airflow/example_dags/example_short_circuit_decorator.py
[2024-03-18T08:03:33.488+0000] {logging_mixin.py:188} INFO - [2024-03-18T08:03:33.488+0000] {dag.py:3047} INFO - Sync 1 DAGs
[2024-03-18T08:03:33.510+0000] {logging_mixin.py:188} INFO - [2024-03-18T08:03:33.510+0000] {dag.py:3834} INFO - Setting next_dagrun for example_short_circuit_decorator to 2024-03-17 00:00:00+00:00, run_after=2024-03-18 00:00:00+00:00
[2024-03-18T08:03:33.536+0000] {processor.py:183} INFO - Processing /home/ubuntu/air_venv/lib/python3.10/site-packages/airflow/example_dags/example_short_circuit_decorator.py took 0.086 seconds
[2024-03-18T08:04:25.860+0000] {processor.py:161} INFO - Started process (PID=5081) to work on /home/ubuntu/air_venv/lib/python3.10/site-packages/airflow/example_dags/example_short_circuit_decorator.py
[2024-03-18T08:04:25.861+0000] {processor.py:830} INFO - Processing file /home/ubuntu/air_venv/lib/python3.10/site-packages/airflow/example_dags/example_short_circuit_decorator.py for tasks to queue
[2024-03-18T08:04:25.863+0000] {logging_mixin.py:188} INFO - [2024-03-18T08:04:25.862+0000] {dagbag.py:540} INFO - Filling up the DagBag from /home/ubuntu/air_venv/lib/python3.10/site-packages/airflow/example_dags/example_short_circuit_decorator.py
[2024-03-18T08:04:25.875+0000] {processor.py:840} INFO - DAG(s) 'example_short_circuit_decorator' retrieved from /home/ubuntu/air_venv/lib/python3.10/site-packages/airflow/example_dags/example_short_circuit_decorator.py
[2024-03-18T08:04:25.896+0000] {logging_mixin.py:188} INFO - [2024-03-18T08:04:25.895+0000] {dag.py:3047} INFO - Sync 1 DAGs
[2024-03-18T08:04:25.936+0000] {logging_mixin.py:188} INFO - [2024-03-18T08:04:25.936+0000] {dag.py:3834} INFO - Setting next_dagrun for example_short_circuit_decorator to 2024-03-17 00:00:00+00:00, run_after=2024-03-18 00:00:00+00:00
[2024-03-18T08:04:25.963+0000] {processor.py:183} INFO - Processing /home/ubuntu/air_venv/lib/python3.10/site-packages/airflow/example_dags/example_short_circuit_decorator.py took 0.107 seconds
[2024-03-18T08:05:20.560+0000] {processor.py:161} INFO - Started process (PID=5495) to work on /home/ubuntu/air_venv/lib/python3.10/site-packages/airflow/example_dags/example_short_circuit_decorator.py
[2024-03-18T08:05:20.562+0000] {processor.py:830} INFO - Processing file /home/ubuntu/air_venv/lib/python3.10/site-packages/airflow/example_dags/example_short_circuit_decorator.py for tasks to queue
[2024-03-18T08:05:20.563+0000] {logging_mixin.py:188} INFO - [2024-03-18T08:05:20.563+0000] {dagbag.py:540} INFO - Filling up the DagBag from /home/ubuntu/air_venv/lib/python3.10/site-packages/airflow/example_dags/example_short_circuit_decorator.py
[2024-03-18T08:05:20.576+0000] {processor.py:840} INFO - DAG(s) 'example_short_circuit_decorator' retrieved from /home/ubuntu/air_venv/lib/python3.10/site-packages/airflow/example_dags/example_short_circuit_decorator.py
[2024-03-18T08:05:20.598+0000] {logging_mixin.py:188} INFO - [2024-03-18T08:05:20.597+0000] {dag.py:3047} INFO - Sync 1 DAGs
[2024-03-18T08:05:20.621+0000] {logging_mixin.py:188} INFO - [2024-03-18T08:05:20.620+0000] {dag.py:3834} INFO - Setting next_dagrun for example_short_circuit_decorator to 2024-03-17 00:00:00+00:00, run_after=2024-03-18 00:00:00+00:00
[2024-03-18T08:05:20.647+0000] {processor.py:183} INFO - Processing /home/ubuntu/air_venv/lib/python3.10/site-packages/airflow/example_dags/example_short_circuit_decorator.py took 0.091 seconds
[2024-03-18T08:06:09.011+0000] {processor.py:161} INFO - Started process (PID=6050) to work on /home/ubuntu/air_venv/lib/python3.10/site-packages/airflow/example_dags/example_short_circuit_decorator.py
[2024-03-18T08:06:09.014+0000] {processor.py:830} INFO - Processing file /home/ubuntu/air_venv/lib/python3.10/site-packages/airflow/example_dags/example_short_circuit_decorator.py for tasks to queue
[2024-03-18T08:06:09.015+0000] {logging_mixin.py:188} INFO - [2024-03-18T08:06:09.015+0000] {dagbag.py:540} INFO - Filling up the DagBag from /home/ubuntu/air_venv/lib/python3.10/site-packages/airflow/example_dags/example_short_circuit_decorator.py
[2024-03-18T08:06:09.040+0000] {processor.py:840} INFO - DAG(s) 'example_short_circuit_decorator' retrieved from /home/ubuntu/air_venv/lib/python3.10/site-packages/airflow/example_dags/example_short_circuit_decorator.py
[2024-03-18T08:06:09.064+0000] {logging_mixin.py:188} INFO - [2024-03-18T08:06:09.063+0000] {dag.py:3047} INFO - Sync 1 DAGs
[2024-03-18T08:06:09.086+0000] {logging_mixin.py:188} INFO - [2024-03-18T08:06:09.086+0000] {dag.py:3834} INFO - Setting next_dagrun for example_short_circuit_decorator to 2024-03-17 00:00:00+00:00, run_after=2024-03-18 00:00:00+00:00
[2024-03-18T08:06:09.137+0000] {processor.py:183} INFO - Processing /home/ubuntu/air_venv/lib/python3.10/site-packages/airflow/example_dags/example_short_circuit_decorator.py took 0.129 seconds
[2024-03-18T08:07:15.903+0000] {processor.py:161} INFO - Started process (PID=6934) to work on /home/ubuntu/air_venv/lib/python3.10/site-packages/airflow/example_dags/example_short_circuit_decorator.py
[2024-03-18T08:07:15.905+0000] {processor.py:830} INFO - Processing file /home/ubuntu/air_venv/lib/python3.10/site-packages/airflow/example_dags/example_short_circuit_decorator.py for tasks to queue
[2024-03-18T08:07:15.907+0000] {logging_mixin.py:188} INFO - [2024-03-18T08:07:15.906+0000] {dagbag.py:540} INFO - Filling up the DagBag from /home/ubuntu/air_venv/lib/python3.10/site-packages/airflow/example_dags/example_short_circuit_decorator.py
[2024-03-18T08:07:15.919+0000] {processor.py:840} INFO - DAG(s) 'example_short_circuit_decorator' retrieved from /home/ubuntu/air_venv/lib/python3.10/site-packages/airflow/example_dags/example_short_circuit_decorator.py
[2024-03-18T08:07:16.015+0000] {logging_mixin.py:188} INFO - [2024-03-18T08:07:16.015+0000] {dag.py:3047} INFO - Sync 1 DAGs
[2024-03-18T08:07:16.126+0000] {logging_mixin.py:188} INFO - [2024-03-18T08:07:16.125+0000] {dag.py:3834} INFO - Setting next_dagrun for example_short_circuit_decorator to 2024-03-17 00:00:00+00:00, run_after=2024-03-18 00:00:00+00:00
[2024-03-18T08:07:16.153+0000] {processor.py:183} INFO - Processing /home/ubuntu/air_venv/lib/python3.10/site-packages/airflow/example_dags/example_short_circuit_decorator.py took 0.254 seconds
[2024-03-18T08:08:10.308+0000] {processor.py:161} INFO - Started process (PID=7227) to work on /home/ubuntu/air_venv/lib/python3.10/site-packages/airflow/example_dags/example_short_circuit_decorator.py
[2024-03-18T08:08:10.310+0000] {processor.py:830} INFO - Processing file /home/ubuntu/air_venv/lib/python3.10/site-packages/airflow/example_dags/example_short_circuit_decorator.py for tasks to queue
[2024-03-18T08:08:10.311+0000] {logging_mixin.py:188} INFO - [2024-03-18T08:08:10.311+0000] {dagbag.py:540} INFO - Filling up the DagBag from /home/ubuntu/air_venv/lib/python3.10/site-packages/airflow/example_dags/example_short_circuit_decorator.py
[2024-03-18T08:08:10.323+0000] {processor.py:840} INFO - DAG(s) 'example_short_circuit_decorator' retrieved from /home/ubuntu/air_venv/lib/python3.10/site-packages/airflow/example_dags/example_short_circuit_decorator.py
[2024-03-18T08:08:10.344+0000] {logging_mixin.py:188} INFO - [2024-03-18T08:08:10.343+0000] {dag.py:3047} INFO - Sync 1 DAGs
[2024-03-18T08:08:10.367+0000] {logging_mixin.py:188} INFO - [2024-03-18T08:08:10.367+0000] {dag.py:3834} INFO - Setting next_dagrun for example_short_circuit_decorator to 2024-03-17 00:00:00+00:00, run_after=2024-03-18 00:00:00+00:00
[2024-03-18T08:08:10.393+0000] {processor.py:183} INFO - Processing /home/ubuntu/air_venv/lib/python3.10/site-packages/airflow/example_dags/example_short_circuit_decorator.py took 0.088 seconds
[2024-03-18T08:08:56.657+0000] {processor.py:161} INFO - Started process (PID=7582) to work on /home/ubuntu/air_venv/lib/python3.10/site-packages/airflow/example_dags/example_short_circuit_decorator.py
[2024-03-18T08:08:56.659+0000] {processor.py:830} INFO - Processing file /home/ubuntu/air_venv/lib/python3.10/site-packages/airflow/example_dags/example_short_circuit_decorator.py for tasks to queue
[2024-03-18T08:08:56.660+0000] {logging_mixin.py:188} INFO - [2024-03-18T08:08:56.660+0000] {dagbag.py:540} INFO - Filling up the DagBag from /home/ubuntu/air_venv/lib/python3.10/site-packages/airflow/example_dags/example_short_circuit_decorator.py
[2024-03-18T08:08:56.672+0000] {processor.py:840} INFO - DAG(s) 'example_short_circuit_decorator' retrieved from /home/ubuntu/air_venv/lib/python3.10/site-packages/airflow/example_dags/example_short_circuit_decorator.py
[2024-03-18T08:08:56.693+0000] {logging_mixin.py:188} INFO - [2024-03-18T08:08:56.693+0000] {dag.py:3047} INFO - Sync 1 DAGs
[2024-03-18T08:08:56.715+0000] {logging_mixin.py:188} INFO - [2024-03-18T08:08:56.715+0000] {dag.py:3834} INFO - Setting next_dagrun for example_short_circuit_decorator to 2024-03-17 00:00:00+00:00, run_after=2024-03-18 00:00:00+00:00
[2024-03-18T08:08:56.741+0000] {processor.py:183} INFO - Processing /home/ubuntu/air_venv/lib/python3.10/site-packages/airflow/example_dags/example_short_circuit_decorator.py took 0.088 seconds
[2024-03-18T08:09:40.975+0000] {processor.py:161} INFO - Started process (PID=7928) to work on /home/ubuntu/air_venv/lib/python3.10/site-packages/airflow/example_dags/example_short_circuit_decorator.py
[2024-03-18T08:09:40.977+0000] {processor.py:830} INFO - Processing file /home/ubuntu/air_venv/lib/python3.10/site-packages/airflow/example_dags/example_short_circuit_decorator.py for tasks to queue
[2024-03-18T08:09:40.978+0000] {logging_mixin.py:188} INFO - [2024-03-18T08:09:40.978+0000] {dagbag.py:540} INFO - Filling up the DagBag from /home/ubuntu/air_venv/lib/python3.10/site-packages/airflow/example_dags/example_short_circuit_decorator.py
[2024-03-18T08:09:40.990+0000] {processor.py:840} INFO - DAG(s) 'example_short_circuit_decorator' retrieved from /home/ubuntu/air_venv/lib/python3.10/site-packages/airflow/example_dags/example_short_circuit_decorator.py
[2024-03-18T08:09:41.012+0000] {logging_mixin.py:188} INFO - [2024-03-18T08:09:41.012+0000] {dag.py:3047} INFO - Sync 1 DAGs
[2024-03-18T08:09:41.036+0000] {logging_mixin.py:188} INFO - [2024-03-18T08:09:41.035+0000] {dag.py:3834} INFO - Setting next_dagrun for example_short_circuit_decorator to 2024-03-17 00:00:00+00:00, run_after=2024-03-18 00:00:00+00:00
[2024-03-18T08:09:41.062+0000] {processor.py:183} INFO - Processing /home/ubuntu/air_venv/lib/python3.10/site-packages/airflow/example_dags/example_short_circuit_decorator.py took 0.090 seconds
[2024-03-18T08:10:23.178+0000] {processor.py:161} INFO - Started process (PID=8268) to work on /home/ubuntu/air_venv/lib/python3.10/site-packages/airflow/example_dags/example_short_circuit_decorator.py
[2024-03-18T08:10:23.179+0000] {processor.py:830} INFO - Processing file /home/ubuntu/air_venv/lib/python3.10/site-packages/airflow/example_dags/example_short_circuit_decorator.py for tasks to queue
[2024-03-18T08:10:23.181+0000] {logging_mixin.py:188} INFO - [2024-03-18T08:10:23.180+0000] {dagbag.py:540} INFO - Filling up the DagBag from /home/ubuntu/air_venv/lib/python3.10/site-packages/airflow/example_dags/example_short_circuit_decorator.py
[2024-03-18T08:10:23.193+0000] {processor.py:840} INFO - DAG(s) 'example_short_circuit_decorator' retrieved from /home/ubuntu/air_venv/lib/python3.10/site-packages/airflow/example_dags/example_short_circuit_decorator.py
[2024-03-18T08:10:23.214+0000] {logging_mixin.py:188} INFO - [2024-03-18T08:10:23.214+0000] {dag.py:3047} INFO - Sync 1 DAGs
[2024-03-18T08:10:23.237+0000] {logging_mixin.py:188} INFO - [2024-03-18T08:10:23.237+0000] {dag.py:3834} INFO - Setting next_dagrun for example_short_circuit_decorator to 2024-03-17 00:00:00+00:00, run_after=2024-03-18 00:00:00+00:00
[2024-03-18T08:10:23.275+0000] {processor.py:183} INFO - Processing /home/ubuntu/air_venv/lib/python3.10/site-packages/airflow/example_dags/example_short_circuit_decorator.py took 0.102 seconds
[2024-03-18T08:11:07.806+0000] {processor.py:161} INFO - Started process (PID=8613) to work on /home/ubuntu/air_venv/lib/python3.10/site-packages/airflow/example_dags/example_short_circuit_decorator.py
[2024-03-18T08:11:07.808+0000] {processor.py:830} INFO - Processing file /home/ubuntu/air_venv/lib/python3.10/site-packages/airflow/example_dags/example_short_circuit_decorator.py for tasks to queue
[2024-03-18T08:11:07.809+0000] {logging_mixin.py:188} INFO - [2024-03-18T08:11:07.809+0000] {dagbag.py:540} INFO - Filling up the DagBag from /home/ubuntu/air_venv/lib/python3.10/site-packages/airflow/example_dags/example_short_circuit_decorator.py
[2024-03-18T08:11:07.822+0000] {processor.py:840} INFO - DAG(s) 'example_short_circuit_decorator' retrieved from /home/ubuntu/air_venv/lib/python3.10/site-packages/airflow/example_dags/example_short_circuit_decorator.py
[2024-03-18T08:11:07.843+0000] {logging_mixin.py:188} INFO - [2024-03-18T08:11:07.843+0000] {dag.py:3047} INFO - Sync 1 DAGs
[2024-03-18T08:11:07.865+0000] {logging_mixin.py:188} INFO - [2024-03-18T08:11:07.865+0000] {dag.py:3834} INFO - Setting next_dagrun for example_short_circuit_decorator to 2024-03-17 00:00:00+00:00, run_after=2024-03-18 00:00:00+00:00
[2024-03-18T08:11:07.890+0000] {processor.py:183} INFO - Processing /home/ubuntu/air_venv/lib/python3.10/site-packages/airflow/example_dags/example_short_circuit_decorator.py took 0.087 seconds
[2024-03-18T08:11:48.969+0000] {processor.py:161} INFO - Started process (PID=8957) to work on /home/ubuntu/air_venv/lib/python3.10/site-packages/airflow/example_dags/example_short_circuit_decorator.py
[2024-03-18T08:11:48.971+0000] {processor.py:830} INFO - Processing file /home/ubuntu/air_venv/lib/python3.10/site-packages/airflow/example_dags/example_short_circuit_decorator.py for tasks to queue
[2024-03-18T08:11:48.972+0000] {logging_mixin.py:188} INFO - [2024-03-18T08:11:48.972+0000] {dagbag.py:540} INFO - Filling up the DagBag from /home/ubuntu/air_venv/lib/python3.10/site-packages/airflow/example_dags/example_short_circuit_decorator.py
[2024-03-18T08:11:48.984+0000] {processor.py:840} INFO - DAG(s) 'example_short_circuit_decorator' retrieved from /home/ubuntu/air_venv/lib/python3.10/site-packages/airflow/example_dags/example_short_circuit_decorator.py
[2024-03-18T08:11:49.006+0000] {logging_mixin.py:188} INFO - [2024-03-18T08:11:49.006+0000] {dag.py:3047} INFO - Sync 1 DAGs
[2024-03-18T08:11:49.029+0000] {logging_mixin.py:188} INFO - [2024-03-18T08:11:49.028+0000] {dag.py:3834} INFO - Setting next_dagrun for example_short_circuit_decorator to 2024-03-17 00:00:00+00:00, run_after=2024-03-18 00:00:00+00:00
[2024-03-18T08:11:49.057+0000] {processor.py:183} INFO - Processing /home/ubuntu/air_venv/lib/python3.10/site-packages/airflow/example_dags/example_short_circuit_decorator.py took 0.091 seconds
[2024-03-18T08:12:28.312+0000] {processor.py:161} INFO - Started process (PID=9140) to work on /home/ubuntu/air_venv/lib/python3.10/site-packages/airflow/example_dags/example_short_circuit_decorator.py
[2024-03-18T08:12:28.314+0000] {processor.py:830} INFO - Processing file /home/ubuntu/air_venv/lib/python3.10/site-packages/airflow/example_dags/example_short_circuit_decorator.py for tasks to queue
[2024-03-18T08:12:28.315+0000] {logging_mixin.py:188} INFO - [2024-03-18T08:12:28.314+0000] {dagbag.py:540} INFO - Filling up the DagBag from /home/ubuntu/air_venv/lib/python3.10/site-packages/airflow/example_dags/example_short_circuit_decorator.py
[2024-03-18T08:12:28.326+0000] {processor.py:840} INFO - DAG(s) 'example_short_circuit_decorator' retrieved from /home/ubuntu/air_venv/lib/python3.10/site-packages/airflow/example_dags/example_short_circuit_decorator.py
[2024-03-18T08:12:28.346+0000] {logging_mixin.py:188} INFO - [2024-03-18T08:12:28.346+0000] {dag.py:3047} INFO - Sync 1 DAGs
[2024-03-18T08:12:28.369+0000] {logging_mixin.py:188} INFO - [2024-03-18T08:12:28.369+0000] {dag.py:3834} INFO - Setting next_dagrun for example_short_circuit_decorator to 2024-03-17 00:00:00+00:00, run_after=2024-03-18 00:00:00+00:00
[2024-03-18T08:12:28.393+0000] {processor.py:183} INFO - Processing /home/ubuntu/air_venv/lib/python3.10/site-packages/airflow/example_dags/example_short_circuit_decorator.py took 0.085 seconds
[2024-03-18T08:13:13.024+0000] {processor.py:161} INFO - Started process (PID=9398) to work on /home/ubuntu/air_venv/lib/python3.10/site-packages/airflow/example_dags/example_short_circuit_decorator.py
[2024-03-18T08:13:13.029+0000] {processor.py:830} INFO - Processing file /home/ubuntu/air_venv/lib/python3.10/site-packages/airflow/example_dags/example_short_circuit_decorator.py for tasks to queue
[2024-03-18T08:13:13.030+0000] {logging_mixin.py:188} INFO - [2024-03-18T08:13:13.029+0000] {dagbag.py:540} INFO - Filling up the DagBag from /home/ubuntu/air_venv/lib/python3.10/site-packages/airflow/example_dags/example_short_circuit_decorator.py
[2024-03-18T08:13:13.049+0000] {processor.py:840} INFO - DAG(s) 'example_short_circuit_decorator' retrieved from /home/ubuntu/air_venv/lib/python3.10/site-packages/airflow/example_dags/example_short_circuit_decorator.py
[2024-03-18T08:13:13.070+0000] {logging_mixin.py:188} INFO - [2024-03-18T08:13:13.070+0000] {dag.py:3047} INFO - Sync 1 DAGs
[2024-03-18T08:13:13.093+0000] {logging_mixin.py:188} INFO - [2024-03-18T08:13:13.092+0000] {dag.py:3834} INFO - Setting next_dagrun for example_short_circuit_decorator to 2024-03-17 00:00:00+00:00, run_after=2024-03-18 00:00:00+00:00
[2024-03-18T08:13:13.131+0000] {processor.py:183} INFO - Processing /home/ubuntu/air_venv/lib/python3.10/site-packages/airflow/example_dags/example_short_circuit_decorator.py took 0.111 seconds
[2024-03-18T08:13:53.788+0000] {processor.py:161} INFO - Started process (PID=9623) to work on /home/ubuntu/air_venv/lib/python3.10/site-packages/airflow/example_dags/example_short_circuit_decorator.py
[2024-03-18T08:13:53.790+0000] {processor.py:830} INFO - Processing file /home/ubuntu/air_venv/lib/python3.10/site-packages/airflow/example_dags/example_short_circuit_decorator.py for tasks to queue
[2024-03-18T08:13:53.791+0000] {logging_mixin.py:188} INFO - [2024-03-18T08:13:53.791+0000] {dagbag.py:540} INFO - Filling up the DagBag from /home/ubuntu/air_venv/lib/python3.10/site-packages/airflow/example_dags/example_short_circuit_decorator.py
[2024-03-18T08:13:53.803+0000] {processor.py:840} INFO - DAG(s) 'example_short_circuit_decorator' retrieved from /home/ubuntu/air_venv/lib/python3.10/site-packages/airflow/example_dags/example_short_circuit_decorator.py
[2024-03-18T08:13:53.823+0000] {logging_mixin.py:188} INFO - [2024-03-18T08:13:53.823+0000] {dag.py:3047} INFO - Sync 1 DAGs
[2024-03-18T08:13:53.846+0000] {logging_mixin.py:188} INFO - [2024-03-18T08:13:53.846+0000] {dag.py:3834} INFO - Setting next_dagrun for example_short_circuit_decorator to 2024-03-17 00:00:00+00:00, run_after=2024-03-18 00:00:00+00:00
[2024-03-18T08:13:53.873+0000] {processor.py:183} INFO - Processing /home/ubuntu/air_venv/lib/python3.10/site-packages/airflow/example_dags/example_short_circuit_decorator.py took 0.088 seconds
[2024-03-18T08:15:01.045+0000] {processor.py:161} INFO - Started process (PID=10259) to work on /home/ubuntu/air_venv/lib/python3.10/site-packages/airflow/example_dags/example_short_circuit_decorator.py
[2024-03-18T08:15:01.048+0000] {processor.py:830} INFO - Processing file /home/ubuntu/air_venv/lib/python3.10/site-packages/airflow/example_dags/example_short_circuit_decorator.py for tasks to queue
[2024-03-18T08:15:01.049+0000] {logging_mixin.py:188} INFO - [2024-03-18T08:15:01.049+0000] {dagbag.py:540} INFO - Filling up the DagBag from /home/ubuntu/air_venv/lib/python3.10/site-packages/airflow/example_dags/example_short_circuit_decorator.py
[2024-03-18T08:15:01.061+0000] {processor.py:840} INFO - DAG(s) 'example_short_circuit_decorator' retrieved from /home/ubuntu/air_venv/lib/python3.10/site-packages/airflow/example_dags/example_short_circuit_decorator.py
[2024-03-18T08:15:01.083+0000] {logging_mixin.py:188} INFO - [2024-03-18T08:15:01.083+0000] {dag.py:3047} INFO - Sync 1 DAGs
[2024-03-18T08:15:01.108+0000] {logging_mixin.py:188} INFO - [2024-03-18T08:15:01.108+0000] {dag.py:3834} INFO - Setting next_dagrun for example_short_circuit_decorator to 2024-03-17 00:00:00+00:00, run_after=2024-03-18 00:00:00+00:00
[2024-03-18T08:15:01.136+0000] {processor.py:183} INFO - Processing /home/ubuntu/air_venv/lib/python3.10/site-packages/airflow/example_dags/example_short_circuit_decorator.py took 0.094 seconds
[2024-03-18T08:15:57.718+0000] {processor.py:161} INFO - Started process (PID=10830) to work on /home/ubuntu/air_venv/lib/python3.10/site-packages/airflow/example_dags/example_short_circuit_decorator.py
[2024-03-18T08:15:57.720+0000] {processor.py:830} INFO - Processing file /home/ubuntu/air_venv/lib/python3.10/site-packages/airflow/example_dags/example_short_circuit_decorator.py for tasks to queue
[2024-03-18T08:15:57.721+0000] {logging_mixin.py:188} INFO - [2024-03-18T08:15:57.720+0000] {dagbag.py:540} INFO - Filling up the DagBag from /home/ubuntu/air_venv/lib/python3.10/site-packages/airflow/example_dags/example_short_circuit_decorator.py
[2024-03-18T08:15:57.733+0000] {processor.py:840} INFO - DAG(s) 'example_short_circuit_decorator' retrieved from /home/ubuntu/air_venv/lib/python3.10/site-packages/airflow/example_dags/example_short_circuit_decorator.py
[2024-03-18T08:15:57.754+0000] {logging_mixin.py:188} INFO - [2024-03-18T08:15:57.754+0000] {dag.py:3047} INFO - Sync 1 DAGs
[2024-03-18T08:15:57.776+0000] {logging_mixin.py:188} INFO - [2024-03-18T08:15:57.775+0000] {dag.py:3834} INFO - Setting next_dagrun for example_short_circuit_decorator to 2024-03-17 00:00:00+00:00, run_after=2024-03-18 00:00:00+00:00
[2024-03-18T08:15:57.802+0000] {processor.py:183} INFO - Processing /home/ubuntu/air_venv/lib/python3.10/site-packages/airflow/example_dags/example_short_circuit_decorator.py took 0.087 seconds
[2024-03-18T08:16:46.127+0000] {processor.py:161} INFO - Started process (PID=11416) to work on /home/ubuntu/air_venv/lib/python3.10/site-packages/airflow/example_dags/example_short_circuit_decorator.py
[2024-03-18T08:16:46.129+0000] {processor.py:830} INFO - Processing file /home/ubuntu/air_venv/lib/python3.10/site-packages/airflow/example_dags/example_short_circuit_decorator.py for tasks to queue
[2024-03-18T08:16:46.130+0000] {logging_mixin.py:188} INFO - [2024-03-18T08:16:46.130+0000] {dagbag.py:540} INFO - Filling up the DagBag from /home/ubuntu/air_venv/lib/python3.10/site-packages/airflow/example_dags/example_short_circuit_decorator.py
[2024-03-18T08:16:46.142+0000] {processor.py:840} INFO - DAG(s) 'example_short_circuit_decorator' retrieved from /home/ubuntu/air_venv/lib/python3.10/site-packages/airflow/example_dags/example_short_circuit_decorator.py
[2024-03-18T08:16:46.163+0000] {logging_mixin.py:188} INFO - [2024-03-18T08:16:46.162+0000] {dag.py:3047} INFO - Sync 1 DAGs
[2024-03-18T08:16:46.185+0000] {logging_mixin.py:188} INFO - [2024-03-18T08:16:46.184+0000] {dag.py:3834} INFO - Setting next_dagrun for example_short_circuit_decorator to 2024-03-17 00:00:00+00:00, run_after=2024-03-18 00:00:00+00:00
[2024-03-18T08:16:46.224+0000] {processor.py:183} INFO - Processing /home/ubuntu/air_venv/lib/python3.10/site-packages/airflow/example_dags/example_short_circuit_decorator.py took 0.100 seconds
[2024-03-18T08:17:33.863+0000] {processor.py:161} INFO - Started process (PID=12003) to work on /home/ubuntu/air_venv/lib/python3.10/site-packages/airflow/example_dags/example_short_circuit_decorator.py
[2024-03-18T08:17:33.865+0000] {processor.py:830} INFO - Processing file /home/ubuntu/air_venv/lib/python3.10/site-packages/airflow/example_dags/example_short_circuit_decorator.py for tasks to queue
[2024-03-18T08:17:33.866+0000] {logging_mixin.py:188} INFO - [2024-03-18T08:17:33.865+0000] {dagbag.py:540} INFO - Filling up the DagBag from /home/ubuntu/air_venv/lib/python3.10/site-packages/airflow/example_dags/example_short_circuit_decorator.py
[2024-03-18T08:17:33.879+0000] {processor.py:840} INFO - DAG(s) 'example_short_circuit_decorator' retrieved from /home/ubuntu/air_venv/lib/python3.10/site-packages/airflow/example_dags/example_short_circuit_decorator.py
[2024-03-18T08:17:33.901+0000] {logging_mixin.py:188} INFO - [2024-03-18T08:17:33.901+0000] {dag.py:3047} INFO - Sync 1 DAGs
[2024-03-18T08:17:33.923+0000] {logging_mixin.py:188} INFO - [2024-03-18T08:17:33.923+0000] {dag.py:3834} INFO - Setting next_dagrun for example_short_circuit_decorator to 2024-03-17 00:00:00+00:00, run_after=2024-03-18 00:00:00+00:00
[2024-03-18T08:17:33.950+0000] {processor.py:183} INFO - Processing /home/ubuntu/air_venv/lib/python3.10/site-packages/airflow/example_dags/example_short_circuit_decorator.py took 0.091 seconds
[2024-03-18T08:18:39.264+0000] {processor.py:161} INFO - Started process (PID=12515) to work on /home/ubuntu/air_venv/lib/python3.10/site-packages/airflow/example_dags/example_short_circuit_decorator.py
[2024-03-18T08:18:39.266+0000] {processor.py:830} INFO - Processing file /home/ubuntu/air_venv/lib/python3.10/site-packages/airflow/example_dags/example_short_circuit_decorator.py for tasks to queue
[2024-03-18T08:18:39.267+0000] {logging_mixin.py:188} INFO - [2024-03-18T08:18:39.267+0000] {dagbag.py:540} INFO - Filling up the DagBag from /home/ubuntu/air_venv/lib/python3.10/site-packages/airflow/example_dags/example_short_circuit_decorator.py
[2024-03-18T08:18:39.279+0000] {processor.py:840} INFO - DAG(s) 'example_short_circuit_decorator' retrieved from /home/ubuntu/air_venv/lib/python3.10/site-packages/airflow/example_dags/example_short_circuit_decorator.py
[2024-03-18T08:18:39.299+0000] {logging_mixin.py:188} INFO - [2024-03-18T08:18:39.299+0000] {dag.py:3047} INFO - Sync 1 DAGs
[2024-03-18T08:18:39.320+0000] {logging_mixin.py:188} INFO - [2024-03-18T08:18:39.320+0000] {dag.py:3834} INFO - Setting next_dagrun for example_short_circuit_decorator to 2024-03-17 00:00:00+00:00, run_after=2024-03-18 00:00:00+00:00
[2024-03-18T08:18:39.345+0000] {processor.py:183} INFO - Processing /home/ubuntu/air_venv/lib/python3.10/site-packages/airflow/example_dags/example_short_circuit_decorator.py took 0.084 seconds
[2024-03-18T08:19:23.916+0000] {processor.py:161} INFO - Started process (PID=12712) to work on /home/ubuntu/air_venv/lib/python3.10/site-packages/airflow/example_dags/example_short_circuit_decorator.py
[2024-03-18T08:19:23.917+0000] {processor.py:830} INFO - Processing file /home/ubuntu/air_venv/lib/python3.10/site-packages/airflow/example_dags/example_short_circuit_decorator.py for tasks to queue
[2024-03-18T08:19:23.919+0000] {logging_mixin.py:188} INFO - [2024-03-18T08:19:23.918+0000] {dagbag.py:540} INFO - Filling up the DagBag from /home/ubuntu/air_venv/lib/python3.10/site-packages/airflow/example_dags/example_short_circuit_decorator.py
[2024-03-18T08:19:23.930+0000] {processor.py:840} INFO - DAG(s) 'example_short_circuit_decorator' retrieved from /home/ubuntu/air_venv/lib/python3.10/site-packages/airflow/example_dags/example_short_circuit_decorator.py
[2024-03-18T08:19:23.951+0000] {logging_mixin.py:188} INFO - [2024-03-18T08:19:23.950+0000] {dag.py:3047} INFO - Sync 1 DAGs
[2024-03-18T08:19:23.973+0000] {logging_mixin.py:188} INFO - [2024-03-18T08:19:23.973+0000] {dag.py:3834} INFO - Setting next_dagrun for example_short_circuit_decorator to 2024-03-17 00:00:00+00:00, run_after=2024-03-18 00:00:00+00:00
[2024-03-18T08:19:24.000+0000] {processor.py:183} INFO - Processing /home/ubuntu/air_venv/lib/python3.10/site-packages/airflow/example_dags/example_short_circuit_decorator.py took 0.088 seconds
[2024-03-18T08:20:28.145+0000] {processor.py:161} INFO - Started process (PID=13253) to work on /home/ubuntu/air_venv/lib/python3.10/site-packages/airflow/example_dags/example_short_circuit_decorator.py
[2024-03-18T08:20:28.147+0000] {processor.py:830} INFO - Processing file /home/ubuntu/air_venv/lib/python3.10/site-packages/airflow/example_dags/example_short_circuit_decorator.py for tasks to queue
[2024-03-18T08:20:28.148+0000] {logging_mixin.py:188} INFO - [2024-03-18T08:20:28.148+0000] {dagbag.py:540} INFO - Filling up the DagBag from /home/ubuntu/air_venv/lib/python3.10/site-packages/airflow/example_dags/example_short_circuit_decorator.py
[2024-03-18T08:20:28.159+0000] {processor.py:840} INFO - DAG(s) 'example_short_circuit_decorator' retrieved from /home/ubuntu/air_venv/lib/python3.10/site-packages/airflow/example_dags/example_short_circuit_decorator.py
[2024-03-18T08:20:28.181+0000] {logging_mixin.py:188} INFO - [2024-03-18T08:20:28.180+0000] {dag.py:3047} INFO - Sync 1 DAGs
[2024-03-18T08:20:28.205+0000] {logging_mixin.py:188} INFO - [2024-03-18T08:20:28.204+0000] {dag.py:3834} INFO - Setting next_dagrun for example_short_circuit_decorator to 2024-03-17 00:00:00+00:00, run_after=2024-03-18 00:00:00+00:00
[2024-03-18T08:20:28.231+0000] {processor.py:183} INFO - Processing /home/ubuntu/air_venv/lib/python3.10/site-packages/airflow/example_dags/example_short_circuit_decorator.py took 0.090 seconds
[2024-03-18T08:21:26.200+0000] {processor.py:161} INFO - Started process (PID=13608) to work on /home/ubuntu/air_venv/lib/python3.10/site-packages/airflow/example_dags/example_short_circuit_decorator.py
[2024-03-18T08:21:26.202+0000] {processor.py:830} INFO - Processing file /home/ubuntu/air_venv/lib/python3.10/site-packages/airflow/example_dags/example_short_circuit_decorator.py for tasks to queue
[2024-03-18T08:21:26.203+0000] {logging_mixin.py:188} INFO - [2024-03-18T08:21:26.203+0000] {dagbag.py:540} INFO - Filling up the DagBag from /home/ubuntu/air_venv/lib/python3.10/site-packages/airflow/example_dags/example_short_circuit_decorator.py
[2024-03-18T08:21:26.214+0000] {processor.py:840} INFO - DAG(s) 'example_short_circuit_decorator' retrieved from /home/ubuntu/air_venv/lib/python3.10/site-packages/airflow/example_dags/example_short_circuit_decorator.py
[2024-03-18T08:21:26.234+0000] {logging_mixin.py:188} INFO - [2024-03-18T08:21:26.234+0000] {dag.py:3047} INFO - Sync 1 DAGs
[2024-03-18T08:21:26.256+0000] {logging_mixin.py:188} INFO - [2024-03-18T08:21:26.256+0000] {dag.py:3834} INFO - Setting next_dagrun for example_short_circuit_decorator to 2024-03-17 00:00:00+00:00, run_after=2024-03-18 00:00:00+00:00
[2024-03-18T08:21:26.280+0000] {processor.py:183} INFO - Processing /home/ubuntu/air_venv/lib/python3.10/site-packages/airflow/example_dags/example_short_circuit_decorator.py took 0.083 seconds
[2024-03-18T08:22:15.138+0000] {processor.py:161} INFO - Started process (PID=13901) to work on /home/ubuntu/air_venv/lib/python3.10/site-packages/airflow/example_dags/example_short_circuit_decorator.py
[2024-03-18T08:22:15.141+0000] {processor.py:830} INFO - Processing file /home/ubuntu/air_venv/lib/python3.10/site-packages/airflow/example_dags/example_short_circuit_decorator.py for tasks to queue
[2024-03-18T08:22:15.142+0000] {logging_mixin.py:188} INFO - [2024-03-18T08:22:15.142+0000] {dagbag.py:540} INFO - Filling up the DagBag from /home/ubuntu/air_venv/lib/python3.10/site-packages/airflow/example_dags/example_short_circuit_decorator.py
[2024-03-18T08:22:15.153+0000] {processor.py:840} INFO - DAG(s) 'example_short_circuit_decorator' retrieved from /home/ubuntu/air_venv/lib/python3.10/site-packages/airflow/example_dags/example_short_circuit_decorator.py
[2024-03-18T08:22:15.174+0000] {logging_mixin.py:188} INFO - [2024-03-18T08:22:15.173+0000] {dag.py:3047} INFO - Sync 1 DAGs
[2024-03-18T08:22:15.195+0000] {logging_mixin.py:188} INFO - [2024-03-18T08:22:15.195+0000] {dag.py:3834} INFO - Setting next_dagrun for example_short_circuit_decorator to 2024-03-17 00:00:00+00:00, run_after=2024-03-18 00:00:00+00:00
[2024-03-18T08:22:15.221+0000] {processor.py:183} INFO - Processing /home/ubuntu/air_venv/lib/python3.10/site-packages/airflow/example_dags/example_short_circuit_decorator.py took 0.086 seconds
[2024-03-18T08:22:53.805+0000] {processor.py:161} INFO - Started process (PID=14063) to work on /home/ubuntu/air_venv/lib/python3.10/site-packages/airflow/example_dags/example_short_circuit_decorator.py
[2024-03-18T08:22:53.807+0000] {processor.py:830} INFO - Processing file /home/ubuntu/air_venv/lib/python3.10/site-packages/airflow/example_dags/example_short_circuit_decorator.py for tasks to queue
[2024-03-18T08:22:53.808+0000] {logging_mixin.py:188} INFO - [2024-03-18T08:22:53.807+0000] {dagbag.py:540} INFO - Filling up the DagBag from /home/ubuntu/air_venv/lib/python3.10/site-packages/airflow/example_dags/example_short_circuit_decorator.py
[2024-03-18T08:22:53.819+0000] {processor.py:840} INFO - DAG(s) 'example_short_circuit_decorator' retrieved from /home/ubuntu/air_venv/lib/python3.10/site-packages/airflow/example_dags/example_short_circuit_decorator.py
[2024-03-18T08:22:53.840+0000] {logging_mixin.py:188} INFO - [2024-03-18T08:22:53.840+0000] {dag.py:3047} INFO - Sync 1 DAGs
[2024-03-18T08:22:53.862+0000] {logging_mixin.py:188} INFO - [2024-03-18T08:22:53.861+0000] {dag.py:3834} INFO - Setting next_dagrun for example_short_circuit_decorator to 2024-03-17 00:00:00+00:00, run_after=2024-03-18 00:00:00+00:00
[2024-03-18T08:22:53.889+0000] {processor.py:183} INFO - Processing /home/ubuntu/air_venv/lib/python3.10/site-packages/airflow/example_dags/example_short_circuit_decorator.py took 0.088 seconds
[2024-03-18T08:23:33.652+0000] {processor.py:161} INFO - Started process (PID=14421) to work on /home/ubuntu/air_venv/lib/python3.10/site-packages/airflow/example_dags/example_short_circuit_decorator.py
[2024-03-18T08:23:33.654+0000] {processor.py:830} INFO - Processing file /home/ubuntu/air_venv/lib/python3.10/site-packages/airflow/example_dags/example_short_circuit_decorator.py for tasks to queue
[2024-03-18T08:23:33.655+0000] {logging_mixin.py:188} INFO - [2024-03-18T08:23:33.655+0000] {dagbag.py:540} INFO - Filling up the DagBag from /home/ubuntu/air_venv/lib/python3.10/site-packages/airflow/example_dags/example_short_circuit_decorator.py
[2024-03-18T08:23:33.667+0000] {processor.py:840} INFO - DAG(s) 'example_short_circuit_decorator' retrieved from /home/ubuntu/air_venv/lib/python3.10/site-packages/airflow/example_dags/example_short_circuit_decorator.py
[2024-03-18T08:23:33.687+0000] {logging_mixin.py:188} INFO - [2024-03-18T08:23:33.687+0000] {dag.py:3047} INFO - Sync 1 DAGs
[2024-03-18T08:23:33.708+0000] {logging_mixin.py:188} INFO - [2024-03-18T08:23:33.708+0000] {dag.py:3834} INFO - Setting next_dagrun for example_short_circuit_decorator to 2024-03-17 00:00:00+00:00, run_after=2024-03-18 00:00:00+00:00
[2024-03-18T08:23:33.735+0000] {processor.py:183} INFO - Processing /home/ubuntu/air_venv/lib/python3.10/site-packages/airflow/example_dags/example_short_circuit_decorator.py took 0.086 seconds
[2024-03-18T08:24:14.573+0000] {processor.py:161} INFO - Started process (PID=14825) to work on /home/ubuntu/air_venv/lib/python3.10/site-packages/airflow/example_dags/example_short_circuit_decorator.py
[2024-03-18T08:24:14.575+0000] {processor.py:830} INFO - Processing file /home/ubuntu/air_venv/lib/python3.10/site-packages/airflow/example_dags/example_short_circuit_decorator.py for tasks to queue
[2024-03-18T08:24:14.576+0000] {logging_mixin.py:188} INFO - [2024-03-18T08:24:14.576+0000] {dagbag.py:540} INFO - Filling up the DagBag from /home/ubuntu/air_venv/lib/python3.10/site-packages/airflow/example_dags/example_short_circuit_decorator.py
[2024-03-18T08:24:14.588+0000] {processor.py:840} INFO - DAG(s) 'example_short_circuit_decorator' retrieved from /home/ubuntu/air_venv/lib/python3.10/site-packages/airflow/example_dags/example_short_circuit_decorator.py
[2024-03-18T08:24:14.609+0000] {logging_mixin.py:188} INFO - [2024-03-18T08:24:14.609+0000] {dag.py:3047} INFO - Sync 1 DAGs
[2024-03-18T08:24:14.635+0000] {logging_mixin.py:188} INFO - [2024-03-18T08:24:14.635+0000] {dag.py:3834} INFO - Setting next_dagrun for example_short_circuit_decorator to 2024-03-17 00:00:00+00:00, run_after=2024-03-18 00:00:00+00:00
[2024-03-18T08:24:14.661+0000] {processor.py:183} INFO - Processing /home/ubuntu/air_venv/lib/python3.10/site-packages/airflow/example_dags/example_short_circuit_decorator.py took 0.092 seconds
[2024-03-18T08:25:14.040+0000] {processor.py:161} INFO - Started process (PID=15273) to work on /home/ubuntu/air_venv/lib/python3.10/site-packages/airflow/example_dags/example_short_circuit_decorator.py
[2024-03-18T08:25:14.042+0000] {processor.py:830} INFO - Processing file /home/ubuntu/air_venv/lib/python3.10/site-packages/airflow/example_dags/example_short_circuit_decorator.py for tasks to queue
[2024-03-18T08:25:14.043+0000] {logging_mixin.py:188} INFO - [2024-03-18T08:25:14.043+0000] {dagbag.py:540} INFO - Filling up the DagBag from /home/ubuntu/air_venv/lib/python3.10/site-packages/airflow/example_dags/example_short_circuit_decorator.py
[2024-03-18T08:25:14.056+0000] {processor.py:840} INFO - DAG(s) 'example_short_circuit_decorator' retrieved from /home/ubuntu/air_venv/lib/python3.10/site-packages/airflow/example_dags/example_short_circuit_decorator.py
[2024-03-18T08:25:14.077+0000] {logging_mixin.py:188} INFO - [2024-03-18T08:25:14.077+0000] {dag.py:3047} INFO - Sync 1 DAGs
[2024-03-18T08:25:14.100+0000] {logging_mixin.py:188} INFO - [2024-03-18T08:25:14.099+0000] {dag.py:3834} INFO - Setting next_dagrun for example_short_circuit_decorator to 2024-03-17 00:00:00+00:00, run_after=2024-03-18 00:00:00+00:00
[2024-03-18T08:25:14.126+0000] {processor.py:183} INFO - Processing /home/ubuntu/air_venv/lib/python3.10/site-packages/airflow/example_dags/example_short_circuit_decorator.py took 0.089 seconds
[2024-03-18T08:25:56.705+0000] {processor.py:161} INFO - Started process (PID=15376) to work on /home/ubuntu/air_venv/lib/python3.10/site-packages/airflow/example_dags/example_short_circuit_decorator.py
[2024-03-18T08:25:56.706+0000] {processor.py:830} INFO - Processing file /home/ubuntu/air_venv/lib/python3.10/site-packages/airflow/example_dags/example_short_circuit_decorator.py for tasks to queue
[2024-03-18T08:25:56.708+0000] {logging_mixin.py:188} INFO - [2024-03-18T08:25:56.707+0000] {dagbag.py:540} INFO - Filling up the DagBag from /home/ubuntu/air_venv/lib/python3.10/site-packages/airflow/example_dags/example_short_circuit_decorator.py
[2024-03-18T08:25:56.719+0000] {processor.py:840} INFO - DAG(s) 'example_short_circuit_decorator' retrieved from /home/ubuntu/air_venv/lib/python3.10/site-packages/airflow/example_dags/example_short_circuit_decorator.py
[2024-03-18T08:25:56.739+0000] {logging_mixin.py:188} INFO - [2024-03-18T08:25:56.739+0000] {dag.py:3047} INFO - Sync 1 DAGs
[2024-03-18T08:25:56.761+0000] {logging_mixin.py:188} INFO - [2024-03-18T08:25:56.761+0000] {dag.py:3834} INFO - Setting next_dagrun for example_short_circuit_decorator to 2024-03-17 00:00:00+00:00, run_after=2024-03-18 00:00:00+00:00
[2024-03-18T08:25:56.787+0000] {processor.py:183} INFO - Processing /home/ubuntu/air_venv/lib/python3.10/site-packages/airflow/example_dags/example_short_circuit_decorator.py took 0.085 seconds
[2024-03-18T08:26:37.295+0000] {processor.py:161} INFO - Started process (PID=15415) to work on /home/ubuntu/air_venv/lib/python3.10/site-packages/airflow/example_dags/example_short_circuit_decorator.py
[2024-03-18T08:26:37.297+0000] {processor.py:830} INFO - Processing file /home/ubuntu/air_venv/lib/python3.10/site-packages/airflow/example_dags/example_short_circuit_decorator.py for tasks to queue
[2024-03-18T08:26:37.298+0000] {logging_mixin.py:188} INFO - [2024-03-18T08:26:37.298+0000] {dagbag.py:540} INFO - Filling up the DagBag from /home/ubuntu/air_venv/lib/python3.10/site-packages/airflow/example_dags/example_short_circuit_decorator.py
[2024-03-18T08:26:37.310+0000] {processor.py:840} INFO - DAG(s) 'example_short_circuit_decorator' retrieved from /home/ubuntu/air_venv/lib/python3.10/site-packages/airflow/example_dags/example_short_circuit_decorator.py
[2024-03-18T08:26:37.330+0000] {logging_mixin.py:188} INFO - [2024-03-18T08:26:37.330+0000] {dag.py:3047} INFO - Sync 1 DAGs
[2024-03-18T08:26:37.352+0000] {logging_mixin.py:188} INFO - [2024-03-18T08:26:37.352+0000] {dag.py:3834} INFO - Setting next_dagrun for example_short_circuit_decorator to 2024-03-17 00:00:00+00:00, run_after=2024-03-18 00:00:00+00:00
[2024-03-18T08:26:37.377+0000] {processor.py:183} INFO - Processing /home/ubuntu/air_venv/lib/python3.10/site-packages/airflow/example_dags/example_short_circuit_decorator.py took 0.086 seconds
[2024-03-18T08:27:18.182+0000] {processor.py:161} INFO - Started process (PID=15515) to work on /home/ubuntu/air_venv/lib/python3.10/site-packages/airflow/example_dags/example_short_circuit_decorator.py
[2024-03-18T08:27:18.184+0000] {processor.py:830} INFO - Processing file /home/ubuntu/air_venv/lib/python3.10/site-packages/airflow/example_dags/example_short_circuit_decorator.py for tasks to queue
[2024-03-18T08:27:18.186+0000] {logging_mixin.py:188} INFO - [2024-03-18T08:27:18.185+0000] {dagbag.py:540} INFO - Filling up the DagBag from /home/ubuntu/air_venv/lib/python3.10/site-packages/airflow/example_dags/example_short_circuit_decorator.py
[2024-03-18T08:27:18.198+0000] {processor.py:840} INFO - DAG(s) 'example_short_circuit_decorator' retrieved from /home/ubuntu/air_venv/lib/python3.10/site-packages/airflow/example_dags/example_short_circuit_decorator.py
[2024-03-18T08:27:18.219+0000] {logging_mixin.py:188} INFO - [2024-03-18T08:27:18.218+0000] {dag.py:3047} INFO - Sync 1 DAGs
[2024-03-18T08:27:18.241+0000] {logging_mixin.py:188} INFO - [2024-03-18T08:27:18.241+0000] {dag.py:3834} INFO - Setting next_dagrun for example_short_circuit_decorator to 2024-03-17 00:00:00+00:00, run_after=2024-03-18 00:00:00+00:00
[2024-03-18T08:27:18.268+0000] {processor.py:183} INFO - Processing /home/ubuntu/air_venv/lib/python3.10/site-packages/airflow/example_dags/example_short_circuit_decorator.py took 0.089 seconds
[2024-03-18T08:27:59.782+0000] {processor.py:161} INFO - Started process (PID=15617) to work on /home/ubuntu/air_venv/lib/python3.10/site-packages/airflow/example_dags/example_short_circuit_decorator.py
[2024-03-18T08:27:59.784+0000] {processor.py:830} INFO - Processing file /home/ubuntu/air_venv/lib/python3.10/site-packages/airflow/example_dags/example_short_circuit_decorator.py for tasks to queue
[2024-03-18T08:27:59.785+0000] {logging_mixin.py:188} INFO - [2024-03-18T08:27:59.785+0000] {dagbag.py:540} INFO - Filling up the DagBag from /home/ubuntu/air_venv/lib/python3.10/site-packages/airflow/example_dags/example_short_circuit_decorator.py
[2024-03-18T08:27:59.797+0000] {processor.py:840} INFO - DAG(s) 'example_short_circuit_decorator' retrieved from /home/ubuntu/air_venv/lib/python3.10/site-packages/airflow/example_dags/example_short_circuit_decorator.py
[2024-03-18T08:27:59.817+0000] {logging_mixin.py:188} INFO - [2024-03-18T08:27:59.817+0000] {dag.py:3047} INFO - Sync 1 DAGs
[2024-03-18T08:27:59.840+0000] {logging_mixin.py:188} INFO - [2024-03-18T08:27:59.840+0000] {dag.py:3834} INFO - Setting next_dagrun for example_short_circuit_decorator to 2024-03-17 00:00:00+00:00, run_after=2024-03-18 00:00:00+00:00
[2024-03-18T08:27:59.865+0000] {processor.py:183} INFO - Processing /home/ubuntu/air_venv/lib/python3.10/site-packages/airflow/example_dags/example_short_circuit_decorator.py took 0.086 seconds
[2024-03-18T08:28:43.306+0000] {processor.py:161} INFO - Started process (PID=15718) to work on /home/ubuntu/air_venv/lib/python3.10/site-packages/airflow/example_dags/example_short_circuit_decorator.py
[2024-03-18T08:28:43.308+0000] {processor.py:830} INFO - Processing file /home/ubuntu/air_venv/lib/python3.10/site-packages/airflow/example_dags/example_short_circuit_decorator.py for tasks to queue
[2024-03-18T08:28:43.309+0000] {logging_mixin.py:188} INFO - [2024-03-18T08:28:43.308+0000] {dagbag.py:540} INFO - Filling up the DagBag from /home/ubuntu/air_venv/lib/python3.10/site-packages/airflow/example_dags/example_short_circuit_decorator.py
[2024-03-18T08:28:43.320+0000] {processor.py:840} INFO - DAG(s) 'example_short_circuit_decorator' retrieved from /home/ubuntu/air_venv/lib/python3.10/site-packages/airflow/example_dags/example_short_circuit_decorator.py
[2024-03-18T08:28:43.341+0000] {logging_mixin.py:188} INFO - [2024-03-18T08:28:43.341+0000] {dag.py:3047} INFO - Sync 1 DAGs
[2024-03-18T08:28:43.362+0000] {logging_mixin.py:188} INFO - [2024-03-18T08:28:43.362+0000] {dag.py:3834} INFO - Setting next_dagrun for example_short_circuit_decorator to 2024-03-17 00:00:00+00:00, run_after=2024-03-18 00:00:00+00:00
[2024-03-18T08:28:43.386+0000] {processor.py:183} INFO - Processing /home/ubuntu/air_venv/lib/python3.10/site-packages/airflow/example_dags/example_short_circuit_decorator.py took 0.084 seconds
[2024-03-18T08:29:26.176+0000] {processor.py:161} INFO - Started process (PID=15759) to work on /home/ubuntu/air_venv/lib/python3.10/site-packages/airflow/example_dags/example_short_circuit_decorator.py
[2024-03-18T08:29:26.177+0000] {processor.py:830} INFO - Processing file /home/ubuntu/air_venv/lib/python3.10/site-packages/airflow/example_dags/example_short_circuit_decorator.py for tasks to queue
[2024-03-18T08:29:26.179+0000] {logging_mixin.py:188} INFO - [2024-03-18T08:29:26.178+0000] {dagbag.py:540} INFO - Filling up the DagBag from /home/ubuntu/air_venv/lib/python3.10/site-packages/airflow/example_dags/example_short_circuit_decorator.py
[2024-03-18T08:29:26.190+0000] {processor.py:840} INFO - DAG(s) 'example_short_circuit_decorator' retrieved from /home/ubuntu/air_venv/lib/python3.10/site-packages/airflow/example_dags/example_short_circuit_decorator.py
[2024-03-18T08:29:26.210+0000] {logging_mixin.py:188} INFO - [2024-03-18T08:29:26.210+0000] {dag.py:3047} INFO - Sync 1 DAGs
[2024-03-18T08:29:26.231+0000] {logging_mixin.py:188} INFO - [2024-03-18T08:29:26.231+0000] {dag.py:3834} INFO - Setting next_dagrun for example_short_circuit_decorator to 2024-03-17 00:00:00+00:00, run_after=2024-03-18 00:00:00+00:00
[2024-03-18T08:29:26.256+0000] {processor.py:183} INFO - Processing /home/ubuntu/air_venv/lib/python3.10/site-packages/airflow/example_dags/example_short_circuit_decorator.py took 0.084 seconds
