[2024-03-18T08:00:37.811+0000] {processor.py:161} INFO - Started process (PID=3183) to work on /home/ubuntu/air_venv/lib/python3.10/site-packages/airflow/example_dags/example_branch_python_dop_operator_3.py
[2024-03-18T08:00:37.812+0000] {processor.py:830} INFO - Processing file /home/ubuntu/air_venv/lib/python3.10/site-packages/airflow/example_dags/example_branch_python_dop_operator_3.py for tasks to queue
[2024-03-18T08:00:37.813+0000] {logging_mixin.py:188} INFO - [2024-03-18T08:00:37.813+0000] {dagbag.py:540} INFO - Filling up the DagBag from /home/ubuntu/air_venv/lib/python3.10/site-packages/airflow/example_dags/example_branch_python_dop_operator_3.py
[2024-03-18T08:00:37.824+0000] {processor.py:840} INFO - DAG(s) 'example_branch_dop_operator_v3' retrieved from /home/ubuntu/air_venv/lib/python3.10/site-packages/airflow/example_dags/example_branch_python_dop_operator_3.py
[2024-03-18T08:00:37.943+0000] {logging_mixin.py:188} INFO - [2024-03-18T08:00:37.942+0000] {override.py:1769} INFO - Created Permission View: can edit on DAG:example_branch_dop_operator_v3
[2024-03-18T08:00:37.959+0000] {logging_mixin.py:188} INFO - [2024-03-18T08:00:37.959+0000] {override.py:1769} INFO - Created Permission View: can delete on DAG:example_branch_dop_operator_v3
[2024-03-18T08:00:37.971+0000] {logging_mixin.py:188} INFO - [2024-03-18T08:00:37.971+0000] {override.py:1769} INFO - Created Permission View: can read on DAG:example_branch_dop_operator_v3
[2024-03-18T08:00:37.972+0000] {logging_mixin.py:188} INFO - [2024-03-18T08:00:37.972+0000] {dag.py:3047} INFO - Sync 1 DAGs
[2024-03-18T08:00:38.123+0000] {logging_mixin.py:188} INFO - [2024-03-18T08:00:38.123+0000] {dag.py:3069} INFO - Creating ORM DAG for example_branch_dop_operator_v3
[2024-03-18T08:00:38.137+0000] {logging_mixin.py:188} INFO - [2024-03-18T08:00:38.136+0000] {dag.py:3834} INFO - Setting next_dagrun for example_branch_dop_operator_v3 to 2024-03-18 07:59:00+00:00, run_after=2024-03-18 08:00:00+00:00
[2024-03-18T08:00:38.163+0000] {processor.py:183} INFO - Processing /home/ubuntu/air_venv/lib/python3.10/site-packages/airflow/example_dags/example_branch_python_dop_operator_3.py took 0.356 seconds
[2024-03-18T08:01:30.033+0000] {processor.py:161} INFO - Started process (PID=3593) to work on /home/ubuntu/air_venv/lib/python3.10/site-packages/airflow/example_dags/example_branch_python_dop_operator_3.py
[2024-03-18T08:01:30.036+0000] {processor.py:830} INFO - Processing file /home/ubuntu/air_venv/lib/python3.10/site-packages/airflow/example_dags/example_branch_python_dop_operator_3.py for tasks to queue
[2024-03-18T08:01:30.037+0000] {logging_mixin.py:188} INFO - [2024-03-18T08:01:30.037+0000] {dagbag.py:540} INFO - Filling up the DagBag from /home/ubuntu/air_venv/lib/python3.10/site-packages/airflow/example_dags/example_branch_python_dop_operator_3.py
[2024-03-18T08:01:30.049+0000] {processor.py:840} INFO - DAG(s) 'example_branch_dop_operator_v3' retrieved from /home/ubuntu/air_venv/lib/python3.10/site-packages/airflow/example_dags/example_branch_python_dop_operator_3.py
[2024-03-18T08:01:30.068+0000] {logging_mixin.py:188} INFO - [2024-03-18T08:01:30.067+0000] {dag.py:3047} INFO - Sync 1 DAGs
[2024-03-18T08:01:30.095+0000] {logging_mixin.py:188} INFO - [2024-03-18T08:01:30.095+0000] {dag.py:3834} INFO - Setting next_dagrun for example_branch_dop_operator_v3 to 2024-03-18 08:00:00+00:00, run_after=2024-03-18 08:01:00+00:00
[2024-03-18T08:01:30.126+0000] {processor.py:183} INFO - Processing /home/ubuntu/air_venv/lib/python3.10/site-packages/airflow/example_dags/example_branch_python_dop_operator_3.py took 0.096 seconds
[2024-03-18T08:02:50.412+0000] {processor.py:161} INFO - Started process (PID=4325) to work on /home/ubuntu/air_venv/lib/python3.10/site-packages/airflow/example_dags/example_branch_python_dop_operator_3.py
[2024-03-18T08:02:50.414+0000] {processor.py:830} INFO - Processing file /home/ubuntu/air_venv/lib/python3.10/site-packages/airflow/example_dags/example_branch_python_dop_operator_3.py for tasks to queue
[2024-03-18T08:02:50.416+0000] {logging_mixin.py:188} INFO - [2024-03-18T08:02:50.415+0000] {dagbag.py:540} INFO - Filling up the DagBag from /home/ubuntu/air_venv/lib/python3.10/site-packages/airflow/example_dags/example_branch_python_dop_operator_3.py
[2024-03-18T08:02:50.575+0000] {processor.py:840} INFO - DAG(s) 'example_branch_dop_operator_v3' retrieved from /home/ubuntu/air_venv/lib/python3.10/site-packages/airflow/example_dags/example_branch_python_dop_operator_3.py
[2024-03-18T08:02:50.588+0000] {logging_mixin.py:188} INFO - [2024-03-18T08:02:50.588+0000] {dag.py:3047} INFO - Sync 1 DAGs
[2024-03-18T08:02:50.613+0000] {logging_mixin.py:188} INFO - [2024-03-18T08:02:50.613+0000] {dag.py:3834} INFO - Setting next_dagrun for example_branch_dop_operator_v3 to 2024-03-18 08:01:00+00:00, run_after=2024-03-18 08:02:00+00:00
[2024-03-18T08:02:50.638+0000] {processor.py:183} INFO - Processing /home/ubuntu/air_venv/lib/python3.10/site-packages/airflow/example_dags/example_branch_python_dop_operator_3.py took 0.230 seconds
[2024-03-18T08:03:56.904+0000] {processor.py:161} INFO - Started process (PID=4776) to work on /home/ubuntu/air_venv/lib/python3.10/site-packages/airflow/example_dags/example_branch_python_dop_operator_3.py
[2024-03-18T08:03:56.906+0000] {processor.py:830} INFO - Processing file /home/ubuntu/air_venv/lib/python3.10/site-packages/airflow/example_dags/example_branch_python_dop_operator_3.py for tasks to queue
[2024-03-18T08:03:56.907+0000] {logging_mixin.py:188} INFO - [2024-03-18T08:03:56.907+0000] {dagbag.py:540} INFO - Filling up the DagBag from /home/ubuntu/air_venv/lib/python3.10/site-packages/airflow/example_dags/example_branch_python_dop_operator_3.py
[2024-03-18T08:03:56.918+0000] {processor.py:840} INFO - DAG(s) 'example_branch_dop_operator_v3' retrieved from /home/ubuntu/air_venv/lib/python3.10/site-packages/airflow/example_dags/example_branch_python_dop_operator_3.py
[2024-03-18T08:03:56.936+0000] {logging_mixin.py:188} INFO - [2024-03-18T08:03:56.936+0000] {dag.py:3047} INFO - Sync 1 DAGs
[2024-03-18T08:03:56.963+0000] {logging_mixin.py:188} INFO - [2024-03-18T08:03:56.963+0000] {dag.py:3834} INFO - Setting next_dagrun for example_branch_dop_operator_v3 to 2024-03-18 08:02:00+00:00, run_after=2024-03-18 08:03:00+00:00
[2024-03-18T08:03:56.988+0000] {processor.py:183} INFO - Processing /home/ubuntu/air_venv/lib/python3.10/site-packages/airflow/example_dags/example_branch_python_dop_operator_3.py took 0.088 seconds
[2024-03-18T08:05:13.069+0000] {processor.py:161} INFO - Started process (PID=5393) to work on /home/ubuntu/air_venv/lib/python3.10/site-packages/airflow/example_dags/example_branch_python_dop_operator_3.py
[2024-03-18T08:05:13.071+0000] {processor.py:830} INFO - Processing file /home/ubuntu/air_venv/lib/python3.10/site-packages/airflow/example_dags/example_branch_python_dop_operator_3.py for tasks to queue
[2024-03-18T08:05:13.074+0000] {logging_mixin.py:188} INFO - [2024-03-18T08:05:13.072+0000] {dagbag.py:540} INFO - Filling up the DagBag from /home/ubuntu/air_venv/lib/python3.10/site-packages/airflow/example_dags/example_branch_python_dop_operator_3.py
[2024-03-18T08:05:13.123+0000] {processor.py:840} INFO - DAG(s) 'example_branch_dop_operator_v3' retrieved from /home/ubuntu/air_venv/lib/python3.10/site-packages/airflow/example_dags/example_branch_python_dop_operator_3.py
[2024-03-18T08:05:13.207+0000] {logging_mixin.py:188} INFO - [2024-03-18T08:05:13.207+0000] {dag.py:3047} INFO - Sync 1 DAGs
[2024-03-18T08:05:13.247+0000] {logging_mixin.py:188} INFO - [2024-03-18T08:05:13.247+0000] {dag.py:3834} INFO - Setting next_dagrun for example_branch_dop_operator_v3 to 2024-03-18 08:04:00+00:00, run_after=2024-03-18 08:05:00+00:00
[2024-03-18T08:05:13.276+0000] {processor.py:183} INFO - Processing /home/ubuntu/air_venv/lib/python3.10/site-packages/airflow/example_dags/example_branch_python_dop_operator_3.py took 0.214 seconds
[2024-03-18T08:06:43.365+0000] {processor.py:161} INFO - Started process (PID=6483) to work on /home/ubuntu/air_venv/lib/python3.10/site-packages/airflow/example_dags/example_branch_python_dop_operator_3.py
[2024-03-18T08:06:43.367+0000] {processor.py:830} INFO - Processing file /home/ubuntu/air_venv/lib/python3.10/site-packages/airflow/example_dags/example_branch_python_dop_operator_3.py for tasks to queue
[2024-03-18T08:06:43.368+0000] {logging_mixin.py:188} INFO - [2024-03-18T08:06:43.368+0000] {dagbag.py:540} INFO - Filling up the DagBag from /home/ubuntu/air_venv/lib/python3.10/site-packages/airflow/example_dags/example_branch_python_dop_operator_3.py
[2024-03-18T08:06:43.379+0000] {processor.py:840} INFO - DAG(s) 'example_branch_dop_operator_v3' retrieved from /home/ubuntu/air_venv/lib/python3.10/site-packages/airflow/example_dags/example_branch_python_dop_operator_3.py
[2024-03-18T08:06:43.399+0000] {logging_mixin.py:188} INFO - [2024-03-18T08:06:43.399+0000] {dag.py:3047} INFO - Sync 1 DAGs
[2024-03-18T08:06:43.426+0000] {logging_mixin.py:188} INFO - [2024-03-18T08:06:43.425+0000] {dag.py:3834} INFO - Setting next_dagrun for example_branch_dop_operator_v3 to 2024-03-18 08:05:00+00:00, run_after=2024-03-18 08:06:00+00:00
[2024-03-18T08:06:43.450+0000] {processor.py:183} INFO - Processing /home/ubuntu/air_venv/lib/python3.10/site-packages/airflow/example_dags/example_branch_python_dop_operator_3.py took 0.090 seconds
[2024-03-18T08:08:01.767+0000] {processor.py:161} INFO - Started process (PID=7219) to work on /home/ubuntu/air_venv/lib/python3.10/site-packages/airflow/example_dags/example_branch_python_dop_operator_3.py
[2024-03-18T08:08:01.769+0000] {processor.py:830} INFO - Processing file /home/ubuntu/air_venv/lib/python3.10/site-packages/airflow/example_dags/example_branch_python_dop_operator_3.py for tasks to queue
[2024-03-18T08:08:01.771+0000] {logging_mixin.py:188} INFO - [2024-03-18T08:08:01.770+0000] {dagbag.py:540} INFO - Filling up the DagBag from /home/ubuntu/air_venv/lib/python3.10/site-packages/airflow/example_dags/example_branch_python_dop_operator_3.py
[2024-03-18T08:08:01.862+0000] {processor.py:840} INFO - DAG(s) 'example_branch_dop_operator_v3' retrieved from /home/ubuntu/air_venv/lib/python3.10/site-packages/airflow/example_dags/example_branch_python_dop_operator_3.py
[2024-03-18T08:08:02.016+0000] {logging_mixin.py:188} INFO - [2024-03-18T08:08:02.016+0000] {dag.py:3047} INFO - Sync 1 DAGs
[2024-03-18T08:08:02.368+0000] {logging_mixin.py:188} INFO - [2024-03-18T08:08:02.368+0000] {dag.py:3834} INFO - Setting next_dagrun for example_branch_dop_operator_v3 to 2024-03-18 08:07:00+00:00, run_after=2024-03-18 08:08:00+00:00
[2024-03-18T08:08:02.610+0000] {processor.py:183} INFO - Processing /home/ubuntu/air_venv/lib/python3.10/site-packages/airflow/example_dags/example_branch_python_dop_operator_3.py took 0.847 seconds
[2024-03-18T08:09:12.584+0000] {processor.py:161} INFO - Started process (PID=7718) to work on /home/ubuntu/air_venv/lib/python3.10/site-packages/airflow/example_dags/example_branch_python_dop_operator_3.py
[2024-03-18T08:09:12.586+0000] {processor.py:830} INFO - Processing file /home/ubuntu/air_venv/lib/python3.10/site-packages/airflow/example_dags/example_branch_python_dop_operator_3.py for tasks to queue
[2024-03-18T08:09:12.588+0000] {logging_mixin.py:188} INFO - [2024-03-18T08:09:12.587+0000] {dagbag.py:540} INFO - Filling up the DagBag from /home/ubuntu/air_venv/lib/python3.10/site-packages/airflow/example_dags/example_branch_python_dop_operator_3.py
[2024-03-18T08:09:12.598+0000] {processor.py:840} INFO - DAG(s) 'example_branch_dop_operator_v3' retrieved from /home/ubuntu/air_venv/lib/python3.10/site-packages/airflow/example_dags/example_branch_python_dop_operator_3.py
[2024-03-18T08:09:12.616+0000] {logging_mixin.py:188} INFO - [2024-03-18T08:09:12.615+0000] {dag.py:3047} INFO - Sync 1 DAGs
[2024-03-18T08:09:12.643+0000] {logging_mixin.py:188} INFO - [2024-03-18T08:09:12.642+0000] {dag.py:3834} INFO - Setting next_dagrun for example_branch_dop_operator_v3 to 2024-03-18 08:08:00+00:00, run_after=2024-03-18 08:09:00+00:00
[2024-03-18T08:09:12.668+0000] {processor.py:183} INFO - Processing /home/ubuntu/air_venv/lib/python3.10/site-packages/airflow/example_dags/example_branch_python_dop_operator_3.py took 0.088 seconds
[2024-03-18T08:10:15.949+0000] {processor.py:161} INFO - Started process (PID=8260) to work on /home/ubuntu/air_venv/lib/python3.10/site-packages/airflow/example_dags/example_branch_python_dop_operator_3.py
[2024-03-18T08:10:15.951+0000] {processor.py:830} INFO - Processing file /home/ubuntu/air_venv/lib/python3.10/site-packages/airflow/example_dags/example_branch_python_dop_operator_3.py for tasks to queue
[2024-03-18T08:10:15.952+0000] {logging_mixin.py:188} INFO - [2024-03-18T08:10:15.951+0000] {dagbag.py:540} INFO - Filling up the DagBag from /home/ubuntu/air_venv/lib/python3.10/site-packages/airflow/example_dags/example_branch_python_dop_operator_3.py
[2024-03-18T08:10:15.963+0000] {processor.py:840} INFO - DAG(s) 'example_branch_dop_operator_v3' retrieved from /home/ubuntu/air_venv/lib/python3.10/site-packages/airflow/example_dags/example_branch_python_dop_operator_3.py
[2024-03-18T08:10:15.981+0000] {logging_mixin.py:188} INFO - [2024-03-18T08:10:15.981+0000] {dag.py:3047} INFO - Sync 1 DAGs
[2024-03-18T08:10:16.011+0000] {logging_mixin.py:188} INFO - [2024-03-18T08:10:16.010+0000] {dag.py:3834} INFO - Setting next_dagrun for example_branch_dop_operator_v3 to 2024-03-18 08:09:00+00:00, run_after=2024-03-18 08:10:00+00:00
[2024-03-18T08:10:16.036+0000] {processor.py:183} INFO - Processing /home/ubuntu/air_venv/lib/python3.10/site-packages/airflow/example_dags/example_branch_python_dop_operator_3.py took 0.091 seconds
[2024-03-18T08:11:15.244+0000] {processor.py:161} INFO - Started process (PID=8680) to work on /home/ubuntu/air_venv/lib/python3.10/site-packages/airflow/example_dags/example_branch_python_dop_operator_3.py
[2024-03-18T08:11:15.248+0000] {processor.py:830} INFO - Processing file /home/ubuntu/air_venv/lib/python3.10/site-packages/airflow/example_dags/example_branch_python_dop_operator_3.py for tasks to queue
[2024-03-18T08:11:15.249+0000] {logging_mixin.py:188} INFO - [2024-03-18T08:11:15.248+0000] {dagbag.py:540} INFO - Filling up the DagBag from /home/ubuntu/air_venv/lib/python3.10/site-packages/airflow/example_dags/example_branch_python_dop_operator_3.py
[2024-03-18T08:11:15.271+0000] {processor.py:840} INFO - DAG(s) 'example_branch_dop_operator_v3' retrieved from /home/ubuntu/air_venv/lib/python3.10/site-packages/airflow/example_dags/example_branch_python_dop_operator_3.py
[2024-03-18T08:11:15.312+0000] {logging_mixin.py:188} INFO - [2024-03-18T08:11:15.312+0000] {dag.py:3047} INFO - Sync 1 DAGs
[2024-03-18T08:11:15.374+0000] {logging_mixin.py:188} INFO - [2024-03-18T08:11:15.369+0000] {dag.py:3834} INFO - Setting next_dagrun for example_branch_dop_operator_v3 to 2024-03-18 08:10:00+00:00, run_after=2024-03-18 08:11:00+00:00
[2024-03-18T08:11:15.428+0000] {processor.py:183} INFO - Processing /home/ubuntu/air_venv/lib/python3.10/site-packages/airflow/example_dags/example_branch_python_dop_operator_3.py took 0.195 seconds
[2024-03-18T08:12:16.895+0000] {processor.py:161} INFO - Started process (PID=8984) to work on /home/ubuntu/air_venv/lib/python3.10/site-packages/airflow/example_dags/example_branch_python_dop_operator_3.py
[2024-03-18T08:12:16.897+0000] {processor.py:830} INFO - Processing file /home/ubuntu/air_venv/lib/python3.10/site-packages/airflow/example_dags/example_branch_python_dop_operator_3.py for tasks to queue
[2024-03-18T08:12:16.898+0000] {logging_mixin.py:188} INFO - [2024-03-18T08:12:16.898+0000] {dagbag.py:540} INFO - Filling up the DagBag from /home/ubuntu/air_venv/lib/python3.10/site-packages/airflow/example_dags/example_branch_python_dop_operator_3.py
[2024-03-18T08:12:16.920+0000] {processor.py:840} INFO - DAG(s) 'example_branch_dop_operator_v3' retrieved from /home/ubuntu/air_venv/lib/python3.10/site-packages/airflow/example_dags/example_branch_python_dop_operator_3.py
[2024-03-18T08:12:16.957+0000] {logging_mixin.py:188} INFO - [2024-03-18T08:12:16.956+0000] {dag.py:3047} INFO - Sync 1 DAGs
[2024-03-18T08:12:17.005+0000] {logging_mixin.py:188} INFO - [2024-03-18T08:12:17.005+0000] {dag.py:3834} INFO - Setting next_dagrun for example_branch_dop_operator_v3 to 2024-03-18 08:11:00+00:00, run_after=2024-03-18 08:12:00+00:00
[2024-03-18T08:12:17.034+0000] {processor.py:183} INFO - Processing /home/ubuntu/air_venv/lib/python3.10/site-packages/airflow/example_dags/example_branch_python_dop_operator_3.py took 0.153 seconds
[2024-03-18T08:13:23.247+0000] {processor.py:161} INFO - Started process (PID=9529) to work on /home/ubuntu/air_venv/lib/python3.10/site-packages/airflow/example_dags/example_branch_python_dop_operator_3.py
[2024-03-18T08:13:23.249+0000] {processor.py:830} INFO - Processing file /home/ubuntu/air_venv/lib/python3.10/site-packages/airflow/example_dags/example_branch_python_dop_operator_3.py for tasks to queue
[2024-03-18T08:13:23.250+0000] {logging_mixin.py:188} INFO - [2024-03-18T08:13:23.250+0000] {dagbag.py:540} INFO - Filling up the DagBag from /home/ubuntu/air_venv/lib/python3.10/site-packages/airflow/example_dags/example_branch_python_dop_operator_3.py
[2024-03-18T08:13:23.261+0000] {processor.py:840} INFO - DAG(s) 'example_branch_dop_operator_v3' retrieved from /home/ubuntu/air_venv/lib/python3.10/site-packages/airflow/example_dags/example_branch_python_dop_operator_3.py
[2024-03-18T08:13:23.279+0000] {logging_mixin.py:188} INFO - [2024-03-18T08:13:23.279+0000] {dag.py:3047} INFO - Sync 1 DAGs
[2024-03-18T08:13:23.305+0000] {logging_mixin.py:188} INFO - [2024-03-18T08:13:23.305+0000] {dag.py:3834} INFO - Setting next_dagrun for example_branch_dop_operator_v3 to 2024-03-18 08:12:00+00:00, run_after=2024-03-18 08:13:00+00:00
[2024-03-18T08:13:23.331+0000] {processor.py:183} INFO - Processing /home/ubuntu/air_venv/lib/python3.10/site-packages/airflow/example_dags/example_branch_python_dop_operator_3.py took 0.087 seconds
[2024-03-18T08:14:21.404+0000] {processor.py:161} INFO - Started process (PID=9769) to work on /home/ubuntu/air_venv/lib/python3.10/site-packages/airflow/example_dags/example_branch_python_dop_operator_3.py
[2024-03-18T08:14:21.406+0000] {processor.py:830} INFO - Processing file /home/ubuntu/air_venv/lib/python3.10/site-packages/airflow/example_dags/example_branch_python_dop_operator_3.py for tasks to queue
[2024-03-18T08:14:21.407+0000] {logging_mixin.py:188} INFO - [2024-03-18T08:14:21.407+0000] {dagbag.py:540} INFO - Filling up the DagBag from /home/ubuntu/air_venv/lib/python3.10/site-packages/airflow/example_dags/example_branch_python_dop_operator_3.py
[2024-03-18T08:14:21.418+0000] {processor.py:840} INFO - DAG(s) 'example_branch_dop_operator_v3' retrieved from /home/ubuntu/air_venv/lib/python3.10/site-packages/airflow/example_dags/example_branch_python_dop_operator_3.py
[2024-03-18T08:14:21.436+0000] {logging_mixin.py:188} INFO - [2024-03-18T08:14:21.436+0000] {dag.py:3047} INFO - Sync 1 DAGs
[2024-03-18T08:14:21.464+0000] {logging_mixin.py:188} INFO - [2024-03-18T08:14:21.463+0000] {dag.py:3834} INFO - Setting next_dagrun for example_branch_dop_operator_v3 to 2024-03-18 08:13:00+00:00, run_after=2024-03-18 08:14:00+00:00
[2024-03-18T08:14:21.491+0000] {processor.py:183} INFO - Processing /home/ubuntu/air_venv/lib/python3.10/site-packages/airflow/example_dags/example_branch_python_dop_operator_3.py took 0.091 seconds
[2024-03-18T08:15:42.551+0000] {processor.py:161} INFO - Started process (PID=10635) to work on /home/ubuntu/air_venv/lib/python3.10/site-packages/airflow/example_dags/example_branch_python_dop_operator_3.py
[2024-03-18T08:15:42.553+0000] {processor.py:830} INFO - Processing file /home/ubuntu/air_venv/lib/python3.10/site-packages/airflow/example_dags/example_branch_python_dop_operator_3.py for tasks to queue
[2024-03-18T08:15:42.554+0000] {logging_mixin.py:188} INFO - [2024-03-18T08:15:42.554+0000] {dagbag.py:540} INFO - Filling up the DagBag from /home/ubuntu/air_venv/lib/python3.10/site-packages/airflow/example_dags/example_branch_python_dop_operator_3.py
[2024-03-18T08:15:42.565+0000] {processor.py:840} INFO - DAG(s) 'example_branch_dop_operator_v3' retrieved from /home/ubuntu/air_venv/lib/python3.10/site-packages/airflow/example_dags/example_branch_python_dop_operator_3.py
[2024-03-18T08:15:42.584+0000] {logging_mixin.py:188} INFO - [2024-03-18T08:15:42.584+0000] {dag.py:3047} INFO - Sync 1 DAGs
[2024-03-18T08:15:42.610+0000] {logging_mixin.py:188} INFO - [2024-03-18T08:15:42.610+0000] {dag.py:3834} INFO - Setting next_dagrun for example_branch_dop_operator_v3 to 2024-03-18 08:14:00+00:00, run_after=2024-03-18 08:15:00+00:00
[2024-03-18T08:15:42.636+0000] {processor.py:183} INFO - Processing /home/ubuntu/air_venv/lib/python3.10/site-packages/airflow/example_dags/example_branch_python_dop_operator_3.py took 0.089 seconds
[2024-03-18T08:16:38.312+0000] {processor.py:161} INFO - Started process (PID=11288) to work on /home/ubuntu/air_venv/lib/python3.10/site-packages/airflow/example_dags/example_branch_python_dop_operator_3.py
[2024-03-18T08:16:38.314+0000] {processor.py:830} INFO - Processing file /home/ubuntu/air_venv/lib/python3.10/site-packages/airflow/example_dags/example_branch_python_dop_operator_3.py for tasks to queue
[2024-03-18T08:16:38.315+0000] {logging_mixin.py:188} INFO - [2024-03-18T08:16:38.314+0000] {dagbag.py:540} INFO - Filling up the DagBag from /home/ubuntu/air_venv/lib/python3.10/site-packages/airflow/example_dags/example_branch_python_dop_operator_3.py
[2024-03-18T08:16:38.326+0000] {processor.py:840} INFO - DAG(s) 'example_branch_dop_operator_v3' retrieved from /home/ubuntu/air_venv/lib/python3.10/site-packages/airflow/example_dags/example_branch_python_dop_operator_3.py
[2024-03-18T08:16:38.344+0000] {logging_mixin.py:188} INFO - [2024-03-18T08:16:38.344+0000] {dag.py:3047} INFO - Sync 1 DAGs
[2024-03-18T08:16:38.371+0000] {logging_mixin.py:188} INFO - [2024-03-18T08:16:38.371+0000] {dag.py:3834} INFO - Setting next_dagrun for example_branch_dop_operator_v3 to 2024-03-18 08:15:00+00:00, run_after=2024-03-18 08:16:00+00:00
[2024-03-18T08:16:38.396+0000] {processor.py:183} INFO - Processing /home/ubuntu/air_venv/lib/python3.10/site-packages/airflow/example_dags/example_branch_python_dop_operator_3.py took 0.088 seconds
[2024-03-18T08:17:57.825+0000] {processor.py:161} INFO - Started process (PID=12329) to work on /home/ubuntu/air_venv/lib/python3.10/site-packages/airflow/example_dags/example_branch_python_dop_operator_3.py
[2024-03-18T08:17:57.827+0000] {processor.py:830} INFO - Processing file /home/ubuntu/air_venv/lib/python3.10/site-packages/airflow/example_dags/example_branch_python_dop_operator_3.py for tasks to queue
[2024-03-18T08:17:57.828+0000] {logging_mixin.py:188} INFO - [2024-03-18T08:17:57.827+0000] {dagbag.py:540} INFO - Filling up the DagBag from /home/ubuntu/air_venv/lib/python3.10/site-packages/airflow/example_dags/example_branch_python_dop_operator_3.py
[2024-03-18T08:17:57.838+0000] {processor.py:840} INFO - DAG(s) 'example_branch_dop_operator_v3' retrieved from /home/ubuntu/air_venv/lib/python3.10/site-packages/airflow/example_dags/example_branch_python_dop_operator_3.py
[2024-03-18T08:17:57.857+0000] {logging_mixin.py:188} INFO - [2024-03-18T08:17:57.856+0000] {dag.py:3047} INFO - Sync 1 DAGs
[2024-03-18T08:17:57.884+0000] {logging_mixin.py:188} INFO - [2024-03-18T08:17:57.884+0000] {dag.py:3834} INFO - Setting next_dagrun for example_branch_dop_operator_v3 to 2024-03-18 08:16:00+00:00, run_after=2024-03-18 08:17:00+00:00
[2024-03-18T08:17:57.910+0000] {processor.py:183} INFO - Processing /home/ubuntu/air_venv/lib/python3.10/site-packages/airflow/example_dags/example_branch_python_dop_operator_3.py took 0.089 seconds
[2024-03-18T08:18:54.178+0000] {processor.py:161} INFO - Started process (PID=12565) to work on /home/ubuntu/air_venv/lib/python3.10/site-packages/airflow/example_dags/example_branch_python_dop_operator_3.py
[2024-03-18T08:18:54.180+0000] {processor.py:830} INFO - Processing file /home/ubuntu/air_venv/lib/python3.10/site-packages/airflow/example_dags/example_branch_python_dop_operator_3.py for tasks to queue
[2024-03-18T08:18:54.181+0000] {logging_mixin.py:188} INFO - [2024-03-18T08:18:54.180+0000] {dagbag.py:540} INFO - Filling up the DagBag from /home/ubuntu/air_venv/lib/python3.10/site-packages/airflow/example_dags/example_branch_python_dop_operator_3.py
[2024-03-18T08:18:54.191+0000] {processor.py:840} INFO - DAG(s) 'example_branch_dop_operator_v3' retrieved from /home/ubuntu/air_venv/lib/python3.10/site-packages/airflow/example_dags/example_branch_python_dop_operator_3.py
[2024-03-18T08:18:54.209+0000] {logging_mixin.py:188} INFO - [2024-03-18T08:18:54.208+0000] {dag.py:3047} INFO - Sync 1 DAGs
[2024-03-18T08:18:54.234+0000] {logging_mixin.py:188} INFO - [2024-03-18T08:18:54.234+0000] {dag.py:3834} INFO - Setting next_dagrun for example_branch_dop_operator_v3 to 2024-03-18 08:17:00+00:00, run_after=2024-03-18 08:18:00+00:00
[2024-03-18T08:18:54.260+0000] {processor.py:183} INFO - Processing /home/ubuntu/air_venv/lib/python3.10/site-packages/airflow/example_dags/example_branch_python_dop_operator_3.py took 0.085 seconds
[2024-03-18T08:20:20.478+0000] {processor.py:161} INFO - Started process (PID=13246) to work on /home/ubuntu/air_venv/lib/python3.10/site-packages/airflow/example_dags/example_branch_python_dop_operator_3.py
[2024-03-18T08:20:20.480+0000] {processor.py:830} INFO - Processing file /home/ubuntu/air_venv/lib/python3.10/site-packages/airflow/example_dags/example_branch_python_dop_operator_3.py for tasks to queue
[2024-03-18T08:20:20.481+0000] {logging_mixin.py:188} INFO - [2024-03-18T08:20:20.481+0000] {dagbag.py:540} INFO - Filling up the DagBag from /home/ubuntu/air_venv/lib/python3.10/site-packages/airflow/example_dags/example_branch_python_dop_operator_3.py
[2024-03-18T08:20:20.492+0000] {processor.py:840} INFO - DAG(s) 'example_branch_dop_operator_v3' retrieved from /home/ubuntu/air_venv/lib/python3.10/site-packages/airflow/example_dags/example_branch_python_dop_operator_3.py
[2024-03-18T08:20:20.510+0000] {logging_mixin.py:188} INFO - [2024-03-18T08:20:20.510+0000] {dag.py:3047} INFO - Sync 1 DAGs
[2024-03-18T08:20:20.536+0000] {logging_mixin.py:188} INFO - [2024-03-18T08:20:20.535+0000] {dag.py:3834} INFO - Setting next_dagrun for example_branch_dop_operator_v3 to 2024-03-18 08:19:00+00:00, run_after=2024-03-18 08:20:00+00:00
[2024-03-18T08:20:20.562+0000] {processor.py:183} INFO - Processing /home/ubuntu/air_venv/lib/python3.10/site-packages/airflow/example_dags/example_branch_python_dop_operator_3.py took 0.088 seconds
[2024-03-18T08:21:43.593+0000] {processor.py:161} INFO - Started process (PID=13687) to work on /home/ubuntu/air_venv/lib/python3.10/site-packages/airflow/example_dags/example_branch_python_dop_operator_3.py
[2024-03-18T08:21:43.595+0000] {processor.py:830} INFO - Processing file /home/ubuntu/air_venv/lib/python3.10/site-packages/airflow/example_dags/example_branch_python_dop_operator_3.py for tasks to queue
[2024-03-18T08:21:43.597+0000] {logging_mixin.py:188} INFO - [2024-03-18T08:21:43.596+0000] {dagbag.py:540} INFO - Filling up the DagBag from /home/ubuntu/air_venv/lib/python3.10/site-packages/airflow/example_dags/example_branch_python_dop_operator_3.py
[2024-03-18T08:21:43.607+0000] {processor.py:840} INFO - DAG(s) 'example_branch_dop_operator_v3' retrieved from /home/ubuntu/air_venv/lib/python3.10/site-packages/airflow/example_dags/example_branch_python_dop_operator_3.py
[2024-03-18T08:21:43.625+0000] {logging_mixin.py:188} INFO - [2024-03-18T08:21:43.625+0000] {dag.py:3047} INFO - Sync 1 DAGs
[2024-03-18T08:21:43.653+0000] {logging_mixin.py:188} INFO - [2024-03-18T08:21:43.653+0000] {dag.py:3834} INFO - Setting next_dagrun for example_branch_dop_operator_v3 to 2024-03-18 08:20:00+00:00, run_after=2024-03-18 08:21:00+00:00
[2024-03-18T08:21:43.680+0000] {processor.py:183} INFO - Processing /home/ubuntu/air_venv/lib/python3.10/site-packages/airflow/example_dags/example_branch_python_dop_operator_3.py took 0.090 seconds
[2024-03-18T08:22:42.099+0000] {processor.py:161} INFO - Started process (PID=13991) to work on /home/ubuntu/air_venv/lib/python3.10/site-packages/airflow/example_dags/example_branch_python_dop_operator_3.py
[2024-03-18T08:22:42.101+0000] {processor.py:830} INFO - Processing file /home/ubuntu/air_venv/lib/python3.10/site-packages/airflow/example_dags/example_branch_python_dop_operator_3.py for tasks to queue
[2024-03-18T08:22:42.102+0000] {logging_mixin.py:188} INFO - [2024-03-18T08:22:42.102+0000] {dagbag.py:540} INFO - Filling up the DagBag from /home/ubuntu/air_venv/lib/python3.10/site-packages/airflow/example_dags/example_branch_python_dop_operator_3.py
[2024-03-18T08:22:42.113+0000] {processor.py:840} INFO - DAG(s) 'example_branch_dop_operator_v3' retrieved from /home/ubuntu/air_venv/lib/python3.10/site-packages/airflow/example_dags/example_branch_python_dop_operator_3.py
[2024-03-18T08:22:42.132+0000] {logging_mixin.py:188} INFO - [2024-03-18T08:22:42.131+0000] {dag.py:3047} INFO - Sync 1 DAGs
[2024-03-18T08:22:42.159+0000] {logging_mixin.py:188} INFO - [2024-03-18T08:22:42.158+0000] {dag.py:3834} INFO - Setting next_dagrun for example_branch_dop_operator_v3 to 2024-03-18 08:21:00+00:00, run_after=2024-03-18 08:22:00+00:00
[2024-03-18T08:22:42.186+0000] {processor.py:183} INFO - Processing /home/ubuntu/air_venv/lib/python3.10/site-packages/airflow/example_dags/example_branch_python_dop_operator_3.py took 0.090 seconds
[2024-03-18T08:23:41.431+0000] {processor.py:161} INFO - Started process (PID=14519) to work on /home/ubuntu/air_venv/lib/python3.10/site-packages/airflow/example_dags/example_branch_python_dop_operator_3.py
[2024-03-18T08:23:41.433+0000] {processor.py:830} INFO - Processing file /home/ubuntu/air_venv/lib/python3.10/site-packages/airflow/example_dags/example_branch_python_dop_operator_3.py for tasks to queue
[2024-03-18T08:23:41.434+0000] {logging_mixin.py:188} INFO - [2024-03-18T08:23:41.434+0000] {dagbag.py:540} INFO - Filling up the DagBag from /home/ubuntu/air_venv/lib/python3.10/site-packages/airflow/example_dags/example_branch_python_dop_operator_3.py
[2024-03-18T08:23:41.445+0000] {processor.py:840} INFO - DAG(s) 'example_branch_dop_operator_v3' retrieved from /home/ubuntu/air_venv/lib/python3.10/site-packages/airflow/example_dags/example_branch_python_dop_operator_3.py
[2024-03-18T08:23:41.462+0000] {logging_mixin.py:188} INFO - [2024-03-18T08:23:41.462+0000] {dag.py:3047} INFO - Sync 1 DAGs
[2024-03-18T08:23:41.492+0000] {logging_mixin.py:188} INFO - [2024-03-18T08:23:41.492+0000] {dag.py:3834} INFO - Setting next_dagrun for example_branch_dop_operator_v3 to 2024-03-18 08:22:00+00:00, run_after=2024-03-18 08:23:00+00:00
[2024-03-18T08:23:41.520+0000] {processor.py:183} INFO - Processing /home/ubuntu/air_venv/lib/python3.10/site-packages/airflow/example_dags/example_branch_python_dop_operator_3.py took 0.092 seconds
[2024-03-18T08:24:39.292+0000] {processor.py:161} INFO - Started process (PID=14939) to work on /home/ubuntu/air_venv/lib/python3.10/site-packages/airflow/example_dags/example_branch_python_dop_operator_3.py
[2024-03-18T08:24:39.294+0000] {processor.py:830} INFO - Processing file /home/ubuntu/air_venv/lib/python3.10/site-packages/airflow/example_dags/example_branch_python_dop_operator_3.py for tasks to queue
[2024-03-18T08:24:39.296+0000] {logging_mixin.py:188} INFO - [2024-03-18T08:24:39.295+0000] {dagbag.py:540} INFO - Filling up the DagBag from /home/ubuntu/air_venv/lib/python3.10/site-packages/airflow/example_dags/example_branch_python_dop_operator_3.py
[2024-03-18T08:24:39.307+0000] {processor.py:840} INFO - DAG(s) 'example_branch_dop_operator_v3' retrieved from /home/ubuntu/air_venv/lib/python3.10/site-packages/airflow/example_dags/example_branch_python_dop_operator_3.py
[2024-03-18T08:24:39.326+0000] {logging_mixin.py:188} INFO - [2024-03-18T08:24:39.325+0000] {dag.py:3047} INFO - Sync 1 DAGs
[2024-03-18T08:24:39.353+0000] {logging_mixin.py:188} INFO - [2024-03-18T08:24:39.353+0000] {dag.py:3834} INFO - Setting next_dagrun for example_branch_dop_operator_v3 to 2024-03-18 08:23:00+00:00, run_after=2024-03-18 08:24:00+00:00
[2024-03-18T08:24:39.378+0000] {processor.py:183} INFO - Processing /home/ubuntu/air_venv/lib/python3.10/site-packages/airflow/example_dags/example_branch_python_dop_operator_3.py took 0.090 seconds
[2024-03-18T08:25:44.946+0000] {processor.py:161} INFO - Started process (PID=15363) to work on /home/ubuntu/air_venv/lib/python3.10/site-packages/airflow/example_dags/example_branch_python_dop_operator_3.py
[2024-03-18T08:25:44.948+0000] {processor.py:830} INFO - Processing file /home/ubuntu/air_venv/lib/python3.10/site-packages/airflow/example_dags/example_branch_python_dop_operator_3.py for tasks to queue
[2024-03-18T08:25:44.949+0000] {logging_mixin.py:188} INFO - [2024-03-18T08:25:44.949+0000] {dagbag.py:540} INFO - Filling up the DagBag from /home/ubuntu/air_venv/lib/python3.10/site-packages/airflow/example_dags/example_branch_python_dop_operator_3.py
[2024-03-18T08:25:44.960+0000] {processor.py:840} INFO - DAG(s) 'example_branch_dop_operator_v3' retrieved from /home/ubuntu/air_venv/lib/python3.10/site-packages/airflow/example_dags/example_branch_python_dop_operator_3.py
[2024-03-18T08:25:44.979+0000] {logging_mixin.py:188} INFO - [2024-03-18T08:25:44.979+0000] {dag.py:3047} INFO - Sync 1 DAGs
[2024-03-18T08:25:45.007+0000] {logging_mixin.py:188} INFO - [2024-03-18T08:25:45.007+0000] {dag.py:3834} INFO - Setting next_dagrun for example_branch_dop_operator_v3 to 2024-03-18 08:24:00+00:00, run_after=2024-03-18 08:25:00+00:00
[2024-03-18T08:25:45.035+0000] {processor.py:183} INFO - Processing /home/ubuntu/air_venv/lib/python3.10/site-packages/airflow/example_dags/example_branch_python_dop_operator_3.py took 0.093 seconds
[2024-03-18T08:26:45.525+0000] {processor.py:161} INFO - Started process (PID=15483) to work on /home/ubuntu/air_venv/lib/python3.10/site-packages/airflow/example_dags/example_branch_python_dop_operator_3.py
[2024-03-18T08:26:45.528+0000] {processor.py:830} INFO - Processing file /home/ubuntu/air_venv/lib/python3.10/site-packages/airflow/example_dags/example_branch_python_dop_operator_3.py for tasks to queue
[2024-03-18T08:26:45.529+0000] {logging_mixin.py:188} INFO - [2024-03-18T08:26:45.529+0000] {dagbag.py:540} INFO - Filling up the DagBag from /home/ubuntu/air_venv/lib/python3.10/site-packages/airflow/example_dags/example_branch_python_dop_operator_3.py
[2024-03-18T08:26:45.540+0000] {processor.py:840} INFO - DAG(s) 'example_branch_dop_operator_v3' retrieved from /home/ubuntu/air_venv/lib/python3.10/site-packages/airflow/example_dags/example_branch_python_dop_operator_3.py
[2024-03-18T08:26:45.558+0000] {logging_mixin.py:188} INFO - [2024-03-18T08:26:45.558+0000] {dag.py:3047} INFO - Sync 1 DAGs
[2024-03-18T08:26:45.592+0000] {logging_mixin.py:188} INFO - [2024-03-18T08:26:45.592+0000] {dag.py:3834} INFO - Setting next_dagrun for example_branch_dop_operator_v3 to 2024-03-18 08:25:00+00:00, run_after=2024-03-18 08:26:00+00:00
[2024-03-18T08:26:45.619+0000] {processor.py:183} INFO - Processing /home/ubuntu/air_venv/lib/python3.10/site-packages/airflow/example_dags/example_branch_python_dop_operator_3.py took 0.097 seconds
[2024-03-18T08:27:47.279+0000] {processor.py:161} INFO - Started process (PID=15604) to work on /home/ubuntu/air_venv/lib/python3.10/site-packages/airflow/example_dags/example_branch_python_dop_operator_3.py
[2024-03-18T08:27:47.281+0000] {processor.py:830} INFO - Processing file /home/ubuntu/air_venv/lib/python3.10/site-packages/airflow/example_dags/example_branch_python_dop_operator_3.py for tasks to queue
[2024-03-18T08:27:47.282+0000] {logging_mixin.py:188} INFO - [2024-03-18T08:27:47.282+0000] {dagbag.py:540} INFO - Filling up the DagBag from /home/ubuntu/air_venv/lib/python3.10/site-packages/airflow/example_dags/example_branch_python_dop_operator_3.py
[2024-03-18T08:27:47.293+0000] {processor.py:840} INFO - DAG(s) 'example_branch_dop_operator_v3' retrieved from /home/ubuntu/air_venv/lib/python3.10/site-packages/airflow/example_dags/example_branch_python_dop_operator_3.py
[2024-03-18T08:27:47.310+0000] {logging_mixin.py:188} INFO - [2024-03-18T08:27:47.310+0000] {dag.py:3047} INFO - Sync 1 DAGs
[2024-03-18T08:27:47.336+0000] {logging_mixin.py:188} INFO - [2024-03-18T08:27:47.336+0000] {dag.py:3834} INFO - Setting next_dagrun for example_branch_dop_operator_v3 to 2024-03-18 08:26:00+00:00, run_after=2024-03-18 08:27:00+00:00
[2024-03-18T08:27:47.363+0000] {processor.py:183} INFO - Processing /home/ubuntu/air_venv/lib/python3.10/site-packages/airflow/example_dags/example_branch_python_dop_operator_3.py took 0.088 seconds
[2024-03-18T08:28:50.960+0000] {processor.py:161} INFO - Started process (PID=15725) to work on /home/ubuntu/air_venv/lib/python3.10/site-packages/airflow/example_dags/example_branch_python_dop_operator_3.py
[2024-03-18T08:28:50.962+0000] {processor.py:830} INFO - Processing file /home/ubuntu/air_venv/lib/python3.10/site-packages/airflow/example_dags/example_branch_python_dop_operator_3.py for tasks to queue
[2024-03-18T08:28:50.963+0000] {logging_mixin.py:188} INFO - [2024-03-18T08:28:50.963+0000] {dagbag.py:540} INFO - Filling up the DagBag from /home/ubuntu/air_venv/lib/python3.10/site-packages/airflow/example_dags/example_branch_python_dop_operator_3.py
[2024-03-18T08:28:50.974+0000] {processor.py:840} INFO - DAG(s) 'example_branch_dop_operator_v3' retrieved from /home/ubuntu/air_venv/lib/python3.10/site-packages/airflow/example_dags/example_branch_python_dop_operator_3.py
[2024-03-18T08:28:50.992+0000] {logging_mixin.py:188} INFO - [2024-03-18T08:28:50.992+0000] {dag.py:3047} INFO - Sync 1 DAGs
[2024-03-18T08:28:51.021+0000] {logging_mixin.py:188} INFO - [2024-03-18T08:28:51.020+0000] {dag.py:3834} INFO - Setting next_dagrun for example_branch_dop_operator_v3 to 2024-03-18 08:27:00+00:00, run_after=2024-03-18 08:28:00+00:00
[2024-03-18T08:28:51.048+0000] {processor.py:183} INFO - Processing /home/ubuntu/air_venv/lib/python3.10/site-packages/airflow/example_dags/example_branch_python_dop_operator_3.py took 0.091 seconds
