[2024-03-18T07:59:43.826+0000] {processor.py:161} INFO - Started process (PID=2622) to work on /home/ubuntu/air_venv/lib/python3.10/site-packages/airflow/example_dags/tutorial_objectstorage.py
[2024-03-18T07:59:43.828+0000] {processor.py:830} INFO - Processing file /home/ubuntu/air_venv/lib/python3.10/site-packages/airflow/example_dags/tutorial_objectstorage.py for tasks to queue
[2024-03-18T07:59:43.829+0000] {logging_mixin.py:188} INFO - [2024-03-18T07:59:43.828+0000] {dagbag.py:540} INFO - Filling up the DagBag from /home/ubuntu/air_venv/lib/python3.10/site-packages/airflow/example_dags/tutorial_objectstorage.py
[2024-03-18T07:59:43.840+0000] {processor.py:840} INFO - DAG(s) 'tutorial_objectstorage' retrieved from /home/ubuntu/air_venv/lib/python3.10/site-packages/airflow/example_dags/tutorial_objectstorage.py
[2024-03-18T07:59:43.968+0000] {logging_mixin.py:188} INFO - [2024-03-18T07:59:43.967+0000] {override.py:1769} INFO - Created Permission View: can edit on DAG:tutorial_objectstorage
[2024-03-18T07:59:43.983+0000] {logging_mixin.py:188} INFO - [2024-03-18T07:59:43.983+0000] {override.py:1769} INFO - Created Permission View: can delete on DAG:tutorial_objectstorage
[2024-03-18T07:59:43.996+0000] {logging_mixin.py:188} INFO - [2024-03-18T07:59:43.995+0000] {override.py:1769} INFO - Created Permission View: can read on DAG:tutorial_objectstorage
[2024-03-18T07:59:43.996+0000] {logging_mixin.py:188} INFO - [2024-03-18T07:59:43.996+0000] {dag.py:3047} INFO - Sync 1 DAGs
[2024-03-18T07:59:44.009+0000] {logging_mixin.py:188} INFO - [2024-03-18T07:59:44.008+0000] {dag.py:3069} INFO - Creating ORM DAG for tutorial_objectstorage
[2024-03-18T07:59:44.010+0000] {logging_mixin.py:188} INFO - [2024-03-18T07:59:44.009+0000] {dag.py:3834} INFO - Setting next_dagrun for tutorial_objectstorage to None, run_after=None
[2024-03-18T07:59:44.037+0000] {processor.py:183} INFO - Processing /home/ubuntu/air_venv/lib/python3.10/site-packages/airflow/example_dags/tutorial_objectstorage.py took 0.214 seconds
[2024-03-18T08:00:49.555+0000] {processor.py:161} INFO - Started process (PID=3253) to work on /home/ubuntu/air_venv/lib/python3.10/site-packages/airflow/example_dags/tutorial_objectstorage.py
[2024-03-18T08:00:49.556+0000] {processor.py:830} INFO - Processing file /home/ubuntu/air_venv/lib/python3.10/site-packages/airflow/example_dags/tutorial_objectstorage.py for tasks to queue
[2024-03-18T08:00:49.558+0000] {logging_mixin.py:188} INFO - [2024-03-18T08:00:49.557+0000] {dagbag.py:540} INFO - Filling up the DagBag from /home/ubuntu/air_venv/lib/python3.10/site-packages/airflow/example_dags/tutorial_objectstorage.py
[2024-03-18T08:00:49.566+0000] {processor.py:840} INFO - DAG(s) 'tutorial_objectstorage' retrieved from /home/ubuntu/air_venv/lib/python3.10/site-packages/airflow/example_dags/tutorial_objectstorage.py
[2024-03-18T08:00:49.583+0000] {logging_mixin.py:188} INFO - [2024-03-18T08:00:49.583+0000] {dag.py:3047} INFO - Sync 1 DAGs
[2024-03-18T08:00:49.597+0000] {logging_mixin.py:188} INFO - [2024-03-18T08:00:49.596+0000] {dag.py:3834} INFO - Setting next_dagrun for tutorial_objectstorage to None, run_after=None
[2024-03-18T08:00:49.622+0000] {processor.py:183} INFO - Processing /home/ubuntu/air_venv/lib/python3.10/site-packages/airflow/example_dags/tutorial_objectstorage.py took 0.071 seconds
[2024-03-18T08:01:38.860+0000] {processor.py:161} INFO - Started process (PID=3662) to work on /home/ubuntu/air_venv/lib/python3.10/site-packages/airflow/example_dags/tutorial_objectstorage.py
[2024-03-18T08:01:38.862+0000] {processor.py:830} INFO - Processing file /home/ubuntu/air_venv/lib/python3.10/site-packages/airflow/example_dags/tutorial_objectstorage.py for tasks to queue
[2024-03-18T08:01:38.863+0000] {logging_mixin.py:188} INFO - [2024-03-18T08:01:38.862+0000] {dagbag.py:540} INFO - Filling up the DagBag from /home/ubuntu/air_venv/lib/python3.10/site-packages/airflow/example_dags/tutorial_objectstorage.py
[2024-03-18T08:01:38.871+0000] {processor.py:840} INFO - DAG(s) 'tutorial_objectstorage' retrieved from /home/ubuntu/air_venv/lib/python3.10/site-packages/airflow/example_dags/tutorial_objectstorage.py
[2024-03-18T08:01:38.888+0000] {logging_mixin.py:188} INFO - [2024-03-18T08:01:38.887+0000] {dag.py:3047} INFO - Sync 1 DAGs
[2024-03-18T08:01:38.900+0000] {logging_mixin.py:188} INFO - [2024-03-18T08:01:38.900+0000] {dag.py:3834} INFO - Setting next_dagrun for tutorial_objectstorage to None, run_after=None
[2024-03-18T08:01:38.926+0000] {processor.py:183} INFO - Processing /home/ubuntu/air_venv/lib/python3.10/site-packages/airflow/example_dags/tutorial_objectstorage.py took 0.070 seconds
[2024-03-18T08:02:29.199+0000] {processor.py:161} INFO - Started process (PID=4188) to work on /home/ubuntu/air_venv/lib/python3.10/site-packages/airflow/example_dags/tutorial_objectstorage.py
[2024-03-18T08:02:29.201+0000] {processor.py:830} INFO - Processing file /home/ubuntu/air_venv/lib/python3.10/site-packages/airflow/example_dags/tutorial_objectstorage.py for tasks to queue
[2024-03-18T08:02:29.202+0000] {logging_mixin.py:188} INFO - [2024-03-18T08:02:29.201+0000] {dagbag.py:540} INFO - Filling up the DagBag from /home/ubuntu/air_venv/lib/python3.10/site-packages/airflow/example_dags/tutorial_objectstorage.py
[2024-03-18T08:02:29.210+0000] {processor.py:840} INFO - DAG(s) 'tutorial_objectstorage' retrieved from /home/ubuntu/air_venv/lib/python3.10/site-packages/airflow/example_dags/tutorial_objectstorage.py
[2024-03-18T08:02:29.367+0000] {logging_mixin.py:188} INFO - [2024-03-18T08:02:29.367+0000] {dag.py:3047} INFO - Sync 1 DAGs
[2024-03-18T08:02:29.378+0000] {logging_mixin.py:188} INFO - [2024-03-18T08:02:29.378+0000] {dag.py:3834} INFO - Setting next_dagrun for tutorial_objectstorage to None, run_after=None
[2024-03-18T08:02:29.402+0000] {processor.py:183} INFO - Processing /home/ubuntu/air_venv/lib/python3.10/site-packages/airflow/example_dags/tutorial_objectstorage.py took 0.207 seconds
[2024-03-18T08:03:23.143+0000] {processor.py:161} INFO - Started process (PID=4476) to work on /home/ubuntu/air_venv/lib/python3.10/site-packages/airflow/example_dags/tutorial_objectstorage.py
[2024-03-18T08:03:23.145+0000] {processor.py:830} INFO - Processing file /home/ubuntu/air_venv/lib/python3.10/site-packages/airflow/example_dags/tutorial_objectstorage.py for tasks to queue
[2024-03-18T08:03:23.146+0000] {logging_mixin.py:188} INFO - [2024-03-18T08:03:23.146+0000] {dagbag.py:540} INFO - Filling up the DagBag from /home/ubuntu/air_venv/lib/python3.10/site-packages/airflow/example_dags/tutorial_objectstorage.py
[2024-03-18T08:03:23.155+0000] {processor.py:840} INFO - DAG(s) 'tutorial_objectstorage' retrieved from /home/ubuntu/air_venv/lib/python3.10/site-packages/airflow/example_dags/tutorial_objectstorage.py
[2024-03-18T08:03:23.172+0000] {logging_mixin.py:188} INFO - [2024-03-18T08:03:23.171+0000] {dag.py:3047} INFO - Sync 1 DAGs
[2024-03-18T08:03:23.185+0000] {logging_mixin.py:188} INFO - [2024-03-18T08:03:23.185+0000] {dag.py:3834} INFO - Setting next_dagrun for tutorial_objectstorage to None, run_after=None
[2024-03-18T08:03:23.213+0000] {processor.py:183} INFO - Processing /home/ubuntu/air_venv/lib/python3.10/site-packages/airflow/example_dags/tutorial_objectstorage.py took 0.074 seconds
[2024-03-18T08:04:08.190+0000] {processor.py:161} INFO - Started process (PID=4940) to work on /home/ubuntu/air_venv/lib/python3.10/site-packages/airflow/example_dags/tutorial_objectstorage.py
[2024-03-18T08:04:08.192+0000] {processor.py:830} INFO - Processing file /home/ubuntu/air_venv/lib/python3.10/site-packages/airflow/example_dags/tutorial_objectstorage.py for tasks to queue
[2024-03-18T08:04:08.193+0000] {logging_mixin.py:188} INFO - [2024-03-18T08:04:08.193+0000] {dagbag.py:540} INFO - Filling up the DagBag from /home/ubuntu/air_venv/lib/python3.10/site-packages/airflow/example_dags/tutorial_objectstorage.py
[2024-03-18T08:04:08.202+0000] {processor.py:840} INFO - DAG(s) 'tutorial_objectstorage' retrieved from /home/ubuntu/air_venv/lib/python3.10/site-packages/airflow/example_dags/tutorial_objectstorage.py
[2024-03-18T08:04:08.219+0000] {logging_mixin.py:188} INFO - [2024-03-18T08:04:08.219+0000] {dag.py:3047} INFO - Sync 1 DAGs
[2024-03-18T08:04:08.233+0000] {logging_mixin.py:188} INFO - [2024-03-18T08:04:08.232+0000] {dag.py:3834} INFO - Setting next_dagrun for tutorial_objectstorage to None, run_after=None
[2024-03-18T08:04:08.260+0000] {processor.py:183} INFO - Processing /home/ubuntu/air_venv/lib/python3.10/site-packages/airflow/example_dags/tutorial_objectstorage.py took 0.074 seconds
[2024-03-18T08:04:54.883+0000] {processor.py:161} INFO - Started process (PID=5234) to work on /home/ubuntu/air_venv/lib/python3.10/site-packages/airflow/example_dags/tutorial_objectstorage.py
[2024-03-18T08:04:54.885+0000] {processor.py:830} INFO - Processing file /home/ubuntu/air_venv/lib/python3.10/site-packages/airflow/example_dags/tutorial_objectstorage.py for tasks to queue
[2024-03-18T08:04:54.886+0000] {logging_mixin.py:188} INFO - [2024-03-18T08:04:54.886+0000] {dagbag.py:540} INFO - Filling up the DagBag from /home/ubuntu/air_venv/lib/python3.10/site-packages/airflow/example_dags/tutorial_objectstorage.py
[2024-03-18T08:04:54.895+0000] {processor.py:840} INFO - DAG(s) 'tutorial_objectstorage' retrieved from /home/ubuntu/air_venv/lib/python3.10/site-packages/airflow/example_dags/tutorial_objectstorage.py
[2024-03-18T08:04:54.912+0000] {logging_mixin.py:188} INFO - [2024-03-18T08:04:54.912+0000] {dag.py:3047} INFO - Sync 1 DAGs
[2024-03-18T08:04:54.926+0000] {logging_mixin.py:188} INFO - [2024-03-18T08:04:54.925+0000] {dag.py:3834} INFO - Setting next_dagrun for tutorial_objectstorage to None, run_after=None
[2024-03-18T08:04:54.958+0000] {processor.py:183} INFO - Processing /home/ubuntu/air_venv/lib/python3.10/site-packages/airflow/example_dags/tutorial_objectstorage.py took 0.078 seconds
[2024-03-18T08:05:48.396+0000] {processor.py:161} INFO - Started process (PID=5849) to work on /home/ubuntu/air_venv/lib/python3.10/site-packages/airflow/example_dags/tutorial_objectstorage.py
[2024-03-18T08:05:48.398+0000] {processor.py:830} INFO - Processing file /home/ubuntu/air_venv/lib/python3.10/site-packages/airflow/example_dags/tutorial_objectstorage.py for tasks to queue
[2024-03-18T08:05:48.399+0000] {logging_mixin.py:188} INFO - [2024-03-18T08:05:48.399+0000] {dagbag.py:540} INFO - Filling up the DagBag from /home/ubuntu/air_venv/lib/python3.10/site-packages/airflow/example_dags/tutorial_objectstorage.py
[2024-03-18T08:05:48.408+0000] {processor.py:840} INFO - DAG(s) 'tutorial_objectstorage' retrieved from /home/ubuntu/air_venv/lib/python3.10/site-packages/airflow/example_dags/tutorial_objectstorage.py
[2024-03-18T08:05:48.424+0000] {logging_mixin.py:188} INFO - [2024-03-18T08:05:48.423+0000] {dag.py:3047} INFO - Sync 1 DAGs
[2024-03-18T08:05:48.437+0000] {logging_mixin.py:188} INFO - [2024-03-18T08:05:48.436+0000] {dag.py:3834} INFO - Setting next_dagrun for tutorial_objectstorage to None, run_after=None
[2024-03-18T08:05:48.462+0000] {processor.py:183} INFO - Processing /home/ubuntu/air_venv/lib/python3.10/site-packages/airflow/example_dags/tutorial_objectstorage.py took 0.070 seconds
[2024-03-18T08:07:05.628+0000] {processor.py:161} INFO - Started process (PID=6802) to work on /home/ubuntu/air_venv/lib/python3.10/site-packages/airflow/example_dags/tutorial_objectstorage.py
[2024-03-18T08:07:05.631+0000] {processor.py:830} INFO - Processing file /home/ubuntu/air_venv/lib/python3.10/site-packages/airflow/example_dags/tutorial_objectstorage.py for tasks to queue
[2024-03-18T08:07:05.632+0000] {logging_mixin.py:188} INFO - [2024-03-18T08:07:05.632+0000] {dagbag.py:540} INFO - Filling up the DagBag from /home/ubuntu/air_venv/lib/python3.10/site-packages/airflow/example_dags/tutorial_objectstorage.py
[2024-03-18T08:07:05.643+0000] {processor.py:840} INFO - DAG(s) 'tutorial_objectstorage' retrieved from /home/ubuntu/air_venv/lib/python3.10/site-packages/airflow/example_dags/tutorial_objectstorage.py
[2024-03-18T08:07:05.661+0000] {logging_mixin.py:188} INFO - [2024-03-18T08:07:05.660+0000] {dag.py:3047} INFO - Sync 1 DAGs
[2024-03-18T08:07:05.676+0000] {logging_mixin.py:188} INFO - [2024-03-18T08:07:05.675+0000] {dag.py:3834} INFO - Setting next_dagrun for tutorial_objectstorage to None, run_after=None
[2024-03-18T08:07:05.706+0000] {processor.py:183} INFO - Processing /home/ubuntu/air_venv/lib/python3.10/site-packages/airflow/example_dags/tutorial_objectstorage.py took 0.083 seconds
[2024-03-18T08:07:50.865+0000] {processor.py:161} INFO - Started process (PID=7208) to work on /home/ubuntu/air_venv/lib/python3.10/site-packages/airflow/example_dags/tutorial_objectstorage.py
[2024-03-18T08:07:50.866+0000] {processor.py:830} INFO - Processing file /home/ubuntu/air_venv/lib/python3.10/site-packages/airflow/example_dags/tutorial_objectstorage.py for tasks to queue
[2024-03-18T08:07:50.867+0000] {logging_mixin.py:188} INFO - [2024-03-18T08:07:50.867+0000] {dagbag.py:540} INFO - Filling up the DagBag from /home/ubuntu/air_venv/lib/python3.10/site-packages/airflow/example_dags/tutorial_objectstorage.py
[2024-03-18T08:07:50.880+0000] {processor.py:840} INFO - DAG(s) 'tutorial_objectstorage' retrieved from /home/ubuntu/air_venv/lib/python3.10/site-packages/airflow/example_dags/tutorial_objectstorage.py
[2024-03-18T08:07:50.915+0000] {logging_mixin.py:188} INFO - [2024-03-18T08:07:50.914+0000] {dag.py:3047} INFO - Sync 1 DAGs
[2024-03-18T08:07:50.928+0000] {logging_mixin.py:188} INFO - [2024-03-18T08:07:50.927+0000] {dag.py:3834} INFO - Setting next_dagrun for tutorial_objectstorage to None, run_after=None
[2024-03-18T08:07:50.952+0000] {processor.py:183} INFO - Processing /home/ubuntu/air_venv/lib/python3.10/site-packages/airflow/example_dags/tutorial_objectstorage.py took 0.091 seconds
[2024-03-18T08:08:38.551+0000] {processor.py:161} INFO - Started process (PID=7440) to work on /home/ubuntu/air_venv/lib/python3.10/site-packages/airflow/example_dags/tutorial_objectstorage.py
[2024-03-18T08:08:38.553+0000] {processor.py:830} INFO - Processing file /home/ubuntu/air_venv/lib/python3.10/site-packages/airflow/example_dags/tutorial_objectstorage.py for tasks to queue
[2024-03-18T08:08:38.555+0000] {logging_mixin.py:188} INFO - [2024-03-18T08:08:38.554+0000] {dagbag.py:540} INFO - Filling up the DagBag from /home/ubuntu/air_venv/lib/python3.10/site-packages/airflow/example_dags/tutorial_objectstorage.py
[2024-03-18T08:08:38.563+0000] {processor.py:840} INFO - DAG(s) 'tutorial_objectstorage' retrieved from /home/ubuntu/air_venv/lib/python3.10/site-packages/airflow/example_dags/tutorial_objectstorage.py
[2024-03-18T08:08:38.581+0000] {logging_mixin.py:188} INFO - [2024-03-18T08:08:38.580+0000] {dag.py:3047} INFO - Sync 1 DAGs
[2024-03-18T08:08:38.595+0000] {logging_mixin.py:188} INFO - [2024-03-18T08:08:38.594+0000] {dag.py:3834} INFO - Setting next_dagrun for tutorial_objectstorage to None, run_after=None
[2024-03-18T08:08:38.620+0000] {processor.py:183} INFO - Processing /home/ubuntu/air_venv/lib/python3.10/site-packages/airflow/example_dags/tutorial_objectstorage.py took 0.073 seconds
[2024-03-18T08:09:22.897+0000] {processor.py:161} INFO - Started process (PID=7848) to work on /home/ubuntu/air_venv/lib/python3.10/site-packages/airflow/example_dags/tutorial_objectstorage.py
[2024-03-18T08:09:22.899+0000] {processor.py:830} INFO - Processing file /home/ubuntu/air_venv/lib/python3.10/site-packages/airflow/example_dags/tutorial_objectstorage.py for tasks to queue
[2024-03-18T08:09:22.900+0000] {logging_mixin.py:188} INFO - [2024-03-18T08:09:22.900+0000] {dagbag.py:540} INFO - Filling up the DagBag from /home/ubuntu/air_venv/lib/python3.10/site-packages/airflow/example_dags/tutorial_objectstorage.py
[2024-03-18T08:09:22.909+0000] {processor.py:840} INFO - DAG(s) 'tutorial_objectstorage' retrieved from /home/ubuntu/air_venv/lib/python3.10/site-packages/airflow/example_dags/tutorial_objectstorage.py
[2024-03-18T08:09:22.925+0000] {logging_mixin.py:188} INFO - [2024-03-18T08:09:22.925+0000] {dag.py:3047} INFO - Sync 1 DAGs
[2024-03-18T08:09:22.938+0000] {logging_mixin.py:188} INFO - [2024-03-18T08:09:22.938+0000] {dag.py:3834} INFO - Setting next_dagrun for tutorial_objectstorage to None, run_after=None
[2024-03-18T08:09:22.962+0000] {processor.py:183} INFO - Processing /home/ubuntu/air_venv/lib/python3.10/site-packages/airflow/example_dags/tutorial_objectstorage.py took 0.068 seconds
[2024-03-18T08:10:05.988+0000] {processor.py:161} INFO - Started process (PID=8131) to work on /home/ubuntu/air_venv/lib/python3.10/site-packages/airflow/example_dags/tutorial_objectstorage.py
[2024-03-18T08:10:05.997+0000] {processor.py:830} INFO - Processing file /home/ubuntu/air_venv/lib/python3.10/site-packages/airflow/example_dags/tutorial_objectstorage.py for tasks to queue
[2024-03-18T08:10:05.998+0000] {logging_mixin.py:188} INFO - [2024-03-18T08:10:05.998+0000] {dagbag.py:540} INFO - Filling up the DagBag from /home/ubuntu/air_venv/lib/python3.10/site-packages/airflow/example_dags/tutorial_objectstorage.py
[2024-03-18T08:10:06.023+0000] {processor.py:840} INFO - DAG(s) 'tutorial_objectstorage' retrieved from /home/ubuntu/air_venv/lib/python3.10/site-packages/airflow/example_dags/tutorial_objectstorage.py
[2024-03-18T08:10:06.083+0000] {logging_mixin.py:188} INFO - [2024-03-18T08:10:06.082+0000] {dag.py:3047} INFO - Sync 1 DAGs
[2024-03-18T08:10:06.106+0000] {logging_mixin.py:188} INFO - [2024-03-18T08:10:06.106+0000] {dag.py:3834} INFO - Setting next_dagrun for tutorial_objectstorage to None, run_after=None
[2024-03-18T08:10:06.176+0000] {processor.py:183} INFO - Processing /home/ubuntu/air_venv/lib/python3.10/site-packages/airflow/example_dags/tutorial_objectstorage.py took 0.217 seconds
[2024-03-18T08:10:45.622+0000] {processor.py:161} INFO - Started process (PID=8412) to work on /home/ubuntu/air_venv/lib/python3.10/site-packages/airflow/example_dags/tutorial_objectstorage.py
[2024-03-18T08:10:45.624+0000] {processor.py:830} INFO - Processing file /home/ubuntu/air_venv/lib/python3.10/site-packages/airflow/example_dags/tutorial_objectstorage.py for tasks to queue
[2024-03-18T08:10:45.625+0000] {logging_mixin.py:188} INFO - [2024-03-18T08:10:45.625+0000] {dagbag.py:540} INFO - Filling up the DagBag from /home/ubuntu/air_venv/lib/python3.10/site-packages/airflow/example_dags/tutorial_objectstorage.py
[2024-03-18T08:10:45.642+0000] {processor.py:840} INFO - DAG(s) 'tutorial_objectstorage' retrieved from /home/ubuntu/air_venv/lib/python3.10/site-packages/airflow/example_dags/tutorial_objectstorage.py
[2024-03-18T08:10:45.678+0000] {logging_mixin.py:188} INFO - [2024-03-18T08:10:45.678+0000] {dag.py:3047} INFO - Sync 1 DAGs
[2024-03-18T08:10:45.691+0000] {logging_mixin.py:188} INFO - [2024-03-18T08:10:45.691+0000] {dag.py:3834} INFO - Setting next_dagrun for tutorial_objectstorage to None, run_after=None
[2024-03-18T08:10:45.719+0000] {processor.py:183} INFO - Processing /home/ubuntu/air_venv/lib/python3.10/site-packages/airflow/example_dags/tutorial_objectstorage.py took 0.100 seconds
[2024-03-18T08:11:24.297+0000] {processor.py:161} INFO - Started process (PID=8810) to work on /home/ubuntu/air_venv/lib/python3.10/site-packages/airflow/example_dags/tutorial_objectstorage.py
[2024-03-18T08:11:24.299+0000] {processor.py:830} INFO - Processing file /home/ubuntu/air_venv/lib/python3.10/site-packages/airflow/example_dags/tutorial_objectstorage.py for tasks to queue
[2024-03-18T08:11:24.300+0000] {logging_mixin.py:188} INFO - [2024-03-18T08:11:24.300+0000] {dagbag.py:540} INFO - Filling up the DagBag from /home/ubuntu/air_venv/lib/python3.10/site-packages/airflow/example_dags/tutorial_objectstorage.py
[2024-03-18T08:11:24.309+0000] {processor.py:840} INFO - DAG(s) 'tutorial_objectstorage' retrieved from /home/ubuntu/air_venv/lib/python3.10/site-packages/airflow/example_dags/tutorial_objectstorage.py
[2024-03-18T08:11:24.336+0000] {logging_mixin.py:188} INFO - [2024-03-18T08:11:24.335+0000] {dag.py:3047} INFO - Sync 1 DAGs
[2024-03-18T08:11:24.352+0000] {logging_mixin.py:188} INFO - [2024-03-18T08:11:24.352+0000] {dag.py:3834} INFO - Setting next_dagrun for tutorial_objectstorage to None, run_after=None
[2024-03-18T08:11:24.377+0000] {processor.py:183} INFO - Processing /home/ubuntu/air_venv/lib/python3.10/site-packages/airflow/example_dags/tutorial_objectstorage.py took 0.083 seconds
[2024-03-18T08:12:08.173+0000] {processor.py:161} INFO - Started process (PID=8975) to work on /home/ubuntu/air_venv/lib/python3.10/site-packages/airflow/example_dags/tutorial_objectstorage.py
[2024-03-18T08:12:08.175+0000] {processor.py:830} INFO - Processing file /home/ubuntu/air_venv/lib/python3.10/site-packages/airflow/example_dags/tutorial_objectstorage.py for tasks to queue
[2024-03-18T08:12:08.176+0000] {logging_mixin.py:188} INFO - [2024-03-18T08:12:08.176+0000] {dagbag.py:540} INFO - Filling up the DagBag from /home/ubuntu/air_venv/lib/python3.10/site-packages/airflow/example_dags/tutorial_objectstorage.py
[2024-03-18T08:12:08.185+0000] {processor.py:840} INFO - DAG(s) 'tutorial_objectstorage' retrieved from /home/ubuntu/air_venv/lib/python3.10/site-packages/airflow/example_dags/tutorial_objectstorage.py
[2024-03-18T08:12:08.203+0000] {logging_mixin.py:188} INFO - [2024-03-18T08:12:08.203+0000] {dag.py:3047} INFO - Sync 1 DAGs
[2024-03-18T08:12:08.217+0000] {logging_mixin.py:188} INFO - [2024-03-18T08:12:08.217+0000] {dag.py:3834} INFO - Setting next_dagrun for tutorial_objectstorage to None, run_after=None
[2024-03-18T08:12:08.242+0000] {processor.py:183} INFO - Processing /home/ubuntu/air_venv/lib/python3.10/site-packages/airflow/example_dags/tutorial_objectstorage.py took 0.072 seconds
[2024-03-18T08:12:47.893+0000] {processor.py:161} INFO - Started process (PID=9316) to work on /home/ubuntu/air_venv/lib/python3.10/site-packages/airflow/example_dags/tutorial_objectstorage.py
[2024-03-18T08:12:47.895+0000] {processor.py:830} INFO - Processing file /home/ubuntu/air_venv/lib/python3.10/site-packages/airflow/example_dags/tutorial_objectstorage.py for tasks to queue
[2024-03-18T08:12:47.896+0000] {logging_mixin.py:188} INFO - [2024-03-18T08:12:47.896+0000] {dagbag.py:540} INFO - Filling up the DagBag from /home/ubuntu/air_venv/lib/python3.10/site-packages/airflow/example_dags/tutorial_objectstorage.py
[2024-03-18T08:12:47.905+0000] {processor.py:840} INFO - DAG(s) 'tutorial_objectstorage' retrieved from /home/ubuntu/air_venv/lib/python3.10/site-packages/airflow/example_dags/tutorial_objectstorage.py
[2024-03-18T08:12:47.923+0000] {logging_mixin.py:188} INFO - [2024-03-18T08:12:47.923+0000] {dag.py:3047} INFO - Sync 1 DAGs
[2024-03-18T08:12:47.938+0000] {logging_mixin.py:188} INFO - [2024-03-18T08:12:47.937+0000] {dag.py:3834} INFO - Setting next_dagrun for tutorial_objectstorage to None, run_after=None
[2024-03-18T08:12:47.963+0000] {processor.py:183} INFO - Processing /home/ubuntu/air_venv/lib/python3.10/site-packages/airflow/example_dags/tutorial_objectstorage.py took 0.074 seconds
[2024-03-18T08:13:33.390+0000] {processor.py:161} INFO - Started process (PID=9539) to work on /home/ubuntu/air_venv/lib/python3.10/site-packages/airflow/example_dags/tutorial_objectstorage.py
[2024-03-18T08:13:33.391+0000] {processor.py:830} INFO - Processing file /home/ubuntu/air_venv/lib/python3.10/site-packages/airflow/example_dags/tutorial_objectstorage.py for tasks to queue
[2024-03-18T08:13:33.393+0000] {logging_mixin.py:188} INFO - [2024-03-18T08:13:33.392+0000] {dagbag.py:540} INFO - Filling up the DagBag from /home/ubuntu/air_venv/lib/python3.10/site-packages/airflow/example_dags/tutorial_objectstorage.py
[2024-03-18T08:13:33.401+0000] {processor.py:840} INFO - DAG(s) 'tutorial_objectstorage' retrieved from /home/ubuntu/air_venv/lib/python3.10/site-packages/airflow/example_dags/tutorial_objectstorage.py
[2024-03-18T08:13:33.418+0000] {logging_mixin.py:188} INFO - [2024-03-18T08:13:33.418+0000] {dag.py:3047} INFO - Sync 1 DAGs
[2024-03-18T08:13:33.431+0000] {logging_mixin.py:188} INFO - [2024-03-18T08:13:33.431+0000] {dag.py:3834} INFO - Setting next_dagrun for tutorial_objectstorage to None, run_after=None
[2024-03-18T08:13:33.455+0000] {processor.py:183} INFO - Processing /home/ubuntu/air_venv/lib/python3.10/site-packages/airflow/example_dags/tutorial_objectstorage.py took 0.069 seconds
[2024-03-18T08:14:13.841+0000] {processor.py:161} INFO - Started process (PID=9761) to work on /home/ubuntu/air_venv/lib/python3.10/site-packages/airflow/example_dags/tutorial_objectstorage.py
[2024-03-18T08:14:13.843+0000] {processor.py:830} INFO - Processing file /home/ubuntu/air_venv/lib/python3.10/site-packages/airflow/example_dags/tutorial_objectstorage.py for tasks to queue
[2024-03-18T08:14:13.844+0000] {logging_mixin.py:188} INFO - [2024-03-18T08:14:13.844+0000] {dagbag.py:540} INFO - Filling up the DagBag from /home/ubuntu/air_venv/lib/python3.10/site-packages/airflow/example_dags/tutorial_objectstorage.py
[2024-03-18T08:14:13.853+0000] {processor.py:840} INFO - DAG(s) 'tutorial_objectstorage' retrieved from /home/ubuntu/air_venv/lib/python3.10/site-packages/airflow/example_dags/tutorial_objectstorage.py
[2024-03-18T08:14:13.871+0000] {logging_mixin.py:188} INFO - [2024-03-18T08:14:13.870+0000] {dag.py:3047} INFO - Sync 1 DAGs
[2024-03-18T08:14:13.884+0000] {logging_mixin.py:188} INFO - [2024-03-18T08:14:13.884+0000] {dag.py:3834} INFO - Setting next_dagrun for tutorial_objectstorage to None, run_after=None
[2024-03-18T08:14:13.910+0000] {processor.py:183} INFO - Processing /home/ubuntu/air_venv/lib/python3.10/site-packages/airflow/example_dags/tutorial_objectstorage.py took 0.073 seconds
[2024-03-18T08:15:26.619+0000] {processor.py:161} INFO - Started process (PID=10438) to work on /home/ubuntu/air_venv/lib/python3.10/site-packages/airflow/example_dags/tutorial_objectstorage.py
[2024-03-18T08:15:26.621+0000] {processor.py:830} INFO - Processing file /home/ubuntu/air_venv/lib/python3.10/site-packages/airflow/example_dags/tutorial_objectstorage.py for tasks to queue
[2024-03-18T08:15:26.622+0000] {logging_mixin.py:188} INFO - [2024-03-18T08:15:26.621+0000] {dagbag.py:540} INFO - Filling up the DagBag from /home/ubuntu/air_venv/lib/python3.10/site-packages/airflow/example_dags/tutorial_objectstorage.py
[2024-03-18T08:15:26.637+0000] {processor.py:840} INFO - DAG(s) 'tutorial_objectstorage' retrieved from /home/ubuntu/air_venv/lib/python3.10/site-packages/airflow/example_dags/tutorial_objectstorage.py
[2024-03-18T08:15:26.662+0000] {logging_mixin.py:188} INFO - [2024-03-18T08:15:26.661+0000] {dag.py:3047} INFO - Sync 1 DAGs
[2024-03-18T08:15:26.675+0000] {logging_mixin.py:188} INFO - [2024-03-18T08:15:26.675+0000] {dag.py:3834} INFO - Setting next_dagrun for tutorial_objectstorage to None, run_after=None
[2024-03-18T08:15:26.701+0000] {processor.py:183} INFO - Processing /home/ubuntu/air_venv/lib/python3.10/site-packages/airflow/example_dags/tutorial_objectstorage.py took 0.086 seconds
[2024-03-18T08:16:20.031+0000] {processor.py:161} INFO - Started process (PID=11055) to work on /home/ubuntu/air_venv/lib/python3.10/site-packages/airflow/example_dags/tutorial_objectstorage.py
[2024-03-18T08:16:20.033+0000] {processor.py:830} INFO - Processing file /home/ubuntu/air_venv/lib/python3.10/site-packages/airflow/example_dags/tutorial_objectstorage.py for tasks to queue
[2024-03-18T08:16:20.034+0000] {logging_mixin.py:188} INFO - [2024-03-18T08:16:20.033+0000] {dagbag.py:540} INFO - Filling up the DagBag from /home/ubuntu/air_venv/lib/python3.10/site-packages/airflow/example_dags/tutorial_objectstorage.py
[2024-03-18T08:16:20.043+0000] {processor.py:840} INFO - DAG(s) 'tutorial_objectstorage' retrieved from /home/ubuntu/air_venv/lib/python3.10/site-packages/airflow/example_dags/tutorial_objectstorage.py
[2024-03-18T08:16:20.060+0000] {logging_mixin.py:188} INFO - [2024-03-18T08:16:20.059+0000] {dag.py:3047} INFO - Sync 1 DAGs
[2024-03-18T08:16:20.073+0000] {logging_mixin.py:188} INFO - [2024-03-18T08:16:20.072+0000] {dag.py:3834} INFO - Setting next_dagrun for tutorial_objectstorage to None, run_after=None
[2024-03-18T08:16:20.099+0000] {processor.py:183} INFO - Processing /home/ubuntu/air_venv/lib/python3.10/site-packages/airflow/example_dags/tutorial_objectstorage.py took 0.072 seconds
[2024-03-18T08:17:09.497+0000] {processor.py:161} INFO - Started process (PID=11706) to work on /home/ubuntu/air_venv/lib/python3.10/site-packages/airflow/example_dags/tutorial_objectstorage.py
[2024-03-18T08:17:09.499+0000] {processor.py:830} INFO - Processing file /home/ubuntu/air_venv/lib/python3.10/site-packages/airflow/example_dags/tutorial_objectstorage.py for tasks to queue
[2024-03-18T08:17:09.500+0000] {logging_mixin.py:188} INFO - [2024-03-18T08:17:09.499+0000] {dagbag.py:540} INFO - Filling up the DagBag from /home/ubuntu/air_venv/lib/python3.10/site-packages/airflow/example_dags/tutorial_objectstorage.py
[2024-03-18T08:17:09.509+0000] {processor.py:840} INFO - DAG(s) 'tutorial_objectstorage' retrieved from /home/ubuntu/air_venv/lib/python3.10/site-packages/airflow/example_dags/tutorial_objectstorage.py
[2024-03-18T08:17:09.525+0000] {logging_mixin.py:188} INFO - [2024-03-18T08:17:09.525+0000] {dag.py:3047} INFO - Sync 1 DAGs
[2024-03-18T08:17:09.538+0000] {logging_mixin.py:188} INFO - [2024-03-18T08:17:09.538+0000] {dag.py:3834} INFO - Setting next_dagrun for tutorial_objectstorage to None, run_after=None
[2024-03-18T08:17:09.563+0000] {processor.py:183} INFO - Processing /home/ubuntu/air_venv/lib/python3.10/site-packages/airflow/example_dags/tutorial_objectstorage.py took 0.069 seconds
[2024-03-18T08:18:07.052+0000] {processor.py:161} INFO - Started process (PID=12399) to work on /home/ubuntu/air_venv/lib/python3.10/site-packages/airflow/example_dags/tutorial_objectstorage.py
[2024-03-18T08:18:07.054+0000] {processor.py:830} INFO - Processing file /home/ubuntu/air_venv/lib/python3.10/site-packages/airflow/example_dags/tutorial_objectstorage.py for tasks to queue
[2024-03-18T08:18:07.056+0000] {logging_mixin.py:188} INFO - [2024-03-18T08:18:07.055+0000] {dagbag.py:540} INFO - Filling up the DagBag from /home/ubuntu/air_venv/lib/python3.10/site-packages/airflow/example_dags/tutorial_objectstorage.py
[2024-03-18T08:18:07.065+0000] {processor.py:840} INFO - DAG(s) 'tutorial_objectstorage' retrieved from /home/ubuntu/air_venv/lib/python3.10/site-packages/airflow/example_dags/tutorial_objectstorage.py
[2024-03-18T08:18:07.083+0000] {logging_mixin.py:188} INFO - [2024-03-18T08:18:07.083+0000] {dag.py:3047} INFO - Sync 1 DAGs
[2024-03-18T08:18:07.097+0000] {logging_mixin.py:188} INFO - [2024-03-18T08:18:07.097+0000] {dag.py:3834} INFO - Setting next_dagrun for tutorial_objectstorage to None, run_after=None
[2024-03-18T08:18:07.129+0000] {processor.py:183} INFO - Processing /home/ubuntu/air_venv/lib/python3.10/site-packages/airflow/example_dags/tutorial_objectstorage.py took 0.080 seconds
[2024-03-18T08:18:58.625+0000] {processor.py:161} INFO - Started process (PID=12569) to work on /home/ubuntu/air_venv/lib/python3.10/site-packages/airflow/example_dags/tutorial_objectstorage.py
[2024-03-18T08:18:58.627+0000] {processor.py:830} INFO - Processing file /home/ubuntu/air_venv/lib/python3.10/site-packages/airflow/example_dags/tutorial_objectstorage.py for tasks to queue
[2024-03-18T08:18:58.628+0000] {logging_mixin.py:188} INFO - [2024-03-18T08:18:58.628+0000] {dagbag.py:540} INFO - Filling up the DagBag from /home/ubuntu/air_venv/lib/python3.10/site-packages/airflow/example_dags/tutorial_objectstorage.py
[2024-03-18T08:18:58.637+0000] {processor.py:840} INFO - DAG(s) 'tutorial_objectstorage' retrieved from /home/ubuntu/air_venv/lib/python3.10/site-packages/airflow/example_dags/tutorial_objectstorage.py
[2024-03-18T08:18:58.654+0000] {logging_mixin.py:188} INFO - [2024-03-18T08:18:58.653+0000] {dag.py:3047} INFO - Sync 1 DAGs
[2024-03-18T08:18:58.667+0000] {logging_mixin.py:188} INFO - [2024-03-18T08:18:58.667+0000] {dag.py:3834} INFO - Setting next_dagrun for tutorial_objectstorage to None, run_after=None
[2024-03-18T08:18:58.692+0000] {processor.py:183} INFO - Processing /home/ubuntu/air_venv/lib/python3.10/site-packages/airflow/example_dags/tutorial_objectstorage.py took 0.070 seconds
[2024-03-18T08:19:53.785+0000] {processor.py:161} INFO - Started process (PID=12982) to work on /home/ubuntu/air_venv/lib/python3.10/site-packages/airflow/example_dags/tutorial_objectstorage.py
[2024-03-18T08:19:53.789+0000] {processor.py:830} INFO - Processing file /home/ubuntu/air_venv/lib/python3.10/site-packages/airflow/example_dags/tutorial_objectstorage.py for tasks to queue
[2024-03-18T08:19:53.791+0000] {logging_mixin.py:188} INFO - [2024-03-18T08:19:53.791+0000] {dagbag.py:540} INFO - Filling up the DagBag from /home/ubuntu/air_venv/lib/python3.10/site-packages/airflow/example_dags/tutorial_objectstorage.py
[2024-03-18T08:19:53.810+0000] {processor.py:840} INFO - DAG(s) 'tutorial_objectstorage' retrieved from /home/ubuntu/air_venv/lib/python3.10/site-packages/airflow/example_dags/tutorial_objectstorage.py
[2024-03-18T08:19:53.836+0000] {logging_mixin.py:188} INFO - [2024-03-18T08:19:53.836+0000] {dag.py:3047} INFO - Sync 1 DAGs
[2024-03-18T08:19:53.855+0000] {logging_mixin.py:188} INFO - [2024-03-18T08:19:53.854+0000] {dag.py:3834} INFO - Setting next_dagrun for tutorial_objectstorage to None, run_after=None
[2024-03-18T08:19:53.888+0000] {processor.py:183} INFO - Processing /home/ubuntu/air_venv/lib/python3.10/site-packages/airflow/example_dags/tutorial_objectstorage.py took 0.106 seconds
[2024-03-18T08:20:47.655+0000] {processor.py:161} INFO - Started process (PID=13332) to work on /home/ubuntu/air_venv/lib/python3.10/site-packages/airflow/example_dags/tutorial_objectstorage.py
[2024-03-18T08:20:47.657+0000] {processor.py:830} INFO - Processing file /home/ubuntu/air_venv/lib/python3.10/site-packages/airflow/example_dags/tutorial_objectstorage.py for tasks to queue
[2024-03-18T08:20:47.658+0000] {logging_mixin.py:188} INFO - [2024-03-18T08:20:47.658+0000] {dagbag.py:540} INFO - Filling up the DagBag from /home/ubuntu/air_venv/lib/python3.10/site-packages/airflow/example_dags/tutorial_objectstorage.py
[2024-03-18T08:20:47.667+0000] {processor.py:840} INFO - DAG(s) 'tutorial_objectstorage' retrieved from /home/ubuntu/air_venv/lib/python3.10/site-packages/airflow/example_dags/tutorial_objectstorage.py
[2024-03-18T08:20:47.684+0000] {logging_mixin.py:188} INFO - [2024-03-18T08:20:47.683+0000] {dag.py:3047} INFO - Sync 1 DAGs
[2024-03-18T08:20:47.697+0000] {logging_mixin.py:188} INFO - [2024-03-18T08:20:47.696+0000] {dag.py:3834} INFO - Setting next_dagrun for tutorial_objectstorage to None, run_after=None
[2024-03-18T08:20:47.722+0000] {processor.py:183} INFO - Processing /home/ubuntu/air_venv/lib/python3.10/site-packages/airflow/example_dags/tutorial_objectstorage.py took 0.071 seconds
[2024-03-18T08:21:47.594+0000] {processor.py:161} INFO - Started process (PID=13751) to work on /home/ubuntu/air_venv/lib/python3.10/site-packages/airflow/example_dags/tutorial_objectstorage.py
[2024-03-18T08:21:47.596+0000] {processor.py:830} INFO - Processing file /home/ubuntu/air_venv/lib/python3.10/site-packages/airflow/example_dags/tutorial_objectstorage.py for tasks to queue
[2024-03-18T08:21:47.597+0000] {logging_mixin.py:188} INFO - [2024-03-18T08:21:47.596+0000] {dagbag.py:540} INFO - Filling up the DagBag from /home/ubuntu/air_venv/lib/python3.10/site-packages/airflow/example_dags/tutorial_objectstorage.py
[2024-03-18T08:21:47.606+0000] {processor.py:840} INFO - DAG(s) 'tutorial_objectstorage' retrieved from /home/ubuntu/air_venv/lib/python3.10/site-packages/airflow/example_dags/tutorial_objectstorage.py
[2024-03-18T08:21:47.623+0000] {logging_mixin.py:188} INFO - [2024-03-18T08:21:47.622+0000] {dag.py:3047} INFO - Sync 1 DAGs
[2024-03-18T08:21:47.635+0000] {logging_mixin.py:188} INFO - [2024-03-18T08:21:47.635+0000] {dag.py:3834} INFO - Setting next_dagrun for tutorial_objectstorage to None, run_after=None
[2024-03-18T08:21:47.660+0000] {processor.py:183} INFO - Processing /home/ubuntu/air_venv/lib/python3.10/site-packages/airflow/example_dags/tutorial_objectstorage.py took 0.070 seconds
[2024-03-18T08:22:27.577+0000] {processor.py:161} INFO - Started process (PID=13913) to work on /home/ubuntu/air_venv/lib/python3.10/site-packages/airflow/example_dags/tutorial_objectstorage.py
[2024-03-18T08:22:27.579+0000] {processor.py:830} INFO - Processing file /home/ubuntu/air_venv/lib/python3.10/site-packages/airflow/example_dags/tutorial_objectstorage.py for tasks to queue
[2024-03-18T08:22:27.580+0000] {logging_mixin.py:188} INFO - [2024-03-18T08:22:27.580+0000] {dagbag.py:540} INFO - Filling up the DagBag from /home/ubuntu/air_venv/lib/python3.10/site-packages/airflow/example_dags/tutorial_objectstorage.py
[2024-03-18T08:22:27.589+0000] {processor.py:840} INFO - DAG(s) 'tutorial_objectstorage' retrieved from /home/ubuntu/air_venv/lib/python3.10/site-packages/airflow/example_dags/tutorial_objectstorage.py
[2024-03-18T08:22:27.606+0000] {logging_mixin.py:188} INFO - [2024-03-18T08:22:27.605+0000] {dag.py:3047} INFO - Sync 1 DAGs
[2024-03-18T08:22:27.619+0000] {logging_mixin.py:188} INFO - [2024-03-18T08:22:27.618+0000] {dag.py:3834} INFO - Setting next_dagrun for tutorial_objectstorage to None, run_after=None
[2024-03-18T08:22:27.645+0000] {processor.py:183} INFO - Processing /home/ubuntu/air_venv/lib/python3.10/site-packages/airflow/example_dags/tutorial_objectstorage.py took 0.071 seconds
[2024-03-18T08:23:04.557+0000] {processor.py:161} INFO - Started process (PID=14243) to work on /home/ubuntu/air_venv/lib/python3.10/site-packages/airflow/example_dags/tutorial_objectstorage.py
[2024-03-18T08:23:04.560+0000] {processor.py:830} INFO - Processing file /home/ubuntu/air_venv/lib/python3.10/site-packages/airflow/example_dags/tutorial_objectstorage.py for tasks to queue
[2024-03-18T08:23:04.561+0000] {logging_mixin.py:188} INFO - [2024-03-18T08:23:04.560+0000] {dagbag.py:540} INFO - Filling up the DagBag from /home/ubuntu/air_venv/lib/python3.10/site-packages/airflow/example_dags/tutorial_objectstorage.py
[2024-03-18T08:23:04.571+0000] {processor.py:840} INFO - DAG(s) 'tutorial_objectstorage' retrieved from /home/ubuntu/air_venv/lib/python3.10/site-packages/airflow/example_dags/tutorial_objectstorage.py
[2024-03-18T08:23:04.601+0000] {logging_mixin.py:188} INFO - [2024-03-18T08:23:04.601+0000] {dag.py:3047} INFO - Sync 1 DAGs
[2024-03-18T08:23:04.616+0000] {logging_mixin.py:188} INFO - [2024-03-18T08:23:04.616+0000] {dag.py:3834} INFO - Setting next_dagrun for tutorial_objectstorage to None, run_after=None
[2024-03-18T08:23:04.685+0000] {processor.py:183} INFO - Processing /home/ubuntu/air_venv/lib/python3.10/site-packages/airflow/example_dags/tutorial_objectstorage.py took 0.140 seconds
[2024-03-18T08:23:45.307+0000] {processor.py:161} INFO - Started process (PID=14533) to work on /home/ubuntu/air_venv/lib/python3.10/site-packages/airflow/example_dags/tutorial_objectstorage.py
[2024-03-18T08:23:45.309+0000] {processor.py:830} INFO - Processing file /home/ubuntu/air_venv/lib/python3.10/site-packages/airflow/example_dags/tutorial_objectstorage.py for tasks to queue
[2024-03-18T08:23:45.310+0000] {logging_mixin.py:188} INFO - [2024-03-18T08:23:45.310+0000] {dagbag.py:540} INFO - Filling up the DagBag from /home/ubuntu/air_venv/lib/python3.10/site-packages/airflow/example_dags/tutorial_objectstorage.py
[2024-03-18T08:23:45.319+0000] {processor.py:840} INFO - DAG(s) 'tutorial_objectstorage' retrieved from /home/ubuntu/air_venv/lib/python3.10/site-packages/airflow/example_dags/tutorial_objectstorage.py
[2024-03-18T08:23:45.336+0000] {logging_mixin.py:188} INFO - [2024-03-18T08:23:45.335+0000] {dag.py:3047} INFO - Sync 1 DAGs
[2024-03-18T08:23:45.349+0000] {logging_mixin.py:188} INFO - [2024-03-18T08:23:45.349+0000] {dag.py:3834} INFO - Setting next_dagrun for tutorial_objectstorage to None, run_after=None
[2024-03-18T08:23:45.374+0000] {processor.py:183} INFO - Processing /home/ubuntu/air_venv/lib/python3.10/site-packages/airflow/example_dags/tutorial_objectstorage.py took 0.070 seconds
[2024-03-18T08:24:23.826+0000] {processor.py:161} INFO - Started process (PID=14874) to work on /home/ubuntu/air_venv/lib/python3.10/site-packages/airflow/example_dags/tutorial_objectstorage.py
[2024-03-18T08:24:23.828+0000] {processor.py:830} INFO - Processing file /home/ubuntu/air_venv/lib/python3.10/site-packages/airflow/example_dags/tutorial_objectstorage.py for tasks to queue
[2024-03-18T08:24:23.829+0000] {logging_mixin.py:188} INFO - [2024-03-18T08:24:23.829+0000] {dagbag.py:540} INFO - Filling up the DagBag from /home/ubuntu/air_venv/lib/python3.10/site-packages/airflow/example_dags/tutorial_objectstorage.py
[2024-03-18T08:24:23.842+0000] {processor.py:840} INFO - DAG(s) 'tutorial_objectstorage' retrieved from /home/ubuntu/air_venv/lib/python3.10/site-packages/airflow/example_dags/tutorial_objectstorage.py
[2024-03-18T08:24:23.874+0000] {logging_mixin.py:188} INFO - [2024-03-18T08:24:23.873+0000] {dag.py:3047} INFO - Sync 1 DAGs
[2024-03-18T08:24:23.894+0000] {logging_mixin.py:188} INFO - [2024-03-18T08:24:23.894+0000] {dag.py:3834} INFO - Setting next_dagrun for tutorial_objectstorage to None, run_after=None
[2024-03-18T08:24:23.918+0000] {processor.py:183} INFO - Processing /home/ubuntu/air_venv/lib/python3.10/site-packages/airflow/example_dags/tutorial_objectstorage.py took 0.095 seconds
[2024-03-18T08:25:02.931+0000] {processor.py:161} INFO - Started process (PID=15204) to work on /home/ubuntu/air_venv/lib/python3.10/site-packages/airflow/example_dags/tutorial_objectstorage.py
[2024-03-18T08:25:02.932+0000] {processor.py:830} INFO - Processing file /home/ubuntu/air_venv/lib/python3.10/site-packages/airflow/example_dags/tutorial_objectstorage.py for tasks to queue
[2024-03-18T08:25:02.934+0000] {logging_mixin.py:188} INFO - [2024-03-18T08:25:02.933+0000] {dagbag.py:540} INFO - Filling up the DagBag from /home/ubuntu/air_venv/lib/python3.10/site-packages/airflow/example_dags/tutorial_objectstorage.py
[2024-03-18T08:25:03.086+0000] {processor.py:840} INFO - DAG(s) 'tutorial_objectstorage' retrieved from /home/ubuntu/air_venv/lib/python3.10/site-packages/airflow/example_dags/tutorial_objectstorage.py
[2024-03-18T08:25:03.269+0000] {logging_mixin.py:188} INFO - [2024-03-18T08:25:03.269+0000] {dag.py:3047} INFO - Sync 1 DAGs
[2024-03-18T08:25:03.426+0000] {logging_mixin.py:188} INFO - [2024-03-18T08:25:03.425+0000] {dag.py:3834} INFO - Setting next_dagrun for tutorial_objectstorage to None, run_after=None
[2024-03-18T08:25:03.685+0000] {processor.py:183} INFO - Processing /home/ubuntu/air_venv/lib/python3.10/site-packages/airflow/example_dags/tutorial_objectstorage.py took 0.791 seconds
[2024-03-18T08:25:48.759+0000] {processor.py:161} INFO - Started process (PID=15367) to work on /home/ubuntu/air_venv/lib/python3.10/site-packages/airflow/example_dags/tutorial_objectstorage.py
[2024-03-18T08:25:48.761+0000] {processor.py:830} INFO - Processing file /home/ubuntu/air_venv/lib/python3.10/site-packages/airflow/example_dags/tutorial_objectstorage.py for tasks to queue
[2024-03-18T08:25:48.762+0000] {logging_mixin.py:188} INFO - [2024-03-18T08:25:48.761+0000] {dagbag.py:540} INFO - Filling up the DagBag from /home/ubuntu/air_venv/lib/python3.10/site-packages/airflow/example_dags/tutorial_objectstorage.py
[2024-03-18T08:25:48.771+0000] {processor.py:840} INFO - DAG(s) 'tutorial_objectstorage' retrieved from /home/ubuntu/air_venv/lib/python3.10/site-packages/airflow/example_dags/tutorial_objectstorage.py
[2024-03-18T08:25:48.788+0000] {logging_mixin.py:188} INFO - [2024-03-18T08:25:48.787+0000] {dag.py:3047} INFO - Sync 1 DAGs
[2024-03-18T08:25:48.801+0000] {logging_mixin.py:188} INFO - [2024-03-18T08:25:48.801+0000] {dag.py:3834} INFO - Setting next_dagrun for tutorial_objectstorage to None, run_after=None
[2024-03-18T08:25:48.825+0000] {processor.py:183} INFO - Processing /home/ubuntu/air_venv/lib/python3.10/site-packages/airflow/example_dags/tutorial_objectstorage.py took 0.070 seconds
[2024-03-18T08:26:28.302+0000] {processor.py:161} INFO - Started process (PID=15406) to work on /home/ubuntu/air_venv/lib/python3.10/site-packages/airflow/example_dags/tutorial_objectstorage.py
[2024-03-18T08:26:28.304+0000] {processor.py:830} INFO - Processing file /home/ubuntu/air_venv/lib/python3.10/site-packages/airflow/example_dags/tutorial_objectstorage.py for tasks to queue
[2024-03-18T08:26:28.305+0000] {logging_mixin.py:188} INFO - [2024-03-18T08:26:28.304+0000] {dagbag.py:540} INFO - Filling up the DagBag from /home/ubuntu/air_venv/lib/python3.10/site-packages/airflow/example_dags/tutorial_objectstorage.py
[2024-03-18T08:26:28.314+0000] {processor.py:840} INFO - DAG(s) 'tutorial_objectstorage' retrieved from /home/ubuntu/air_venv/lib/python3.10/site-packages/airflow/example_dags/tutorial_objectstorage.py
[2024-03-18T08:26:28.330+0000] {logging_mixin.py:188} INFO - [2024-03-18T08:26:28.330+0000] {dag.py:3047} INFO - Sync 1 DAGs
[2024-03-18T08:26:28.343+0000] {logging_mixin.py:188} INFO - [2024-03-18T08:26:28.343+0000] {dag.py:3834} INFO - Setting next_dagrun for tutorial_objectstorage to None, run_after=None
[2024-03-18T08:26:28.374+0000] {processor.py:183} INFO - Processing /home/ubuntu/air_venv/lib/python3.10/site-packages/airflow/example_dags/tutorial_objectstorage.py took 0.076 seconds
[2024-03-18T08:27:10.165+0000] {processor.py:161} INFO - Started process (PID=15506) to work on /home/ubuntu/air_venv/lib/python3.10/site-packages/airflow/example_dags/tutorial_objectstorage.py
[2024-03-18T08:27:10.167+0000] {processor.py:830} INFO - Processing file /home/ubuntu/air_venv/lib/python3.10/site-packages/airflow/example_dags/tutorial_objectstorage.py for tasks to queue
[2024-03-18T08:27:10.168+0000] {logging_mixin.py:188} INFO - [2024-03-18T08:27:10.167+0000] {dagbag.py:540} INFO - Filling up the DagBag from /home/ubuntu/air_venv/lib/python3.10/site-packages/airflow/example_dags/tutorial_objectstorage.py
[2024-03-18T08:27:10.177+0000] {processor.py:840} INFO - DAG(s) 'tutorial_objectstorage' retrieved from /home/ubuntu/air_venv/lib/python3.10/site-packages/airflow/example_dags/tutorial_objectstorage.py
[2024-03-18T08:27:10.194+0000] {logging_mixin.py:188} INFO - [2024-03-18T08:27:10.194+0000] {dag.py:3047} INFO - Sync 1 DAGs
[2024-03-18T08:27:10.208+0000] {logging_mixin.py:188} INFO - [2024-03-18T08:27:10.207+0000] {dag.py:3834} INFO - Setting next_dagrun for tutorial_objectstorage to None, run_after=None
[2024-03-18T08:27:10.234+0000] {processor.py:183} INFO - Processing /home/ubuntu/air_venv/lib/python3.10/site-packages/airflow/example_dags/tutorial_objectstorage.py took 0.072 seconds
[2024-03-18T08:27:51.959+0000] {processor.py:161} INFO - Started process (PID=15608) to work on /home/ubuntu/air_venv/lib/python3.10/site-packages/airflow/example_dags/tutorial_objectstorage.py
[2024-03-18T08:27:51.960+0000] {processor.py:830} INFO - Processing file /home/ubuntu/air_venv/lib/python3.10/site-packages/airflow/example_dags/tutorial_objectstorage.py for tasks to queue
[2024-03-18T08:27:51.961+0000] {logging_mixin.py:188} INFO - [2024-03-18T08:27:51.961+0000] {dagbag.py:540} INFO - Filling up the DagBag from /home/ubuntu/air_venv/lib/python3.10/site-packages/airflow/example_dags/tutorial_objectstorage.py
[2024-03-18T08:27:51.970+0000] {processor.py:840} INFO - DAG(s) 'tutorial_objectstorage' retrieved from /home/ubuntu/air_venv/lib/python3.10/site-packages/airflow/example_dags/tutorial_objectstorage.py
[2024-03-18T08:27:51.987+0000] {logging_mixin.py:188} INFO - [2024-03-18T08:27:51.987+0000] {dag.py:3047} INFO - Sync 1 DAGs
[2024-03-18T08:27:52.000+0000] {logging_mixin.py:188} INFO - [2024-03-18T08:27:52.000+0000] {dag.py:3834} INFO - Setting next_dagrun for tutorial_objectstorage to None, run_after=None
[2024-03-18T08:27:52.026+0000] {processor.py:183} INFO - Processing /home/ubuntu/air_venv/lib/python3.10/site-packages/airflow/example_dags/tutorial_objectstorage.py took 0.071 seconds
[2024-03-18T08:28:34.168+0000] {processor.py:161} INFO - Started process (PID=15649) to work on /home/ubuntu/air_venv/lib/python3.10/site-packages/airflow/example_dags/tutorial_objectstorage.py
[2024-03-18T08:28:34.170+0000] {processor.py:830} INFO - Processing file /home/ubuntu/air_venv/lib/python3.10/site-packages/airflow/example_dags/tutorial_objectstorage.py for tasks to queue
[2024-03-18T08:28:34.171+0000] {logging_mixin.py:188} INFO - [2024-03-18T08:28:34.171+0000] {dagbag.py:540} INFO - Filling up the DagBag from /home/ubuntu/air_venv/lib/python3.10/site-packages/airflow/example_dags/tutorial_objectstorage.py
[2024-03-18T08:28:34.180+0000] {processor.py:840} INFO - DAG(s) 'tutorial_objectstorage' retrieved from /home/ubuntu/air_venv/lib/python3.10/site-packages/airflow/example_dags/tutorial_objectstorage.py
[2024-03-18T08:28:34.197+0000] {logging_mixin.py:188} INFO - [2024-03-18T08:28:34.197+0000] {dag.py:3047} INFO - Sync 1 DAGs
[2024-03-18T08:28:34.210+0000] {logging_mixin.py:188} INFO - [2024-03-18T08:28:34.209+0000] {dag.py:3834} INFO - Setting next_dagrun for tutorial_objectstorage to None, run_after=None
[2024-03-18T08:28:34.234+0000] {processor.py:183} INFO - Processing /home/ubuntu/air_venv/lib/python3.10/site-packages/airflow/example_dags/tutorial_objectstorage.py took 0.069 seconds
[2024-03-18T08:29:16.454+0000] {processor.py:161} INFO - Started process (PID=15750) to work on /home/ubuntu/air_venv/lib/python3.10/site-packages/airflow/example_dags/tutorial_objectstorage.py
[2024-03-18T08:29:16.456+0000] {processor.py:830} INFO - Processing file /home/ubuntu/air_venv/lib/python3.10/site-packages/airflow/example_dags/tutorial_objectstorage.py for tasks to queue
[2024-03-18T08:29:16.457+0000] {logging_mixin.py:188} INFO - [2024-03-18T08:29:16.457+0000] {dagbag.py:540} INFO - Filling up the DagBag from /home/ubuntu/air_venv/lib/python3.10/site-packages/airflow/example_dags/tutorial_objectstorage.py
[2024-03-18T08:29:16.466+0000] {processor.py:840} INFO - DAG(s) 'tutorial_objectstorage' retrieved from /home/ubuntu/air_venv/lib/python3.10/site-packages/airflow/example_dags/tutorial_objectstorage.py
[2024-03-18T08:29:16.483+0000] {logging_mixin.py:188} INFO - [2024-03-18T08:29:16.483+0000] {dag.py:3047} INFO - Sync 1 DAGs
[2024-03-18T08:29:16.496+0000] {logging_mixin.py:188} INFO - [2024-03-18T08:29:16.496+0000] {dag.py:3834} INFO - Setting next_dagrun for tutorial_objectstorage to None, run_after=None
[2024-03-18T08:29:16.521+0000] {processor.py:183} INFO - Processing /home/ubuntu/air_venv/lib/python3.10/site-packages/airflow/example_dags/tutorial_objectstorage.py took 0.070 seconds
