[2024-03-18T07:59:35.334+0000] {processor.py:161} INFO - Started process (PID=2538) to work on /home/ubuntu/air_venv/lib/python3.10/site-packages/airflow/example_dags/subdags/subdag.py
[2024-03-18T07:59:35.339+0000] {processor.py:830} INFO - Processing file /home/ubuntu/air_venv/lib/python3.10/site-packages/airflow/example_dags/subdags/subdag.py for tasks to queue
[2024-03-18T07:59:35.341+0000] {logging_mixin.py:188} INFO - [2024-03-18T07:59:35.341+0000] {dagbag.py:540} INFO - Filling up the DagBag from /home/ubuntu/air_venv/lib/python3.10/site-packages/airflow/example_dags/subdags/subdag.py
[2024-03-18T07:59:35.344+0000] {processor.py:842} WARNING - No viable dags retrieved from /home/ubuntu/air_venv/lib/python3.10/site-packages/airflow/example_dags/subdags/subdag.py
[2024-03-18T07:59:35.366+0000] {processor.py:183} INFO - Processing /home/ubuntu/air_venv/lib/python3.10/site-packages/airflow/example_dags/subdags/subdag.py took 0.042 seconds
[2024-03-18T08:00:43.262+0000] {processor.py:161} INFO - Started process (PID=3247) to work on /home/ubuntu/air_venv/lib/python3.10/site-packages/airflow/example_dags/subdags/subdag.py
[2024-03-18T08:00:43.264+0000] {processor.py:830} INFO - Processing file /home/ubuntu/air_venv/lib/python3.10/site-packages/airflow/example_dags/subdags/subdag.py for tasks to queue
[2024-03-18T08:00:43.265+0000] {logging_mixin.py:188} INFO - [2024-03-18T08:00:43.264+0000] {dagbag.py:540} INFO - Filling up the DagBag from /home/ubuntu/air_venv/lib/python3.10/site-packages/airflow/example_dags/subdags/subdag.py
[2024-03-18T08:00:43.268+0000] {processor.py:842} WARNING - No viable dags retrieved from /home/ubuntu/air_venv/lib/python3.10/site-packages/airflow/example_dags/subdags/subdag.py
[2024-03-18T08:00:43.279+0000] {processor.py:183} INFO - Processing /home/ubuntu/air_venv/lib/python3.10/site-packages/airflow/example_dags/subdags/subdag.py took 0.021 seconds
[2024-03-18T08:01:33.869+0000] {processor.py:161} INFO - Started process (PID=3596) to work on /home/ubuntu/air_venv/lib/python3.10/site-packages/airflow/example_dags/subdags/subdag.py
[2024-03-18T08:01:33.871+0000] {processor.py:830} INFO - Processing file /home/ubuntu/air_venv/lib/python3.10/site-packages/airflow/example_dags/subdags/subdag.py for tasks to queue
[2024-03-18T08:01:33.872+0000] {logging_mixin.py:188} INFO - [2024-03-18T08:01:33.871+0000] {dagbag.py:540} INFO - Filling up the DagBag from /home/ubuntu/air_venv/lib/python3.10/site-packages/airflow/example_dags/subdags/subdag.py
[2024-03-18T08:01:33.874+0000] {processor.py:842} WARNING - No viable dags retrieved from /home/ubuntu/air_venv/lib/python3.10/site-packages/airflow/example_dags/subdags/subdag.py
[2024-03-18T08:01:33.886+0000] {processor.py:183} INFO - Processing /home/ubuntu/air_venv/lib/python3.10/site-packages/airflow/example_dags/subdags/subdag.py took 0.021 seconds
[2024-03-18T08:02:23.279+0000] {processor.py:161} INFO - Started process (PID=4181) to work on /home/ubuntu/air_venv/lib/python3.10/site-packages/airflow/example_dags/subdags/subdag.py
[2024-03-18T08:02:23.281+0000] {processor.py:830} INFO - Processing file /home/ubuntu/air_venv/lib/python3.10/site-packages/airflow/example_dags/subdags/subdag.py for tasks to queue
[2024-03-18T08:02:23.282+0000] {logging_mixin.py:188} INFO - [2024-03-18T08:02:23.281+0000] {dagbag.py:540} INFO - Filling up the DagBag from /home/ubuntu/air_venv/lib/python3.10/site-packages/airflow/example_dags/subdags/subdag.py
[2024-03-18T08:02:23.284+0000] {processor.py:842} WARNING - No viable dags retrieved from /home/ubuntu/air_venv/lib/python3.10/site-packages/airflow/example_dags/subdags/subdag.py
[2024-03-18T08:02:23.295+0000] {processor.py:183} INFO - Processing /home/ubuntu/air_venv/lib/python3.10/site-packages/airflow/example_dags/subdags/subdag.py took 0.020 seconds
[2024-03-18T08:02:53.766+0000] {processor.py:161} INFO - Started process (PID=4388) to work on /home/ubuntu/air_venv/lib/python3.10/site-packages/airflow/example_dags/subdags/subdag.py
[2024-03-18T08:02:53.767+0000] {processor.py:830} INFO - Processing file /home/ubuntu/air_venv/lib/python3.10/site-packages/airflow/example_dags/subdags/subdag.py for tasks to queue
[2024-03-18T08:02:53.768+0000] {logging_mixin.py:188} INFO - [2024-03-18T08:02:53.768+0000] {dagbag.py:540} INFO - Filling up the DagBag from /home/ubuntu/air_venv/lib/python3.10/site-packages/airflow/example_dags/subdags/subdag.py
[2024-03-18T08:02:53.771+0000] {processor.py:842} WARNING - No viable dags retrieved from /home/ubuntu/air_venv/lib/python3.10/site-packages/airflow/example_dags/subdags/subdag.py
[2024-03-18T08:02:53.925+0000] {processor.py:183} INFO - Processing /home/ubuntu/air_venv/lib/python3.10/site-packages/airflow/example_dags/subdags/subdag.py took 0.162 seconds
[2024-03-18T08:03:39.309+0000] {processor.py:161} INFO - Started process (PID=4553) to work on /home/ubuntu/air_venv/lib/python3.10/site-packages/airflow/example_dags/subdags/subdag.py
[2024-03-18T08:03:39.311+0000] {processor.py:830} INFO - Processing file /home/ubuntu/air_venv/lib/python3.10/site-packages/airflow/example_dags/subdags/subdag.py for tasks to queue
[2024-03-18T08:03:39.312+0000] {logging_mixin.py:188} INFO - [2024-03-18T08:03:39.311+0000] {dagbag.py:540} INFO - Filling up the DagBag from /home/ubuntu/air_venv/lib/python3.10/site-packages/airflow/example_dags/subdags/subdag.py
[2024-03-18T08:03:39.315+0000] {processor.py:842} WARNING - No viable dags retrieved from /home/ubuntu/air_venv/lib/python3.10/site-packages/airflow/example_dags/subdags/subdag.py
[2024-03-18T08:03:39.326+0000] {processor.py:183} INFO - Processing /home/ubuntu/air_venv/lib/python3.10/site-packages/airflow/example_dags/subdags/subdag.py took 0.021 seconds
[2024-03-18T08:04:23.546+0000] {processor.py:161} INFO - Started process (PID=5077) to work on /home/ubuntu/air_venv/lib/python3.10/site-packages/airflow/example_dags/subdags/subdag.py
[2024-03-18T08:04:23.548+0000] {processor.py:830} INFO - Processing file /home/ubuntu/air_venv/lib/python3.10/site-packages/airflow/example_dags/subdags/subdag.py for tasks to queue
[2024-03-18T08:04:23.549+0000] {logging_mixin.py:188} INFO - [2024-03-18T08:04:23.549+0000] {dagbag.py:540} INFO - Filling up the DagBag from /home/ubuntu/air_venv/lib/python3.10/site-packages/airflow/example_dags/subdags/subdag.py
[2024-03-18T08:04:23.552+0000] {processor.py:842} WARNING - No viable dags retrieved from /home/ubuntu/air_venv/lib/python3.10/site-packages/airflow/example_dags/subdags/subdag.py
[2024-03-18T08:04:23.564+0000] {processor.py:183} INFO - Processing /home/ubuntu/air_venv/lib/python3.10/site-packages/airflow/example_dags/subdags/subdag.py took 0.021 seconds
[2024-03-18T08:05:17.035+0000] {processor.py:161} INFO - Started process (PID=5432) to work on /home/ubuntu/air_venv/lib/python3.10/site-packages/airflow/example_dags/subdags/subdag.py
[2024-03-18T08:05:17.037+0000] {processor.py:830} INFO - Processing file /home/ubuntu/air_venv/lib/python3.10/site-packages/airflow/example_dags/subdags/subdag.py for tasks to queue
[2024-03-18T08:05:17.038+0000] {logging_mixin.py:188} INFO - [2024-03-18T08:05:17.038+0000] {dagbag.py:540} INFO - Filling up the DagBag from /home/ubuntu/air_venv/lib/python3.10/site-packages/airflow/example_dags/subdags/subdag.py
[2024-03-18T08:05:17.041+0000] {processor.py:842} WARNING - No viable dags retrieved from /home/ubuntu/air_venv/lib/python3.10/site-packages/airflow/example_dags/subdags/subdag.py
[2024-03-18T08:05:17.053+0000] {processor.py:183} INFO - Processing /home/ubuntu/air_venv/lib/python3.10/site-packages/airflow/example_dags/subdags/subdag.py took 0.022 seconds
[2024-03-18T08:06:05.692+0000] {processor.py:161} INFO - Started process (PID=6022) to work on /home/ubuntu/air_venv/lib/python3.10/site-packages/airflow/example_dags/subdags/subdag.py
[2024-03-18T08:06:05.694+0000] {processor.py:830} INFO - Processing file /home/ubuntu/air_venv/lib/python3.10/site-packages/airflow/example_dags/subdags/subdag.py for tasks to queue
[2024-03-18T08:06:05.697+0000] {logging_mixin.py:188} INFO - [2024-03-18T08:06:05.696+0000] {dagbag.py:540} INFO - Filling up the DagBag from /home/ubuntu/air_venv/lib/python3.10/site-packages/airflow/example_dags/subdags/subdag.py
[2024-03-18T08:06:05.715+0000] {processor.py:842} WARNING - No viable dags retrieved from /home/ubuntu/air_venv/lib/python3.10/site-packages/airflow/example_dags/subdags/subdag.py
[2024-03-18T08:06:05.739+0000] {processor.py:183} INFO - Processing /home/ubuntu/air_venv/lib/python3.10/site-packages/airflow/example_dags/subdags/subdag.py took 0.064 seconds
[2024-03-18T08:06:56.428+0000] {processor.py:161} INFO - Started process (PID=6676) to work on /home/ubuntu/air_venv/lib/python3.10/site-packages/airflow/example_dags/subdags/subdag.py
[2024-03-18T08:06:56.429+0000] {processor.py:830} INFO - Processing file /home/ubuntu/air_venv/lib/python3.10/site-packages/airflow/example_dags/subdags/subdag.py for tasks to queue
[2024-03-18T08:06:56.431+0000] {logging_mixin.py:188} INFO - [2024-03-18T08:06:56.430+0000] {dagbag.py:540} INFO - Filling up the DagBag from /home/ubuntu/air_venv/lib/python3.10/site-packages/airflow/example_dags/subdags/subdag.py
[2024-03-18T08:06:56.434+0000] {processor.py:842} WARNING - No viable dags retrieved from /home/ubuntu/air_venv/lib/python3.10/site-packages/airflow/example_dags/subdags/subdag.py
[2024-03-18T08:06:56.445+0000] {processor.py:183} INFO - Processing /home/ubuntu/air_venv/lib/python3.10/site-packages/airflow/example_dags/subdags/subdag.py took 0.021 seconds
[2024-03-18T08:07:44.103+0000] {processor.py:161} INFO - Started process (PID=7202) to work on /home/ubuntu/air_venv/lib/python3.10/site-packages/airflow/example_dags/subdags/subdag.py
[2024-03-18T08:07:44.105+0000] {processor.py:830} INFO - Processing file /home/ubuntu/air_venv/lib/python3.10/site-packages/airflow/example_dags/subdags/subdag.py for tasks to queue
[2024-03-18T08:07:44.106+0000] {logging_mixin.py:188} INFO - [2024-03-18T08:07:44.105+0000] {dagbag.py:540} INFO - Filling up the DagBag from /home/ubuntu/air_venv/lib/python3.10/site-packages/airflow/example_dags/subdags/subdag.py
[2024-03-18T08:07:44.108+0000] {processor.py:842} WARNING - No viable dags retrieved from /home/ubuntu/air_venv/lib/python3.10/site-packages/airflow/example_dags/subdags/subdag.py
[2024-03-18T08:07:44.120+0000] {processor.py:183} INFO - Processing /home/ubuntu/air_venv/lib/python3.10/site-packages/airflow/example_dags/subdags/subdag.py took 0.021 seconds
[2024-03-18T08:08:32.366+0000] {processor.py:161} INFO - Started process (PID=7371) to work on /home/ubuntu/air_venv/lib/python3.10/site-packages/airflow/example_dags/subdags/subdag.py
[2024-03-18T08:08:32.368+0000] {processor.py:830} INFO - Processing file /home/ubuntu/air_venv/lib/python3.10/site-packages/airflow/example_dags/subdags/subdag.py for tasks to queue
[2024-03-18T08:08:32.369+0000] {logging_mixin.py:188} INFO - [2024-03-18T08:08:32.368+0000] {dagbag.py:540} INFO - Filling up the DagBag from /home/ubuntu/air_venv/lib/python3.10/site-packages/airflow/example_dags/subdags/subdag.py
[2024-03-18T08:08:32.372+0000] {processor.py:842} WARNING - No viable dags retrieved from /home/ubuntu/air_venv/lib/python3.10/site-packages/airflow/example_dags/subdags/subdag.py
[2024-03-18T08:08:32.384+0000] {processor.py:183} INFO - Processing /home/ubuntu/air_venv/lib/python3.10/site-packages/airflow/example_dags/subdags/subdag.py took 0.022 seconds
[2024-03-18T08:09:16.584+0000] {processor.py:161} INFO - Started process (PID=7747) to work on /home/ubuntu/air_venv/lib/python3.10/site-packages/airflow/example_dags/subdags/subdag.py
[2024-03-18T08:09:16.586+0000] {processor.py:830} INFO - Processing file /home/ubuntu/air_venv/lib/python3.10/site-packages/airflow/example_dags/subdags/subdag.py for tasks to queue
[2024-03-18T08:09:16.587+0000] {logging_mixin.py:188} INFO - [2024-03-18T08:09:16.586+0000] {dagbag.py:540} INFO - Filling up the DagBag from /home/ubuntu/air_venv/lib/python3.10/site-packages/airflow/example_dags/subdags/subdag.py
[2024-03-18T08:09:16.589+0000] {processor.py:842} WARNING - No viable dags retrieved from /home/ubuntu/air_venv/lib/python3.10/site-packages/airflow/example_dags/subdags/subdag.py
[2024-03-18T08:09:16.601+0000] {processor.py:183} INFO - Processing /home/ubuntu/air_venv/lib/python3.10/site-packages/airflow/example_dags/subdags/subdag.py took 0.020 seconds
[2024-03-18T08:09:57.929+0000] {processor.py:161} INFO - Started process (PID=8005) to work on /home/ubuntu/air_venv/lib/python3.10/site-packages/airflow/example_dags/subdags/subdag.py
[2024-03-18T08:09:57.931+0000] {processor.py:830} INFO - Processing file /home/ubuntu/air_venv/lib/python3.10/site-packages/airflow/example_dags/subdags/subdag.py for tasks to queue
[2024-03-18T08:09:57.932+0000] {logging_mixin.py:188} INFO - [2024-03-18T08:09:57.932+0000] {dagbag.py:540} INFO - Filling up the DagBag from /home/ubuntu/air_venv/lib/python3.10/site-packages/airflow/example_dags/subdags/subdag.py
[2024-03-18T08:09:57.935+0000] {processor.py:842} WARNING - No viable dags retrieved from /home/ubuntu/air_venv/lib/python3.10/site-packages/airflow/example_dags/subdags/subdag.py
[2024-03-18T08:09:57.947+0000] {processor.py:183} INFO - Processing /home/ubuntu/air_venv/lib/python3.10/site-packages/airflow/example_dags/subdags/subdag.py took 0.021 seconds
[2024-03-18T08:10:39.313+0000] {processor.py:161} INFO - Started process (PID=8346) to work on /home/ubuntu/air_venv/lib/python3.10/site-packages/airflow/example_dags/subdags/subdag.py
[2024-03-18T08:10:39.315+0000] {processor.py:830} INFO - Processing file /home/ubuntu/air_venv/lib/python3.10/site-packages/airflow/example_dags/subdags/subdag.py for tasks to queue
[2024-03-18T08:10:39.316+0000] {logging_mixin.py:188} INFO - [2024-03-18T08:10:39.315+0000] {dagbag.py:540} INFO - Filling up the DagBag from /home/ubuntu/air_venv/lib/python3.10/site-packages/airflow/example_dags/subdags/subdag.py
[2024-03-18T08:10:39.318+0000] {processor.py:842} WARNING - No viable dags retrieved from /home/ubuntu/air_venv/lib/python3.10/site-packages/airflow/example_dags/subdags/subdag.py
[2024-03-18T08:10:39.330+0000] {processor.py:183} INFO - Processing /home/ubuntu/air_venv/lib/python3.10/site-packages/airflow/example_dags/subdags/subdag.py took 0.020 seconds
[2024-03-18T08:11:18.106+0000] {processor.py:161} INFO - Started process (PID=8744) to work on /home/ubuntu/air_venv/lib/python3.10/site-packages/airflow/example_dags/subdags/subdag.py
[2024-03-18T08:11:18.107+0000] {processor.py:830} INFO - Processing file /home/ubuntu/air_venv/lib/python3.10/site-packages/airflow/example_dags/subdags/subdag.py for tasks to queue
[2024-03-18T08:11:18.108+0000] {logging_mixin.py:188} INFO - [2024-03-18T08:11:18.108+0000] {dagbag.py:540} INFO - Filling up the DagBag from /home/ubuntu/air_venv/lib/python3.10/site-packages/airflow/example_dags/subdags/subdag.py
[2024-03-18T08:11:18.111+0000] {processor.py:842} WARNING - No viable dags retrieved from /home/ubuntu/air_venv/lib/python3.10/site-packages/airflow/example_dags/subdags/subdag.py
[2024-03-18T08:11:18.123+0000] {processor.py:183} INFO - Processing /home/ubuntu/air_venv/lib/python3.10/site-packages/airflow/example_dags/subdags/subdag.py took 0.021 seconds
[2024-03-18T08:12:00.594+0000] {processor.py:161} INFO - Started process (PID=8969) to work on /home/ubuntu/air_venv/lib/python3.10/site-packages/airflow/example_dags/subdags/subdag.py
[2024-03-18T08:12:00.596+0000] {processor.py:830} INFO - Processing file /home/ubuntu/air_venv/lib/python3.10/site-packages/airflow/example_dags/subdags/subdag.py for tasks to queue
[2024-03-18T08:12:00.597+0000] {logging_mixin.py:188} INFO - [2024-03-18T08:12:00.596+0000] {dagbag.py:540} INFO - Filling up the DagBag from /home/ubuntu/air_venv/lib/python3.10/site-packages/airflow/example_dags/subdags/subdag.py
[2024-03-18T08:12:00.599+0000] {processor.py:842} WARNING - No viable dags retrieved from /home/ubuntu/air_venv/lib/python3.10/site-packages/airflow/example_dags/subdags/subdag.py
[2024-03-18T08:12:00.611+0000] {processor.py:183} INFO - Processing /home/ubuntu/air_venv/lib/python3.10/site-packages/airflow/example_dags/subdags/subdag.py took 0.021 seconds
[2024-03-18T08:12:41.272+0000] {processor.py:161} INFO - Started process (PID=9249) to work on /home/ubuntu/air_venv/lib/python3.10/site-packages/airflow/example_dags/subdags/subdag.py
[2024-03-18T08:12:41.274+0000] {processor.py:830} INFO - Processing file /home/ubuntu/air_venv/lib/python3.10/site-packages/airflow/example_dags/subdags/subdag.py for tasks to queue
[2024-03-18T08:12:41.275+0000] {logging_mixin.py:188} INFO - [2024-03-18T08:12:41.274+0000] {dagbag.py:540} INFO - Filling up the DagBag from /home/ubuntu/air_venv/lib/python3.10/site-packages/airflow/example_dags/subdags/subdag.py
[2024-03-18T08:12:41.277+0000] {processor.py:842} WARNING - No viable dags retrieved from /home/ubuntu/air_venv/lib/python3.10/site-packages/airflow/example_dags/subdags/subdag.py
[2024-03-18T08:12:41.289+0000] {processor.py:183} INFO - Processing /home/ubuntu/air_venv/lib/python3.10/site-packages/airflow/example_dags/subdags/subdag.py took 0.021 seconds
[2024-03-18T08:13:27.606+0000] {processor.py:161} INFO - Started process (PID=9533) to work on /home/ubuntu/air_venv/lib/python3.10/site-packages/airflow/example_dags/subdags/subdag.py
[2024-03-18T08:13:27.608+0000] {processor.py:830} INFO - Processing file /home/ubuntu/air_venv/lib/python3.10/site-packages/airflow/example_dags/subdags/subdag.py for tasks to queue
[2024-03-18T08:13:27.609+0000] {logging_mixin.py:188} INFO - [2024-03-18T08:13:27.608+0000] {dagbag.py:540} INFO - Filling up the DagBag from /home/ubuntu/air_venv/lib/python3.10/site-packages/airflow/example_dags/subdags/subdag.py
[2024-03-18T08:13:27.611+0000] {processor.py:842} WARNING - No viable dags retrieved from /home/ubuntu/air_venv/lib/python3.10/site-packages/airflow/example_dags/subdags/subdag.py
[2024-03-18T08:13:27.623+0000] {processor.py:183} INFO - Processing /home/ubuntu/air_venv/lib/python3.10/site-packages/airflow/example_dags/subdags/subdag.py took 0.020 seconds
[2024-03-18T08:14:07.405+0000] {processor.py:161} INFO - Started process (PID=9695) to work on /home/ubuntu/air_venv/lib/python3.10/site-packages/airflow/example_dags/subdags/subdag.py
[2024-03-18T08:14:07.406+0000] {processor.py:830} INFO - Processing file /home/ubuntu/air_venv/lib/python3.10/site-packages/airflow/example_dags/subdags/subdag.py for tasks to queue
[2024-03-18T08:14:07.408+0000] {logging_mixin.py:188} INFO - [2024-03-18T08:14:07.407+0000] {dagbag.py:540} INFO - Filling up the DagBag from /home/ubuntu/air_venv/lib/python3.10/site-packages/airflow/example_dags/subdags/subdag.py
[2024-03-18T08:14:07.410+0000] {processor.py:842} WARNING - No viable dags retrieved from /home/ubuntu/air_venv/lib/python3.10/site-packages/airflow/example_dags/subdags/subdag.py
[2024-03-18T08:14:07.422+0000] {processor.py:183} INFO - Processing /home/ubuntu/air_venv/lib/python3.10/site-packages/airflow/example_dags/subdags/subdag.py took 0.021 seconds
[2024-03-18T08:15:20.334+0000] {processor.py:161} INFO - Started process (PID=10372) to work on /home/ubuntu/air_venv/lib/python3.10/site-packages/airflow/example_dags/subdags/subdag.py
[2024-03-18T08:15:20.339+0000] {processor.py:830} INFO - Processing file /home/ubuntu/air_venv/lib/python3.10/site-packages/airflow/example_dags/subdags/subdag.py for tasks to queue
[2024-03-18T08:15:20.340+0000] {logging_mixin.py:188} INFO - [2024-03-18T08:15:20.340+0000] {dagbag.py:540} INFO - Filling up the DagBag from /home/ubuntu/air_venv/lib/python3.10/site-packages/airflow/example_dags/subdags/subdag.py
[2024-03-18T08:15:20.345+0000] {processor.py:842} WARNING - No viable dags retrieved from /home/ubuntu/air_venv/lib/python3.10/site-packages/airflow/example_dags/subdags/subdag.py
[2024-03-18T08:15:20.366+0000] {processor.py:183} INFO - Processing /home/ubuntu/air_venv/lib/python3.10/site-packages/airflow/example_dags/subdags/subdag.py took 0.043 seconds
[2024-03-18T08:16:14.357+0000] {processor.py:161} INFO - Started process (PID=11024) to work on /home/ubuntu/air_venv/lib/python3.10/site-packages/airflow/example_dags/subdags/subdag.py
[2024-03-18T08:16:14.359+0000] {processor.py:830} INFO - Processing file /home/ubuntu/air_venv/lib/python3.10/site-packages/airflow/example_dags/subdags/subdag.py for tasks to queue
[2024-03-18T08:16:14.360+0000] {logging_mixin.py:188} INFO - [2024-03-18T08:16:14.360+0000] {dagbag.py:540} INFO - Filling up the DagBag from /home/ubuntu/air_venv/lib/python3.10/site-packages/airflow/example_dags/subdags/subdag.py
[2024-03-18T08:16:14.363+0000] {processor.py:842} WARNING - No viable dags retrieved from /home/ubuntu/air_venv/lib/python3.10/site-packages/airflow/example_dags/subdags/subdag.py
[2024-03-18T08:16:14.375+0000] {processor.py:183} INFO - Processing /home/ubuntu/air_venv/lib/python3.10/site-packages/airflow/example_dags/subdags/subdag.py took 0.022 seconds
[2024-03-18T08:17:00.827+0000] {processor.py:161} INFO - Started process (PID=11612) to work on /home/ubuntu/air_venv/lib/python3.10/site-packages/airflow/example_dags/subdags/subdag.py
[2024-03-18T08:17:00.829+0000] {processor.py:830} INFO - Processing file /home/ubuntu/air_venv/lib/python3.10/site-packages/airflow/example_dags/subdags/subdag.py for tasks to queue
[2024-03-18T08:17:00.830+0000] {logging_mixin.py:188} INFO - [2024-03-18T08:17:00.829+0000] {dagbag.py:540} INFO - Filling up the DagBag from /home/ubuntu/air_venv/lib/python3.10/site-packages/airflow/example_dags/subdags/subdag.py
[2024-03-18T08:17:00.832+0000] {processor.py:842} WARNING - No viable dags retrieved from /home/ubuntu/air_venv/lib/python3.10/site-packages/airflow/example_dags/subdags/subdag.py
[2024-03-18T08:17:00.844+0000] {processor.py:183} INFO - Processing /home/ubuntu/air_venv/lib/python3.10/site-packages/airflow/example_dags/subdags/subdag.py took 0.020 seconds
[2024-03-18T08:17:59.936+0000] {processor.py:161} INFO - Started process (PID=12332) to work on /home/ubuntu/air_venv/lib/python3.10/site-packages/airflow/example_dags/subdags/subdag.py
[2024-03-18T08:17:59.938+0000] {processor.py:830} INFO - Processing file /home/ubuntu/air_venv/lib/python3.10/site-packages/airflow/example_dags/subdags/subdag.py for tasks to queue
[2024-03-18T08:17:59.939+0000] {logging_mixin.py:188} INFO - [2024-03-18T08:17:59.938+0000] {dagbag.py:540} INFO - Filling up the DagBag from /home/ubuntu/air_venv/lib/python3.10/site-packages/airflow/example_dags/subdags/subdag.py
[2024-03-18T08:17:59.948+0000] {processor.py:842} WARNING - No viable dags retrieved from /home/ubuntu/air_venv/lib/python3.10/site-packages/airflow/example_dags/subdags/subdag.py
[2024-03-18T08:17:59.960+0000] {processor.py:183} INFO - Processing /home/ubuntu/air_venv/lib/python3.10/site-packages/airflow/example_dags/subdags/subdag.py took 0.028 seconds
[2024-03-18T08:18:34.592+0000] {processor.py:161} INFO - Started process (PID=12486) to work on /home/ubuntu/air_venv/lib/python3.10/site-packages/airflow/example_dags/subdags/subdag.py
[2024-03-18T08:18:34.594+0000] {processor.py:830} INFO - Processing file /home/ubuntu/air_venv/lib/python3.10/site-packages/airflow/example_dags/subdags/subdag.py for tasks to queue
[2024-03-18T08:18:34.595+0000] {logging_mixin.py:188} INFO - [2024-03-18T08:18:34.595+0000] {dagbag.py:540} INFO - Filling up the DagBag from /home/ubuntu/air_venv/lib/python3.10/site-packages/airflow/example_dags/subdags/subdag.py
[2024-03-18T08:18:34.598+0000] {processor.py:842} WARNING - No viable dags retrieved from /home/ubuntu/air_venv/lib/python3.10/site-packages/airflow/example_dags/subdags/subdag.py
[2024-03-18T08:18:34.609+0000] {processor.py:183} INFO - Processing /home/ubuntu/air_venv/lib/python3.10/site-packages/airflow/example_dags/subdags/subdag.py took 0.020 seconds
[2024-03-18T08:19:19.916+0000] {processor.py:161} INFO - Started process (PID=12708) to work on /home/ubuntu/air_venv/lib/python3.10/site-packages/airflow/example_dags/subdags/subdag.py
[2024-03-18T08:19:19.918+0000] {processor.py:830} INFO - Processing file /home/ubuntu/air_venv/lib/python3.10/site-packages/airflow/example_dags/subdags/subdag.py for tasks to queue
[2024-03-18T08:19:19.919+0000] {logging_mixin.py:188} INFO - [2024-03-18T08:19:19.919+0000] {dagbag.py:540} INFO - Filling up the DagBag from /home/ubuntu/air_venv/lib/python3.10/site-packages/airflow/example_dags/subdags/subdag.py
[2024-03-18T08:19:19.922+0000] {processor.py:842} WARNING - No viable dags retrieved from /home/ubuntu/air_venv/lib/python3.10/site-packages/airflow/example_dags/subdags/subdag.py
[2024-03-18T08:19:19.933+0000] {processor.py:183} INFO - Processing /home/ubuntu/air_venv/lib/python3.10/site-packages/airflow/example_dags/subdags/subdag.py took 0.021 seconds
[2024-03-18T08:20:22.977+0000] {processor.py:161} INFO - Started process (PID=13248) to work on /home/ubuntu/air_venv/lib/python3.10/site-packages/airflow/example_dags/subdags/subdag.py
[2024-03-18T08:20:22.979+0000] {processor.py:830} INFO - Processing file /home/ubuntu/air_venv/lib/python3.10/site-packages/airflow/example_dags/subdags/subdag.py for tasks to queue
[2024-03-18T08:20:22.980+0000] {logging_mixin.py:188} INFO - [2024-03-18T08:20:22.980+0000] {dagbag.py:540} INFO - Filling up the DagBag from /home/ubuntu/air_venv/lib/python3.10/site-packages/airflow/example_dags/subdags/subdag.py
[2024-03-18T08:20:22.983+0000] {processor.py:842} WARNING - No viable dags retrieved from /home/ubuntu/air_venv/lib/python3.10/site-packages/airflow/example_dags/subdags/subdag.py
[2024-03-18T08:20:22.995+0000] {processor.py:183} INFO - Processing /home/ubuntu/air_venv/lib/python3.10/site-packages/airflow/example_dags/subdags/subdag.py took 0.022 seconds
[2024-03-18T08:21:19.265+0000] {processor.py:161} INFO - Started process (PID=13601) to work on /home/ubuntu/air_venv/lib/python3.10/site-packages/airflow/example_dags/subdags/subdag.py
[2024-03-18T08:21:19.266+0000] {processor.py:830} INFO - Processing file /home/ubuntu/air_venv/lib/python3.10/site-packages/airflow/example_dags/subdags/subdag.py for tasks to queue
[2024-03-18T08:21:19.268+0000] {logging_mixin.py:188} INFO - [2024-03-18T08:21:19.267+0000] {dagbag.py:540} INFO - Filling up the DagBag from /home/ubuntu/air_venv/lib/python3.10/site-packages/airflow/example_dags/subdags/subdag.py
[2024-03-18T08:21:19.270+0000] {processor.py:842} WARNING - No viable dags retrieved from /home/ubuntu/air_venv/lib/python3.10/site-packages/airflow/example_dags/subdags/subdag.py
[2024-03-18T08:21:19.281+0000] {processor.py:183} INFO - Processing /home/ubuntu/air_venv/lib/python3.10/site-packages/airflow/example_dags/subdags/subdag.py took 0.020 seconds
[2024-03-18T08:22:08.371+0000] {processor.py:161} INFO - Started process (PID=13834) to work on /home/ubuntu/air_venv/lib/python3.10/site-packages/airflow/example_dags/subdags/subdag.py
[2024-03-18T08:22:08.373+0000] {processor.py:830} INFO - Processing file /home/ubuntu/air_venv/lib/python3.10/site-packages/airflow/example_dags/subdags/subdag.py for tasks to queue
[2024-03-18T08:22:08.374+0000] {logging_mixin.py:188} INFO - [2024-03-18T08:22:08.373+0000] {dagbag.py:540} INFO - Filling up the DagBag from /home/ubuntu/air_venv/lib/python3.10/site-packages/airflow/example_dags/subdags/subdag.py
[2024-03-18T08:22:08.376+0000] {processor.py:842} WARNING - No viable dags retrieved from /home/ubuntu/air_venv/lib/python3.10/site-packages/airflow/example_dags/subdags/subdag.py
[2024-03-18T08:22:08.388+0000] {processor.py:183} INFO - Processing /home/ubuntu/air_venv/lib/python3.10/site-packages/airflow/example_dags/subdags/subdag.py took 0.021 seconds
[2024-03-18T08:22:47.660+0000] {processor.py:161} INFO - Started process (PID=14056) to work on /home/ubuntu/air_venv/lib/python3.10/site-packages/airflow/example_dags/subdags/subdag.py
[2024-03-18T08:22:47.662+0000] {processor.py:830} INFO - Processing file /home/ubuntu/air_venv/lib/python3.10/site-packages/airflow/example_dags/subdags/subdag.py for tasks to queue
[2024-03-18T08:22:47.663+0000] {logging_mixin.py:188} INFO - [2024-03-18T08:22:47.663+0000] {dagbag.py:540} INFO - Filling up the DagBag from /home/ubuntu/air_venv/lib/python3.10/site-packages/airflow/example_dags/subdags/subdag.py
[2024-03-18T08:22:47.666+0000] {processor.py:842} WARNING - No viable dags retrieved from /home/ubuntu/air_venv/lib/python3.10/site-packages/airflow/example_dags/subdags/subdag.py
[2024-03-18T08:22:47.678+0000] {processor.py:183} INFO - Processing /home/ubuntu/air_venv/lib/python3.10/site-packages/airflow/example_dags/subdags/subdag.py took 0.022 seconds
[2024-03-18T08:23:25.505+0000] {processor.py:161} INFO - Started process (PID=14393) to work on /home/ubuntu/air_venv/lib/python3.10/site-packages/airflow/example_dags/subdags/subdag.py
[2024-03-18T08:23:25.507+0000] {processor.py:830} INFO - Processing file /home/ubuntu/air_venv/lib/python3.10/site-packages/airflow/example_dags/subdags/subdag.py for tasks to queue
[2024-03-18T08:23:25.508+0000] {logging_mixin.py:188} INFO - [2024-03-18T08:23:25.508+0000] {dagbag.py:540} INFO - Filling up the DagBag from /home/ubuntu/air_venv/lib/python3.10/site-packages/airflow/example_dags/subdags/subdag.py
[2024-03-18T08:23:25.511+0000] {processor.py:842} WARNING - No viable dags retrieved from /home/ubuntu/air_venv/lib/python3.10/site-packages/airflow/example_dags/subdags/subdag.py
[2024-03-18T08:23:25.522+0000] {processor.py:183} INFO - Processing /home/ubuntu/air_venv/lib/python3.10/site-packages/airflow/example_dags/subdags/subdag.py took 0.021 seconds
[2024-03-18T08:24:06.940+0000] {processor.py:161} INFO - Started process (PID=14713) to work on /home/ubuntu/air_venv/lib/python3.10/site-packages/airflow/example_dags/subdags/subdag.py
[2024-03-18T08:24:06.947+0000] {processor.py:830} INFO - Processing file /home/ubuntu/air_venv/lib/python3.10/site-packages/airflow/example_dags/subdags/subdag.py for tasks to queue
[2024-03-18T08:24:06.949+0000] {logging_mixin.py:188} INFO - [2024-03-18T08:24:06.948+0000] {dagbag.py:540} INFO - Filling up the DagBag from /home/ubuntu/air_venv/lib/python3.10/site-packages/airflow/example_dags/subdags/subdag.py
[2024-03-18T08:24:06.953+0000] {processor.py:842} WARNING - No viable dags retrieved from /home/ubuntu/air_venv/lib/python3.10/site-packages/airflow/example_dags/subdags/subdag.py
[2024-03-18T08:24:06.987+0000] {processor.py:183} INFO - Processing /home/ubuntu/air_venv/lib/python3.10/site-packages/airflow/example_dags/subdags/subdag.py took 0.054 seconds
[2024-03-18T08:24:44.447+0000] {processor.py:161} INFO - Started process (PID=15004) to work on /home/ubuntu/air_venv/lib/python3.10/site-packages/airflow/example_dags/subdags/subdag.py
[2024-03-18T08:24:44.449+0000] {processor.py:830} INFO - Processing file /home/ubuntu/air_venv/lib/python3.10/site-packages/airflow/example_dags/subdags/subdag.py for tasks to queue
[2024-03-18T08:24:44.450+0000] {logging_mixin.py:188} INFO - [2024-03-18T08:24:44.450+0000] {dagbag.py:540} INFO - Filling up the DagBag from /home/ubuntu/air_venv/lib/python3.10/site-packages/airflow/example_dags/subdags/subdag.py
[2024-03-18T08:24:44.453+0000] {processor.py:842} WARNING - No viable dags retrieved from /home/ubuntu/air_venv/lib/python3.10/site-packages/airflow/example_dags/subdags/subdag.py
[2024-03-18T08:24:44.467+0000] {processor.py:183} INFO - Processing /home/ubuntu/air_venv/lib/python3.10/site-packages/airflow/example_dags/subdags/subdag.py took 0.023 seconds
[2024-03-18T08:25:26.921+0000] {processor.py:161} INFO - Started process (PID=15285) to work on /home/ubuntu/air_venv/lib/python3.10/site-packages/airflow/example_dags/subdags/subdag.py
[2024-03-18T08:25:26.923+0000] {processor.py:830} INFO - Processing file /home/ubuntu/air_venv/lib/python3.10/site-packages/airflow/example_dags/subdags/subdag.py for tasks to queue
[2024-03-18T08:25:26.924+0000] {logging_mixin.py:188} INFO - [2024-03-18T08:25:26.924+0000] {dagbag.py:540} INFO - Filling up the DagBag from /home/ubuntu/air_venv/lib/python3.10/site-packages/airflow/example_dags/subdags/subdag.py
[2024-03-18T08:25:26.927+0000] {processor.py:842} WARNING - No viable dags retrieved from /home/ubuntu/air_venv/lib/python3.10/site-packages/airflow/example_dags/subdags/subdag.py
[2024-03-18T08:25:26.939+0000] {processor.py:183} INFO - Processing /home/ubuntu/air_venv/lib/python3.10/site-packages/airflow/example_dags/subdags/subdag.py took 0.021 seconds
[2024-03-18T08:26:10.876+0000] {processor.py:161} INFO - Started process (PID=15388) to work on /home/ubuntu/air_venv/lib/python3.10/site-packages/airflow/example_dags/subdags/subdag.py
[2024-03-18T08:26:10.878+0000] {processor.py:830} INFO - Processing file /home/ubuntu/air_venv/lib/python3.10/site-packages/airflow/example_dags/subdags/subdag.py for tasks to queue
[2024-03-18T08:26:10.879+0000] {logging_mixin.py:188} INFO - [2024-03-18T08:26:10.879+0000] {dagbag.py:540} INFO - Filling up the DagBag from /home/ubuntu/air_venv/lib/python3.10/site-packages/airflow/example_dags/subdags/subdag.py
[2024-03-18T08:26:10.882+0000] {processor.py:842} WARNING - No viable dags retrieved from /home/ubuntu/air_venv/lib/python3.10/site-packages/airflow/example_dags/subdags/subdag.py
[2024-03-18T08:26:10.893+0000] {processor.py:183} INFO - Processing /home/ubuntu/air_venv/lib/python3.10/site-packages/airflow/example_dags/subdags/subdag.py took 0.020 seconds
[2024-03-18T08:26:51.187+0000] {processor.py:161} INFO - Started process (PID=15488) to work on /home/ubuntu/air_venv/lib/python3.10/site-packages/airflow/example_dags/subdags/subdag.py
[2024-03-18T08:26:51.189+0000] {processor.py:830} INFO - Processing file /home/ubuntu/air_venv/lib/python3.10/site-packages/airflow/example_dags/subdags/subdag.py for tasks to queue
[2024-03-18T08:26:51.190+0000] {logging_mixin.py:188} INFO - [2024-03-18T08:26:51.189+0000] {dagbag.py:540} INFO - Filling up the DagBag from /home/ubuntu/air_venv/lib/python3.10/site-packages/airflow/example_dags/subdags/subdag.py
[2024-03-18T08:26:51.192+0000] {processor.py:842} WARNING - No viable dags retrieved from /home/ubuntu/air_venv/lib/python3.10/site-packages/airflow/example_dags/subdags/subdag.py
[2024-03-18T08:26:51.204+0000] {processor.py:183} INFO - Processing /home/ubuntu/air_venv/lib/python3.10/site-packages/airflow/example_dags/subdags/subdag.py took 0.021 seconds
[2024-03-18T08:27:33.004+0000] {processor.py:161} INFO - Started process (PID=15530) to work on /home/ubuntu/air_venv/lib/python3.10/site-packages/airflow/example_dags/subdags/subdag.py
[2024-03-18T08:27:33.006+0000] {processor.py:830} INFO - Processing file /home/ubuntu/air_venv/lib/python3.10/site-packages/airflow/example_dags/subdags/subdag.py for tasks to queue
[2024-03-18T08:27:33.007+0000] {logging_mixin.py:188} INFO - [2024-03-18T08:27:33.006+0000] {dagbag.py:540} INFO - Filling up the DagBag from /home/ubuntu/air_venv/lib/python3.10/site-packages/airflow/example_dags/subdags/subdag.py
[2024-03-18T08:27:33.009+0000] {processor.py:842} WARNING - No viable dags retrieved from /home/ubuntu/air_venv/lib/python3.10/site-packages/airflow/example_dags/subdags/subdag.py
[2024-03-18T08:27:33.021+0000] {processor.py:183} INFO - Processing /home/ubuntu/air_venv/lib/python3.10/site-packages/airflow/example_dags/subdags/subdag.py took 0.021 seconds
[2024-03-18T08:28:14.707+0000] {processor.py:161} INFO - Started process (PID=15630) to work on /home/ubuntu/air_venv/lib/python3.10/site-packages/airflow/example_dags/subdags/subdag.py
[2024-03-18T08:28:14.709+0000] {processor.py:830} INFO - Processing file /home/ubuntu/air_venv/lib/python3.10/site-packages/airflow/example_dags/subdags/subdag.py for tasks to queue
[2024-03-18T08:28:14.710+0000] {logging_mixin.py:188} INFO - [2024-03-18T08:28:14.709+0000] {dagbag.py:540} INFO - Filling up the DagBag from /home/ubuntu/air_venv/lib/python3.10/site-packages/airflow/example_dags/subdags/subdag.py
[2024-03-18T08:28:14.712+0000] {processor.py:842} WARNING - No viable dags retrieved from /home/ubuntu/air_venv/lib/python3.10/site-packages/airflow/example_dags/subdags/subdag.py
[2024-03-18T08:28:14.724+0000] {processor.py:183} INFO - Processing /home/ubuntu/air_venv/lib/python3.10/site-packages/airflow/example_dags/subdags/subdag.py took 0.021 seconds
[2024-03-18T08:28:56.164+0000] {processor.py:161} INFO - Started process (PID=15731) to work on /home/ubuntu/air_venv/lib/python3.10/site-packages/airflow/example_dags/subdags/subdag.py
[2024-03-18T08:28:56.166+0000] {processor.py:830} INFO - Processing file /home/ubuntu/air_venv/lib/python3.10/site-packages/airflow/example_dags/subdags/subdag.py for tasks to queue
[2024-03-18T08:28:56.167+0000] {logging_mixin.py:188} INFO - [2024-03-18T08:28:56.167+0000] {dagbag.py:540} INFO - Filling up the DagBag from /home/ubuntu/air_venv/lib/python3.10/site-packages/airflow/example_dags/subdags/subdag.py
[2024-03-18T08:28:56.170+0000] {processor.py:842} WARNING - No viable dags retrieved from /home/ubuntu/air_venv/lib/python3.10/site-packages/airflow/example_dags/subdags/subdag.py
[2024-03-18T08:28:56.181+0000] {processor.py:183} INFO - Processing /home/ubuntu/air_venv/lib/python3.10/site-packages/airflow/example_dags/subdags/subdag.py took 0.020 seconds
[2024-03-18T08:29:40.603+0000] {processor.py:161} INFO - Started process (PID=15798) to work on /home/ubuntu/air_venv/lib/python3.10/site-packages/airflow/example_dags/subdags/subdag.py
[2024-03-18T08:29:40.605+0000] {processor.py:830} INFO - Processing file /home/ubuntu/air_venv/lib/python3.10/site-packages/airflow/example_dags/subdags/subdag.py for tasks to queue
[2024-03-18T08:29:40.607+0000] {logging_mixin.py:188} INFO - [2024-03-18T08:29:40.606+0000] {dagbag.py:540} INFO - Filling up the DagBag from /home/ubuntu/air_venv/lib/python3.10/site-packages/airflow/example_dags/subdags/subdag.py
[2024-03-18T08:29:40.609+0000] {processor.py:842} WARNING - No viable dags retrieved from /home/ubuntu/air_venv/lib/python3.10/site-packages/airflow/example_dags/subdags/subdag.py
[2024-03-18T08:29:40.620+0000] {processor.py:183} INFO - Processing /home/ubuntu/air_venv/lib/python3.10/site-packages/airflow/example_dags/subdags/subdag.py took 0.021 seconds
