[2024-03-18T07:59:41.321+0000] {processor.py:161} INFO - Started process (PID=2591) to work on /home/ubuntu/air_venv/lib/python3.10/site-packages/airflow/example_dags/plugins/event_listener.py
[2024-03-18T07:59:41.322+0000] {processor.py:830} INFO - Processing file /home/ubuntu/air_venv/lib/python3.10/site-packages/airflow/example_dags/plugins/event_listener.py for tasks to queue
[2024-03-18T07:59:41.324+0000] {logging_mixin.py:188} INFO - [2024-03-18T07:59:41.324+0000] {dagbag.py:540} INFO - Filling up the DagBag from /home/ubuntu/air_venv/lib/python3.10/site-packages/airflow/example_dags/plugins/event_listener.py
[2024-03-18T07:59:41.332+0000] {processor.py:842} WARNING - No viable dags retrieved from /home/ubuntu/air_venv/lib/python3.10/site-packages/airflow/example_dags/plugins/event_listener.py
[2024-03-18T07:59:41.388+0000] {processor.py:183} INFO - Processing /home/ubuntu/air_venv/lib/python3.10/site-packages/airflow/example_dags/plugins/event_listener.py took 0.076 seconds
[2024-03-18T08:00:47.261+0000] {processor.py:161} INFO - Started process (PID=3251) to work on /home/ubuntu/air_venv/lib/python3.10/site-packages/airflow/example_dags/plugins/event_listener.py
[2024-03-18T08:00:47.263+0000] {processor.py:830} INFO - Processing file /home/ubuntu/air_venv/lib/python3.10/site-packages/airflow/example_dags/plugins/event_listener.py for tasks to queue
[2024-03-18T08:00:47.265+0000] {logging_mixin.py:188} INFO - [2024-03-18T08:00:47.264+0000] {dagbag.py:540} INFO - Filling up the DagBag from /home/ubuntu/air_venv/lib/python3.10/site-packages/airflow/example_dags/plugins/event_listener.py
[2024-03-18T08:00:47.267+0000] {processor.py:842} WARNING - No viable dags retrieved from /home/ubuntu/air_venv/lib/python3.10/site-packages/airflow/example_dags/plugins/event_listener.py
[2024-03-18T08:00:47.279+0000] {processor.py:183} INFO - Processing /home/ubuntu/air_venv/lib/python3.10/site-packages/airflow/example_dags/plugins/event_listener.py took 0.021 seconds
[2024-03-18T08:01:37.337+0000] {processor.py:161} INFO - Started process (PID=3625) to work on /home/ubuntu/air_venv/lib/python3.10/site-packages/airflow/example_dags/plugins/event_listener.py
[2024-03-18T08:01:37.339+0000] {processor.py:830} INFO - Processing file /home/ubuntu/air_venv/lib/python3.10/site-packages/airflow/example_dags/plugins/event_listener.py for tasks to queue
[2024-03-18T08:01:37.340+0000] {logging_mixin.py:188} INFO - [2024-03-18T08:01:37.340+0000] {dagbag.py:540} INFO - Filling up the DagBag from /home/ubuntu/air_venv/lib/python3.10/site-packages/airflow/example_dags/plugins/event_listener.py
[2024-03-18T08:01:37.344+0000] {processor.py:842} WARNING - No viable dags retrieved from /home/ubuntu/air_venv/lib/python3.10/site-packages/airflow/example_dags/plugins/event_listener.py
[2024-03-18T08:01:37.360+0000] {processor.py:183} INFO - Processing /home/ubuntu/air_venv/lib/python3.10/site-packages/airflow/example_dags/plugins/event_listener.py took 0.027 seconds
[2024-03-18T08:02:27.717+0000] {processor.py:161} INFO - Started process (PID=4186) to work on /home/ubuntu/air_venv/lib/python3.10/site-packages/airflow/example_dags/plugins/event_listener.py
[2024-03-18T08:02:27.718+0000] {processor.py:830} INFO - Processing file /home/ubuntu/air_venv/lib/python3.10/site-packages/airflow/example_dags/plugins/event_listener.py for tasks to queue
[2024-03-18T08:02:27.720+0000] {logging_mixin.py:188} INFO - [2024-03-18T08:02:27.719+0000] {dagbag.py:540} INFO - Filling up the DagBag from /home/ubuntu/air_venv/lib/python3.10/site-packages/airflow/example_dags/plugins/event_listener.py
[2024-03-18T08:02:27.722+0000] {processor.py:842} WARNING - No viable dags retrieved from /home/ubuntu/air_venv/lib/python3.10/site-packages/airflow/example_dags/plugins/event_listener.py
[2024-03-18T08:02:27.733+0000] {processor.py:183} INFO - Processing /home/ubuntu/air_venv/lib/python3.10/site-packages/airflow/example_dags/plugins/event_listener.py took 0.020 seconds
[2024-03-18T08:03:21.109+0000] {processor.py:161} INFO - Started process (PID=4474) to work on /home/ubuntu/air_venv/lib/python3.10/site-packages/airflow/example_dags/plugins/event_listener.py
[2024-03-18T08:03:21.111+0000] {processor.py:830} INFO - Processing file /home/ubuntu/air_venv/lib/python3.10/site-packages/airflow/example_dags/plugins/event_listener.py for tasks to queue
[2024-03-18T08:03:21.112+0000] {logging_mixin.py:188} INFO - [2024-03-18T08:03:21.112+0000] {dagbag.py:540} INFO - Filling up the DagBag from /home/ubuntu/air_venv/lib/python3.10/site-packages/airflow/example_dags/plugins/event_listener.py
[2024-03-18T08:03:21.116+0000] {processor.py:842} WARNING - No viable dags retrieved from /home/ubuntu/air_venv/lib/python3.10/site-packages/airflow/example_dags/plugins/event_listener.py
[2024-03-18T08:03:21.128+0000] {processor.py:183} INFO - Processing /home/ubuntu/air_venv/lib/python3.10/site-packages/airflow/example_dags/plugins/event_listener.py took 0.022 seconds
[2024-03-18T08:04:05.900+0000] {processor.py:161} INFO - Started process (PID=4878) to work on /home/ubuntu/air_venv/lib/python3.10/site-packages/airflow/example_dags/plugins/event_listener.py
[2024-03-18T08:04:05.902+0000] {processor.py:830} INFO - Processing file /home/ubuntu/air_venv/lib/python3.10/site-packages/airflow/example_dags/plugins/event_listener.py for tasks to queue
[2024-03-18T08:04:05.903+0000] {logging_mixin.py:188} INFO - [2024-03-18T08:04:05.903+0000] {dagbag.py:540} INFO - Filling up the DagBag from /home/ubuntu/air_venv/lib/python3.10/site-packages/airflow/example_dags/plugins/event_listener.py
[2024-03-18T08:04:05.906+0000] {processor.py:842} WARNING - No viable dags retrieved from /home/ubuntu/air_venv/lib/python3.10/site-packages/airflow/example_dags/plugins/event_listener.py
[2024-03-18T08:04:05.918+0000] {processor.py:183} INFO - Processing /home/ubuntu/air_venv/lib/python3.10/site-packages/airflow/example_dags/plugins/event_listener.py took 0.021 seconds
[2024-03-18T08:04:53.042+0000] {processor.py:161} INFO - Started process (PID=5232) to work on /home/ubuntu/air_venv/lib/python3.10/site-packages/airflow/example_dags/plugins/event_listener.py
[2024-03-18T08:04:53.044+0000] {processor.py:830} INFO - Processing file /home/ubuntu/air_venv/lib/python3.10/site-packages/airflow/example_dags/plugins/event_listener.py for tasks to queue
[2024-03-18T08:04:53.045+0000] {logging_mixin.py:188} INFO - [2024-03-18T08:04:53.045+0000] {dagbag.py:540} INFO - Filling up the DagBag from /home/ubuntu/air_venv/lib/python3.10/site-packages/airflow/example_dags/plugins/event_listener.py
[2024-03-18T08:04:53.048+0000] {processor.py:842} WARNING - No viable dags retrieved from /home/ubuntu/air_venv/lib/python3.10/site-packages/airflow/example_dags/plugins/event_listener.py
[2024-03-18T08:04:53.060+0000] {processor.py:183} INFO - Processing /home/ubuntu/air_venv/lib/python3.10/site-packages/airflow/example_dags/plugins/event_listener.py took 0.021 seconds
[2024-03-18T08:05:46.677+0000] {processor.py:161} INFO - Started process (PID=5822) to work on /home/ubuntu/air_venv/lib/python3.10/site-packages/airflow/example_dags/plugins/event_listener.py
[2024-03-18T08:05:46.678+0000] {processor.py:830} INFO - Processing file /home/ubuntu/air_venv/lib/python3.10/site-packages/airflow/example_dags/plugins/event_listener.py for tasks to queue
[2024-03-18T08:05:46.680+0000] {logging_mixin.py:188} INFO - [2024-03-18T08:05:46.679+0000] {dagbag.py:540} INFO - Filling up the DagBag from /home/ubuntu/air_venv/lib/python3.10/site-packages/airflow/example_dags/plugins/event_listener.py
[2024-03-18T08:05:46.683+0000] {processor.py:842} WARNING - No viable dags retrieved from /home/ubuntu/air_venv/lib/python3.10/site-packages/airflow/example_dags/plugins/event_listener.py
[2024-03-18T08:05:46.694+0000] {processor.py:183} INFO - Processing /home/ubuntu/air_venv/lib/python3.10/site-packages/airflow/example_dags/plugins/event_listener.py took 0.021 seconds
[2024-03-18T08:07:00.429+0000] {processor.py:161} INFO - Started process (PID=6740) to work on /home/ubuntu/air_venv/lib/python3.10/site-packages/airflow/example_dags/plugins/event_listener.py
[2024-03-18T08:07:00.431+0000] {processor.py:830} INFO - Processing file /home/ubuntu/air_venv/lib/python3.10/site-packages/airflow/example_dags/plugins/event_listener.py for tasks to queue
[2024-03-18T08:07:00.432+0000] {logging_mixin.py:188} INFO - [2024-03-18T08:07:00.432+0000] {dagbag.py:540} INFO - Filling up the DagBag from /home/ubuntu/air_venv/lib/python3.10/site-packages/airflow/example_dags/plugins/event_listener.py
[2024-03-18T08:07:00.435+0000] {processor.py:842} WARNING - No viable dags retrieved from /home/ubuntu/air_venv/lib/python3.10/site-packages/airflow/example_dags/plugins/event_listener.py
[2024-03-18T08:07:00.447+0000] {processor.py:183} INFO - Processing /home/ubuntu/air_venv/lib/python3.10/site-packages/airflow/example_dags/plugins/event_listener.py took 0.021 seconds
[2024-03-18T08:07:48.582+0000] {processor.py:161} INFO - Started process (PID=7206) to work on /home/ubuntu/air_venv/lib/python3.10/site-packages/airflow/example_dags/plugins/event_listener.py
[2024-03-18T08:07:48.584+0000] {processor.py:830} INFO - Processing file /home/ubuntu/air_venv/lib/python3.10/site-packages/airflow/example_dags/plugins/event_listener.py for tasks to queue
[2024-03-18T08:07:48.586+0000] {logging_mixin.py:188} INFO - [2024-03-18T08:07:48.585+0000] {dagbag.py:540} INFO - Filling up the DagBag from /home/ubuntu/air_venv/lib/python3.10/site-packages/airflow/example_dags/plugins/event_listener.py
[2024-03-18T08:07:48.588+0000] {processor.py:842} WARNING - No viable dags retrieved from /home/ubuntu/air_venv/lib/python3.10/site-packages/airflow/example_dags/plugins/event_listener.py
[2024-03-18T08:07:48.600+0000] {processor.py:183} INFO - Processing /home/ubuntu/air_venv/lib/python3.10/site-packages/airflow/example_dags/plugins/event_listener.py took 0.021 seconds
[2024-03-18T08:08:36.268+0000] {processor.py:161} INFO - Started process (PID=7437) to work on /home/ubuntu/air_venv/lib/python3.10/site-packages/airflow/example_dags/plugins/event_listener.py
[2024-03-18T08:08:36.270+0000] {processor.py:830} INFO - Processing file /home/ubuntu/air_venv/lib/python3.10/site-packages/airflow/example_dags/plugins/event_listener.py for tasks to queue
[2024-03-18T08:08:36.272+0000] {logging_mixin.py:188} INFO - [2024-03-18T08:08:36.271+0000] {dagbag.py:540} INFO - Filling up the DagBag from /home/ubuntu/air_venv/lib/python3.10/site-packages/airflow/example_dags/plugins/event_listener.py
[2024-03-18T08:08:36.274+0000] {processor.py:842} WARNING - No viable dags retrieved from /home/ubuntu/air_venv/lib/python3.10/site-packages/airflow/example_dags/plugins/event_listener.py
[2024-03-18T08:08:36.285+0000] {processor.py:183} INFO - Processing /home/ubuntu/air_venv/lib/python3.10/site-packages/airflow/example_dags/plugins/event_listener.py took 0.020 seconds
[2024-03-18T08:09:20.682+0000] {processor.py:161} INFO - Started process (PID=7786) to work on /home/ubuntu/air_venv/lib/python3.10/site-packages/airflow/example_dags/plugins/event_listener.py
[2024-03-18T08:09:20.684+0000] {processor.py:830} INFO - Processing file /home/ubuntu/air_venv/lib/python3.10/site-packages/airflow/example_dags/plugins/event_listener.py for tasks to queue
[2024-03-18T08:09:20.685+0000] {logging_mixin.py:188} INFO - [2024-03-18T08:09:20.684+0000] {dagbag.py:540} INFO - Filling up the DagBag from /home/ubuntu/air_venv/lib/python3.10/site-packages/airflow/example_dags/plugins/event_listener.py
[2024-03-18T08:09:20.688+0000] {processor.py:842} WARNING - No viable dags retrieved from /home/ubuntu/air_venv/lib/python3.10/site-packages/airflow/example_dags/plugins/event_listener.py
[2024-03-18T08:09:20.699+0000] {processor.py:183} INFO - Processing /home/ubuntu/air_venv/lib/python3.10/site-packages/airflow/example_dags/plugins/event_listener.py took 0.021 seconds
[2024-03-18T08:10:02.524+0000] {processor.py:161} INFO - Started process (PID=8069) to work on /home/ubuntu/air_venv/lib/python3.10/site-packages/airflow/example_dags/plugins/event_listener.py
[2024-03-18T08:10:02.526+0000] {processor.py:830} INFO - Processing file /home/ubuntu/air_venv/lib/python3.10/site-packages/airflow/example_dags/plugins/event_listener.py for tasks to queue
[2024-03-18T08:10:02.532+0000] {logging_mixin.py:188} INFO - [2024-03-18T08:10:02.527+0000] {dagbag.py:540} INFO - Filling up the DagBag from /home/ubuntu/air_venv/lib/python3.10/site-packages/airflow/example_dags/plugins/event_listener.py
[2024-03-18T08:10:02.536+0000] {processor.py:842} WARNING - No viable dags retrieved from /home/ubuntu/air_venv/lib/python3.10/site-packages/airflow/example_dags/plugins/event_listener.py
[2024-03-18T08:10:02.673+0000] {processor.py:183} INFO - Processing /home/ubuntu/air_venv/lib/python3.10/site-packages/airflow/example_dags/plugins/event_listener.py took 0.189 seconds
[2024-03-18T08:10:43.702+0000] {processor.py:161} INFO - Started process (PID=8375) to work on /home/ubuntu/air_venv/lib/python3.10/site-packages/airflow/example_dags/plugins/event_listener.py
[2024-03-18T08:10:43.704+0000] {processor.py:830} INFO - Processing file /home/ubuntu/air_venv/lib/python3.10/site-packages/airflow/example_dags/plugins/event_listener.py for tasks to queue
[2024-03-18T08:10:43.705+0000] {logging_mixin.py:188} INFO - [2024-03-18T08:10:43.705+0000] {dagbag.py:540} INFO - Filling up the DagBag from /home/ubuntu/air_venv/lib/python3.10/site-packages/airflow/example_dags/plugins/event_listener.py
[2024-03-18T08:10:43.708+0000] {processor.py:842} WARNING - No viable dags retrieved from /home/ubuntu/air_venv/lib/python3.10/site-packages/airflow/example_dags/plugins/event_listener.py
[2024-03-18T08:10:43.719+0000] {processor.py:183} INFO - Processing /home/ubuntu/air_venv/lib/python3.10/site-packages/airflow/example_dags/plugins/event_listener.py took 0.021 seconds
[2024-03-18T08:11:22.015+0000] {processor.py:161} INFO - Started process (PID=8773) to work on /home/ubuntu/air_venv/lib/python3.10/site-packages/airflow/example_dags/plugins/event_listener.py
[2024-03-18T08:11:22.016+0000] {processor.py:830} INFO - Processing file /home/ubuntu/air_venv/lib/python3.10/site-packages/airflow/example_dags/plugins/event_listener.py for tasks to queue
[2024-03-18T08:11:22.018+0000] {logging_mixin.py:188} INFO - [2024-03-18T08:11:22.017+0000] {dagbag.py:540} INFO - Filling up the DagBag from /home/ubuntu/air_venv/lib/python3.10/site-packages/airflow/example_dags/plugins/event_listener.py
[2024-03-18T08:11:22.021+0000] {processor.py:842} WARNING - No viable dags retrieved from /home/ubuntu/air_venv/lib/python3.10/site-packages/airflow/example_dags/plugins/event_listener.py
[2024-03-18T08:11:22.032+0000] {processor.py:183} INFO - Processing /home/ubuntu/air_venv/lib/python3.10/site-packages/airflow/example_dags/plugins/event_listener.py took 0.021 seconds
[2024-03-18T08:12:06.188+0000] {processor.py:161} INFO - Started process (PID=8973) to work on /home/ubuntu/air_venv/lib/python3.10/site-packages/airflow/example_dags/plugins/event_listener.py
[2024-03-18T08:12:06.189+0000] {processor.py:830} INFO - Processing file /home/ubuntu/air_venv/lib/python3.10/site-packages/airflow/example_dags/plugins/event_listener.py for tasks to queue
[2024-03-18T08:12:06.191+0000] {logging_mixin.py:188} INFO - [2024-03-18T08:12:06.190+0000] {dagbag.py:540} INFO - Filling up the DagBag from /home/ubuntu/air_venv/lib/python3.10/site-packages/airflow/example_dags/plugins/event_listener.py
[2024-03-18T08:12:06.194+0000] {processor.py:842} WARNING - No viable dags retrieved from /home/ubuntu/air_venv/lib/python3.10/site-packages/airflow/example_dags/plugins/event_listener.py
[2024-03-18T08:12:06.205+0000] {processor.py:183} INFO - Processing /home/ubuntu/air_venv/lib/python3.10/site-packages/airflow/example_dags/plugins/event_listener.py took 0.021 seconds
[2024-03-18T08:12:45.611+0000] {processor.py:161} INFO - Started process (PID=9314) to work on /home/ubuntu/air_venv/lib/python3.10/site-packages/airflow/example_dags/plugins/event_listener.py
[2024-03-18T08:12:45.613+0000] {processor.py:830} INFO - Processing file /home/ubuntu/air_venv/lib/python3.10/site-packages/airflow/example_dags/plugins/event_listener.py for tasks to queue
[2024-03-18T08:12:45.614+0000] {logging_mixin.py:188} INFO - [2024-03-18T08:12:45.613+0000] {dagbag.py:540} INFO - Filling up the DagBag from /home/ubuntu/air_venv/lib/python3.10/site-packages/airflow/example_dags/plugins/event_listener.py
[2024-03-18T08:12:45.617+0000] {processor.py:842} WARNING - No viable dags retrieved from /home/ubuntu/air_venv/lib/python3.10/site-packages/airflow/example_dags/plugins/event_listener.py
[2024-03-18T08:12:45.629+0000] {processor.py:183} INFO - Processing /home/ubuntu/air_venv/lib/python3.10/site-packages/airflow/example_dags/plugins/event_listener.py took 0.022 seconds
[2024-03-18T08:13:31.604+0000] {processor.py:161} INFO - Started process (PID=9537) to work on /home/ubuntu/air_venv/lib/python3.10/site-packages/airflow/example_dags/plugins/event_listener.py
[2024-03-18T08:13:31.606+0000] {processor.py:830} INFO - Processing file /home/ubuntu/air_venv/lib/python3.10/site-packages/airflow/example_dags/plugins/event_listener.py for tasks to queue
[2024-03-18T08:13:31.607+0000] {logging_mixin.py:188} INFO - [2024-03-18T08:13:31.607+0000] {dagbag.py:540} INFO - Filling up the DagBag from /home/ubuntu/air_venv/lib/python3.10/site-packages/airflow/example_dags/plugins/event_listener.py
[2024-03-18T08:13:31.610+0000] {processor.py:842} WARNING - No viable dags retrieved from /home/ubuntu/air_venv/lib/python3.10/site-packages/airflow/example_dags/plugins/event_listener.py
[2024-03-18T08:13:31.621+0000] {processor.py:183} INFO - Processing /home/ubuntu/air_venv/lib/python3.10/site-packages/airflow/example_dags/plugins/event_listener.py took 0.021 seconds
[2024-03-18T08:14:12.284+0000] {processor.py:161} INFO - Started process (PID=9759) to work on /home/ubuntu/air_venv/lib/python3.10/site-packages/airflow/example_dags/plugins/event_listener.py
[2024-03-18T08:14:12.286+0000] {processor.py:830} INFO - Processing file /home/ubuntu/air_venv/lib/python3.10/site-packages/airflow/example_dags/plugins/event_listener.py for tasks to queue
[2024-03-18T08:14:12.287+0000] {logging_mixin.py:188} INFO - [2024-03-18T08:14:12.287+0000] {dagbag.py:540} INFO - Filling up the DagBag from /home/ubuntu/air_venv/lib/python3.10/site-packages/airflow/example_dags/plugins/event_listener.py
[2024-03-18T08:14:12.290+0000] {processor.py:842} WARNING - No viable dags retrieved from /home/ubuntu/air_venv/lib/python3.10/site-packages/airflow/example_dags/plugins/event_listener.py
[2024-03-18T08:14:12.301+0000] {processor.py:183} INFO - Processing /home/ubuntu/air_venv/lib/python3.10/site-packages/airflow/example_dags/plugins/event_listener.py took 0.021 seconds
[2024-03-18T08:15:24.295+0000] {processor.py:161} INFO - Started process (PID=10401) to work on /home/ubuntu/air_venv/lib/python3.10/site-packages/airflow/example_dags/plugins/event_listener.py
[2024-03-18T08:15:24.297+0000] {processor.py:830} INFO - Processing file /home/ubuntu/air_venv/lib/python3.10/site-packages/airflow/example_dags/plugins/event_listener.py for tasks to queue
[2024-03-18T08:15:24.298+0000] {logging_mixin.py:188} INFO - [2024-03-18T08:15:24.297+0000] {dagbag.py:540} INFO - Filling up the DagBag from /home/ubuntu/air_venv/lib/python3.10/site-packages/airflow/example_dags/plugins/event_listener.py
[2024-03-18T08:15:24.301+0000] {processor.py:842} WARNING - No viable dags retrieved from /home/ubuntu/air_venv/lib/python3.10/site-packages/airflow/example_dags/plugins/event_listener.py
[2024-03-18T08:15:24.313+0000] {processor.py:183} INFO - Processing /home/ubuntu/air_venv/lib/python3.10/site-packages/airflow/example_dags/plugins/event_listener.py took 0.022 seconds
[2024-03-18T08:16:18.366+0000] {processor.py:161} INFO - Started process (PID=11028) to work on /home/ubuntu/air_venv/lib/python3.10/site-packages/airflow/example_dags/plugins/event_listener.py
[2024-03-18T08:16:18.372+0000] {processor.py:830} INFO - Processing file /home/ubuntu/air_venv/lib/python3.10/site-packages/airflow/example_dags/plugins/event_listener.py for tasks to queue
[2024-03-18T08:16:18.373+0000] {logging_mixin.py:188} INFO - [2024-03-18T08:16:18.373+0000] {dagbag.py:540} INFO - Filling up the DagBag from /home/ubuntu/air_venv/lib/python3.10/site-packages/airflow/example_dags/plugins/event_listener.py
[2024-03-18T08:16:18.376+0000] {processor.py:842} WARNING - No viable dags retrieved from /home/ubuntu/air_venv/lib/python3.10/site-packages/airflow/example_dags/plugins/event_listener.py
[2024-03-18T08:16:18.395+0000] {processor.py:183} INFO - Processing /home/ubuntu/air_venv/lib/python3.10/site-packages/airflow/example_dags/plugins/event_listener.py took 0.033 seconds
[2024-03-18T08:17:07.810+0000] {processor.py:161} INFO - Started process (PID=11679) to work on /home/ubuntu/air_venv/lib/python3.10/site-packages/airflow/example_dags/plugins/event_listener.py
[2024-03-18T08:17:07.815+0000] {processor.py:830} INFO - Processing file /home/ubuntu/air_venv/lib/python3.10/site-packages/airflow/example_dags/plugins/event_listener.py for tasks to queue
[2024-03-18T08:17:07.816+0000] {logging_mixin.py:188} INFO - [2024-03-18T08:17:07.816+0000] {dagbag.py:540} INFO - Filling up the DagBag from /home/ubuntu/air_venv/lib/python3.10/site-packages/airflow/example_dags/plugins/event_listener.py
[2024-03-18T08:17:07.819+0000] {processor.py:842} WARNING - No viable dags retrieved from /home/ubuntu/air_venv/lib/python3.10/site-packages/airflow/example_dags/plugins/event_listener.py
[2024-03-18T08:17:07.831+0000] {processor.py:183} INFO - Processing /home/ubuntu/air_venv/lib/python3.10/site-packages/airflow/example_dags/plugins/event_listener.py took 0.026 seconds
[2024-03-18T08:18:04.686+0000] {processor.py:161} INFO - Started process (PID=12336) to work on /home/ubuntu/air_venv/lib/python3.10/site-packages/airflow/example_dags/plugins/event_listener.py
[2024-03-18T08:18:04.688+0000] {processor.py:830} INFO - Processing file /home/ubuntu/air_venv/lib/python3.10/site-packages/airflow/example_dags/plugins/event_listener.py for tasks to queue
[2024-03-18T08:18:04.690+0000] {logging_mixin.py:188} INFO - [2024-03-18T08:18:04.689+0000] {dagbag.py:540} INFO - Filling up the DagBag from /home/ubuntu/air_venv/lib/python3.10/site-packages/airflow/example_dags/plugins/event_listener.py
[2024-03-18T08:18:04.693+0000] {processor.py:842} WARNING - No viable dags retrieved from /home/ubuntu/air_venv/lib/python3.10/site-packages/airflow/example_dags/plugins/event_listener.py
[2024-03-18T08:18:04.710+0000] {processor.py:183} INFO - Processing /home/ubuntu/air_venv/lib/python3.10/site-packages/airflow/example_dags/plugins/event_listener.py took 0.028 seconds
[2024-03-18T08:18:56.519+0000] {processor.py:161} INFO - Started process (PID=12567) to work on /home/ubuntu/air_venv/lib/python3.10/site-packages/airflow/example_dags/plugins/event_listener.py
[2024-03-18T08:18:56.521+0000] {processor.py:830} INFO - Processing file /home/ubuntu/air_venv/lib/python3.10/site-packages/airflow/example_dags/plugins/event_listener.py for tasks to queue
[2024-03-18T08:18:56.522+0000] {logging_mixin.py:188} INFO - [2024-03-18T08:18:56.522+0000] {dagbag.py:540} INFO - Filling up the DagBag from /home/ubuntu/air_venv/lib/python3.10/site-packages/airflow/example_dags/plugins/event_listener.py
[2024-03-18T08:18:56.529+0000] {processor.py:842} WARNING - No viable dags retrieved from /home/ubuntu/air_venv/lib/python3.10/site-packages/airflow/example_dags/plugins/event_listener.py
[2024-03-18T08:18:56.543+0000] {processor.py:183} INFO - Processing /home/ubuntu/air_venv/lib/python3.10/site-packages/airflow/example_dags/plugins/event_listener.py took 0.028 seconds
[2024-03-18T08:19:52.268+0000] {processor.py:161} INFO - Started process (PID=12979) to work on /home/ubuntu/air_venv/lib/python3.10/site-packages/airflow/example_dags/plugins/event_listener.py
[2024-03-18T08:19:52.269+0000] {processor.py:830} INFO - Processing file /home/ubuntu/air_venv/lib/python3.10/site-packages/airflow/example_dags/plugins/event_listener.py for tasks to queue
[2024-03-18T08:19:52.271+0000] {logging_mixin.py:188} INFO - [2024-03-18T08:19:52.270+0000] {dagbag.py:540} INFO - Filling up the DagBag from /home/ubuntu/air_venv/lib/python3.10/site-packages/airflow/example_dags/plugins/event_listener.py
[2024-03-18T08:19:52.273+0000] {processor.py:842} WARNING - No viable dags retrieved from /home/ubuntu/air_venv/lib/python3.10/site-packages/airflow/example_dags/plugins/event_listener.py
[2024-03-18T08:19:52.284+0000] {processor.py:183} INFO - Processing /home/ubuntu/air_venv/lib/python3.10/site-packages/airflow/example_dags/plugins/event_listener.py took 0.020 seconds
[2024-03-18T08:20:45.994+0000] {processor.py:161} INFO - Started process (PID=13330) to work on /home/ubuntu/air_venv/lib/python3.10/site-packages/airflow/example_dags/plugins/event_listener.py
[2024-03-18T08:20:45.996+0000] {processor.py:830} INFO - Processing file /home/ubuntu/air_venv/lib/python3.10/site-packages/airflow/example_dags/plugins/event_listener.py for tasks to queue
[2024-03-18T08:20:45.997+0000] {logging_mixin.py:188} INFO - [2024-03-18T08:20:45.996+0000] {dagbag.py:540} INFO - Filling up the DagBag from /home/ubuntu/air_venv/lib/python3.10/site-packages/airflow/example_dags/plugins/event_listener.py
[2024-03-18T08:20:46.000+0000] {processor.py:842} WARNING - No viable dags retrieved from /home/ubuntu/air_venv/lib/python3.10/site-packages/airflow/example_dags/plugins/event_listener.py
[2024-03-18T08:20:46.012+0000] {processor.py:183} INFO - Processing /home/ubuntu/air_venv/lib/python3.10/site-packages/airflow/example_dags/plugins/event_listener.py took 0.022 seconds
[2024-03-18T08:21:22.786+0000] {processor.py:161} INFO - Started process (PID=13605) to work on /home/ubuntu/air_venv/lib/python3.10/site-packages/airflow/example_dags/plugins/event_listener.py
[2024-03-18T08:21:22.792+0000] {processor.py:830} INFO - Processing file /home/ubuntu/air_venv/lib/python3.10/site-packages/airflow/example_dags/plugins/event_listener.py for tasks to queue
[2024-03-18T08:21:22.793+0000] {logging_mixin.py:188} INFO - [2024-03-18T08:21:22.792+0000] {dagbag.py:540} INFO - Filling up the DagBag from /home/ubuntu/air_venv/lib/python3.10/site-packages/airflow/example_dags/plugins/event_listener.py
[2024-03-18T08:21:22.797+0000] {processor.py:842} WARNING - No viable dags retrieved from /home/ubuntu/air_venv/lib/python3.10/site-packages/airflow/example_dags/plugins/event_listener.py
[2024-03-18T08:21:22.809+0000] {processor.py:183} INFO - Processing /home/ubuntu/air_venv/lib/python3.10/site-packages/airflow/example_dags/plugins/event_listener.py took 0.033 seconds
[2024-03-18T08:22:12.281+0000] {processor.py:161} INFO - Started process (PID=13863) to work on /home/ubuntu/air_venv/lib/python3.10/site-packages/airflow/example_dags/plugins/event_listener.py
[2024-03-18T08:22:12.283+0000] {processor.py:830} INFO - Processing file /home/ubuntu/air_venv/lib/python3.10/site-packages/airflow/example_dags/plugins/event_listener.py for tasks to queue
[2024-03-18T08:22:12.284+0000] {logging_mixin.py:188} INFO - [2024-03-18T08:22:12.284+0000] {dagbag.py:540} INFO - Filling up the DagBag from /home/ubuntu/air_venv/lib/python3.10/site-packages/airflow/example_dags/plugins/event_listener.py
[2024-03-18T08:22:12.287+0000] {processor.py:842} WARNING - No viable dags retrieved from /home/ubuntu/air_venv/lib/python3.10/site-packages/airflow/example_dags/plugins/event_listener.py
[2024-03-18T08:22:12.298+0000] {processor.py:183} INFO - Processing /home/ubuntu/air_venv/lib/python3.10/site-packages/airflow/example_dags/plugins/event_listener.py took 0.021 seconds
[2024-03-18T08:22:51.165+0000] {processor.py:161} INFO - Started process (PID=14060) to work on /home/ubuntu/air_venv/lib/python3.10/site-packages/airflow/example_dags/plugins/event_listener.py
[2024-03-18T08:22:51.167+0000] {processor.py:830} INFO - Processing file /home/ubuntu/air_venv/lib/python3.10/site-packages/airflow/example_dags/plugins/event_listener.py for tasks to queue
[2024-03-18T08:22:51.168+0000] {logging_mixin.py:188} INFO - [2024-03-18T08:22:51.167+0000] {dagbag.py:540} INFO - Filling up the DagBag from /home/ubuntu/air_venv/lib/python3.10/site-packages/airflow/example_dags/plugins/event_listener.py
[2024-03-18T08:22:51.170+0000] {processor.py:842} WARNING - No viable dags retrieved from /home/ubuntu/air_venv/lib/python3.10/site-packages/airflow/example_dags/plugins/event_listener.py
[2024-03-18T08:22:51.182+0000] {processor.py:183} INFO - Processing /home/ubuntu/air_venv/lib/python3.10/site-packages/airflow/example_dags/plugins/event_listener.py took 0.021 seconds
[2024-03-18T08:23:29.721+0000] {processor.py:161} INFO - Started process (PID=14402) to work on /home/ubuntu/air_venv/lib/python3.10/site-packages/airflow/example_dags/plugins/event_listener.py
[2024-03-18T08:23:29.722+0000] {processor.py:830} INFO - Processing file /home/ubuntu/air_venv/lib/python3.10/site-packages/airflow/example_dags/plugins/event_listener.py for tasks to queue
[2024-03-18T08:23:29.723+0000] {logging_mixin.py:188} INFO - [2024-03-18T08:23:29.723+0000] {dagbag.py:540} INFO - Filling up the DagBag from /home/ubuntu/air_venv/lib/python3.10/site-packages/airflow/example_dags/plugins/event_listener.py
[2024-03-18T08:23:29.726+0000] {processor.py:842} WARNING - No viable dags retrieved from /home/ubuntu/air_venv/lib/python3.10/site-packages/airflow/example_dags/plugins/event_listener.py
[2024-03-18T08:23:29.739+0000] {processor.py:183} INFO - Processing /home/ubuntu/air_venv/lib/python3.10/site-packages/airflow/example_dags/plugins/event_listener.py took 0.022 seconds
[2024-03-18T08:24:10.657+0000] {processor.py:161} INFO - Started process (PID=14756) to work on /home/ubuntu/air_venv/lib/python3.10/site-packages/airflow/example_dags/plugins/event_listener.py
[2024-03-18T08:24:10.658+0000] {processor.py:830} INFO - Processing file /home/ubuntu/air_venv/lib/python3.10/site-packages/airflow/example_dags/plugins/event_listener.py for tasks to queue
[2024-03-18T08:24:10.660+0000] {logging_mixin.py:188} INFO - [2024-03-18T08:24:10.659+0000] {dagbag.py:540} INFO - Filling up the DagBag from /home/ubuntu/air_venv/lib/python3.10/site-packages/airflow/example_dags/plugins/event_listener.py
[2024-03-18T08:24:10.663+0000] {processor.py:842} WARNING - No viable dags retrieved from /home/ubuntu/air_venv/lib/python3.10/site-packages/airflow/example_dags/plugins/event_listener.py
[2024-03-18T08:24:10.675+0000] {processor.py:183} INFO - Processing /home/ubuntu/air_venv/lib/python3.10/site-packages/airflow/example_dags/plugins/event_listener.py took 0.022 seconds
[2024-03-18T08:24:49.339+0000] {processor.py:161} INFO - Started process (PID=15070) to work on /home/ubuntu/air_venv/lib/python3.10/site-packages/airflow/example_dags/plugins/event_listener.py
[2024-03-18T08:24:49.341+0000] {processor.py:830} INFO - Processing file /home/ubuntu/air_venv/lib/python3.10/site-packages/airflow/example_dags/plugins/event_listener.py for tasks to queue
[2024-03-18T08:24:49.342+0000] {logging_mixin.py:188} INFO - [2024-03-18T08:24:49.341+0000] {dagbag.py:540} INFO - Filling up the DagBag from /home/ubuntu/air_venv/lib/python3.10/site-packages/airflow/example_dags/plugins/event_listener.py
[2024-03-18T08:24:49.344+0000] {processor.py:842} WARNING - No viable dags retrieved from /home/ubuntu/air_venv/lib/python3.10/site-packages/airflow/example_dags/plugins/event_listener.py
[2024-03-18T08:24:49.357+0000] {processor.py:183} INFO - Processing /home/ubuntu/air_venv/lib/python3.10/site-packages/airflow/example_dags/plugins/event_listener.py took 0.022 seconds
[2024-03-18T08:25:31.801+0000] {processor.py:161} INFO - Started process (PID=15289) to work on /home/ubuntu/air_venv/lib/python3.10/site-packages/airflow/example_dags/plugins/event_listener.py
[2024-03-18T08:25:31.803+0000] {processor.py:830} INFO - Processing file /home/ubuntu/air_venv/lib/python3.10/site-packages/airflow/example_dags/plugins/event_listener.py for tasks to queue
[2024-03-18T08:25:31.804+0000] {logging_mixin.py:188} INFO - [2024-03-18T08:25:31.804+0000] {dagbag.py:540} INFO - Filling up the DagBag from /home/ubuntu/air_venv/lib/python3.10/site-packages/airflow/example_dags/plugins/event_listener.py
[2024-03-18T08:25:31.807+0000] {processor.py:842} WARNING - No viable dags retrieved from /home/ubuntu/air_venv/lib/python3.10/site-packages/airflow/example_dags/plugins/event_listener.py
[2024-03-18T08:25:31.818+0000] {processor.py:183} INFO - Processing /home/ubuntu/air_venv/lib/python3.10/site-packages/airflow/example_dags/plugins/event_listener.py took 0.021 seconds
[2024-03-18T08:26:14.383+0000] {processor.py:161} INFO - Started process (PID=15392) to work on /home/ubuntu/air_venv/lib/python3.10/site-packages/airflow/example_dags/plugins/event_listener.py
[2024-03-18T08:26:14.385+0000] {processor.py:830} INFO - Processing file /home/ubuntu/air_venv/lib/python3.10/site-packages/airflow/example_dags/plugins/event_listener.py for tasks to queue
[2024-03-18T08:26:14.386+0000] {logging_mixin.py:188} INFO - [2024-03-18T08:26:14.386+0000] {dagbag.py:540} INFO - Filling up the DagBag from /home/ubuntu/air_venv/lib/python3.10/site-packages/airflow/example_dags/plugins/event_listener.py
[2024-03-18T08:26:14.389+0000] {processor.py:842} WARNING - No viable dags retrieved from /home/ubuntu/air_venv/lib/python3.10/site-packages/airflow/example_dags/plugins/event_listener.py
[2024-03-18T08:26:14.401+0000] {processor.py:183} INFO - Processing /home/ubuntu/air_venv/lib/python3.10/site-packages/airflow/example_dags/plugins/event_listener.py took 0.021 seconds
[2024-03-18T08:26:55.164+0000] {processor.py:161} INFO - Started process (PID=15492) to work on /home/ubuntu/air_venv/lib/python3.10/site-packages/airflow/example_dags/plugins/event_listener.py
[2024-03-18T08:26:55.166+0000] {processor.py:830} INFO - Processing file /home/ubuntu/air_venv/lib/python3.10/site-packages/airflow/example_dags/plugins/event_listener.py for tasks to queue
[2024-03-18T08:26:55.167+0000] {logging_mixin.py:188} INFO - [2024-03-18T08:26:55.166+0000] {dagbag.py:540} INFO - Filling up the DagBag from /home/ubuntu/air_venv/lib/python3.10/site-packages/airflow/example_dags/plugins/event_listener.py
[2024-03-18T08:26:55.170+0000] {processor.py:842} WARNING - No viable dags retrieved from /home/ubuntu/air_venv/lib/python3.10/site-packages/airflow/example_dags/plugins/event_listener.py
[2024-03-18T08:26:55.181+0000] {processor.py:183} INFO - Processing /home/ubuntu/air_venv/lib/python3.10/site-packages/airflow/example_dags/plugins/event_listener.py took 0.021 seconds
[2024-03-18T08:27:37.017+0000] {processor.py:161} INFO - Started process (PID=15534) to work on /home/ubuntu/air_venv/lib/python3.10/site-packages/airflow/example_dags/plugins/event_listener.py
[2024-03-18T08:27:37.018+0000] {processor.py:830} INFO - Processing file /home/ubuntu/air_venv/lib/python3.10/site-packages/airflow/example_dags/plugins/event_listener.py for tasks to queue
[2024-03-18T08:27:37.020+0000] {logging_mixin.py:188} INFO - [2024-03-18T08:27:37.019+0000] {dagbag.py:540} INFO - Filling up the DagBag from /home/ubuntu/air_venv/lib/python3.10/site-packages/airflow/example_dags/plugins/event_listener.py
[2024-03-18T08:27:37.022+0000] {processor.py:842} WARNING - No viable dags retrieved from /home/ubuntu/air_venv/lib/python3.10/site-packages/airflow/example_dags/plugins/event_listener.py
[2024-03-18T08:27:37.035+0000] {processor.py:183} INFO - Processing /home/ubuntu/air_venv/lib/python3.10/site-packages/airflow/example_dags/plugins/event_listener.py took 0.022 seconds
[2024-03-18T08:28:18.708+0000] {processor.py:161} INFO - Started process (PID=15634) to work on /home/ubuntu/air_venv/lib/python3.10/site-packages/airflow/example_dags/plugins/event_listener.py
[2024-03-18T08:28:18.710+0000] {processor.py:830} INFO - Processing file /home/ubuntu/air_venv/lib/python3.10/site-packages/airflow/example_dags/plugins/event_listener.py for tasks to queue
[2024-03-18T08:28:18.711+0000] {logging_mixin.py:188} INFO - [2024-03-18T08:28:18.711+0000] {dagbag.py:540} INFO - Filling up the DagBag from /home/ubuntu/air_venv/lib/python3.10/site-packages/airflow/example_dags/plugins/event_listener.py
[2024-03-18T08:28:18.714+0000] {processor.py:842} WARNING - No viable dags retrieved from /home/ubuntu/air_venv/lib/python3.10/site-packages/airflow/example_dags/plugins/event_listener.py
[2024-03-18T08:28:18.725+0000] {processor.py:183} INFO - Processing /home/ubuntu/air_venv/lib/python3.10/site-packages/airflow/example_dags/plugins/event_listener.py took 0.021 seconds
[2024-03-18T08:29:00.614+0000] {processor.py:161} INFO - Started process (PID=15735) to work on /home/ubuntu/air_venv/lib/python3.10/site-packages/airflow/example_dags/plugins/event_listener.py
[2024-03-18T08:29:00.616+0000] {processor.py:830} INFO - Processing file /home/ubuntu/air_venv/lib/python3.10/site-packages/airflow/example_dags/plugins/event_listener.py for tasks to queue
[2024-03-18T08:29:00.617+0000] {logging_mixin.py:188} INFO - [2024-03-18T08:29:00.616+0000] {dagbag.py:540} INFO - Filling up the DagBag from /home/ubuntu/air_venv/lib/python3.10/site-packages/airflow/example_dags/plugins/event_listener.py
[2024-03-18T08:29:00.620+0000] {processor.py:842} WARNING - No viable dags retrieved from /home/ubuntu/air_venv/lib/python3.10/site-packages/airflow/example_dags/plugins/event_listener.py
[2024-03-18T08:29:00.631+0000] {processor.py:183} INFO - Processing /home/ubuntu/air_venv/lib/python3.10/site-packages/airflow/example_dags/plugins/event_listener.py took 0.020 seconds
[2024-03-18T08:29:45.496+0000] {processor.py:161} INFO - Started process (PID=15862) to work on /home/ubuntu/air_venv/lib/python3.10/site-packages/airflow/example_dags/plugins/event_listener.py
[2024-03-18T08:29:45.498+0000] {processor.py:830} INFO - Processing file /home/ubuntu/air_venv/lib/python3.10/site-packages/airflow/example_dags/plugins/event_listener.py for tasks to queue
[2024-03-18T08:29:45.499+0000] {logging_mixin.py:188} INFO - [2024-03-18T08:29:45.499+0000] {dagbag.py:540} INFO - Filling up the DagBag from /home/ubuntu/air_venv/lib/python3.10/site-packages/airflow/example_dags/plugins/event_listener.py
[2024-03-18T08:29:45.502+0000] {processor.py:842} WARNING - No viable dags retrieved from /home/ubuntu/air_venv/lib/python3.10/site-packages/airflow/example_dags/plugins/event_listener.py
[2024-03-18T08:29:45.514+0000] {processor.py:183} INFO - Processing /home/ubuntu/air_venv/lib/python3.10/site-packages/airflow/example_dags/plugins/event_listener.py took 0.021 seconds
