[2024-03-18T07:59:42.559+0000] {processor.py:161} INFO - Started process (PID=2592) to work on /home/ubuntu/air_venv/lib/python3.10/site-packages/airflow/example_dags/plugins/listener_plugin.py
[2024-03-18T07:59:42.560+0000] {processor.py:830} INFO - Processing file /home/ubuntu/air_venv/lib/python3.10/site-packages/airflow/example_dags/plugins/listener_plugin.py for tasks to queue
[2024-03-18T07:59:42.561+0000] {logging_mixin.py:188} INFO - [2024-03-18T07:59:42.561+0000] {dagbag.py:540} INFO - Filling up the DagBag from /home/ubuntu/air_venv/lib/python3.10/site-packages/airflow/example_dags/plugins/listener_plugin.py
[2024-03-18T07:59:42.568+0000] {processor.py:842} WARNING - No viable dags retrieved from /home/ubuntu/air_venv/lib/python3.10/site-packages/airflow/example_dags/plugins/listener_plugin.py
[2024-03-18T07:59:42.618+0000] {processor.py:183} INFO - Processing /home/ubuntu/air_venv/lib/python3.10/site-packages/airflow/example_dags/plugins/listener_plugin.py took 0.067 seconds
[2024-03-18T08:00:48.415+0000] {processor.py:161} INFO - Started process (PID=3252) to work on /home/ubuntu/air_venv/lib/python3.10/site-packages/airflow/example_dags/plugins/listener_plugin.py
[2024-03-18T08:00:48.417+0000] {processor.py:830} INFO - Processing file /home/ubuntu/air_venv/lib/python3.10/site-packages/airflow/example_dags/plugins/listener_plugin.py for tasks to queue
[2024-03-18T08:00:48.418+0000] {logging_mixin.py:188} INFO - [2024-03-18T08:00:48.418+0000] {dagbag.py:540} INFO - Filling up the DagBag from /home/ubuntu/air_venv/lib/python3.10/site-packages/airflow/example_dags/plugins/listener_plugin.py
[2024-03-18T08:00:48.421+0000] {processor.py:842} WARNING - No viable dags retrieved from /home/ubuntu/air_venv/lib/python3.10/site-packages/airflow/example_dags/plugins/listener_plugin.py
[2024-03-18T08:00:48.432+0000] {processor.py:183} INFO - Processing /home/ubuntu/air_venv/lib/python3.10/site-packages/airflow/example_dags/plugins/listener_plugin.py took 0.021 seconds
[2024-03-18T08:01:37.716+0000] {processor.py:161} INFO - Started process (PID=3661) to work on /home/ubuntu/air_venv/lib/python3.10/site-packages/airflow/example_dags/plugins/listener_plugin.py
[2024-03-18T08:01:37.718+0000] {processor.py:830} INFO - Processing file /home/ubuntu/air_venv/lib/python3.10/site-packages/airflow/example_dags/plugins/listener_plugin.py for tasks to queue
[2024-03-18T08:01:37.719+0000] {logging_mixin.py:188} INFO - [2024-03-18T08:01:37.719+0000] {dagbag.py:540} INFO - Filling up the DagBag from /home/ubuntu/air_venv/lib/python3.10/site-packages/airflow/example_dags/plugins/listener_plugin.py
[2024-03-18T08:01:37.723+0000] {processor.py:842} WARNING - No viable dags retrieved from /home/ubuntu/air_venv/lib/python3.10/site-packages/airflow/example_dags/plugins/listener_plugin.py
[2024-03-18T08:01:37.733+0000] {processor.py:183} INFO - Processing /home/ubuntu/air_venv/lib/python3.10/site-packages/airflow/example_dags/plugins/listener_plugin.py took 0.021 seconds
[2024-03-18T08:02:28.642+0000] {processor.py:161} INFO - Started process (PID=4187) to work on /home/ubuntu/air_venv/lib/python3.10/site-packages/airflow/example_dags/plugins/listener_plugin.py
[2024-03-18T08:02:28.644+0000] {processor.py:830} INFO - Processing file /home/ubuntu/air_venv/lib/python3.10/site-packages/airflow/example_dags/plugins/listener_plugin.py for tasks to queue
[2024-03-18T08:02:28.645+0000] {logging_mixin.py:188} INFO - [2024-03-18T08:02:28.645+0000] {dagbag.py:540} INFO - Filling up the DagBag from /home/ubuntu/air_venv/lib/python3.10/site-packages/airflow/example_dags/plugins/listener_plugin.py
[2024-03-18T08:02:28.648+0000] {processor.py:842} WARNING - No viable dags retrieved from /home/ubuntu/air_venv/lib/python3.10/site-packages/airflow/example_dags/plugins/listener_plugin.py
[2024-03-18T08:02:28.660+0000] {processor.py:183} INFO - Processing /home/ubuntu/air_venv/lib/python3.10/site-packages/airflow/example_dags/plugins/listener_plugin.py took 0.021 seconds
[2024-03-18T08:03:21.989+0000] {processor.py:161} INFO - Started process (PID=4475) to work on /home/ubuntu/air_venv/lib/python3.10/site-packages/airflow/example_dags/plugins/listener_plugin.py
[2024-03-18T08:03:21.991+0000] {processor.py:830} INFO - Processing file /home/ubuntu/air_venv/lib/python3.10/site-packages/airflow/example_dags/plugins/listener_plugin.py for tasks to queue
[2024-03-18T08:03:21.993+0000] {logging_mixin.py:188} INFO - [2024-03-18T08:03:21.992+0000] {dagbag.py:540} INFO - Filling up the DagBag from /home/ubuntu/air_venv/lib/python3.10/site-packages/airflow/example_dags/plugins/listener_plugin.py
[2024-03-18T08:03:21.996+0000] {processor.py:842} WARNING - No viable dags retrieved from /home/ubuntu/air_venv/lib/python3.10/site-packages/airflow/example_dags/plugins/listener_plugin.py
[2024-03-18T08:03:22.009+0000] {processor.py:183} INFO - Processing /home/ubuntu/air_venv/lib/python3.10/site-packages/airflow/example_dags/plugins/listener_plugin.py took 0.023 seconds
[2024-03-18T08:04:07.048+0000] {processor.py:161} INFO - Started process (PID=4904) to work on /home/ubuntu/air_venv/lib/python3.10/site-packages/airflow/example_dags/plugins/listener_plugin.py
[2024-03-18T08:04:07.050+0000] {processor.py:830} INFO - Processing file /home/ubuntu/air_venv/lib/python3.10/site-packages/airflow/example_dags/plugins/listener_plugin.py for tasks to queue
[2024-03-18T08:04:07.052+0000] {logging_mixin.py:188} INFO - [2024-03-18T08:04:07.051+0000] {dagbag.py:540} INFO - Filling up the DagBag from /home/ubuntu/air_venv/lib/python3.10/site-packages/airflow/example_dags/plugins/listener_plugin.py
[2024-03-18T08:04:07.055+0000] {processor.py:842} WARNING - No viable dags retrieved from /home/ubuntu/air_venv/lib/python3.10/site-packages/airflow/example_dags/plugins/listener_plugin.py
[2024-03-18T08:04:07.067+0000] {processor.py:183} INFO - Processing /home/ubuntu/air_venv/lib/python3.10/site-packages/airflow/example_dags/plugins/listener_plugin.py took 0.024 seconds
[2024-03-18T08:04:54.183+0000] {processor.py:161} INFO - Started process (PID=5233) to work on /home/ubuntu/air_venv/lib/python3.10/site-packages/airflow/example_dags/plugins/listener_plugin.py
[2024-03-18T08:04:54.185+0000] {processor.py:830} INFO - Processing file /home/ubuntu/air_venv/lib/python3.10/site-packages/airflow/example_dags/plugins/listener_plugin.py for tasks to queue
[2024-03-18T08:04:54.186+0000] {logging_mixin.py:188} INFO - [2024-03-18T08:04:54.186+0000] {dagbag.py:540} INFO - Filling up the DagBag from /home/ubuntu/air_venv/lib/python3.10/site-packages/airflow/example_dags/plugins/listener_plugin.py
[2024-03-18T08:04:54.190+0000] {processor.py:842} WARNING - No viable dags retrieved from /home/ubuntu/air_venv/lib/python3.10/site-packages/airflow/example_dags/plugins/listener_plugin.py
[2024-03-18T08:04:54.203+0000] {processor.py:183} INFO - Processing /home/ubuntu/air_venv/lib/python3.10/site-packages/airflow/example_dags/plugins/listener_plugin.py took 0.023 seconds
[2024-03-18T08:05:47.345+0000] {processor.py:161} INFO - Started process (PID=5823) to work on /home/ubuntu/air_venv/lib/python3.10/site-packages/airflow/example_dags/plugins/listener_plugin.py
[2024-03-18T08:05:47.347+0000] {processor.py:830} INFO - Processing file /home/ubuntu/air_venv/lib/python3.10/site-packages/airflow/example_dags/plugins/listener_plugin.py for tasks to queue
[2024-03-18T08:05:47.348+0000] {logging_mixin.py:188} INFO - [2024-03-18T08:05:47.348+0000] {dagbag.py:540} INFO - Filling up the DagBag from /home/ubuntu/air_venv/lib/python3.10/site-packages/airflow/example_dags/plugins/listener_plugin.py
[2024-03-18T08:05:47.351+0000] {processor.py:842} WARNING - No viable dags retrieved from /home/ubuntu/air_venv/lib/python3.10/site-packages/airflow/example_dags/plugins/listener_plugin.py
[2024-03-18T08:05:47.363+0000] {processor.py:183} INFO - Processing /home/ubuntu/air_venv/lib/python3.10/site-packages/airflow/example_dags/plugins/listener_plugin.py took 0.021 seconds
[2024-03-18T08:07:02.713+0000] {processor.py:161} INFO - Started process (PID=6741) to work on /home/ubuntu/air_venv/lib/python3.10/site-packages/airflow/example_dags/plugins/listener_plugin.py
[2024-03-18T08:07:02.818+0000] {processor.py:830} INFO - Processing file /home/ubuntu/air_venv/lib/python3.10/site-packages/airflow/example_dags/plugins/listener_plugin.py for tasks to queue
[2024-03-18T08:07:02.820+0000] {logging_mixin.py:188} INFO - [2024-03-18T08:07:02.819+0000] {dagbag.py:540} INFO - Filling up the DagBag from /home/ubuntu/air_venv/lib/python3.10/site-packages/airflow/example_dags/plugins/listener_plugin.py
[2024-03-18T08:07:02.825+0000] {processor.py:842} WARNING - No viable dags retrieved from /home/ubuntu/air_venv/lib/python3.10/site-packages/airflow/example_dags/plugins/listener_plugin.py
[2024-03-18T08:07:02.981+0000] {processor.py:183} INFO - Processing /home/ubuntu/air_venv/lib/python3.10/site-packages/airflow/example_dags/plugins/listener_plugin.py took 0.353 seconds
[2024-03-18T08:07:49.724+0000] {processor.py:161} INFO - Started process (PID=7207) to work on /home/ubuntu/air_venv/lib/python3.10/site-packages/airflow/example_dags/plugins/listener_plugin.py
[2024-03-18T08:07:49.728+0000] {processor.py:830} INFO - Processing file /home/ubuntu/air_venv/lib/python3.10/site-packages/airflow/example_dags/plugins/listener_plugin.py for tasks to queue
[2024-03-18T08:07:49.729+0000] {logging_mixin.py:188} INFO - [2024-03-18T08:07:49.728+0000] {dagbag.py:540} INFO - Filling up the DagBag from /home/ubuntu/air_venv/lib/python3.10/site-packages/airflow/example_dags/plugins/listener_plugin.py
[2024-03-18T08:07:49.732+0000] {processor.py:842} WARNING - No viable dags retrieved from /home/ubuntu/air_venv/lib/python3.10/site-packages/airflow/example_dags/plugins/listener_plugin.py
[2024-03-18T08:07:49.744+0000] {processor.py:183} INFO - Processing /home/ubuntu/air_venv/lib/python3.10/site-packages/airflow/example_dags/plugins/listener_plugin.py took 0.023 seconds
[2024-03-18T08:08:37.412+0000] {processor.py:161} INFO - Started process (PID=7439) to work on /home/ubuntu/air_venv/lib/python3.10/site-packages/airflow/example_dags/plugins/listener_plugin.py
[2024-03-18T08:08:37.413+0000] {processor.py:830} INFO - Processing file /home/ubuntu/air_venv/lib/python3.10/site-packages/airflow/example_dags/plugins/listener_plugin.py for tasks to queue
[2024-03-18T08:08:37.414+0000] {logging_mixin.py:188} INFO - [2024-03-18T08:08:37.414+0000] {dagbag.py:540} INFO - Filling up the DagBag from /home/ubuntu/air_venv/lib/python3.10/site-packages/airflow/example_dags/plugins/listener_plugin.py
[2024-03-18T08:08:37.418+0000] {processor.py:842} WARNING - No viable dags retrieved from /home/ubuntu/air_venv/lib/python3.10/site-packages/airflow/example_dags/plugins/listener_plugin.py
[2024-03-18T08:08:37.429+0000] {processor.py:183} INFO - Processing /home/ubuntu/air_venv/lib/python3.10/site-packages/airflow/example_dags/plugins/listener_plugin.py took 0.021 seconds
[2024-03-18T08:09:21.737+0000] {processor.py:161} INFO - Started process (PID=7812) to work on /home/ubuntu/air_venv/lib/python3.10/site-packages/airflow/example_dags/plugins/listener_plugin.py
[2024-03-18T08:09:21.740+0000] {processor.py:830} INFO - Processing file /home/ubuntu/air_venv/lib/python3.10/site-packages/airflow/example_dags/plugins/listener_plugin.py for tasks to queue
[2024-03-18T08:09:21.741+0000] {logging_mixin.py:188} INFO - [2024-03-18T08:09:21.741+0000] {dagbag.py:540} INFO - Filling up the DagBag from /home/ubuntu/air_venv/lib/python3.10/site-packages/airflow/example_dags/plugins/listener_plugin.py
[2024-03-18T08:09:21.745+0000] {processor.py:842} WARNING - No viable dags retrieved from /home/ubuntu/air_venv/lib/python3.10/site-packages/airflow/example_dags/plugins/listener_plugin.py
[2024-03-18T08:09:21.757+0000] {processor.py:183} INFO - Processing /home/ubuntu/air_venv/lib/python3.10/site-packages/airflow/example_dags/plugins/listener_plugin.py took 0.023 seconds
[2024-03-18T08:10:04.401+0000] {processor.py:161} INFO - Started process (PID=8095) to work on /home/ubuntu/air_venv/lib/python3.10/site-packages/airflow/example_dags/plugins/listener_plugin.py
[2024-03-18T08:10:04.403+0000] {processor.py:830} INFO - Processing file /home/ubuntu/air_venv/lib/python3.10/site-packages/airflow/example_dags/plugins/listener_plugin.py for tasks to queue
[2024-03-18T08:10:04.404+0000] {logging_mixin.py:188} INFO - [2024-03-18T08:10:04.404+0000] {dagbag.py:540} INFO - Filling up the DagBag from /home/ubuntu/air_venv/lib/python3.10/site-packages/airflow/example_dags/plugins/listener_plugin.py
[2024-03-18T08:10:04.440+0000] {processor.py:842} WARNING - No viable dags retrieved from /home/ubuntu/air_venv/lib/python3.10/site-packages/airflow/example_dags/plugins/listener_plugin.py
[2024-03-18T08:10:04.649+0000] {processor.py:183} INFO - Processing /home/ubuntu/air_venv/lib/python3.10/site-packages/airflow/example_dags/plugins/listener_plugin.py took 0.313 seconds
[2024-03-18T08:10:44.466+0000] {processor.py:161} INFO - Started process (PID=8411) to work on /home/ubuntu/air_venv/lib/python3.10/site-packages/airflow/example_dags/plugins/listener_plugin.py
[2024-03-18T08:10:44.468+0000] {processor.py:830} INFO - Processing file /home/ubuntu/air_venv/lib/python3.10/site-packages/airflow/example_dags/plugins/listener_plugin.py for tasks to queue
[2024-03-18T08:10:44.470+0000] {logging_mixin.py:188} INFO - [2024-03-18T08:10:44.469+0000] {dagbag.py:540} INFO - Filling up the DagBag from /home/ubuntu/air_venv/lib/python3.10/site-packages/airflow/example_dags/plugins/listener_plugin.py
[2024-03-18T08:10:44.473+0000] {processor.py:842} WARNING - No viable dags retrieved from /home/ubuntu/air_venv/lib/python3.10/site-packages/airflow/example_dags/plugins/listener_plugin.py
[2024-03-18T08:10:44.484+0000] {processor.py:183} INFO - Processing /home/ubuntu/air_venv/lib/python3.10/site-packages/airflow/example_dags/plugins/listener_plugin.py took 0.022 seconds
[2024-03-18T08:11:23.155+0000] {processor.py:161} INFO - Started process (PID=8809) to work on /home/ubuntu/air_venv/lib/python3.10/site-packages/airflow/example_dags/plugins/listener_plugin.py
[2024-03-18T08:11:23.157+0000] {processor.py:830} INFO - Processing file /home/ubuntu/air_venv/lib/python3.10/site-packages/airflow/example_dags/plugins/listener_plugin.py for tasks to queue
[2024-03-18T08:11:23.158+0000] {logging_mixin.py:188} INFO - [2024-03-18T08:11:23.157+0000] {dagbag.py:540} INFO - Filling up the DagBag from /home/ubuntu/air_venv/lib/python3.10/site-packages/airflow/example_dags/plugins/listener_plugin.py
[2024-03-18T08:11:23.161+0000] {processor.py:842} WARNING - No viable dags retrieved from /home/ubuntu/air_venv/lib/python3.10/site-packages/airflow/example_dags/plugins/listener_plugin.py
[2024-03-18T08:11:23.173+0000] {processor.py:183} INFO - Processing /home/ubuntu/air_venv/lib/python3.10/site-packages/airflow/example_dags/plugins/listener_plugin.py took 0.022 seconds
[2024-03-18T08:12:07.328+0000] {processor.py:161} INFO - Started process (PID=8974) to work on /home/ubuntu/air_venv/lib/python3.10/site-packages/airflow/example_dags/plugins/listener_plugin.py
[2024-03-18T08:12:07.330+0000] {processor.py:830} INFO - Processing file /home/ubuntu/air_venv/lib/python3.10/site-packages/airflow/example_dags/plugins/listener_plugin.py for tasks to queue
[2024-03-18T08:12:07.331+0000] {logging_mixin.py:188} INFO - [2024-03-18T08:12:07.331+0000] {dagbag.py:540} INFO - Filling up the DagBag from /home/ubuntu/air_venv/lib/python3.10/site-packages/airflow/example_dags/plugins/listener_plugin.py
[2024-03-18T08:12:07.335+0000] {processor.py:842} WARNING - No viable dags retrieved from /home/ubuntu/air_venv/lib/python3.10/site-packages/airflow/example_dags/plugins/listener_plugin.py
[2024-03-18T08:12:07.346+0000] {processor.py:183} INFO - Processing /home/ubuntu/air_venv/lib/python3.10/site-packages/airflow/example_dags/plugins/listener_plugin.py took 0.022 seconds
[2024-03-18T08:12:46.750+0000] {processor.py:161} INFO - Started process (PID=9315) to work on /home/ubuntu/air_venv/lib/python3.10/site-packages/airflow/example_dags/plugins/listener_plugin.py
[2024-03-18T08:12:46.752+0000] {processor.py:830} INFO - Processing file /home/ubuntu/air_venv/lib/python3.10/site-packages/airflow/example_dags/plugins/listener_plugin.py for tasks to queue
[2024-03-18T08:12:46.753+0000] {logging_mixin.py:188} INFO - [2024-03-18T08:12:46.752+0000] {dagbag.py:540} INFO - Filling up the DagBag from /home/ubuntu/air_venv/lib/python3.10/site-packages/airflow/example_dags/plugins/listener_plugin.py
[2024-03-18T08:12:46.756+0000] {processor.py:842} WARNING - No viable dags retrieved from /home/ubuntu/air_venv/lib/python3.10/site-packages/airflow/example_dags/plugins/listener_plugin.py
[2024-03-18T08:12:46.769+0000] {processor.py:183} INFO - Processing /home/ubuntu/air_venv/lib/python3.10/site-packages/airflow/example_dags/plugins/listener_plugin.py took 0.022 seconds
[2024-03-18T08:13:32.246+0000] {processor.py:161} INFO - Started process (PID=9538) to work on /home/ubuntu/air_venv/lib/python3.10/site-packages/airflow/example_dags/plugins/listener_plugin.py
[2024-03-18T08:13:32.248+0000] {processor.py:830} INFO - Processing file /home/ubuntu/air_venv/lib/python3.10/site-packages/airflow/example_dags/plugins/listener_plugin.py for tasks to queue
[2024-03-18T08:13:32.249+0000] {logging_mixin.py:188} INFO - [2024-03-18T08:13:32.249+0000] {dagbag.py:540} INFO - Filling up the DagBag from /home/ubuntu/air_venv/lib/python3.10/site-packages/airflow/example_dags/plugins/listener_plugin.py
[2024-03-18T08:13:32.253+0000] {processor.py:842} WARNING - No viable dags retrieved from /home/ubuntu/air_venv/lib/python3.10/site-packages/airflow/example_dags/plugins/listener_plugin.py
[2024-03-18T08:13:32.264+0000] {processor.py:183} INFO - Processing /home/ubuntu/air_venv/lib/python3.10/site-packages/airflow/example_dags/plugins/listener_plugin.py took 0.021 seconds
[2024-03-18T08:14:13.424+0000] {processor.py:161} INFO - Started process (PID=9760) to work on /home/ubuntu/air_venv/lib/python3.10/site-packages/airflow/example_dags/plugins/listener_plugin.py
[2024-03-18T08:14:13.426+0000] {processor.py:830} INFO - Processing file /home/ubuntu/air_venv/lib/python3.10/site-packages/airflow/example_dags/plugins/listener_plugin.py for tasks to queue
[2024-03-18T08:14:13.427+0000] {logging_mixin.py:188} INFO - [2024-03-18T08:14:13.426+0000] {dagbag.py:540} INFO - Filling up the DagBag from /home/ubuntu/air_venv/lib/python3.10/site-packages/airflow/example_dags/plugins/listener_plugin.py
[2024-03-18T08:14:13.430+0000] {processor.py:842} WARNING - No viable dags retrieved from /home/ubuntu/air_venv/lib/python3.10/site-packages/airflow/example_dags/plugins/listener_plugin.py
[2024-03-18T08:14:13.442+0000] {processor.py:183} INFO - Processing /home/ubuntu/air_venv/lib/python3.10/site-packages/airflow/example_dags/plugins/listener_plugin.py took 0.021 seconds
[2024-03-18T08:15:25.463+0000] {processor.py:161} INFO - Started process (PID=10437) to work on /home/ubuntu/air_venv/lib/python3.10/site-packages/airflow/example_dags/plugins/listener_plugin.py
[2024-03-18T08:15:25.465+0000] {processor.py:830} INFO - Processing file /home/ubuntu/air_venv/lib/python3.10/site-packages/airflow/example_dags/plugins/listener_plugin.py for tasks to queue
[2024-03-18T08:15:25.467+0000] {logging_mixin.py:188} INFO - [2024-03-18T08:15:25.466+0000] {dagbag.py:540} INFO - Filling up the DagBag from /home/ubuntu/air_venv/lib/python3.10/site-packages/airflow/example_dags/plugins/listener_plugin.py
[2024-03-18T08:15:25.470+0000] {processor.py:842} WARNING - No viable dags retrieved from /home/ubuntu/air_venv/lib/python3.10/site-packages/airflow/example_dags/plugins/listener_plugin.py
[2024-03-18T08:15:25.481+0000] {processor.py:183} INFO - Processing /home/ubuntu/air_venv/lib/python3.10/site-packages/airflow/example_dags/plugins/listener_plugin.py took 0.021 seconds
[2024-03-18T08:16:19.521+0000] {processor.py:161} INFO - Started process (PID=11054) to work on /home/ubuntu/air_venv/lib/python3.10/site-packages/airflow/example_dags/plugins/listener_plugin.py
[2024-03-18T08:16:19.523+0000] {processor.py:830} INFO - Processing file /home/ubuntu/air_venv/lib/python3.10/site-packages/airflow/example_dags/plugins/listener_plugin.py for tasks to queue
[2024-03-18T08:16:19.524+0000] {logging_mixin.py:188} INFO - [2024-03-18T08:16:19.524+0000] {dagbag.py:540} INFO - Filling up the DagBag from /home/ubuntu/air_venv/lib/python3.10/site-packages/airflow/example_dags/plugins/listener_plugin.py
[2024-03-18T08:16:19.528+0000] {processor.py:842} WARNING - No viable dags retrieved from /home/ubuntu/air_venv/lib/python3.10/site-packages/airflow/example_dags/plugins/listener_plugin.py
[2024-03-18T08:16:19.540+0000] {processor.py:183} INFO - Processing /home/ubuntu/air_venv/lib/python3.10/site-packages/airflow/example_dags/plugins/listener_plugin.py took 0.023 seconds
[2024-03-18T08:17:08.967+0000] {processor.py:161} INFO - Started process (PID=11680) to work on /home/ubuntu/air_venv/lib/python3.10/site-packages/airflow/example_dags/plugins/listener_plugin.py
[2024-03-18T08:17:08.969+0000] {processor.py:830} INFO - Processing file /home/ubuntu/air_venv/lib/python3.10/site-packages/airflow/example_dags/plugins/listener_plugin.py for tasks to queue
[2024-03-18T08:17:08.970+0000] {logging_mixin.py:188} INFO - [2024-03-18T08:17:08.969+0000] {dagbag.py:540} INFO - Filling up the DagBag from /home/ubuntu/air_venv/lib/python3.10/site-packages/airflow/example_dags/plugins/listener_plugin.py
[2024-03-18T08:17:08.974+0000] {processor.py:842} WARNING - No viable dags retrieved from /home/ubuntu/air_venv/lib/python3.10/site-packages/airflow/example_dags/plugins/listener_plugin.py
[2024-03-18T08:17:09.014+0000] {processor.py:183} INFO - Processing /home/ubuntu/air_venv/lib/python3.10/site-packages/airflow/example_dags/plugins/listener_plugin.py took 0.051 seconds
[2024-03-18T08:18:05.859+0000] {processor.py:161} INFO - Started process (PID=12337) to work on /home/ubuntu/air_venv/lib/python3.10/site-packages/airflow/example_dags/plugins/listener_plugin.py
[2024-03-18T08:18:05.860+0000] {processor.py:830} INFO - Processing file /home/ubuntu/air_venv/lib/python3.10/site-packages/airflow/example_dags/plugins/listener_plugin.py for tasks to queue
[2024-03-18T08:18:05.862+0000] {logging_mixin.py:188} INFO - [2024-03-18T08:18:05.861+0000] {dagbag.py:540} INFO - Filling up the DagBag from /home/ubuntu/air_venv/lib/python3.10/site-packages/airflow/example_dags/plugins/listener_plugin.py
[2024-03-18T08:18:05.865+0000] {processor.py:842} WARNING - No viable dags retrieved from /home/ubuntu/air_venv/lib/python3.10/site-packages/airflow/example_dags/plugins/listener_plugin.py
[2024-03-18T08:18:05.877+0000] {processor.py:183} INFO - Processing /home/ubuntu/air_venv/lib/python3.10/site-packages/airflow/example_dags/plugins/listener_plugin.py took 0.022 seconds
[2024-03-18T08:18:57.436+0000] {processor.py:161} INFO - Started process (PID=12568) to work on /home/ubuntu/air_venv/lib/python3.10/site-packages/airflow/example_dags/plugins/listener_plugin.py
[2024-03-18T08:18:57.438+0000] {processor.py:830} INFO - Processing file /home/ubuntu/air_venv/lib/python3.10/site-packages/airflow/example_dags/plugins/listener_plugin.py for tasks to queue
[2024-03-18T08:18:57.439+0000] {logging_mixin.py:188} INFO - [2024-03-18T08:18:57.439+0000] {dagbag.py:540} INFO - Filling up the DagBag from /home/ubuntu/air_venv/lib/python3.10/site-packages/airflow/example_dags/plugins/listener_plugin.py
[2024-03-18T08:18:57.442+0000] {processor.py:842} WARNING - No viable dags retrieved from /home/ubuntu/air_venv/lib/python3.10/site-packages/airflow/example_dags/plugins/listener_plugin.py
[2024-03-18T08:18:57.454+0000] {processor.py:183} INFO - Processing /home/ubuntu/air_venv/lib/python3.10/site-packages/airflow/example_dags/plugins/listener_plugin.py took 0.022 seconds
[2024-03-18T08:19:52.587+0000] {processor.py:161} INFO - Started process (PID=12980) to work on /home/ubuntu/air_venv/lib/python3.10/site-packages/airflow/example_dags/plugins/listener_plugin.py
[2024-03-18T08:19:52.588+0000] {processor.py:830} INFO - Processing file /home/ubuntu/air_venv/lib/python3.10/site-packages/airflow/example_dags/plugins/listener_plugin.py for tasks to queue
[2024-03-18T08:19:52.590+0000] {logging_mixin.py:188} INFO - [2024-03-18T08:19:52.589+0000] {dagbag.py:540} INFO - Filling up the DagBag from /home/ubuntu/air_venv/lib/python3.10/site-packages/airflow/example_dags/plugins/listener_plugin.py
[2024-03-18T08:19:52.593+0000] {processor.py:842} WARNING - No viable dags retrieved from /home/ubuntu/air_venv/lib/python3.10/site-packages/airflow/example_dags/plugins/listener_plugin.py
[2024-03-18T08:19:52.605+0000] {processor.py:183} INFO - Processing /home/ubuntu/air_venv/lib/python3.10/site-packages/airflow/example_dags/plugins/listener_plugin.py took 0.022 seconds
[2024-03-18T08:20:47.149+0000] {processor.py:161} INFO - Started process (PID=13331) to work on /home/ubuntu/air_venv/lib/python3.10/site-packages/airflow/example_dags/plugins/listener_plugin.py
[2024-03-18T08:20:47.151+0000] {processor.py:830} INFO - Processing file /home/ubuntu/air_venv/lib/python3.10/site-packages/airflow/example_dags/plugins/listener_plugin.py for tasks to queue
[2024-03-18T08:20:47.152+0000] {logging_mixin.py:188} INFO - [2024-03-18T08:20:47.151+0000] {dagbag.py:540} INFO - Filling up the DagBag from /home/ubuntu/air_venv/lib/python3.10/site-packages/airflow/example_dags/plugins/listener_plugin.py
[2024-03-18T08:20:47.155+0000] {processor.py:842} WARNING - No viable dags retrieved from /home/ubuntu/air_venv/lib/python3.10/site-packages/airflow/example_dags/plugins/listener_plugin.py
[2024-03-18T08:20:47.167+0000] {processor.py:183} INFO - Processing /home/ubuntu/air_venv/lib/python3.10/site-packages/airflow/example_dags/plugins/listener_plugin.py took 0.022 seconds
[2024-03-18T08:21:23.920+0000] {processor.py:161} INFO - Started process (PID=13606) to work on /home/ubuntu/air_venv/lib/python3.10/site-packages/airflow/example_dags/plugins/listener_plugin.py
[2024-03-18T08:21:23.921+0000] {processor.py:830} INFO - Processing file /home/ubuntu/air_venv/lib/python3.10/site-packages/airflow/example_dags/plugins/listener_plugin.py for tasks to queue
[2024-03-18T08:21:23.923+0000] {logging_mixin.py:188} INFO - [2024-03-18T08:21:23.922+0000] {dagbag.py:540} INFO - Filling up the DagBag from /home/ubuntu/air_venv/lib/python3.10/site-packages/airflow/example_dags/plugins/listener_plugin.py
[2024-03-18T08:21:23.926+0000] {processor.py:842} WARNING - No viable dags retrieved from /home/ubuntu/air_venv/lib/python3.10/site-packages/airflow/example_dags/plugins/listener_plugin.py
[2024-03-18T08:21:23.938+0000] {processor.py:183} INFO - Processing /home/ubuntu/air_venv/lib/python3.10/site-packages/airflow/example_dags/plugins/listener_plugin.py took 0.022 seconds
[2024-03-18T08:22:13.421+0000] {processor.py:161} INFO - Started process (PID=13899) to work on /home/ubuntu/air_venv/lib/python3.10/site-packages/airflow/example_dags/plugins/listener_plugin.py
[2024-03-18T08:22:13.424+0000] {processor.py:830} INFO - Processing file /home/ubuntu/air_venv/lib/python3.10/site-packages/airflow/example_dags/plugins/listener_plugin.py for tasks to queue
[2024-03-18T08:22:13.425+0000] {logging_mixin.py:188} INFO - [2024-03-18T08:22:13.424+0000] {dagbag.py:540} INFO - Filling up the DagBag from /home/ubuntu/air_venv/lib/python3.10/site-packages/airflow/example_dags/plugins/listener_plugin.py
[2024-03-18T08:22:13.428+0000] {processor.py:842} WARNING - No viable dags retrieved from /home/ubuntu/air_venv/lib/python3.10/site-packages/airflow/example_dags/plugins/listener_plugin.py
[2024-03-18T08:22:13.440+0000] {processor.py:183} INFO - Processing /home/ubuntu/air_venv/lib/python3.10/site-packages/airflow/example_dags/plugins/listener_plugin.py took 0.023 seconds
[2024-03-18T08:22:52.307+0000] {processor.py:161} INFO - Started process (PID=14061) to work on /home/ubuntu/air_venv/lib/python3.10/site-packages/airflow/example_dags/plugins/listener_plugin.py
[2024-03-18T08:22:52.309+0000] {processor.py:830} INFO - Processing file /home/ubuntu/air_venv/lib/python3.10/site-packages/airflow/example_dags/plugins/listener_plugin.py for tasks to queue
[2024-03-18T08:22:52.310+0000] {logging_mixin.py:188} INFO - [2024-03-18T08:22:52.309+0000] {dagbag.py:540} INFO - Filling up the DagBag from /home/ubuntu/air_venv/lib/python3.10/site-packages/airflow/example_dags/plugins/listener_plugin.py
[2024-03-18T08:22:52.313+0000] {processor.py:842} WARNING - No viable dags retrieved from /home/ubuntu/air_venv/lib/python3.10/site-packages/airflow/example_dags/plugins/listener_plugin.py
[2024-03-18T08:22:52.324+0000] {processor.py:183} INFO - Processing /home/ubuntu/air_venv/lib/python3.10/site-packages/airflow/example_dags/plugins/listener_plugin.py took 0.021 seconds
[2024-03-18T08:23:30.209+0000] {processor.py:161} INFO - Started process (PID=14413) to work on /home/ubuntu/air_venv/lib/python3.10/site-packages/airflow/example_dags/plugins/listener_plugin.py
[2024-03-18T08:23:30.211+0000] {processor.py:830} INFO - Processing file /home/ubuntu/air_venv/lib/python3.10/site-packages/airflow/example_dags/plugins/listener_plugin.py for tasks to queue
[2024-03-18T08:23:30.212+0000] {logging_mixin.py:188} INFO - [2024-03-18T08:23:30.212+0000] {dagbag.py:540} INFO - Filling up the DagBag from /home/ubuntu/air_venv/lib/python3.10/site-packages/airflow/example_dags/plugins/listener_plugin.py
[2024-03-18T08:23:30.215+0000] {processor.py:842} WARNING - No viable dags retrieved from /home/ubuntu/air_venv/lib/python3.10/site-packages/airflow/example_dags/plugins/listener_plugin.py
[2024-03-18T08:23:30.227+0000] {processor.py:183} INFO - Processing /home/ubuntu/air_venv/lib/python3.10/site-packages/airflow/example_dags/plugins/listener_plugin.py took 0.022 seconds
[2024-03-18T08:24:11.814+0000] {processor.py:161} INFO - Started process (PID=14787) to work on /home/ubuntu/air_venv/lib/python3.10/site-packages/airflow/example_dags/plugins/listener_plugin.py
[2024-03-18T08:24:11.816+0000] {processor.py:830} INFO - Processing file /home/ubuntu/air_venv/lib/python3.10/site-packages/airflow/example_dags/plugins/listener_plugin.py for tasks to queue
[2024-03-18T08:24:11.817+0000] {logging_mixin.py:188} INFO - [2024-03-18T08:24:11.817+0000] {dagbag.py:540} INFO - Filling up the DagBag from /home/ubuntu/air_venv/lib/python3.10/site-packages/airflow/example_dags/plugins/listener_plugin.py
[2024-03-18T08:24:11.821+0000] {processor.py:842} WARNING - No viable dags retrieved from /home/ubuntu/air_venv/lib/python3.10/site-packages/airflow/example_dags/plugins/listener_plugin.py
[2024-03-18T08:24:11.838+0000] {processor.py:183} INFO - Processing /home/ubuntu/air_venv/lib/python3.10/site-packages/airflow/example_dags/plugins/listener_plugin.py took 0.027 seconds
[2024-03-18T08:24:49.599+0000] {processor.py:161} INFO - Started process (PID=15071) to work on /home/ubuntu/air_venv/lib/python3.10/site-packages/airflow/example_dags/plugins/listener_plugin.py
[2024-03-18T08:24:49.601+0000] {processor.py:830} INFO - Processing file /home/ubuntu/air_venv/lib/python3.10/site-packages/airflow/example_dags/plugins/listener_plugin.py for tasks to queue
[2024-03-18T08:24:49.602+0000] {logging_mixin.py:188} INFO - [2024-03-18T08:24:49.601+0000] {dagbag.py:540} INFO - Filling up the DagBag from /home/ubuntu/air_venv/lib/python3.10/site-packages/airflow/example_dags/plugins/listener_plugin.py
[2024-03-18T08:24:49.605+0000] {processor.py:842} WARNING - No viable dags retrieved from /home/ubuntu/air_venv/lib/python3.10/site-packages/airflow/example_dags/plugins/listener_plugin.py
[2024-03-18T08:24:49.617+0000] {processor.py:183} INFO - Processing /home/ubuntu/air_venv/lib/python3.10/site-packages/airflow/example_dags/plugins/listener_plugin.py took 0.022 seconds
[2024-03-18T08:25:32.042+0000] {processor.py:161} INFO - Started process (PID=15290) to work on /home/ubuntu/air_venv/lib/python3.10/site-packages/airflow/example_dags/plugins/listener_plugin.py
[2024-03-18T08:25:32.044+0000] {processor.py:830} INFO - Processing file /home/ubuntu/air_venv/lib/python3.10/site-packages/airflow/example_dags/plugins/listener_plugin.py for tasks to queue
[2024-03-18T08:25:32.045+0000] {logging_mixin.py:188} INFO - [2024-03-18T08:25:32.044+0000] {dagbag.py:540} INFO - Filling up the DagBag from /home/ubuntu/air_venv/lib/python3.10/site-packages/airflow/example_dags/plugins/listener_plugin.py
[2024-03-18T08:25:32.048+0000] {processor.py:842} WARNING - No viable dags retrieved from /home/ubuntu/air_venv/lib/python3.10/site-packages/airflow/example_dags/plugins/listener_plugin.py
[2024-03-18T08:25:32.060+0000] {processor.py:183} INFO - Processing /home/ubuntu/air_venv/lib/python3.10/site-packages/airflow/example_dags/plugins/listener_plugin.py took 0.022 seconds
[2024-03-18T08:26:15.523+0000] {processor.py:161} INFO - Started process (PID=15393) to work on /home/ubuntu/air_venv/lib/python3.10/site-packages/airflow/example_dags/plugins/listener_plugin.py
[2024-03-18T08:26:15.524+0000] {processor.py:830} INFO - Processing file /home/ubuntu/air_venv/lib/python3.10/site-packages/airflow/example_dags/plugins/listener_plugin.py for tasks to queue
[2024-03-18T08:26:15.526+0000] {logging_mixin.py:188} INFO - [2024-03-18T08:26:15.525+0000] {dagbag.py:540} INFO - Filling up the DagBag from /home/ubuntu/air_venv/lib/python3.10/site-packages/airflow/example_dags/plugins/listener_plugin.py
[2024-03-18T08:26:15.529+0000] {processor.py:842} WARNING - No viable dags retrieved from /home/ubuntu/air_venv/lib/python3.10/site-packages/airflow/example_dags/plugins/listener_plugin.py
[2024-03-18T08:26:15.540+0000] {processor.py:183} INFO - Processing /home/ubuntu/air_venv/lib/python3.10/site-packages/airflow/example_dags/plugins/listener_plugin.py took 0.021 seconds
[2024-03-18T08:26:56.324+0000] {processor.py:161} INFO - Started process (PID=15493) to work on /home/ubuntu/air_venv/lib/python3.10/site-packages/airflow/example_dags/plugins/listener_plugin.py
[2024-03-18T08:26:56.326+0000] {processor.py:830} INFO - Processing file /home/ubuntu/air_venv/lib/python3.10/site-packages/airflow/example_dags/plugins/listener_plugin.py for tasks to queue
[2024-03-18T08:26:56.327+0000] {logging_mixin.py:188} INFO - [2024-03-18T08:26:56.326+0000] {dagbag.py:540} INFO - Filling up the DagBag from /home/ubuntu/air_venv/lib/python3.10/site-packages/airflow/example_dags/plugins/listener_plugin.py
[2024-03-18T08:26:56.330+0000] {processor.py:842} WARNING - No viable dags retrieved from /home/ubuntu/air_venv/lib/python3.10/site-packages/airflow/example_dags/plugins/listener_plugin.py
[2024-03-18T08:26:56.341+0000] {processor.py:183} INFO - Processing /home/ubuntu/air_venv/lib/python3.10/site-packages/airflow/example_dags/plugins/listener_plugin.py took 0.021 seconds
[2024-03-18T08:27:38.171+0000] {processor.py:161} INFO - Started process (PID=15535) to work on /home/ubuntu/air_venv/lib/python3.10/site-packages/airflow/example_dags/plugins/listener_plugin.py
[2024-03-18T08:27:38.174+0000] {processor.py:830} INFO - Processing file /home/ubuntu/air_venv/lib/python3.10/site-packages/airflow/example_dags/plugins/listener_plugin.py for tasks to queue
[2024-03-18T08:27:38.175+0000] {logging_mixin.py:188} INFO - [2024-03-18T08:27:38.175+0000] {dagbag.py:540} INFO - Filling up the DagBag from /home/ubuntu/air_venv/lib/python3.10/site-packages/airflow/example_dags/plugins/listener_plugin.py
[2024-03-18T08:27:38.179+0000] {processor.py:842} WARNING - No viable dags retrieved from /home/ubuntu/air_venv/lib/python3.10/site-packages/airflow/example_dags/plugins/listener_plugin.py
[2024-03-18T08:27:38.190+0000] {processor.py:183} INFO - Processing /home/ubuntu/air_venv/lib/python3.10/site-packages/airflow/example_dags/plugins/listener_plugin.py took 0.022 seconds
[2024-03-18T08:28:19.861+0000] {processor.py:161} INFO - Started process (PID=15635) to work on /home/ubuntu/air_venv/lib/python3.10/site-packages/airflow/example_dags/plugins/listener_plugin.py
[2024-03-18T08:28:19.863+0000] {processor.py:830} INFO - Processing file /home/ubuntu/air_venv/lib/python3.10/site-packages/airflow/example_dags/plugins/listener_plugin.py for tasks to queue
[2024-03-18T08:28:19.864+0000] {logging_mixin.py:188} INFO - [2024-03-18T08:28:19.863+0000] {dagbag.py:540} INFO - Filling up the DagBag from /home/ubuntu/air_venv/lib/python3.10/site-packages/airflow/example_dags/plugins/listener_plugin.py
[2024-03-18T08:28:19.867+0000] {processor.py:842} WARNING - No viable dags retrieved from /home/ubuntu/air_venv/lib/python3.10/site-packages/airflow/example_dags/plugins/listener_plugin.py
[2024-03-18T08:28:19.879+0000] {processor.py:183} INFO - Processing /home/ubuntu/air_venv/lib/python3.10/site-packages/airflow/example_dags/plugins/listener_plugin.py took 0.021 seconds
[2024-03-18T08:29:02.026+0000] {processor.py:161} INFO - Started process (PID=15736) to work on /home/ubuntu/air_venv/lib/python3.10/site-packages/airflow/example_dags/plugins/listener_plugin.py
[2024-03-18T08:29:02.028+0000] {processor.py:830} INFO - Processing file /home/ubuntu/air_venv/lib/python3.10/site-packages/airflow/example_dags/plugins/listener_plugin.py for tasks to queue
[2024-03-18T08:29:02.030+0000] {logging_mixin.py:188} INFO - [2024-03-18T08:29:02.030+0000] {dagbag.py:540} INFO - Filling up the DagBag from /home/ubuntu/air_venv/lib/python3.10/site-packages/airflow/example_dags/plugins/listener_plugin.py
[2024-03-18T08:29:02.088+0000] {processor.py:842} WARNING - No viable dags retrieved from /home/ubuntu/air_venv/lib/python3.10/site-packages/airflow/example_dags/plugins/listener_plugin.py
[2024-03-18T08:29:02.134+0000] {processor.py:183} INFO - Processing /home/ubuntu/air_venv/lib/python3.10/site-packages/airflow/example_dags/plugins/listener_plugin.py took 0.253 seconds
[2024-03-18T08:29:46.636+0000] {processor.py:161} INFO - Started process (PID=15898) to work on /home/ubuntu/air_venv/lib/python3.10/site-packages/airflow/example_dags/plugins/listener_plugin.py
[2024-03-18T08:29:46.638+0000] {processor.py:830} INFO - Processing file /home/ubuntu/air_venv/lib/python3.10/site-packages/airflow/example_dags/plugins/listener_plugin.py for tasks to queue
[2024-03-18T08:29:46.639+0000] {logging_mixin.py:188} INFO - [2024-03-18T08:29:46.639+0000] {dagbag.py:540} INFO - Filling up the DagBag from /home/ubuntu/air_venv/lib/python3.10/site-packages/airflow/example_dags/plugins/listener_plugin.py
[2024-03-18T08:29:46.642+0000] {processor.py:842} WARNING - No viable dags retrieved from /home/ubuntu/air_venv/lib/python3.10/site-packages/airflow/example_dags/plugins/listener_plugin.py
[2024-03-18T08:29:46.654+0000] {processor.py:183} INFO - Processing /home/ubuntu/air_venv/lib/python3.10/site-packages/airflow/example_dags/plugins/listener_plugin.py took 0.021 seconds
