[2024-03-18T08:00:29.252+0000] {processor.py:161} INFO - Started process (PID=3112) to work on /home/ubuntu/air_venv/lib/python3.10/site-packages/airflow/example_dags/example_complex.py
[2024-03-18T08:00:29.253+0000] {processor.py:830} INFO - Processing file /home/ubuntu/air_venv/lib/python3.10/site-packages/airflow/example_dags/example_complex.py for tasks to queue
[2024-03-18T08:00:29.255+0000] {logging_mixin.py:188} INFO - [2024-03-18T08:00:29.254+0000] {dagbag.py:540} INFO - Filling up the DagBag from /home/ubuntu/air_venv/lib/python3.10/site-packages/airflow/example_dags/example_complex.py
[2024-03-18T08:00:29.267+0000] {processor.py:840} INFO - DAG(s) 'example_complex' retrieved from /home/ubuntu/air_venv/lib/python3.10/site-packages/airflow/example_dags/example_complex.py
[2024-03-18T08:00:29.409+0000] {logging_mixin.py:188} INFO - [2024-03-18T08:00:29.408+0000] {override.py:1769} INFO - Created Permission View: can edit on DAG:example_complex
[2024-03-18T08:00:29.424+0000] {logging_mixin.py:188} INFO - [2024-03-18T08:00:29.424+0000] {override.py:1769} INFO - Created Permission View: can delete on DAG:example_complex
[2024-03-18T08:00:29.437+0000] {logging_mixin.py:188} INFO - [2024-03-18T08:00:29.436+0000] {override.py:1769} INFO - Created Permission View: can read on DAG:example_complex
[2024-03-18T08:00:29.438+0000] {logging_mixin.py:188} INFO - [2024-03-18T08:00:29.437+0000] {dag.py:3047} INFO - Sync 1 DAGs
[2024-03-18T08:00:29.453+0000] {logging_mixin.py:188} INFO - [2024-03-18T08:00:29.453+0000] {dag.py:3069} INFO - Creating ORM DAG for example_complex
[2024-03-18T08:00:29.454+0000] {logging_mixin.py:188} INFO - [2024-03-18T08:00:29.454+0000] {dag.py:3834} INFO - Setting next_dagrun for example_complex to None, run_after=None
[2024-03-18T08:00:29.622+0000] {processor.py:183} INFO - Processing /home/ubuntu/air_venv/lib/python3.10/site-packages/airflow/example_dags/example_complex.py took 0.373 seconds
[2024-03-18T08:01:23.338+0000] {processor.py:161} INFO - Started process (PID=3526) to work on /home/ubuntu/air_venv/lib/python3.10/site-packages/airflow/example_dags/example_complex.py
[2024-03-18T08:01:23.340+0000] {processor.py:830} INFO - Processing file /home/ubuntu/air_venv/lib/python3.10/site-packages/airflow/example_dags/example_complex.py for tasks to queue
[2024-03-18T08:01:23.341+0000] {logging_mixin.py:188} INFO - [2024-03-18T08:01:23.341+0000] {dagbag.py:540} INFO - Filling up the DagBag from /home/ubuntu/air_venv/lib/python3.10/site-packages/airflow/example_dags/example_complex.py
[2024-03-18T08:01:23.353+0000] {processor.py:840} INFO - DAG(s) 'example_complex' retrieved from /home/ubuntu/air_venv/lib/python3.10/site-packages/airflow/example_dags/example_complex.py
[2024-03-18T08:01:23.382+0000] {logging_mixin.py:188} INFO - [2024-03-18T08:01:23.381+0000] {dag.py:3047} INFO - Sync 1 DAGs
[2024-03-18T08:01:23.394+0000] {logging_mixin.py:188} INFO - [2024-03-18T08:01:23.394+0000] {dag.py:3834} INFO - Setting next_dagrun for example_complex to None, run_after=None
[2024-03-18T08:01:23.420+0000] {processor.py:183} INFO - Processing /home/ubuntu/air_venv/lib/python3.10/site-packages/airflow/example_dags/example_complex.py took 0.085 seconds
[2024-03-18T08:02:19.653+0000] {processor.py:161} INFO - Started process (PID=4177) to work on /home/ubuntu/air_venv/lib/python3.10/site-packages/airflow/example_dags/example_complex.py
[2024-03-18T08:02:19.656+0000] {processor.py:830} INFO - Processing file /home/ubuntu/air_venv/lib/python3.10/site-packages/airflow/example_dags/example_complex.py for tasks to queue
[2024-03-18T08:02:19.657+0000] {logging_mixin.py:188} INFO - [2024-03-18T08:02:19.656+0000] {dagbag.py:540} INFO - Filling up the DagBag from /home/ubuntu/air_venv/lib/python3.10/site-packages/airflow/example_dags/example_complex.py
[2024-03-18T08:02:19.670+0000] {processor.py:840} INFO - DAG(s) 'example_complex' retrieved from /home/ubuntu/air_venv/lib/python3.10/site-packages/airflow/example_dags/example_complex.py
[2024-03-18T08:02:19.844+0000] {logging_mixin.py:188} INFO - [2024-03-18T08:02:19.843+0000] {dag.py:3047} INFO - Sync 1 DAGs
[2024-03-18T08:02:19.855+0000] {logging_mixin.py:188} INFO - [2024-03-18T08:02:19.855+0000] {dag.py:3834} INFO - Setting next_dagrun for example_complex to None, run_after=None
[2024-03-18T08:02:19.879+0000] {processor.py:183} INFO - Processing /home/ubuntu/air_venv/lib/python3.10/site-packages/airflow/example_dags/example_complex.py took 0.230 seconds
[2024-03-18T08:03:13.977+0000] {processor.py:161} INFO - Started process (PID=4467) to work on /home/ubuntu/air_venv/lib/python3.10/site-packages/airflow/example_dags/example_complex.py
[2024-03-18T08:03:13.979+0000] {processor.py:830} INFO - Processing file /home/ubuntu/air_venv/lib/python3.10/site-packages/airflow/example_dags/example_complex.py for tasks to queue
[2024-03-18T08:03:13.980+0000] {logging_mixin.py:188} INFO - [2024-03-18T08:03:13.980+0000] {dagbag.py:540} INFO - Filling up the DagBag from /home/ubuntu/air_venv/lib/python3.10/site-packages/airflow/example_dags/example_complex.py
[2024-03-18T08:03:13.993+0000] {processor.py:840} INFO - DAG(s) 'example_complex' retrieved from /home/ubuntu/air_venv/lib/python3.10/site-packages/airflow/example_dags/example_complex.py
[2024-03-18T08:03:14.024+0000] {logging_mixin.py:188} INFO - [2024-03-18T08:03:14.023+0000] {dag.py:3047} INFO - Sync 1 DAGs
[2024-03-18T08:03:14.037+0000] {logging_mixin.py:188} INFO - [2024-03-18T08:03:14.037+0000] {dag.py:3834} INFO - Setting next_dagrun for example_complex to None, run_after=None
[2024-03-18T08:03:14.065+0000] {processor.py:183} INFO - Processing /home/ubuntu/air_venv/lib/python3.10/site-packages/airflow/example_dags/example_complex.py took 0.091 seconds
[2024-03-18T08:04:19.017+0000] {processor.py:161} INFO - Started process (PID=5013) to work on /home/ubuntu/air_venv/lib/python3.10/site-packages/airflow/example_dags/example_complex.py
[2024-03-18T08:04:19.018+0000] {processor.py:830} INFO - Processing file /home/ubuntu/air_venv/lib/python3.10/site-packages/airflow/example_dags/example_complex.py for tasks to queue
[2024-03-18T08:04:19.020+0000] {logging_mixin.py:188} INFO - [2024-03-18T08:04:19.020+0000] {dagbag.py:540} INFO - Filling up the DagBag from /home/ubuntu/air_venv/lib/python3.10/site-packages/airflow/example_dags/example_complex.py
[2024-03-18T08:04:19.033+0000] {processor.py:840} INFO - DAG(s) 'example_complex' retrieved from /home/ubuntu/air_venv/lib/python3.10/site-packages/airflow/example_dags/example_complex.py
[2024-03-18T08:04:19.062+0000] {logging_mixin.py:188} INFO - [2024-03-18T08:04:19.061+0000] {dag.py:3047} INFO - Sync 1 DAGs
[2024-03-18T08:04:19.075+0000] {logging_mixin.py:188} INFO - [2024-03-18T08:04:19.074+0000] {dag.py:3834} INFO - Setting next_dagrun for example_complex to None, run_after=None
[2024-03-18T08:04:19.101+0000] {processor.py:183} INFO - Processing /home/ubuntu/air_venv/lib/python3.10/site-packages/airflow/example_dags/example_complex.py took 0.088 seconds
[2024-03-18T08:05:36.861+0000] {processor.py:161} INFO - Started process (PID=5692) to work on /home/ubuntu/air_venv/lib/python3.10/site-packages/airflow/example_dags/example_complex.py
[2024-03-18T08:05:36.864+0000] {processor.py:830} INFO - Processing file /home/ubuntu/air_venv/lib/python3.10/site-packages/airflow/example_dags/example_complex.py for tasks to queue
[2024-03-18T08:05:36.865+0000] {logging_mixin.py:188} INFO - [2024-03-18T08:05:36.864+0000] {dagbag.py:540} INFO - Filling up the DagBag from /home/ubuntu/air_venv/lib/python3.10/site-packages/airflow/example_dags/example_complex.py
[2024-03-18T08:05:36.883+0000] {processor.py:840} INFO - DAG(s) 'example_complex' retrieved from /home/ubuntu/air_venv/lib/python3.10/site-packages/airflow/example_dags/example_complex.py
[2024-03-18T08:05:36.947+0000] {logging_mixin.py:188} INFO - [2024-03-18T08:05:36.947+0000] {dag.py:3047} INFO - Sync 1 DAGs
[2024-03-18T08:05:36.968+0000] {logging_mixin.py:188} INFO - [2024-03-18T08:05:36.967+0000] {dag.py:3834} INFO - Setting next_dagrun for example_complex to None, run_after=None
[2024-03-18T08:05:36.995+0000] {processor.py:183} INFO - Processing /home/ubuntu/air_venv/lib/python3.10/site-packages/airflow/example_dags/example_complex.py took 0.137 seconds
[2024-03-18T08:07:34.200+0000] {processor.py:161} INFO - Started process (PID=7073) to work on /home/ubuntu/air_venv/lib/python3.10/site-packages/airflow/example_dags/example_complex.py
[2024-03-18T08:07:34.202+0000] {processor.py:830} INFO - Processing file /home/ubuntu/air_venv/lib/python3.10/site-packages/airflow/example_dags/example_complex.py for tasks to queue
[2024-03-18T08:07:34.203+0000] {logging_mixin.py:188} INFO - [2024-03-18T08:07:34.203+0000] {dagbag.py:540} INFO - Filling up the DagBag from /home/ubuntu/air_venv/lib/python3.10/site-packages/airflow/example_dags/example_complex.py
[2024-03-18T08:07:34.216+0000] {processor.py:840} INFO - DAG(s) 'example_complex' retrieved from /home/ubuntu/air_venv/lib/python3.10/site-packages/airflow/example_dags/example_complex.py
[2024-03-18T08:07:34.246+0000] {logging_mixin.py:188} INFO - [2024-03-18T08:07:34.246+0000] {dag.py:3047} INFO - Sync 1 DAGs
[2024-03-18T08:07:34.259+0000] {logging_mixin.py:188} INFO - [2024-03-18T08:07:34.259+0000] {dag.py:3834} INFO - Setting next_dagrun for example_complex to None, run_after=None
[2024-03-18T08:07:34.286+0000] {processor.py:183} INFO - Processing /home/ubuntu/air_venv/lib/python3.10/site-packages/airflow/example_dags/example_complex.py took 0.090 seconds
[2024-03-18T08:08:27.269+0000] {processor.py:161} INFO - Started process (PID=7304) to work on /home/ubuntu/air_venv/lib/python3.10/site-packages/airflow/example_dags/example_complex.py
[2024-03-18T08:08:27.271+0000] {processor.py:830} INFO - Processing file /home/ubuntu/air_venv/lib/python3.10/site-packages/airflow/example_dags/example_complex.py for tasks to queue
[2024-03-18T08:08:27.272+0000] {logging_mixin.py:188} INFO - [2024-03-18T08:08:27.271+0000] {dagbag.py:540} INFO - Filling up the DagBag from /home/ubuntu/air_venv/lib/python3.10/site-packages/airflow/example_dags/example_complex.py
[2024-03-18T08:08:27.285+0000] {processor.py:840} INFO - DAG(s) 'example_complex' retrieved from /home/ubuntu/air_venv/lib/python3.10/site-packages/airflow/example_dags/example_complex.py
[2024-03-18T08:08:27.316+0000] {logging_mixin.py:188} INFO - [2024-03-18T08:08:27.315+0000] {dag.py:3047} INFO - Sync 1 DAGs
[2024-03-18T08:08:27.330+0000] {logging_mixin.py:188} INFO - [2024-03-18T08:08:27.329+0000] {dag.py:3834} INFO - Setting next_dagrun for example_complex to None, run_after=None
[2024-03-18T08:08:27.356+0000] {processor.py:183} INFO - Processing /home/ubuntu/air_venv/lib/python3.10/site-packages/airflow/example_dags/example_complex.py took 0.091 seconds
[2024-03-18T08:09:35.626+0000] {processor.py:161} INFO - Started process (PID=7862) to work on /home/ubuntu/air_venv/lib/python3.10/site-packages/airflow/example_dags/example_complex.py
[2024-03-18T08:09:35.628+0000] {processor.py:830} INFO - Processing file /home/ubuntu/air_venv/lib/python3.10/site-packages/airflow/example_dags/example_complex.py for tasks to queue
[2024-03-18T08:09:35.629+0000] {logging_mixin.py:188} INFO - [2024-03-18T08:09:35.628+0000] {dagbag.py:540} INFO - Filling up the DagBag from /home/ubuntu/air_venv/lib/python3.10/site-packages/airflow/example_dags/example_complex.py
[2024-03-18T08:09:35.641+0000] {processor.py:840} INFO - DAG(s) 'example_complex' retrieved from /home/ubuntu/air_venv/lib/python3.10/site-packages/airflow/example_dags/example_complex.py
[2024-03-18T08:09:35.677+0000] {logging_mixin.py:188} INFO - [2024-03-18T08:09:35.674+0000] {dag.py:3047} INFO - Sync 1 DAGs
[2024-03-18T08:09:35.691+0000] {logging_mixin.py:188} INFO - [2024-03-18T08:09:35.691+0000] {dag.py:3834} INFO - Setting next_dagrun for example_complex to None, run_after=None
[2024-03-18T08:09:35.716+0000] {processor.py:183} INFO - Processing /home/ubuntu/air_venv/lib/python3.10/site-packages/airflow/example_dags/example_complex.py took 0.094 seconds
[2024-03-18T08:10:36.455+0000] {processor.py:161} INFO - Started process (PID=8283) to work on /home/ubuntu/air_venv/lib/python3.10/site-packages/airflow/example_dags/example_complex.py
[2024-03-18T08:10:36.456+0000] {processor.py:830} INFO - Processing file /home/ubuntu/air_venv/lib/python3.10/site-packages/airflow/example_dags/example_complex.py for tasks to queue
[2024-03-18T08:10:36.458+0000] {logging_mixin.py:188} INFO - [2024-03-18T08:10:36.457+0000] {dagbag.py:540} INFO - Filling up the DagBag from /home/ubuntu/air_venv/lib/python3.10/site-packages/airflow/example_dags/example_complex.py
[2024-03-18T08:10:36.477+0000] {processor.py:840} INFO - DAG(s) 'example_complex' retrieved from /home/ubuntu/air_venv/lib/python3.10/site-packages/airflow/example_dags/example_complex.py
[2024-03-18T08:10:36.519+0000] {logging_mixin.py:188} INFO - [2024-03-18T08:10:36.519+0000] {dag.py:3047} INFO - Sync 1 DAGs
[2024-03-18T08:10:36.533+0000] {logging_mixin.py:188} INFO - [2024-03-18T08:10:36.532+0000] {dag.py:3834} INFO - Setting next_dagrun for example_complex to None, run_after=None
[2024-03-18T08:10:36.560+0000] {processor.py:183} INFO - Processing /home/ubuntu/air_venv/lib/python3.10/site-packages/airflow/example_dags/example_complex.py took 0.108 seconds
[2024-03-18T08:11:38.561+0000] {processor.py:161} INFO - Started process (PID=8847) to work on /home/ubuntu/air_venv/lib/python3.10/site-packages/airflow/example_dags/example_complex.py
[2024-03-18T08:11:38.568+0000] {processor.py:830} INFO - Processing file /home/ubuntu/air_venv/lib/python3.10/site-packages/airflow/example_dags/example_complex.py for tasks to queue
[2024-03-18T08:11:38.571+0000] {logging_mixin.py:188} INFO - [2024-03-18T08:11:38.571+0000] {dagbag.py:540} INFO - Filling up the DagBag from /home/ubuntu/air_venv/lib/python3.10/site-packages/airflow/example_dags/example_complex.py
[2024-03-18T08:11:38.590+0000] {processor.py:840} INFO - DAG(s) 'example_complex' retrieved from /home/ubuntu/air_venv/lib/python3.10/site-packages/airflow/example_dags/example_complex.py
[2024-03-18T08:11:38.627+0000] {logging_mixin.py:188} INFO - [2024-03-18T08:11:38.627+0000] {dag.py:3047} INFO - Sync 1 DAGs
[2024-03-18T08:11:38.640+0000] {logging_mixin.py:188} INFO - [2024-03-18T08:11:38.640+0000] {dag.py:3834} INFO - Setting next_dagrun for example_complex to None, run_after=None
[2024-03-18T08:11:38.666+0000] {processor.py:183} INFO - Processing /home/ubuntu/air_venv/lib/python3.10/site-packages/airflow/example_dags/example_complex.py took 0.110 seconds
[2024-03-18T08:12:39.301+0000] {processor.py:161} INFO - Started process (PID=9212) to work on /home/ubuntu/air_venv/lib/python3.10/site-packages/airflow/example_dags/example_complex.py
[2024-03-18T08:12:39.302+0000] {processor.py:830} INFO - Processing file /home/ubuntu/air_venv/lib/python3.10/site-packages/airflow/example_dags/example_complex.py for tasks to queue
[2024-03-18T08:12:39.303+0000] {logging_mixin.py:188} INFO - [2024-03-18T08:12:39.303+0000] {dagbag.py:540} INFO - Filling up the DagBag from /home/ubuntu/air_venv/lib/python3.10/site-packages/airflow/example_dags/example_complex.py
[2024-03-18T08:12:39.316+0000] {processor.py:840} INFO - DAG(s) 'example_complex' retrieved from /home/ubuntu/air_venv/lib/python3.10/site-packages/airflow/example_dags/example_complex.py
[2024-03-18T08:12:39.345+0000] {logging_mixin.py:188} INFO - [2024-03-18T08:12:39.345+0000] {dag.py:3047} INFO - Sync 1 DAGs
[2024-03-18T08:12:39.359+0000] {logging_mixin.py:188} INFO - [2024-03-18T08:12:39.359+0000] {dag.py:3834} INFO - Setting next_dagrun for example_complex to None, run_after=None
[2024-03-18T08:12:39.383+0000] {processor.py:183} INFO - Processing /home/ubuntu/air_venv/lib/python3.10/site-packages/airflow/example_dags/example_complex.py took 0.086 seconds
[2024-03-18T08:13:46.973+0000] {processor.py:161} INFO - Started process (PID=9614) to work on /home/ubuntu/air_venv/lib/python3.10/site-packages/airflow/example_dags/example_complex.py
[2024-03-18T08:13:46.975+0000] {processor.py:830} INFO - Processing file /home/ubuntu/air_venv/lib/python3.10/site-packages/airflow/example_dags/example_complex.py for tasks to queue
[2024-03-18T08:13:46.976+0000] {logging_mixin.py:188} INFO - [2024-03-18T08:13:46.976+0000] {dagbag.py:540} INFO - Filling up the DagBag from /home/ubuntu/air_venv/lib/python3.10/site-packages/airflow/example_dags/example_complex.py
[2024-03-18T08:13:46.989+0000] {processor.py:840} INFO - DAG(s) 'example_complex' retrieved from /home/ubuntu/air_venv/lib/python3.10/site-packages/airflow/example_dags/example_complex.py
[2024-03-18T08:13:47.019+0000] {logging_mixin.py:188} INFO - [2024-03-18T08:13:47.019+0000] {dag.py:3047} INFO - Sync 1 DAGs
[2024-03-18T08:13:47.032+0000] {logging_mixin.py:188} INFO - [2024-03-18T08:13:47.031+0000] {dag.py:3834} INFO - Setting next_dagrun for example_complex to None, run_after=None
[2024-03-18T08:13:47.058+0000] {processor.py:183} INFO - Processing /home/ubuntu/air_venv/lib/python3.10/site-packages/airflow/example_dags/example_complex.py took 0.088 seconds
[2024-03-18T08:15:16.730+0000] {processor.py:161} INFO - Started process (PID=10307) to work on /home/ubuntu/air_venv/lib/python3.10/site-packages/airflow/example_dags/example_complex.py
[2024-03-18T08:15:16.732+0000] {processor.py:830} INFO - Processing file /home/ubuntu/air_venv/lib/python3.10/site-packages/airflow/example_dags/example_complex.py for tasks to queue
[2024-03-18T08:15:16.733+0000] {logging_mixin.py:188} INFO - [2024-03-18T08:15:16.733+0000] {dagbag.py:540} INFO - Filling up the DagBag from /home/ubuntu/air_venv/lib/python3.10/site-packages/airflow/example_dags/example_complex.py
[2024-03-18T08:15:16.746+0000] {processor.py:840} INFO - DAG(s) 'example_complex' retrieved from /home/ubuntu/air_venv/lib/python3.10/site-packages/airflow/example_dags/example_complex.py
[2024-03-18T08:15:16.776+0000] {logging_mixin.py:188} INFO - [2024-03-18T08:15:16.776+0000] {dag.py:3047} INFO - Sync 1 DAGs
[2024-03-18T08:15:16.790+0000] {logging_mixin.py:188} INFO - [2024-03-18T08:15:16.789+0000] {dag.py:3834} INFO - Setting next_dagrun for example_complex to None, run_after=None
[2024-03-18T08:15:16.817+0000] {processor.py:183} INFO - Processing /home/ubuntu/air_venv/lib/python3.10/site-packages/airflow/example_dags/example_complex.py took 0.091 seconds
[2024-03-18T08:16:30.481+0000] {processor.py:161} INFO - Started process (PID=11186) to work on /home/ubuntu/air_venv/lib/python3.10/site-packages/airflow/example_dags/example_complex.py
[2024-03-18T08:16:30.483+0000] {processor.py:830} INFO - Processing file /home/ubuntu/air_venv/lib/python3.10/site-packages/airflow/example_dags/example_complex.py for tasks to queue
[2024-03-18T08:16:30.484+0000] {logging_mixin.py:188} INFO - [2024-03-18T08:16:30.484+0000] {dagbag.py:540} INFO - Filling up the DagBag from /home/ubuntu/air_venv/lib/python3.10/site-packages/airflow/example_dags/example_complex.py
[2024-03-18T08:16:30.503+0000] {processor.py:840} INFO - DAG(s) 'example_complex' retrieved from /home/ubuntu/air_venv/lib/python3.10/site-packages/airflow/example_dags/example_complex.py
[2024-03-18T08:16:30.547+0000] {logging_mixin.py:188} INFO - [2024-03-18T08:16:30.546+0000] {dag.py:3047} INFO - Sync 1 DAGs
[2024-03-18T08:16:30.566+0000] {logging_mixin.py:188} INFO - [2024-03-18T08:16:30.565+0000] {dag.py:3834} INFO - Setting next_dagrun for example_complex to None, run_after=None
[2024-03-18T08:16:30.600+0000] {processor.py:183} INFO - Processing /home/ubuntu/air_venv/lib/python3.10/site-packages/airflow/example_dags/example_complex.py took 0.123 seconds
[2024-03-18T08:17:50.054+0000] {processor.py:161} INFO - Started process (PID=12227) to work on /home/ubuntu/air_venv/lib/python3.10/site-packages/airflow/example_dags/example_complex.py
[2024-03-18T08:17:50.056+0000] {processor.py:830} INFO - Processing file /home/ubuntu/air_venv/lib/python3.10/site-packages/airflow/example_dags/example_complex.py for tasks to queue
[2024-03-18T08:17:50.057+0000] {logging_mixin.py:188} INFO - [2024-03-18T08:17:50.057+0000] {dagbag.py:540} INFO - Filling up the DagBag from /home/ubuntu/air_venv/lib/python3.10/site-packages/airflow/example_dags/example_complex.py
[2024-03-18T08:17:50.070+0000] {processor.py:840} INFO - DAG(s) 'example_complex' retrieved from /home/ubuntu/air_venv/lib/python3.10/site-packages/airflow/example_dags/example_complex.py
[2024-03-18T08:17:50.099+0000] {logging_mixin.py:188} INFO - [2024-03-18T08:17:50.099+0000] {dag.py:3047} INFO - Sync 1 DAGs
[2024-03-18T08:17:50.113+0000] {logging_mixin.py:188} INFO - [2024-03-18T08:17:50.113+0000] {dag.py:3834} INFO - Setting next_dagrun for example_complex to None, run_after=None
[2024-03-18T08:17:50.139+0000] {processor.py:183} INFO - Processing /home/ubuntu/air_venv/lib/python3.10/site-packages/airflow/example_dags/example_complex.py took 0.088 seconds
[2024-03-18T08:18:47.014+0000] {processor.py:161} INFO - Started process (PID=12558) to work on /home/ubuntu/air_venv/lib/python3.10/site-packages/airflow/example_dags/example_complex.py
[2024-03-18T08:18:47.016+0000] {processor.py:830} INFO - Processing file /home/ubuntu/air_venv/lib/python3.10/site-packages/airflow/example_dags/example_complex.py for tasks to queue
[2024-03-18T08:18:47.017+0000] {logging_mixin.py:188} INFO - [2024-03-18T08:18:47.016+0000] {dagbag.py:540} INFO - Filling up the DagBag from /home/ubuntu/air_venv/lib/python3.10/site-packages/airflow/example_dags/example_complex.py
[2024-03-18T08:18:47.029+0000] {processor.py:840} INFO - DAG(s) 'example_complex' retrieved from /home/ubuntu/air_venv/lib/python3.10/site-packages/airflow/example_dags/example_complex.py
[2024-03-18T08:18:47.058+0000] {logging_mixin.py:188} INFO - [2024-03-18T08:18:47.058+0000] {dag.py:3047} INFO - Sync 1 DAGs
[2024-03-18T08:18:47.071+0000] {logging_mixin.py:188} INFO - [2024-03-18T08:18:47.071+0000] {dag.py:3834} INFO - Setting next_dagrun for example_complex to None, run_after=None
[2024-03-18T08:18:47.097+0000] {processor.py:183} INFO - Processing /home/ubuntu/air_venv/lib/python3.10/site-packages/airflow/example_dags/example_complex.py took 0.087 seconds
[2024-03-18T08:19:44.263+0000] {processor.py:161} INFO - Started process (PID=12912) to work on /home/ubuntu/air_venv/lib/python3.10/site-packages/airflow/example_dags/example_complex.py
[2024-03-18T08:19:44.264+0000] {processor.py:830} INFO - Processing file /home/ubuntu/air_venv/lib/python3.10/site-packages/airflow/example_dags/example_complex.py for tasks to queue
[2024-03-18T08:19:44.265+0000] {logging_mixin.py:188} INFO - [2024-03-18T08:19:44.265+0000] {dagbag.py:540} INFO - Filling up the DagBag from /home/ubuntu/air_venv/lib/python3.10/site-packages/airflow/example_dags/example_complex.py
[2024-03-18T08:19:44.278+0000] {processor.py:840} INFO - DAG(s) 'example_complex' retrieved from /home/ubuntu/air_venv/lib/python3.10/site-packages/airflow/example_dags/example_complex.py
[2024-03-18T08:19:44.306+0000] {logging_mixin.py:188} INFO - [2024-03-18T08:19:44.306+0000] {dag.py:3047} INFO - Sync 1 DAGs
[2024-03-18T08:19:44.319+0000] {logging_mixin.py:188} INFO - [2024-03-18T08:19:44.319+0000] {dag.py:3834} INFO - Setting next_dagrun for example_complex to None, run_after=None
[2024-03-18T08:19:44.343+0000] {processor.py:183} INFO - Processing /home/ubuntu/air_venv/lib/python3.10/site-packages/airflow/example_dags/example_complex.py took 0.084 seconds
[2024-03-18T08:20:40.799+0000] {processor.py:161} INFO - Started process (PID=13325) to work on /home/ubuntu/air_venv/lib/python3.10/site-packages/airflow/example_dags/example_complex.py
[2024-03-18T08:20:40.802+0000] {processor.py:830} INFO - Processing file /home/ubuntu/air_venv/lib/python3.10/site-packages/airflow/example_dags/example_complex.py for tasks to queue
[2024-03-18T08:20:40.803+0000] {logging_mixin.py:188} INFO - [2024-03-18T08:20:40.802+0000] {dagbag.py:540} INFO - Filling up the DagBag from /home/ubuntu/air_venv/lib/python3.10/site-packages/airflow/example_dags/example_complex.py
[2024-03-18T08:20:40.815+0000] {processor.py:840} INFO - DAG(s) 'example_complex' retrieved from /home/ubuntu/air_venv/lib/python3.10/site-packages/airflow/example_dags/example_complex.py
[2024-03-18T08:20:40.845+0000] {logging_mixin.py:188} INFO - [2024-03-18T08:20:40.844+0000] {dag.py:3047} INFO - Sync 1 DAGs
[2024-03-18T08:20:40.858+0000] {logging_mixin.py:188} INFO - [2024-03-18T08:20:40.858+0000] {dag.py:3834} INFO - Setting next_dagrun for example_complex to None, run_after=None
[2024-03-18T08:20:40.882+0000] {processor.py:183} INFO - Processing /home/ubuntu/air_venv/lib/python3.10/site-packages/airflow/example_dags/example_complex.py took 0.086 seconds
[2024-03-18T08:21:37.186+0000] {processor.py:161} INFO - Started process (PID=13621) to work on /home/ubuntu/air_venv/lib/python3.10/site-packages/airflow/example_dags/example_complex.py
[2024-03-18T08:21:37.187+0000] {processor.py:830} INFO - Processing file /home/ubuntu/air_venv/lib/python3.10/site-packages/airflow/example_dags/example_complex.py for tasks to queue
[2024-03-18T08:21:37.188+0000] {logging_mixin.py:188} INFO - [2024-03-18T08:21:37.188+0000] {dagbag.py:540} INFO - Filling up the DagBag from /home/ubuntu/air_venv/lib/python3.10/site-packages/airflow/example_dags/example_complex.py
[2024-03-18T08:21:37.201+0000] {processor.py:840} INFO - DAG(s) 'example_complex' retrieved from /home/ubuntu/air_venv/lib/python3.10/site-packages/airflow/example_dags/example_complex.py
[2024-03-18T08:21:37.230+0000] {logging_mixin.py:188} INFO - [2024-03-18T08:21:37.230+0000] {dag.py:3047} INFO - Sync 1 DAGs
[2024-03-18T08:21:37.243+0000] {logging_mixin.py:188} INFO - [2024-03-18T08:21:37.243+0000] {dag.py:3834} INFO - Setting next_dagrun for example_complex to None, run_after=None
[2024-03-18T08:21:37.268+0000] {processor.py:183} INFO - Processing /home/ubuntu/air_venv/lib/python3.10/site-packages/airflow/example_dags/example_complex.py took 0.086 seconds
[2024-03-18T08:22:36.745+0000] {processor.py:161} INFO - Started process (PID=13923) to work on /home/ubuntu/air_venv/lib/python3.10/site-packages/airflow/example_dags/example_complex.py
[2024-03-18T08:22:36.747+0000] {processor.py:830} INFO - Processing file /home/ubuntu/air_venv/lib/python3.10/site-packages/airflow/example_dags/example_complex.py for tasks to queue
[2024-03-18T08:22:36.748+0000] {logging_mixin.py:188} INFO - [2024-03-18T08:22:36.747+0000] {dagbag.py:540} INFO - Filling up the DagBag from /home/ubuntu/air_venv/lib/python3.10/site-packages/airflow/example_dags/example_complex.py
[2024-03-18T08:22:36.761+0000] {processor.py:840} INFO - DAG(s) 'example_complex' retrieved from /home/ubuntu/air_venv/lib/python3.10/site-packages/airflow/example_dags/example_complex.py
[2024-03-18T08:22:36.790+0000] {logging_mixin.py:188} INFO - [2024-03-18T08:22:36.790+0000] {dag.py:3047} INFO - Sync 1 DAGs
[2024-03-18T08:22:36.803+0000] {logging_mixin.py:188} INFO - [2024-03-18T08:22:36.802+0000] {dag.py:3834} INFO - Setting next_dagrun for example_complex to None, run_after=None
[2024-03-18T08:22:36.828+0000] {processor.py:183} INFO - Processing /home/ubuntu/air_venv/lib/python3.10/site-packages/airflow/example_dags/example_complex.py took 0.087 seconds
[2024-03-18T08:23:35.946+0000] {processor.py:161} INFO - Started process (PID=14433) to work on /home/ubuntu/air_venv/lib/python3.10/site-packages/airflow/example_dags/example_complex.py
[2024-03-18T08:23:35.948+0000] {processor.py:830} INFO - Processing file /home/ubuntu/air_venv/lib/python3.10/site-packages/airflow/example_dags/example_complex.py for tasks to queue
[2024-03-18T08:23:35.949+0000] {logging_mixin.py:188} INFO - [2024-03-18T08:23:35.948+0000] {dagbag.py:540} INFO - Filling up the DagBag from /home/ubuntu/air_venv/lib/python3.10/site-packages/airflow/example_dags/example_complex.py
[2024-03-18T08:23:35.962+0000] {processor.py:840} INFO - DAG(s) 'example_complex' retrieved from /home/ubuntu/air_venv/lib/python3.10/site-packages/airflow/example_dags/example_complex.py
[2024-03-18T08:23:35.991+0000] {logging_mixin.py:188} INFO - [2024-03-18T08:23:35.991+0000] {dag.py:3047} INFO - Sync 1 DAGs
[2024-03-18T08:23:36.007+0000] {logging_mixin.py:188} INFO - [2024-03-18T08:23:36.004+0000] {dag.py:3834} INFO - Setting next_dagrun for example_complex to None, run_after=None
[2024-03-18T08:23:36.037+0000] {processor.py:183} INFO - Processing /home/ubuntu/air_venv/lib/python3.10/site-packages/airflow/example_dags/example_complex.py took 0.094 seconds
[2024-03-18T08:24:33.261+0000] {processor.py:161} INFO - Started process (PID=14933) to work on /home/ubuntu/air_venv/lib/python3.10/site-packages/airflow/example_dags/example_complex.py
[2024-03-18T08:24:33.263+0000] {processor.py:830} INFO - Processing file /home/ubuntu/air_venv/lib/python3.10/site-packages/airflow/example_dags/example_complex.py for tasks to queue
[2024-03-18T08:24:33.264+0000] {logging_mixin.py:188} INFO - [2024-03-18T08:24:33.264+0000] {dagbag.py:540} INFO - Filling up the DagBag from /home/ubuntu/air_venv/lib/python3.10/site-packages/airflow/example_dags/example_complex.py
[2024-03-18T08:24:33.277+0000] {processor.py:840} INFO - DAG(s) 'example_complex' retrieved from /home/ubuntu/air_venv/lib/python3.10/site-packages/airflow/example_dags/example_complex.py
[2024-03-18T08:24:33.307+0000] {logging_mixin.py:188} INFO - [2024-03-18T08:24:33.306+0000] {dag.py:3047} INFO - Sync 1 DAGs
[2024-03-18T08:24:33.320+0000] {logging_mixin.py:188} INFO - [2024-03-18T08:24:33.320+0000] {dag.py:3834} INFO - Setting next_dagrun for example_complex to None, run_after=None
[2024-03-18T08:24:33.345+0000] {processor.py:183} INFO - Processing /home/ubuntu/air_venv/lib/python3.10/site-packages/airflow/example_dags/example_complex.py took 0.087 seconds
[2024-03-18T08:25:39.279+0000] {processor.py:161} INFO - Started process (PID=15297) to work on /home/ubuntu/air_venv/lib/python3.10/site-packages/airflow/example_dags/example_complex.py
[2024-03-18T08:25:39.281+0000] {processor.py:830} INFO - Processing file /home/ubuntu/air_venv/lib/python3.10/site-packages/airflow/example_dags/example_complex.py for tasks to queue
[2024-03-18T08:25:39.282+0000] {logging_mixin.py:188} INFO - [2024-03-18T08:25:39.282+0000] {dagbag.py:540} INFO - Filling up the DagBag from /home/ubuntu/air_venv/lib/python3.10/site-packages/airflow/example_dags/example_complex.py
[2024-03-18T08:25:39.294+0000] {processor.py:840} INFO - DAG(s) 'example_complex' retrieved from /home/ubuntu/air_venv/lib/python3.10/site-packages/airflow/example_dags/example_complex.py
[2024-03-18T08:25:39.324+0000] {logging_mixin.py:188} INFO - [2024-03-18T08:25:39.323+0000] {dag.py:3047} INFO - Sync 1 DAGs
[2024-03-18T08:25:39.336+0000] {logging_mixin.py:188} INFO - [2024-03-18T08:25:39.336+0000] {dag.py:3834} INFO - Setting next_dagrun for example_complex to None, run_after=None
[2024-03-18T08:25:39.361+0000] {processor.py:183} INFO - Processing /home/ubuntu/air_venv/lib/python3.10/site-packages/airflow/example_dags/example_complex.py took 0.085 seconds
[2024-03-18T08:26:39.015+0000] {processor.py:161} INFO - Started process (PID=15417) to work on /home/ubuntu/air_venv/lib/python3.10/site-packages/airflow/example_dags/example_complex.py
[2024-03-18T08:26:39.017+0000] {processor.py:830} INFO - Processing file /home/ubuntu/air_venv/lib/python3.10/site-packages/airflow/example_dags/example_complex.py for tasks to queue
[2024-03-18T08:26:39.018+0000] {logging_mixin.py:188} INFO - [2024-03-18T08:26:39.017+0000] {dagbag.py:540} INFO - Filling up the DagBag from /home/ubuntu/air_venv/lib/python3.10/site-packages/airflow/example_dags/example_complex.py
[2024-03-18T08:26:39.031+0000] {processor.py:840} INFO - DAG(s) 'example_complex' retrieved from /home/ubuntu/air_venv/lib/python3.10/site-packages/airflow/example_dags/example_complex.py
[2024-03-18T08:26:39.060+0000] {logging_mixin.py:188} INFO - [2024-03-18T08:26:39.060+0000] {dag.py:3047} INFO - Sync 1 DAGs
[2024-03-18T08:26:39.074+0000] {logging_mixin.py:188} INFO - [2024-03-18T08:26:39.074+0000] {dag.py:3834} INFO - Setting next_dagrun for example_complex to None, run_after=None
[2024-03-18T08:26:39.101+0000] {processor.py:183} INFO - Processing /home/ubuntu/air_venv/lib/python3.10/site-packages/airflow/example_dags/example_complex.py took 0.090 seconds
[2024-03-18T08:27:29.630+0000] {processor.py:161} INFO - Started process (PID=15526) to work on /home/ubuntu/air_venv/lib/python3.10/site-packages/airflow/example_dags/example_complex.py
[2024-03-18T08:27:29.632+0000] {processor.py:830} INFO - Processing file /home/ubuntu/air_venv/lib/python3.10/site-packages/airflow/example_dags/example_complex.py for tasks to queue
[2024-03-18T08:27:29.633+0000] {logging_mixin.py:188} INFO - [2024-03-18T08:27:29.632+0000] {dagbag.py:540} INFO - Filling up the DagBag from /home/ubuntu/air_venv/lib/python3.10/site-packages/airflow/example_dags/example_complex.py
[2024-03-18T08:27:29.645+0000] {processor.py:840} INFO - DAG(s) 'example_complex' retrieved from /home/ubuntu/air_venv/lib/python3.10/site-packages/airflow/example_dags/example_complex.py
[2024-03-18T08:27:29.675+0000] {logging_mixin.py:188} INFO - [2024-03-18T08:27:29.674+0000] {dag.py:3047} INFO - Sync 1 DAGs
[2024-03-18T08:27:29.688+0000] {logging_mixin.py:188} INFO - [2024-03-18T08:27:29.687+0000] {dag.py:3834} INFO - Setting next_dagrun for example_complex to None, run_after=None
[2024-03-18T08:27:29.715+0000] {processor.py:183} INFO - Processing /home/ubuntu/air_venv/lib/python3.10/site-packages/airflow/example_dags/example_complex.py took 0.089 seconds
[2024-03-18T08:28:32.451+0000] {processor.py:161} INFO - Started process (PID=15647) to work on /home/ubuntu/air_venv/lib/python3.10/site-packages/airflow/example_dags/example_complex.py
[2024-03-18T08:28:32.453+0000] {processor.py:830} INFO - Processing file /home/ubuntu/air_venv/lib/python3.10/site-packages/airflow/example_dags/example_complex.py for tasks to queue
[2024-03-18T08:28:32.454+0000] {logging_mixin.py:188} INFO - [2024-03-18T08:28:32.454+0000] {dagbag.py:540} INFO - Filling up the DagBag from /home/ubuntu/air_venv/lib/python3.10/site-packages/airflow/example_dags/example_complex.py
[2024-03-18T08:28:32.467+0000] {processor.py:840} INFO - DAG(s) 'example_complex' retrieved from /home/ubuntu/air_venv/lib/python3.10/site-packages/airflow/example_dags/example_complex.py
[2024-03-18T08:28:32.495+0000] {logging_mixin.py:188} INFO - [2024-03-18T08:28:32.495+0000] {dag.py:3047} INFO - Sync 1 DAGs
[2024-03-18T08:28:32.508+0000] {logging_mixin.py:188} INFO - [2024-03-18T08:28:32.508+0000] {dag.py:3834} INFO - Setting next_dagrun for example_complex to None, run_after=None
[2024-03-18T08:28:32.531+0000] {processor.py:183} INFO - Processing /home/ubuntu/air_venv/lib/python3.10/site-packages/airflow/example_dags/example_complex.py took 0.083 seconds
[2024-03-18T08:29:36.495+0000] {processor.py:161} INFO - Started process (PID=15769) to work on /home/ubuntu/air_venv/lib/python3.10/site-packages/airflow/example_dags/example_complex.py
[2024-03-18T08:29:36.497+0000] {processor.py:830} INFO - Processing file /home/ubuntu/air_venv/lib/python3.10/site-packages/airflow/example_dags/example_complex.py for tasks to queue
[2024-03-18T08:29:36.498+0000] {logging_mixin.py:188} INFO - [2024-03-18T08:29:36.497+0000] {dagbag.py:540} INFO - Filling up the DagBag from /home/ubuntu/air_venv/lib/python3.10/site-packages/airflow/example_dags/example_complex.py
[2024-03-18T08:29:36.510+0000] {processor.py:840} INFO - DAG(s) 'example_complex' retrieved from /home/ubuntu/air_venv/lib/python3.10/site-packages/airflow/example_dags/example_complex.py
[2024-03-18T08:29:36.540+0000] {logging_mixin.py:188} INFO - [2024-03-18T08:29:36.539+0000] {dag.py:3047} INFO - Sync 1 DAGs
[2024-03-18T08:29:36.554+0000] {logging_mixin.py:188} INFO - [2024-03-18T08:29:36.554+0000] {dag.py:3834} INFO - Setting next_dagrun for example_complex to None, run_after=None
[2024-03-18T08:29:36.580+0000] {processor.py:183} INFO - Processing /home/ubuntu/air_venv/lib/python3.10/site-packages/airflow/example_dags/example_complex.py took 0.089 seconds
