[2024-03-18T07:59:55.959+0000] {processor.py:161} INFO - Started process (PID=2788) to work on /home/ubuntu/air_venv/lib/python3.10/site-packages/airflow/example_dags/example_short_circuit_operator.py
[2024-03-18T07:59:55.960+0000] {processor.py:830} INFO - Processing file /home/ubuntu/air_venv/lib/python3.10/site-packages/airflow/example_dags/example_short_circuit_operator.py for tasks to queue
[2024-03-18T07:59:55.961+0000] {logging_mixin.py:188} INFO - [2024-03-18T07:59:55.961+0000] {dagbag.py:540} INFO - Filling up the DagBag from /home/ubuntu/air_venv/lib/python3.10/site-packages/airflow/example_dags/example_short_circuit_operator.py
[2024-03-18T07:59:55.974+0000] {processor.py:840} INFO - DAG(s) 'example_short_circuit_operator' retrieved from /home/ubuntu/air_venv/lib/python3.10/site-packages/airflow/example_dags/example_short_circuit_operator.py
[2024-03-18T07:59:56.097+0000] {logging_mixin.py:188} INFO - [2024-03-18T07:59:56.097+0000] {override.py:1769} INFO - Created Permission View: can edit on DAG:example_short_circuit_operator
[2024-03-18T07:59:56.113+0000] {logging_mixin.py:188} INFO - [2024-03-18T07:59:56.112+0000] {override.py:1769} INFO - Created Permission View: can delete on DAG:example_short_circuit_operator
[2024-03-18T07:59:56.125+0000] {logging_mixin.py:188} INFO - [2024-03-18T07:59:56.124+0000] {override.py:1769} INFO - Created Permission View: can read on DAG:example_short_circuit_operator
[2024-03-18T07:59:56.125+0000] {logging_mixin.py:188} INFO - [2024-03-18T07:59:56.125+0000] {dag.py:3047} INFO - Sync 1 DAGs
[2024-03-18T07:59:56.137+0000] {logging_mixin.py:188} INFO - [2024-03-18T07:59:56.136+0000] {dag.py:3069} INFO - Creating ORM DAG for example_short_circuit_operator
[2024-03-18T07:59:56.146+0000] {logging_mixin.py:188} INFO - [2024-03-18T07:59:56.146+0000] {dag.py:3834} INFO - Setting next_dagrun for example_short_circuit_operator to 2024-03-17 00:00:00+00:00, run_after=2024-03-18 00:00:00+00:00
[2024-03-18T07:59:56.171+0000] {processor.py:183} INFO - Processing /home/ubuntu/air_venv/lib/python3.10/site-packages/airflow/example_dags/example_short_circuit_operator.py took 0.216 seconds
[2024-03-18T08:01:01.108+0000] {processor.py:161} INFO - Started process (PID=3264) to work on /home/ubuntu/air_venv/lib/python3.10/site-packages/airflow/example_dags/example_short_circuit_operator.py
[2024-03-18T08:01:01.111+0000] {processor.py:830} INFO - Processing file /home/ubuntu/air_venv/lib/python3.10/site-packages/airflow/example_dags/example_short_circuit_operator.py for tasks to queue
[2024-03-18T08:01:01.112+0000] {logging_mixin.py:188} INFO - [2024-03-18T08:01:01.112+0000] {dagbag.py:540} INFO - Filling up the DagBag from /home/ubuntu/air_venv/lib/python3.10/site-packages/airflow/example_dags/example_short_circuit_operator.py
[2024-03-18T08:01:01.122+0000] {processor.py:840} INFO - DAG(s) 'example_short_circuit_operator' retrieved from /home/ubuntu/air_venv/lib/python3.10/site-packages/airflow/example_dags/example_short_circuit_operator.py
[2024-03-18T08:01:01.145+0000] {logging_mixin.py:188} INFO - [2024-03-18T08:01:01.144+0000] {dag.py:3047} INFO - Sync 1 DAGs
[2024-03-18T08:01:01.169+0000] {logging_mixin.py:188} INFO - [2024-03-18T08:01:01.169+0000] {dag.py:3834} INFO - Setting next_dagrun for example_short_circuit_operator to 2024-03-17 00:00:00+00:00, run_after=2024-03-18 00:00:00+00:00
[2024-03-18T08:01:01.239+0000] {processor.py:183} INFO - Processing /home/ubuntu/air_venv/lib/python3.10/site-packages/airflow/example_dags/example_short_circuit_operator.py took 0.135 seconds
[2024-03-18T08:01:51.424+0000] {processor.py:161} INFO - Started process (PID=3820) to work on /home/ubuntu/air_venv/lib/python3.10/site-packages/airflow/example_dags/example_short_circuit_operator.py
[2024-03-18T08:01:51.426+0000] {processor.py:830} INFO - Processing file /home/ubuntu/air_venv/lib/python3.10/site-packages/airflow/example_dags/example_short_circuit_operator.py for tasks to queue
[2024-03-18T08:01:51.428+0000] {logging_mixin.py:188} INFO - [2024-03-18T08:01:51.427+0000] {dagbag.py:540} INFO - Filling up the DagBag from /home/ubuntu/air_venv/lib/python3.10/site-packages/airflow/example_dags/example_short_circuit_operator.py
[2024-03-18T08:01:51.437+0000] {processor.py:840} INFO - DAG(s) 'example_short_circuit_operator' retrieved from /home/ubuntu/air_venv/lib/python3.10/site-packages/airflow/example_dags/example_short_circuit_operator.py
[2024-03-18T08:01:51.458+0000] {logging_mixin.py:188} INFO - [2024-03-18T08:01:51.458+0000] {dag.py:3047} INFO - Sync 1 DAGs
[2024-03-18T08:01:51.485+0000] {logging_mixin.py:188} INFO - [2024-03-18T08:01:51.485+0000] {dag.py:3834} INFO - Setting next_dagrun for example_short_circuit_operator to 2024-03-17 00:00:00+00:00, run_after=2024-03-18 00:00:00+00:00
[2024-03-18T08:01:51.673+0000] {processor.py:183} INFO - Processing /home/ubuntu/air_venv/lib/python3.10/site-packages/airflow/example_dags/example_short_circuit_operator.py took 0.252 seconds
[2024-03-18T08:02:42.600+0000] {processor.py:161} INFO - Started process (PID=4259) to work on /home/ubuntu/air_venv/lib/python3.10/site-packages/airflow/example_dags/example_short_circuit_operator.py
[2024-03-18T08:02:42.602+0000] {processor.py:830} INFO - Processing file /home/ubuntu/air_venv/lib/python3.10/site-packages/airflow/example_dags/example_short_circuit_operator.py for tasks to queue
[2024-03-18T08:02:42.603+0000] {logging_mixin.py:188} INFO - [2024-03-18T08:02:42.602+0000] {dagbag.py:540} INFO - Filling up the DagBag from /home/ubuntu/air_venv/lib/python3.10/site-packages/airflow/example_dags/example_short_circuit_operator.py
[2024-03-18T08:02:42.612+0000] {processor.py:840} INFO - DAG(s) 'example_short_circuit_operator' retrieved from /home/ubuntu/air_venv/lib/python3.10/site-packages/airflow/example_dags/example_short_circuit_operator.py
[2024-03-18T08:02:42.772+0000] {logging_mixin.py:188} INFO - [2024-03-18T08:02:42.772+0000] {dag.py:3047} INFO - Sync 1 DAGs
[2024-03-18T08:02:42.792+0000] {logging_mixin.py:188} INFO - [2024-03-18T08:02:42.792+0000] {dag.py:3834} INFO - Setting next_dagrun for example_short_circuit_operator to 2024-03-17 00:00:00+00:00, run_after=2024-03-18 00:00:00+00:00
[2024-03-18T08:02:42.816+0000] {processor.py:183} INFO - Processing /home/ubuntu/air_venv/lib/python3.10/site-packages/airflow/example_dags/example_short_circuit_operator.py took 0.220 seconds
[2024-03-18T08:03:34.593+0000] {processor.py:161} INFO - Started process (PID=4488) to work on /home/ubuntu/air_venv/lib/python3.10/site-packages/airflow/example_dags/example_short_circuit_operator.py
[2024-03-18T08:03:34.595+0000] {processor.py:830} INFO - Processing file /home/ubuntu/air_venv/lib/python3.10/site-packages/airflow/example_dags/example_short_circuit_operator.py for tasks to queue
[2024-03-18T08:03:34.596+0000] {logging_mixin.py:188} INFO - [2024-03-18T08:03:34.596+0000] {dagbag.py:540} INFO - Filling up the DagBag from /home/ubuntu/air_venv/lib/python3.10/site-packages/airflow/example_dags/example_short_circuit_operator.py
[2024-03-18T08:03:34.606+0000] {processor.py:840} INFO - DAG(s) 'example_short_circuit_operator' retrieved from /home/ubuntu/air_venv/lib/python3.10/site-packages/airflow/example_dags/example_short_circuit_operator.py
[2024-03-18T08:03:34.627+0000] {logging_mixin.py:188} INFO - [2024-03-18T08:03:34.627+0000] {dag.py:3047} INFO - Sync 1 DAGs
[2024-03-18T08:03:34.650+0000] {logging_mixin.py:188} INFO - [2024-03-18T08:03:34.650+0000] {dag.py:3834} INFO - Setting next_dagrun for example_short_circuit_operator to 2024-03-17 00:00:00+00:00, run_after=2024-03-18 00:00:00+00:00
[2024-03-18T08:03:34.675+0000] {processor.py:183} INFO - Processing /home/ubuntu/air_venv/lib/python3.10/site-packages/airflow/example_dags/example_short_circuit_operator.py took 0.085 seconds
[2024-03-18T08:04:27.101+0000] {processor.py:161} INFO - Started process (PID=5083) to work on /home/ubuntu/air_venv/lib/python3.10/site-packages/airflow/example_dags/example_short_circuit_operator.py
[2024-03-18T08:04:27.103+0000] {processor.py:830} INFO - Processing file /home/ubuntu/air_venv/lib/python3.10/site-packages/airflow/example_dags/example_short_circuit_operator.py for tasks to queue
[2024-03-18T08:04:27.104+0000] {logging_mixin.py:188} INFO - [2024-03-18T08:04:27.104+0000] {dagbag.py:540} INFO - Filling up the DagBag from /home/ubuntu/air_venv/lib/python3.10/site-packages/airflow/example_dags/example_short_circuit_operator.py
[2024-03-18T08:04:27.115+0000] {processor.py:840} INFO - DAG(s) 'example_short_circuit_operator' retrieved from /home/ubuntu/air_venv/lib/python3.10/site-packages/airflow/example_dags/example_short_circuit_operator.py
[2024-03-18T08:04:27.136+0000] {logging_mixin.py:188} INFO - [2024-03-18T08:04:27.136+0000] {dag.py:3047} INFO - Sync 1 DAGs
[2024-03-18T08:04:27.160+0000] {logging_mixin.py:188} INFO - [2024-03-18T08:04:27.159+0000] {dag.py:3834} INFO - Setting next_dagrun for example_short_circuit_operator to 2024-03-17 00:00:00+00:00, run_after=2024-03-18 00:00:00+00:00
[2024-03-18T08:04:27.188+0000] {processor.py:183} INFO - Processing /home/ubuntu/air_venv/lib/python3.10/site-packages/airflow/example_dags/example_short_circuit_operator.py took 0.090 seconds
[2024-03-18T08:05:21.698+0000] {processor.py:161} INFO - Started process (PID=5496) to work on /home/ubuntu/air_venv/lib/python3.10/site-packages/airflow/example_dags/example_short_circuit_operator.py
[2024-03-18T08:05:21.700+0000] {processor.py:830} INFO - Processing file /home/ubuntu/air_venv/lib/python3.10/site-packages/airflow/example_dags/example_short_circuit_operator.py for tasks to queue
[2024-03-18T08:05:21.702+0000] {logging_mixin.py:188} INFO - [2024-03-18T08:05:21.701+0000] {dagbag.py:540} INFO - Filling up the DagBag from /home/ubuntu/air_venv/lib/python3.10/site-packages/airflow/example_dags/example_short_circuit_operator.py
[2024-03-18T08:05:21.711+0000] {processor.py:840} INFO - DAG(s) 'example_short_circuit_operator' retrieved from /home/ubuntu/air_venv/lib/python3.10/site-packages/airflow/example_dags/example_short_circuit_operator.py
[2024-03-18T08:05:21.732+0000] {logging_mixin.py:188} INFO - [2024-03-18T08:05:21.731+0000] {dag.py:3047} INFO - Sync 1 DAGs
[2024-03-18T08:05:21.754+0000] {logging_mixin.py:188} INFO - [2024-03-18T08:05:21.753+0000] {dag.py:3834} INFO - Setting next_dagrun for example_short_circuit_operator to 2024-03-17 00:00:00+00:00, run_after=2024-03-18 00:00:00+00:00
[2024-03-18T08:05:21.781+0000] {processor.py:183} INFO - Processing /home/ubuntu/air_venv/lib/python3.10/site-packages/airflow/example_dags/example_short_circuit_operator.py took 0.086 seconds
[2024-03-18T08:06:09.666+0000] {processor.py:161} INFO - Started process (PID=6086) to work on /home/ubuntu/air_venv/lib/python3.10/site-packages/airflow/example_dags/example_short_circuit_operator.py
[2024-03-18T08:06:09.668+0000] {processor.py:830} INFO - Processing file /home/ubuntu/air_venv/lib/python3.10/site-packages/airflow/example_dags/example_short_circuit_operator.py for tasks to queue
[2024-03-18T08:06:09.670+0000] {logging_mixin.py:188} INFO - [2024-03-18T08:06:09.669+0000] {dagbag.py:540} INFO - Filling up the DagBag from /home/ubuntu/air_venv/lib/python3.10/site-packages/airflow/example_dags/example_short_circuit_operator.py
[2024-03-18T08:06:09.685+0000] {processor.py:840} INFO - DAG(s) 'example_short_circuit_operator' retrieved from /home/ubuntu/air_venv/lib/python3.10/site-packages/airflow/example_dags/example_short_circuit_operator.py
[2024-03-18T08:06:09.706+0000] {logging_mixin.py:188} INFO - [2024-03-18T08:06:09.706+0000] {dag.py:3047} INFO - Sync 1 DAGs
[2024-03-18T08:06:09.731+0000] {logging_mixin.py:188} INFO - [2024-03-18T08:06:09.730+0000] {dag.py:3834} INFO - Setting next_dagrun for example_short_circuit_operator to 2024-03-17 00:00:00+00:00, run_after=2024-03-18 00:00:00+00:00
[2024-03-18T08:06:09.758+0000] {processor.py:183} INFO - Processing /home/ubuntu/air_venv/lib/python3.10/site-packages/airflow/example_dags/example_short_circuit_operator.py took 0.100 seconds
[2024-03-18T08:07:17.314+0000] {processor.py:161} INFO - Started process (PID=6935) to work on /home/ubuntu/air_venv/lib/python3.10/site-packages/airflow/example_dags/example_short_circuit_operator.py
[2024-03-18T08:07:17.317+0000] {processor.py:830} INFO - Processing file /home/ubuntu/air_venv/lib/python3.10/site-packages/airflow/example_dags/example_short_circuit_operator.py for tasks to queue
[2024-03-18T08:07:17.318+0000] {logging_mixin.py:188} INFO - [2024-03-18T08:07:17.317+0000] {dagbag.py:540} INFO - Filling up the DagBag from /home/ubuntu/air_venv/lib/python3.10/site-packages/airflow/example_dags/example_short_circuit_operator.py
[2024-03-18T08:07:17.333+0000] {processor.py:840} INFO - DAG(s) 'example_short_circuit_operator' retrieved from /home/ubuntu/air_venv/lib/python3.10/site-packages/airflow/example_dags/example_short_circuit_operator.py
[2024-03-18T08:07:17.362+0000] {logging_mixin.py:188} INFO - [2024-03-18T08:07:17.362+0000] {dag.py:3047} INFO - Sync 1 DAGs
[2024-03-18T08:07:17.384+0000] {logging_mixin.py:188} INFO - [2024-03-18T08:07:17.384+0000] {dag.py:3834} INFO - Setting next_dagrun for example_short_circuit_operator to 2024-03-17 00:00:00+00:00, run_after=2024-03-18 00:00:00+00:00
[2024-03-18T08:07:17.414+0000] {processor.py:183} INFO - Processing /home/ubuntu/air_venv/lib/python3.10/site-packages/airflow/example_dags/example_short_circuit_operator.py took 0.103 seconds
[2024-03-18T08:08:11.448+0000] {processor.py:161} INFO - Started process (PID=7228) to work on /home/ubuntu/air_venv/lib/python3.10/site-packages/airflow/example_dags/example_short_circuit_operator.py
[2024-03-18T08:08:11.450+0000] {processor.py:830} INFO - Processing file /home/ubuntu/air_venv/lib/python3.10/site-packages/airflow/example_dags/example_short_circuit_operator.py for tasks to queue
[2024-03-18T08:08:11.451+0000] {logging_mixin.py:188} INFO - [2024-03-18T08:08:11.451+0000] {dagbag.py:540} INFO - Filling up the DagBag from /home/ubuntu/air_venv/lib/python3.10/site-packages/airflow/example_dags/example_short_circuit_operator.py
[2024-03-18T08:08:11.461+0000] {processor.py:840} INFO - DAG(s) 'example_short_circuit_operator' retrieved from /home/ubuntu/air_venv/lib/python3.10/site-packages/airflow/example_dags/example_short_circuit_operator.py
[2024-03-18T08:08:11.482+0000] {logging_mixin.py:188} INFO - [2024-03-18T08:08:11.481+0000] {dag.py:3047} INFO - Sync 1 DAGs
[2024-03-18T08:08:11.504+0000] {logging_mixin.py:188} INFO - [2024-03-18T08:08:11.504+0000] {dag.py:3834} INFO - Setting next_dagrun for example_short_circuit_operator to 2024-03-17 00:00:00+00:00, run_after=2024-03-18 00:00:00+00:00
[2024-03-18T08:08:11.530+0000] {processor.py:183} INFO - Processing /home/ubuntu/air_venv/lib/python3.10/site-packages/airflow/example_dags/example_short_circuit_operator.py took 0.086 seconds
[2024-03-18T08:08:57.800+0000] {processor.py:161} INFO - Started process (PID=7583) to work on /home/ubuntu/air_venv/lib/python3.10/site-packages/airflow/example_dags/example_short_circuit_operator.py
[2024-03-18T08:08:57.802+0000] {processor.py:830} INFO - Processing file /home/ubuntu/air_venv/lib/python3.10/site-packages/airflow/example_dags/example_short_circuit_operator.py for tasks to queue
[2024-03-18T08:08:57.804+0000] {logging_mixin.py:188} INFO - [2024-03-18T08:08:57.804+0000] {dagbag.py:540} INFO - Filling up the DagBag from /home/ubuntu/air_venv/lib/python3.10/site-packages/airflow/example_dags/example_short_circuit_operator.py
[2024-03-18T08:08:57.814+0000] {processor.py:840} INFO - DAG(s) 'example_short_circuit_operator' retrieved from /home/ubuntu/air_venv/lib/python3.10/site-packages/airflow/example_dags/example_short_circuit_operator.py
[2024-03-18T08:08:57.835+0000] {logging_mixin.py:188} INFO - [2024-03-18T08:08:57.835+0000] {dag.py:3047} INFO - Sync 1 DAGs
[2024-03-18T08:08:57.858+0000] {logging_mixin.py:188} INFO - [2024-03-18T08:08:57.857+0000] {dag.py:3834} INFO - Setting next_dagrun for example_short_circuit_operator to 2024-03-17 00:00:00+00:00, run_after=2024-03-18 00:00:00+00:00
[2024-03-18T08:08:57.882+0000] {processor.py:183} INFO - Processing /home/ubuntu/air_venv/lib/python3.10/site-packages/airflow/example_dags/example_short_circuit_operator.py took 0.085 seconds
[2024-03-18T08:09:42.119+0000] {processor.py:161} INFO - Started process (PID=7954) to work on /home/ubuntu/air_venv/lib/python3.10/site-packages/airflow/example_dags/example_short_circuit_operator.py
[2024-03-18T08:09:42.121+0000] {processor.py:830} INFO - Processing file /home/ubuntu/air_venv/lib/python3.10/site-packages/airflow/example_dags/example_short_circuit_operator.py for tasks to queue
[2024-03-18T08:09:42.122+0000] {logging_mixin.py:188} INFO - [2024-03-18T08:09:42.121+0000] {dagbag.py:540} INFO - Filling up the DagBag from /home/ubuntu/air_venv/lib/python3.10/site-packages/airflow/example_dags/example_short_circuit_operator.py
[2024-03-18T08:09:42.132+0000] {processor.py:840} INFO - DAG(s) 'example_short_circuit_operator' retrieved from /home/ubuntu/air_venv/lib/python3.10/site-packages/airflow/example_dags/example_short_circuit_operator.py
[2024-03-18T08:09:42.153+0000] {logging_mixin.py:188} INFO - [2024-03-18T08:09:42.153+0000] {dag.py:3047} INFO - Sync 1 DAGs
[2024-03-18T08:09:42.178+0000] {logging_mixin.py:188} INFO - [2024-03-18T08:09:42.178+0000] {dag.py:3834} INFO - Setting next_dagrun for example_short_circuit_operator to 2024-03-17 00:00:00+00:00, run_after=2024-03-18 00:00:00+00:00
[2024-03-18T08:09:42.204+0000] {processor.py:183} INFO - Processing /home/ubuntu/air_venv/lib/python3.10/site-packages/airflow/example_dags/example_short_circuit_operator.py took 0.089 seconds
[2024-03-18T08:10:23.755+0000] {processor.py:161} INFO - Started process (PID=8269) to work on /home/ubuntu/air_venv/lib/python3.10/site-packages/airflow/example_dags/example_short_circuit_operator.py
[2024-03-18T08:10:23.757+0000] {processor.py:830} INFO - Processing file /home/ubuntu/air_venv/lib/python3.10/site-packages/airflow/example_dags/example_short_circuit_operator.py for tasks to queue
[2024-03-18T08:10:23.758+0000] {logging_mixin.py:188} INFO - [2024-03-18T08:10:23.758+0000] {dagbag.py:540} INFO - Filling up the DagBag from /home/ubuntu/air_venv/lib/python3.10/site-packages/airflow/example_dags/example_short_circuit_operator.py
[2024-03-18T08:10:23.768+0000] {processor.py:840} INFO - DAG(s) 'example_short_circuit_operator' retrieved from /home/ubuntu/air_venv/lib/python3.10/site-packages/airflow/example_dags/example_short_circuit_operator.py
[2024-03-18T08:10:23.788+0000] {logging_mixin.py:188} INFO - [2024-03-18T08:10:23.788+0000] {dag.py:3047} INFO - Sync 1 DAGs
[2024-03-18T08:10:23.809+0000] {logging_mixin.py:188} INFO - [2024-03-18T08:10:23.809+0000] {dag.py:3834} INFO - Setting next_dagrun for example_short_circuit_operator to 2024-03-17 00:00:00+00:00, run_after=2024-03-18 00:00:00+00:00
[2024-03-18T08:10:23.833+0000] {processor.py:183} INFO - Processing /home/ubuntu/air_venv/lib/python3.10/site-packages/airflow/example_dags/example_short_circuit_operator.py took 0.081 seconds
[2024-03-18T08:11:08.947+0000] {processor.py:161} INFO - Started process (PID=8614) to work on /home/ubuntu/air_venv/lib/python3.10/site-packages/airflow/example_dags/example_short_circuit_operator.py
[2024-03-18T08:11:08.949+0000] {processor.py:830} INFO - Processing file /home/ubuntu/air_venv/lib/python3.10/site-packages/airflow/example_dags/example_short_circuit_operator.py for tasks to queue
[2024-03-18T08:11:08.950+0000] {logging_mixin.py:188} INFO - [2024-03-18T08:11:08.950+0000] {dagbag.py:540} INFO - Filling up the DagBag from /home/ubuntu/air_venv/lib/python3.10/site-packages/airflow/example_dags/example_short_circuit_operator.py
[2024-03-18T08:11:08.961+0000] {processor.py:840} INFO - DAG(s) 'example_short_circuit_operator' retrieved from /home/ubuntu/air_venv/lib/python3.10/site-packages/airflow/example_dags/example_short_circuit_operator.py
[2024-03-18T08:11:08.982+0000] {logging_mixin.py:188} INFO - [2024-03-18T08:11:08.982+0000] {dag.py:3047} INFO - Sync 1 DAGs
[2024-03-18T08:11:09.005+0000] {logging_mixin.py:188} INFO - [2024-03-18T08:11:09.005+0000] {dag.py:3834} INFO - Setting next_dagrun for example_short_circuit_operator to 2024-03-17 00:00:00+00:00, run_after=2024-03-18 00:00:00+00:00
[2024-03-18T08:11:09.030+0000] {processor.py:183} INFO - Processing /home/ubuntu/air_venv/lib/python3.10/site-packages/airflow/example_dags/example_short_circuit_operator.py took 0.086 seconds
[2024-03-18T08:11:49.842+0000] {processor.py:161} INFO - Started process (PID=8958) to work on /home/ubuntu/air_venv/lib/python3.10/site-packages/airflow/example_dags/example_short_circuit_operator.py
[2024-03-18T08:11:49.844+0000] {processor.py:830} INFO - Processing file /home/ubuntu/air_venv/lib/python3.10/site-packages/airflow/example_dags/example_short_circuit_operator.py for tasks to queue
[2024-03-18T08:11:49.845+0000] {logging_mixin.py:188} INFO - [2024-03-18T08:11:49.845+0000] {dagbag.py:540} INFO - Filling up the DagBag from /home/ubuntu/air_venv/lib/python3.10/site-packages/airflow/example_dags/example_short_circuit_operator.py
[2024-03-18T08:11:49.855+0000] {processor.py:840} INFO - DAG(s) 'example_short_circuit_operator' retrieved from /home/ubuntu/air_venv/lib/python3.10/site-packages/airflow/example_dags/example_short_circuit_operator.py
[2024-03-18T08:11:49.876+0000] {logging_mixin.py:188} INFO - [2024-03-18T08:11:49.876+0000] {dag.py:3047} INFO - Sync 1 DAGs
[2024-03-18T08:11:49.898+0000] {logging_mixin.py:188} INFO - [2024-03-18T08:11:49.898+0000] {dag.py:3834} INFO - Setting next_dagrun for example_short_circuit_operator to 2024-03-17 00:00:00+00:00, run_after=2024-03-18 00:00:00+00:00
[2024-03-18T08:11:49.925+0000] {processor.py:183} INFO - Processing /home/ubuntu/air_venv/lib/python3.10/site-packages/airflow/example_dags/example_short_circuit_operator.py took 0.086 seconds
[2024-03-18T08:12:50.367+0000] {processor.py:161} INFO - Started process (PID=9379) to work on /home/ubuntu/air_venv/lib/python3.10/site-packages/airflow/example_dags/example_short_circuit_operator.py
[2024-03-18T08:12:50.369+0000] {processor.py:830} INFO - Processing file /home/ubuntu/air_venv/lib/python3.10/site-packages/airflow/example_dags/example_short_circuit_operator.py for tasks to queue
[2024-03-18T08:12:50.370+0000] {logging_mixin.py:188} INFO - [2024-03-18T08:12:50.370+0000] {dagbag.py:540} INFO - Filling up the DagBag from /home/ubuntu/air_venv/lib/python3.10/site-packages/airflow/example_dags/example_short_circuit_operator.py
[2024-03-18T08:12:50.380+0000] {processor.py:840} INFO - DAG(s) 'example_short_circuit_operator' retrieved from /home/ubuntu/air_venv/lib/python3.10/site-packages/airflow/example_dags/example_short_circuit_operator.py
[2024-03-18T08:12:50.402+0000] {logging_mixin.py:188} INFO - [2024-03-18T08:12:50.401+0000] {dag.py:3047} INFO - Sync 1 DAGs
[2024-03-18T08:12:50.425+0000] {logging_mixin.py:188} INFO - [2024-03-18T08:12:50.425+0000] {dag.py:3834} INFO - Setting next_dagrun for example_short_circuit_operator to 2024-03-17 00:00:00+00:00, run_after=2024-03-18 00:00:00+00:00
[2024-03-18T08:12:50.451+0000] {processor.py:183} INFO - Processing /home/ubuntu/air_venv/lib/python3.10/site-packages/airflow/example_dags/example_short_circuit_operator.py took 0.087 seconds
[2024-03-18T08:13:36.412+0000] {processor.py:161} INFO - Started process (PID=9542) to work on /home/ubuntu/air_venv/lib/python3.10/site-packages/airflow/example_dags/example_short_circuit_operator.py
[2024-03-18T08:13:36.414+0000] {processor.py:830} INFO - Processing file /home/ubuntu/air_venv/lib/python3.10/site-packages/airflow/example_dags/example_short_circuit_operator.py for tasks to queue
[2024-03-18T08:13:36.415+0000] {logging_mixin.py:188} INFO - [2024-03-18T08:13:36.414+0000] {dagbag.py:540} INFO - Filling up the DagBag from /home/ubuntu/air_venv/lib/python3.10/site-packages/airflow/example_dags/example_short_circuit_operator.py
[2024-03-18T08:13:36.424+0000] {processor.py:840} INFO - DAG(s) 'example_short_circuit_operator' retrieved from /home/ubuntu/air_venv/lib/python3.10/site-packages/airflow/example_dags/example_short_circuit_operator.py
[2024-03-18T08:13:36.445+0000] {logging_mixin.py:188} INFO - [2024-03-18T08:13:36.445+0000] {dag.py:3047} INFO - Sync 1 DAGs
[2024-03-18T08:13:36.467+0000] {logging_mixin.py:188} INFO - [2024-03-18T08:13:36.466+0000] {dag.py:3834} INFO - Setting next_dagrun for example_short_circuit_operator to 2024-03-17 00:00:00+00:00, run_after=2024-03-18 00:00:00+00:00
[2024-03-18T08:13:36.491+0000] {processor.py:183} INFO - Processing /home/ubuntu/air_venv/lib/python3.10/site-packages/airflow/example_dags/example_short_circuit_operator.py took 0.082 seconds
[2024-03-18T08:15:02.235+0000] {processor.py:161} INFO - Started process (PID=10295) to work on /home/ubuntu/air_venv/lib/python3.10/site-packages/airflow/example_dags/example_short_circuit_operator.py
[2024-03-18T08:15:02.237+0000] {processor.py:830} INFO - Processing file /home/ubuntu/air_venv/lib/python3.10/site-packages/airflow/example_dags/example_short_circuit_operator.py for tasks to queue
[2024-03-18T08:15:02.239+0000] {logging_mixin.py:188} INFO - [2024-03-18T08:15:02.238+0000] {dagbag.py:540} INFO - Filling up the DagBag from /home/ubuntu/air_venv/lib/python3.10/site-packages/airflow/example_dags/example_short_circuit_operator.py
[2024-03-18T08:15:02.258+0000] {processor.py:840} INFO - DAG(s) 'example_short_circuit_operator' retrieved from /home/ubuntu/air_venv/lib/python3.10/site-packages/airflow/example_dags/example_short_circuit_operator.py
[2024-03-18T08:15:02.322+0000] {logging_mixin.py:188} INFO - [2024-03-18T08:15:02.317+0000] {dag.py:3047} INFO - Sync 1 DAGs
[2024-03-18T08:15:02.393+0000] {logging_mixin.py:188} INFO - [2024-03-18T08:15:02.387+0000] {dag.py:3834} INFO - Setting next_dagrun for example_short_circuit_operator to 2024-03-17 00:00:00+00:00, run_after=2024-03-18 00:00:00+00:00
[2024-03-18T08:15:02.453+0000] {processor.py:183} INFO - Processing /home/ubuntu/air_venv/lib/python3.10/site-packages/airflow/example_dags/example_short_circuit_operator.py took 0.226 seconds
[2024-03-18T08:15:58.850+0000] {processor.py:161} INFO - Started process (PID=10839) to work on /home/ubuntu/air_venv/lib/python3.10/site-packages/airflow/example_dags/example_short_circuit_operator.py
[2024-03-18T08:15:58.854+0000] {processor.py:830} INFO - Processing file /home/ubuntu/air_venv/lib/python3.10/site-packages/airflow/example_dags/example_short_circuit_operator.py for tasks to queue
[2024-03-18T08:15:58.855+0000] {logging_mixin.py:188} INFO - [2024-03-18T08:15:58.854+0000] {dagbag.py:540} INFO - Filling up the DagBag from /home/ubuntu/air_venv/lib/python3.10/site-packages/airflow/example_dags/example_short_circuit_operator.py
[2024-03-18T08:15:58.870+0000] {processor.py:840} INFO - DAG(s) 'example_short_circuit_operator' retrieved from /home/ubuntu/air_venv/lib/python3.10/site-packages/airflow/example_dags/example_short_circuit_operator.py
[2024-03-18T08:15:58.900+0000] {logging_mixin.py:188} INFO - [2024-03-18T08:15:58.899+0000] {dag.py:3047} INFO - Sync 1 DAGs
[2024-03-18T08:15:58.927+0000] {logging_mixin.py:188} INFO - [2024-03-18T08:15:58.927+0000] {dag.py:3834} INFO - Setting next_dagrun for example_short_circuit_operator to 2024-03-17 00:00:00+00:00, run_after=2024-03-18 00:00:00+00:00
[2024-03-18T08:15:58.952+0000] {processor.py:183} INFO - Processing /home/ubuntu/air_venv/lib/python3.10/site-packages/airflow/example_dags/example_short_circuit_operator.py took 0.107 seconds
[2024-03-18T08:16:47.400+0000] {processor.py:161} INFO - Started process (PID=11417) to work on /home/ubuntu/air_venv/lib/python3.10/site-packages/airflow/example_dags/example_short_circuit_operator.py
[2024-03-18T08:16:47.402+0000] {processor.py:830} INFO - Processing file /home/ubuntu/air_venv/lib/python3.10/site-packages/airflow/example_dags/example_short_circuit_operator.py for tasks to queue
[2024-03-18T08:16:47.403+0000] {logging_mixin.py:188} INFO - [2024-03-18T08:16:47.402+0000] {dagbag.py:540} INFO - Filling up the DagBag from /home/ubuntu/air_venv/lib/python3.10/site-packages/airflow/example_dags/example_short_circuit_operator.py
[2024-03-18T08:16:47.413+0000] {processor.py:840} INFO - DAG(s) 'example_short_circuit_operator' retrieved from /home/ubuntu/air_venv/lib/python3.10/site-packages/airflow/example_dags/example_short_circuit_operator.py
[2024-03-18T08:16:47.434+0000] {logging_mixin.py:188} INFO - [2024-03-18T08:16:47.434+0000] {dag.py:3047} INFO - Sync 1 DAGs
[2024-03-18T08:16:47.457+0000] {logging_mixin.py:188} INFO - [2024-03-18T08:16:47.457+0000] {dag.py:3834} INFO - Setting next_dagrun for example_short_circuit_operator to 2024-03-17 00:00:00+00:00, run_after=2024-03-18 00:00:00+00:00
[2024-03-18T08:16:47.483+0000] {processor.py:183} INFO - Processing /home/ubuntu/air_venv/lib/python3.10/site-packages/airflow/example_dags/example_short_circuit_operator.py took 0.087 seconds
[2024-03-18T08:17:39.777+0000] {processor.py:161} INFO - Started process (PID=12096) to work on /home/ubuntu/air_venv/lib/python3.10/site-packages/airflow/example_dags/example_short_circuit_operator.py
[2024-03-18T08:17:39.779+0000] {processor.py:830} INFO - Processing file /home/ubuntu/air_venv/lib/python3.10/site-packages/airflow/example_dags/example_short_circuit_operator.py for tasks to queue
[2024-03-18T08:17:39.780+0000] {logging_mixin.py:188} INFO - [2024-03-18T08:17:39.779+0000] {dagbag.py:540} INFO - Filling up the DagBag from /home/ubuntu/air_venv/lib/python3.10/site-packages/airflow/example_dags/example_short_circuit_operator.py
[2024-03-18T08:17:39.790+0000] {processor.py:840} INFO - DAG(s) 'example_short_circuit_operator' retrieved from /home/ubuntu/air_venv/lib/python3.10/site-packages/airflow/example_dags/example_short_circuit_operator.py
[2024-03-18T08:17:39.810+0000] {logging_mixin.py:188} INFO - [2024-03-18T08:17:39.810+0000] {dag.py:3047} INFO - Sync 1 DAGs
[2024-03-18T08:17:39.832+0000] {logging_mixin.py:188} INFO - [2024-03-18T08:17:39.832+0000] {dag.py:3834} INFO - Setting next_dagrun for example_short_circuit_operator to 2024-03-17 00:00:00+00:00, run_after=2024-03-18 00:00:00+00:00
[2024-03-18T08:17:39.866+0000] {processor.py:183} INFO - Processing /home/ubuntu/air_venv/lib/python3.10/site-packages/airflow/example_dags/example_short_circuit_operator.py took 0.095 seconds
[2024-03-18T08:18:40.433+0000] {processor.py:161} INFO - Started process (PID=12551) to work on /home/ubuntu/air_venv/lib/python3.10/site-packages/airflow/example_dags/example_short_circuit_operator.py
[2024-03-18T08:18:40.435+0000] {processor.py:830} INFO - Processing file /home/ubuntu/air_venv/lib/python3.10/site-packages/airflow/example_dags/example_short_circuit_operator.py for tasks to queue
[2024-03-18T08:18:40.436+0000] {logging_mixin.py:188} INFO - [2024-03-18T08:18:40.435+0000] {dagbag.py:540} INFO - Filling up the DagBag from /home/ubuntu/air_venv/lib/python3.10/site-packages/airflow/example_dags/example_short_circuit_operator.py
[2024-03-18T08:18:40.445+0000] {processor.py:840} INFO - DAG(s) 'example_short_circuit_operator' retrieved from /home/ubuntu/air_venv/lib/python3.10/site-packages/airflow/example_dags/example_short_circuit_operator.py
[2024-03-18T08:18:40.467+0000] {logging_mixin.py:188} INFO - [2024-03-18T08:18:40.467+0000] {dag.py:3047} INFO - Sync 1 DAGs
[2024-03-18T08:18:40.489+0000] {logging_mixin.py:188} INFO - [2024-03-18T08:18:40.489+0000] {dag.py:3834} INFO - Setting next_dagrun for example_short_circuit_operator to 2024-03-17 00:00:00+00:00, run_after=2024-03-18 00:00:00+00:00
[2024-03-18T08:18:40.514+0000] {processor.py:183} INFO - Processing /home/ubuntu/air_venv/lib/python3.10/site-packages/airflow/example_dags/example_short_circuit_operator.py took 0.085 seconds
[2024-03-18T08:19:25.093+0000] {processor.py:161} INFO - Started process (PID=12713) to work on /home/ubuntu/air_venv/lib/python3.10/site-packages/airflow/example_dags/example_short_circuit_operator.py
[2024-03-18T08:19:25.095+0000] {processor.py:830} INFO - Processing file /home/ubuntu/air_venv/lib/python3.10/site-packages/airflow/example_dags/example_short_circuit_operator.py for tasks to queue
[2024-03-18T08:19:25.096+0000] {logging_mixin.py:188} INFO - [2024-03-18T08:19:25.096+0000] {dagbag.py:540} INFO - Filling up the DagBag from /home/ubuntu/air_venv/lib/python3.10/site-packages/airflow/example_dags/example_short_circuit_operator.py
[2024-03-18T08:19:25.106+0000] {processor.py:840} INFO - DAG(s) 'example_short_circuit_operator' retrieved from /home/ubuntu/air_venv/lib/python3.10/site-packages/airflow/example_dags/example_short_circuit_operator.py
[2024-03-18T08:19:25.127+0000] {logging_mixin.py:188} INFO - [2024-03-18T08:19:25.127+0000] {dag.py:3047} INFO - Sync 1 DAGs
[2024-03-18T08:19:25.150+0000] {logging_mixin.py:188} INFO - [2024-03-18T08:19:25.150+0000] {dag.py:3834} INFO - Setting next_dagrun for example_short_circuit_operator to 2024-03-17 00:00:00+00:00, run_after=2024-03-18 00:00:00+00:00
[2024-03-18T08:19:25.177+0000] {processor.py:183} INFO - Processing /home/ubuntu/air_venv/lib/python3.10/site-packages/airflow/example_dags/example_short_circuit_operator.py took 0.087 seconds
[2024-03-18T08:20:29.315+0000] {processor.py:161} INFO - Started process (PID=13254) to work on /home/ubuntu/air_venv/lib/python3.10/site-packages/airflow/example_dags/example_short_circuit_operator.py
[2024-03-18T08:20:29.317+0000] {processor.py:830} INFO - Processing file /home/ubuntu/air_venv/lib/python3.10/site-packages/airflow/example_dags/example_short_circuit_operator.py for tasks to queue
[2024-03-18T08:20:29.318+0000] {logging_mixin.py:188} INFO - [2024-03-18T08:20:29.317+0000] {dagbag.py:540} INFO - Filling up the DagBag from /home/ubuntu/air_venv/lib/python3.10/site-packages/airflow/example_dags/example_short_circuit_operator.py
[2024-03-18T08:20:29.328+0000] {processor.py:840} INFO - DAG(s) 'example_short_circuit_operator' retrieved from /home/ubuntu/air_venv/lib/python3.10/site-packages/airflow/example_dags/example_short_circuit_operator.py
[2024-03-18T08:20:29.349+0000] {logging_mixin.py:188} INFO - [2024-03-18T08:20:29.348+0000] {dag.py:3047} INFO - Sync 1 DAGs
[2024-03-18T08:20:29.372+0000] {logging_mixin.py:188} INFO - [2024-03-18T08:20:29.372+0000] {dag.py:3834} INFO - Setting next_dagrun for example_short_circuit_operator to 2024-03-17 00:00:00+00:00, run_after=2024-03-18 00:00:00+00:00
[2024-03-18T08:20:29.400+0000] {processor.py:183} INFO - Processing /home/ubuntu/air_venv/lib/python3.10/site-packages/airflow/example_dags/example_short_circuit_operator.py took 0.092 seconds
[2024-03-18T08:21:26.778+0000] {processor.py:161} INFO - Started process (PID=13609) to work on /home/ubuntu/air_venv/lib/python3.10/site-packages/airflow/example_dags/example_short_circuit_operator.py
[2024-03-18T08:21:26.780+0000] {processor.py:830} INFO - Processing file /home/ubuntu/air_venv/lib/python3.10/site-packages/airflow/example_dags/example_short_circuit_operator.py for tasks to queue
[2024-03-18T08:21:26.782+0000] {logging_mixin.py:188} INFO - [2024-03-18T08:21:26.781+0000] {dagbag.py:540} INFO - Filling up the DagBag from /home/ubuntu/air_venv/lib/python3.10/site-packages/airflow/example_dags/example_short_circuit_operator.py
[2024-03-18T08:21:26.792+0000] {processor.py:840} INFO - DAG(s) 'example_short_circuit_operator' retrieved from /home/ubuntu/air_venv/lib/python3.10/site-packages/airflow/example_dags/example_short_circuit_operator.py
[2024-03-18T08:21:26.812+0000] {logging_mixin.py:188} INFO - [2024-03-18T08:21:26.812+0000] {dag.py:3047} INFO - Sync 1 DAGs
[2024-03-18T08:21:26.832+0000] {logging_mixin.py:188} INFO - [2024-03-18T08:21:26.832+0000] {dag.py:3834} INFO - Setting next_dagrun for example_short_circuit_operator to 2024-03-17 00:00:00+00:00, run_after=2024-03-18 00:00:00+00:00
[2024-03-18T08:21:26.883+0000] {processor.py:183} INFO - Processing /home/ubuntu/air_venv/lib/python3.10/site-packages/airflow/example_dags/example_short_circuit_operator.py took 0.108 seconds
[2024-03-18T08:22:16.278+0000] {processor.py:161} INFO - Started process (PID=13902) to work on /home/ubuntu/air_venv/lib/python3.10/site-packages/airflow/example_dags/example_short_circuit_operator.py
[2024-03-18T08:22:16.280+0000] {processor.py:830} INFO - Processing file /home/ubuntu/air_venv/lib/python3.10/site-packages/airflow/example_dags/example_short_circuit_operator.py for tasks to queue
[2024-03-18T08:22:16.281+0000] {logging_mixin.py:188} INFO - [2024-03-18T08:22:16.281+0000] {dagbag.py:540} INFO - Filling up the DagBag from /home/ubuntu/air_venv/lib/python3.10/site-packages/airflow/example_dags/example_short_circuit_operator.py
[2024-03-18T08:22:16.291+0000] {processor.py:840} INFO - DAG(s) 'example_short_circuit_operator' retrieved from /home/ubuntu/air_venv/lib/python3.10/site-packages/airflow/example_dags/example_short_circuit_operator.py
[2024-03-18T08:22:16.311+0000] {logging_mixin.py:188} INFO - [2024-03-18T08:22:16.311+0000] {dag.py:3047} INFO - Sync 1 DAGs
[2024-03-18T08:22:16.333+0000] {logging_mixin.py:188} INFO - [2024-03-18T08:22:16.332+0000] {dag.py:3834} INFO - Setting next_dagrun for example_short_circuit_operator to 2024-03-17 00:00:00+00:00, run_after=2024-03-18 00:00:00+00:00
[2024-03-18T08:22:16.364+0000] {processor.py:183} INFO - Processing /home/ubuntu/air_venv/lib/python3.10/site-packages/airflow/example_dags/example_short_circuit_operator.py took 0.089 seconds
[2024-03-18T08:23:12.813+0000] {processor.py:161} INFO - Started process (PID=14341) to work on /home/ubuntu/air_venv/lib/python3.10/site-packages/airflow/example_dags/example_short_circuit_operator.py
[2024-03-18T08:23:12.815+0000] {processor.py:830} INFO - Processing file /home/ubuntu/air_venv/lib/python3.10/site-packages/airflow/example_dags/example_short_circuit_operator.py for tasks to queue
[2024-03-18T08:23:12.816+0000] {logging_mixin.py:188} INFO - [2024-03-18T08:23:12.816+0000] {dagbag.py:540} INFO - Filling up the DagBag from /home/ubuntu/air_venv/lib/python3.10/site-packages/airflow/example_dags/example_short_circuit_operator.py
[2024-03-18T08:23:12.826+0000] {processor.py:840} INFO - DAG(s) 'example_short_circuit_operator' retrieved from /home/ubuntu/air_venv/lib/python3.10/site-packages/airflow/example_dags/example_short_circuit_operator.py
[2024-03-18T08:23:12.846+0000] {logging_mixin.py:188} INFO - [2024-03-18T08:23:12.846+0000] {dag.py:3047} INFO - Sync 1 DAGs
[2024-03-18T08:23:12.869+0000] {logging_mixin.py:188} INFO - [2024-03-18T08:23:12.868+0000] {dag.py:3834} INFO - Setting next_dagrun for example_short_circuit_operator to 2024-03-17 00:00:00+00:00, run_after=2024-03-18 00:00:00+00:00
[2024-03-18T08:23:12.899+0000] {processor.py:183} INFO - Processing /home/ubuntu/air_venv/lib/python3.10/site-packages/airflow/example_dags/example_short_circuit_operator.py took 0.090 seconds
[2024-03-18T08:23:53.107+0000] {processor.py:161} INFO - Started process (PID=14621) to work on /home/ubuntu/air_venv/lib/python3.10/site-packages/airflow/example_dags/example_short_circuit_operator.py
[2024-03-18T08:23:53.109+0000] {processor.py:830} INFO - Processing file /home/ubuntu/air_venv/lib/python3.10/site-packages/airflow/example_dags/example_short_circuit_operator.py for tasks to queue
[2024-03-18T08:23:53.110+0000] {logging_mixin.py:188} INFO - [2024-03-18T08:23:53.110+0000] {dagbag.py:540} INFO - Filling up the DagBag from /home/ubuntu/air_venv/lib/python3.10/site-packages/airflow/example_dags/example_short_circuit_operator.py
[2024-03-18T08:23:53.119+0000] {processor.py:840} INFO - DAG(s) 'example_short_circuit_operator' retrieved from /home/ubuntu/air_venv/lib/python3.10/site-packages/airflow/example_dags/example_short_circuit_operator.py
[2024-03-18T08:23:53.140+0000] {logging_mixin.py:188} INFO - [2024-03-18T08:23:53.140+0000] {dag.py:3047} INFO - Sync 1 DAGs
[2024-03-18T08:23:53.162+0000] {logging_mixin.py:188} INFO - [2024-03-18T08:23:53.161+0000] {dag.py:3834} INFO - Setting next_dagrun for example_short_circuit_operator to 2024-03-17 00:00:00+00:00, run_after=2024-03-18 00:00:00+00:00
[2024-03-18T08:23:53.186+0000] {processor.py:183} INFO - Processing /home/ubuntu/air_venv/lib/python3.10/site-packages/airflow/example_dags/example_short_circuit_operator.py took 0.082 seconds
[2024-03-18T08:24:32.119+0000] {processor.py:161} INFO - Started process (PID=14932) to work on /home/ubuntu/air_venv/lib/python3.10/site-packages/airflow/example_dags/example_short_circuit_operator.py
[2024-03-18T08:24:32.120+0000] {processor.py:830} INFO - Processing file /home/ubuntu/air_venv/lib/python3.10/site-packages/airflow/example_dags/example_short_circuit_operator.py for tasks to queue
[2024-03-18T08:24:32.122+0000] {logging_mixin.py:188} INFO - [2024-03-18T08:24:32.121+0000] {dagbag.py:540} INFO - Filling up the DagBag from /home/ubuntu/air_venv/lib/python3.10/site-packages/airflow/example_dags/example_short_circuit_operator.py
[2024-03-18T08:24:32.131+0000] {processor.py:840} INFO - DAG(s) 'example_short_circuit_operator' retrieved from /home/ubuntu/air_venv/lib/python3.10/site-packages/airflow/example_dags/example_short_circuit_operator.py
[2024-03-18T08:24:32.151+0000] {logging_mixin.py:188} INFO - [2024-03-18T08:24:32.151+0000] {dag.py:3047} INFO - Sync 1 DAGs
[2024-03-18T08:24:32.173+0000] {logging_mixin.py:188} INFO - [2024-03-18T08:24:32.173+0000] {dag.py:3834} INFO - Setting next_dagrun for example_short_circuit_operator to 2024-03-17 00:00:00+00:00, run_after=2024-03-18 00:00:00+00:00
[2024-03-18T08:24:32.197+0000] {processor.py:183} INFO - Processing /home/ubuntu/air_venv/lib/python3.10/site-packages/airflow/example_dags/example_short_circuit_operator.py took 0.082 seconds
[2024-03-18T08:25:15.181+0000] {processor.py:161} INFO - Started process (PID=15274) to work on /home/ubuntu/air_venv/lib/python3.10/site-packages/airflow/example_dags/example_short_circuit_operator.py
[2024-03-18T08:25:15.183+0000] {processor.py:830} INFO - Processing file /home/ubuntu/air_venv/lib/python3.10/site-packages/airflow/example_dags/example_short_circuit_operator.py for tasks to queue
[2024-03-18T08:25:15.184+0000] {logging_mixin.py:188} INFO - [2024-03-18T08:25:15.184+0000] {dagbag.py:540} INFO - Filling up the DagBag from /home/ubuntu/air_venv/lib/python3.10/site-packages/airflow/example_dags/example_short_circuit_operator.py
[2024-03-18T08:25:15.194+0000] {processor.py:840} INFO - DAG(s) 'example_short_circuit_operator' retrieved from /home/ubuntu/air_venv/lib/python3.10/site-packages/airflow/example_dags/example_short_circuit_operator.py
[2024-03-18T08:25:15.214+0000] {logging_mixin.py:188} INFO - [2024-03-18T08:25:15.214+0000] {dag.py:3047} INFO - Sync 1 DAGs
[2024-03-18T08:25:15.236+0000] {logging_mixin.py:188} INFO - [2024-03-18T08:25:15.236+0000] {dag.py:3834} INFO - Setting next_dagrun for example_short_circuit_operator to 2024-03-17 00:00:00+00:00, run_after=2024-03-18 00:00:00+00:00
[2024-03-18T08:25:15.261+0000] {processor.py:183} INFO - Processing /home/ubuntu/air_venv/lib/python3.10/site-packages/airflow/example_dags/example_short_circuit_operator.py took 0.084 seconds
[2024-03-18T08:25:57.845+0000] {processor.py:161} INFO - Started process (PID=15377) to work on /home/ubuntu/air_venv/lib/python3.10/site-packages/airflow/example_dags/example_short_circuit_operator.py
[2024-03-18T08:25:57.846+0000] {processor.py:830} INFO - Processing file /home/ubuntu/air_venv/lib/python3.10/site-packages/airflow/example_dags/example_short_circuit_operator.py for tasks to queue
[2024-03-18T08:25:57.848+0000] {logging_mixin.py:188} INFO - [2024-03-18T08:25:57.847+0000] {dagbag.py:540} INFO - Filling up the DagBag from /home/ubuntu/air_venv/lib/python3.10/site-packages/airflow/example_dags/example_short_circuit_operator.py
[2024-03-18T08:25:57.857+0000] {processor.py:840} INFO - DAG(s) 'example_short_circuit_operator' retrieved from /home/ubuntu/air_venv/lib/python3.10/site-packages/airflow/example_dags/example_short_circuit_operator.py
[2024-03-18T08:25:57.879+0000] {logging_mixin.py:188} INFO - [2024-03-18T08:25:57.878+0000] {dag.py:3047} INFO - Sync 1 DAGs
[2024-03-18T08:25:57.900+0000] {logging_mixin.py:188} INFO - [2024-03-18T08:25:57.900+0000] {dag.py:3834} INFO - Setting next_dagrun for example_short_circuit_operator to 2024-03-17 00:00:00+00:00, run_after=2024-03-18 00:00:00+00:00
[2024-03-18T08:25:57.925+0000] {processor.py:183} INFO - Processing /home/ubuntu/air_venv/lib/python3.10/site-packages/airflow/example_dags/example_short_circuit_operator.py took 0.084 seconds
[2024-03-18T08:26:38.435+0000] {processor.py:161} INFO - Started process (PID=15416) to work on /home/ubuntu/air_venv/lib/python3.10/site-packages/airflow/example_dags/example_short_circuit_operator.py
[2024-03-18T08:26:38.437+0000] {processor.py:830} INFO - Processing file /home/ubuntu/air_venv/lib/python3.10/site-packages/airflow/example_dags/example_short_circuit_operator.py for tasks to queue
[2024-03-18T08:26:38.438+0000] {logging_mixin.py:188} INFO - [2024-03-18T08:26:38.438+0000] {dagbag.py:540} INFO - Filling up the DagBag from /home/ubuntu/air_venv/lib/python3.10/site-packages/airflow/example_dags/example_short_circuit_operator.py
[2024-03-18T08:26:38.448+0000] {processor.py:840} INFO - DAG(s) 'example_short_circuit_operator' retrieved from /home/ubuntu/air_venv/lib/python3.10/site-packages/airflow/example_dags/example_short_circuit_operator.py
[2024-03-18T08:26:38.469+0000] {logging_mixin.py:188} INFO - [2024-03-18T08:26:38.469+0000] {dag.py:3047} INFO - Sync 1 DAGs
[2024-03-18T08:26:38.492+0000] {logging_mixin.py:188} INFO - [2024-03-18T08:26:38.492+0000] {dag.py:3834} INFO - Setting next_dagrun for example_short_circuit_operator to 2024-03-17 00:00:00+00:00, run_after=2024-03-18 00:00:00+00:00
[2024-03-18T08:26:38.524+0000] {processor.py:183} INFO - Processing /home/ubuntu/air_venv/lib/python3.10/site-packages/airflow/example_dags/example_short_circuit_operator.py took 0.092 seconds
[2024-03-18T08:27:19.323+0000] {processor.py:161} INFO - Started process (PID=15516) to work on /home/ubuntu/air_venv/lib/python3.10/site-packages/airflow/example_dags/example_short_circuit_operator.py
[2024-03-18T08:27:19.325+0000] {processor.py:830} INFO - Processing file /home/ubuntu/air_venv/lib/python3.10/site-packages/airflow/example_dags/example_short_circuit_operator.py for tasks to queue
[2024-03-18T08:27:19.326+0000] {logging_mixin.py:188} INFO - [2024-03-18T08:27:19.326+0000] {dagbag.py:540} INFO - Filling up the DagBag from /home/ubuntu/air_venv/lib/python3.10/site-packages/airflow/example_dags/example_short_circuit_operator.py
[2024-03-18T08:27:19.336+0000] {processor.py:840} INFO - DAG(s) 'example_short_circuit_operator' retrieved from /home/ubuntu/air_venv/lib/python3.10/site-packages/airflow/example_dags/example_short_circuit_operator.py
[2024-03-18T08:27:19.357+0000] {logging_mixin.py:188} INFO - [2024-03-18T08:27:19.357+0000] {dag.py:3047} INFO - Sync 1 DAGs
[2024-03-18T08:27:19.380+0000] {logging_mixin.py:188} INFO - [2024-03-18T08:27:19.379+0000] {dag.py:3834} INFO - Setting next_dagrun for example_short_circuit_operator to 2024-03-17 00:00:00+00:00, run_after=2024-03-18 00:00:00+00:00
[2024-03-18T08:27:19.406+0000] {processor.py:183} INFO - Processing /home/ubuntu/air_venv/lib/python3.10/site-packages/airflow/example_dags/example_short_circuit_operator.py took 0.086 seconds
[2024-03-18T08:28:00.924+0000] {processor.py:161} INFO - Started process (PID=15618) to work on /home/ubuntu/air_venv/lib/python3.10/site-packages/airflow/example_dags/example_short_circuit_operator.py
[2024-03-18T08:28:00.925+0000] {processor.py:830} INFO - Processing file /home/ubuntu/air_venv/lib/python3.10/site-packages/airflow/example_dags/example_short_circuit_operator.py for tasks to queue
[2024-03-18T08:28:00.927+0000] {logging_mixin.py:188} INFO - [2024-03-18T08:28:00.926+0000] {dagbag.py:540} INFO - Filling up the DagBag from /home/ubuntu/air_venv/lib/python3.10/site-packages/airflow/example_dags/example_short_circuit_operator.py
[2024-03-18T08:28:00.936+0000] {processor.py:840} INFO - DAG(s) 'example_short_circuit_operator' retrieved from /home/ubuntu/air_venv/lib/python3.10/site-packages/airflow/example_dags/example_short_circuit_operator.py
[2024-03-18T08:28:00.957+0000] {logging_mixin.py:188} INFO - [2024-03-18T08:28:00.956+0000] {dag.py:3047} INFO - Sync 1 DAGs
[2024-03-18T08:28:00.978+0000] {logging_mixin.py:188} INFO - [2024-03-18T08:28:00.978+0000] {dag.py:3834} INFO - Setting next_dagrun for example_short_circuit_operator to 2024-03-17 00:00:00+00:00, run_after=2024-03-18 00:00:00+00:00
[2024-03-18T08:28:01.005+0000] {processor.py:183} INFO - Processing /home/ubuntu/air_venv/lib/python3.10/site-packages/airflow/example_dags/example_short_circuit_operator.py took 0.085 seconds
[2024-03-18T08:28:44.447+0000] {processor.py:161} INFO - Started process (PID=15719) to work on /home/ubuntu/air_venv/lib/python3.10/site-packages/airflow/example_dags/example_short_circuit_operator.py
[2024-03-18T08:28:44.449+0000] {processor.py:830} INFO - Processing file /home/ubuntu/air_venv/lib/python3.10/site-packages/airflow/example_dags/example_short_circuit_operator.py for tasks to queue
[2024-03-18T08:28:44.450+0000] {logging_mixin.py:188} INFO - [2024-03-18T08:28:44.450+0000] {dagbag.py:540} INFO - Filling up the DagBag from /home/ubuntu/air_venv/lib/python3.10/site-packages/airflow/example_dags/example_short_circuit_operator.py
[2024-03-18T08:28:44.464+0000] {processor.py:840} INFO - DAG(s) 'example_short_circuit_operator' retrieved from /home/ubuntu/air_venv/lib/python3.10/site-packages/airflow/example_dags/example_short_circuit_operator.py
[2024-03-18T08:28:44.494+0000] {logging_mixin.py:188} INFO - [2024-03-18T08:28:44.494+0000] {dag.py:3047} INFO - Sync 1 DAGs
[2024-03-18T08:28:44.516+0000] {logging_mixin.py:188} INFO - [2024-03-18T08:28:44.516+0000] {dag.py:3834} INFO - Setting next_dagrun for example_short_circuit_operator to 2024-03-17 00:00:00+00:00, run_after=2024-03-18 00:00:00+00:00
[2024-03-18T08:28:44.540+0000] {processor.py:183} INFO - Processing /home/ubuntu/air_venv/lib/python3.10/site-packages/airflow/example_dags/example_short_circuit_operator.py took 0.096 seconds
[2024-03-18T08:29:26.451+0000] {processor.py:161} INFO - Started process (PID=15760) to work on /home/ubuntu/air_venv/lib/python3.10/site-packages/airflow/example_dags/example_short_circuit_operator.py
[2024-03-18T08:29:26.453+0000] {processor.py:830} INFO - Processing file /home/ubuntu/air_venv/lib/python3.10/site-packages/airflow/example_dags/example_short_circuit_operator.py for tasks to queue
[2024-03-18T08:29:26.454+0000] {logging_mixin.py:188} INFO - [2024-03-18T08:29:26.453+0000] {dagbag.py:540} INFO - Filling up the DagBag from /home/ubuntu/air_venv/lib/python3.10/site-packages/airflow/example_dags/example_short_circuit_operator.py
[2024-03-18T08:29:26.463+0000] {processor.py:840} INFO - DAG(s) 'example_short_circuit_operator' retrieved from /home/ubuntu/air_venv/lib/python3.10/site-packages/airflow/example_dags/example_short_circuit_operator.py
[2024-03-18T08:29:26.484+0000] {logging_mixin.py:188} INFO - [2024-03-18T08:29:26.484+0000] {dag.py:3047} INFO - Sync 1 DAGs
[2024-03-18T08:29:26.521+0000] {logging_mixin.py:188} INFO - [2024-03-18T08:29:26.520+0000] {dag.py:3834} INFO - Setting next_dagrun for example_short_circuit_operator to 2024-03-17 00:00:00+00:00, run_after=2024-03-18 00:00:00+00:00
[2024-03-18T08:29:26.546+0000] {processor.py:183} INFO - Processing /home/ubuntu/air_venv/lib/python3.10/site-packages/airflow/example_dags/example_short_circuit_operator.py took 0.099 seconds
