[2024-03-18T08:00:03.771+0000] {processor.py:161} INFO - Started process (PID=2854) to work on /home/ubuntu/air_venv/lib/python3.10/site-packages/airflow/example_dags/example_python_decorator.py
[2024-03-18T08:00:03.784+0000] {processor.py:830} INFO - Processing file /home/ubuntu/air_venv/lib/python3.10/site-packages/airflow/example_dags/example_python_decorator.py for tasks to queue
[2024-03-18T08:00:03.786+0000] {logging_mixin.py:188} INFO - [2024-03-18T08:00:03.785+0000] {dagbag.py:540} INFO - Filling up the DagBag from /home/ubuntu/air_venv/lib/python3.10/site-packages/airflow/example_dags/example_python_decorator.py
[2024-03-18T08:00:03.860+0000] {logging_mixin.py:188} INFO - [2024-03-18T08:00:03.859+0000] {example_python_decorator.py:79} WARNING - The virtalenv_python example task requires virtualenv, please install it.
[2024-03-18T08:00:03.908+0000] {processor.py:840} INFO - DAG(s) 'example_python_decorator' retrieved from /home/ubuntu/air_venv/lib/python3.10/site-packages/airflow/example_dags/example_python_decorator.py
[2024-03-18T08:00:05.175+0000] {logging_mixin.py:188} INFO - [2024-03-18T08:00:05.174+0000] {override.py:1769} INFO - Created Permission View: can edit on DAG:example_python_decorator
[2024-03-18T08:00:05.336+0000] {logging_mixin.py:188} INFO - [2024-03-18T08:00:05.336+0000] {override.py:1769} INFO - Created Permission View: can delete on DAG:example_python_decorator
[2024-03-18T08:00:05.433+0000] {logging_mixin.py:188} INFO - [2024-03-18T08:00:05.433+0000] {override.py:1769} INFO - Created Permission View: can read on DAG:example_python_decorator
[2024-03-18T08:00:05.434+0000] {logging_mixin.py:188} INFO - [2024-03-18T08:00:05.434+0000] {dag.py:3047} INFO - Sync 1 DAGs
[2024-03-18T08:00:05.601+0000] {logging_mixin.py:188} INFO - [2024-03-18T08:00:05.601+0000] {dag.py:3069} INFO - Creating ORM DAG for example_python_decorator
[2024-03-18T08:00:05.604+0000] {logging_mixin.py:188} INFO - [2024-03-18T08:00:05.603+0000] {dag.py:3834} INFO - Setting next_dagrun for example_python_decorator to None, run_after=None
[2024-03-18T08:00:05.736+0000] {processor.py:183} INFO - Processing /home/ubuntu/air_venv/lib/python3.10/site-packages/airflow/example_dags/example_python_decorator.py took 2.060 seconds
[2024-03-18T08:01:08.213+0000] {processor.py:161} INFO - Started process (PID=3329) to work on /home/ubuntu/air_venv/lib/python3.10/site-packages/airflow/example_dags/example_python_decorator.py
[2024-03-18T08:01:08.218+0000] {processor.py:830} INFO - Processing file /home/ubuntu/air_venv/lib/python3.10/site-packages/airflow/example_dags/example_python_decorator.py for tasks to queue
[2024-03-18T08:01:08.219+0000] {logging_mixin.py:188} INFO - [2024-03-18T08:01:08.219+0000] {dagbag.py:540} INFO - Filling up the DagBag from /home/ubuntu/air_venv/lib/python3.10/site-packages/airflow/example_dags/example_python_decorator.py
[2024-03-18T08:01:08.230+0000] {logging_mixin.py:188} INFO - [2024-03-18T08:01:08.230+0000] {example_python_decorator.py:79} WARNING - The virtalenv_python example task requires virtualenv, please install it.
[2024-03-18T08:01:08.231+0000] {processor.py:840} INFO - DAG(s) 'example_python_decorator' retrieved from /home/ubuntu/air_venv/lib/python3.10/site-packages/airflow/example_dags/example_python_decorator.py
[2024-03-18T08:01:08.250+0000] {logging_mixin.py:188} INFO - [2024-03-18T08:01:08.250+0000] {dag.py:3047} INFO - Sync 1 DAGs
[2024-03-18T08:01:08.263+0000] {logging_mixin.py:188} INFO - [2024-03-18T08:01:08.262+0000] {dag.py:3834} INFO - Setting next_dagrun for example_python_decorator to None, run_after=None
[2024-03-18T08:01:08.312+0000] {processor.py:183} INFO - Processing /home/ubuntu/air_venv/lib/python3.10/site-packages/airflow/example_dags/example_python_decorator.py took 0.104 seconds
[2024-03-18T08:01:59.229+0000] {processor.py:161} INFO - Started process (PID=3921) to work on /home/ubuntu/air_venv/lib/python3.10/site-packages/airflow/example_dags/example_python_decorator.py
[2024-03-18T08:01:59.231+0000] {processor.py:830} INFO - Processing file /home/ubuntu/air_venv/lib/python3.10/site-packages/airflow/example_dags/example_python_decorator.py for tasks to queue
[2024-03-18T08:01:59.232+0000] {logging_mixin.py:188} INFO - [2024-03-18T08:01:59.232+0000] {dagbag.py:540} INFO - Filling up the DagBag from /home/ubuntu/air_venv/lib/python3.10/site-packages/airflow/example_dags/example_python_decorator.py
[2024-03-18T08:01:59.243+0000] {logging_mixin.py:188} INFO - [2024-03-18T08:01:59.243+0000] {example_python_decorator.py:79} WARNING - The virtalenv_python example task requires virtualenv, please install it.
[2024-03-18T08:01:59.244+0000] {processor.py:840} INFO - DAG(s) 'example_python_decorator' retrieved from /home/ubuntu/air_venv/lib/python3.10/site-packages/airflow/example_dags/example_python_decorator.py
[2024-03-18T08:01:59.262+0000] {logging_mixin.py:188} INFO - [2024-03-18T08:01:59.262+0000] {dag.py:3047} INFO - Sync 1 DAGs
[2024-03-18T08:01:59.276+0000] {logging_mixin.py:188} INFO - [2024-03-18T08:01:59.276+0000] {dag.py:3834} INFO - Setting next_dagrun for example_python_decorator to None, run_after=None
[2024-03-18T08:01:59.453+0000] {processor.py:183} INFO - Processing /home/ubuntu/air_venv/lib/python3.10/site-packages/airflow/example_dags/example_python_decorator.py took 0.227 seconds
[2024-03-18T08:02:58.617+0000] {processor.py:161} INFO - Started process (PID=4432) to work on /home/ubuntu/air_venv/lib/python3.10/site-packages/airflow/example_dags/example_python_decorator.py
[2024-03-18T08:02:58.619+0000] {processor.py:830} INFO - Processing file /home/ubuntu/air_venv/lib/python3.10/site-packages/airflow/example_dags/example_python_decorator.py for tasks to queue
[2024-03-18T08:02:58.620+0000] {logging_mixin.py:188} INFO - [2024-03-18T08:02:58.620+0000] {dagbag.py:540} INFO - Filling up the DagBag from /home/ubuntu/air_venv/lib/python3.10/site-packages/airflow/example_dags/example_python_decorator.py
[2024-03-18T08:02:58.635+0000] {logging_mixin.py:188} INFO - [2024-03-18T08:02:58.634+0000] {example_python_decorator.py:79} WARNING - The virtalenv_python example task requires virtualenv, please install it.
[2024-03-18T08:02:58.637+0000] {processor.py:840} INFO - DAG(s) 'example_python_decorator' retrieved from /home/ubuntu/air_venv/lib/python3.10/site-packages/airflow/example_dags/example_python_decorator.py
[2024-03-18T08:02:58.664+0000] {logging_mixin.py:188} INFO - [2024-03-18T08:02:58.663+0000] {dag.py:3047} INFO - Sync 1 DAGs
[2024-03-18T08:02:58.681+0000] {logging_mixin.py:188} INFO - [2024-03-18T08:02:58.681+0000] {dag.py:3834} INFO - Setting next_dagrun for example_python_decorator to None, run_after=None
[2024-03-18T08:02:58.706+0000] {processor.py:183} INFO - Processing /home/ubuntu/air_venv/lib/python3.10/site-packages/airflow/example_dags/example_python_decorator.py took 0.094 seconds
[2024-03-18T08:03:43.792+0000] {processor.py:161} INFO - Started process (PID=4617) to work on /home/ubuntu/air_venv/lib/python3.10/site-packages/airflow/example_dags/example_python_decorator.py
[2024-03-18T08:03:43.794+0000] {processor.py:830} INFO - Processing file /home/ubuntu/air_venv/lib/python3.10/site-packages/airflow/example_dags/example_python_decorator.py for tasks to queue
[2024-03-18T08:03:43.795+0000] {logging_mixin.py:188} INFO - [2024-03-18T08:03:43.795+0000] {dagbag.py:540} INFO - Filling up the DagBag from /home/ubuntu/air_venv/lib/python3.10/site-packages/airflow/example_dags/example_python_decorator.py
[2024-03-18T08:03:43.806+0000] {logging_mixin.py:188} INFO - [2024-03-18T08:03:43.806+0000] {example_python_decorator.py:79} WARNING - The virtalenv_python example task requires virtualenv, please install it.
[2024-03-18T08:03:43.807+0000] {processor.py:840} INFO - DAG(s) 'example_python_decorator' retrieved from /home/ubuntu/air_venv/lib/python3.10/site-packages/airflow/example_dags/example_python_decorator.py
[2024-03-18T08:03:43.827+0000] {logging_mixin.py:188} INFO - [2024-03-18T08:03:43.827+0000] {dag.py:3047} INFO - Sync 1 DAGs
[2024-03-18T08:03:43.841+0000] {logging_mixin.py:188} INFO - [2024-03-18T08:03:43.840+0000] {dag.py:3834} INFO - Setting next_dagrun for example_python_decorator to None, run_after=None
[2024-03-18T08:03:43.868+0000] {processor.py:183} INFO - Processing /home/ubuntu/air_venv/lib/python3.10/site-packages/airflow/example_dags/example_python_decorator.py took 0.080 seconds
[2024-03-18T08:04:32.651+0000] {processor.py:161} INFO - Started process (PID=5090) to work on /home/ubuntu/air_venv/lib/python3.10/site-packages/airflow/example_dags/example_python_decorator.py
[2024-03-18T08:04:32.653+0000] {processor.py:830} INFO - Processing file /home/ubuntu/air_venv/lib/python3.10/site-packages/airflow/example_dags/example_python_decorator.py for tasks to queue
[2024-03-18T08:04:32.655+0000] {logging_mixin.py:188} INFO - [2024-03-18T08:04:32.654+0000] {dagbag.py:540} INFO - Filling up the DagBag from /home/ubuntu/air_venv/lib/python3.10/site-packages/airflow/example_dags/example_python_decorator.py
[2024-03-18T08:04:32.665+0000] {logging_mixin.py:188} INFO - [2024-03-18T08:04:32.665+0000] {example_python_decorator.py:79} WARNING - The virtalenv_python example task requires virtualenv, please install it.
[2024-03-18T08:04:32.666+0000] {processor.py:840} INFO - DAG(s) 'example_python_decorator' retrieved from /home/ubuntu/air_venv/lib/python3.10/site-packages/airflow/example_dags/example_python_decorator.py
[2024-03-18T08:04:32.685+0000] {logging_mixin.py:188} INFO - [2024-03-18T08:04:32.685+0000] {dag.py:3047} INFO - Sync 1 DAGs
[2024-03-18T08:04:32.698+0000] {logging_mixin.py:188} INFO - [2024-03-18T08:04:32.698+0000] {dag.py:3834} INFO - Setting next_dagrun for example_python_decorator to None, run_after=None
[2024-03-18T08:04:32.724+0000] {processor.py:183} INFO - Processing /home/ubuntu/air_venv/lib/python3.10/site-packages/airflow/example_dags/example_python_decorator.py took 0.077 seconds
[2024-03-18T08:05:26.501+0000] {processor.py:161} INFO - Started process (PID=5561) to work on /home/ubuntu/air_venv/lib/python3.10/site-packages/airflow/example_dags/example_python_decorator.py
[2024-03-18T08:05:26.503+0000] {processor.py:830} INFO - Processing file /home/ubuntu/air_venv/lib/python3.10/site-packages/airflow/example_dags/example_python_decorator.py for tasks to queue
[2024-03-18T08:05:26.505+0000] {logging_mixin.py:188} INFO - [2024-03-18T08:05:26.505+0000] {dagbag.py:540} INFO - Filling up the DagBag from /home/ubuntu/air_venv/lib/python3.10/site-packages/airflow/example_dags/example_python_decorator.py
[2024-03-18T08:05:26.520+0000] {logging_mixin.py:188} INFO - [2024-03-18T08:05:26.519+0000] {example_python_decorator.py:79} WARNING - The virtalenv_python example task requires virtualenv, please install it.
[2024-03-18T08:05:26.520+0000] {processor.py:840} INFO - DAG(s) 'example_python_decorator' retrieved from /home/ubuntu/air_venv/lib/python3.10/site-packages/airflow/example_dags/example_python_decorator.py
[2024-03-18T08:05:26.540+0000] {logging_mixin.py:188} INFO - [2024-03-18T08:05:26.540+0000] {dag.py:3047} INFO - Sync 1 DAGs
[2024-03-18T08:05:26.554+0000] {logging_mixin.py:188} INFO - [2024-03-18T08:05:26.554+0000] {dag.py:3834} INFO - Setting next_dagrun for example_python_decorator to None, run_after=None
[2024-03-18T08:05:26.636+0000] {processor.py:183} INFO - Processing /home/ubuntu/air_venv/lib/python3.10/site-packages/airflow/example_dags/example_python_decorator.py took 0.140 seconds
[2024-03-18T08:06:18.323+0000] {processor.py:161} INFO - Started process (PID=6153) to work on /home/ubuntu/air_venv/lib/python3.10/site-packages/airflow/example_dags/example_python_decorator.py
[2024-03-18T08:06:18.325+0000] {processor.py:830} INFO - Processing file /home/ubuntu/air_venv/lib/python3.10/site-packages/airflow/example_dags/example_python_decorator.py for tasks to queue
[2024-03-18T08:06:18.326+0000] {logging_mixin.py:188} INFO - [2024-03-18T08:06:18.326+0000] {dagbag.py:540} INFO - Filling up the DagBag from /home/ubuntu/air_venv/lib/python3.10/site-packages/airflow/example_dags/example_python_decorator.py
[2024-03-18T08:06:18.338+0000] {logging_mixin.py:188} INFO - [2024-03-18T08:06:18.338+0000] {example_python_decorator.py:79} WARNING - The virtalenv_python example task requires virtualenv, please install it.
[2024-03-18T08:06:18.339+0000] {processor.py:840} INFO - DAG(s) 'example_python_decorator' retrieved from /home/ubuntu/air_venv/lib/python3.10/site-packages/airflow/example_dags/example_python_decorator.py
[2024-03-18T08:06:18.359+0000] {logging_mixin.py:188} INFO - [2024-03-18T08:06:18.358+0000] {dag.py:3047} INFO - Sync 1 DAGs
[2024-03-18T08:06:18.375+0000] {logging_mixin.py:188} INFO - [2024-03-18T08:06:18.374+0000] {dag.py:3834} INFO - Setting next_dagrun for example_python_decorator to None, run_after=None
[2024-03-18T08:06:18.403+0000] {processor.py:183} INFO - Processing /home/ubuntu/air_venv/lib/python3.10/site-packages/airflow/example_dags/example_python_decorator.py took 0.084 seconds
[2024-03-18T08:07:22.613+0000] {processor.py:161} INFO - Started process (PID=7002) to work on /home/ubuntu/air_venv/lib/python3.10/site-packages/airflow/example_dags/example_python_decorator.py
[2024-03-18T08:07:22.615+0000] {processor.py:830} INFO - Processing file /home/ubuntu/air_venv/lib/python3.10/site-packages/airflow/example_dags/example_python_decorator.py for tasks to queue
[2024-03-18T08:07:22.616+0000] {logging_mixin.py:188} INFO - [2024-03-18T08:07:22.616+0000] {dagbag.py:540} INFO - Filling up the DagBag from /home/ubuntu/air_venv/lib/python3.10/site-packages/airflow/example_dags/example_python_decorator.py
[2024-03-18T08:07:22.627+0000] {logging_mixin.py:188} INFO - [2024-03-18T08:07:22.627+0000] {example_python_decorator.py:79} WARNING - The virtalenv_python example task requires virtualenv, please install it.
[2024-03-18T08:07:22.628+0000] {processor.py:840} INFO - DAG(s) 'example_python_decorator' retrieved from /home/ubuntu/air_venv/lib/python3.10/site-packages/airflow/example_dags/example_python_decorator.py
[2024-03-18T08:07:22.648+0000] {logging_mixin.py:188} INFO - [2024-03-18T08:07:22.648+0000] {dag.py:3047} INFO - Sync 1 DAGs
[2024-03-18T08:07:22.661+0000] {logging_mixin.py:188} INFO - [2024-03-18T08:07:22.660+0000] {dag.py:3834} INFO - Setting next_dagrun for example_python_decorator to None, run_after=None
[2024-03-18T08:07:22.686+0000] {processor.py:183} INFO - Processing /home/ubuntu/air_venv/lib/python3.10/site-packages/airflow/example_dags/example_python_decorator.py took 0.076 seconds
[2024-03-18T08:08:15.981+0000] {processor.py:161} INFO - Started process (PID=7233) to work on /home/ubuntu/air_venv/lib/python3.10/site-packages/airflow/example_dags/example_python_decorator.py
[2024-03-18T08:08:15.984+0000] {processor.py:830} INFO - Processing file /home/ubuntu/air_venv/lib/python3.10/site-packages/airflow/example_dags/example_python_decorator.py for tasks to queue
[2024-03-18T08:08:15.985+0000] {logging_mixin.py:188} INFO - [2024-03-18T08:08:15.985+0000] {dagbag.py:540} INFO - Filling up the DagBag from /home/ubuntu/air_venv/lib/python3.10/site-packages/airflow/example_dags/example_python_decorator.py
[2024-03-18T08:08:15.997+0000] {logging_mixin.py:188} INFO - [2024-03-18T08:08:15.996+0000] {example_python_decorator.py:79} WARNING - The virtalenv_python example task requires virtualenv, please install it.
[2024-03-18T08:08:15.997+0000] {processor.py:840} INFO - DAG(s) 'example_python_decorator' retrieved from /home/ubuntu/air_venv/lib/python3.10/site-packages/airflow/example_dags/example_python_decorator.py
[2024-03-18T08:08:16.017+0000] {logging_mixin.py:188} INFO - [2024-03-18T08:08:16.017+0000] {dag.py:3047} INFO - Sync 1 DAGs
[2024-03-18T08:08:16.030+0000] {logging_mixin.py:188} INFO - [2024-03-18T08:08:16.029+0000] {dag.py:3834} INFO - Setting next_dagrun for example_python_decorator to None, run_after=None
[2024-03-18T08:08:16.054+0000] {processor.py:183} INFO - Processing /home/ubuntu/air_venv/lib/python3.10/site-packages/airflow/example_dags/example_python_decorator.py took 0.076 seconds
[2024-03-18T08:09:04.243+0000] {processor.py:161} INFO - Started process (PID=7588) to work on /home/ubuntu/air_venv/lib/python3.10/site-packages/airflow/example_dags/example_python_decorator.py
[2024-03-18T08:09:04.291+0000] {processor.py:830} INFO - Processing file /home/ubuntu/air_venv/lib/python3.10/site-packages/airflow/example_dags/example_python_decorator.py for tasks to queue
[2024-03-18T08:09:04.292+0000] {logging_mixin.py:188} INFO - [2024-03-18T08:09:04.292+0000] {dagbag.py:540} INFO - Filling up the DagBag from /home/ubuntu/air_venv/lib/python3.10/site-packages/airflow/example_dags/example_python_decorator.py
[2024-03-18T08:09:04.394+0000] {logging_mixin.py:188} INFO - [2024-03-18T08:09:04.394+0000] {example_python_decorator.py:79} WARNING - The virtalenv_python example task requires virtualenv, please install it.
[2024-03-18T08:09:04.395+0000] {processor.py:840} INFO - DAG(s) 'example_python_decorator' retrieved from /home/ubuntu/air_venv/lib/python3.10/site-packages/airflow/example_dags/example_python_decorator.py
[2024-03-18T08:09:04.515+0000] {logging_mixin.py:188} INFO - [2024-03-18T08:09:04.514+0000] {dag.py:3047} INFO - Sync 1 DAGs
[2024-03-18T08:09:04.560+0000] {logging_mixin.py:188} INFO - [2024-03-18T08:09:04.560+0000] {dag.py:3834} INFO - Setting next_dagrun for example_python_decorator to None, run_after=None
[2024-03-18T08:09:04.762+0000] {processor.py:183} INFO - Processing /home/ubuntu/air_venv/lib/python3.10/site-packages/airflow/example_dags/example_python_decorator.py took 0.525 seconds
[2024-03-18T08:09:47.152+0000] {processor.py:161} INFO - Started process (PID=7994) to work on /home/ubuntu/air_venv/lib/python3.10/site-packages/airflow/example_dags/example_python_decorator.py
[2024-03-18T08:09:47.154+0000] {processor.py:830} INFO - Processing file /home/ubuntu/air_venv/lib/python3.10/site-packages/airflow/example_dags/example_python_decorator.py for tasks to queue
[2024-03-18T08:09:47.155+0000] {logging_mixin.py:188} INFO - [2024-03-18T08:09:47.154+0000] {dagbag.py:540} INFO - Filling up the DagBag from /home/ubuntu/air_venv/lib/python3.10/site-packages/airflow/example_dags/example_python_decorator.py
[2024-03-18T08:09:47.165+0000] {logging_mixin.py:188} INFO - [2024-03-18T08:09:47.165+0000] {example_python_decorator.py:79} WARNING - The virtalenv_python example task requires virtualenv, please install it.
[2024-03-18T08:09:47.166+0000] {processor.py:840} INFO - DAG(s) 'example_python_decorator' retrieved from /home/ubuntu/air_venv/lib/python3.10/site-packages/airflow/example_dags/example_python_decorator.py
[2024-03-18T08:09:47.185+0000] {logging_mixin.py:188} INFO - [2024-03-18T08:09:47.185+0000] {dag.py:3047} INFO - Sync 1 DAGs
[2024-03-18T08:09:47.199+0000] {logging_mixin.py:188} INFO - [2024-03-18T08:09:47.199+0000] {dag.py:3834} INFO - Setting next_dagrun for example_python_decorator to None, run_after=None
[2024-03-18T08:09:47.224+0000] {processor.py:183} INFO - Processing /home/ubuntu/air_venv/lib/python3.10/site-packages/airflow/example_dags/example_python_decorator.py took 0.076 seconds
[2024-03-18T08:10:28.594+0000] {processor.py:161} INFO - Started process (PID=8274) to work on /home/ubuntu/air_venv/lib/python3.10/site-packages/airflow/example_dags/example_python_decorator.py
[2024-03-18T08:10:28.596+0000] {processor.py:830} INFO - Processing file /home/ubuntu/air_venv/lib/python3.10/site-packages/airflow/example_dags/example_python_decorator.py for tasks to queue
[2024-03-18T08:10:28.597+0000] {logging_mixin.py:188} INFO - [2024-03-18T08:10:28.597+0000] {dagbag.py:540} INFO - Filling up the DagBag from /home/ubuntu/air_venv/lib/python3.10/site-packages/airflow/example_dags/example_python_decorator.py
[2024-03-18T08:10:28.608+0000] {logging_mixin.py:188} INFO - [2024-03-18T08:10:28.608+0000] {example_python_decorator.py:79} WARNING - The virtalenv_python example task requires virtualenv, please install it.
[2024-03-18T08:10:28.609+0000] {processor.py:840} INFO - DAG(s) 'example_python_decorator' retrieved from /home/ubuntu/air_venv/lib/python3.10/site-packages/airflow/example_dags/example_python_decorator.py
[2024-03-18T08:10:28.628+0000] {logging_mixin.py:188} INFO - [2024-03-18T08:10:28.627+0000] {dag.py:3047} INFO - Sync 1 DAGs
[2024-03-18T08:10:28.641+0000] {logging_mixin.py:188} INFO - [2024-03-18T08:10:28.640+0000] {dag.py:3834} INFO - Setting next_dagrun for example_python_decorator to None, run_after=None
[2024-03-18T08:10:28.665+0000] {processor.py:183} INFO - Processing /home/ubuntu/air_venv/lib/python3.10/site-packages/airflow/example_dags/example_python_decorator.py took 0.074 seconds
[2024-03-18T08:11:29.861+0000] {processor.py:161} INFO - Started process (PID=8816) to work on /home/ubuntu/air_venv/lib/python3.10/site-packages/airflow/example_dags/example_python_decorator.py
[2024-03-18T08:11:29.863+0000] {processor.py:830} INFO - Processing file /home/ubuntu/air_venv/lib/python3.10/site-packages/airflow/example_dags/example_python_decorator.py for tasks to queue
[2024-03-18T08:11:29.864+0000] {logging_mixin.py:188} INFO - [2024-03-18T08:11:29.864+0000] {dagbag.py:540} INFO - Filling up the DagBag from /home/ubuntu/air_venv/lib/python3.10/site-packages/airflow/example_dags/example_python_decorator.py
[2024-03-18T08:11:29.875+0000] {logging_mixin.py:188} INFO - [2024-03-18T08:11:29.875+0000] {example_python_decorator.py:79} WARNING - The virtalenv_python example task requires virtualenv, please install it.
[2024-03-18T08:11:29.876+0000] {processor.py:840} INFO - DAG(s) 'example_python_decorator' retrieved from /home/ubuntu/air_venv/lib/python3.10/site-packages/airflow/example_dags/example_python_decorator.py
[2024-03-18T08:11:29.895+0000] {logging_mixin.py:188} INFO - [2024-03-18T08:11:29.895+0000] {dag.py:3047} INFO - Sync 1 DAGs
[2024-03-18T08:11:29.908+0000] {logging_mixin.py:188} INFO - [2024-03-18T08:11:29.908+0000] {dag.py:3834} INFO - Setting next_dagrun for example_python_decorator to None, run_after=None
[2024-03-18T08:11:29.933+0000] {processor.py:183} INFO - Processing /home/ubuntu/air_venv/lib/python3.10/site-packages/airflow/example_dags/example_python_decorator.py took 0.076 seconds
[2024-03-18T08:12:30.149+0000] {processor.py:161} INFO - Started process (PID=9177) to work on /home/ubuntu/air_venv/lib/python3.10/site-packages/airflow/example_dags/example_python_decorator.py
[2024-03-18T08:12:30.151+0000] {processor.py:830} INFO - Processing file /home/ubuntu/air_venv/lib/python3.10/site-packages/airflow/example_dags/example_python_decorator.py for tasks to queue
[2024-03-18T08:12:30.152+0000] {logging_mixin.py:188} INFO - [2024-03-18T08:12:30.151+0000] {dagbag.py:540} INFO - Filling up the DagBag from /home/ubuntu/air_venv/lib/python3.10/site-packages/airflow/example_dags/example_python_decorator.py
[2024-03-18T08:12:30.163+0000] {logging_mixin.py:188} INFO - [2024-03-18T08:12:30.163+0000] {example_python_decorator.py:79} WARNING - The virtalenv_python example task requires virtualenv, please install it.
[2024-03-18T08:12:30.164+0000] {processor.py:840} INFO - DAG(s) 'example_python_decorator' retrieved from /home/ubuntu/air_venv/lib/python3.10/site-packages/airflow/example_dags/example_python_decorator.py
[2024-03-18T08:12:30.183+0000] {logging_mixin.py:188} INFO - [2024-03-18T08:12:30.183+0000] {dag.py:3047} INFO - Sync 1 DAGs
[2024-03-18T08:12:30.196+0000] {logging_mixin.py:188} INFO - [2024-03-18T08:12:30.196+0000] {dag.py:3834} INFO - Setting next_dagrun for example_python_decorator to None, run_after=None
[2024-03-18T08:12:30.221+0000] {processor.py:183} INFO - Processing /home/ubuntu/air_venv/lib/python3.10/site-packages/airflow/example_dags/example_python_decorator.py took 0.076 seconds
[2024-03-18T08:13:15.845+0000] {processor.py:161} INFO - Started process (PID=9462) to work on /home/ubuntu/air_venv/lib/python3.10/site-packages/airflow/example_dags/example_python_decorator.py
[2024-03-18T08:13:15.847+0000] {processor.py:830} INFO - Processing file /home/ubuntu/air_venv/lib/python3.10/site-packages/airflow/example_dags/example_python_decorator.py for tasks to queue
[2024-03-18T08:13:15.848+0000] {logging_mixin.py:188} INFO - [2024-03-18T08:13:15.847+0000] {dagbag.py:540} INFO - Filling up the DagBag from /home/ubuntu/air_venv/lib/python3.10/site-packages/airflow/example_dags/example_python_decorator.py
[2024-03-18T08:13:15.858+0000] {logging_mixin.py:188} INFO - [2024-03-18T08:13:15.858+0000] {example_python_decorator.py:79} WARNING - The virtalenv_python example task requires virtualenv, please install it.
[2024-03-18T08:13:15.859+0000] {processor.py:840} INFO - DAG(s) 'example_python_decorator' retrieved from /home/ubuntu/air_venv/lib/python3.10/site-packages/airflow/example_dags/example_python_decorator.py
[2024-03-18T08:13:15.878+0000] {logging_mixin.py:188} INFO - [2024-03-18T08:13:15.878+0000] {dag.py:3047} INFO - Sync 1 DAGs
[2024-03-18T08:13:15.890+0000] {logging_mixin.py:188} INFO - [2024-03-18T08:13:15.890+0000] {dag.py:3834} INFO - Setting next_dagrun for example_python_decorator to None, run_after=None
[2024-03-18T08:13:15.914+0000] {processor.py:183} INFO - Processing /home/ubuntu/air_venv/lib/python3.10/site-packages/airflow/example_dags/example_python_decorator.py took 0.073 seconds
[2024-03-18T08:13:57.317+0000] {processor.py:161} INFO - Started process (PID=9626) to work on /home/ubuntu/air_venv/lib/python3.10/site-packages/airflow/example_dags/example_python_decorator.py
[2024-03-18T08:13:57.319+0000] {processor.py:830} INFO - Processing file /home/ubuntu/air_venv/lib/python3.10/site-packages/airflow/example_dags/example_python_decorator.py for tasks to queue
[2024-03-18T08:13:57.321+0000] {logging_mixin.py:188} INFO - [2024-03-18T08:13:57.320+0000] {dagbag.py:540} INFO - Filling up the DagBag from /home/ubuntu/air_venv/lib/python3.10/site-packages/airflow/example_dags/example_python_decorator.py
[2024-03-18T08:13:57.331+0000] {logging_mixin.py:188} INFO - [2024-03-18T08:13:57.331+0000] {example_python_decorator.py:79} WARNING - The virtalenv_python example task requires virtualenv, please install it.
[2024-03-18T08:13:57.332+0000] {processor.py:840} INFO - DAG(s) 'example_python_decorator' retrieved from /home/ubuntu/air_venv/lib/python3.10/site-packages/airflow/example_dags/example_python_decorator.py
[2024-03-18T08:13:57.353+0000] {logging_mixin.py:188} INFO - [2024-03-18T08:13:57.352+0000] {dag.py:3047} INFO - Sync 1 DAGs
[2024-03-18T08:13:57.366+0000] {logging_mixin.py:188} INFO - [2024-03-18T08:13:57.365+0000] {dag.py:3834} INFO - Setting next_dagrun for example_python_decorator to None, run_after=None
[2024-03-18T08:13:57.392+0000] {processor.py:183} INFO - Processing /home/ubuntu/air_venv/lib/python3.10/site-packages/airflow/example_dags/example_python_decorator.py took 0.079 seconds
[2024-03-18T08:15:31.892+0000] {processor.py:161} INFO - Started process (PID=10504) to work on /home/ubuntu/air_venv/lib/python3.10/site-packages/airflow/example_dags/example_python_decorator.py
[2024-03-18T08:15:31.894+0000] {processor.py:830} INFO - Processing file /home/ubuntu/air_venv/lib/python3.10/site-packages/airflow/example_dags/example_python_decorator.py for tasks to queue
[2024-03-18T08:15:31.895+0000] {logging_mixin.py:188} INFO - [2024-03-18T08:15:31.895+0000] {dagbag.py:540} INFO - Filling up the DagBag from /home/ubuntu/air_venv/lib/python3.10/site-packages/airflow/example_dags/example_python_decorator.py
[2024-03-18T08:15:31.906+0000] {logging_mixin.py:188} INFO - [2024-03-18T08:15:31.905+0000] {example_python_decorator.py:79} WARNING - The virtalenv_python example task requires virtualenv, please install it.
[2024-03-18T08:15:31.906+0000] {processor.py:840} INFO - DAG(s) 'example_python_decorator' retrieved from /home/ubuntu/air_venv/lib/python3.10/site-packages/airflow/example_dags/example_python_decorator.py
[2024-03-18T08:15:31.926+0000] {logging_mixin.py:188} INFO - [2024-03-18T08:15:31.926+0000] {dag.py:3047} INFO - Sync 1 DAGs
[2024-03-18T08:15:31.940+0000] {logging_mixin.py:188} INFO - [2024-03-18T08:15:31.940+0000] {dag.py:3834} INFO - Setting next_dagrun for example_python_decorator to None, run_after=None
[2024-03-18T08:15:31.966+0000] {processor.py:183} INFO - Processing /home/ubuntu/air_venv/lib/python3.10/site-packages/airflow/example_dags/example_python_decorator.py took 0.077 seconds
[2024-03-18T08:16:24.523+0000] {processor.py:161} INFO - Started process (PID=11120) to work on /home/ubuntu/air_venv/lib/python3.10/site-packages/airflow/example_dags/example_python_decorator.py
[2024-03-18T08:16:24.525+0000] {processor.py:830} INFO - Processing file /home/ubuntu/air_venv/lib/python3.10/site-packages/airflow/example_dags/example_python_decorator.py for tasks to queue
[2024-03-18T08:16:24.526+0000] {logging_mixin.py:188} INFO - [2024-03-18T08:16:24.526+0000] {dagbag.py:540} INFO - Filling up the DagBag from /home/ubuntu/air_venv/lib/python3.10/site-packages/airflow/example_dags/example_python_decorator.py
[2024-03-18T08:16:24.537+0000] {logging_mixin.py:188} INFO - [2024-03-18T08:16:24.536+0000] {example_python_decorator.py:79} WARNING - The virtalenv_python example task requires virtualenv, please install it.
[2024-03-18T08:16:24.538+0000] {processor.py:840} INFO - DAG(s) 'example_python_decorator' retrieved from /home/ubuntu/air_venv/lib/python3.10/site-packages/airflow/example_dags/example_python_decorator.py
[2024-03-18T08:16:24.557+0000] {logging_mixin.py:188} INFO - [2024-03-18T08:16:24.557+0000] {dag.py:3047} INFO - Sync 1 DAGs
[2024-03-18T08:16:24.570+0000] {logging_mixin.py:188} INFO - [2024-03-18T08:16:24.570+0000] {dag.py:3834} INFO - Setting next_dagrun for example_python_decorator to None, run_after=None
[2024-03-18T08:16:24.596+0000] {processor.py:183} INFO - Processing /home/ubuntu/air_venv/lib/python3.10/site-packages/airflow/example_dags/example_python_decorator.py took 0.077 seconds
[2024-03-18T08:17:14.609+0000] {processor.py:161} INFO - Started process (PID=11771) to work on /home/ubuntu/air_venv/lib/python3.10/site-packages/airflow/example_dags/example_python_decorator.py
[2024-03-18T08:17:14.611+0000] {processor.py:830} INFO - Processing file /home/ubuntu/air_venv/lib/python3.10/site-packages/airflow/example_dags/example_python_decorator.py for tasks to queue
[2024-03-18T08:17:14.612+0000] {logging_mixin.py:188} INFO - [2024-03-18T08:17:14.612+0000] {dagbag.py:540} INFO - Filling up the DagBag from /home/ubuntu/air_venv/lib/python3.10/site-packages/airflow/example_dags/example_python_decorator.py
[2024-03-18T08:17:14.623+0000] {logging_mixin.py:188} INFO - [2024-03-18T08:17:14.623+0000] {example_python_decorator.py:79} WARNING - The virtalenv_python example task requires virtualenv, please install it.
[2024-03-18T08:17:14.624+0000] {processor.py:840} INFO - DAG(s) 'example_python_decorator' retrieved from /home/ubuntu/air_venv/lib/python3.10/site-packages/airflow/example_dags/example_python_decorator.py
[2024-03-18T08:17:14.643+0000] {logging_mixin.py:188} INFO - [2024-03-18T08:17:14.643+0000] {dag.py:3047} INFO - Sync 1 DAGs
[2024-03-18T08:17:14.656+0000] {logging_mixin.py:188} INFO - [2024-03-18T08:17:14.655+0000] {dag.py:3834} INFO - Setting next_dagrun for example_python_decorator to None, run_after=None
[2024-03-18T08:17:14.681+0000] {processor.py:183} INFO - Processing /home/ubuntu/air_venv/lib/python3.10/site-packages/airflow/example_dags/example_python_decorator.py took 0.076 seconds
[2024-03-18T08:18:18.664+0000] {processor.py:161} INFO - Started process (PID=12470) to work on /home/ubuntu/air_venv/lib/python3.10/site-packages/airflow/example_dags/example_python_decorator.py
[2024-03-18T08:18:18.666+0000] {processor.py:830} INFO - Processing file /home/ubuntu/air_venv/lib/python3.10/site-packages/airflow/example_dags/example_python_decorator.py for tasks to queue
[2024-03-18T08:18:18.667+0000] {logging_mixin.py:188} INFO - [2024-03-18T08:18:18.667+0000] {dagbag.py:540} INFO - Filling up the DagBag from /home/ubuntu/air_venv/lib/python3.10/site-packages/airflow/example_dags/example_python_decorator.py
[2024-03-18T08:18:18.678+0000] {logging_mixin.py:188} INFO - [2024-03-18T08:18:18.677+0000] {example_python_decorator.py:79} WARNING - The virtalenv_python example task requires virtualenv, please install it.
[2024-03-18T08:18:18.679+0000] {processor.py:840} INFO - DAG(s) 'example_python_decorator' retrieved from /home/ubuntu/air_venv/lib/python3.10/site-packages/airflow/example_dags/example_python_decorator.py
[2024-03-18T08:18:18.698+0000] {logging_mixin.py:188} INFO - [2024-03-18T08:18:18.698+0000] {dag.py:3047} INFO - Sync 1 DAGs
[2024-03-18T08:18:18.711+0000] {logging_mixin.py:188} INFO - [2024-03-18T08:18:18.711+0000] {dag.py:3834} INFO - Setting next_dagrun for example_python_decorator to None, run_after=None
[2024-03-18T08:18:18.735+0000] {processor.py:183} INFO - Processing /home/ubuntu/air_venv/lib/python3.10/site-packages/airflow/example_dags/example_python_decorator.py took 0.075 seconds
[2024-03-18T08:19:11.497+0000] {processor.py:161} INFO - Started process (PID=12700) to work on /home/ubuntu/air_venv/lib/python3.10/site-packages/airflow/example_dags/example_python_decorator.py
[2024-03-18T08:19:11.499+0000] {processor.py:830} INFO - Processing file /home/ubuntu/air_venv/lib/python3.10/site-packages/airflow/example_dags/example_python_decorator.py for tasks to queue
[2024-03-18T08:19:11.501+0000] {logging_mixin.py:188} INFO - [2024-03-18T08:19:11.500+0000] {dagbag.py:540} INFO - Filling up the DagBag from /home/ubuntu/air_venv/lib/python3.10/site-packages/airflow/example_dags/example_python_decorator.py
[2024-03-18T08:19:11.512+0000] {logging_mixin.py:188} INFO - [2024-03-18T08:19:11.512+0000] {example_python_decorator.py:79} WARNING - The virtalenv_python example task requires virtualenv, please install it.
[2024-03-18T08:19:11.513+0000] {processor.py:840} INFO - DAG(s) 'example_python_decorator' retrieved from /home/ubuntu/air_venv/lib/python3.10/site-packages/airflow/example_dags/example_python_decorator.py
[2024-03-18T08:19:11.532+0000] {logging_mixin.py:188} INFO - [2024-03-18T08:19:11.532+0000] {dag.py:3047} INFO - Sync 1 DAGs
[2024-03-18T08:19:11.545+0000] {logging_mixin.py:188} INFO - [2024-03-18T08:19:11.545+0000] {dag.py:3834} INFO - Setting next_dagrun for example_python_decorator to None, run_after=None
[2024-03-18T08:19:11.573+0000] {processor.py:183} INFO - Processing /home/ubuntu/air_venv/lib/python3.10/site-packages/airflow/example_dags/example_python_decorator.py took 0.079 seconds
[2024-03-18T08:20:07.119+0000] {processor.py:161} INFO - Started process (PID=13174) to work on /home/ubuntu/air_venv/lib/python3.10/site-packages/airflow/example_dags/example_python_decorator.py
[2024-03-18T08:20:07.121+0000] {processor.py:830} INFO - Processing file /home/ubuntu/air_venv/lib/python3.10/site-packages/airflow/example_dags/example_python_decorator.py for tasks to queue
[2024-03-18T08:20:07.124+0000] {logging_mixin.py:188} INFO - [2024-03-18T08:20:07.123+0000] {dagbag.py:540} INFO - Filling up the DagBag from /home/ubuntu/air_venv/lib/python3.10/site-packages/airflow/example_dags/example_python_decorator.py
[2024-03-18T08:20:07.148+0000] {logging_mixin.py:188} INFO - [2024-03-18T08:20:07.148+0000] {example_python_decorator.py:79} WARNING - The virtalenv_python example task requires virtualenv, please install it.
[2024-03-18T08:20:07.151+0000] {processor.py:840} INFO - DAG(s) 'example_python_decorator' retrieved from /home/ubuntu/air_venv/lib/python3.10/site-packages/airflow/example_dags/example_python_decorator.py
[2024-03-18T08:20:07.367+0000] {logging_mixin.py:188} INFO - [2024-03-18T08:20:07.367+0000] {dag.py:3047} INFO - Sync 1 DAGs
[2024-03-18T08:20:07.388+0000] {logging_mixin.py:188} INFO - [2024-03-18T08:20:07.382+0000] {dag.py:3834} INFO - Setting next_dagrun for example_python_decorator to None, run_after=None
[2024-03-18T08:20:07.478+0000] {processor.py:183} INFO - Processing /home/ubuntu/air_venv/lib/python3.10/site-packages/airflow/example_dags/example_python_decorator.py took 0.365 seconds
[2024-03-18T08:21:08.817+0000] {processor.py:161} INFO - Started process (PID=13532) to work on /home/ubuntu/air_venv/lib/python3.10/site-packages/airflow/example_dags/example_python_decorator.py
[2024-03-18T08:21:08.818+0000] {processor.py:830} INFO - Processing file /home/ubuntu/air_venv/lib/python3.10/site-packages/airflow/example_dags/example_python_decorator.py for tasks to queue
[2024-03-18T08:21:08.819+0000] {logging_mixin.py:188} INFO - [2024-03-18T08:21:08.819+0000] {dagbag.py:540} INFO - Filling up the DagBag from /home/ubuntu/air_venv/lib/python3.10/site-packages/airflow/example_dags/example_python_decorator.py
[2024-03-18T08:21:08.830+0000] {logging_mixin.py:188} INFO - [2024-03-18T08:21:08.830+0000] {example_python_decorator.py:79} WARNING - The virtalenv_python example task requires virtualenv, please install it.
[2024-03-18T08:21:08.831+0000] {processor.py:840} INFO - DAG(s) 'example_python_decorator' retrieved from /home/ubuntu/air_venv/lib/python3.10/site-packages/airflow/example_dags/example_python_decorator.py
[2024-03-18T08:21:08.850+0000] {logging_mixin.py:188} INFO - [2024-03-18T08:21:08.850+0000] {dag.py:3047} INFO - Sync 1 DAGs
[2024-03-18T08:21:08.863+0000] {logging_mixin.py:188} INFO - [2024-03-18T08:21:08.862+0000] {dag.py:3834} INFO - Setting next_dagrun for example_python_decorator to None, run_after=None
[2024-03-18T08:21:08.887+0000] {processor.py:183} INFO - Processing /home/ubuntu/air_venv/lib/python3.10/site-packages/airflow/example_dags/example_python_decorator.py took 0.074 seconds
[2024-03-18T08:21:57.900+0000] {processor.py:161} INFO - Started process (PID=13762) to work on /home/ubuntu/air_venv/lib/python3.10/site-packages/airflow/example_dags/example_python_decorator.py
[2024-03-18T08:21:57.902+0000] {processor.py:830} INFO - Processing file /home/ubuntu/air_venv/lib/python3.10/site-packages/airflow/example_dags/example_python_decorator.py for tasks to queue
[2024-03-18T08:21:57.903+0000] {logging_mixin.py:188} INFO - [2024-03-18T08:21:57.902+0000] {dagbag.py:540} INFO - Filling up the DagBag from /home/ubuntu/air_venv/lib/python3.10/site-packages/airflow/example_dags/example_python_decorator.py
[2024-03-18T08:21:57.913+0000] {logging_mixin.py:188} INFO - [2024-03-18T08:21:57.913+0000] {example_python_decorator.py:79} WARNING - The virtalenv_python example task requires virtualenv, please install it.
[2024-03-18T08:21:57.914+0000] {processor.py:840} INFO - DAG(s) 'example_python_decorator' retrieved from /home/ubuntu/air_venv/lib/python3.10/site-packages/airflow/example_dags/example_python_decorator.py
[2024-03-18T08:21:57.932+0000] {logging_mixin.py:188} INFO - [2024-03-18T08:21:57.932+0000] {dag.py:3047} INFO - Sync 1 DAGs
[2024-03-18T08:21:57.946+0000] {logging_mixin.py:188} INFO - [2024-03-18T08:21:57.945+0000] {dag.py:3834} INFO - Setting next_dagrun for example_python_decorator to None, run_after=None
[2024-03-18T08:21:57.970+0000] {processor.py:183} INFO - Processing /home/ubuntu/air_venv/lib/python3.10/site-packages/airflow/example_dags/example_python_decorator.py took 0.073 seconds
[2024-03-18T08:22:56.201+0000] {processor.py:161} INFO - Started process (PID=14145) to work on /home/ubuntu/air_venv/lib/python3.10/site-packages/airflow/example_dags/example_python_decorator.py
[2024-03-18T08:22:56.203+0000] {processor.py:830} INFO - Processing file /home/ubuntu/air_venv/lib/python3.10/site-packages/airflow/example_dags/example_python_decorator.py for tasks to queue
[2024-03-18T08:22:56.204+0000] {logging_mixin.py:188} INFO - [2024-03-18T08:22:56.203+0000] {dagbag.py:540} INFO - Filling up the DagBag from /home/ubuntu/air_venv/lib/python3.10/site-packages/airflow/example_dags/example_python_decorator.py
[2024-03-18T08:22:56.214+0000] {logging_mixin.py:188} INFO - [2024-03-18T08:22:56.214+0000] {example_python_decorator.py:79} WARNING - The virtalenv_python example task requires virtualenv, please install it.
[2024-03-18T08:22:56.215+0000] {processor.py:840} INFO - DAG(s) 'example_python_decorator' retrieved from /home/ubuntu/air_venv/lib/python3.10/site-packages/airflow/example_dags/example_python_decorator.py
[2024-03-18T08:22:56.234+0000] {logging_mixin.py:188} INFO - [2024-03-18T08:22:56.233+0000] {dag.py:3047} INFO - Sync 1 DAGs
[2024-03-18T08:22:56.246+0000] {logging_mixin.py:188} INFO - [2024-03-18T08:22:56.246+0000] {dag.py:3834} INFO - Setting next_dagrun for example_python_decorator to None, run_after=None
[2024-03-18T08:22:56.271+0000] {processor.py:183} INFO - Processing /home/ubuntu/air_venv/lib/python3.10/site-packages/airflow/example_dags/example_python_decorator.py took 0.074 seconds
[2024-03-18T08:23:57.229+0000] {processor.py:161} INFO - Started process (PID=14640) to work on /home/ubuntu/air_venv/lib/python3.10/site-packages/airflow/example_dags/example_python_decorator.py
[2024-03-18T08:23:57.231+0000] {processor.py:830} INFO - Processing file /home/ubuntu/air_venv/lib/python3.10/site-packages/airflow/example_dags/example_python_decorator.py for tasks to queue
[2024-03-18T08:23:57.232+0000] {logging_mixin.py:188} INFO - [2024-03-18T08:23:57.232+0000] {dagbag.py:540} INFO - Filling up the DagBag from /home/ubuntu/air_venv/lib/python3.10/site-packages/airflow/example_dags/example_python_decorator.py
[2024-03-18T08:23:57.243+0000] {logging_mixin.py:188} INFO - [2024-03-18T08:23:57.243+0000] {example_python_decorator.py:79} WARNING - The virtalenv_python example task requires virtualenv, please install it.
[2024-03-18T08:23:57.244+0000] {processor.py:840} INFO - DAG(s) 'example_python_decorator' retrieved from /home/ubuntu/air_venv/lib/python3.10/site-packages/airflow/example_dags/example_python_decorator.py
[2024-03-18T08:23:57.264+0000] {logging_mixin.py:188} INFO - [2024-03-18T08:23:57.263+0000] {dag.py:3047} INFO - Sync 1 DAGs
[2024-03-18T08:23:57.292+0000] {logging_mixin.py:188} INFO - [2024-03-18T08:23:57.292+0000] {dag.py:3834} INFO - Setting next_dagrun for example_python_decorator to None, run_after=None
[2024-03-18T08:23:57.318+0000] {processor.py:183} INFO - Processing /home/ubuntu/air_venv/lib/python3.10/site-packages/airflow/example_dags/example_python_decorator.py took 0.092 seconds
[2024-03-18T08:24:53.847+0000] {processor.py:161} INFO - Started process (PID=15076) to work on /home/ubuntu/air_venv/lib/python3.10/site-packages/airflow/example_dags/example_python_decorator.py
[2024-03-18T08:24:53.849+0000] {processor.py:830} INFO - Processing file /home/ubuntu/air_venv/lib/python3.10/site-packages/airflow/example_dags/example_python_decorator.py for tasks to queue
[2024-03-18T08:24:53.850+0000] {logging_mixin.py:188} INFO - [2024-03-18T08:24:53.850+0000] {dagbag.py:540} INFO - Filling up the DagBag from /home/ubuntu/air_venv/lib/python3.10/site-packages/airflow/example_dags/example_python_decorator.py
[2024-03-18T08:24:53.861+0000] {logging_mixin.py:188} INFO - [2024-03-18T08:24:53.861+0000] {example_python_decorator.py:79} WARNING - The virtalenv_python example task requires virtualenv, please install it.
[2024-03-18T08:24:53.862+0000] {processor.py:840} INFO - DAG(s) 'example_python_decorator' retrieved from /home/ubuntu/air_venv/lib/python3.10/site-packages/airflow/example_dags/example_python_decorator.py
[2024-03-18T08:24:53.880+0000] {logging_mixin.py:188} INFO - [2024-03-18T08:24:53.880+0000] {dag.py:3047} INFO - Sync 1 DAGs
[2024-03-18T08:24:53.893+0000] {logging_mixin.py:188} INFO - [2024-03-18T08:24:53.892+0000] {dag.py:3834} INFO - Setting next_dagrun for example_python_decorator to None, run_after=None
[2024-03-18T08:24:53.917+0000] {processor.py:183} INFO - Processing /home/ubuntu/air_venv/lib/python3.10/site-packages/airflow/example_dags/example_python_decorator.py took 0.074 seconds
[2024-03-18T08:25:37.198+0000] {processor.py:161} INFO - Started process (PID=15295) to work on /home/ubuntu/air_venv/lib/python3.10/site-packages/airflow/example_dags/example_python_decorator.py
[2024-03-18T08:25:37.200+0000] {processor.py:830} INFO - Processing file /home/ubuntu/air_venv/lib/python3.10/site-packages/airflow/example_dags/example_python_decorator.py for tasks to queue
[2024-03-18T08:25:37.201+0000] {logging_mixin.py:188} INFO - [2024-03-18T08:25:37.200+0000] {dagbag.py:540} INFO - Filling up the DagBag from /home/ubuntu/air_venv/lib/python3.10/site-packages/airflow/example_dags/example_python_decorator.py
[2024-03-18T08:25:37.212+0000] {logging_mixin.py:188} INFO - [2024-03-18T08:25:37.211+0000] {example_python_decorator.py:79} WARNING - The virtalenv_python example task requires virtualenv, please install it.
[2024-03-18T08:25:37.212+0000] {processor.py:840} INFO - DAG(s) 'example_python_decorator' retrieved from /home/ubuntu/air_venv/lib/python3.10/site-packages/airflow/example_dags/example_python_decorator.py
[2024-03-18T08:25:37.232+0000] {logging_mixin.py:188} INFO - [2024-03-18T08:25:37.231+0000] {dag.py:3047} INFO - Sync 1 DAGs
[2024-03-18T08:25:37.245+0000] {logging_mixin.py:188} INFO - [2024-03-18T08:25:37.245+0000] {dag.py:3834} INFO - Setting next_dagrun for example_python_decorator to None, run_after=None
[2024-03-18T08:25:37.272+0000] {processor.py:183} INFO - Processing /home/ubuntu/air_venv/lib/python3.10/site-packages/airflow/example_dags/example_python_decorator.py took 0.078 seconds
[2024-03-18T08:26:20.774+0000] {processor.py:161} INFO - Started process (PID=15398) to work on /home/ubuntu/air_venv/lib/python3.10/site-packages/airflow/example_dags/example_python_decorator.py
[2024-03-18T08:26:20.776+0000] {processor.py:830} INFO - Processing file /home/ubuntu/air_venv/lib/python3.10/site-packages/airflow/example_dags/example_python_decorator.py for tasks to queue
[2024-03-18T08:26:20.778+0000] {logging_mixin.py:188} INFO - [2024-03-18T08:26:20.777+0000] {dagbag.py:540} INFO - Filling up the DagBag from /home/ubuntu/air_venv/lib/python3.10/site-packages/airflow/example_dags/example_python_decorator.py
[2024-03-18T08:26:20.788+0000] {logging_mixin.py:188} INFO - [2024-03-18T08:26:20.788+0000] {example_python_decorator.py:79} WARNING - The virtalenv_python example task requires virtualenv, please install it.
[2024-03-18T08:26:20.789+0000] {processor.py:840} INFO - DAG(s) 'example_python_decorator' retrieved from /home/ubuntu/air_venv/lib/python3.10/site-packages/airflow/example_dags/example_python_decorator.py
[2024-03-18T08:26:20.808+0000] {logging_mixin.py:188} INFO - [2024-03-18T08:26:20.808+0000] {dag.py:3047} INFO - Sync 1 DAGs
[2024-03-18T08:26:20.821+0000] {logging_mixin.py:188} INFO - [2024-03-18T08:26:20.820+0000] {dag.py:3834} INFO - Setting next_dagrun for example_python_decorator to None, run_after=None
[2024-03-18T08:26:20.845+0000] {processor.py:183} INFO - Processing /home/ubuntu/air_venv/lib/python3.10/site-packages/airflow/example_dags/example_python_decorator.py took 0.074 seconds
[2024-03-18T08:27:21.039+0000] {processor.py:161} INFO - Started process (PID=15518) to work on /home/ubuntu/air_venv/lib/python3.10/site-packages/airflow/example_dags/example_python_decorator.py
[2024-03-18T08:27:21.041+0000] {processor.py:830} INFO - Processing file /home/ubuntu/air_venv/lib/python3.10/site-packages/airflow/example_dags/example_python_decorator.py for tasks to queue
[2024-03-18T08:27:21.042+0000] {logging_mixin.py:188} INFO - [2024-03-18T08:27:21.042+0000] {dagbag.py:540} INFO - Filling up the DagBag from /home/ubuntu/air_venv/lib/python3.10/site-packages/airflow/example_dags/example_python_decorator.py
[2024-03-18T08:27:21.054+0000] {logging_mixin.py:188} INFO - [2024-03-18T08:27:21.053+0000] {example_python_decorator.py:79} WARNING - The virtalenv_python example task requires virtualenv, please install it.
[2024-03-18T08:27:21.054+0000] {processor.py:840} INFO - DAG(s) 'example_python_decorator' retrieved from /home/ubuntu/air_venv/lib/python3.10/site-packages/airflow/example_dags/example_python_decorator.py
[2024-03-18T08:27:21.074+0000] {logging_mixin.py:188} INFO - [2024-03-18T08:27:21.073+0000] {dag.py:3047} INFO - Sync 1 DAGs
[2024-03-18T08:27:21.086+0000] {logging_mixin.py:188} INFO - [2024-03-18T08:27:21.086+0000] {dag.py:3834} INFO - Setting next_dagrun for example_python_decorator to None, run_after=None
[2024-03-18T08:27:21.114+0000] {processor.py:183} INFO - Processing /home/ubuntu/air_venv/lib/python3.10/site-packages/airflow/example_dags/example_python_decorator.py took 0.078 seconds
[2024-03-18T08:28:04.311+0000] {processor.py:161} INFO - Started process (PID=15620) to work on /home/ubuntu/air_venv/lib/python3.10/site-packages/airflow/example_dags/example_python_decorator.py
[2024-03-18T08:28:04.313+0000] {processor.py:830} INFO - Processing file /home/ubuntu/air_venv/lib/python3.10/site-packages/airflow/example_dags/example_python_decorator.py for tasks to queue
[2024-03-18T08:28:04.314+0000] {logging_mixin.py:188} INFO - [2024-03-18T08:28:04.314+0000] {dagbag.py:540} INFO - Filling up the DagBag from /home/ubuntu/air_venv/lib/python3.10/site-packages/airflow/example_dags/example_python_decorator.py
[2024-03-18T08:28:04.349+0000] {logging_mixin.py:188} INFO - [2024-03-18T08:28:04.349+0000] {example_python_decorator.py:79} WARNING - The virtalenv_python example task requires virtualenv, please install it.
[2024-03-18T08:28:04.350+0000] {processor.py:840} INFO - DAG(s) 'example_python_decorator' retrieved from /home/ubuntu/air_venv/lib/python3.10/site-packages/airflow/example_dags/example_python_decorator.py
[2024-03-18T08:28:04.372+0000] {logging_mixin.py:188} INFO - [2024-03-18T08:28:04.371+0000] {dag.py:3047} INFO - Sync 1 DAGs
[2024-03-18T08:28:04.386+0000] {logging_mixin.py:188} INFO - [2024-03-18T08:28:04.385+0000] {dag.py:3834} INFO - Setting next_dagrun for example_python_decorator to None, run_after=None
[2024-03-18T08:28:04.428+0000] {processor.py:183} INFO - Processing /home/ubuntu/air_venv/lib/python3.10/site-packages/airflow/example_dags/example_python_decorator.py took 0.152 seconds
[2024-03-18T08:29:07.455+0000] {processor.py:161} INFO - Started process (PID=15741) to work on /home/ubuntu/air_venv/lib/python3.10/site-packages/airflow/example_dags/example_python_decorator.py
[2024-03-18T08:29:07.457+0000] {processor.py:830} INFO - Processing file /home/ubuntu/air_venv/lib/python3.10/site-packages/airflow/example_dags/example_python_decorator.py for tasks to queue
[2024-03-18T08:29:07.458+0000] {logging_mixin.py:188} INFO - [2024-03-18T08:29:07.458+0000] {dagbag.py:540} INFO - Filling up the DagBag from /home/ubuntu/air_venv/lib/python3.10/site-packages/airflow/example_dags/example_python_decorator.py
[2024-03-18T08:29:07.469+0000] {logging_mixin.py:188} INFO - [2024-03-18T08:29:07.469+0000] {example_python_decorator.py:79} WARNING - The virtalenv_python example task requires virtualenv, please install it.
[2024-03-18T08:29:07.470+0000] {processor.py:840} INFO - DAG(s) 'example_python_decorator' retrieved from /home/ubuntu/air_venv/lib/python3.10/site-packages/airflow/example_dags/example_python_decorator.py
[2024-03-18T08:29:07.488+0000] {logging_mixin.py:188} INFO - [2024-03-18T08:29:07.488+0000] {dag.py:3047} INFO - Sync 1 DAGs
[2024-03-18T08:29:07.501+0000] {logging_mixin.py:188} INFO - [2024-03-18T08:29:07.500+0000] {dag.py:3834} INFO - Setting next_dagrun for example_python_decorator to None, run_after=None
[2024-03-18T08:29:07.526+0000] {processor.py:183} INFO - Processing /home/ubuntu/air_venv/lib/python3.10/site-packages/airflow/example_dags/example_python_decorator.py took 0.074 seconds
