[2024-03-18T08:00:25.563+0000] {processor.py:161} INFO - Started process (PID=3109) to work on /home/ubuntu/air_venv/lib/python3.10/site-packages/airflow/example_dags/example_kubernetes_executor.py
[2024-03-18T08:00:25.565+0000] {processor.py:830} INFO - Processing file /home/ubuntu/air_venv/lib/python3.10/site-packages/airflow/example_dags/example_kubernetes_executor.py for tasks to queue
[2024-03-18T08:00:25.566+0000] {logging_mixin.py:188} INFO - [2024-03-18T08:00:25.565+0000] {dagbag.py:540} INFO - Filling up the DagBag from /home/ubuntu/air_venv/lib/python3.10/site-packages/airflow/example_dags/example_kubernetes_executor.py
[2024-03-18T08:00:25.569+0000] {logging_mixin.py:188} INFO - [2024-03-18T08:00:25.569+0000] {example_kubernetes_executor.py:38} WARNING - The example_kubernetes_executor example DAG requires the kubernetes provider. Please install it with: pip install apache-airflow[cncf.kubernetes]
[2024-03-18T08:00:25.570+0000] {processor.py:842} WARNING - No viable dags retrieved from /home/ubuntu/air_venv/lib/python3.10/site-packages/airflow/example_dags/example_kubernetes_executor.py
[2024-03-18T08:00:25.581+0000] {processor.py:183} INFO - Processing /home/ubuntu/air_venv/lib/python3.10/site-packages/airflow/example_dags/example_kubernetes_executor.py took 0.022 seconds
[2024-03-18T08:01:20.881+0000] {processor.py:161} INFO - Started process (PID=3523) to work on /home/ubuntu/air_venv/lib/python3.10/site-packages/airflow/example_dags/example_kubernetes_executor.py
[2024-03-18T08:01:20.883+0000] {processor.py:830} INFO - Processing file /home/ubuntu/air_venv/lib/python3.10/site-packages/airflow/example_dags/example_kubernetes_executor.py for tasks to queue
[2024-03-18T08:01:20.884+0000] {logging_mixin.py:188} INFO - [2024-03-18T08:01:20.884+0000] {dagbag.py:540} INFO - Filling up the DagBag from /home/ubuntu/air_venv/lib/python3.10/site-packages/airflow/example_dags/example_kubernetes_executor.py
[2024-03-18T08:01:20.888+0000] {logging_mixin.py:188} INFO - [2024-03-18T08:01:20.888+0000] {example_kubernetes_executor.py:38} WARNING - The example_kubernetes_executor example DAG requires the kubernetes provider. Please install it with: pip install apache-airflow[cncf.kubernetes]
[2024-03-18T08:01:20.888+0000] {processor.py:842} WARNING - No viable dags retrieved from /home/ubuntu/air_venv/lib/python3.10/site-packages/airflow/example_dags/example_kubernetes_executor.py
[2024-03-18T08:01:20.899+0000] {processor.py:183} INFO - Processing /home/ubuntu/air_venv/lib/python3.10/site-packages/airflow/example_dags/example_kubernetes_executor.py took 0.022 seconds
[2024-03-18T08:02:15.816+0000] {processor.py:161} INFO - Started process (PID=4113) to work on /home/ubuntu/air_venv/lib/python3.10/site-packages/airflow/example_dags/example_kubernetes_executor.py
[2024-03-18T08:02:15.818+0000] {processor.py:830} INFO - Processing file /home/ubuntu/air_venv/lib/python3.10/site-packages/airflow/example_dags/example_kubernetes_executor.py for tasks to queue
[2024-03-18T08:02:15.819+0000] {logging_mixin.py:188} INFO - [2024-03-18T08:02:15.819+0000] {dagbag.py:540} INFO - Filling up the DagBag from /home/ubuntu/air_venv/lib/python3.10/site-packages/airflow/example_dags/example_kubernetes_executor.py
[2024-03-18T08:02:15.824+0000] {logging_mixin.py:188} INFO - [2024-03-18T08:02:15.824+0000] {example_kubernetes_executor.py:38} WARNING - The example_kubernetes_executor example DAG requires the kubernetes provider. Please install it with: pip install apache-airflow[cncf.kubernetes]
[2024-03-18T08:02:15.825+0000] {processor.py:842} WARNING - No viable dags retrieved from /home/ubuntu/air_venv/lib/python3.10/site-packages/airflow/example_dags/example_kubernetes_executor.py
[2024-03-18T08:02:15.836+0000] {processor.py:183} INFO - Processing /home/ubuntu/air_venv/lib/python3.10/site-packages/airflow/example_dags/example_kubernetes_executor.py took 0.024 seconds
[2024-03-18T08:03:10.966+0000] {processor.py:161} INFO - Started process (PID=4464) to work on /home/ubuntu/air_venv/lib/python3.10/site-packages/airflow/example_dags/example_kubernetes_executor.py
[2024-03-18T08:03:10.968+0000] {processor.py:830} INFO - Processing file /home/ubuntu/air_venv/lib/python3.10/site-packages/airflow/example_dags/example_kubernetes_executor.py for tasks to queue
[2024-03-18T08:03:10.969+0000] {logging_mixin.py:188} INFO - [2024-03-18T08:03:10.968+0000] {dagbag.py:540} INFO - Filling up the DagBag from /home/ubuntu/air_venv/lib/python3.10/site-packages/airflow/example_dags/example_kubernetes_executor.py
[2024-03-18T08:03:10.973+0000] {logging_mixin.py:188} INFO - [2024-03-18T08:03:10.972+0000] {example_kubernetes_executor.py:38} WARNING - The example_kubernetes_executor example DAG requires the kubernetes provider. Please install it with: pip install apache-airflow[cncf.kubernetes]
[2024-03-18T08:03:10.973+0000] {processor.py:842} WARNING - No viable dags retrieved from /home/ubuntu/air_venv/lib/python3.10/site-packages/airflow/example_dags/example_kubernetes_executor.py
[2024-03-18T08:03:10.984+0000] {processor.py:183} INFO - Processing /home/ubuntu/air_venv/lib/python3.10/site-packages/airflow/example_dags/example_kubernetes_executor.py took 0.022 seconds
[2024-03-18T08:04:16.291+0000] {processor.py:161} INFO - Started process (PID=4975) to work on /home/ubuntu/air_venv/lib/python3.10/site-packages/airflow/example_dags/example_kubernetes_executor.py
[2024-03-18T08:04:16.293+0000] {processor.py:830} INFO - Processing file /home/ubuntu/air_venv/lib/python3.10/site-packages/airflow/example_dags/example_kubernetes_executor.py for tasks to queue
[2024-03-18T08:04:16.294+0000] {logging_mixin.py:188} INFO - [2024-03-18T08:04:16.294+0000] {dagbag.py:540} INFO - Filling up the DagBag from /home/ubuntu/air_venv/lib/python3.10/site-packages/airflow/example_dags/example_kubernetes_executor.py
[2024-03-18T08:04:16.298+0000] {logging_mixin.py:188} INFO - [2024-03-18T08:04:16.298+0000] {example_kubernetes_executor.py:38} WARNING - The example_kubernetes_executor example DAG requires the kubernetes provider. Please install it with: pip install apache-airflow[cncf.kubernetes]
[2024-03-18T08:04:16.298+0000] {processor.py:842} WARNING - No viable dags retrieved from /home/ubuntu/air_venv/lib/python3.10/site-packages/airflow/example_dags/example_kubernetes_executor.py
[2024-03-18T08:04:16.310+0000] {processor.py:183} INFO - Processing /home/ubuntu/air_venv/lib/python3.10/site-packages/airflow/example_dags/example_kubernetes_executor.py took 0.023 seconds
[2024-03-18T08:05:10.032+0000] {processor.py:161} INFO - Started process (PID=5365) to work on /home/ubuntu/air_venv/lib/python3.10/site-packages/airflow/example_dags/example_kubernetes_executor.py
[2024-03-18T08:05:10.034+0000] {processor.py:830} INFO - Processing file /home/ubuntu/air_venv/lib/python3.10/site-packages/airflow/example_dags/example_kubernetes_executor.py for tasks to queue
[2024-03-18T08:05:10.035+0000] {logging_mixin.py:188} INFO - [2024-03-18T08:05:10.035+0000] {dagbag.py:540} INFO - Filling up the DagBag from /home/ubuntu/air_venv/lib/python3.10/site-packages/airflow/example_dags/example_kubernetes_executor.py
[2024-03-18T08:05:10.039+0000] {logging_mixin.py:188} INFO - [2024-03-18T08:05:10.039+0000] {example_kubernetes_executor.py:38} WARNING - The example_kubernetes_executor example DAG requires the kubernetes provider. Please install it with: pip install apache-airflow[cncf.kubernetes]
[2024-03-18T08:05:10.039+0000] {processor.py:842} WARNING - No viable dags retrieved from /home/ubuntu/air_venv/lib/python3.10/site-packages/airflow/example_dags/example_kubernetes_executor.py
[2024-03-18T08:05:10.052+0000] {processor.py:183} INFO - Processing /home/ubuntu/air_venv/lib/python3.10/site-packages/airflow/example_dags/example_kubernetes_executor.py took 0.024 seconds
[2024-03-18T08:05:58.703+0000] {processor.py:161} INFO - Started process (PID=5921) to work on /home/ubuntu/air_venv/lib/python3.10/site-packages/airflow/example_dags/example_kubernetes_executor.py
[2024-03-18T08:05:58.705+0000] {processor.py:830} INFO - Processing file /home/ubuntu/air_venv/lib/python3.10/site-packages/airflow/example_dags/example_kubernetes_executor.py for tasks to queue
[2024-03-18T08:05:58.706+0000] {logging_mixin.py:188} INFO - [2024-03-18T08:05:58.705+0000] {dagbag.py:540} INFO - Filling up the DagBag from /home/ubuntu/air_venv/lib/python3.10/site-packages/airflow/example_dags/example_kubernetes_executor.py
[2024-03-18T08:05:58.710+0000] {logging_mixin.py:188} INFO - [2024-03-18T08:05:58.709+0000] {example_kubernetes_executor.py:38} WARNING - The example_kubernetes_executor example DAG requires the kubernetes provider. Please install it with: pip install apache-airflow[cncf.kubernetes]
[2024-03-18T08:05:58.710+0000] {processor.py:842} WARNING - No viable dags retrieved from /home/ubuntu/air_venv/lib/python3.10/site-packages/airflow/example_dags/example_kubernetes_executor.py
[2024-03-18T08:05:58.721+0000] {processor.py:183} INFO - Processing /home/ubuntu/air_venv/lib/python3.10/site-packages/airflow/example_dags/example_kubernetes_executor.py took 0.022 seconds
[2024-03-18T08:07:31.287+0000] {processor.py:161} INFO - Started process (PID=7070) to work on /home/ubuntu/air_venv/lib/python3.10/site-packages/airflow/example_dags/example_kubernetes_executor.py
[2024-03-18T08:07:31.289+0000] {processor.py:830} INFO - Processing file /home/ubuntu/air_venv/lib/python3.10/site-packages/airflow/example_dags/example_kubernetes_executor.py for tasks to queue
[2024-03-18T08:07:31.290+0000] {logging_mixin.py:188} INFO - [2024-03-18T08:07:31.289+0000] {dagbag.py:540} INFO - Filling up the DagBag from /home/ubuntu/air_venv/lib/python3.10/site-packages/airflow/example_dags/example_kubernetes_executor.py
[2024-03-18T08:07:31.294+0000] {logging_mixin.py:188} INFO - [2024-03-18T08:07:31.293+0000] {example_kubernetes_executor.py:38} WARNING - The example_kubernetes_executor example DAG requires the kubernetes provider. Please install it with: pip install apache-airflow[cncf.kubernetes]
[2024-03-18T08:07:31.294+0000] {processor.py:842} WARNING - No viable dags retrieved from /home/ubuntu/air_venv/lib/python3.10/site-packages/airflow/example_dags/example_kubernetes_executor.py
[2024-03-18T08:07:31.305+0000] {processor.py:183} INFO - Processing /home/ubuntu/air_venv/lib/python3.10/site-packages/airflow/example_dags/example_kubernetes_executor.py took 0.022 seconds
[2024-03-18T08:08:24.614+0000] {processor.py:161} INFO - Started process (PID=7241) to work on /home/ubuntu/air_venv/lib/python3.10/site-packages/airflow/example_dags/example_kubernetes_executor.py
[2024-03-18T08:08:24.616+0000] {processor.py:830} INFO - Processing file /home/ubuntu/air_venv/lib/python3.10/site-packages/airflow/example_dags/example_kubernetes_executor.py for tasks to queue
[2024-03-18T08:08:24.617+0000] {logging_mixin.py:188} INFO - [2024-03-18T08:08:24.617+0000] {dagbag.py:540} INFO - Filling up the DagBag from /home/ubuntu/air_venv/lib/python3.10/site-packages/airflow/example_dags/example_kubernetes_executor.py
[2024-03-18T08:08:24.621+0000] {logging_mixin.py:188} INFO - [2024-03-18T08:08:24.621+0000] {example_kubernetes_executor.py:38} WARNING - The example_kubernetes_executor example DAG requires the kubernetes provider. Please install it with: pip install apache-airflow[cncf.kubernetes]
[2024-03-18T08:08:24.621+0000] {processor.py:842} WARNING - No viable dags retrieved from /home/ubuntu/air_venv/lib/python3.10/site-packages/airflow/example_dags/example_kubernetes_executor.py
[2024-03-18T08:08:24.633+0000] {processor.py:183} INFO - Processing /home/ubuntu/air_venv/lib/python3.10/site-packages/airflow/example_dags/example_kubernetes_executor.py took 0.022 seconds
[2024-03-18T08:09:33.064+0000] {processor.py:161} INFO - Started process (PID=7859) to work on /home/ubuntu/air_venv/lib/python3.10/site-packages/airflow/example_dags/example_kubernetes_executor.py
[2024-03-18T08:09:33.067+0000] {processor.py:830} INFO - Processing file /home/ubuntu/air_venv/lib/python3.10/site-packages/airflow/example_dags/example_kubernetes_executor.py for tasks to queue
[2024-03-18T08:09:33.068+0000] {logging_mixin.py:188} INFO - [2024-03-18T08:09:33.067+0000] {dagbag.py:540} INFO - Filling up the DagBag from /home/ubuntu/air_venv/lib/python3.10/site-packages/airflow/example_dags/example_kubernetes_executor.py
[2024-03-18T08:09:33.071+0000] {logging_mixin.py:188} INFO - [2024-03-18T08:09:33.071+0000] {example_kubernetes_executor.py:38} WARNING - The example_kubernetes_executor example DAG requires the kubernetes provider. Please install it with: pip install apache-airflow[cncf.kubernetes]
[2024-03-18T08:09:33.072+0000] {processor.py:842} WARNING - No viable dags retrieved from /home/ubuntu/air_venv/lib/python3.10/site-packages/airflow/example_dags/example_kubernetes_executor.py
[2024-03-18T08:09:33.083+0000] {processor.py:183} INFO - Processing /home/ubuntu/air_venv/lib/python3.10/site-packages/airflow/example_dags/example_kubernetes_executor.py took 0.022 seconds
[2024-03-18T08:10:33.878+0000] {processor.py:161} INFO - Started process (PID=8280) to work on /home/ubuntu/air_venv/lib/python3.10/site-packages/airflow/example_dags/example_kubernetes_executor.py
[2024-03-18T08:10:33.880+0000] {processor.py:830} INFO - Processing file /home/ubuntu/air_venv/lib/python3.10/site-packages/airflow/example_dags/example_kubernetes_executor.py for tasks to queue
[2024-03-18T08:10:33.881+0000] {logging_mixin.py:188} INFO - [2024-03-18T08:10:33.881+0000] {dagbag.py:540} INFO - Filling up the DagBag from /home/ubuntu/air_venv/lib/python3.10/site-packages/airflow/example_dags/example_kubernetes_executor.py
[2024-03-18T08:10:33.885+0000] {logging_mixin.py:188} INFO - [2024-03-18T08:10:33.884+0000] {example_kubernetes_executor.py:38} WARNING - The example_kubernetes_executor example DAG requires the kubernetes provider. Please install it with: pip install apache-airflow[cncf.kubernetes]
[2024-03-18T08:10:33.885+0000] {processor.py:842} WARNING - No viable dags retrieved from /home/ubuntu/air_venv/lib/python3.10/site-packages/airflow/example_dags/example_kubernetes_executor.py
[2024-03-18T08:10:33.896+0000] {processor.py:183} INFO - Processing /home/ubuntu/air_venv/lib/python3.10/site-packages/airflow/example_dags/example_kubernetes_executor.py took 0.022 seconds
[2024-03-18T08:11:35.844+0000] {processor.py:161} INFO - Started process (PID=8822) to work on /home/ubuntu/air_venv/lib/python3.10/site-packages/airflow/example_dags/example_kubernetes_executor.py
[2024-03-18T08:11:35.846+0000] {processor.py:830} INFO - Processing file /home/ubuntu/air_venv/lib/python3.10/site-packages/airflow/example_dags/example_kubernetes_executor.py for tasks to queue
[2024-03-18T08:11:35.847+0000] {logging_mixin.py:188} INFO - [2024-03-18T08:11:35.847+0000] {dagbag.py:540} INFO - Filling up the DagBag from /home/ubuntu/air_venv/lib/python3.10/site-packages/airflow/example_dags/example_kubernetes_executor.py
[2024-03-18T08:11:35.851+0000] {logging_mixin.py:188} INFO - [2024-03-18T08:11:35.851+0000] {example_kubernetes_executor.py:38} WARNING - The example_kubernetes_executor example DAG requires the kubernetes provider. Please install it with: pip install apache-airflow[cncf.kubernetes]
[2024-03-18T08:11:35.851+0000] {processor.py:842} WARNING - No viable dags retrieved from /home/ubuntu/air_venv/lib/python3.10/site-packages/airflow/example_dags/example_kubernetes_executor.py
[2024-03-18T08:11:35.863+0000] {processor.py:183} INFO - Processing /home/ubuntu/air_venv/lib/python3.10/site-packages/airflow/example_dags/example_kubernetes_executor.py took 0.023 seconds
[2024-03-18T08:12:36.369+0000] {processor.py:161} INFO - Started process (PID=9184) to work on /home/ubuntu/air_venv/lib/python3.10/site-packages/airflow/example_dags/example_kubernetes_executor.py
[2024-03-18T08:12:36.371+0000] {processor.py:830} INFO - Processing file /home/ubuntu/air_venv/lib/python3.10/site-packages/airflow/example_dags/example_kubernetes_executor.py for tasks to queue
[2024-03-18T08:12:36.372+0000] {logging_mixin.py:188} INFO - [2024-03-18T08:12:36.372+0000] {dagbag.py:540} INFO - Filling up the DagBag from /home/ubuntu/air_venv/lib/python3.10/site-packages/airflow/example_dags/example_kubernetes_executor.py
[2024-03-18T08:12:36.376+0000] {logging_mixin.py:188} INFO - [2024-03-18T08:12:36.376+0000] {example_kubernetes_executor.py:38} WARNING - The example_kubernetes_executor example DAG requires the kubernetes provider. Please install it with: pip install apache-airflow[cncf.kubernetes]
[2024-03-18T08:12:36.376+0000] {processor.py:842} WARNING - No viable dags retrieved from /home/ubuntu/air_venv/lib/python3.10/site-packages/airflow/example_dags/example_kubernetes_executor.py
[2024-03-18T08:12:36.389+0000] {processor.py:183} INFO - Processing /home/ubuntu/air_venv/lib/python3.10/site-packages/airflow/example_dags/example_kubernetes_executor.py took 0.023 seconds
[2024-03-18T08:13:43.547+0000] {processor.py:161} INFO - Started process (PID=9611) to work on /home/ubuntu/air_venv/lib/python3.10/site-packages/airflow/example_dags/example_kubernetes_executor.py
[2024-03-18T08:13:43.549+0000] {processor.py:830} INFO - Processing file /home/ubuntu/air_venv/lib/python3.10/site-packages/airflow/example_dags/example_kubernetes_executor.py for tasks to queue
[2024-03-18T08:13:43.550+0000] {logging_mixin.py:188} INFO - [2024-03-18T08:13:43.550+0000] {dagbag.py:540} INFO - Filling up the DagBag from /home/ubuntu/air_venv/lib/python3.10/site-packages/airflow/example_dags/example_kubernetes_executor.py
[2024-03-18T08:13:43.554+0000] {logging_mixin.py:188} INFO - [2024-03-18T08:13:43.554+0000] {example_kubernetes_executor.py:38} WARNING - The example_kubernetes_executor example DAG requires the kubernetes provider. Please install it with: pip install apache-airflow[cncf.kubernetes]
[2024-03-18T08:13:43.554+0000] {processor.py:842} WARNING - No viable dags retrieved from /home/ubuntu/air_venv/lib/python3.10/site-packages/airflow/example_dags/example_kubernetes_executor.py
[2024-03-18T08:13:43.566+0000] {processor.py:183} INFO - Processing /home/ubuntu/air_venv/lib/python3.10/site-packages/airflow/example_dags/example_kubernetes_executor.py took 0.022 seconds
[2024-03-18T08:15:13.142+0000] {processor.py:161} INFO - Started process (PID=10304) to work on /home/ubuntu/air_venv/lib/python3.10/site-packages/airflow/example_dags/example_kubernetes_executor.py
[2024-03-18T08:15:13.144+0000] {processor.py:830} INFO - Processing file /home/ubuntu/air_venv/lib/python3.10/site-packages/airflow/example_dags/example_kubernetes_executor.py for tasks to queue
[2024-03-18T08:15:13.145+0000] {logging_mixin.py:188} INFO - [2024-03-18T08:15:13.145+0000] {dagbag.py:540} INFO - Filling up the DagBag from /home/ubuntu/air_venv/lib/python3.10/site-packages/airflow/example_dags/example_kubernetes_executor.py
[2024-03-18T08:15:13.149+0000] {logging_mixin.py:188} INFO - [2024-03-18T08:15:13.149+0000] {example_kubernetes_executor.py:38} WARNING - The example_kubernetes_executor example DAG requires the kubernetes provider. Please install it with: pip install apache-airflow[cncf.kubernetes]
[2024-03-18T08:15:13.150+0000] {processor.py:842} WARNING - No viable dags retrieved from /home/ubuntu/air_venv/lib/python3.10/site-packages/airflow/example_dags/example_kubernetes_executor.py
[2024-03-18T08:15:13.163+0000] {processor.py:183} INFO - Processing /home/ubuntu/air_venv/lib/python3.10/site-packages/airflow/example_dags/example_kubernetes_executor.py took 0.024 seconds
[2024-03-18T08:16:09.369+0000] {processor.py:161} INFO - Started process (PID=10985) to work on /home/ubuntu/air_venv/lib/python3.10/site-packages/airflow/example_dags/example_kubernetes_executor.py
[2024-03-18T08:16:09.371+0000] {processor.py:830} INFO - Processing file /home/ubuntu/air_venv/lib/python3.10/site-packages/airflow/example_dags/example_kubernetes_executor.py for tasks to queue
[2024-03-18T08:16:09.373+0000] {logging_mixin.py:188} INFO - [2024-03-18T08:16:09.372+0000] {dagbag.py:540} INFO - Filling up the DagBag from /home/ubuntu/air_venv/lib/python3.10/site-packages/airflow/example_dags/example_kubernetes_executor.py
[2024-03-18T08:16:09.376+0000] {logging_mixin.py:188} INFO - [2024-03-18T08:16:09.376+0000] {example_kubernetes_executor.py:38} WARNING - The example_kubernetes_executor example DAG requires the kubernetes provider. Please install it with: pip install apache-airflow[cncf.kubernetes]
[2024-03-18T08:16:09.377+0000] {processor.py:842} WARNING - No viable dags retrieved from /home/ubuntu/air_venv/lib/python3.10/site-packages/airflow/example_dags/example_kubernetes_executor.py
[2024-03-18T08:16:09.389+0000] {processor.py:183} INFO - Processing /home/ubuntu/air_venv/lib/python3.10/site-packages/airflow/example_dags/example_kubernetes_executor.py took 0.023 seconds
[2024-03-18T08:17:19.827+0000] {processor.py:161} INFO - Started process (PID=11836) to work on /home/ubuntu/air_venv/lib/python3.10/site-packages/airflow/example_dags/example_kubernetes_executor.py
[2024-03-18T08:17:19.830+0000] {processor.py:830} INFO - Processing file /home/ubuntu/air_venv/lib/python3.10/site-packages/airflow/example_dags/example_kubernetes_executor.py for tasks to queue
[2024-03-18T08:17:19.831+0000] {logging_mixin.py:188} INFO - [2024-03-18T08:17:19.830+0000] {dagbag.py:540} INFO - Filling up the DagBag from /home/ubuntu/air_venv/lib/python3.10/site-packages/airflow/example_dags/example_kubernetes_executor.py
[2024-03-18T08:17:19.834+0000] {logging_mixin.py:188} INFO - [2024-03-18T08:17:19.834+0000] {example_kubernetes_executor.py:38} WARNING - The example_kubernetes_executor example DAG requires the kubernetes provider. Please install it with: pip install apache-airflow[cncf.kubernetes]
[2024-03-18T08:17:19.835+0000] {processor.py:842} WARNING - No viable dags retrieved from /home/ubuntu/air_venv/lib/python3.10/site-packages/airflow/example_dags/example_kubernetes_executor.py
[2024-03-18T08:17:19.846+0000] {processor.py:183} INFO - Processing /home/ubuntu/air_venv/lib/python3.10/site-packages/airflow/example_dags/example_kubernetes_executor.py took 0.022 seconds
[2024-03-18T08:18:26.578+0000] {processor.py:161} INFO - Started process (PID=12478) to work on /home/ubuntu/air_venv/lib/python3.10/site-packages/airflow/example_dags/example_kubernetes_executor.py
[2024-03-18T08:18:26.580+0000] {processor.py:830} INFO - Processing file /home/ubuntu/air_venv/lib/python3.10/site-packages/airflow/example_dags/example_kubernetes_executor.py for tasks to queue
[2024-03-18T08:18:26.581+0000] {logging_mixin.py:188} INFO - [2024-03-18T08:18:26.581+0000] {dagbag.py:540} INFO - Filling up the DagBag from /home/ubuntu/air_venv/lib/python3.10/site-packages/airflow/example_dags/example_kubernetes_executor.py
[2024-03-18T08:18:26.585+0000] {logging_mixin.py:188} INFO - [2024-03-18T08:18:26.584+0000] {example_kubernetes_executor.py:38} WARNING - The example_kubernetes_executor example DAG requires the kubernetes provider. Please install it with: pip install apache-airflow[cncf.kubernetes]
[2024-03-18T08:18:26.585+0000] {processor.py:842} WARNING - No viable dags retrieved from /home/ubuntu/air_venv/lib/python3.10/site-packages/airflow/example_dags/example_kubernetes_executor.py
[2024-03-18T08:18:26.596+0000] {processor.py:183} INFO - Processing /home/ubuntu/air_venv/lib/python3.10/site-packages/airflow/example_dags/example_kubernetes_executor.py took 0.022 seconds
[2024-03-18T08:19:41.043+0000] {processor.py:161} INFO - Started process (PID=12909) to work on /home/ubuntu/air_venv/lib/python3.10/site-packages/airflow/example_dags/example_kubernetes_executor.py
[2024-03-18T08:19:41.045+0000] {processor.py:830} INFO - Processing file /home/ubuntu/air_venv/lib/python3.10/site-packages/airflow/example_dags/example_kubernetes_executor.py for tasks to queue
[2024-03-18T08:19:41.046+0000] {logging_mixin.py:188} INFO - [2024-03-18T08:19:41.046+0000] {dagbag.py:540} INFO - Filling up the DagBag from /home/ubuntu/air_venv/lib/python3.10/site-packages/airflow/example_dags/example_kubernetes_executor.py
[2024-03-18T08:19:41.050+0000] {logging_mixin.py:188} INFO - [2024-03-18T08:19:41.050+0000] {example_kubernetes_executor.py:38} WARNING - The example_kubernetes_executor example DAG requires the kubernetes provider. Please install it with: pip install apache-airflow[cncf.kubernetes]
[2024-03-18T08:19:41.051+0000] {processor.py:842} WARNING - No viable dags retrieved from /home/ubuntu/air_venv/lib/python3.10/site-packages/airflow/example_dags/example_kubernetes_executor.py
[2024-03-18T08:19:41.062+0000] {processor.py:183} INFO - Processing /home/ubuntu/air_venv/lib/python3.10/site-packages/airflow/example_dags/example_kubernetes_executor.py took 0.022 seconds
[2024-03-18T08:20:37.315+0000] {processor.py:161} INFO - Started process (PID=13262) to work on /home/ubuntu/air_venv/lib/python3.10/site-packages/airflow/example_dags/example_kubernetes_executor.py
[2024-03-18T08:20:37.318+0000] {processor.py:830} INFO - Processing file /home/ubuntu/air_venv/lib/python3.10/site-packages/airflow/example_dags/example_kubernetes_executor.py for tasks to queue
[2024-03-18T08:20:37.319+0000] {logging_mixin.py:188} INFO - [2024-03-18T08:20:37.319+0000] {dagbag.py:540} INFO - Filling up the DagBag from /home/ubuntu/air_venv/lib/python3.10/site-packages/airflow/example_dags/example_kubernetes_executor.py
[2024-03-18T08:20:37.323+0000] {logging_mixin.py:188} INFO - [2024-03-18T08:20:37.322+0000] {example_kubernetes_executor.py:38} WARNING - The example_kubernetes_executor example DAG requires the kubernetes provider. Please install it with: pip install apache-airflow[cncf.kubernetes]
[2024-03-18T08:20:37.323+0000] {processor.py:842} WARNING - No viable dags retrieved from /home/ubuntu/air_venv/lib/python3.10/site-packages/airflow/example_dags/example_kubernetes_executor.py
[2024-03-18T08:20:37.336+0000] {processor.py:183} INFO - Processing /home/ubuntu/air_venv/lib/python3.10/site-packages/airflow/example_dags/example_kubernetes_executor.py took 0.025 seconds
[2024-03-18T08:21:34.327+0000] {processor.py:161} INFO - Started process (PID=13618) to work on /home/ubuntu/air_venv/lib/python3.10/site-packages/airflow/example_dags/example_kubernetes_executor.py
[2024-03-18T08:21:34.329+0000] {processor.py:830} INFO - Processing file /home/ubuntu/air_venv/lib/python3.10/site-packages/airflow/example_dags/example_kubernetes_executor.py for tasks to queue
[2024-03-18T08:21:34.330+0000] {logging_mixin.py:188} INFO - [2024-03-18T08:21:34.329+0000] {dagbag.py:540} INFO - Filling up the DagBag from /home/ubuntu/air_venv/lib/python3.10/site-packages/airflow/example_dags/example_kubernetes_executor.py
[2024-03-18T08:21:34.333+0000] {logging_mixin.py:188} INFO - [2024-03-18T08:21:34.333+0000] {example_kubernetes_executor.py:38} WARNING - The example_kubernetes_executor example DAG requires the kubernetes provider. Please install it with: pip install apache-airflow[cncf.kubernetes]
[2024-03-18T08:21:34.334+0000] {processor.py:842} WARNING - No viable dags retrieved from /home/ubuntu/air_venv/lib/python3.10/site-packages/airflow/example_dags/example_kubernetes_executor.py
[2024-03-18T08:21:34.345+0000] {processor.py:183} INFO - Processing /home/ubuntu/air_venv/lib/python3.10/site-packages/airflow/example_dags/example_kubernetes_executor.py took 0.022 seconds
[2024-03-18T08:22:24.143+0000] {processor.py:161} INFO - Started process (PID=13910) to work on /home/ubuntu/air_venv/lib/python3.10/site-packages/airflow/example_dags/example_kubernetes_executor.py
[2024-03-18T08:22:24.145+0000] {processor.py:830} INFO - Processing file /home/ubuntu/air_venv/lib/python3.10/site-packages/airflow/example_dags/example_kubernetes_executor.py for tasks to queue
[2024-03-18T08:22:24.146+0000] {logging_mixin.py:188} INFO - [2024-03-18T08:22:24.146+0000] {dagbag.py:540} INFO - Filling up the DagBag from /home/ubuntu/air_venv/lib/python3.10/site-packages/airflow/example_dags/example_kubernetes_executor.py
[2024-03-18T08:22:24.150+0000] {logging_mixin.py:188} INFO - [2024-03-18T08:22:24.150+0000] {example_kubernetes_executor.py:38} WARNING - The example_kubernetes_executor example DAG requires the kubernetes provider. Please install it with: pip install apache-airflow[cncf.kubernetes]
[2024-03-18T08:22:24.150+0000] {processor.py:842} WARNING - No viable dags retrieved from /home/ubuntu/air_venv/lib/python3.10/site-packages/airflow/example_dags/example_kubernetes_executor.py
[2024-03-18T08:22:24.162+0000] {processor.py:183} INFO - Processing /home/ubuntu/air_venv/lib/python3.10/site-packages/airflow/example_dags/example_kubernetes_executor.py took 0.022 seconds
[2024-03-18T08:23:20.825+0000] {processor.py:161} INFO - Started process (PID=14374) to work on /home/ubuntu/air_venv/lib/python3.10/site-packages/airflow/example_dags/example_kubernetes_executor.py
[2024-03-18T08:23:20.827+0000] {processor.py:830} INFO - Processing file /home/ubuntu/air_venv/lib/python3.10/site-packages/airflow/example_dags/example_kubernetes_executor.py for tasks to queue
[2024-03-18T08:23:20.828+0000] {logging_mixin.py:188} INFO - [2024-03-18T08:23:20.828+0000] {dagbag.py:540} INFO - Filling up the DagBag from /home/ubuntu/air_venv/lib/python3.10/site-packages/airflow/example_dags/example_kubernetes_executor.py
[2024-03-18T08:23:20.832+0000] {logging_mixin.py:188} INFO - [2024-03-18T08:23:20.832+0000] {example_kubernetes_executor.py:38} WARNING - The example_kubernetes_executor example DAG requires the kubernetes provider. Please install it with: pip install apache-airflow[cncf.kubernetes]
[2024-03-18T08:23:20.832+0000] {processor.py:842} WARNING - No viable dags retrieved from /home/ubuntu/air_venv/lib/python3.10/site-packages/airflow/example_dags/example_kubernetes_executor.py
[2024-03-18T08:23:20.844+0000] {processor.py:183} INFO - Processing /home/ubuntu/air_venv/lib/python3.10/site-packages/airflow/example_dags/example_kubernetes_executor.py took 0.022 seconds
[2024-03-18T08:24:21.976+0000] {processor.py:161} INFO - Started process (PID=14871) to work on /home/ubuntu/air_venv/lib/python3.10/site-packages/airflow/example_dags/example_kubernetes_executor.py
[2024-03-18T08:24:21.978+0000] {processor.py:830} INFO - Processing file /home/ubuntu/air_venv/lib/python3.10/site-packages/airflow/example_dags/example_kubernetes_executor.py for tasks to queue
[2024-03-18T08:24:21.979+0000] {logging_mixin.py:188} INFO - [2024-03-18T08:24:21.979+0000] {dagbag.py:540} INFO - Filling up the DagBag from /home/ubuntu/air_venv/lib/python3.10/site-packages/airflow/example_dags/example_kubernetes_executor.py
[2024-03-18T08:24:21.983+0000] {logging_mixin.py:188} INFO - [2024-03-18T08:24:21.983+0000] {example_kubernetes_executor.py:38} WARNING - The example_kubernetes_executor example DAG requires the kubernetes provider. Please install it with: pip install apache-airflow[cncf.kubernetes]
[2024-03-18T08:24:21.984+0000] {processor.py:842} WARNING - No viable dags retrieved from /home/ubuntu/air_venv/lib/python3.10/site-packages/airflow/example_dags/example_kubernetes_executor.py
[2024-03-18T08:24:21.995+0000] {processor.py:183} INFO - Processing /home/ubuntu/air_venv/lib/python3.10/site-packages/airflow/example_dags/example_kubernetes_executor.py took 0.022 seconds
[2024-03-18T08:25:21.887+0000] {processor.py:161} INFO - Started process (PID=15281) to work on /home/ubuntu/air_venv/lib/python3.10/site-packages/airflow/example_dags/example_kubernetes_executor.py
[2024-03-18T08:25:21.889+0000] {processor.py:830} INFO - Processing file /home/ubuntu/air_venv/lib/python3.10/site-packages/airflow/example_dags/example_kubernetes_executor.py for tasks to queue
[2024-03-18T08:25:21.890+0000] {logging_mixin.py:188} INFO - [2024-03-18T08:25:21.890+0000] {dagbag.py:540} INFO - Filling up the DagBag from /home/ubuntu/air_venv/lib/python3.10/site-packages/airflow/example_dags/example_kubernetes_executor.py
[2024-03-18T08:25:21.894+0000] {logging_mixin.py:188} INFO - [2024-03-18T08:25:21.894+0000] {example_kubernetes_executor.py:38} WARNING - The example_kubernetes_executor example DAG requires the kubernetes provider. Please install it with: pip install apache-airflow[cncf.kubernetes]
[2024-03-18T08:25:21.894+0000] {processor.py:842} WARNING - No viable dags retrieved from /home/ubuntu/air_venv/lib/python3.10/site-packages/airflow/example_dags/example_kubernetes_executor.py
[2024-03-18T08:25:21.906+0000] {processor.py:183} INFO - Processing /home/ubuntu/air_venv/lib/python3.10/site-packages/airflow/example_dags/example_kubernetes_executor.py took 0.022 seconds
[2024-03-18T08:26:24.877+0000] {processor.py:161} INFO - Started process (PID=15403) to work on /home/ubuntu/air_venv/lib/python3.10/site-packages/airflow/example_dags/example_kubernetes_executor.py
[2024-03-18T08:26:24.879+0000] {processor.py:830} INFO - Processing file /home/ubuntu/air_venv/lib/python3.10/site-packages/airflow/example_dags/example_kubernetes_executor.py for tasks to queue
[2024-03-18T08:26:24.880+0000] {logging_mixin.py:188} INFO - [2024-03-18T08:26:24.879+0000] {dagbag.py:540} INFO - Filling up the DagBag from /home/ubuntu/air_venv/lib/python3.10/site-packages/airflow/example_dags/example_kubernetes_executor.py
[2024-03-18T08:26:24.883+0000] {logging_mixin.py:188} INFO - [2024-03-18T08:26:24.883+0000] {example_kubernetes_executor.py:38} WARNING - The example_kubernetes_executor example DAG requires the kubernetes provider. Please install it with: pip install apache-airflow[cncf.kubernetes]
[2024-03-18T08:26:24.884+0000] {processor.py:842} WARNING - No viable dags retrieved from /home/ubuntu/air_venv/lib/python3.10/site-packages/airflow/example_dags/example_kubernetes_executor.py
[2024-03-18T08:26:24.896+0000] {processor.py:183} INFO - Processing /home/ubuntu/air_venv/lib/python3.10/site-packages/airflow/example_dags/example_kubernetes_executor.py took 0.023 seconds
[2024-03-18T08:27:26.192+0000] {processor.py:161} INFO - Started process (PID=15523) to work on /home/ubuntu/air_venv/lib/python3.10/site-packages/airflow/example_dags/example_kubernetes_executor.py
[2024-03-18T08:27:26.194+0000] {processor.py:830} INFO - Processing file /home/ubuntu/air_venv/lib/python3.10/site-packages/airflow/example_dags/example_kubernetes_executor.py for tasks to queue
[2024-03-18T08:27:26.195+0000] {logging_mixin.py:188} INFO - [2024-03-18T08:27:26.195+0000] {dagbag.py:540} INFO - Filling up the DagBag from /home/ubuntu/air_venv/lib/python3.10/site-packages/airflow/example_dags/example_kubernetes_executor.py
[2024-03-18T08:27:26.199+0000] {logging_mixin.py:188} INFO - [2024-03-18T08:27:26.199+0000] {example_kubernetes_executor.py:38} WARNING - The example_kubernetes_executor example DAG requires the kubernetes provider. Please install it with: pip install apache-airflow[cncf.kubernetes]
[2024-03-18T08:27:26.199+0000] {processor.py:842} WARNING - No viable dags retrieved from /home/ubuntu/air_venv/lib/python3.10/site-packages/airflow/example_dags/example_kubernetes_executor.py
[2024-03-18T08:27:26.211+0000] {processor.py:183} INFO - Processing /home/ubuntu/air_venv/lib/python3.10/site-packages/airflow/example_dags/example_kubernetes_executor.py took 0.022 seconds
[2024-03-18T08:28:29.014+0000] {processor.py:161} INFO - Started process (PID=15644) to work on /home/ubuntu/air_venv/lib/python3.10/site-packages/airflow/example_dags/example_kubernetes_executor.py
[2024-03-18T08:28:29.016+0000] {processor.py:830} INFO - Processing file /home/ubuntu/air_venv/lib/python3.10/site-packages/airflow/example_dags/example_kubernetes_executor.py for tasks to queue
[2024-03-18T08:28:29.017+0000] {logging_mixin.py:188} INFO - [2024-03-18T08:28:29.016+0000] {dagbag.py:540} INFO - Filling up the DagBag from /home/ubuntu/air_venv/lib/python3.10/site-packages/airflow/example_dags/example_kubernetes_executor.py
[2024-03-18T08:28:29.020+0000] {logging_mixin.py:188} INFO - [2024-03-18T08:28:29.020+0000] {example_kubernetes_executor.py:38} WARNING - The example_kubernetes_executor example DAG requires the kubernetes provider. Please install it with: pip install apache-airflow[cncf.kubernetes]
[2024-03-18T08:28:29.021+0000] {processor.py:842} WARNING - No viable dags retrieved from /home/ubuntu/air_venv/lib/python3.10/site-packages/airflow/example_dags/example_kubernetes_executor.py
[2024-03-18T08:28:29.033+0000] {processor.py:183} INFO - Processing /home/ubuntu/air_venv/lib/python3.10/site-packages/airflow/example_dags/example_kubernetes_executor.py took 0.022 seconds
[2024-03-18T08:29:33.658+0000] {processor.py:161} INFO - Started process (PID=15766) to work on /home/ubuntu/air_venv/lib/python3.10/site-packages/airflow/example_dags/example_kubernetes_executor.py
[2024-03-18T08:29:33.660+0000] {processor.py:830} INFO - Processing file /home/ubuntu/air_venv/lib/python3.10/site-packages/airflow/example_dags/example_kubernetes_executor.py for tasks to queue
[2024-03-18T08:29:33.661+0000] {logging_mixin.py:188} INFO - [2024-03-18T08:29:33.661+0000] {dagbag.py:540} INFO - Filling up the DagBag from /home/ubuntu/air_venv/lib/python3.10/site-packages/airflow/example_dags/example_kubernetes_executor.py
[2024-03-18T08:29:33.665+0000] {logging_mixin.py:188} INFO - [2024-03-18T08:29:33.665+0000] {example_kubernetes_executor.py:38} WARNING - The example_kubernetes_executor example DAG requires the kubernetes provider. Please install it with: pip install apache-airflow[cncf.kubernetes]
[2024-03-18T08:29:33.665+0000] {processor.py:842} WARNING - No viable dags retrieved from /home/ubuntu/air_venv/lib/python3.10/site-packages/airflow/example_dags/example_kubernetes_executor.py
[2024-03-18T08:29:33.677+0000] {processor.py:183} INFO - Processing /home/ubuntu/air_venv/lib/python3.10/site-packages/airflow/example_dags/example_kubernetes_executor.py took 0.022 seconds
