[2024-03-18T08:00:01.371+0000] {processor.py:161} INFO - Started process (PID=2853) to work on /home/ubuntu/air_venv/lib/python3.10/site-packages/airflow/example_dags/example_subdag_operator.py
[2024-03-18T08:00:01.383+0000] {processor.py:830} INFO - Processing file /home/ubuntu/air_venv/lib/python3.10/site-packages/airflow/example_dags/example_subdag_operator.py for tasks to queue
[2024-03-18T08:00:01.384+0000] {logging_mixin.py:188} INFO - [2024-03-18T08:00:01.384+0000] {dagbag.py:540} INFO - Filling up the DagBag from /home/ubuntu/air_venv/lib/python3.10/site-packages/airflow/example_dags/example_subdag_operator.py
[2024-03-18T08:00:01.458+0000] {processor.py:840} INFO - DAG(s) 'example_subdag_operator.section-1', 'example_subdag_operator.section-2', 'example_subdag_operator' retrieved from /home/ubuntu/air_venv/lib/python3.10/site-packages/airflow/example_dags/example_subdag_operator.py
[2024-03-18T08:00:02.048+0000] {logging_mixin.py:188} INFO - [2024-03-18T08:00:02.047+0000] {override.py:1769} INFO - Created Permission View: can edit on DAG:example_subdag_operator
[2024-03-18T08:00:02.117+0000] {logging_mixin.py:188} INFO - [2024-03-18T08:00:02.116+0000] {override.py:1769} INFO - Created Permission View: can delete on DAG:example_subdag_operator
[2024-03-18T08:00:02.163+0000] {logging_mixin.py:188} INFO - [2024-03-18T08:00:02.162+0000] {override.py:1769} INFO - Created Permission View: can read on DAG:example_subdag_operator
[2024-03-18T08:00:02.164+0000] {logging_mixin.py:188} INFO - [2024-03-18T08:00:02.163+0000] {dag.py:3047} INFO - Sync 3 DAGs
[2024-03-18T08:00:02.202+0000] {logging_mixin.py:188} INFO - [2024-03-18T08:00:02.202+0000] {dag.py:3069} INFO - Creating ORM DAG for example_subdag_operator.section-1
[2024-03-18T08:00:02.203+0000] {logging_mixin.py:188} INFO - [2024-03-18T08:00:02.203+0000] {dag.py:3069} INFO - Creating ORM DAG for example_subdag_operator.section-2
[2024-03-18T08:00:02.204+0000] {logging_mixin.py:188} INFO - [2024-03-18T08:00:02.204+0000] {dag.py:3069} INFO - Creating ORM DAG for example_subdag_operator
[2024-03-18T08:00:02.243+0000] {logging_mixin.py:188} INFO - [2024-03-18T08:00:02.243+0000] {dag.py:3834} INFO - Setting next_dagrun for example_subdag_operator to 2022-01-01 00:00:00+00:00, run_after=2022-01-01 00:00:00+00:00
[2024-03-18T08:00:02.244+0000] {logging_mixin.py:188} INFO - [2024-03-18T08:00:02.244+0000] {dag.py:3834} INFO - Setting next_dagrun for example_subdag_operator.section-1 to None, run_after=None
[2024-03-18T08:00:02.245+0000] {logging_mixin.py:188} INFO - [2024-03-18T08:00:02.245+0000] {dag.py:3834} INFO - Setting next_dagrun for example_subdag_operator.section-2 to None, run_after=None
[2024-03-18T08:00:02.276+0000] {logging_mixin.py:188} INFO - [2024-03-18T08:00:02.276+0000] {dag.py:3047} INFO - Sync 2 DAGs
[2024-03-18T08:00:02.292+0000] {logging_mixin.py:188} INFO - [2024-03-18T08:00:02.291+0000] {dag.py:3834} INFO - Setting next_dagrun for example_subdag_operator.section-1 to None, run_after=None
[2024-03-18T08:00:02.312+0000] {logging_mixin.py:188} INFO - [2024-03-18T08:00:02.295+0000] {dag.py:3834} INFO - Setting next_dagrun for example_subdag_operator.section-2 to None, run_after=None
[2024-03-18T08:00:02.413+0000] {processor.py:183} INFO - Processing /home/ubuntu/air_venv/lib/python3.10/site-packages/airflow/example_dags/example_subdag_operator.py took 1.046 seconds
[2024-03-18T08:01:06.952+0000] {processor.py:161} INFO - Started process (PID=3328) to work on /home/ubuntu/air_venv/lib/python3.10/site-packages/airflow/example_dags/example_subdag_operator.py
[2024-03-18T08:01:06.955+0000] {processor.py:830} INFO - Processing file /home/ubuntu/air_venv/lib/python3.10/site-packages/airflow/example_dags/example_subdag_operator.py for tasks to queue
[2024-03-18T08:01:06.956+0000] {logging_mixin.py:188} INFO - [2024-03-18T08:01:06.956+0000] {dagbag.py:540} INFO - Filling up the DagBag from /home/ubuntu/air_venv/lib/python3.10/site-packages/airflow/example_dags/example_subdag_operator.py
[2024-03-18T08:01:06.980+0000] {processor.py:840} INFO - DAG(s) 'example_subdag_operator.section-1', 'example_subdag_operator.section-2', 'example_subdag_operator' retrieved from /home/ubuntu/air_venv/lib/python3.10/site-packages/airflow/example_dags/example_subdag_operator.py
[2024-03-18T08:01:07.000+0000] {logging_mixin.py:188} INFO - [2024-03-18T08:01:07.000+0000] {dag.py:3047} INFO - Sync 3 DAGs
[2024-03-18T08:01:07.024+0000] {logging_mixin.py:188} INFO - [2024-03-18T08:01:07.023+0000] {dag.py:3834} INFO - Setting next_dagrun for example_subdag_operator to 2022-01-01 00:00:00+00:00, run_after=2022-01-01 00:00:00+00:00
[2024-03-18T08:01:07.028+0000] {logging_mixin.py:188} INFO - [2024-03-18T08:01:07.028+0000] {dag.py:3834} INFO - Setting next_dagrun for example_subdag_operator.section-1 to None, run_after=None
[2024-03-18T08:01:07.029+0000] {logging_mixin.py:188} INFO - [2024-03-18T08:01:07.029+0000] {dag.py:3834} INFO - Setting next_dagrun for example_subdag_operator.section-2 to None, run_after=None
[2024-03-18T08:01:07.036+0000] {logging_mixin.py:188} INFO - [2024-03-18T08:01:07.036+0000] {dag.py:3047} INFO - Sync 2 DAGs
[2024-03-18T08:01:07.042+0000] {logging_mixin.py:188} INFO - [2024-03-18T08:01:07.041+0000] {dag.py:3834} INFO - Setting next_dagrun for example_subdag_operator.section-1 to None, run_after=None
[2024-03-18T08:01:07.042+0000] {logging_mixin.py:188} INFO - [2024-03-18T08:01:07.042+0000] {dag.py:3834} INFO - Setting next_dagrun for example_subdag_operator.section-2 to None, run_after=None
[2024-03-18T08:01:07.068+0000] {processor.py:183} INFO - Processing /home/ubuntu/air_venv/lib/python3.10/site-packages/airflow/example_dags/example_subdag_operator.py took 0.119 seconds
[2024-03-18T08:01:57.875+0000] {processor.py:161} INFO - Started process (PID=3920) to work on /home/ubuntu/air_venv/lib/python3.10/site-packages/airflow/example_dags/example_subdag_operator.py
[2024-03-18T08:01:57.877+0000] {processor.py:830} INFO - Processing file /home/ubuntu/air_venv/lib/python3.10/site-packages/airflow/example_dags/example_subdag_operator.py for tasks to queue
[2024-03-18T08:01:57.878+0000] {logging_mixin.py:188} INFO - [2024-03-18T08:01:57.877+0000] {dagbag.py:540} INFO - Filling up the DagBag from /home/ubuntu/air_venv/lib/python3.10/site-packages/airflow/example_dags/example_subdag_operator.py
[2024-03-18T08:01:57.899+0000] {processor.py:840} INFO - DAG(s) 'example_subdag_operator.section-1', 'example_subdag_operator.section-2', 'example_subdag_operator' retrieved from /home/ubuntu/air_venv/lib/python3.10/site-packages/airflow/example_dags/example_subdag_operator.py
[2024-03-18T08:01:57.916+0000] {logging_mixin.py:188} INFO - [2024-03-18T08:01:57.915+0000] {dag.py:3047} INFO - Sync 3 DAGs
[2024-03-18T08:01:58.079+0000] {logging_mixin.py:188} INFO - [2024-03-18T08:01:58.079+0000] {dag.py:3834} INFO - Setting next_dagrun for example_subdag_operator to 2022-01-01 00:00:00+00:00, run_after=2022-01-01 00:00:00+00:00
[2024-03-18T08:01:58.083+0000] {logging_mixin.py:188} INFO - [2024-03-18T08:01:58.082+0000] {dag.py:3834} INFO - Setting next_dagrun for example_subdag_operator.section-1 to None, run_after=None
[2024-03-18T08:01:58.084+0000] {logging_mixin.py:188} INFO - [2024-03-18T08:01:58.084+0000] {dag.py:3834} INFO - Setting next_dagrun for example_subdag_operator.section-2 to None, run_after=None
[2024-03-18T08:01:58.090+0000] {logging_mixin.py:188} INFO - [2024-03-18T08:01:58.090+0000] {dag.py:3047} INFO - Sync 2 DAGs
[2024-03-18T08:01:58.094+0000] {logging_mixin.py:188} INFO - [2024-03-18T08:01:58.094+0000] {dag.py:3834} INFO - Setting next_dagrun for example_subdag_operator.section-1 to None, run_after=None
[2024-03-18T08:01:58.095+0000] {logging_mixin.py:188} INFO - [2024-03-18T08:01:58.095+0000] {dag.py:3834} INFO - Setting next_dagrun for example_subdag_operator.section-2 to None, run_after=None
[2024-03-18T08:01:58.114+0000] {processor.py:183} INFO - Processing /home/ubuntu/air_venv/lib/python3.10/site-packages/airflow/example_dags/example_subdag_operator.py took 0.242 seconds
[2024-03-18T08:02:57.119+0000] {processor.py:161} INFO - Started process (PID=4391) to work on /home/ubuntu/air_venv/lib/python3.10/site-packages/airflow/example_dags/example_subdag_operator.py
[2024-03-18T08:02:57.121+0000] {processor.py:830} INFO - Processing file /home/ubuntu/air_venv/lib/python3.10/site-packages/airflow/example_dags/example_subdag_operator.py for tasks to queue
[2024-03-18T08:02:57.123+0000] {logging_mixin.py:188} INFO - [2024-03-18T08:02:57.122+0000] {dagbag.py:540} INFO - Filling up the DagBag from /home/ubuntu/air_venv/lib/python3.10/site-packages/airflow/example_dags/example_subdag_operator.py
[2024-03-18T08:02:57.296+0000] {processor.py:840} INFO - DAG(s) 'example_subdag_operator.section-1', 'example_subdag_operator.section-2', 'example_subdag_operator' retrieved from /home/ubuntu/air_venv/lib/python3.10/site-packages/airflow/example_dags/example_subdag_operator.py
[2024-03-18T08:02:57.311+0000] {logging_mixin.py:188} INFO - [2024-03-18T08:02:57.310+0000] {dag.py:3047} INFO - Sync 3 DAGs
[2024-03-18T08:02:57.330+0000] {logging_mixin.py:188} INFO - [2024-03-18T08:02:57.329+0000] {dag.py:3834} INFO - Setting next_dagrun for example_subdag_operator to 2022-01-01 00:00:00+00:00, run_after=2022-01-01 00:00:00+00:00
[2024-03-18T08:02:57.333+0000] {logging_mixin.py:188} INFO - [2024-03-18T08:02:57.333+0000] {dag.py:3834} INFO - Setting next_dagrun for example_subdag_operator.section-1 to None, run_after=None
[2024-03-18T08:02:57.334+0000] {logging_mixin.py:188} INFO - [2024-03-18T08:02:57.334+0000] {dag.py:3834} INFO - Setting next_dagrun for example_subdag_operator.section-2 to None, run_after=None
[2024-03-18T08:02:57.341+0000] {logging_mixin.py:188} INFO - [2024-03-18T08:02:57.340+0000] {dag.py:3047} INFO - Sync 2 DAGs
[2024-03-18T08:02:57.345+0000] {logging_mixin.py:188} INFO - [2024-03-18T08:02:57.345+0000] {dag.py:3834} INFO - Setting next_dagrun for example_subdag_operator.section-1 to None, run_after=None
[2024-03-18T08:02:57.346+0000] {logging_mixin.py:188} INFO - [2024-03-18T08:02:57.346+0000] {dag.py:3834} INFO - Setting next_dagrun for example_subdag_operator.section-2 to None, run_after=None
[2024-03-18T08:02:57.362+0000] {processor.py:183} INFO - Processing /home/ubuntu/air_venv/lib/python3.10/site-packages/airflow/example_dags/example_subdag_operator.py took 0.246 seconds
[2024-03-18T08:03:42.537+0000] {processor.py:161} INFO - Started process (PID=4581) to work on /home/ubuntu/air_venv/lib/python3.10/site-packages/airflow/example_dags/example_subdag_operator.py
[2024-03-18T08:03:42.539+0000] {processor.py:830} INFO - Processing file /home/ubuntu/air_venv/lib/python3.10/site-packages/airflow/example_dags/example_subdag_operator.py for tasks to queue
[2024-03-18T08:03:42.540+0000] {logging_mixin.py:188} INFO - [2024-03-18T08:03:42.540+0000] {dagbag.py:540} INFO - Filling up the DagBag from /home/ubuntu/air_venv/lib/python3.10/site-packages/airflow/example_dags/example_subdag_operator.py
[2024-03-18T08:03:42.564+0000] {processor.py:840} INFO - DAG(s) 'example_subdag_operator.section-1', 'example_subdag_operator.section-2', 'example_subdag_operator' retrieved from /home/ubuntu/air_venv/lib/python3.10/site-packages/airflow/example_dags/example_subdag_operator.py
[2024-03-18T08:03:42.581+0000] {logging_mixin.py:188} INFO - [2024-03-18T08:03:42.581+0000] {dag.py:3047} INFO - Sync 3 DAGs
[2024-03-18T08:03:42.603+0000] {logging_mixin.py:188} INFO - [2024-03-18T08:03:42.603+0000] {dag.py:3834} INFO - Setting next_dagrun for example_subdag_operator to 2022-01-01 00:00:00+00:00, run_after=2022-01-01 00:00:00+00:00
[2024-03-18T08:03:42.607+0000] {logging_mixin.py:188} INFO - [2024-03-18T08:03:42.607+0000] {dag.py:3834} INFO - Setting next_dagrun for example_subdag_operator.section-1 to None, run_after=None
[2024-03-18T08:03:42.608+0000] {logging_mixin.py:188} INFO - [2024-03-18T08:03:42.608+0000] {dag.py:3834} INFO - Setting next_dagrun for example_subdag_operator.section-2 to None, run_after=None
[2024-03-18T08:03:42.615+0000] {logging_mixin.py:188} INFO - [2024-03-18T08:03:42.615+0000] {dag.py:3047} INFO - Sync 2 DAGs
[2024-03-18T08:03:42.620+0000] {logging_mixin.py:188} INFO - [2024-03-18T08:03:42.620+0000] {dag.py:3834} INFO - Setting next_dagrun for example_subdag_operator.section-1 to None, run_after=None
[2024-03-18T08:03:42.621+0000] {logging_mixin.py:188} INFO - [2024-03-18T08:03:42.621+0000] {dag.py:3834} INFO - Setting next_dagrun for example_subdag_operator.section-2 to None, run_after=None
[2024-03-18T08:03:42.643+0000] {processor.py:183} INFO - Processing /home/ubuntu/air_venv/lib/python3.10/site-packages/airflow/example_dags/example_subdag_operator.py took 0.110 seconds
[2024-03-18T08:04:31.406+0000] {processor.py:161} INFO - Started process (PID=5088) to work on /home/ubuntu/air_venv/lib/python3.10/site-packages/airflow/example_dags/example_subdag_operator.py
[2024-03-18T08:04:31.408+0000] {processor.py:830} INFO - Processing file /home/ubuntu/air_venv/lib/python3.10/site-packages/airflow/example_dags/example_subdag_operator.py for tasks to queue
[2024-03-18T08:04:31.410+0000] {logging_mixin.py:188} INFO - [2024-03-18T08:04:31.409+0000] {dagbag.py:540} INFO - Filling up the DagBag from /home/ubuntu/air_venv/lib/python3.10/site-packages/airflow/example_dags/example_subdag_operator.py
[2024-03-18T08:04:31.433+0000] {processor.py:840} INFO - DAG(s) 'example_subdag_operator.section-1', 'example_subdag_operator.section-2', 'example_subdag_operator' retrieved from /home/ubuntu/air_venv/lib/python3.10/site-packages/airflow/example_dags/example_subdag_operator.py
[2024-03-18T08:04:31.450+0000] {logging_mixin.py:188} INFO - [2024-03-18T08:04:31.450+0000] {dag.py:3047} INFO - Sync 3 DAGs
[2024-03-18T08:04:31.474+0000] {logging_mixin.py:188} INFO - [2024-03-18T08:04:31.474+0000] {dag.py:3834} INFO - Setting next_dagrun for example_subdag_operator to 2022-01-01 00:00:00+00:00, run_after=2022-01-01 00:00:00+00:00
[2024-03-18T08:04:31.478+0000] {logging_mixin.py:188} INFO - [2024-03-18T08:04:31.477+0000] {dag.py:3834} INFO - Setting next_dagrun for example_subdag_operator.section-1 to None, run_after=None
[2024-03-18T08:04:31.479+0000] {logging_mixin.py:188} INFO - [2024-03-18T08:04:31.478+0000] {dag.py:3834} INFO - Setting next_dagrun for example_subdag_operator.section-2 to None, run_after=None
[2024-03-18T08:04:31.486+0000] {logging_mixin.py:188} INFO - [2024-03-18T08:04:31.486+0000] {dag.py:3047} INFO - Sync 2 DAGs
[2024-03-18T08:04:31.491+0000] {logging_mixin.py:188} INFO - [2024-03-18T08:04:31.491+0000] {dag.py:3834} INFO - Setting next_dagrun for example_subdag_operator.section-1 to None, run_after=None
[2024-03-18T08:04:31.492+0000] {logging_mixin.py:188} INFO - [2024-03-18T08:04:31.492+0000] {dag.py:3834} INFO - Setting next_dagrun for example_subdag_operator.section-2 to None, run_after=None
[2024-03-18T08:04:31.510+0000] {processor.py:183} INFO - Processing /home/ubuntu/air_venv/lib/python3.10/site-packages/airflow/example_dags/example_subdag_operator.py took 0.107 seconds
[2024-03-18T08:05:25.176+0000] {processor.py:161} INFO - Started process (PID=5560) to work on /home/ubuntu/air_venv/lib/python3.10/site-packages/airflow/example_dags/example_subdag_operator.py
[2024-03-18T08:05:25.178+0000] {processor.py:830} INFO - Processing file /home/ubuntu/air_venv/lib/python3.10/site-packages/airflow/example_dags/example_subdag_operator.py for tasks to queue
[2024-03-18T08:05:25.179+0000] {logging_mixin.py:188} INFO - [2024-03-18T08:05:25.179+0000] {dagbag.py:540} INFO - Filling up the DagBag from /home/ubuntu/air_venv/lib/python3.10/site-packages/airflow/example_dags/example_subdag_operator.py
[2024-03-18T08:05:25.202+0000] {processor.py:840} INFO - DAG(s) 'example_subdag_operator.section-1', 'example_subdag_operator.section-2', 'example_subdag_operator' retrieved from /home/ubuntu/air_venv/lib/python3.10/site-packages/airflow/example_dags/example_subdag_operator.py
[2024-03-18T08:05:25.219+0000] {logging_mixin.py:188} INFO - [2024-03-18T08:05:25.219+0000] {dag.py:3047} INFO - Sync 3 DAGs
[2024-03-18T08:05:25.242+0000] {logging_mixin.py:188} INFO - [2024-03-18T08:05:25.241+0000] {dag.py:3834} INFO - Setting next_dagrun for example_subdag_operator to 2022-01-01 00:00:00+00:00, run_after=2022-01-01 00:00:00+00:00
[2024-03-18T08:05:25.246+0000] {logging_mixin.py:188} INFO - [2024-03-18T08:05:25.245+0000] {dag.py:3834} INFO - Setting next_dagrun for example_subdag_operator.section-1 to None, run_after=None
[2024-03-18T08:05:25.247+0000] {logging_mixin.py:188} INFO - [2024-03-18T08:05:25.247+0000] {dag.py:3834} INFO - Setting next_dagrun for example_subdag_operator.section-2 to None, run_after=None
[2024-03-18T08:05:25.253+0000] {logging_mixin.py:188} INFO - [2024-03-18T08:05:25.253+0000] {dag.py:3047} INFO - Sync 2 DAGs
[2024-03-18T08:05:25.258+0000] {logging_mixin.py:188} INFO - [2024-03-18T08:05:25.258+0000] {dag.py:3834} INFO - Setting next_dagrun for example_subdag_operator.section-1 to None, run_after=None
[2024-03-18T08:05:25.259+0000] {logging_mixin.py:188} INFO - [2024-03-18T08:05:25.259+0000] {dag.py:3834} INFO - Setting next_dagrun for example_subdag_operator.section-2 to None, run_after=None
[2024-03-18T08:05:25.278+0000] {processor.py:183} INFO - Processing /home/ubuntu/air_venv/lib/python3.10/site-packages/airflow/example_dags/example_subdag_operator.py took 0.106 seconds
[2024-03-18T08:06:14.416+0000] {processor.py:161} INFO - Started process (PID=6115) to work on /home/ubuntu/air_venv/lib/python3.10/site-packages/airflow/example_dags/example_subdag_operator.py
[2024-03-18T08:06:14.418+0000] {processor.py:830} INFO - Processing file /home/ubuntu/air_venv/lib/python3.10/site-packages/airflow/example_dags/example_subdag_operator.py for tasks to queue
[2024-03-18T08:06:14.419+0000] {logging_mixin.py:188} INFO - [2024-03-18T08:06:14.419+0000] {dagbag.py:540} INFO - Filling up the DagBag from /home/ubuntu/air_venv/lib/python3.10/site-packages/airflow/example_dags/example_subdag_operator.py
[2024-03-18T08:06:14.442+0000] {processor.py:840} INFO - DAG(s) 'example_subdag_operator.section-1', 'example_subdag_operator.section-2', 'example_subdag_operator' retrieved from /home/ubuntu/air_venv/lib/python3.10/site-packages/airflow/example_dags/example_subdag_operator.py
[2024-03-18T08:06:14.460+0000] {logging_mixin.py:188} INFO - [2024-03-18T08:06:14.460+0000] {dag.py:3047} INFO - Sync 3 DAGs
[2024-03-18T08:06:14.482+0000] {logging_mixin.py:188} INFO - [2024-03-18T08:06:14.482+0000] {dag.py:3834} INFO - Setting next_dagrun for example_subdag_operator to 2022-01-01 00:00:00+00:00, run_after=2022-01-01 00:00:00+00:00
[2024-03-18T08:06:14.486+0000] {logging_mixin.py:188} INFO - [2024-03-18T08:06:14.486+0000] {dag.py:3834} INFO - Setting next_dagrun for example_subdag_operator.section-1 to None, run_after=None
[2024-03-18T08:06:14.488+0000] {logging_mixin.py:188} INFO - [2024-03-18T08:06:14.488+0000] {dag.py:3834} INFO - Setting next_dagrun for example_subdag_operator.section-2 to None, run_after=None
[2024-03-18T08:06:14.495+0000] {logging_mixin.py:188} INFO - [2024-03-18T08:06:14.495+0000] {dag.py:3047} INFO - Sync 2 DAGs
[2024-03-18T08:06:14.500+0000] {logging_mixin.py:188} INFO - [2024-03-18T08:06:14.500+0000] {dag.py:3834} INFO - Setting next_dagrun for example_subdag_operator.section-1 to None, run_after=None
[2024-03-18T08:06:14.501+0000] {logging_mixin.py:188} INFO - [2024-03-18T08:06:14.501+0000] {dag.py:3834} INFO - Setting next_dagrun for example_subdag_operator.section-2 to None, run_after=None
[2024-03-18T08:06:14.520+0000] {processor.py:183} INFO - Processing /home/ubuntu/air_venv/lib/python3.10/site-packages/airflow/example_dags/example_subdag_operator.py took 0.107 seconds
[2024-03-18T08:07:21.312+0000] {processor.py:161} INFO - Started process (PID=7001) to work on /home/ubuntu/air_venv/lib/python3.10/site-packages/airflow/example_dags/example_subdag_operator.py
[2024-03-18T08:07:21.314+0000] {processor.py:830} INFO - Processing file /home/ubuntu/air_venv/lib/python3.10/site-packages/airflow/example_dags/example_subdag_operator.py for tasks to queue
[2024-03-18T08:07:21.316+0000] {logging_mixin.py:188} INFO - [2024-03-18T08:07:21.315+0000] {dagbag.py:540} INFO - Filling up the DagBag from /home/ubuntu/air_venv/lib/python3.10/site-packages/airflow/example_dags/example_subdag_operator.py
[2024-03-18T08:07:21.339+0000] {processor.py:840} INFO - DAG(s) 'example_subdag_operator.section-1', 'example_subdag_operator.section-2', 'example_subdag_operator' retrieved from /home/ubuntu/air_venv/lib/python3.10/site-packages/airflow/example_dags/example_subdag_operator.py
[2024-03-18T08:07:21.358+0000] {logging_mixin.py:188} INFO - [2024-03-18T08:07:21.357+0000] {dag.py:3047} INFO - Sync 3 DAGs
[2024-03-18T08:07:21.379+0000] {logging_mixin.py:188} INFO - [2024-03-18T08:07:21.379+0000] {dag.py:3834} INFO - Setting next_dagrun for example_subdag_operator to 2022-01-01 00:00:00+00:00, run_after=2022-01-01 00:00:00+00:00
[2024-03-18T08:07:21.383+0000] {logging_mixin.py:188} INFO - [2024-03-18T08:07:21.383+0000] {dag.py:3834} INFO - Setting next_dagrun for example_subdag_operator.section-1 to None, run_after=None
[2024-03-18T08:07:21.384+0000] {logging_mixin.py:188} INFO - [2024-03-18T08:07:21.384+0000] {dag.py:3834} INFO - Setting next_dagrun for example_subdag_operator.section-2 to None, run_after=None
[2024-03-18T08:07:21.391+0000] {logging_mixin.py:188} INFO - [2024-03-18T08:07:21.391+0000] {dag.py:3047} INFO - Sync 2 DAGs
[2024-03-18T08:07:21.396+0000] {logging_mixin.py:188} INFO - [2024-03-18T08:07:21.396+0000] {dag.py:3834} INFO - Setting next_dagrun for example_subdag_operator.section-1 to None, run_after=None
[2024-03-18T08:07:21.397+0000] {logging_mixin.py:188} INFO - [2024-03-18T08:07:21.397+0000] {dag.py:3834} INFO - Setting next_dagrun for example_subdag_operator.section-2 to None, run_after=None
[2024-03-18T08:07:21.429+0000] {processor.py:183} INFO - Processing /home/ubuntu/air_venv/lib/python3.10/site-packages/airflow/example_dags/example_subdag_operator.py took 0.120 seconds
[2024-03-18T08:08:15.464+0000] {processor.py:161} INFO - Started process (PID=7232) to work on /home/ubuntu/air_venv/lib/python3.10/site-packages/airflow/example_dags/example_subdag_operator.py
[2024-03-18T08:08:15.466+0000] {processor.py:830} INFO - Processing file /home/ubuntu/air_venv/lib/python3.10/site-packages/airflow/example_dags/example_subdag_operator.py for tasks to queue
[2024-03-18T08:08:15.467+0000] {logging_mixin.py:188} INFO - [2024-03-18T08:08:15.466+0000] {dagbag.py:540} INFO - Filling up the DagBag from /home/ubuntu/air_venv/lib/python3.10/site-packages/airflow/example_dags/example_subdag_operator.py
[2024-03-18T08:08:15.490+0000] {processor.py:840} INFO - DAG(s) 'example_subdag_operator.section-1', 'example_subdag_operator.section-2', 'example_subdag_operator' retrieved from /home/ubuntu/air_venv/lib/python3.10/site-packages/airflow/example_dags/example_subdag_operator.py
[2024-03-18T08:08:15.507+0000] {logging_mixin.py:188} INFO - [2024-03-18T08:08:15.507+0000] {dag.py:3047} INFO - Sync 3 DAGs
[2024-03-18T08:08:15.529+0000] {logging_mixin.py:188} INFO - [2024-03-18T08:08:15.529+0000] {dag.py:3834} INFO - Setting next_dagrun for example_subdag_operator to 2022-01-01 00:00:00+00:00, run_after=2022-01-01 00:00:00+00:00
[2024-03-18T08:08:15.533+0000] {logging_mixin.py:188} INFO - [2024-03-18T08:08:15.533+0000] {dag.py:3834} INFO - Setting next_dagrun for example_subdag_operator.section-1 to None, run_after=None
[2024-03-18T08:08:15.534+0000] {logging_mixin.py:188} INFO - [2024-03-18T08:08:15.534+0000] {dag.py:3834} INFO - Setting next_dagrun for example_subdag_operator.section-2 to None, run_after=None
[2024-03-18T08:08:15.542+0000] {logging_mixin.py:188} INFO - [2024-03-18T08:08:15.542+0000] {dag.py:3047} INFO - Sync 2 DAGs
[2024-03-18T08:08:15.547+0000] {logging_mixin.py:188} INFO - [2024-03-18T08:08:15.547+0000] {dag.py:3834} INFO - Setting next_dagrun for example_subdag_operator.section-1 to None, run_after=None
[2024-03-18T08:08:15.548+0000] {logging_mixin.py:188} INFO - [2024-03-18T08:08:15.548+0000] {dag.py:3834} INFO - Setting next_dagrun for example_subdag_operator.section-2 to None, run_after=None
[2024-03-18T08:08:15.566+0000] {processor.py:183} INFO - Processing /home/ubuntu/air_venv/lib/python3.10/site-packages/airflow/example_dags/example_subdag_operator.py took 0.105 seconds
[2024-03-18T08:09:02.175+0000] {processor.py:161} INFO - Started process (PID=7587) to work on /home/ubuntu/air_venv/lib/python3.10/site-packages/airflow/example_dags/example_subdag_operator.py
[2024-03-18T08:09:02.178+0000] {processor.py:830} INFO - Processing file /home/ubuntu/air_venv/lib/python3.10/site-packages/airflow/example_dags/example_subdag_operator.py for tasks to queue
[2024-03-18T08:09:02.179+0000] {logging_mixin.py:188} INFO - [2024-03-18T08:09:02.179+0000] {dagbag.py:540} INFO - Filling up the DagBag from /home/ubuntu/air_venv/lib/python3.10/site-packages/airflow/example_dags/example_subdag_operator.py
[2024-03-18T08:09:02.326+0000] {processor.py:840} INFO - DAG(s) 'example_subdag_operator.section-1', 'example_subdag_operator.section-2', 'example_subdag_operator' retrieved from /home/ubuntu/air_venv/lib/python3.10/site-packages/airflow/example_dags/example_subdag_operator.py
[2024-03-18T08:09:02.421+0000] {logging_mixin.py:188} INFO - [2024-03-18T08:09:02.421+0000] {dag.py:3047} INFO - Sync 3 DAGs
[2024-03-18T08:09:02.571+0000] {logging_mixin.py:188} INFO - [2024-03-18T08:09:02.571+0000] {dag.py:3834} INFO - Setting next_dagrun for example_subdag_operator to 2022-01-01 00:00:00+00:00, run_after=2022-01-01 00:00:00+00:00
[2024-03-18T08:09:02.578+0000] {logging_mixin.py:188} INFO - [2024-03-18T08:09:02.577+0000] {dag.py:3834} INFO - Setting next_dagrun for example_subdag_operator.section-1 to None, run_after=None
[2024-03-18T08:09:02.579+0000] {logging_mixin.py:188} INFO - [2024-03-18T08:09:02.579+0000] {dag.py:3834} INFO - Setting next_dagrun for example_subdag_operator.section-2 to None, run_after=None
[2024-03-18T08:09:02.631+0000] {logging_mixin.py:188} INFO - [2024-03-18T08:09:02.631+0000] {dag.py:3047} INFO - Sync 2 DAGs
[2024-03-18T08:09:02.681+0000] {logging_mixin.py:188} INFO - [2024-03-18T08:09:02.680+0000] {dag.py:3834} INFO - Setting next_dagrun for example_subdag_operator.section-1 to None, run_after=None
[2024-03-18T08:09:02.681+0000] {logging_mixin.py:188} INFO - [2024-03-18T08:09:02.681+0000] {dag.py:3834} INFO - Setting next_dagrun for example_subdag_operator.section-2 to None, run_after=None
[2024-03-18T08:09:02.920+0000] {processor.py:183} INFO - Processing /home/ubuntu/air_venv/lib/python3.10/site-packages/airflow/example_dags/example_subdag_operator.py took 0.828 seconds
[2024-03-18T08:09:45.907+0000] {processor.py:161} INFO - Started process (PID=7993) to work on /home/ubuntu/air_venv/lib/python3.10/site-packages/airflow/example_dags/example_subdag_operator.py
[2024-03-18T08:09:45.909+0000] {processor.py:830} INFO - Processing file /home/ubuntu/air_venv/lib/python3.10/site-packages/airflow/example_dags/example_subdag_operator.py for tasks to queue
[2024-03-18T08:09:45.910+0000] {logging_mixin.py:188} INFO - [2024-03-18T08:09:45.909+0000] {dagbag.py:540} INFO - Filling up the DagBag from /home/ubuntu/air_venv/lib/python3.10/site-packages/airflow/example_dags/example_subdag_operator.py
[2024-03-18T08:09:45.933+0000] {processor.py:840} INFO - DAG(s) 'example_subdag_operator.section-1', 'example_subdag_operator.section-2', 'example_subdag_operator' retrieved from /home/ubuntu/air_venv/lib/python3.10/site-packages/airflow/example_dags/example_subdag_operator.py
[2024-03-18T08:09:45.951+0000] {logging_mixin.py:188} INFO - [2024-03-18T08:09:45.951+0000] {dag.py:3047} INFO - Sync 3 DAGs
[2024-03-18T08:09:45.973+0000] {logging_mixin.py:188} INFO - [2024-03-18T08:09:45.972+0000] {dag.py:3834} INFO - Setting next_dagrun for example_subdag_operator to 2022-01-01 00:00:00+00:00, run_after=2022-01-01 00:00:00+00:00
[2024-03-18T08:09:45.976+0000] {logging_mixin.py:188} INFO - [2024-03-18T08:09:45.976+0000] {dag.py:3834} INFO - Setting next_dagrun for example_subdag_operator.section-1 to None, run_after=None
[2024-03-18T08:09:45.978+0000] {logging_mixin.py:188} INFO - [2024-03-18T08:09:45.977+0000] {dag.py:3834} INFO - Setting next_dagrun for example_subdag_operator.section-2 to None, run_after=None
[2024-03-18T08:09:45.984+0000] {logging_mixin.py:188} INFO - [2024-03-18T08:09:45.984+0000] {dag.py:3047} INFO - Sync 2 DAGs
[2024-03-18T08:09:45.989+0000] {logging_mixin.py:188} INFO - [2024-03-18T08:09:45.989+0000] {dag.py:3834} INFO - Setting next_dagrun for example_subdag_operator.section-1 to None, run_after=None
[2024-03-18T08:09:45.989+0000] {logging_mixin.py:188} INFO - [2024-03-18T08:09:45.989+0000] {dag.py:3834} INFO - Setting next_dagrun for example_subdag_operator.section-2 to None, run_after=None
[2024-03-18T08:09:46.007+0000] {processor.py:183} INFO - Processing /home/ubuntu/air_venv/lib/python3.10/site-packages/airflow/example_dags/example_subdag_operator.py took 0.104 seconds
[2024-03-18T08:10:28.344+0000] {processor.py:161} INFO - Started process (PID=8273) to work on /home/ubuntu/air_venv/lib/python3.10/site-packages/airflow/example_dags/example_subdag_operator.py
[2024-03-18T08:10:28.347+0000] {processor.py:830} INFO - Processing file /home/ubuntu/air_venv/lib/python3.10/site-packages/airflow/example_dags/example_subdag_operator.py for tasks to queue
[2024-03-18T08:10:28.351+0000] {logging_mixin.py:188} INFO - [2024-03-18T08:10:28.350+0000] {dagbag.py:540} INFO - Filling up the DagBag from /home/ubuntu/air_venv/lib/python3.10/site-packages/airflow/example_dags/example_subdag_operator.py
[2024-03-18T08:10:28.373+0000] {processor.py:840} INFO - DAG(s) 'example_subdag_operator.section-1', 'example_subdag_operator.section-2', 'example_subdag_operator' retrieved from /home/ubuntu/air_venv/lib/python3.10/site-packages/airflow/example_dags/example_subdag_operator.py
[2024-03-18T08:10:28.398+0000] {logging_mixin.py:188} INFO - [2024-03-18T08:10:28.397+0000] {dag.py:3047} INFO - Sync 3 DAGs
[2024-03-18T08:10:28.419+0000] {logging_mixin.py:188} INFO - [2024-03-18T08:10:28.419+0000] {dag.py:3834} INFO - Setting next_dagrun for example_subdag_operator to 2022-01-01 00:00:00+00:00, run_after=2022-01-01 00:00:00+00:00
[2024-03-18T08:10:28.423+0000] {logging_mixin.py:188} INFO - [2024-03-18T08:10:28.423+0000] {dag.py:3834} INFO - Setting next_dagrun for example_subdag_operator.section-1 to None, run_after=None
[2024-03-18T08:10:28.424+0000] {logging_mixin.py:188} INFO - [2024-03-18T08:10:28.424+0000] {dag.py:3834} INFO - Setting next_dagrun for example_subdag_operator.section-2 to None, run_after=None
[2024-03-18T08:10:28.431+0000] {logging_mixin.py:188} INFO - [2024-03-18T08:10:28.431+0000] {dag.py:3047} INFO - Sync 2 DAGs
[2024-03-18T08:10:28.436+0000] {logging_mixin.py:188} INFO - [2024-03-18T08:10:28.436+0000] {dag.py:3834} INFO - Setting next_dagrun for example_subdag_operator.section-1 to None, run_after=None
[2024-03-18T08:10:28.436+0000] {logging_mixin.py:188} INFO - [2024-03-18T08:10:28.436+0000] {dag.py:3834} INFO - Setting next_dagrun for example_subdag_operator.section-2 to None, run_after=None
[2024-03-18T08:10:28.453+0000] {processor.py:183} INFO - Processing /home/ubuntu/air_venv/lib/python3.10/site-packages/airflow/example_dags/example_subdag_operator.py took 0.117 seconds
[2024-03-18T08:11:29.450+0000] {processor.py:161} INFO - Started process (PID=8815) to work on /home/ubuntu/air_venv/lib/python3.10/site-packages/airflow/example_dags/example_subdag_operator.py
[2024-03-18T08:11:29.452+0000] {processor.py:830} INFO - Processing file /home/ubuntu/air_venv/lib/python3.10/site-packages/airflow/example_dags/example_subdag_operator.py for tasks to queue
[2024-03-18T08:11:29.453+0000] {logging_mixin.py:188} INFO - [2024-03-18T08:11:29.453+0000] {dagbag.py:540} INFO - Filling up the DagBag from /home/ubuntu/air_venv/lib/python3.10/site-packages/airflow/example_dags/example_subdag_operator.py
[2024-03-18T08:11:29.476+0000] {processor.py:840} INFO - DAG(s) 'example_subdag_operator.section-1', 'example_subdag_operator.section-2', 'example_subdag_operator' retrieved from /home/ubuntu/air_venv/lib/python3.10/site-packages/airflow/example_dags/example_subdag_operator.py
[2024-03-18T08:11:29.494+0000] {logging_mixin.py:188} INFO - [2024-03-18T08:11:29.494+0000] {dag.py:3047} INFO - Sync 3 DAGs
[2024-03-18T08:11:29.515+0000] {logging_mixin.py:188} INFO - [2024-03-18T08:11:29.515+0000] {dag.py:3834} INFO - Setting next_dagrun for example_subdag_operator to 2022-01-01 00:00:00+00:00, run_after=2022-01-01 00:00:00+00:00
[2024-03-18T08:11:29.519+0000] {logging_mixin.py:188} INFO - [2024-03-18T08:11:29.519+0000] {dag.py:3834} INFO - Setting next_dagrun for example_subdag_operator.section-1 to None, run_after=None
[2024-03-18T08:11:29.520+0000] {logging_mixin.py:188} INFO - [2024-03-18T08:11:29.520+0000] {dag.py:3834} INFO - Setting next_dagrun for example_subdag_operator.section-2 to None, run_after=None
[2024-03-18T08:11:29.527+0000] {logging_mixin.py:188} INFO - [2024-03-18T08:11:29.527+0000] {dag.py:3047} INFO - Sync 2 DAGs
[2024-03-18T08:11:29.532+0000] {logging_mixin.py:188} INFO - [2024-03-18T08:11:29.531+0000] {dag.py:3834} INFO - Setting next_dagrun for example_subdag_operator.section-1 to None, run_after=None
[2024-03-18T08:11:29.532+0000] {logging_mixin.py:188} INFO - [2024-03-18T08:11:29.532+0000] {dag.py:3834} INFO - Setting next_dagrun for example_subdag_operator.section-2 to None, run_after=None
[2024-03-18T08:11:29.554+0000] {processor.py:183} INFO - Processing /home/ubuntu/air_venv/lib/python3.10/site-packages/airflow/example_dags/example_subdag_operator.py took 0.108 seconds
[2024-03-18T08:12:28.888+0000] {processor.py:161} INFO - Started process (PID=9176) to work on /home/ubuntu/air_venv/lib/python3.10/site-packages/airflow/example_dags/example_subdag_operator.py
[2024-03-18T08:12:28.889+0000] {processor.py:830} INFO - Processing file /home/ubuntu/air_venv/lib/python3.10/site-packages/airflow/example_dags/example_subdag_operator.py for tasks to queue
[2024-03-18T08:12:28.891+0000] {logging_mixin.py:188} INFO - [2024-03-18T08:12:28.890+0000] {dagbag.py:540} INFO - Filling up the DagBag from /home/ubuntu/air_venv/lib/python3.10/site-packages/airflow/example_dags/example_subdag_operator.py
[2024-03-18T08:12:28.913+0000] {processor.py:840} INFO - DAG(s) 'example_subdag_operator.section-1', 'example_subdag_operator.section-2', 'example_subdag_operator' retrieved from /home/ubuntu/air_venv/lib/python3.10/site-packages/airflow/example_dags/example_subdag_operator.py
[2024-03-18T08:12:28.930+0000] {logging_mixin.py:188} INFO - [2024-03-18T08:12:28.929+0000] {dag.py:3047} INFO - Sync 3 DAGs
[2024-03-18T08:12:28.951+0000] {logging_mixin.py:188} INFO - [2024-03-18T08:12:28.951+0000] {dag.py:3834} INFO - Setting next_dagrun for example_subdag_operator to 2022-01-01 00:00:00+00:00, run_after=2022-01-01 00:00:00+00:00
[2024-03-18T08:12:28.955+0000] {logging_mixin.py:188} INFO - [2024-03-18T08:12:28.955+0000] {dag.py:3834} INFO - Setting next_dagrun for example_subdag_operator.section-1 to None, run_after=None
[2024-03-18T08:12:28.956+0000] {logging_mixin.py:188} INFO - [2024-03-18T08:12:28.956+0000] {dag.py:3834} INFO - Setting next_dagrun for example_subdag_operator.section-2 to None, run_after=None
[2024-03-18T08:12:28.963+0000] {logging_mixin.py:188} INFO - [2024-03-18T08:12:28.963+0000] {dag.py:3047} INFO - Sync 2 DAGs
[2024-03-18T08:12:28.967+0000] {logging_mixin.py:188} INFO - [2024-03-18T08:12:28.967+0000] {dag.py:3834} INFO - Setting next_dagrun for example_subdag_operator.section-1 to None, run_after=None
[2024-03-18T08:12:28.968+0000] {logging_mixin.py:188} INFO - [2024-03-18T08:12:28.968+0000] {dag.py:3834} INFO - Setting next_dagrun for example_subdag_operator.section-2 to None, run_after=None
[2024-03-18T08:12:28.984+0000] {processor.py:183} INFO - Processing /home/ubuntu/air_venv/lib/python3.10/site-packages/airflow/example_dags/example_subdag_operator.py took 0.100 seconds
[2024-03-18T08:13:15.511+0000] {processor.py:161} INFO - Started process (PID=9461) to work on /home/ubuntu/air_venv/lib/python3.10/site-packages/airflow/example_dags/example_subdag_operator.py
[2024-03-18T08:13:15.512+0000] {processor.py:830} INFO - Processing file /home/ubuntu/air_venv/lib/python3.10/site-packages/airflow/example_dags/example_subdag_operator.py for tasks to queue
[2024-03-18T08:13:15.513+0000] {logging_mixin.py:188} INFO - [2024-03-18T08:13:15.513+0000] {dagbag.py:540} INFO - Filling up the DagBag from /home/ubuntu/air_venv/lib/python3.10/site-packages/airflow/example_dags/example_subdag_operator.py
[2024-03-18T08:13:15.537+0000] {processor.py:840} INFO - DAG(s) 'example_subdag_operator.section-1', 'example_subdag_operator.section-2', 'example_subdag_operator' retrieved from /home/ubuntu/air_venv/lib/python3.10/site-packages/airflow/example_dags/example_subdag_operator.py
[2024-03-18T08:13:15.554+0000] {logging_mixin.py:188} INFO - [2024-03-18T08:13:15.554+0000] {dag.py:3047} INFO - Sync 3 DAGs
[2024-03-18T08:13:15.584+0000] {logging_mixin.py:188} INFO - [2024-03-18T08:13:15.583+0000] {dag.py:3834} INFO - Setting next_dagrun for example_subdag_operator to 2022-01-01 00:00:00+00:00, run_after=2022-01-01 00:00:00+00:00
[2024-03-18T08:13:15.587+0000] {logging_mixin.py:188} INFO - [2024-03-18T08:13:15.587+0000] {dag.py:3834} INFO - Setting next_dagrun for example_subdag_operator.section-1 to None, run_after=None
[2024-03-18T08:13:15.588+0000] {logging_mixin.py:188} INFO - [2024-03-18T08:13:15.588+0000] {dag.py:3834} INFO - Setting next_dagrun for example_subdag_operator.section-2 to None, run_after=None
[2024-03-18T08:13:15.596+0000] {logging_mixin.py:188} INFO - [2024-03-18T08:13:15.596+0000] {dag.py:3047} INFO - Sync 2 DAGs
[2024-03-18T08:13:15.601+0000] {logging_mixin.py:188} INFO - [2024-03-18T08:13:15.600+0000] {dag.py:3834} INFO - Setting next_dagrun for example_subdag_operator.section-1 to None, run_after=None
[2024-03-18T08:13:15.601+0000] {logging_mixin.py:188} INFO - [2024-03-18T08:13:15.601+0000] {dag.py:3834} INFO - Setting next_dagrun for example_subdag_operator.section-2 to None, run_after=None
[2024-03-18T08:13:15.619+0000] {processor.py:183} INFO - Processing /home/ubuntu/air_venv/lib/python3.10/site-packages/airflow/example_dags/example_subdag_operator.py took 0.112 seconds
[2024-03-18T08:13:56.076+0000] {processor.py:161} INFO - Started process (PID=9625) to work on /home/ubuntu/air_venv/lib/python3.10/site-packages/airflow/example_dags/example_subdag_operator.py
[2024-03-18T08:13:56.078+0000] {processor.py:830} INFO - Processing file /home/ubuntu/air_venv/lib/python3.10/site-packages/airflow/example_dags/example_subdag_operator.py for tasks to queue
[2024-03-18T08:13:56.079+0000] {logging_mixin.py:188} INFO - [2024-03-18T08:13:56.078+0000] {dagbag.py:540} INFO - Filling up the DagBag from /home/ubuntu/air_venv/lib/python3.10/site-packages/airflow/example_dags/example_subdag_operator.py
[2024-03-18T08:13:56.101+0000] {processor.py:840} INFO - DAG(s) 'example_subdag_operator.section-1', 'example_subdag_operator.section-2', 'example_subdag_operator' retrieved from /home/ubuntu/air_venv/lib/python3.10/site-packages/airflow/example_dags/example_subdag_operator.py
[2024-03-18T08:13:56.119+0000] {logging_mixin.py:188} INFO - [2024-03-18T08:13:56.118+0000] {dag.py:3047} INFO - Sync 3 DAGs
[2024-03-18T08:13:56.141+0000] {logging_mixin.py:188} INFO - [2024-03-18T08:13:56.141+0000] {dag.py:3834} INFO - Setting next_dagrun for example_subdag_operator to 2022-01-01 00:00:00+00:00, run_after=2022-01-01 00:00:00+00:00
[2024-03-18T08:13:56.145+0000] {logging_mixin.py:188} INFO - [2024-03-18T08:13:56.145+0000] {dag.py:3834} INFO - Setting next_dagrun for example_subdag_operator.section-1 to None, run_after=None
[2024-03-18T08:13:56.146+0000] {logging_mixin.py:188} INFO - [2024-03-18T08:13:56.146+0000] {dag.py:3834} INFO - Setting next_dagrun for example_subdag_operator.section-2 to None, run_after=None
[2024-03-18T08:13:56.153+0000] {logging_mixin.py:188} INFO - [2024-03-18T08:13:56.153+0000] {dag.py:3047} INFO - Sync 2 DAGs
[2024-03-18T08:13:56.157+0000] {logging_mixin.py:188} INFO - [2024-03-18T08:13:56.157+0000] {dag.py:3834} INFO - Setting next_dagrun for example_subdag_operator.section-1 to None, run_after=None
[2024-03-18T08:13:56.158+0000] {logging_mixin.py:188} INFO - [2024-03-18T08:13:56.158+0000] {dag.py:3834} INFO - Setting next_dagrun for example_subdag_operator.section-2 to None, run_after=None
[2024-03-18T08:13:56.175+0000] {processor.py:183} INFO - Processing /home/ubuntu/air_venv/lib/python3.10/site-packages/airflow/example_dags/example_subdag_operator.py took 0.103 seconds
[2024-03-18T08:15:30.633+0000] {processor.py:161} INFO - Started process (PID=10503) to work on /home/ubuntu/air_venv/lib/python3.10/site-packages/airflow/example_dags/example_subdag_operator.py
[2024-03-18T08:15:30.635+0000] {processor.py:830} INFO - Processing file /home/ubuntu/air_venv/lib/python3.10/site-packages/airflow/example_dags/example_subdag_operator.py for tasks to queue
[2024-03-18T08:15:30.637+0000] {logging_mixin.py:188} INFO - [2024-03-18T08:15:30.636+0000] {dagbag.py:540} INFO - Filling up the DagBag from /home/ubuntu/air_venv/lib/python3.10/site-packages/airflow/example_dags/example_subdag_operator.py
[2024-03-18T08:15:30.660+0000] {processor.py:840} INFO - DAG(s) 'example_subdag_operator.section-1', 'example_subdag_operator.section-2', 'example_subdag_operator' retrieved from /home/ubuntu/air_venv/lib/python3.10/site-packages/airflow/example_dags/example_subdag_operator.py
[2024-03-18T08:15:30.679+0000] {logging_mixin.py:188} INFO - [2024-03-18T08:15:30.678+0000] {dag.py:3047} INFO - Sync 3 DAGs
[2024-03-18T08:15:30.699+0000] {logging_mixin.py:188} INFO - [2024-03-18T08:15:30.699+0000] {dag.py:3834} INFO - Setting next_dagrun for example_subdag_operator to 2022-01-01 00:00:00+00:00, run_after=2022-01-01 00:00:00+00:00
[2024-03-18T08:15:30.703+0000] {logging_mixin.py:188} INFO - [2024-03-18T08:15:30.703+0000] {dag.py:3834} INFO - Setting next_dagrun for example_subdag_operator.section-1 to None, run_after=None
[2024-03-18T08:15:30.704+0000] {logging_mixin.py:188} INFO - [2024-03-18T08:15:30.704+0000] {dag.py:3834} INFO - Setting next_dagrun for example_subdag_operator.section-2 to None, run_after=None
[2024-03-18T08:15:30.725+0000] {logging_mixin.py:188} INFO - [2024-03-18T08:15:30.722+0000] {dag.py:3047} INFO - Sync 2 DAGs
[2024-03-18T08:15:30.731+0000] {logging_mixin.py:188} INFO - [2024-03-18T08:15:30.731+0000] {dag.py:3834} INFO - Setting next_dagrun for example_subdag_operator.section-1 to None, run_after=None
[2024-03-18T08:15:30.732+0000] {logging_mixin.py:188} INFO - [2024-03-18T08:15:30.732+0000] {dag.py:3834} INFO - Setting next_dagrun for example_subdag_operator.section-2 to None, run_after=None
[2024-03-18T08:15:30.750+0000] {processor.py:183} INFO - Processing /home/ubuntu/air_venv/lib/python3.10/site-packages/airflow/example_dags/example_subdag_operator.py took 0.121 seconds
[2024-03-18T08:16:24.036+0000] {processor.py:161} INFO - Started process (PID=11094) to work on /home/ubuntu/air_venv/lib/python3.10/site-packages/airflow/example_dags/example_subdag_operator.py
[2024-03-18T08:16:24.037+0000] {processor.py:830} INFO - Processing file /home/ubuntu/air_venv/lib/python3.10/site-packages/airflow/example_dags/example_subdag_operator.py for tasks to queue
[2024-03-18T08:16:24.039+0000] {logging_mixin.py:188} INFO - [2024-03-18T08:16:24.038+0000] {dagbag.py:540} INFO - Filling up the DagBag from /home/ubuntu/air_venv/lib/python3.10/site-packages/airflow/example_dags/example_subdag_operator.py
[2024-03-18T08:16:24.063+0000] {processor.py:840} INFO - DAG(s) 'example_subdag_operator.section-1', 'example_subdag_operator.section-2', 'example_subdag_operator' retrieved from /home/ubuntu/air_venv/lib/python3.10/site-packages/airflow/example_dags/example_subdag_operator.py
[2024-03-18T08:16:24.082+0000] {logging_mixin.py:188} INFO - [2024-03-18T08:16:24.082+0000] {dag.py:3047} INFO - Sync 3 DAGs
[2024-03-18T08:16:24.107+0000] {logging_mixin.py:188} INFO - [2024-03-18T08:16:24.106+0000] {dag.py:3834} INFO - Setting next_dagrun for example_subdag_operator to 2022-01-01 00:00:00+00:00, run_after=2022-01-01 00:00:00+00:00
[2024-03-18T08:16:24.111+0000] {logging_mixin.py:188} INFO - [2024-03-18T08:16:24.111+0000] {dag.py:3834} INFO - Setting next_dagrun for example_subdag_operator.section-1 to None, run_after=None
[2024-03-18T08:16:24.113+0000] {logging_mixin.py:188} INFO - [2024-03-18T08:16:24.112+0000] {dag.py:3834} INFO - Setting next_dagrun for example_subdag_operator.section-2 to None, run_after=None
[2024-03-18T08:16:24.121+0000] {logging_mixin.py:188} INFO - [2024-03-18T08:16:24.121+0000] {dag.py:3047} INFO - Sync 2 DAGs
[2024-03-18T08:16:24.126+0000] {logging_mixin.py:188} INFO - [2024-03-18T08:16:24.126+0000] {dag.py:3834} INFO - Setting next_dagrun for example_subdag_operator.section-1 to None, run_after=None
[2024-03-18T08:16:24.127+0000] {logging_mixin.py:188} INFO - [2024-03-18T08:16:24.127+0000] {dag.py:3834} INFO - Setting next_dagrun for example_subdag_operator.section-2 to None, run_after=None
[2024-03-18T08:16:24.146+0000] {processor.py:183} INFO - Processing /home/ubuntu/air_venv/lib/python3.10/site-packages/airflow/example_dags/example_subdag_operator.py took 0.114 seconds
[2024-03-18T08:17:13.348+0000] {processor.py:161} INFO - Started process (PID=11745) to work on /home/ubuntu/air_venv/lib/python3.10/site-packages/airflow/example_dags/example_subdag_operator.py
[2024-03-18T08:17:13.350+0000] {processor.py:830} INFO - Processing file /home/ubuntu/air_venv/lib/python3.10/site-packages/airflow/example_dags/example_subdag_operator.py for tasks to queue
[2024-03-18T08:17:13.351+0000] {logging_mixin.py:188} INFO - [2024-03-18T08:17:13.351+0000] {dagbag.py:540} INFO - Filling up the DagBag from /home/ubuntu/air_venv/lib/python3.10/site-packages/airflow/example_dags/example_subdag_operator.py
[2024-03-18T08:17:13.374+0000] {processor.py:840} INFO - DAG(s) 'example_subdag_operator.section-1', 'example_subdag_operator.section-2', 'example_subdag_operator' retrieved from /home/ubuntu/air_venv/lib/python3.10/site-packages/airflow/example_dags/example_subdag_operator.py
[2024-03-18T08:17:13.392+0000] {logging_mixin.py:188} INFO - [2024-03-18T08:17:13.392+0000] {dag.py:3047} INFO - Sync 3 DAGs
[2024-03-18T08:17:13.414+0000] {logging_mixin.py:188} INFO - [2024-03-18T08:17:13.414+0000] {dag.py:3834} INFO - Setting next_dagrun for example_subdag_operator to 2022-01-01 00:00:00+00:00, run_after=2022-01-01 00:00:00+00:00
[2024-03-18T08:17:13.418+0000] {logging_mixin.py:188} INFO - [2024-03-18T08:17:13.418+0000] {dag.py:3834} INFO - Setting next_dagrun for example_subdag_operator.section-1 to None, run_after=None
[2024-03-18T08:17:13.419+0000] {logging_mixin.py:188} INFO - [2024-03-18T08:17:13.419+0000] {dag.py:3834} INFO - Setting next_dagrun for example_subdag_operator.section-2 to None, run_after=None
[2024-03-18T08:17:13.426+0000] {logging_mixin.py:188} INFO - [2024-03-18T08:17:13.425+0000] {dag.py:3047} INFO - Sync 2 DAGs
[2024-03-18T08:17:13.431+0000] {logging_mixin.py:188} INFO - [2024-03-18T08:17:13.431+0000] {dag.py:3834} INFO - Setting next_dagrun for example_subdag_operator.section-1 to None, run_after=None
[2024-03-18T08:17:13.432+0000] {logging_mixin.py:188} INFO - [2024-03-18T08:17:13.431+0000] {dag.py:3834} INFO - Setting next_dagrun for example_subdag_operator.section-2 to None, run_after=None
[2024-03-18T08:17:13.454+0000] {processor.py:183} INFO - Processing /home/ubuntu/air_venv/lib/python3.10/site-packages/airflow/example_dags/example_subdag_operator.py took 0.109 seconds
[2024-03-18T08:18:17.401+0000] {processor.py:161} INFO - Started process (PID=12469) to work on /home/ubuntu/air_venv/lib/python3.10/site-packages/airflow/example_dags/example_subdag_operator.py
[2024-03-18T08:18:17.404+0000] {processor.py:830} INFO - Processing file /home/ubuntu/air_venv/lib/python3.10/site-packages/airflow/example_dags/example_subdag_operator.py for tasks to queue
[2024-03-18T08:18:17.405+0000] {logging_mixin.py:188} INFO - [2024-03-18T08:18:17.404+0000] {dagbag.py:540} INFO - Filling up the DagBag from /home/ubuntu/air_venv/lib/python3.10/site-packages/airflow/example_dags/example_subdag_operator.py
[2024-03-18T08:18:17.427+0000] {processor.py:840} INFO - DAG(s) 'example_subdag_operator.section-1', 'example_subdag_operator.section-2', 'example_subdag_operator' retrieved from /home/ubuntu/air_venv/lib/python3.10/site-packages/airflow/example_dags/example_subdag_operator.py
[2024-03-18T08:18:17.445+0000] {logging_mixin.py:188} INFO - [2024-03-18T08:18:17.445+0000] {dag.py:3047} INFO - Sync 3 DAGs
[2024-03-18T08:18:17.466+0000] {logging_mixin.py:188} INFO - [2024-03-18T08:18:17.465+0000] {dag.py:3834} INFO - Setting next_dagrun for example_subdag_operator to 2022-01-01 00:00:00+00:00, run_after=2022-01-01 00:00:00+00:00
[2024-03-18T08:18:17.470+0000] {logging_mixin.py:188} INFO - [2024-03-18T08:18:17.469+0000] {dag.py:3834} INFO - Setting next_dagrun for example_subdag_operator.section-1 to None, run_after=None
[2024-03-18T08:18:17.471+0000] {logging_mixin.py:188} INFO - [2024-03-18T08:18:17.471+0000] {dag.py:3834} INFO - Setting next_dagrun for example_subdag_operator.section-2 to None, run_after=None
[2024-03-18T08:18:17.477+0000] {logging_mixin.py:188} INFO - [2024-03-18T08:18:17.477+0000] {dag.py:3047} INFO - Sync 2 DAGs
[2024-03-18T08:18:17.483+0000] {logging_mixin.py:188} INFO - [2024-03-18T08:18:17.483+0000] {dag.py:3834} INFO - Setting next_dagrun for example_subdag_operator.section-1 to None, run_after=None
[2024-03-18T08:18:17.484+0000] {logging_mixin.py:188} INFO - [2024-03-18T08:18:17.484+0000] {dag.py:3834} INFO - Setting next_dagrun for example_subdag_operator.section-2 to None, run_after=None
[2024-03-18T08:18:17.502+0000] {processor.py:183} INFO - Processing /home/ubuntu/air_venv/lib/python3.10/site-packages/airflow/example_dags/example_subdag_operator.py took 0.104 seconds
[2024-03-18T08:19:10.424+0000] {processor.py:161} INFO - Started process (PID=12664) to work on /home/ubuntu/air_venv/lib/python3.10/site-packages/airflow/example_dags/example_subdag_operator.py
[2024-03-18T08:19:10.426+0000] {processor.py:830} INFO - Processing file /home/ubuntu/air_venv/lib/python3.10/site-packages/airflow/example_dags/example_subdag_operator.py for tasks to queue
[2024-03-18T08:19:10.428+0000] {logging_mixin.py:188} INFO - [2024-03-18T08:19:10.427+0000] {dagbag.py:540} INFO - Filling up the DagBag from /home/ubuntu/air_venv/lib/python3.10/site-packages/airflow/example_dags/example_subdag_operator.py
[2024-03-18T08:19:10.450+0000] {processor.py:840} INFO - DAG(s) 'example_subdag_operator.section-1', 'example_subdag_operator.section-2', 'example_subdag_operator' retrieved from /home/ubuntu/air_venv/lib/python3.10/site-packages/airflow/example_dags/example_subdag_operator.py
[2024-03-18T08:19:10.467+0000] {logging_mixin.py:188} INFO - [2024-03-18T08:19:10.467+0000] {dag.py:3047} INFO - Sync 3 DAGs
[2024-03-18T08:19:10.489+0000] {logging_mixin.py:188} INFO - [2024-03-18T08:19:10.488+0000] {dag.py:3834} INFO - Setting next_dagrun for example_subdag_operator to 2022-01-01 00:00:00+00:00, run_after=2022-01-01 00:00:00+00:00
[2024-03-18T08:19:10.492+0000] {logging_mixin.py:188} INFO - [2024-03-18T08:19:10.492+0000] {dag.py:3834} INFO - Setting next_dagrun for example_subdag_operator.section-1 to None, run_after=None
[2024-03-18T08:19:10.493+0000] {logging_mixin.py:188} INFO - [2024-03-18T08:19:10.493+0000] {dag.py:3834} INFO - Setting next_dagrun for example_subdag_operator.section-2 to None, run_after=None
[2024-03-18T08:19:10.500+0000] {logging_mixin.py:188} INFO - [2024-03-18T08:19:10.500+0000] {dag.py:3047} INFO - Sync 2 DAGs
[2024-03-18T08:19:10.506+0000] {logging_mixin.py:188} INFO - [2024-03-18T08:19:10.506+0000] {dag.py:3834} INFO - Setting next_dagrun for example_subdag_operator.section-1 to None, run_after=None
[2024-03-18T08:19:10.506+0000] {logging_mixin.py:188} INFO - [2024-03-18T08:19:10.506+0000] {dag.py:3834} INFO - Setting next_dagrun for example_subdag_operator.section-2 to None, run_after=None
[2024-03-18T08:19:10.523+0000] {processor.py:183} INFO - Processing /home/ubuntu/air_venv/lib/python3.10/site-packages/airflow/example_dags/example_subdag_operator.py took 0.103 seconds
[2024-03-18T08:20:05.476+0000] {processor.py:161} INFO - Started process (PID=13138) to work on /home/ubuntu/air_venv/lib/python3.10/site-packages/airflow/example_dags/example_subdag_operator.py
[2024-03-18T08:20:05.478+0000] {processor.py:830} INFO - Processing file /home/ubuntu/air_venv/lib/python3.10/site-packages/airflow/example_dags/example_subdag_operator.py for tasks to queue
[2024-03-18T08:20:05.480+0000] {logging_mixin.py:188} INFO - [2024-03-18T08:20:05.479+0000] {dagbag.py:540} INFO - Filling up the DagBag from /home/ubuntu/air_venv/lib/python3.10/site-packages/airflow/example_dags/example_subdag_operator.py
[2024-03-18T08:20:05.541+0000] {processor.py:840} INFO - DAG(s) 'example_subdag_operator.section-1', 'example_subdag_operator.section-2', 'example_subdag_operator' retrieved from /home/ubuntu/air_venv/lib/python3.10/site-packages/airflow/example_dags/example_subdag_operator.py
[2024-03-18T08:20:05.577+0000] {logging_mixin.py:188} INFO - [2024-03-18T08:20:05.576+0000] {dag.py:3047} INFO - Sync 3 DAGs
[2024-03-18T08:20:05.632+0000] {logging_mixin.py:188} INFO - [2024-03-18T08:20:05.632+0000] {dag.py:3834} INFO - Setting next_dagrun for example_subdag_operator to 2022-01-01 00:00:00+00:00, run_after=2022-01-01 00:00:00+00:00
[2024-03-18T08:20:05.637+0000] {logging_mixin.py:188} INFO - [2024-03-18T08:20:05.637+0000] {dag.py:3834} INFO - Setting next_dagrun for example_subdag_operator.section-1 to None, run_after=None
[2024-03-18T08:20:05.641+0000] {logging_mixin.py:188} INFO - [2024-03-18T08:20:05.638+0000] {dag.py:3834} INFO - Setting next_dagrun for example_subdag_operator.section-2 to None, run_after=None
[2024-03-18T08:20:05.651+0000] {logging_mixin.py:188} INFO - [2024-03-18T08:20:05.650+0000] {dag.py:3047} INFO - Sync 2 DAGs
[2024-03-18T08:20:05.665+0000] {logging_mixin.py:188} INFO - [2024-03-18T08:20:05.665+0000] {dag.py:3834} INFO - Setting next_dagrun for example_subdag_operator.section-1 to None, run_after=None
[2024-03-18T08:20:05.666+0000] {logging_mixin.py:188} INFO - [2024-03-18T08:20:05.666+0000] {dag.py:3834} INFO - Setting next_dagrun for example_subdag_operator.section-2 to None, run_after=None
[2024-03-18T08:20:05.707+0000] {processor.py:183} INFO - Processing /home/ubuntu/air_venv/lib/python3.10/site-packages/airflow/example_dags/example_subdag_operator.py took 0.238 seconds
[2024-03-18T08:21:07.572+0000] {processor.py:161} INFO - Started process (PID=13531) to work on /home/ubuntu/air_venv/lib/python3.10/site-packages/airflow/example_dags/example_subdag_operator.py
[2024-03-18T08:21:07.573+0000] {processor.py:830} INFO - Processing file /home/ubuntu/air_venv/lib/python3.10/site-packages/airflow/example_dags/example_subdag_operator.py for tasks to queue
[2024-03-18T08:21:07.575+0000] {logging_mixin.py:188} INFO - [2024-03-18T08:21:07.574+0000] {dagbag.py:540} INFO - Filling up the DagBag from /home/ubuntu/air_venv/lib/python3.10/site-packages/airflow/example_dags/example_subdag_operator.py
[2024-03-18T08:21:07.598+0000] {processor.py:840} INFO - DAG(s) 'example_subdag_operator.section-1', 'example_subdag_operator.section-2', 'example_subdag_operator' retrieved from /home/ubuntu/air_venv/lib/python3.10/site-packages/airflow/example_dags/example_subdag_operator.py
[2024-03-18T08:21:07.617+0000] {logging_mixin.py:188} INFO - [2024-03-18T08:21:07.617+0000] {dag.py:3047} INFO - Sync 3 DAGs
[2024-03-18T08:21:07.639+0000] {logging_mixin.py:188} INFO - [2024-03-18T08:21:07.639+0000] {dag.py:3834} INFO - Setting next_dagrun for example_subdag_operator to 2022-01-01 00:00:00+00:00, run_after=2022-01-01 00:00:00+00:00
[2024-03-18T08:21:07.643+0000] {logging_mixin.py:188} INFO - [2024-03-18T08:21:07.643+0000] {dag.py:3834} INFO - Setting next_dagrun for example_subdag_operator.section-1 to None, run_after=None
[2024-03-18T08:21:07.644+0000] {logging_mixin.py:188} INFO - [2024-03-18T08:21:07.644+0000] {dag.py:3834} INFO - Setting next_dagrun for example_subdag_operator.section-2 to None, run_after=None
[2024-03-18T08:21:07.653+0000] {logging_mixin.py:188} INFO - [2024-03-18T08:21:07.652+0000] {dag.py:3047} INFO - Sync 2 DAGs
[2024-03-18T08:21:07.658+0000] {logging_mixin.py:188} INFO - [2024-03-18T08:21:07.657+0000] {dag.py:3834} INFO - Setting next_dagrun for example_subdag_operator.section-1 to None, run_after=None
[2024-03-18T08:21:07.658+0000] {logging_mixin.py:188} INFO - [2024-03-18T08:21:07.658+0000] {dag.py:3834} INFO - Setting next_dagrun for example_subdag_operator.section-2 to None, run_after=None
[2024-03-18T08:21:07.676+0000] {processor.py:183} INFO - Processing /home/ubuntu/air_venv/lib/python3.10/site-packages/airflow/example_dags/example_subdag_operator.py took 0.108 seconds
[2024-03-18T08:21:57.564+0000] {processor.py:161} INFO - Started process (PID=13761) to work on /home/ubuntu/air_venv/lib/python3.10/site-packages/airflow/example_dags/example_subdag_operator.py
[2024-03-18T08:21:57.566+0000] {processor.py:830} INFO - Processing file /home/ubuntu/air_venv/lib/python3.10/site-packages/airflow/example_dags/example_subdag_operator.py for tasks to queue
[2024-03-18T08:21:57.567+0000] {logging_mixin.py:188} INFO - [2024-03-18T08:21:57.567+0000] {dagbag.py:540} INFO - Filling up the DagBag from /home/ubuntu/air_venv/lib/python3.10/site-packages/airflow/example_dags/example_subdag_operator.py
[2024-03-18T08:21:57.590+0000] {processor.py:840} INFO - DAG(s) 'example_subdag_operator.section-1', 'example_subdag_operator.section-2', 'example_subdag_operator' retrieved from /home/ubuntu/air_venv/lib/python3.10/site-packages/airflow/example_dags/example_subdag_operator.py
[2024-03-18T08:21:57.607+0000] {logging_mixin.py:188} INFO - [2024-03-18T08:21:57.607+0000] {dag.py:3047} INFO - Sync 3 DAGs
[2024-03-18T08:21:57.629+0000] {logging_mixin.py:188} INFO - [2024-03-18T08:21:57.628+0000] {dag.py:3834} INFO - Setting next_dagrun for example_subdag_operator to 2022-01-01 00:00:00+00:00, run_after=2022-01-01 00:00:00+00:00
[2024-03-18T08:21:57.633+0000] {logging_mixin.py:188} INFO - [2024-03-18T08:21:57.632+0000] {dag.py:3834} INFO - Setting next_dagrun for example_subdag_operator.section-1 to None, run_after=None
[2024-03-18T08:21:57.634+0000] {logging_mixin.py:188} INFO - [2024-03-18T08:21:57.634+0000] {dag.py:3834} INFO - Setting next_dagrun for example_subdag_operator.section-2 to None, run_after=None
[2024-03-18T08:21:57.640+0000] {logging_mixin.py:188} INFO - [2024-03-18T08:21:57.640+0000] {dag.py:3047} INFO - Sync 2 DAGs
[2024-03-18T08:21:57.645+0000] {logging_mixin.py:188} INFO - [2024-03-18T08:21:57.644+0000] {dag.py:3834} INFO - Setting next_dagrun for example_subdag_operator.section-1 to None, run_after=None
[2024-03-18T08:21:57.645+0000] {logging_mixin.py:188} INFO - [2024-03-18T08:21:57.645+0000] {dag.py:3834} INFO - Setting next_dagrun for example_subdag_operator.section-2 to None, run_after=None
[2024-03-18T08:21:57.662+0000] {processor.py:183} INFO - Processing /home/ubuntu/air_venv/lib/python3.10/site-packages/airflow/example_dags/example_subdag_operator.py took 0.101 seconds
[2024-03-18T08:22:54.944+0000] {processor.py:161} INFO - Started process (PID=14096) to work on /home/ubuntu/air_venv/lib/python3.10/site-packages/airflow/example_dags/example_subdag_operator.py
[2024-03-18T08:22:54.946+0000] {processor.py:830} INFO - Processing file /home/ubuntu/air_venv/lib/python3.10/site-packages/airflow/example_dags/example_subdag_operator.py for tasks to queue
[2024-03-18T08:22:54.947+0000] {logging_mixin.py:188} INFO - [2024-03-18T08:22:54.947+0000] {dagbag.py:540} INFO - Filling up the DagBag from /home/ubuntu/air_venv/lib/python3.10/site-packages/airflow/example_dags/example_subdag_operator.py
[2024-03-18T08:22:54.969+0000] {processor.py:840} INFO - DAG(s) 'example_subdag_operator.section-1', 'example_subdag_operator.section-2', 'example_subdag_operator' retrieved from /home/ubuntu/air_venv/lib/python3.10/site-packages/airflow/example_dags/example_subdag_operator.py
[2024-03-18T08:22:55.000+0000] {logging_mixin.py:188} INFO - [2024-03-18T08:22:54.999+0000] {dag.py:3047} INFO - Sync 3 DAGs
[2024-03-18T08:22:55.038+0000] {logging_mixin.py:188} INFO - [2024-03-18T08:22:55.038+0000] {dag.py:3834} INFO - Setting next_dagrun for example_subdag_operator to 2022-01-01 00:00:00+00:00, run_after=2022-01-01 00:00:00+00:00
[2024-03-18T08:22:55.043+0000] {logging_mixin.py:188} INFO - [2024-03-18T08:22:55.043+0000] {dag.py:3834} INFO - Setting next_dagrun for example_subdag_operator.section-1 to None, run_after=None
[2024-03-18T08:22:55.044+0000] {logging_mixin.py:188} INFO - [2024-03-18T08:22:55.044+0000] {dag.py:3834} INFO - Setting next_dagrun for example_subdag_operator.section-2 to None, run_after=None
[2024-03-18T08:22:55.051+0000] {logging_mixin.py:188} INFO - [2024-03-18T08:22:55.051+0000] {dag.py:3047} INFO - Sync 2 DAGs
[2024-03-18T08:22:55.056+0000] {logging_mixin.py:188} INFO - [2024-03-18T08:22:55.056+0000] {dag.py:3834} INFO - Setting next_dagrun for example_subdag_operator.section-1 to None, run_after=None
[2024-03-18T08:22:55.056+0000] {logging_mixin.py:188} INFO - [2024-03-18T08:22:55.056+0000] {dag.py:3834} INFO - Setting next_dagrun for example_subdag_operator.section-2 to None, run_after=None
[2024-03-18T08:22:55.075+0000] {processor.py:183} INFO - Processing /home/ubuntu/air_venv/lib/python3.10/site-packages/airflow/example_dags/example_subdag_operator.py took 0.134 seconds
[2024-03-18T08:23:56.631+0000] {processor.py:161} INFO - Started process (PID=14639) to work on /home/ubuntu/air_venv/lib/python3.10/site-packages/airflow/example_dags/example_subdag_operator.py
[2024-03-18T08:23:56.633+0000] {processor.py:830} INFO - Processing file /home/ubuntu/air_venv/lib/python3.10/site-packages/airflow/example_dags/example_subdag_operator.py for tasks to queue
[2024-03-18T08:23:56.634+0000] {logging_mixin.py:188} INFO - [2024-03-18T08:23:56.634+0000] {dagbag.py:540} INFO - Filling up the DagBag from /home/ubuntu/air_venv/lib/python3.10/site-packages/airflow/example_dags/example_subdag_operator.py
[2024-03-18T08:23:56.657+0000] {processor.py:840} INFO - DAG(s) 'example_subdag_operator.section-1', 'example_subdag_operator.section-2', 'example_subdag_operator' retrieved from /home/ubuntu/air_venv/lib/python3.10/site-packages/airflow/example_dags/example_subdag_operator.py
[2024-03-18T08:23:56.674+0000] {logging_mixin.py:188} INFO - [2024-03-18T08:23:56.674+0000] {dag.py:3047} INFO - Sync 3 DAGs
[2024-03-18T08:23:56.697+0000] {logging_mixin.py:188} INFO - [2024-03-18T08:23:56.697+0000] {dag.py:3834} INFO - Setting next_dagrun for example_subdag_operator to 2022-01-01 00:00:00+00:00, run_after=2022-01-01 00:00:00+00:00
[2024-03-18T08:23:56.701+0000] {logging_mixin.py:188} INFO - [2024-03-18T08:23:56.700+0000] {dag.py:3834} INFO - Setting next_dagrun for example_subdag_operator.section-1 to None, run_after=None
[2024-03-18T08:23:56.702+0000] {logging_mixin.py:188} INFO - [2024-03-18T08:23:56.702+0000] {dag.py:3834} INFO - Setting next_dagrun for example_subdag_operator.section-2 to None, run_after=None
[2024-03-18T08:23:56.710+0000] {logging_mixin.py:188} INFO - [2024-03-18T08:23:56.710+0000] {dag.py:3047} INFO - Sync 2 DAGs
[2024-03-18T08:23:56.715+0000] {logging_mixin.py:188} INFO - [2024-03-18T08:23:56.715+0000] {dag.py:3834} INFO - Setting next_dagrun for example_subdag_operator.section-1 to None, run_after=None
[2024-03-18T08:23:56.716+0000] {logging_mixin.py:188} INFO - [2024-03-18T08:23:56.716+0000] {dag.py:3834} INFO - Setting next_dagrun for example_subdag_operator.section-2 to None, run_after=None
[2024-03-18T08:23:56.733+0000] {processor.py:183} INFO - Processing /home/ubuntu/air_venv/lib/python3.10/site-packages/airflow/example_dags/example_subdag_operator.py took 0.106 seconds
[2024-03-18T08:24:52.746+0000] {processor.py:161} INFO - Started process (PID=15075) to work on /home/ubuntu/air_venv/lib/python3.10/site-packages/airflow/example_dags/example_subdag_operator.py
[2024-03-18T08:24:52.748+0000] {processor.py:830} INFO - Processing file /home/ubuntu/air_venv/lib/python3.10/site-packages/airflow/example_dags/example_subdag_operator.py for tasks to queue
[2024-03-18T08:24:52.749+0000] {logging_mixin.py:188} INFO - [2024-03-18T08:24:52.749+0000] {dagbag.py:540} INFO - Filling up the DagBag from /home/ubuntu/air_venv/lib/python3.10/site-packages/airflow/example_dags/example_subdag_operator.py
[2024-03-18T08:24:52.772+0000] {processor.py:840} INFO - DAG(s) 'example_subdag_operator.section-1', 'example_subdag_operator.section-2', 'example_subdag_operator' retrieved from /home/ubuntu/air_venv/lib/python3.10/site-packages/airflow/example_dags/example_subdag_operator.py
[2024-03-18T08:24:52.790+0000] {logging_mixin.py:188} INFO - [2024-03-18T08:24:52.790+0000] {dag.py:3047} INFO - Sync 3 DAGs
[2024-03-18T08:24:52.811+0000] {logging_mixin.py:188} INFO - [2024-03-18T08:24:52.810+0000] {dag.py:3834} INFO - Setting next_dagrun for example_subdag_operator to 2022-01-01 00:00:00+00:00, run_after=2022-01-01 00:00:00+00:00
[2024-03-18T08:24:52.814+0000] {logging_mixin.py:188} INFO - [2024-03-18T08:24:52.814+0000] {dag.py:3834} INFO - Setting next_dagrun for example_subdag_operator.section-1 to None, run_after=None
[2024-03-18T08:24:52.815+0000] {logging_mixin.py:188} INFO - [2024-03-18T08:24:52.815+0000] {dag.py:3834} INFO - Setting next_dagrun for example_subdag_operator.section-2 to None, run_after=None
[2024-03-18T08:24:52.828+0000] {logging_mixin.py:188} INFO - [2024-03-18T08:24:52.828+0000] {dag.py:3047} INFO - Sync 2 DAGs
[2024-03-18T08:24:52.833+0000] {logging_mixin.py:188} INFO - [2024-03-18T08:24:52.833+0000] {dag.py:3834} INFO - Setting next_dagrun for example_subdag_operator.section-1 to None, run_after=None
[2024-03-18T08:24:52.833+0000] {logging_mixin.py:188} INFO - [2024-03-18T08:24:52.833+0000] {dag.py:3834} INFO - Setting next_dagrun for example_subdag_operator.section-2 to None, run_after=None
[2024-03-18T08:24:52.850+0000] {processor.py:183} INFO - Processing /home/ubuntu/air_venv/lib/python3.10/site-packages/airflow/example_dags/example_subdag_operator.py took 0.108 seconds
[2024-03-18T08:25:36.623+0000] {processor.py:161} INFO - Started process (PID=15294) to work on /home/ubuntu/air_venv/lib/python3.10/site-packages/airflow/example_dags/example_subdag_operator.py
[2024-03-18T08:25:36.625+0000] {processor.py:830} INFO - Processing file /home/ubuntu/air_venv/lib/python3.10/site-packages/airflow/example_dags/example_subdag_operator.py for tasks to queue
[2024-03-18T08:25:36.626+0000] {logging_mixin.py:188} INFO - [2024-03-18T08:25:36.625+0000] {dagbag.py:540} INFO - Filling up the DagBag from /home/ubuntu/air_venv/lib/python3.10/site-packages/airflow/example_dags/example_subdag_operator.py
[2024-03-18T08:25:36.648+0000] {processor.py:840} INFO - DAG(s) 'example_subdag_operator.section-1', 'example_subdag_operator.section-2', 'example_subdag_operator' retrieved from /home/ubuntu/air_venv/lib/python3.10/site-packages/airflow/example_dags/example_subdag_operator.py
[2024-03-18T08:25:36.665+0000] {logging_mixin.py:188} INFO - [2024-03-18T08:25:36.665+0000] {dag.py:3047} INFO - Sync 3 DAGs
[2024-03-18T08:25:36.686+0000] {logging_mixin.py:188} INFO - [2024-03-18T08:25:36.686+0000] {dag.py:3834} INFO - Setting next_dagrun for example_subdag_operator to 2022-01-01 00:00:00+00:00, run_after=2022-01-01 00:00:00+00:00
[2024-03-18T08:25:36.690+0000] {logging_mixin.py:188} INFO - [2024-03-18T08:25:36.690+0000] {dag.py:3834} INFO - Setting next_dagrun for example_subdag_operator.section-1 to None, run_after=None
[2024-03-18T08:25:36.691+0000] {logging_mixin.py:188} INFO - [2024-03-18T08:25:36.691+0000] {dag.py:3834} INFO - Setting next_dagrun for example_subdag_operator.section-2 to None, run_after=None
[2024-03-18T08:25:36.698+0000] {logging_mixin.py:188} INFO - [2024-03-18T08:25:36.697+0000] {dag.py:3047} INFO - Sync 2 DAGs
[2024-03-18T08:25:36.703+0000] {logging_mixin.py:188} INFO - [2024-03-18T08:25:36.703+0000] {dag.py:3834} INFO - Setting next_dagrun for example_subdag_operator.section-1 to None, run_after=None
[2024-03-18T08:25:36.704+0000] {logging_mixin.py:188} INFO - [2024-03-18T08:25:36.703+0000] {dag.py:3834} INFO - Setting next_dagrun for example_subdag_operator.section-2 to None, run_after=None
[2024-03-18T08:25:36.721+0000] {processor.py:183} INFO - Processing /home/ubuntu/air_venv/lib/python3.10/site-packages/airflow/example_dags/example_subdag_operator.py took 0.101 seconds
[2024-03-18T08:26:19.533+0000] {processor.py:161} INFO - Started process (PID=15397) to work on /home/ubuntu/air_venv/lib/python3.10/site-packages/airflow/example_dags/example_subdag_operator.py
[2024-03-18T08:26:19.535+0000] {processor.py:830} INFO - Processing file /home/ubuntu/air_venv/lib/python3.10/site-packages/airflow/example_dags/example_subdag_operator.py for tasks to queue
[2024-03-18T08:26:19.536+0000] {logging_mixin.py:188} INFO - [2024-03-18T08:26:19.536+0000] {dagbag.py:540} INFO - Filling up the DagBag from /home/ubuntu/air_venv/lib/python3.10/site-packages/airflow/example_dags/example_subdag_operator.py
[2024-03-18T08:26:19.558+0000] {processor.py:840} INFO - DAG(s) 'example_subdag_operator.section-1', 'example_subdag_operator.section-2', 'example_subdag_operator' retrieved from /home/ubuntu/air_venv/lib/python3.10/site-packages/airflow/example_dags/example_subdag_operator.py
[2024-03-18T08:26:19.575+0000] {logging_mixin.py:188} INFO - [2024-03-18T08:26:19.575+0000] {dag.py:3047} INFO - Sync 3 DAGs
[2024-03-18T08:26:19.596+0000] {logging_mixin.py:188} INFO - [2024-03-18T08:26:19.596+0000] {dag.py:3834} INFO - Setting next_dagrun for example_subdag_operator to 2022-01-01 00:00:00+00:00, run_after=2022-01-01 00:00:00+00:00
[2024-03-18T08:26:19.600+0000] {logging_mixin.py:188} INFO - [2024-03-18T08:26:19.600+0000] {dag.py:3834} INFO - Setting next_dagrun for example_subdag_operator.section-1 to None, run_after=None
[2024-03-18T08:26:19.601+0000] {logging_mixin.py:188} INFO - [2024-03-18T08:26:19.601+0000] {dag.py:3834} INFO - Setting next_dagrun for example_subdag_operator.section-2 to None, run_after=None
[2024-03-18T08:26:19.608+0000] {logging_mixin.py:188} INFO - [2024-03-18T08:26:19.607+0000] {dag.py:3047} INFO - Sync 2 DAGs
[2024-03-18T08:26:19.613+0000] {logging_mixin.py:188} INFO - [2024-03-18T08:26:19.613+0000] {dag.py:3834} INFO - Setting next_dagrun for example_subdag_operator.section-1 to None, run_after=None
[2024-03-18T08:26:19.614+0000] {logging_mixin.py:188} INFO - [2024-03-18T08:26:19.613+0000] {dag.py:3834} INFO - Setting next_dagrun for example_subdag_operator.section-2 to None, run_after=None
[2024-03-18T08:26:19.646+0000] {processor.py:183} INFO - Processing /home/ubuntu/air_venv/lib/python3.10/site-packages/airflow/example_dags/example_subdag_operator.py took 0.116 seconds
[2024-03-18T08:27:20.464+0000] {processor.py:161} INFO - Started process (PID=15517) to work on /home/ubuntu/air_venv/lib/python3.10/site-packages/airflow/example_dags/example_subdag_operator.py
[2024-03-18T08:27:20.466+0000] {processor.py:830} INFO - Processing file /home/ubuntu/air_venv/lib/python3.10/site-packages/airflow/example_dags/example_subdag_operator.py for tasks to queue
[2024-03-18T08:27:20.467+0000] {logging_mixin.py:188} INFO - [2024-03-18T08:27:20.467+0000] {dagbag.py:540} INFO - Filling up the DagBag from /home/ubuntu/air_venv/lib/python3.10/site-packages/airflow/example_dags/example_subdag_operator.py
[2024-03-18T08:27:20.489+0000] {processor.py:840} INFO - DAG(s) 'example_subdag_operator.section-1', 'example_subdag_operator.section-2', 'example_subdag_operator' retrieved from /home/ubuntu/air_venv/lib/python3.10/site-packages/airflow/example_dags/example_subdag_operator.py
[2024-03-18T08:27:20.507+0000] {logging_mixin.py:188} INFO - [2024-03-18T08:27:20.506+0000] {dag.py:3047} INFO - Sync 3 DAGs
[2024-03-18T08:27:20.527+0000] {logging_mixin.py:188} INFO - [2024-03-18T08:27:20.527+0000] {dag.py:3834} INFO - Setting next_dagrun for example_subdag_operator to 2022-01-01 00:00:00+00:00, run_after=2022-01-01 00:00:00+00:00
[2024-03-18T08:27:20.531+0000] {logging_mixin.py:188} INFO - [2024-03-18T08:27:20.531+0000] {dag.py:3834} INFO - Setting next_dagrun for example_subdag_operator.section-1 to None, run_after=None
[2024-03-18T08:27:20.532+0000] {logging_mixin.py:188} INFO - [2024-03-18T08:27:20.532+0000] {dag.py:3834} INFO - Setting next_dagrun for example_subdag_operator.section-2 to None, run_after=None
[2024-03-18T08:27:20.539+0000] {logging_mixin.py:188} INFO - [2024-03-18T08:27:20.539+0000] {dag.py:3047} INFO - Sync 2 DAGs
[2024-03-18T08:27:20.545+0000] {logging_mixin.py:188} INFO - [2024-03-18T08:27:20.545+0000] {dag.py:3834} INFO - Setting next_dagrun for example_subdag_operator.section-1 to None, run_after=None
[2024-03-18T08:27:20.546+0000] {logging_mixin.py:188} INFO - [2024-03-18T08:27:20.545+0000] {dag.py:3834} INFO - Setting next_dagrun for example_subdag_operator.section-2 to None, run_after=None
[2024-03-18T08:27:20.563+0000] {processor.py:183} INFO - Processing /home/ubuntu/air_venv/lib/python3.10/site-packages/airflow/example_dags/example_subdag_operator.py took 0.103 seconds
[2024-03-18T08:28:02.176+0000] {processor.py:161} INFO - Started process (PID=15619) to work on /home/ubuntu/air_venv/lib/python3.10/site-packages/airflow/example_dags/example_subdag_operator.py
[2024-03-18T08:28:02.178+0000] {processor.py:830} INFO - Processing file /home/ubuntu/air_venv/lib/python3.10/site-packages/airflow/example_dags/example_subdag_operator.py for tasks to queue
[2024-03-18T08:28:02.179+0000] {logging_mixin.py:188} INFO - [2024-03-18T08:28:02.179+0000] {dagbag.py:540} INFO - Filling up the DagBag from /home/ubuntu/air_venv/lib/python3.10/site-packages/airflow/example_dags/example_subdag_operator.py
[2024-03-18T08:28:02.412+0000] {processor.py:840} INFO - DAG(s) 'example_subdag_operator.section-1', 'example_subdag_operator.section-2', 'example_subdag_operator' retrieved from /home/ubuntu/air_venv/lib/python3.10/site-packages/airflow/example_dags/example_subdag_operator.py
[2024-03-18T08:28:02.530+0000] {logging_mixin.py:188} INFO - [2024-03-18T08:28:02.529+0000] {dag.py:3047} INFO - Sync 3 DAGs
[2024-03-18T08:28:02.781+0000] {logging_mixin.py:188} INFO - [2024-03-18T08:28:02.780+0000] {dag.py:3834} INFO - Setting next_dagrun for example_subdag_operator to 2022-01-01 00:00:00+00:00, run_after=2022-01-01 00:00:00+00:00
[2024-03-18T08:28:02.808+0000] {logging_mixin.py:188} INFO - [2024-03-18T08:28:02.808+0000] {dag.py:3834} INFO - Setting next_dagrun for example_subdag_operator.section-1 to None, run_after=None
[2024-03-18T08:28:02.810+0000] {logging_mixin.py:188} INFO - [2024-03-18T08:28:02.810+0000] {dag.py:3834} INFO - Setting next_dagrun for example_subdag_operator.section-2 to None, run_after=None
[2024-03-18T08:28:02.842+0000] {logging_mixin.py:188} INFO - [2024-03-18T08:28:02.842+0000] {dag.py:3047} INFO - Sync 2 DAGs
[2024-03-18T08:28:02.871+0000] {logging_mixin.py:188} INFO - [2024-03-18T08:28:02.870+0000] {dag.py:3834} INFO - Setting next_dagrun for example_subdag_operator.section-1 to None, run_after=None
[2024-03-18T08:28:02.872+0000] {logging_mixin.py:188} INFO - [2024-03-18T08:28:02.872+0000] {dag.py:3834} INFO - Setting next_dagrun for example_subdag_operator.section-2 to None, run_after=None
[2024-03-18T08:28:02.964+0000] {processor.py:183} INFO - Processing /home/ubuntu/air_venv/lib/python3.10/site-packages/airflow/example_dags/example_subdag_operator.py took 0.822 seconds
[2024-03-18T08:28:45.605+0000] {processor.py:161} INFO - Started process (PID=15720) to work on /home/ubuntu/air_venv/lib/python3.10/site-packages/airflow/example_dags/example_subdag_operator.py
[2024-03-18T08:28:45.607+0000] {processor.py:830} INFO - Processing file /home/ubuntu/air_venv/lib/python3.10/site-packages/airflow/example_dags/example_subdag_operator.py for tasks to queue
[2024-03-18T08:28:45.608+0000] {logging_mixin.py:188} INFO - [2024-03-18T08:28:45.608+0000] {dagbag.py:540} INFO - Filling up the DagBag from /home/ubuntu/air_venv/lib/python3.10/site-packages/airflow/example_dags/example_subdag_operator.py
[2024-03-18T08:28:45.632+0000] {processor.py:840} INFO - DAG(s) 'example_subdag_operator.section-1', 'example_subdag_operator.section-2', 'example_subdag_operator' retrieved from /home/ubuntu/air_venv/lib/python3.10/site-packages/airflow/example_dags/example_subdag_operator.py
[2024-03-18T08:28:45.649+0000] {logging_mixin.py:188} INFO - [2024-03-18T08:28:45.648+0000] {dag.py:3047} INFO - Sync 3 DAGs
[2024-03-18T08:28:45.669+0000] {logging_mixin.py:188} INFO - [2024-03-18T08:28:45.669+0000] {dag.py:3834} INFO - Setting next_dagrun for example_subdag_operator to 2022-01-01 00:00:00+00:00, run_after=2022-01-01 00:00:00+00:00
[2024-03-18T08:28:45.673+0000] {logging_mixin.py:188} INFO - [2024-03-18T08:28:45.672+0000] {dag.py:3834} INFO - Setting next_dagrun for example_subdag_operator.section-1 to None, run_after=None
[2024-03-18T08:28:45.674+0000] {logging_mixin.py:188} INFO - [2024-03-18T08:28:45.674+0000] {dag.py:3834} INFO - Setting next_dagrun for example_subdag_operator.section-2 to None, run_after=None
[2024-03-18T08:28:45.680+0000] {logging_mixin.py:188} INFO - [2024-03-18T08:28:45.680+0000] {dag.py:3047} INFO - Sync 2 DAGs
[2024-03-18T08:28:45.685+0000] {logging_mixin.py:188} INFO - [2024-03-18T08:28:45.685+0000] {dag.py:3834} INFO - Setting next_dagrun for example_subdag_operator.section-1 to None, run_after=None
[2024-03-18T08:28:45.686+0000] {logging_mixin.py:188} INFO - [2024-03-18T08:28:45.686+0000] {dag.py:3834} INFO - Setting next_dagrun for example_subdag_operator.section-2 to None, run_after=None
[2024-03-18T08:28:45.702+0000] {processor.py:183} INFO - Processing /home/ubuntu/air_venv/lib/python3.10/site-packages/airflow/example_dags/example_subdag_operator.py took 0.100 seconds
[2024-03-18T08:29:27.697+0000] {processor.py:161} INFO - Started process (PID=15761) to work on /home/ubuntu/air_venv/lib/python3.10/site-packages/airflow/example_dags/example_subdag_operator.py
[2024-03-18T08:29:27.699+0000] {processor.py:830} INFO - Processing file /home/ubuntu/air_venv/lib/python3.10/site-packages/airflow/example_dags/example_subdag_operator.py for tasks to queue
[2024-03-18T08:29:27.700+0000] {logging_mixin.py:188} INFO - [2024-03-18T08:29:27.700+0000] {dagbag.py:540} INFO - Filling up the DagBag from /home/ubuntu/air_venv/lib/python3.10/site-packages/airflow/example_dags/example_subdag_operator.py
[2024-03-18T08:29:27.722+0000] {processor.py:840} INFO - DAG(s) 'example_subdag_operator.section-1', 'example_subdag_operator.section-2', 'example_subdag_operator' retrieved from /home/ubuntu/air_venv/lib/python3.10/site-packages/airflow/example_dags/example_subdag_operator.py
[2024-03-18T08:29:27.739+0000] {logging_mixin.py:188} INFO - [2024-03-18T08:29:27.739+0000] {dag.py:3047} INFO - Sync 3 DAGs
[2024-03-18T08:29:27.760+0000] {logging_mixin.py:188} INFO - [2024-03-18T08:29:27.759+0000] {dag.py:3834} INFO - Setting next_dagrun for example_subdag_operator to 2022-01-01 00:00:00+00:00, run_after=2022-01-01 00:00:00+00:00
[2024-03-18T08:29:27.765+0000] {logging_mixin.py:188} INFO - [2024-03-18T08:29:27.764+0000] {dag.py:3834} INFO - Setting next_dagrun for example_subdag_operator.section-1 to None, run_after=None
[2024-03-18T08:29:27.766+0000] {logging_mixin.py:188} INFO - [2024-03-18T08:29:27.766+0000] {dag.py:3834} INFO - Setting next_dagrun for example_subdag_operator.section-2 to None, run_after=None
[2024-03-18T08:29:27.772+0000] {logging_mixin.py:188} INFO - [2024-03-18T08:29:27.772+0000] {dag.py:3047} INFO - Sync 2 DAGs
[2024-03-18T08:29:27.777+0000] {logging_mixin.py:188} INFO - [2024-03-18T08:29:27.777+0000] {dag.py:3834} INFO - Setting next_dagrun for example_subdag_operator.section-1 to None, run_after=None
[2024-03-18T08:29:27.777+0000] {logging_mixin.py:188} INFO - [2024-03-18T08:29:27.777+0000] {dag.py:3834} INFO - Setting next_dagrun for example_subdag_operator.section-2 to None, run_after=None
[2024-03-18T08:29:27.794+0000] {processor.py:183} INFO - Processing /home/ubuntu/air_venv/lib/python3.10/site-packages/airflow/example_dags/example_subdag_operator.py took 0.100 seconds
