[2024-03-18T08:00:32.145+0000] {processor.py:161} INFO - Started process (PID=3115) to work on /home/ubuntu/air_venv/lib/python3.10/site-packages/airflow/example_dags/example_dynamic_task_mapping.py
[2024-03-18T08:00:32.146+0000] {processor.py:830} INFO - Processing file /home/ubuntu/air_venv/lib/python3.10/site-packages/airflow/example_dags/example_dynamic_task_mapping.py for tasks to queue
[2024-03-18T08:00:32.147+0000] {logging_mixin.py:188} INFO - [2024-03-18T08:00:32.147+0000] {dagbag.py:540} INFO - Filling up the DagBag from /home/ubuntu/air_venv/lib/python3.10/site-packages/airflow/example_dags/example_dynamic_task_mapping.py
[2024-03-18T08:00:32.156+0000] {processor.py:840} INFO - DAG(s) 'example_dynamic_task_mapping' retrieved from /home/ubuntu/air_venv/lib/python3.10/site-packages/airflow/example_dags/example_dynamic_task_mapping.py
[2024-03-18T08:00:32.284+0000] {logging_mixin.py:188} INFO - [2024-03-18T08:00:32.284+0000] {override.py:1769} INFO - Created Permission View: can edit on DAG:example_dynamic_task_mapping
[2024-03-18T08:00:32.300+0000] {logging_mixin.py:188} INFO - [2024-03-18T08:00:32.300+0000] {override.py:1769} INFO - Created Permission View: can delete on DAG:example_dynamic_task_mapping
[2024-03-18T08:00:32.318+0000] {logging_mixin.py:188} INFO - [2024-03-18T08:00:32.317+0000] {override.py:1769} INFO - Created Permission View: can read on DAG:example_dynamic_task_mapping
[2024-03-18T08:00:32.318+0000] {logging_mixin.py:188} INFO - [2024-03-18T08:00:32.318+0000] {dag.py:3047} INFO - Sync 1 DAGs
[2024-03-18T08:00:32.332+0000] {logging_mixin.py:188} INFO - [2024-03-18T08:00:32.332+0000] {dag.py:3069} INFO - Creating ORM DAG for example_dynamic_task_mapping
[2024-03-18T08:00:32.510+0000] {logging_mixin.py:188} INFO - [2024-03-18T08:00:32.509+0000] {dag.py:3834} INFO - Setting next_dagrun for example_dynamic_task_mapping to 2022-03-04 00:00:00+00:00, run_after=2022-03-05 00:00:00+00:00
[2024-03-18T08:00:32.532+0000] {processor.py:183} INFO - Processing /home/ubuntu/air_venv/lib/python3.10/site-packages/airflow/example_dags/example_dynamic_task_mapping.py took 0.391 seconds
[2024-03-18T08:01:24.878+0000] {processor.py:161} INFO - Started process (PID=3553) to work on /home/ubuntu/air_venv/lib/python3.10/site-packages/airflow/example_dags/example_dynamic_task_mapping.py
[2024-03-18T08:01:24.880+0000] {processor.py:830} INFO - Processing file /home/ubuntu/air_venv/lib/python3.10/site-packages/airflow/example_dags/example_dynamic_task_mapping.py for tasks to queue
[2024-03-18T08:01:24.881+0000] {logging_mixin.py:188} INFO - [2024-03-18T08:01:24.881+0000] {dagbag.py:540} INFO - Filling up the DagBag from /home/ubuntu/air_venv/lib/python3.10/site-packages/airflow/example_dags/example_dynamic_task_mapping.py
[2024-03-18T08:01:24.890+0000] {processor.py:840} INFO - DAG(s) 'example_dynamic_task_mapping' retrieved from /home/ubuntu/air_venv/lib/python3.10/site-packages/airflow/example_dags/example_dynamic_task_mapping.py
[2024-03-18T08:01:24.907+0000] {logging_mixin.py:188} INFO - [2024-03-18T08:01:24.906+0000] {dag.py:3047} INFO - Sync 1 DAGs
[2024-03-18T08:01:24.929+0000] {logging_mixin.py:188} INFO - [2024-03-18T08:01:24.928+0000] {dag.py:3834} INFO - Setting next_dagrun for example_dynamic_task_mapping to 2022-03-04 00:00:00+00:00, run_after=2022-03-05 00:00:00+00:00
[2024-03-18T08:01:24.953+0000] {processor.py:183} INFO - Processing /home/ubuntu/air_venv/lib/python3.10/site-packages/airflow/example_dags/example_dynamic_task_mapping.py took 0.078 seconds
[2024-03-18T08:02:22.335+0000] {processor.py:161} INFO - Started process (PID=4180) to work on /home/ubuntu/air_venv/lib/python3.10/site-packages/airflow/example_dags/example_dynamic_task_mapping.py
[2024-03-18T08:02:22.337+0000] {processor.py:830} INFO - Processing file /home/ubuntu/air_venv/lib/python3.10/site-packages/airflow/example_dags/example_dynamic_task_mapping.py for tasks to queue
[2024-03-18T08:02:22.338+0000] {logging_mixin.py:188} INFO - [2024-03-18T08:02:22.338+0000] {dagbag.py:540} INFO - Filling up the DagBag from /home/ubuntu/air_venv/lib/python3.10/site-packages/airflow/example_dags/example_dynamic_task_mapping.py
[2024-03-18T08:02:22.347+0000] {processor.py:840} INFO - DAG(s) 'example_dynamic_task_mapping' retrieved from /home/ubuntu/air_venv/lib/python3.10/site-packages/airflow/example_dags/example_dynamic_task_mapping.py
[2024-03-18T08:02:22.518+0000] {logging_mixin.py:188} INFO - [2024-03-18T08:02:22.518+0000] {dag.py:3047} INFO - Sync 1 DAGs
[2024-03-18T08:02:22.537+0000] {logging_mixin.py:188} INFO - [2024-03-18T08:02:22.537+0000] {dag.py:3834} INFO - Setting next_dagrun for example_dynamic_task_mapping to 2022-03-04 00:00:00+00:00, run_after=2022-03-05 00:00:00+00:00
[2024-03-18T08:02:22.561+0000] {processor.py:183} INFO - Processing /home/ubuntu/air_venv/lib/python3.10/site-packages/airflow/example_dags/example_dynamic_task_mapping.py took 0.229 seconds
[2024-03-18T08:03:16.358+0000] {processor.py:161} INFO - Started process (PID=4469) to work on /home/ubuntu/air_venv/lib/python3.10/site-packages/airflow/example_dags/example_dynamic_task_mapping.py
[2024-03-18T08:03:16.360+0000] {processor.py:830} INFO - Processing file /home/ubuntu/air_venv/lib/python3.10/site-packages/airflow/example_dags/example_dynamic_task_mapping.py for tasks to queue
[2024-03-18T08:03:16.361+0000] {logging_mixin.py:188} INFO - [2024-03-18T08:03:16.361+0000] {dagbag.py:540} INFO - Filling up the DagBag from /home/ubuntu/air_venv/lib/python3.10/site-packages/airflow/example_dags/example_dynamic_task_mapping.py
[2024-03-18T08:03:16.370+0000] {processor.py:840} INFO - DAG(s) 'example_dynamic_task_mapping' retrieved from /home/ubuntu/air_venv/lib/python3.10/site-packages/airflow/example_dags/example_dynamic_task_mapping.py
[2024-03-18T08:03:16.387+0000] {logging_mixin.py:188} INFO - [2024-03-18T08:03:16.387+0000] {dag.py:3047} INFO - Sync 1 DAGs
[2024-03-18T08:03:16.413+0000] {logging_mixin.py:188} INFO - [2024-03-18T08:03:16.412+0000] {dag.py:3834} INFO - Setting next_dagrun for example_dynamic_task_mapping to 2022-03-04 00:00:00+00:00, run_after=2022-03-05 00:00:00+00:00
[2024-03-18T08:03:16.441+0000] {processor.py:183} INFO - Processing /home/ubuntu/air_venv/lib/python3.10/site-packages/airflow/example_dags/example_dynamic_task_mapping.py took 0.086 seconds
[2024-03-18T08:04:21.263+0000] {processor.py:161} INFO - Started process (PID=5040) to work on /home/ubuntu/air_venv/lib/python3.10/site-packages/airflow/example_dags/example_dynamic_task_mapping.py
[2024-03-18T08:04:21.265+0000] {processor.py:830} INFO - Processing file /home/ubuntu/air_venv/lib/python3.10/site-packages/airflow/example_dags/example_dynamic_task_mapping.py for tasks to queue
[2024-03-18T08:04:21.266+0000] {logging_mixin.py:188} INFO - [2024-03-18T08:04:21.266+0000] {dagbag.py:540} INFO - Filling up the DagBag from /home/ubuntu/air_venv/lib/python3.10/site-packages/airflow/example_dags/example_dynamic_task_mapping.py
[2024-03-18T08:04:21.274+0000] {processor.py:840} INFO - DAG(s) 'example_dynamic_task_mapping' retrieved from /home/ubuntu/air_venv/lib/python3.10/site-packages/airflow/example_dags/example_dynamic_task_mapping.py
[2024-03-18T08:04:21.291+0000] {logging_mixin.py:188} INFO - [2024-03-18T08:04:21.291+0000] {dag.py:3047} INFO - Sync 1 DAGs
[2024-03-18T08:04:21.314+0000] {logging_mixin.py:188} INFO - [2024-03-18T08:04:21.314+0000] {dag.py:3834} INFO - Setting next_dagrun for example_dynamic_task_mapping to 2022-03-04 00:00:00+00:00, run_after=2022-03-05 00:00:00+00:00
[2024-03-18T08:04:21.341+0000] {processor.py:183} INFO - Processing /home/ubuntu/air_venv/lib/python3.10/site-packages/airflow/example_dags/example_dynamic_task_mapping.py took 0.081 seconds
[2024-03-18T08:05:37.751+0000] {processor.py:161} INFO - Started process (PID=5694) to work on /home/ubuntu/air_venv/lib/python3.10/site-packages/airflow/example_dags/example_dynamic_task_mapping.py
[2024-03-18T08:05:37.754+0000] {processor.py:830} INFO - Processing file /home/ubuntu/air_venv/lib/python3.10/site-packages/airflow/example_dags/example_dynamic_task_mapping.py for tasks to queue
[2024-03-18T08:05:37.755+0000] {logging_mixin.py:188} INFO - [2024-03-18T08:05:37.754+0000] {dagbag.py:540} INFO - Filling up the DagBag from /home/ubuntu/air_venv/lib/python3.10/site-packages/airflow/example_dags/example_dynamic_task_mapping.py
[2024-03-18T08:05:37.764+0000] {processor.py:840} INFO - DAG(s) 'example_dynamic_task_mapping' retrieved from /home/ubuntu/air_venv/lib/python3.10/site-packages/airflow/example_dags/example_dynamic_task_mapping.py
[2024-03-18T08:05:37.783+0000] {logging_mixin.py:188} INFO - [2024-03-18T08:05:37.782+0000] {dag.py:3047} INFO - Sync 1 DAGs
[2024-03-18T08:05:37.807+0000] {logging_mixin.py:188} INFO - [2024-03-18T08:05:37.807+0000] {dag.py:3834} INFO - Setting next_dagrun for example_dynamic_task_mapping to 2022-03-04 00:00:00+00:00, run_after=2022-03-05 00:00:00+00:00
[2024-03-18T08:05:37.843+0000] {processor.py:183} INFO - Processing /home/ubuntu/air_venv/lib/python3.10/site-packages/airflow/example_dags/example_dynamic_task_mapping.py took 0.096 seconds
[2024-03-18T08:07:35.992+0000] {processor.py:161} INFO - Started process (PID=7075) to work on /home/ubuntu/air_venv/lib/python3.10/site-packages/airflow/example_dags/example_dynamic_task_mapping.py
[2024-03-18T08:07:35.994+0000] {processor.py:830} INFO - Processing file /home/ubuntu/air_venv/lib/python3.10/site-packages/airflow/example_dags/example_dynamic_task_mapping.py for tasks to queue
[2024-03-18T08:07:35.996+0000] {logging_mixin.py:188} INFO - [2024-03-18T08:07:35.995+0000] {dagbag.py:540} INFO - Filling up the DagBag from /home/ubuntu/air_venv/lib/python3.10/site-packages/airflow/example_dags/example_dynamic_task_mapping.py
[2024-03-18T08:07:36.004+0000] {processor.py:840} INFO - DAG(s) 'example_dynamic_task_mapping' retrieved from /home/ubuntu/air_venv/lib/python3.10/site-packages/airflow/example_dags/example_dynamic_task_mapping.py
[2024-03-18T08:07:36.022+0000] {logging_mixin.py:188} INFO - [2024-03-18T08:07:36.021+0000] {dag.py:3047} INFO - Sync 1 DAGs
[2024-03-18T08:07:36.046+0000] {logging_mixin.py:188} INFO - [2024-03-18T08:07:36.045+0000] {dag.py:3834} INFO - Setting next_dagrun for example_dynamic_task_mapping to 2022-03-04 00:00:00+00:00, run_after=2022-03-05 00:00:00+00:00
[2024-03-18T08:07:36.071+0000] {processor.py:183} INFO - Processing /home/ubuntu/air_venv/lib/python3.10/site-packages/airflow/example_dags/example_dynamic_task_mapping.py took 0.083 seconds
[2024-03-18T08:08:47.656+0000] {processor.py:161} INFO - Started process (PID=7573) to work on /home/ubuntu/air_venv/lib/python3.10/site-packages/airflow/example_dags/example_dynamic_task_mapping.py
[2024-03-18T08:08:47.658+0000] {processor.py:830} INFO - Processing file /home/ubuntu/air_venv/lib/python3.10/site-packages/airflow/example_dags/example_dynamic_task_mapping.py for tasks to queue
[2024-03-18T08:08:47.659+0000] {logging_mixin.py:188} INFO - [2024-03-18T08:08:47.659+0000] {dagbag.py:540} INFO - Filling up the DagBag from /home/ubuntu/air_venv/lib/python3.10/site-packages/airflow/example_dags/example_dynamic_task_mapping.py
[2024-03-18T08:08:47.667+0000] {processor.py:840} INFO - DAG(s) 'example_dynamic_task_mapping' retrieved from /home/ubuntu/air_venv/lib/python3.10/site-packages/airflow/example_dags/example_dynamic_task_mapping.py
[2024-03-18T08:08:47.688+0000] {logging_mixin.py:188} INFO - [2024-03-18T08:08:47.687+0000] {dag.py:3047} INFO - Sync 1 DAGs
[2024-03-18T08:08:47.710+0000] {logging_mixin.py:188} INFO - [2024-03-18T08:08:47.709+0000] {dag.py:3834} INFO - Setting next_dagrun for example_dynamic_task_mapping to 2022-03-04 00:00:00+00:00, run_after=2022-03-05 00:00:00+00:00
[2024-03-18T08:08:47.733+0000] {processor.py:183} INFO - Processing /home/ubuntu/air_venv/lib/python3.10/site-packages/airflow/example_dags/example_dynamic_task_mapping.py took 0.081 seconds
[2024-03-18T08:09:52.304+0000] {processor.py:161} INFO - Started process (PID=7999) to work on /home/ubuntu/air_venv/lib/python3.10/site-packages/airflow/example_dags/example_dynamic_task_mapping.py
[2024-03-18T08:09:52.306+0000] {processor.py:830} INFO - Processing file /home/ubuntu/air_venv/lib/python3.10/site-packages/airflow/example_dags/example_dynamic_task_mapping.py for tasks to queue
[2024-03-18T08:09:52.307+0000] {logging_mixin.py:188} INFO - [2024-03-18T08:09:52.307+0000] {dagbag.py:540} INFO - Filling up the DagBag from /home/ubuntu/air_venv/lib/python3.10/site-packages/airflow/example_dags/example_dynamic_task_mapping.py
[2024-03-18T08:09:52.316+0000] {processor.py:840} INFO - DAG(s) 'example_dynamic_task_mapping' retrieved from /home/ubuntu/air_venv/lib/python3.10/site-packages/airflow/example_dags/example_dynamic_task_mapping.py
[2024-03-18T08:09:52.333+0000] {logging_mixin.py:188} INFO - [2024-03-18T08:09:52.332+0000] {dag.py:3047} INFO - Sync 1 DAGs
[2024-03-18T08:09:52.355+0000] {logging_mixin.py:188} INFO - [2024-03-18T08:09:52.355+0000] {dag.py:3834} INFO - Setting next_dagrun for example_dynamic_task_mapping to 2022-03-04 00:00:00+00:00, run_after=2022-03-05 00:00:00+00:00
[2024-03-18T08:09:52.379+0000] {processor.py:183} INFO - Processing /home/ubuntu/air_venv/lib/python3.10/site-packages/airflow/example_dags/example_dynamic_task_mapping.py took 0.079 seconds
[2024-03-18T08:10:50.779+0000] {processor.py:161} INFO - Started process (PID=8418) to work on /home/ubuntu/air_venv/lib/python3.10/site-packages/airflow/example_dags/example_dynamic_task_mapping.py
[2024-03-18T08:10:50.781+0000] {processor.py:830} INFO - Processing file /home/ubuntu/air_venv/lib/python3.10/site-packages/airflow/example_dags/example_dynamic_task_mapping.py for tasks to queue
[2024-03-18T08:10:50.782+0000] {logging_mixin.py:188} INFO - [2024-03-18T08:10:50.781+0000] {dagbag.py:540} INFO - Filling up the DagBag from /home/ubuntu/air_venv/lib/python3.10/site-packages/airflow/example_dags/example_dynamic_task_mapping.py
[2024-03-18T08:10:50.791+0000] {processor.py:840} INFO - DAG(s) 'example_dynamic_task_mapping' retrieved from /home/ubuntu/air_venv/lib/python3.10/site-packages/airflow/example_dags/example_dynamic_task_mapping.py
[2024-03-18T08:10:50.807+0000] {logging_mixin.py:188} INFO - [2024-03-18T08:10:50.807+0000] {dag.py:3047} INFO - Sync 1 DAGs
[2024-03-18T08:10:50.830+0000] {logging_mixin.py:188} INFO - [2024-03-18T08:10:50.830+0000] {dag.py:3834} INFO - Setting next_dagrun for example_dynamic_task_mapping to 2022-03-04 00:00:00+00:00, run_after=2022-03-05 00:00:00+00:00
[2024-03-18T08:10:50.855+0000] {processor.py:183} INFO - Processing /home/ubuntu/air_venv/lib/python3.10/site-packages/airflow/example_dags/example_dynamic_task_mapping.py took 0.079 seconds
[2024-03-18T08:11:54.226+0000] {processor.py:161} INFO - Started process (PID=8963) to work on /home/ubuntu/air_venv/lib/python3.10/site-packages/airflow/example_dags/example_dynamic_task_mapping.py
[2024-03-18T08:11:54.228+0000] {processor.py:830} INFO - Processing file /home/ubuntu/air_venv/lib/python3.10/site-packages/airflow/example_dags/example_dynamic_task_mapping.py for tasks to queue
[2024-03-18T08:11:54.229+0000] {logging_mixin.py:188} INFO - [2024-03-18T08:11:54.228+0000] {dagbag.py:540} INFO - Filling up the DagBag from /home/ubuntu/air_venv/lib/python3.10/site-packages/airflow/example_dags/example_dynamic_task_mapping.py
[2024-03-18T08:11:54.237+0000] {processor.py:840} INFO - DAG(s) 'example_dynamic_task_mapping' retrieved from /home/ubuntu/air_venv/lib/python3.10/site-packages/airflow/example_dags/example_dynamic_task_mapping.py
[2024-03-18T08:11:54.255+0000] {logging_mixin.py:188} INFO - [2024-03-18T08:11:54.254+0000] {dag.py:3047} INFO - Sync 1 DAGs
[2024-03-18T08:11:54.279+0000] {logging_mixin.py:188} INFO - [2024-03-18T08:11:54.278+0000] {dag.py:3834} INFO - Setting next_dagrun for example_dynamic_task_mapping to 2022-03-04 00:00:00+00:00, run_after=2022-03-05 00:00:00+00:00
[2024-03-18T08:11:54.305+0000] {processor.py:183} INFO - Processing /home/ubuntu/air_venv/lib/python3.10/site-packages/airflow/example_dags/example_dynamic_task_mapping.py took 0.083 seconds
[2024-03-18T08:12:57.160+0000] {processor.py:161} INFO - Started process (PID=9385) to work on /home/ubuntu/air_venv/lib/python3.10/site-packages/airflow/example_dags/example_dynamic_task_mapping.py
[2024-03-18T08:12:57.162+0000] {processor.py:830} INFO - Processing file /home/ubuntu/air_venv/lib/python3.10/site-packages/airflow/example_dags/example_dynamic_task_mapping.py for tasks to queue
[2024-03-18T08:12:57.163+0000] {logging_mixin.py:188} INFO - [2024-03-18T08:12:57.163+0000] {dagbag.py:540} INFO - Filling up the DagBag from /home/ubuntu/air_venv/lib/python3.10/site-packages/airflow/example_dags/example_dynamic_task_mapping.py
[2024-03-18T08:12:57.172+0000] {processor.py:840} INFO - DAG(s) 'example_dynamic_task_mapping' retrieved from /home/ubuntu/air_venv/lib/python3.10/site-packages/airflow/example_dags/example_dynamic_task_mapping.py
[2024-03-18T08:12:57.189+0000] {logging_mixin.py:188} INFO - [2024-03-18T08:12:57.189+0000] {dag.py:3047} INFO - Sync 1 DAGs
[2024-03-18T08:12:57.213+0000] {logging_mixin.py:188} INFO - [2024-03-18T08:12:57.213+0000] {dag.py:3834} INFO - Setting next_dagrun for example_dynamic_task_mapping to 2022-03-04 00:00:00+00:00, run_after=2022-03-05 00:00:00+00:00
[2024-03-18T08:12:57.249+0000] {processor.py:183} INFO - Processing /home/ubuntu/air_venv/lib/python3.10/site-packages/airflow/example_dags/example_dynamic_task_mapping.py took 0.093 seconds
[2024-03-18T08:13:58.740+0000] {processor.py:161} INFO - Started process (PID=9628) to work on /home/ubuntu/air_venv/lib/python3.10/site-packages/airflow/example_dags/example_dynamic_task_mapping.py
[2024-03-18T08:13:58.742+0000] {processor.py:830} INFO - Processing file /home/ubuntu/air_venv/lib/python3.10/site-packages/airflow/example_dags/example_dynamic_task_mapping.py for tasks to queue
[2024-03-18T08:13:58.743+0000] {logging_mixin.py:188} INFO - [2024-03-18T08:13:58.743+0000] {dagbag.py:540} INFO - Filling up the DagBag from /home/ubuntu/air_venv/lib/python3.10/site-packages/airflow/example_dags/example_dynamic_task_mapping.py
[2024-03-18T08:13:58.751+0000] {processor.py:840} INFO - DAG(s) 'example_dynamic_task_mapping' retrieved from /home/ubuntu/air_venv/lib/python3.10/site-packages/airflow/example_dags/example_dynamic_task_mapping.py
[2024-03-18T08:13:58.768+0000] {logging_mixin.py:188} INFO - [2024-03-18T08:13:58.767+0000] {dag.py:3047} INFO - Sync 1 DAGs
[2024-03-18T08:13:58.789+0000] {logging_mixin.py:188} INFO - [2024-03-18T08:13:58.788+0000] {dag.py:3834} INFO - Setting next_dagrun for example_dynamic_task_mapping to 2022-03-04 00:00:00+00:00, run_after=2022-03-05 00:00:00+00:00
[2024-03-18T08:13:58.811+0000] {processor.py:183} INFO - Processing /home/ubuntu/air_venv/lib/python3.10/site-packages/airflow/example_dags/example_dynamic_task_mapping.py took 0.075 seconds
[2024-03-18T08:15:37.711+0000] {processor.py:161} INFO - Started process (PID=10570) to work on /home/ubuntu/air_venv/lib/python3.10/site-packages/airflow/example_dags/example_dynamic_task_mapping.py
[2024-03-18T08:15:37.713+0000] {processor.py:830} INFO - Processing file /home/ubuntu/air_venv/lib/python3.10/site-packages/airflow/example_dags/example_dynamic_task_mapping.py for tasks to queue
[2024-03-18T08:15:37.714+0000] {logging_mixin.py:188} INFO - [2024-03-18T08:15:37.714+0000] {dagbag.py:540} INFO - Filling up the DagBag from /home/ubuntu/air_venv/lib/python3.10/site-packages/airflow/example_dags/example_dynamic_task_mapping.py
[2024-03-18T08:15:37.722+0000] {processor.py:840} INFO - DAG(s) 'example_dynamic_task_mapping' retrieved from /home/ubuntu/air_venv/lib/python3.10/site-packages/airflow/example_dags/example_dynamic_task_mapping.py
[2024-03-18T08:15:37.739+0000] {logging_mixin.py:188} INFO - [2024-03-18T08:15:37.738+0000] {dag.py:3047} INFO - Sync 1 DAGs
[2024-03-18T08:15:37.760+0000] {logging_mixin.py:188} INFO - [2024-03-18T08:15:37.759+0000] {dag.py:3834} INFO - Setting next_dagrun for example_dynamic_task_mapping to 2022-03-04 00:00:00+00:00, run_after=2022-03-05 00:00:00+00:00
[2024-03-18T08:15:37.784+0000] {processor.py:183} INFO - Processing /home/ubuntu/air_venv/lib/python3.10/site-packages/airflow/example_dags/example_dynamic_task_mapping.py took 0.077 seconds
[2024-03-18T08:16:32.919+0000] {processor.py:161} INFO - Started process (PID=11223) to work on /home/ubuntu/air_venv/lib/python3.10/site-packages/airflow/example_dags/example_dynamic_task_mapping.py
[2024-03-18T08:16:32.921+0000] {processor.py:830} INFO - Processing file /home/ubuntu/air_venv/lib/python3.10/site-packages/airflow/example_dags/example_dynamic_task_mapping.py for tasks to queue
[2024-03-18T08:16:32.922+0000] {logging_mixin.py:188} INFO - [2024-03-18T08:16:32.922+0000] {dagbag.py:540} INFO - Filling up the DagBag from /home/ubuntu/air_venv/lib/python3.10/site-packages/airflow/example_dags/example_dynamic_task_mapping.py
[2024-03-18T08:16:32.931+0000] {processor.py:840} INFO - DAG(s) 'example_dynamic_task_mapping' retrieved from /home/ubuntu/air_venv/lib/python3.10/site-packages/airflow/example_dags/example_dynamic_task_mapping.py
[2024-03-18T08:16:32.960+0000] {logging_mixin.py:188} INFO - [2024-03-18T08:16:32.960+0000] {dag.py:3047} INFO - Sync 1 DAGs
[2024-03-18T08:16:32.983+0000] {logging_mixin.py:188} INFO - [2024-03-18T08:16:32.983+0000] {dag.py:3834} INFO - Setting next_dagrun for example_dynamic_task_mapping to 2022-03-04 00:00:00+00:00, run_after=2022-03-05 00:00:00+00:00
[2024-03-18T08:16:33.008+0000] {processor.py:183} INFO - Processing /home/ubuntu/air_venv/lib/python3.10/site-packages/airflow/example_dags/example_dynamic_task_mapping.py took 0.092 seconds
[2024-03-18T08:17:52.404+0000] {processor.py:161} INFO - Started process (PID=12264) to work on /home/ubuntu/air_venv/lib/python3.10/site-packages/airflow/example_dags/example_dynamic_task_mapping.py
[2024-03-18T08:17:52.406+0000] {processor.py:830} INFO - Processing file /home/ubuntu/air_venv/lib/python3.10/site-packages/airflow/example_dags/example_dynamic_task_mapping.py for tasks to queue
[2024-03-18T08:17:52.407+0000] {logging_mixin.py:188} INFO - [2024-03-18T08:17:52.407+0000] {dagbag.py:540} INFO - Filling up the DagBag from /home/ubuntu/air_venv/lib/python3.10/site-packages/airflow/example_dags/example_dynamic_task_mapping.py
[2024-03-18T08:17:52.416+0000] {processor.py:840} INFO - DAG(s) 'example_dynamic_task_mapping' retrieved from /home/ubuntu/air_venv/lib/python3.10/site-packages/airflow/example_dags/example_dynamic_task_mapping.py
[2024-03-18T08:17:52.434+0000] {logging_mixin.py:188} INFO - [2024-03-18T08:17:52.433+0000] {dag.py:3047} INFO - Sync 1 DAGs
[2024-03-18T08:17:52.457+0000] {logging_mixin.py:188} INFO - [2024-03-18T08:17:52.456+0000] {dag.py:3834} INFO - Setting next_dagrun for example_dynamic_task_mapping to 2022-03-04 00:00:00+00:00, run_after=2022-03-05 00:00:00+00:00
[2024-03-18T08:17:52.480+0000] {processor.py:183} INFO - Processing /home/ubuntu/air_venv/lib/python3.10/site-packages/airflow/example_dags/example_dynamic_task_mapping.py took 0.079 seconds
[2024-03-18T08:18:49.342+0000] {processor.py:161} INFO - Started process (PID=12560) to work on /home/ubuntu/air_venv/lib/python3.10/site-packages/airflow/example_dags/example_dynamic_task_mapping.py
[2024-03-18T08:18:49.344+0000] {processor.py:830} INFO - Processing file /home/ubuntu/air_venv/lib/python3.10/site-packages/airflow/example_dags/example_dynamic_task_mapping.py for tasks to queue
[2024-03-18T08:18:49.345+0000] {logging_mixin.py:188} INFO - [2024-03-18T08:18:49.345+0000] {dagbag.py:540} INFO - Filling up the DagBag from /home/ubuntu/air_venv/lib/python3.10/site-packages/airflow/example_dags/example_dynamic_task_mapping.py
[2024-03-18T08:18:49.353+0000] {processor.py:840} INFO - DAG(s) 'example_dynamic_task_mapping' retrieved from /home/ubuntu/air_venv/lib/python3.10/site-packages/airflow/example_dags/example_dynamic_task_mapping.py
[2024-03-18T08:18:49.379+0000] {logging_mixin.py:188} INFO - [2024-03-18T08:18:49.378+0000] {dag.py:3047} INFO - Sync 1 DAGs
[2024-03-18T08:18:49.406+0000] {logging_mixin.py:188} INFO - [2024-03-18T08:18:49.406+0000] {dag.py:3834} INFO - Setting next_dagrun for example_dynamic_task_mapping to 2022-03-04 00:00:00+00:00, run_after=2022-03-05 00:00:00+00:00
[2024-03-18T08:18:49.432+0000] {processor.py:183} INFO - Processing /home/ubuntu/air_venv/lib/python3.10/site-packages/airflow/example_dags/example_dynamic_task_mapping.py took 0.093 seconds
[2024-03-18T08:20:15.243+0000] {processor.py:161} INFO - Started process (PID=13241) to work on /home/ubuntu/air_venv/lib/python3.10/site-packages/airflow/example_dags/example_dynamic_task_mapping.py
[2024-03-18T08:20:15.246+0000] {processor.py:830} INFO - Processing file /home/ubuntu/air_venv/lib/python3.10/site-packages/airflow/example_dags/example_dynamic_task_mapping.py for tasks to queue
[2024-03-18T08:20:15.247+0000] {logging_mixin.py:188} INFO - [2024-03-18T08:20:15.247+0000] {dagbag.py:540} INFO - Filling up the DagBag from /home/ubuntu/air_venv/lib/python3.10/site-packages/airflow/example_dags/example_dynamic_task_mapping.py
[2024-03-18T08:20:15.255+0000] {processor.py:840} INFO - DAG(s) 'example_dynamic_task_mapping' retrieved from /home/ubuntu/air_venv/lib/python3.10/site-packages/airflow/example_dags/example_dynamic_task_mapping.py
[2024-03-18T08:20:15.273+0000] {logging_mixin.py:188} INFO - [2024-03-18T08:20:15.272+0000] {dag.py:3047} INFO - Sync 1 DAGs
[2024-03-18T08:20:15.313+0000] {logging_mixin.py:188} INFO - [2024-03-18T08:20:15.313+0000] {dag.py:3834} INFO - Setting next_dagrun for example_dynamic_task_mapping to 2022-03-04 00:00:00+00:00, run_after=2022-03-05 00:00:00+00:00
[2024-03-18T08:20:15.347+0000] {processor.py:183} INFO - Processing /home/ubuntu/air_venv/lib/python3.10/site-packages/airflow/example_dags/example_dynamic_task_mapping.py took 0.107 seconds
[2024-03-18T08:21:16.464+0000] {processor.py:161} INFO - Started process (PID=13599) to work on /home/ubuntu/air_venv/lib/python3.10/site-packages/airflow/example_dags/example_dynamic_task_mapping.py
[2024-03-18T08:21:16.466+0000] {processor.py:830} INFO - Processing file /home/ubuntu/air_venv/lib/python3.10/site-packages/airflow/example_dags/example_dynamic_task_mapping.py for tasks to queue
[2024-03-18T08:21:16.467+0000] {logging_mixin.py:188} INFO - [2024-03-18T08:21:16.467+0000] {dagbag.py:540} INFO - Filling up the DagBag from /home/ubuntu/air_venv/lib/python3.10/site-packages/airflow/example_dags/example_dynamic_task_mapping.py
[2024-03-18T08:21:16.476+0000] {processor.py:840} INFO - DAG(s) 'example_dynamic_task_mapping' retrieved from /home/ubuntu/air_venv/lib/python3.10/site-packages/airflow/example_dags/example_dynamic_task_mapping.py
[2024-03-18T08:21:16.493+0000] {logging_mixin.py:188} INFO - [2024-03-18T08:21:16.493+0000] {dag.py:3047} INFO - Sync 1 DAGs
[2024-03-18T08:21:16.515+0000] {logging_mixin.py:188} INFO - [2024-03-18T08:21:16.514+0000] {dag.py:3834} INFO - Setting next_dagrun for example_dynamic_task_mapping to 2022-03-04 00:00:00+00:00, run_after=2022-03-05 00:00:00+00:00
[2024-03-18T08:21:16.539+0000] {processor.py:183} INFO - Processing /home/ubuntu/air_venv/lib/python3.10/site-packages/airflow/example_dags/example_dynamic_task_mapping.py took 0.078 seconds
[2024-03-18T08:22:05.699+0000] {processor.py:161} INFO - Started process (PID=13770) to work on /home/ubuntu/air_venv/lib/python3.10/site-packages/airflow/example_dags/example_dynamic_task_mapping.py
[2024-03-18T08:22:05.701+0000] {processor.py:830} INFO - Processing file /home/ubuntu/air_venv/lib/python3.10/site-packages/airflow/example_dags/example_dynamic_task_mapping.py for tasks to queue
[2024-03-18T08:22:05.702+0000] {logging_mixin.py:188} INFO - [2024-03-18T08:22:05.701+0000] {dagbag.py:540} INFO - Filling up the DagBag from /home/ubuntu/air_venv/lib/python3.10/site-packages/airflow/example_dags/example_dynamic_task_mapping.py
[2024-03-18T08:22:05.720+0000] {processor.py:840} INFO - DAG(s) 'example_dynamic_task_mapping' retrieved from /home/ubuntu/air_venv/lib/python3.10/site-packages/airflow/example_dags/example_dynamic_task_mapping.py
[2024-03-18T08:22:05.745+0000] {logging_mixin.py:188} INFO - [2024-03-18T08:22:05.745+0000] {dag.py:3047} INFO - Sync 1 DAGs
[2024-03-18T08:22:05.771+0000] {logging_mixin.py:188} INFO - [2024-03-18T08:22:05.771+0000] {dag.py:3834} INFO - Setting next_dagrun for example_dynamic_task_mapping to 2022-03-04 00:00:00+00:00, run_after=2022-03-05 00:00:00+00:00
[2024-03-18T08:22:05.800+0000] {processor.py:183} INFO - Processing /home/ubuntu/air_venv/lib/python3.10/site-packages/airflow/example_dags/example_dynamic_task_mapping.py took 0.105 seconds
[2024-03-18T08:23:02.944+0000] {processor.py:161} INFO - Started process (PID=14207) to work on /home/ubuntu/air_venv/lib/python3.10/site-packages/airflow/example_dags/example_dynamic_task_mapping.py
[2024-03-18T08:23:02.947+0000] {processor.py:830} INFO - Processing file /home/ubuntu/air_venv/lib/python3.10/site-packages/airflow/example_dags/example_dynamic_task_mapping.py for tasks to queue
[2024-03-18T08:23:02.953+0000] {logging_mixin.py:188} INFO - [2024-03-18T08:23:02.952+0000] {dagbag.py:540} INFO - Filling up the DagBag from /home/ubuntu/air_venv/lib/python3.10/site-packages/airflow/example_dags/example_dynamic_task_mapping.py
[2024-03-18T08:23:02.964+0000] {processor.py:840} INFO - DAG(s) 'example_dynamic_task_mapping' retrieved from /home/ubuntu/air_venv/lib/python3.10/site-packages/airflow/example_dags/example_dynamic_task_mapping.py
[2024-03-18T08:23:03.090+0000] {logging_mixin.py:188} INFO - [2024-03-18T08:23:03.090+0000] {dag.py:3047} INFO - Sync 1 DAGs
[2024-03-18T08:23:03.204+0000] {logging_mixin.py:188} INFO - [2024-03-18T08:23:03.204+0000] {dag.py:3834} INFO - Setting next_dagrun for example_dynamic_task_mapping to 2022-03-04 00:00:00+00:00, run_after=2022-03-05 00:00:00+00:00
[2024-03-18T08:23:03.268+0000] {processor.py:183} INFO - Processing /home/ubuntu/air_venv/lib/python3.10/site-packages/airflow/example_dags/example_dynamic_task_mapping.py took 0.329 seconds
[2024-03-18T08:24:03.938+0000] {processor.py:161} INFO - Started process (PID=14662) to work on /home/ubuntu/air_venv/lib/python3.10/site-packages/airflow/example_dags/example_dynamic_task_mapping.py
[2024-03-18T08:24:03.963+0000] {processor.py:830} INFO - Processing file /home/ubuntu/air_venv/lib/python3.10/site-packages/airflow/example_dags/example_dynamic_task_mapping.py for tasks to queue
[2024-03-18T08:24:03.965+0000] {logging_mixin.py:188} INFO - [2024-03-18T08:24:03.964+0000] {dagbag.py:540} INFO - Filling up the DagBag from /home/ubuntu/air_venv/lib/python3.10/site-packages/airflow/example_dags/example_dynamic_task_mapping.py
[2024-03-18T08:24:03.976+0000] {processor.py:840} INFO - DAG(s) 'example_dynamic_task_mapping' retrieved from /home/ubuntu/air_venv/lib/python3.10/site-packages/airflow/example_dags/example_dynamic_task_mapping.py
[2024-03-18T08:24:03.999+0000] {logging_mixin.py:188} INFO - [2024-03-18T08:24:03.999+0000] {dag.py:3047} INFO - Sync 1 DAGs
[2024-03-18T08:24:04.028+0000] {logging_mixin.py:188} INFO - [2024-03-18T08:24:04.028+0000] {dag.py:3834} INFO - Setting next_dagrun for example_dynamic_task_mapping to 2022-03-04 00:00:00+00:00, run_after=2022-03-05 00:00:00+00:00
[2024-03-18T08:24:04.121+0000] {processor.py:183} INFO - Processing /home/ubuntu/air_venv/lib/python3.10/site-packages/airflow/example_dags/example_dynamic_task_mapping.py took 0.187 seconds
[2024-03-18T08:25:01.271+0000] {processor.py:161} INFO - Started process (PID=15203) to work on /home/ubuntu/air_venv/lib/python3.10/site-packages/airflow/example_dags/example_dynamic_task_mapping.py
[2024-03-18T08:25:01.272+0000] {processor.py:830} INFO - Processing file /home/ubuntu/air_venv/lib/python3.10/site-packages/airflow/example_dags/example_dynamic_task_mapping.py for tasks to queue
[2024-03-18T08:25:01.274+0000] {logging_mixin.py:188} INFO - [2024-03-18T08:25:01.273+0000] {dagbag.py:540} INFO - Filling up the DagBag from /home/ubuntu/air_venv/lib/python3.10/site-packages/airflow/example_dags/example_dynamic_task_mapping.py
[2024-03-18T08:25:01.285+0000] {processor.py:840} INFO - DAG(s) 'example_dynamic_task_mapping' retrieved from /home/ubuntu/air_venv/lib/python3.10/site-packages/airflow/example_dags/example_dynamic_task_mapping.py
[2024-03-18T08:25:01.307+0000] {logging_mixin.py:188} INFO - [2024-03-18T08:25:01.306+0000] {dag.py:3047} INFO - Sync 1 DAGs
[2024-03-18T08:25:01.336+0000] {logging_mixin.py:188} INFO - [2024-03-18T08:25:01.336+0000] {dag.py:3834} INFO - Setting next_dagrun for example_dynamic_task_mapping to 2022-03-04 00:00:00+00:00, run_after=2022-03-05 00:00:00+00:00
[2024-03-18T08:25:01.397+0000] {processor.py:183} INFO - Processing /home/ubuntu/air_venv/lib/python3.10/site-packages/airflow/example_dags/example_dynamic_task_mapping.py took 0.131 seconds
[2024-03-18T08:26:08.078+0000] {processor.py:161} INFO - Started process (PID=15386) to work on /home/ubuntu/air_venv/lib/python3.10/site-packages/airflow/example_dags/example_dynamic_task_mapping.py
[2024-03-18T08:26:08.080+0000] {processor.py:830} INFO - Processing file /home/ubuntu/air_venv/lib/python3.10/site-packages/airflow/example_dags/example_dynamic_task_mapping.py for tasks to queue
[2024-03-18T08:26:08.081+0000] {logging_mixin.py:188} INFO - [2024-03-18T08:26:08.080+0000] {dagbag.py:540} INFO - Filling up the DagBag from /home/ubuntu/air_venv/lib/python3.10/site-packages/airflow/example_dags/example_dynamic_task_mapping.py
[2024-03-18T08:26:08.089+0000] {processor.py:840} INFO - DAG(s) 'example_dynamic_task_mapping' retrieved from /home/ubuntu/air_venv/lib/python3.10/site-packages/airflow/example_dags/example_dynamic_task_mapping.py
[2024-03-18T08:26:08.108+0000] {logging_mixin.py:188} INFO - [2024-03-18T08:26:08.108+0000] {dag.py:3047} INFO - Sync 1 DAGs
[2024-03-18T08:26:08.132+0000] {logging_mixin.py:188} INFO - [2024-03-18T08:26:08.132+0000] {dag.py:3834} INFO - Setting next_dagrun for example_dynamic_task_mapping to 2022-03-04 00:00:00+00:00, run_after=2022-03-05 00:00:00+00:00
[2024-03-18T08:26:08.156+0000] {processor.py:183} INFO - Processing /home/ubuntu/air_venv/lib/python3.10/site-packages/airflow/example_dags/example_dynamic_task_mapping.py took 0.082 seconds
[2024-03-18T08:27:09.019+0000] {processor.py:161} INFO - Started process (PID=15505) to work on /home/ubuntu/air_venv/lib/python3.10/site-packages/airflow/example_dags/example_dynamic_task_mapping.py
[2024-03-18T08:27:09.021+0000] {processor.py:830} INFO - Processing file /home/ubuntu/air_venv/lib/python3.10/site-packages/airflow/example_dags/example_dynamic_task_mapping.py for tasks to queue
[2024-03-18T08:27:09.022+0000] {logging_mixin.py:188} INFO - [2024-03-18T08:27:09.022+0000] {dagbag.py:540} INFO - Filling up the DagBag from /home/ubuntu/air_venv/lib/python3.10/site-packages/airflow/example_dags/example_dynamic_task_mapping.py
[2024-03-18T08:27:09.031+0000] {processor.py:840} INFO - DAG(s) 'example_dynamic_task_mapping' retrieved from /home/ubuntu/air_venv/lib/python3.10/site-packages/airflow/example_dags/example_dynamic_task_mapping.py
[2024-03-18T08:27:09.048+0000] {logging_mixin.py:188} INFO - [2024-03-18T08:27:09.048+0000] {dag.py:3047} INFO - Sync 1 DAGs
[2024-03-18T08:27:09.071+0000] {logging_mixin.py:188} INFO - [2024-03-18T08:27:09.071+0000] {dag.py:3834} INFO - Setting next_dagrun for example_dynamic_task_mapping to 2022-03-04 00:00:00+00:00, run_after=2022-03-05 00:00:00+00:00
[2024-03-18T08:27:09.098+0000] {processor.py:183} INFO - Processing /home/ubuntu/air_venv/lib/python3.10/site-packages/airflow/example_dags/example_dynamic_task_mapping.py took 0.082 seconds
[2024-03-18T08:28:11.911+0000] {processor.py:161} INFO - Started process (PID=15628) to work on /home/ubuntu/air_venv/lib/python3.10/site-packages/airflow/example_dags/example_dynamic_task_mapping.py
[2024-03-18T08:28:11.914+0000] {processor.py:830} INFO - Processing file /home/ubuntu/air_venv/lib/python3.10/site-packages/airflow/example_dags/example_dynamic_task_mapping.py for tasks to queue
[2024-03-18T08:28:11.915+0000] {logging_mixin.py:188} INFO - [2024-03-18T08:28:11.914+0000] {dagbag.py:540} INFO - Filling up the DagBag from /home/ubuntu/air_venv/lib/python3.10/site-packages/airflow/example_dags/example_dynamic_task_mapping.py
[2024-03-18T08:28:11.923+0000] {processor.py:840} INFO - DAG(s) 'example_dynamic_task_mapping' retrieved from /home/ubuntu/air_venv/lib/python3.10/site-packages/airflow/example_dags/example_dynamic_task_mapping.py
[2024-03-18T08:28:11.940+0000] {logging_mixin.py:188} INFO - [2024-03-18T08:28:11.939+0000] {dag.py:3047} INFO - Sync 1 DAGs
[2024-03-18T08:28:11.962+0000] {logging_mixin.py:188} INFO - [2024-03-18T08:28:11.961+0000] {dag.py:3834} INFO - Setting next_dagrun for example_dynamic_task_mapping to 2022-03-04 00:00:00+00:00, run_after=2022-03-05 00:00:00+00:00
[2024-03-18T08:28:11.986+0000] {processor.py:183} INFO - Processing /home/ubuntu/air_venv/lib/python3.10/site-packages/airflow/example_dags/example_dynamic_task_mapping.py took 0.078 seconds
[2024-03-18T08:29:15.974+0000] {processor.py:161} INFO - Started process (PID=15749) to work on /home/ubuntu/air_venv/lib/python3.10/site-packages/airflow/example_dags/example_dynamic_task_mapping.py
[2024-03-18T08:29:15.975+0000] {processor.py:830} INFO - Processing file /home/ubuntu/air_venv/lib/python3.10/site-packages/airflow/example_dags/example_dynamic_task_mapping.py for tasks to queue
[2024-03-18T08:29:15.977+0000] {logging_mixin.py:188} INFO - [2024-03-18T08:29:15.976+0000] {dagbag.py:540} INFO - Filling up the DagBag from /home/ubuntu/air_venv/lib/python3.10/site-packages/airflow/example_dags/example_dynamic_task_mapping.py
[2024-03-18T08:29:15.985+0000] {processor.py:840} INFO - DAG(s) 'example_dynamic_task_mapping' retrieved from /home/ubuntu/air_venv/lib/python3.10/site-packages/airflow/example_dags/example_dynamic_task_mapping.py
[2024-03-18T08:29:16.002+0000] {logging_mixin.py:188} INFO - [2024-03-18T08:29:16.001+0000] {dag.py:3047} INFO - Sync 1 DAGs
[2024-03-18T08:29:16.024+0000] {logging_mixin.py:188} INFO - [2024-03-18T08:29:16.024+0000] {dag.py:3834} INFO - Setting next_dagrun for example_dynamic_task_mapping to 2022-03-04 00:00:00+00:00, run_after=2022-03-05 00:00:00+00:00
[2024-03-18T08:29:16.050+0000] {processor.py:183} INFO - Processing /home/ubuntu/air_venv/lib/python3.10/site-packages/airflow/example_dags/example_dynamic_task_mapping.py took 0.080 seconds
