[2024-03-18T08:00:17.361+0000] {processor.py:161} INFO - Started process (PID=3007) to work on /home/ubuntu/air_venv/lib/python3.10/site-packages/airflow/example_dags/example_params_trigger_ui.py
[2024-03-18T08:00:17.363+0000] {processor.py:830} INFO - Processing file /home/ubuntu/air_venv/lib/python3.10/site-packages/airflow/example_dags/example_params_trigger_ui.py for tasks to queue
[2024-03-18T08:00:17.364+0000] {logging_mixin.py:188} INFO - [2024-03-18T08:00:17.363+0000] {dagbag.py:540} INFO - Filling up the DagBag from /home/ubuntu/air_venv/lib/python3.10/site-packages/airflow/example_dags/example_params_trigger_ui.py
[2024-03-18T08:00:17.380+0000] {processor.py:840} INFO - DAG(s) 'example_params_trigger_ui' retrieved from /home/ubuntu/air_venv/lib/python3.10/site-packages/airflow/example_dags/example_params_trigger_ui.py
[2024-03-18T08:00:17.538+0000] {logging_mixin.py:188} INFO - [2024-03-18T08:00:17.537+0000] {override.py:1769} INFO - Created Permission View: can edit on DAG:example_params_trigger_ui
[2024-03-18T08:00:17.553+0000] {logging_mixin.py:188} INFO - [2024-03-18T08:00:17.553+0000] {override.py:1769} INFO - Created Permission View: can delete on DAG:example_params_trigger_ui
[2024-03-18T08:00:17.566+0000] {logging_mixin.py:188} INFO - [2024-03-18T08:00:17.565+0000] {override.py:1769} INFO - Created Permission View: can read on DAG:example_params_trigger_ui
[2024-03-18T08:00:17.566+0000] {logging_mixin.py:188} INFO - [2024-03-18T08:00:17.566+0000] {dag.py:3047} INFO - Sync 1 DAGs
[2024-03-18T08:00:17.578+0000] {logging_mixin.py:188} INFO - [2024-03-18T08:00:17.578+0000] {dag.py:3069} INFO - Creating ORM DAG for example_params_trigger_ui
[2024-03-18T08:00:17.579+0000] {logging_mixin.py:188} INFO - [2024-03-18T08:00:17.579+0000] {dag.py:3834} INFO - Setting next_dagrun for example_params_trigger_ui to None, run_after=None
[2024-03-18T08:00:17.611+0000] {processor.py:183} INFO - Processing /home/ubuntu/air_venv/lib/python3.10/site-packages/airflow/example_dags/example_params_trigger_ui.py took 0.253 seconds
[2024-03-18T08:01:13.771+0000] {processor.py:161} INFO - Started process (PID=3394) to work on /home/ubuntu/air_venv/lib/python3.10/site-packages/airflow/example_dags/example_params_trigger_ui.py
[2024-03-18T08:01:13.773+0000] {processor.py:830} INFO - Processing file /home/ubuntu/air_venv/lib/python3.10/site-packages/airflow/example_dags/example_params_trigger_ui.py for tasks to queue
[2024-03-18T08:01:13.774+0000] {logging_mixin.py:188} INFO - [2024-03-18T08:01:13.774+0000] {dagbag.py:540} INFO - Filling up the DagBag from /home/ubuntu/air_venv/lib/python3.10/site-packages/airflow/example_dags/example_params_trigger_ui.py
[2024-03-18T08:01:13.791+0000] {processor.py:840} INFO - DAG(s) 'example_params_trigger_ui' retrieved from /home/ubuntu/air_venv/lib/python3.10/site-packages/airflow/example_dags/example_params_trigger_ui.py
[2024-03-18T08:01:13.840+0000] {logging_mixin.py:188} INFO - [2024-03-18T08:01:13.840+0000] {dag.py:3047} INFO - Sync 1 DAGs
[2024-03-18T08:01:13.853+0000] {logging_mixin.py:188} INFO - [2024-03-18T08:01:13.853+0000] {dag.py:3834} INFO - Setting next_dagrun for example_params_trigger_ui to None, run_after=None
[2024-03-18T08:01:13.885+0000] {processor.py:183} INFO - Processing /home/ubuntu/air_venv/lib/python3.10/site-packages/airflow/example_dags/example_params_trigger_ui.py took 0.118 seconds
[2024-03-18T08:02:07.214+0000] {processor.py:161} INFO - Started process (PID=4011) to work on /home/ubuntu/air_venv/lib/python3.10/site-packages/airflow/example_dags/example_params_trigger_ui.py
[2024-03-18T08:02:07.216+0000] {processor.py:830} INFO - Processing file /home/ubuntu/air_venv/lib/python3.10/site-packages/airflow/example_dags/example_params_trigger_ui.py for tasks to queue
[2024-03-18T08:02:07.217+0000] {logging_mixin.py:188} INFO - [2024-03-18T08:02:07.217+0000] {dagbag.py:540} INFO - Filling up the DagBag from /home/ubuntu/air_venv/lib/python3.10/site-packages/airflow/example_dags/example_params_trigger_ui.py
[2024-03-18T08:02:07.236+0000] {processor.py:840} INFO - DAG(s) 'example_params_trigger_ui' retrieved from /home/ubuntu/air_venv/lib/python3.10/site-packages/airflow/example_dags/example_params_trigger_ui.py
[2024-03-18T08:02:07.285+0000] {logging_mixin.py:188} INFO - [2024-03-18T08:02:07.285+0000] {dag.py:3047} INFO - Sync 1 DAGs
[2024-03-18T08:02:07.461+0000] {logging_mixin.py:188} INFO - [2024-03-18T08:02:07.461+0000] {dag.py:3834} INFO - Setting next_dagrun for example_params_trigger_ui to None, run_after=None
[2024-03-18T08:02:07.498+0000] {processor.py:183} INFO - Processing /home/ubuntu/air_venv/lib/python3.10/site-packages/airflow/example_dags/example_params_trigger_ui.py took 0.287 seconds
[2024-03-18T08:03:04.086+0000] {processor.py:161} INFO - Started process (PID=4457) to work on /home/ubuntu/air_venv/lib/python3.10/site-packages/airflow/example_dags/example_params_trigger_ui.py
[2024-03-18T08:03:04.088+0000] {processor.py:830} INFO - Processing file /home/ubuntu/air_venv/lib/python3.10/site-packages/airflow/example_dags/example_params_trigger_ui.py for tasks to queue
[2024-03-18T08:03:04.089+0000] {logging_mixin.py:188} INFO - [2024-03-18T08:03:04.089+0000] {dagbag.py:540} INFO - Filling up the DagBag from /home/ubuntu/air_venv/lib/python3.10/site-packages/airflow/example_dags/example_params_trigger_ui.py
[2024-03-18T08:03:04.119+0000] {processor.py:840} INFO - DAG(s) 'example_params_trigger_ui' retrieved from /home/ubuntu/air_venv/lib/python3.10/site-packages/airflow/example_dags/example_params_trigger_ui.py
[2024-03-18T08:03:04.192+0000] {logging_mixin.py:188} INFO - [2024-03-18T08:03:04.191+0000] {dag.py:3047} INFO - Sync 1 DAGs
[2024-03-18T08:03:04.219+0000] {logging_mixin.py:188} INFO - [2024-03-18T08:03:04.218+0000] {dag.py:3834} INFO - Setting next_dagrun for example_params_trigger_ui to None, run_after=None
[2024-03-18T08:03:04.282+0000] {processor.py:183} INFO - Processing /home/ubuntu/air_venv/lib/python3.10/site-packages/airflow/example_dags/example_params_trigger_ui.py took 0.212 seconds
[2024-03-18T08:03:49.069+0000] {processor.py:161} INFO - Started process (PID=4682) to work on /home/ubuntu/air_venv/lib/python3.10/site-packages/airflow/example_dags/example_params_trigger_ui.py
[2024-03-18T08:03:49.074+0000] {processor.py:830} INFO - Processing file /home/ubuntu/air_venv/lib/python3.10/site-packages/airflow/example_dags/example_params_trigger_ui.py for tasks to queue
[2024-03-18T08:03:49.076+0000] {logging_mixin.py:188} INFO - [2024-03-18T08:03:49.075+0000] {dagbag.py:540} INFO - Filling up the DagBag from /home/ubuntu/air_venv/lib/python3.10/site-packages/airflow/example_dags/example_params_trigger_ui.py
[2024-03-18T08:03:49.097+0000] {processor.py:840} INFO - DAG(s) 'example_params_trigger_ui' retrieved from /home/ubuntu/air_venv/lib/python3.10/site-packages/airflow/example_dags/example_params_trigger_ui.py
[2024-03-18T08:03:49.180+0000] {logging_mixin.py:188} INFO - [2024-03-18T08:03:49.180+0000] {dag.py:3047} INFO - Sync 1 DAGs
[2024-03-18T08:03:49.192+0000] {logging_mixin.py:188} INFO - [2024-03-18T08:03:49.192+0000] {dag.py:3834} INFO - Setting next_dagrun for example_params_trigger_ui to None, run_after=None
[2024-03-18T08:03:49.217+0000] {processor.py:183} INFO - Processing /home/ubuntu/air_venv/lib/python3.10/site-packages/airflow/example_dags/example_params_trigger_ui.py took 0.156 seconds
[2024-03-18T08:04:39.627+0000] {processor.py:161} INFO - Started process (PID=5159) to work on /home/ubuntu/air_venv/lib/python3.10/site-packages/airflow/example_dags/example_params_trigger_ui.py
[2024-03-18T08:04:39.629+0000] {processor.py:830} INFO - Processing file /home/ubuntu/air_venv/lib/python3.10/site-packages/airflow/example_dags/example_params_trigger_ui.py for tasks to queue
[2024-03-18T08:04:39.630+0000] {logging_mixin.py:188} INFO - [2024-03-18T08:04:39.630+0000] {dagbag.py:540} INFO - Filling up the DagBag from /home/ubuntu/air_venv/lib/python3.10/site-packages/airflow/example_dags/example_params_trigger_ui.py
[2024-03-18T08:04:39.647+0000] {processor.py:840} INFO - DAG(s) 'example_params_trigger_ui' retrieved from /home/ubuntu/air_venv/lib/python3.10/site-packages/airflow/example_dags/example_params_trigger_ui.py
[2024-03-18T08:04:39.696+0000] {logging_mixin.py:188} INFO - [2024-03-18T08:04:39.695+0000] {dag.py:3047} INFO - Sync 1 DAGs
[2024-03-18T08:04:39.709+0000] {logging_mixin.py:188} INFO - [2024-03-18T08:04:39.708+0000] {dag.py:3834} INFO - Setting next_dagrun for example_params_trigger_ui to None, run_after=None
[2024-03-18T08:04:39.733+0000] {processor.py:183} INFO - Processing /home/ubuntu/air_venv/lib/python3.10/site-packages/airflow/example_dags/example_params_trigger_ui.py took 0.109 seconds
[2024-03-18T08:05:30.880+0000] {processor.py:161} INFO - Started process (PID=5626) to work on /home/ubuntu/air_venv/lib/python3.10/site-packages/airflow/example_dags/example_params_trigger_ui.py
[2024-03-18T08:05:30.882+0000] {processor.py:830} INFO - Processing file /home/ubuntu/air_venv/lib/python3.10/site-packages/airflow/example_dags/example_params_trigger_ui.py for tasks to queue
[2024-03-18T08:05:30.883+0000] {logging_mixin.py:188} INFO - [2024-03-18T08:05:30.882+0000] {dagbag.py:540} INFO - Filling up the DagBag from /home/ubuntu/air_venv/lib/python3.10/site-packages/airflow/example_dags/example_params_trigger_ui.py
[2024-03-18T08:05:30.899+0000] {processor.py:840} INFO - DAG(s) 'example_params_trigger_ui' retrieved from /home/ubuntu/air_venv/lib/python3.10/site-packages/airflow/example_dags/example_params_trigger_ui.py
[2024-03-18T08:05:30.954+0000] {logging_mixin.py:188} INFO - [2024-03-18T08:05:30.953+0000] {dag.py:3047} INFO - Sync 1 DAGs
[2024-03-18T08:05:30.967+0000] {logging_mixin.py:188} INFO - [2024-03-18T08:05:30.966+0000] {dag.py:3834} INFO - Setting next_dagrun for example_params_trigger_ui to None, run_after=None
[2024-03-18T08:05:30.992+0000] {processor.py:183} INFO - Processing /home/ubuntu/air_venv/lib/python3.10/site-packages/airflow/example_dags/example_params_trigger_ui.py took 0.115 seconds
[2024-03-18T08:06:32.132+0000] {processor.py:161} INFO - Started process (PID=6352) to work on /home/ubuntu/air_venv/lib/python3.10/site-packages/airflow/example_dags/example_params_trigger_ui.py
[2024-03-18T08:06:32.134+0000] {processor.py:830} INFO - Processing file /home/ubuntu/air_venv/lib/python3.10/site-packages/airflow/example_dags/example_params_trigger_ui.py for tasks to queue
[2024-03-18T08:06:32.136+0000] {logging_mixin.py:188} INFO - [2024-03-18T08:06:32.135+0000] {dagbag.py:540} INFO - Filling up the DagBag from /home/ubuntu/air_venv/lib/python3.10/site-packages/airflow/example_dags/example_params_trigger_ui.py
[2024-03-18T08:06:32.154+0000] {processor.py:840} INFO - DAG(s) 'example_params_trigger_ui' retrieved from /home/ubuntu/air_venv/lib/python3.10/site-packages/airflow/example_dags/example_params_trigger_ui.py
[2024-03-18T08:06:32.203+0000] {logging_mixin.py:188} INFO - [2024-03-18T08:06:32.203+0000] {dag.py:3047} INFO - Sync 1 DAGs
[2024-03-18T08:06:32.216+0000] {logging_mixin.py:188} INFO - [2024-03-18T08:06:32.216+0000] {dag.py:3834} INFO - Setting next_dagrun for example_params_trigger_ui to None, run_after=None
[2024-03-18T08:06:32.242+0000] {processor.py:183} INFO - Processing /home/ubuntu/air_venv/lib/python3.10/site-packages/airflow/example_dags/example_params_trigger_ui.py took 0.114 seconds
[2024-03-18T08:07:58.891+0000] {processor.py:161} INFO - Started process (PID=7216) to work on /home/ubuntu/air_venv/lib/python3.10/site-packages/airflow/example_dags/example_params_trigger_ui.py
[2024-03-18T08:07:58.893+0000] {processor.py:830} INFO - Processing file /home/ubuntu/air_venv/lib/python3.10/site-packages/airflow/example_dags/example_params_trigger_ui.py for tasks to queue
[2024-03-18T08:07:58.894+0000] {logging_mixin.py:188} INFO - [2024-03-18T08:07:58.894+0000] {dagbag.py:540} INFO - Filling up the DagBag from /home/ubuntu/air_venv/lib/python3.10/site-packages/airflow/example_dags/example_params_trigger_ui.py
[2024-03-18T08:07:58.911+0000] {processor.py:840} INFO - DAG(s) 'example_params_trigger_ui' retrieved from /home/ubuntu/air_venv/lib/python3.10/site-packages/airflow/example_dags/example_params_trigger_ui.py
[2024-03-18T08:07:58.962+0000] {logging_mixin.py:188} INFO - [2024-03-18T08:07:58.962+0000] {dag.py:3047} INFO - Sync 1 DAGs
[2024-03-18T08:07:58.975+0000] {logging_mixin.py:188} INFO - [2024-03-18T08:07:58.975+0000] {dag.py:3834} INFO - Setting next_dagrun for example_params_trigger_ui to None, run_after=None
[2024-03-18T08:07:59.001+0000] {processor.py:183} INFO - Processing /home/ubuntu/air_venv/lib/python3.10/site-packages/airflow/example_dags/example_params_trigger_ui.py took 0.114 seconds
[2024-03-18T08:08:45.231+0000] {processor.py:161} INFO - Started process (PID=7509) to work on /home/ubuntu/air_venv/lib/python3.10/site-packages/airflow/example_dags/example_params_trigger_ui.py
[2024-03-18T08:08:45.235+0000] {processor.py:830} INFO - Processing file /home/ubuntu/air_venv/lib/python3.10/site-packages/airflow/example_dags/example_params_trigger_ui.py for tasks to queue
[2024-03-18T08:08:45.236+0000] {logging_mixin.py:188} INFO - [2024-03-18T08:08:45.235+0000] {dagbag.py:540} INFO - Filling up the DagBag from /home/ubuntu/air_venv/lib/python3.10/site-packages/airflow/example_dags/example_params_trigger_ui.py
[2024-03-18T08:08:45.269+0000] {processor.py:840} INFO - DAG(s) 'example_params_trigger_ui' retrieved from /home/ubuntu/air_venv/lib/python3.10/site-packages/airflow/example_dags/example_params_trigger_ui.py
[2024-03-18T08:08:45.349+0000] {logging_mixin.py:188} INFO - [2024-03-18T08:08:45.349+0000] {dag.py:3047} INFO - Sync 1 DAGs
[2024-03-18T08:08:45.380+0000] {logging_mixin.py:188} INFO - [2024-03-18T08:08:45.380+0000] {dag.py:3834} INFO - Setting next_dagrun for example_params_trigger_ui to None, run_after=None
[2024-03-18T08:08:45.407+0000] {processor.py:183} INFO - Processing /home/ubuntu/air_venv/lib/python3.10/site-packages/airflow/example_dags/example_params_trigger_ui.py took 0.180 seconds
[2024-03-18T08:09:50.070+0000] {processor.py:161} INFO - Started process (PID=7997) to work on /home/ubuntu/air_venv/lib/python3.10/site-packages/airflow/example_dags/example_params_trigger_ui.py
[2024-03-18T08:09:50.072+0000] {processor.py:830} INFO - Processing file /home/ubuntu/air_venv/lib/python3.10/site-packages/airflow/example_dags/example_params_trigger_ui.py for tasks to queue
[2024-03-18T08:09:50.073+0000] {logging_mixin.py:188} INFO - [2024-03-18T08:09:50.072+0000] {dagbag.py:540} INFO - Filling up the DagBag from /home/ubuntu/air_venv/lib/python3.10/site-packages/airflow/example_dags/example_params_trigger_ui.py
[2024-03-18T08:09:50.090+0000] {processor.py:840} INFO - DAG(s) 'example_params_trigger_ui' retrieved from /home/ubuntu/air_venv/lib/python3.10/site-packages/airflow/example_dags/example_params_trigger_ui.py
[2024-03-18T08:09:50.139+0000] {logging_mixin.py:188} INFO - [2024-03-18T08:09:50.139+0000] {dag.py:3047} INFO - Sync 1 DAGs
[2024-03-18T08:09:50.152+0000] {logging_mixin.py:188} INFO - [2024-03-18T08:09:50.151+0000] {dag.py:3834} INFO - Setting next_dagrun for example_params_trigger_ui to None, run_after=None
[2024-03-18T08:09:50.177+0000] {processor.py:183} INFO - Processing /home/ubuntu/air_venv/lib/python3.10/site-packages/airflow/example_dags/example_params_trigger_ui.py took 0.111 seconds
[2024-03-18T08:10:49.185+0000] {processor.py:161} INFO - Started process (PID=8416) to work on /home/ubuntu/air_venv/lib/python3.10/site-packages/airflow/example_dags/example_params_trigger_ui.py
[2024-03-18T08:10:49.187+0000] {processor.py:830} INFO - Processing file /home/ubuntu/air_venv/lib/python3.10/site-packages/airflow/example_dags/example_params_trigger_ui.py for tasks to queue
[2024-03-18T08:10:49.188+0000] {logging_mixin.py:188} INFO - [2024-03-18T08:10:49.187+0000] {dagbag.py:540} INFO - Filling up the DagBag from /home/ubuntu/air_venv/lib/python3.10/site-packages/airflow/example_dags/example_params_trigger_ui.py
[2024-03-18T08:10:49.207+0000] {processor.py:840} INFO - DAG(s) 'example_params_trigger_ui' retrieved from /home/ubuntu/air_venv/lib/python3.10/site-packages/airflow/example_dags/example_params_trigger_ui.py
[2024-03-18T08:10:49.257+0000] {logging_mixin.py:188} INFO - [2024-03-18T08:10:49.257+0000] {dag.py:3047} INFO - Sync 1 DAGs
[2024-03-18T08:10:49.271+0000] {logging_mixin.py:188} INFO - [2024-03-18T08:10:49.271+0000] {dag.py:3834} INFO - Setting next_dagrun for example_params_trigger_ui to None, run_after=None
[2024-03-18T08:10:49.296+0000] {processor.py:183} INFO - Processing /home/ubuntu/air_venv/lib/python3.10/site-packages/airflow/example_dags/example_params_trigger_ui.py took 0.115 seconds
[2024-03-18T08:11:51.828+0000] {processor.py:161} INFO - Started process (PID=8961) to work on /home/ubuntu/air_venv/lib/python3.10/site-packages/airflow/example_dags/example_params_trigger_ui.py
[2024-03-18T08:11:51.830+0000] {processor.py:830} INFO - Processing file /home/ubuntu/air_venv/lib/python3.10/site-packages/airflow/example_dags/example_params_trigger_ui.py for tasks to queue
[2024-03-18T08:11:51.832+0000] {logging_mixin.py:188} INFO - [2024-03-18T08:11:51.831+0000] {dagbag.py:540} INFO - Filling up the DagBag from /home/ubuntu/air_venv/lib/python3.10/site-packages/airflow/example_dags/example_params_trigger_ui.py
[2024-03-18T08:11:51.848+0000] {processor.py:840} INFO - DAG(s) 'example_params_trigger_ui' retrieved from /home/ubuntu/air_venv/lib/python3.10/site-packages/airflow/example_dags/example_params_trigger_ui.py
[2024-03-18T08:11:51.899+0000] {logging_mixin.py:188} INFO - [2024-03-18T08:11:51.898+0000] {dag.py:3047} INFO - Sync 1 DAGs
[2024-03-18T08:11:51.912+0000] {logging_mixin.py:188} INFO - [2024-03-18T08:11:51.912+0000] {dag.py:3834} INFO - Setting next_dagrun for example_params_trigger_ui to None, run_after=None
[2024-03-18T08:11:51.938+0000] {processor.py:183} INFO - Processing /home/ubuntu/air_venv/lib/python3.10/site-packages/airflow/example_dags/example_params_trigger_ui.py took 0.114 seconds
[2024-03-18T08:12:54.764+0000] {processor.py:161} INFO - Started process (PID=9383) to work on /home/ubuntu/air_venv/lib/python3.10/site-packages/airflow/example_dags/example_params_trigger_ui.py
[2024-03-18T08:12:54.766+0000] {processor.py:830} INFO - Processing file /home/ubuntu/air_venv/lib/python3.10/site-packages/airflow/example_dags/example_params_trigger_ui.py for tasks to queue
[2024-03-18T08:12:54.767+0000] {logging_mixin.py:188} INFO - [2024-03-18T08:12:54.767+0000] {dagbag.py:540} INFO - Filling up the DagBag from /home/ubuntu/air_venv/lib/python3.10/site-packages/airflow/example_dags/example_params_trigger_ui.py
[2024-03-18T08:12:54.784+0000] {processor.py:840} INFO - DAG(s) 'example_params_trigger_ui' retrieved from /home/ubuntu/air_venv/lib/python3.10/site-packages/airflow/example_dags/example_params_trigger_ui.py
[2024-03-18T08:12:54.833+0000] {logging_mixin.py:188} INFO - [2024-03-18T08:12:54.833+0000] {dag.py:3047} INFO - Sync 1 DAGs
[2024-03-18T08:12:54.846+0000] {logging_mixin.py:188} INFO - [2024-03-18T08:12:54.846+0000] {dag.py:3834} INFO - Setting next_dagrun for example_params_trigger_ui to None, run_after=None
[2024-03-18T08:12:54.873+0000] {processor.py:183} INFO - Processing /home/ubuntu/air_venv/lib/python3.10/site-packages/airflow/example_dags/example_params_trigger_ui.py took 0.112 seconds
[2024-03-18T08:13:40.595+0000] {processor.py:161} INFO - Started process (PID=9607) to work on /home/ubuntu/air_venv/lib/python3.10/site-packages/airflow/example_dags/example_params_trigger_ui.py
[2024-03-18T08:13:40.597+0000] {processor.py:830} INFO - Processing file /home/ubuntu/air_venv/lib/python3.10/site-packages/airflow/example_dags/example_params_trigger_ui.py for tasks to queue
[2024-03-18T08:13:40.598+0000] {logging_mixin.py:188} INFO - [2024-03-18T08:13:40.598+0000] {dagbag.py:540} INFO - Filling up the DagBag from /home/ubuntu/air_venv/lib/python3.10/site-packages/airflow/example_dags/example_params_trigger_ui.py
[2024-03-18T08:13:40.614+0000] {processor.py:840} INFO - DAG(s) 'example_params_trigger_ui' retrieved from /home/ubuntu/air_venv/lib/python3.10/site-packages/airflow/example_dags/example_params_trigger_ui.py
[2024-03-18T08:13:40.663+0000] {logging_mixin.py:188} INFO - [2024-03-18T08:13:40.663+0000] {dag.py:3047} INFO - Sync 1 DAGs
[2024-03-18T08:13:40.676+0000] {logging_mixin.py:188} INFO - [2024-03-18T08:13:40.676+0000] {dag.py:3834} INFO - Setting next_dagrun for example_params_trigger_ui to None, run_after=None
[2024-03-18T08:13:40.700+0000] {processor.py:183} INFO - Processing /home/ubuntu/air_venv/lib/python3.10/site-packages/airflow/example_dags/example_params_trigger_ui.py took 0.108 seconds
[2024-03-18T08:15:09.175+0000] {processor.py:161} INFO - Started process (PID=10300) to work on /home/ubuntu/air_venv/lib/python3.10/site-packages/airflow/example_dags/example_params_trigger_ui.py
[2024-03-18T08:15:09.179+0000] {processor.py:830} INFO - Processing file /home/ubuntu/air_venv/lib/python3.10/site-packages/airflow/example_dags/example_params_trigger_ui.py for tasks to queue
[2024-03-18T08:15:09.181+0000] {logging_mixin.py:188} INFO - [2024-03-18T08:15:09.180+0000] {dagbag.py:540} INFO - Filling up the DagBag from /home/ubuntu/air_venv/lib/python3.10/site-packages/airflow/example_dags/example_params_trigger_ui.py
[2024-03-18T08:15:09.215+0000] {processor.py:840} INFO - DAG(s) 'example_params_trigger_ui' retrieved from /home/ubuntu/air_venv/lib/python3.10/site-packages/airflow/example_dags/example_params_trigger_ui.py
[2024-03-18T08:15:09.303+0000] {logging_mixin.py:188} INFO - [2024-03-18T08:15:09.302+0000] {dag.py:3047} INFO - Sync 1 DAGs
[2024-03-18T08:15:09.322+0000] {logging_mixin.py:188} INFO - [2024-03-18T08:15:09.321+0000] {dag.py:3834} INFO - Setting next_dagrun for example_params_trigger_ui to None, run_after=None
[2024-03-18T08:15:09.379+0000] {processor.py:183} INFO - Processing /home/ubuntu/air_venv/lib/python3.10/site-packages/airflow/example_dags/example_params_trigger_ui.py took 0.208 seconds
[2024-03-18T08:16:05.371+0000] {processor.py:161} INFO - Started process (PID=10956) to work on /home/ubuntu/air_venv/lib/python3.10/site-packages/airflow/example_dags/example_params_trigger_ui.py
[2024-03-18T08:16:05.373+0000] {processor.py:830} INFO - Processing file /home/ubuntu/air_venv/lib/python3.10/site-packages/airflow/example_dags/example_params_trigger_ui.py for tasks to queue
[2024-03-18T08:16:05.374+0000] {logging_mixin.py:188} INFO - [2024-03-18T08:16:05.374+0000] {dagbag.py:540} INFO - Filling up the DagBag from /home/ubuntu/air_venv/lib/python3.10/site-packages/airflow/example_dags/example_params_trigger_ui.py
[2024-03-18T08:16:05.392+0000] {processor.py:840} INFO - DAG(s) 'example_params_trigger_ui' retrieved from /home/ubuntu/air_venv/lib/python3.10/site-packages/airflow/example_dags/example_params_trigger_ui.py
[2024-03-18T08:16:05.442+0000] {logging_mixin.py:188} INFO - [2024-03-18T08:16:05.441+0000] {dag.py:3047} INFO - Sync 1 DAGs
[2024-03-18T08:16:05.461+0000] {logging_mixin.py:188} INFO - [2024-03-18T08:16:05.461+0000] {dag.py:3834} INFO - Setting next_dagrun for example_params_trigger_ui to None, run_after=None
[2024-03-18T08:16:05.498+0000] {processor.py:183} INFO - Processing /home/ubuntu/air_venv/lib/python3.10/site-packages/airflow/example_dags/example_params_trigger_ui.py took 0.130 seconds
[2024-03-18T08:16:52.578+0000] {processor.py:161} INFO - Started process (PID=11482) to work on /home/ubuntu/air_venv/lib/python3.10/site-packages/airflow/example_dags/example_params_trigger_ui.py
[2024-03-18T08:16:52.580+0000] {processor.py:830} INFO - Processing file /home/ubuntu/air_venv/lib/python3.10/site-packages/airflow/example_dags/example_params_trigger_ui.py for tasks to queue
[2024-03-18T08:16:52.582+0000] {logging_mixin.py:188} INFO - [2024-03-18T08:16:52.582+0000] {dagbag.py:540} INFO - Filling up the DagBag from /home/ubuntu/air_venv/lib/python3.10/site-packages/airflow/example_dags/example_params_trigger_ui.py
[2024-03-18T08:16:52.599+0000] {processor.py:840} INFO - DAG(s) 'example_params_trigger_ui' retrieved from /home/ubuntu/air_venv/lib/python3.10/site-packages/airflow/example_dags/example_params_trigger_ui.py
[2024-03-18T08:16:52.651+0000] {logging_mixin.py:188} INFO - [2024-03-18T08:16:52.651+0000] {dag.py:3047} INFO - Sync 1 DAGs
[2024-03-18T08:16:52.664+0000] {logging_mixin.py:188} INFO - [2024-03-18T08:16:52.664+0000] {dag.py:3834} INFO - Setting next_dagrun for example_params_trigger_ui to None, run_after=None
[2024-03-18T08:16:52.690+0000] {processor.py:183} INFO - Processing /home/ubuntu/air_venv/lib/python3.10/site-packages/airflow/example_dags/example_params_trigger_ui.py took 0.116 seconds
[2024-03-18T08:17:48.515+0000] {processor.py:161} INFO - Started process (PID=12200) to work on /home/ubuntu/air_venv/lib/python3.10/site-packages/airflow/example_dags/example_params_trigger_ui.py
[2024-03-18T08:17:48.517+0000] {processor.py:830} INFO - Processing file /home/ubuntu/air_venv/lib/python3.10/site-packages/airflow/example_dags/example_params_trigger_ui.py for tasks to queue
[2024-03-18T08:17:48.518+0000] {logging_mixin.py:188} INFO - [2024-03-18T08:17:48.517+0000] {dagbag.py:540} INFO - Filling up the DagBag from /home/ubuntu/air_venv/lib/python3.10/site-packages/airflow/example_dags/example_params_trigger_ui.py
[2024-03-18T08:17:48.534+0000] {processor.py:840} INFO - DAG(s) 'example_params_trigger_ui' retrieved from /home/ubuntu/air_venv/lib/python3.10/site-packages/airflow/example_dags/example_params_trigger_ui.py
[2024-03-18T08:17:48.582+0000] {logging_mixin.py:188} INFO - [2024-03-18T08:17:48.582+0000] {dag.py:3047} INFO - Sync 1 DAGs
[2024-03-18T08:17:48.595+0000] {logging_mixin.py:188} INFO - [2024-03-18T08:17:48.595+0000] {dag.py:3834} INFO - Setting next_dagrun for example_params_trigger_ui to None, run_after=None
[2024-03-18T08:17:48.618+0000] {processor.py:183} INFO - Processing /home/ubuntu/air_venv/lib/python3.10/site-packages/airflow/example_dags/example_params_trigger_ui.py took 0.107 seconds
[2024-03-18T08:18:44.587+0000] {processor.py:161} INFO - Started process (PID=12556) to work on /home/ubuntu/air_venv/lib/python3.10/site-packages/airflow/example_dags/example_params_trigger_ui.py
[2024-03-18T08:18:44.589+0000] {processor.py:830} INFO - Processing file /home/ubuntu/air_venv/lib/python3.10/site-packages/airflow/example_dags/example_params_trigger_ui.py for tasks to queue
[2024-03-18T08:18:44.590+0000] {logging_mixin.py:188} INFO - [2024-03-18T08:18:44.589+0000] {dagbag.py:540} INFO - Filling up the DagBag from /home/ubuntu/air_venv/lib/python3.10/site-packages/airflow/example_dags/example_params_trigger_ui.py
[2024-03-18T08:18:44.607+0000] {processor.py:840} INFO - DAG(s) 'example_params_trigger_ui' retrieved from /home/ubuntu/air_venv/lib/python3.10/site-packages/airflow/example_dags/example_params_trigger_ui.py
[2024-03-18T08:18:44.656+0000] {logging_mixin.py:188} INFO - [2024-03-18T08:18:44.656+0000] {dag.py:3047} INFO - Sync 1 DAGs
[2024-03-18T08:18:44.668+0000] {logging_mixin.py:188} INFO - [2024-03-18T08:18:44.668+0000] {dag.py:3834} INFO - Setting next_dagrun for example_params_trigger_ui to None, run_after=None
[2024-03-18T08:18:44.693+0000] {processor.py:183} INFO - Processing /home/ubuntu/air_venv/lib/python3.10/site-packages/airflow/example_dags/example_params_trigger_ui.py took 0.109 seconds
[2024-03-18T08:19:35.794+0000] {processor.py:161} INFO - Started process (PID=12807) to work on /home/ubuntu/air_venv/lib/python3.10/site-packages/airflow/example_dags/example_params_trigger_ui.py
[2024-03-18T08:19:35.796+0000] {processor.py:830} INFO - Processing file /home/ubuntu/air_venv/lib/python3.10/site-packages/airflow/example_dags/example_params_trigger_ui.py for tasks to queue
[2024-03-18T08:19:35.797+0000] {logging_mixin.py:188} INFO - [2024-03-18T08:19:35.797+0000] {dagbag.py:540} INFO - Filling up the DagBag from /home/ubuntu/air_venv/lib/python3.10/site-packages/airflow/example_dags/example_params_trigger_ui.py
[2024-03-18T08:19:35.813+0000] {processor.py:840} INFO - DAG(s) 'example_params_trigger_ui' retrieved from /home/ubuntu/air_venv/lib/python3.10/site-packages/airflow/example_dags/example_params_trigger_ui.py
[2024-03-18T08:19:35.863+0000] {logging_mixin.py:188} INFO - [2024-03-18T08:19:35.863+0000] {dag.py:3047} INFO - Sync 1 DAGs
[2024-03-18T08:19:35.876+0000] {logging_mixin.py:188} INFO - [2024-03-18T08:19:35.876+0000] {dag.py:3834} INFO - Setting next_dagrun for example_params_trigger_ui to None, run_after=None
[2024-03-18T08:19:35.902+0000] {processor.py:183} INFO - Processing /home/ubuntu/air_venv/lib/python3.10/site-packages/airflow/example_dags/example_params_trigger_ui.py took 0.111 seconds
[2024-03-18T08:20:34.471+0000] {processor.py:161} INFO - Started process (PID=13259) to work on /home/ubuntu/air_venv/lib/python3.10/site-packages/airflow/example_dags/example_params_trigger_ui.py
[2024-03-18T08:20:34.473+0000] {processor.py:830} INFO - Processing file /home/ubuntu/air_venv/lib/python3.10/site-packages/airflow/example_dags/example_params_trigger_ui.py for tasks to queue
[2024-03-18T08:20:34.474+0000] {logging_mixin.py:188} INFO - [2024-03-18T08:20:34.474+0000] {dagbag.py:540} INFO - Filling up the DagBag from /home/ubuntu/air_venv/lib/python3.10/site-packages/airflow/example_dags/example_params_trigger_ui.py
[2024-03-18T08:20:34.490+0000] {processor.py:840} INFO - DAG(s) 'example_params_trigger_ui' retrieved from /home/ubuntu/air_venv/lib/python3.10/site-packages/airflow/example_dags/example_params_trigger_ui.py
[2024-03-18T08:20:34.538+0000] {logging_mixin.py:188} INFO - [2024-03-18T08:20:34.538+0000] {dag.py:3047} INFO - Sync 1 DAGs
[2024-03-18T08:20:34.553+0000] {logging_mixin.py:188} INFO - [2024-03-18T08:20:34.552+0000] {dag.py:3834} INFO - Setting next_dagrun for example_params_trigger_ui to None, run_after=None
[2024-03-18T08:20:34.577+0000] {processor.py:183} INFO - Processing /home/ubuntu/air_venv/lib/python3.10/site-packages/airflow/example_dags/example_params_trigger_ui.py took 0.110 seconds
[2024-03-18T08:21:31.692+0000] {processor.py:161} INFO - Started process (PID=13615) to work on /home/ubuntu/air_venv/lib/python3.10/site-packages/airflow/example_dags/example_params_trigger_ui.py
[2024-03-18T08:21:31.694+0000] {processor.py:830} INFO - Processing file /home/ubuntu/air_venv/lib/python3.10/site-packages/airflow/example_dags/example_params_trigger_ui.py for tasks to queue
[2024-03-18T08:21:31.695+0000] {logging_mixin.py:188} INFO - [2024-03-18T08:21:31.695+0000] {dagbag.py:540} INFO - Filling up the DagBag from /home/ubuntu/air_venv/lib/python3.10/site-packages/airflow/example_dags/example_params_trigger_ui.py
[2024-03-18T08:21:31.712+0000] {processor.py:840} INFO - DAG(s) 'example_params_trigger_ui' retrieved from /home/ubuntu/air_venv/lib/python3.10/site-packages/airflow/example_dags/example_params_trigger_ui.py
[2024-03-18T08:21:31.761+0000] {logging_mixin.py:188} INFO - [2024-03-18T08:21:31.760+0000] {dag.py:3047} INFO - Sync 1 DAGs
[2024-03-18T08:21:31.774+0000] {logging_mixin.py:188} INFO - [2024-03-18T08:21:31.774+0000] {dag.py:3834} INFO - Setting next_dagrun for example_params_trigger_ui to None, run_after=None
[2024-03-18T08:21:31.798+0000] {processor.py:183} INFO - Processing /home/ubuntu/air_venv/lib/python3.10/site-packages/airflow/example_dags/example_params_trigger_ui.py took 0.109 seconds
[2024-03-18T08:22:21.284+0000] {processor.py:161} INFO - Started process (PID=13907) to work on /home/ubuntu/air_venv/lib/python3.10/site-packages/airflow/example_dags/example_params_trigger_ui.py
[2024-03-18T08:22:21.286+0000] {processor.py:830} INFO - Processing file /home/ubuntu/air_venv/lib/python3.10/site-packages/airflow/example_dags/example_params_trigger_ui.py for tasks to queue
[2024-03-18T08:22:21.287+0000] {logging_mixin.py:188} INFO - [2024-03-18T08:22:21.286+0000] {dagbag.py:540} INFO - Filling up the DagBag from /home/ubuntu/air_venv/lib/python3.10/site-packages/airflow/example_dags/example_params_trigger_ui.py
[2024-03-18T08:22:21.303+0000] {processor.py:840} INFO - DAG(s) 'example_params_trigger_ui' retrieved from /home/ubuntu/air_venv/lib/python3.10/site-packages/airflow/example_dags/example_params_trigger_ui.py
[2024-03-18T08:22:21.351+0000] {logging_mixin.py:188} INFO - [2024-03-18T08:22:21.351+0000] {dag.py:3047} INFO - Sync 1 DAGs
[2024-03-18T08:22:21.365+0000] {logging_mixin.py:188} INFO - [2024-03-18T08:22:21.365+0000] {dag.py:3834} INFO - Setting next_dagrun for example_params_trigger_ui to None, run_after=None
[2024-03-18T08:22:21.391+0000] {processor.py:183} INFO - Processing /home/ubuntu/air_venv/lib/python3.10/site-packages/airflow/example_dags/example_params_trigger_ui.py took 0.111 seconds
[2024-03-18T08:23:17.968+0000] {processor.py:161} INFO - Started process (PID=14361) to work on /home/ubuntu/air_venv/lib/python3.10/site-packages/airflow/example_dags/example_params_trigger_ui.py
[2024-03-18T08:23:17.970+0000] {processor.py:830} INFO - Processing file /home/ubuntu/air_venv/lib/python3.10/site-packages/airflow/example_dags/example_params_trigger_ui.py for tasks to queue
[2024-03-18T08:23:17.971+0000] {logging_mixin.py:188} INFO - [2024-03-18T08:23:17.971+0000] {dagbag.py:540} INFO - Filling up the DagBag from /home/ubuntu/air_venv/lib/python3.10/site-packages/airflow/example_dags/example_params_trigger_ui.py
[2024-03-18T08:23:17.987+0000] {processor.py:840} INFO - DAG(s) 'example_params_trigger_ui' retrieved from /home/ubuntu/air_venv/lib/python3.10/site-packages/airflow/example_dags/example_params_trigger_ui.py
[2024-03-18T08:23:18.037+0000] {logging_mixin.py:188} INFO - [2024-03-18T08:23:18.037+0000] {dag.py:3047} INFO - Sync 1 DAGs
[2024-03-18T08:23:18.050+0000] {logging_mixin.py:188} INFO - [2024-03-18T08:23:18.050+0000] {dag.py:3834} INFO - Setting next_dagrun for example_params_trigger_ui to None, run_after=None
[2024-03-18T08:23:18.077+0000] {processor.py:183} INFO - Processing /home/ubuntu/air_venv/lib/python3.10/site-packages/airflow/example_dags/example_params_trigger_ui.py took 0.112 seconds
[2024-03-18T08:24:18.573+0000] {processor.py:161} INFO - Started process (PID=14856) to work on /home/ubuntu/air_venv/lib/python3.10/site-packages/airflow/example_dags/example_params_trigger_ui.py
[2024-03-18T08:24:18.575+0000] {processor.py:830} INFO - Processing file /home/ubuntu/air_venv/lib/python3.10/site-packages/airflow/example_dags/example_params_trigger_ui.py for tasks to queue
[2024-03-18T08:24:18.576+0000] {logging_mixin.py:188} INFO - [2024-03-18T08:24:18.575+0000] {dagbag.py:540} INFO - Filling up the DagBag from /home/ubuntu/air_venv/lib/python3.10/site-packages/airflow/example_dags/example_params_trigger_ui.py
[2024-03-18T08:24:18.592+0000] {processor.py:840} INFO - DAG(s) 'example_params_trigger_ui' retrieved from /home/ubuntu/air_venv/lib/python3.10/site-packages/airflow/example_dags/example_params_trigger_ui.py
[2024-03-18T08:24:18.640+0000] {logging_mixin.py:188} INFO - [2024-03-18T08:24:18.640+0000] {dag.py:3047} INFO - Sync 1 DAGs
[2024-03-18T08:24:18.654+0000] {logging_mixin.py:188} INFO - [2024-03-18T08:24:18.653+0000] {dag.py:3834} INFO - Setting next_dagrun for example_params_trigger_ui to None, run_after=None
[2024-03-18T08:24:18.679+0000] {processor.py:183} INFO - Processing /home/ubuntu/air_venv/lib/python3.10/site-packages/airflow/example_dags/example_params_trigger_ui.py took 0.110 seconds
[2024-03-18T08:25:19.027+0000] {processor.py:161} INFO - Started process (PID=15278) to work on /home/ubuntu/air_venv/lib/python3.10/site-packages/airflow/example_dags/example_params_trigger_ui.py
[2024-03-18T08:25:19.030+0000] {processor.py:830} INFO - Processing file /home/ubuntu/air_venv/lib/python3.10/site-packages/airflow/example_dags/example_params_trigger_ui.py for tasks to queue
[2024-03-18T08:25:19.031+0000] {logging_mixin.py:188} INFO - [2024-03-18T08:25:19.030+0000] {dagbag.py:540} INFO - Filling up the DagBag from /home/ubuntu/air_venv/lib/python3.10/site-packages/airflow/example_dags/example_params_trigger_ui.py
[2024-03-18T08:25:19.047+0000] {processor.py:840} INFO - DAG(s) 'example_params_trigger_ui' retrieved from /home/ubuntu/air_venv/lib/python3.10/site-packages/airflow/example_dags/example_params_trigger_ui.py
[2024-03-18T08:25:19.095+0000] {logging_mixin.py:188} INFO - [2024-03-18T08:25:19.095+0000] {dag.py:3047} INFO - Sync 1 DAGs
[2024-03-18T08:25:19.108+0000] {logging_mixin.py:188} INFO - [2024-03-18T08:25:19.107+0000] {dag.py:3834} INFO - Setting next_dagrun for example_params_trigger_ui to None, run_after=None
[2024-03-18T08:25:19.133+0000] {processor.py:183} INFO - Processing /home/ubuntu/air_venv/lib/python3.10/site-packages/airflow/example_dags/example_params_trigger_ui.py took 0.109 seconds
[2024-03-18T08:26:23.157+0000] {processor.py:161} INFO - Started process (PID=15400) to work on /home/ubuntu/air_venv/lib/python3.10/site-packages/airflow/example_dags/example_params_trigger_ui.py
[2024-03-18T08:26:23.159+0000] {processor.py:830} INFO - Processing file /home/ubuntu/air_venv/lib/python3.10/site-packages/airflow/example_dags/example_params_trigger_ui.py for tasks to queue
[2024-03-18T08:26:23.160+0000] {logging_mixin.py:188} INFO - [2024-03-18T08:26:23.160+0000] {dagbag.py:540} INFO - Filling up the DagBag from /home/ubuntu/air_venv/lib/python3.10/site-packages/airflow/example_dags/example_params_trigger_ui.py
[2024-03-18T08:26:23.177+0000] {processor.py:840} INFO - DAG(s) 'example_params_trigger_ui' retrieved from /home/ubuntu/air_venv/lib/python3.10/site-packages/airflow/example_dags/example_params_trigger_ui.py
[2024-03-18T08:26:23.225+0000] {logging_mixin.py:188} INFO - [2024-03-18T08:26:23.224+0000] {dag.py:3047} INFO - Sync 1 DAGs
[2024-03-18T08:26:23.237+0000] {logging_mixin.py:188} INFO - [2024-03-18T08:26:23.237+0000] {dag.py:3834} INFO - Setting next_dagrun for example_params_trigger_ui to None, run_after=None
[2024-03-18T08:26:23.264+0000] {processor.py:183} INFO - Processing /home/ubuntu/air_venv/lib/python3.10/site-packages/airflow/example_dags/example_params_trigger_ui.py took 0.110 seconds
[2024-03-18T08:27:23.434+0000] {processor.py:161} INFO - Started process (PID=15520) to work on /home/ubuntu/air_venv/lib/python3.10/site-packages/airflow/example_dags/example_params_trigger_ui.py
[2024-03-18T08:27:23.436+0000] {processor.py:830} INFO - Processing file /home/ubuntu/air_venv/lib/python3.10/site-packages/airflow/example_dags/example_params_trigger_ui.py for tasks to queue
[2024-03-18T08:27:23.437+0000] {logging_mixin.py:188} INFO - [2024-03-18T08:27:23.437+0000] {dagbag.py:540} INFO - Filling up the DagBag from /home/ubuntu/air_venv/lib/python3.10/site-packages/airflow/example_dags/example_params_trigger_ui.py
[2024-03-18T08:27:23.454+0000] {processor.py:840} INFO - DAG(s) 'example_params_trigger_ui' retrieved from /home/ubuntu/air_venv/lib/python3.10/site-packages/airflow/example_dags/example_params_trigger_ui.py
[2024-03-18T08:27:23.502+0000] {logging_mixin.py:188} INFO - [2024-03-18T08:27:23.502+0000] {dag.py:3047} INFO - Sync 1 DAGs
[2024-03-18T08:27:23.516+0000] {logging_mixin.py:188} INFO - [2024-03-18T08:27:23.515+0000] {dag.py:3834} INFO - Setting next_dagrun for example_params_trigger_ui to None, run_after=None
[2024-03-18T08:27:23.541+0000] {processor.py:183} INFO - Processing /home/ubuntu/air_venv/lib/python3.10/site-packages/airflow/example_dags/example_params_trigger_ui.py took 0.111 seconds
[2024-03-18T08:28:25.774+0000] {processor.py:161} INFO - Started process (PID=15641) to work on /home/ubuntu/air_venv/lib/python3.10/site-packages/airflow/example_dags/example_params_trigger_ui.py
[2024-03-18T08:28:25.776+0000] {processor.py:830} INFO - Processing file /home/ubuntu/air_venv/lib/python3.10/site-packages/airflow/example_dags/example_params_trigger_ui.py for tasks to queue
[2024-03-18T08:28:25.777+0000] {logging_mixin.py:188} INFO - [2024-03-18T08:28:25.777+0000] {dagbag.py:540} INFO - Filling up the DagBag from /home/ubuntu/air_venv/lib/python3.10/site-packages/airflow/example_dags/example_params_trigger_ui.py
[2024-03-18T08:28:25.794+0000] {processor.py:840} INFO - DAG(s) 'example_params_trigger_ui' retrieved from /home/ubuntu/air_venv/lib/python3.10/site-packages/airflow/example_dags/example_params_trigger_ui.py
[2024-03-18T08:28:25.842+0000] {logging_mixin.py:188} INFO - [2024-03-18T08:28:25.842+0000] {dag.py:3047} INFO - Sync 1 DAGs
[2024-03-18T08:28:25.855+0000] {logging_mixin.py:188} INFO - [2024-03-18T08:28:25.855+0000] {dag.py:3834} INFO - Setting next_dagrun for example_params_trigger_ui to None, run_after=None
[2024-03-18T08:28:25.879+0000] {processor.py:183} INFO - Processing /home/ubuntu/air_venv/lib/python3.10/site-packages/airflow/example_dags/example_params_trigger_ui.py took 0.108 seconds
[2024-03-18T08:29:30.183+0000] {processor.py:161} INFO - Started process (PID=15763) to work on /home/ubuntu/air_venv/lib/python3.10/site-packages/airflow/example_dags/example_params_trigger_ui.py
[2024-03-18T08:29:30.185+0000] {processor.py:830} INFO - Processing file /home/ubuntu/air_venv/lib/python3.10/site-packages/airflow/example_dags/example_params_trigger_ui.py for tasks to queue
[2024-03-18T08:29:30.186+0000] {logging_mixin.py:188} INFO - [2024-03-18T08:29:30.186+0000] {dagbag.py:540} INFO - Filling up the DagBag from /home/ubuntu/air_venv/lib/python3.10/site-packages/airflow/example_dags/example_params_trigger_ui.py
[2024-03-18T08:29:30.203+0000] {processor.py:840} INFO - DAG(s) 'example_params_trigger_ui' retrieved from /home/ubuntu/air_venv/lib/python3.10/site-packages/airflow/example_dags/example_params_trigger_ui.py
[2024-03-18T08:29:30.252+0000] {logging_mixin.py:188} INFO - [2024-03-18T08:29:30.252+0000] {dag.py:3047} INFO - Sync 1 DAGs
[2024-03-18T08:29:30.266+0000] {logging_mixin.py:188} INFO - [2024-03-18T08:29:30.266+0000] {dag.py:3834} INFO - Setting next_dagrun for example_params_trigger_ui to None, run_after=None
[2024-03-18T08:29:30.291+0000] {processor.py:183} INFO - Processing /home/ubuntu/air_venv/lib/python3.10/site-packages/airflow/example_dags/example_params_trigger_ui.py took 0.112 seconds
