[2024-03-18T07:59:50.511+0000] {processor.py:161} INFO - Started process (PID=2723) to work on /home/ubuntu/air_venv/lib/python3.10/site-packages/airflow/example_dags/example_trigger_target_dag.py
[2024-03-18T07:59:50.512+0000] {processor.py:830} INFO - Processing file /home/ubuntu/air_venv/lib/python3.10/site-packages/airflow/example_dags/example_trigger_target_dag.py for tasks to queue
[2024-03-18T07:59:50.513+0000] {logging_mixin.py:188} INFO - [2024-03-18T07:59:50.513+0000] {dagbag.py:540} INFO - Filling up the DagBag from /home/ubuntu/air_venv/lib/python3.10/site-packages/airflow/example_dags/example_trigger_target_dag.py
[2024-03-18T07:59:50.538+0000] {processor.py:840} INFO - DAG(s) 'example_trigger_target_dag' retrieved from /home/ubuntu/air_venv/lib/python3.10/site-packages/airflow/example_dags/example_trigger_target_dag.py
[2024-03-18T07:59:50.741+0000] {logging_mixin.py:188} INFO - [2024-03-18T07:59:50.740+0000] {override.py:1769} INFO - Created Permission View: can edit on DAG:example_trigger_target_dag
[2024-03-18T07:59:50.757+0000] {logging_mixin.py:188} INFO - [2024-03-18T07:59:50.757+0000] {override.py:1769} INFO - Created Permission View: can delete on DAG:example_trigger_target_dag
[2024-03-18T07:59:50.769+0000] {logging_mixin.py:188} INFO - [2024-03-18T07:59:50.769+0000] {override.py:1769} INFO - Created Permission View: can read on DAG:example_trigger_target_dag
[2024-03-18T07:59:50.770+0000] {logging_mixin.py:188} INFO - [2024-03-18T07:59:50.770+0000] {dag.py:3047} INFO - Sync 1 DAGs
[2024-03-18T07:59:50.783+0000] {logging_mixin.py:188} INFO - [2024-03-18T07:59:50.782+0000] {dag.py:3069} INFO - Creating ORM DAG for example_trigger_target_dag
[2024-03-18T07:59:50.784+0000] {logging_mixin.py:188} INFO - [2024-03-18T07:59:50.783+0000] {dag.py:3834} INFO - Setting next_dagrun for example_trigger_target_dag to None, run_after=None
[2024-03-18T07:59:50.809+0000] {processor.py:183} INFO - Processing /home/ubuntu/air_venv/lib/python3.10/site-packages/airflow/example_dags/example_trigger_target_dag.py took 0.302 seconds
[2024-03-18T08:00:55.865+0000] {processor.py:161} INFO - Started process (PID=3259) to work on /home/ubuntu/air_venv/lib/python3.10/site-packages/airflow/example_dags/example_trigger_target_dag.py
[2024-03-18T08:00:55.867+0000] {processor.py:830} INFO - Processing file /home/ubuntu/air_venv/lib/python3.10/site-packages/airflow/example_dags/example_trigger_target_dag.py for tasks to queue
[2024-03-18T08:00:55.869+0000] {logging_mixin.py:188} INFO - [2024-03-18T08:00:55.868+0000] {dagbag.py:540} INFO - Filling up the DagBag from /home/ubuntu/air_venv/lib/python3.10/site-packages/airflow/example_dags/example_trigger_target_dag.py
[2024-03-18T08:00:55.876+0000] {processor.py:840} INFO - DAG(s) 'example_trigger_target_dag' retrieved from /home/ubuntu/air_venv/lib/python3.10/site-packages/airflow/example_dags/example_trigger_target_dag.py
[2024-03-18T08:00:55.892+0000] {logging_mixin.py:188} INFO - [2024-03-18T08:00:55.892+0000] {dag.py:3047} INFO - Sync 1 DAGs
[2024-03-18T08:00:55.905+0000] {logging_mixin.py:188} INFO - [2024-03-18T08:00:55.905+0000] {dag.py:3834} INFO - Setting next_dagrun for example_trigger_target_dag to None, run_after=None
[2024-03-18T08:00:55.929+0000] {processor.py:183} INFO - Processing /home/ubuntu/air_venv/lib/python3.10/site-packages/airflow/example_dags/example_trigger_target_dag.py took 0.071 seconds
[2024-03-18T08:01:45.686+0000] {processor.py:161} INFO - Started process (PID=3728) to work on /home/ubuntu/air_venv/lib/python3.10/site-packages/airflow/example_dags/example_trigger_target_dag.py
[2024-03-18T08:01:45.688+0000] {processor.py:830} INFO - Processing file /home/ubuntu/air_venv/lib/python3.10/site-packages/airflow/example_dags/example_trigger_target_dag.py for tasks to queue
[2024-03-18T08:01:45.689+0000] {logging_mixin.py:188} INFO - [2024-03-18T08:01:45.689+0000] {dagbag.py:540} INFO - Filling up the DagBag from /home/ubuntu/air_venv/lib/python3.10/site-packages/airflow/example_dags/example_trigger_target_dag.py
[2024-03-18T08:01:45.696+0000] {processor.py:840} INFO - DAG(s) 'example_trigger_target_dag' retrieved from /home/ubuntu/air_venv/lib/python3.10/site-packages/airflow/example_dags/example_trigger_target_dag.py
[2024-03-18T08:01:45.715+0000] {logging_mixin.py:188} INFO - [2024-03-18T08:01:45.715+0000] {dag.py:3047} INFO - Sync 1 DAGs
[2024-03-18T08:01:45.728+0000] {logging_mixin.py:188} INFO - [2024-03-18T08:01:45.727+0000] {dag.py:3834} INFO - Setting next_dagrun for example_trigger_target_dag to None, run_after=None
[2024-03-18T08:01:45.757+0000] {processor.py:183} INFO - Processing /home/ubuntu/air_venv/lib/python3.10/site-packages/airflow/example_dags/example_trigger_target_dag.py took 0.074 seconds
[2024-03-18T08:02:37.255+0000] {processor.py:161} INFO - Started process (PID=4219) to work on /home/ubuntu/air_venv/lib/python3.10/site-packages/airflow/example_dags/example_trigger_target_dag.py
[2024-03-18T08:02:37.257+0000] {processor.py:830} INFO - Processing file /home/ubuntu/air_venv/lib/python3.10/site-packages/airflow/example_dags/example_trigger_target_dag.py for tasks to queue
[2024-03-18T08:02:37.258+0000] {logging_mixin.py:188} INFO - [2024-03-18T08:02:37.257+0000] {dagbag.py:540} INFO - Filling up the DagBag from /home/ubuntu/air_venv/lib/python3.10/site-packages/airflow/example_dags/example_trigger_target_dag.py
[2024-03-18T08:02:37.265+0000] {processor.py:840} INFO - DAG(s) 'example_trigger_target_dag' retrieved from /home/ubuntu/air_venv/lib/python3.10/site-packages/airflow/example_dags/example_trigger_target_dag.py
[2024-03-18T08:02:37.421+0000] {logging_mixin.py:188} INFO - [2024-03-18T08:02:37.420+0000] {dag.py:3047} INFO - Sync 1 DAGs
[2024-03-18T08:02:37.432+0000] {logging_mixin.py:188} INFO - [2024-03-18T08:02:37.432+0000] {dag.py:3834} INFO - Setting next_dagrun for example_trigger_target_dag to None, run_after=None
[2024-03-18T08:02:37.456+0000] {processor.py:183} INFO - Processing /home/ubuntu/air_venv/lib/python3.10/site-packages/airflow/example_dags/example_trigger_target_dag.py took 0.205 seconds
[2024-03-18T08:03:29.440+0000] {processor.py:161} INFO - Started process (PID=4482) to work on /home/ubuntu/air_venv/lib/python3.10/site-packages/airflow/example_dags/example_trigger_target_dag.py
[2024-03-18T08:03:29.442+0000] {processor.py:830} INFO - Processing file /home/ubuntu/air_venv/lib/python3.10/site-packages/airflow/example_dags/example_trigger_target_dag.py for tasks to queue
[2024-03-18T08:03:29.443+0000] {logging_mixin.py:188} INFO - [2024-03-18T08:03:29.443+0000] {dagbag.py:540} INFO - Filling up the DagBag from /home/ubuntu/air_venv/lib/python3.10/site-packages/airflow/example_dags/example_trigger_target_dag.py
[2024-03-18T08:03:29.451+0000] {processor.py:840} INFO - DAG(s) 'example_trigger_target_dag' retrieved from /home/ubuntu/air_venv/lib/python3.10/site-packages/airflow/example_dags/example_trigger_target_dag.py
[2024-03-18T08:03:29.470+0000] {logging_mixin.py:188} INFO - [2024-03-18T08:03:29.470+0000] {dag.py:3047} INFO - Sync 1 DAGs
[2024-03-18T08:03:29.483+0000] {logging_mixin.py:188} INFO - [2024-03-18T08:03:29.483+0000] {dag.py:3834} INFO - Setting next_dagrun for example_trigger_target_dag to None, run_after=None
[2024-03-18T08:03:29.510+0000] {processor.py:183} INFO - Processing /home/ubuntu/air_venv/lib/python3.10/site-packages/airflow/example_dags/example_trigger_target_dag.py took 0.074 seconds
[2024-03-18T08:04:13.404+0000] {processor.py:161} INFO - Started process (PID=4946) to work on /home/ubuntu/air_venv/lib/python3.10/site-packages/airflow/example_dags/example_trigger_target_dag.py
[2024-03-18T08:04:13.406+0000] {processor.py:830} INFO - Processing file /home/ubuntu/air_venv/lib/python3.10/site-packages/airflow/example_dags/example_trigger_target_dag.py for tasks to queue
[2024-03-18T08:04:13.407+0000] {logging_mixin.py:188} INFO - [2024-03-18T08:04:13.407+0000] {dagbag.py:540} INFO - Filling up the DagBag from /home/ubuntu/air_venv/lib/python3.10/site-packages/airflow/example_dags/example_trigger_target_dag.py
[2024-03-18T08:04:13.415+0000] {processor.py:840} INFO - DAG(s) 'example_trigger_target_dag' retrieved from /home/ubuntu/air_venv/lib/python3.10/site-packages/airflow/example_dags/example_trigger_target_dag.py
[2024-03-18T08:04:13.433+0000] {logging_mixin.py:188} INFO - [2024-03-18T08:04:13.432+0000] {dag.py:3047} INFO - Sync 1 DAGs
[2024-03-18T08:04:13.446+0000] {logging_mixin.py:188} INFO - [2024-03-18T08:04:13.446+0000] {dag.py:3834} INFO - Setting next_dagrun for example_trigger_target_dag to None, run_after=None
[2024-03-18T08:04:13.472+0000] {processor.py:183} INFO - Processing /home/ubuntu/air_venv/lib/python3.10/site-packages/airflow/example_dags/example_trigger_target_dag.py took 0.071 seconds
[2024-03-18T08:05:00.645+0000] {processor.py:161} INFO - Started process (PID=5240) to work on /home/ubuntu/air_venv/lib/python3.10/site-packages/airflow/example_dags/example_trigger_target_dag.py
[2024-03-18T08:05:00.647+0000] {processor.py:830} INFO - Processing file /home/ubuntu/air_venv/lib/python3.10/site-packages/airflow/example_dags/example_trigger_target_dag.py for tasks to queue
[2024-03-18T08:05:00.648+0000] {logging_mixin.py:188} INFO - [2024-03-18T08:05:00.647+0000] {dagbag.py:540} INFO - Filling up the DagBag from /home/ubuntu/air_venv/lib/python3.10/site-packages/airflow/example_dags/example_trigger_target_dag.py
[2024-03-18T08:05:00.656+0000] {processor.py:840} INFO - DAG(s) 'example_trigger_target_dag' retrieved from /home/ubuntu/air_venv/lib/python3.10/site-packages/airflow/example_dags/example_trigger_target_dag.py
[2024-03-18T08:05:00.674+0000] {logging_mixin.py:188} INFO - [2024-03-18T08:05:00.673+0000] {dag.py:3047} INFO - Sync 1 DAGs
[2024-03-18T08:05:00.687+0000] {logging_mixin.py:188} INFO - [2024-03-18T08:05:00.687+0000] {dag.py:3834} INFO - Setting next_dagrun for example_trigger_target_dag to None, run_after=None
[2024-03-18T08:05:00.722+0000] {processor.py:183} INFO - Processing /home/ubuntu/air_venv/lib/python3.10/site-packages/airflow/example_dags/example_trigger_target_dag.py took 0.081 seconds
[2024-03-18T08:05:54.701+0000] {processor.py:161} INFO - Started process (PID=5891) to work on /home/ubuntu/air_venv/lib/python3.10/site-packages/airflow/example_dags/example_trigger_target_dag.py
[2024-03-18T08:05:54.703+0000] {processor.py:830} INFO - Processing file /home/ubuntu/air_venv/lib/python3.10/site-packages/airflow/example_dags/example_trigger_target_dag.py for tasks to queue
[2024-03-18T08:05:54.704+0000] {logging_mixin.py:188} INFO - [2024-03-18T08:05:54.704+0000] {dagbag.py:540} INFO - Filling up the DagBag from /home/ubuntu/air_venv/lib/python3.10/site-packages/airflow/example_dags/example_trigger_target_dag.py
[2024-03-18T08:05:54.712+0000] {processor.py:840} INFO - DAG(s) 'example_trigger_target_dag' retrieved from /home/ubuntu/air_venv/lib/python3.10/site-packages/airflow/example_dags/example_trigger_target_dag.py
[2024-03-18T08:05:54.729+0000] {logging_mixin.py:188} INFO - [2024-03-18T08:05:54.729+0000] {dag.py:3047} INFO - Sync 1 DAGs
[2024-03-18T08:05:54.743+0000] {logging_mixin.py:188} INFO - [2024-03-18T08:05:54.742+0000] {dag.py:3834} INFO - Setting next_dagrun for example_trigger_target_dag to None, run_after=None
[2024-03-18T08:05:54.767+0000] {processor.py:183} INFO - Processing /home/ubuntu/air_venv/lib/python3.10/site-packages/airflow/example_dags/example_trigger_target_dag.py took 0.069 seconds
[2024-03-18T08:07:12.046+0000] {processor.py:161} INFO - Started process (PID=6868) to work on /home/ubuntu/air_venv/lib/python3.10/site-packages/airflow/example_dags/example_trigger_target_dag.py
[2024-03-18T08:07:12.049+0000] {processor.py:830} INFO - Processing file /home/ubuntu/air_venv/lib/python3.10/site-packages/airflow/example_dags/example_trigger_target_dag.py for tasks to queue
[2024-03-18T08:07:12.050+0000] {logging_mixin.py:188} INFO - [2024-03-18T08:07:12.050+0000] {dagbag.py:540} INFO - Filling up the DagBag from /home/ubuntu/air_venv/lib/python3.10/site-packages/airflow/example_dags/example_trigger_target_dag.py
[2024-03-18T08:07:12.058+0000] {processor.py:840} INFO - DAG(s) 'example_trigger_target_dag' retrieved from /home/ubuntu/air_venv/lib/python3.10/site-packages/airflow/example_dags/example_trigger_target_dag.py
[2024-03-18T08:07:12.075+0000] {logging_mixin.py:188} INFO - [2024-03-18T08:07:12.075+0000] {dag.py:3047} INFO - Sync 1 DAGs
[2024-03-18T08:07:12.090+0000] {logging_mixin.py:188} INFO - [2024-03-18T08:07:12.090+0000] {dag.py:3834} INFO - Setting next_dagrun for example_trigger_target_dag to None, run_after=None
[2024-03-18T08:07:12.117+0000] {processor.py:183} INFO - Processing /home/ubuntu/air_venv/lib/python3.10/site-packages/airflow/example_dags/example_trigger_target_dag.py took 0.075 seconds
[2024-03-18T08:08:05.835+0000] {processor.py:161} INFO - Started process (PID=7222) to work on /home/ubuntu/air_venv/lib/python3.10/site-packages/airflow/example_dags/example_trigger_target_dag.py
[2024-03-18T08:08:05.837+0000] {processor.py:830} INFO - Processing file /home/ubuntu/air_venv/lib/python3.10/site-packages/airflow/example_dags/example_trigger_target_dag.py for tasks to queue
[2024-03-18T08:08:05.838+0000] {logging_mixin.py:188} INFO - [2024-03-18T08:08:05.838+0000] {dagbag.py:540} INFO - Filling up the DagBag from /home/ubuntu/air_venv/lib/python3.10/site-packages/airflow/example_dags/example_trigger_target_dag.py
[2024-03-18T08:08:05.846+0000] {processor.py:840} INFO - DAG(s) 'example_trigger_target_dag' retrieved from /home/ubuntu/air_venv/lib/python3.10/site-packages/airflow/example_dags/example_trigger_target_dag.py
[2024-03-18T08:08:05.864+0000] {logging_mixin.py:188} INFO - [2024-03-18T08:08:05.864+0000] {dag.py:3047} INFO - Sync 1 DAGs
[2024-03-18T08:08:05.878+0000] {logging_mixin.py:188} INFO - [2024-03-18T08:08:05.877+0000] {dag.py:3834} INFO - Setting next_dagrun for example_trigger_target_dag to None, run_after=None
[2024-03-18T08:08:05.905+0000] {processor.py:183} INFO - Processing /home/ubuntu/air_venv/lib/python3.10/site-packages/airflow/example_dags/example_trigger_target_dag.py took 0.074 seconds
[2024-03-18T08:08:52.880+0000] {processor.py:161} INFO - Started process (PID=7578) to work on /home/ubuntu/air_venv/lib/python3.10/site-packages/airflow/example_dags/example_trigger_target_dag.py
[2024-03-18T08:08:52.881+0000] {processor.py:830} INFO - Processing file /home/ubuntu/air_venv/lib/python3.10/site-packages/airflow/example_dags/example_trigger_target_dag.py for tasks to queue
[2024-03-18T08:08:52.883+0000] {logging_mixin.py:188} INFO - [2024-03-18T08:08:52.882+0000] {dagbag.py:540} INFO - Filling up the DagBag from /home/ubuntu/air_venv/lib/python3.10/site-packages/airflow/example_dags/example_trigger_target_dag.py
[2024-03-18T08:08:52.890+0000] {processor.py:840} INFO - DAG(s) 'example_trigger_target_dag' retrieved from /home/ubuntu/air_venv/lib/python3.10/site-packages/airflow/example_dags/example_trigger_target_dag.py
[2024-03-18T08:08:52.907+0000] {logging_mixin.py:188} INFO - [2024-03-18T08:08:52.906+0000] {dag.py:3047} INFO - Sync 1 DAGs
[2024-03-18T08:08:52.919+0000] {logging_mixin.py:188} INFO - [2024-03-18T08:08:52.919+0000] {dag.py:3834} INFO - Setting next_dagrun for example_trigger_target_dag to None, run_after=None
[2024-03-18T08:08:52.944+0000] {processor.py:183} INFO - Processing /home/ubuntu/air_venv/lib/python3.10/site-packages/airflow/example_dags/example_trigger_target_dag.py took 0.068 seconds
[2024-03-18T08:09:37.066+0000] {processor.py:161} INFO - Started process (PID=7889) to work on /home/ubuntu/air_venv/lib/python3.10/site-packages/airflow/example_dags/example_trigger_target_dag.py
[2024-03-18T08:09:37.068+0000] {processor.py:830} INFO - Processing file /home/ubuntu/air_venv/lib/python3.10/site-packages/airflow/example_dags/example_trigger_target_dag.py for tasks to queue
[2024-03-18T08:09:37.069+0000] {logging_mixin.py:188} INFO - [2024-03-18T08:09:37.068+0000] {dagbag.py:540} INFO - Filling up the DagBag from /home/ubuntu/air_venv/lib/python3.10/site-packages/airflow/example_dags/example_trigger_target_dag.py
[2024-03-18T08:09:37.076+0000] {processor.py:840} INFO - DAG(s) 'example_trigger_target_dag' retrieved from /home/ubuntu/air_venv/lib/python3.10/site-packages/airflow/example_dags/example_trigger_target_dag.py
[2024-03-18T08:09:37.094+0000] {logging_mixin.py:188} INFO - [2024-03-18T08:09:37.094+0000] {dag.py:3047} INFO - Sync 1 DAGs
[2024-03-18T08:09:37.108+0000] {logging_mixin.py:188} INFO - [2024-03-18T08:09:37.108+0000] {dag.py:3834} INFO - Setting next_dagrun for example_trigger_target_dag to None, run_after=None
[2024-03-18T08:09:37.138+0000] {processor.py:183} INFO - Processing /home/ubuntu/air_venv/lib/python3.10/site-packages/airflow/example_dags/example_trigger_target_dag.py took 0.076 seconds
[2024-03-18T08:10:18.604+0000] {processor.py:161} INFO - Started process (PID=8264) to work on /home/ubuntu/air_venv/lib/python3.10/site-packages/airflow/example_dags/example_trigger_target_dag.py
[2024-03-18T08:10:18.605+0000] {processor.py:830} INFO - Processing file /home/ubuntu/air_venv/lib/python3.10/site-packages/airflow/example_dags/example_trigger_target_dag.py for tasks to queue
[2024-03-18T08:10:18.607+0000] {logging_mixin.py:188} INFO - [2024-03-18T08:10:18.606+0000] {dagbag.py:540} INFO - Filling up the DagBag from /home/ubuntu/air_venv/lib/python3.10/site-packages/airflow/example_dags/example_trigger_target_dag.py
[2024-03-18T08:10:18.614+0000] {processor.py:840} INFO - DAG(s) 'example_trigger_target_dag' retrieved from /home/ubuntu/air_venv/lib/python3.10/site-packages/airflow/example_dags/example_trigger_target_dag.py
[2024-03-18T08:10:18.631+0000] {logging_mixin.py:188} INFO - [2024-03-18T08:10:18.631+0000] {dag.py:3047} INFO - Sync 1 DAGs
[2024-03-18T08:10:18.644+0000] {logging_mixin.py:188} INFO - [2024-03-18T08:10:18.644+0000] {dag.py:3834} INFO - Setting next_dagrun for example_trigger_target_dag to None, run_after=None
[2024-03-18T08:10:18.669+0000] {processor.py:183} INFO - Processing /home/ubuntu/air_venv/lib/python3.10/site-packages/airflow/example_dags/example_trigger_target_dag.py took 0.069 seconds
[2024-03-18T08:11:00.035+0000] {processor.py:161} INFO - Started process (PID=8489) to work on /home/ubuntu/air_venv/lib/python3.10/site-packages/airflow/example_dags/example_trigger_target_dag.py
[2024-03-18T08:11:00.037+0000] {processor.py:830} INFO - Processing file /home/ubuntu/air_venv/lib/python3.10/site-packages/airflow/example_dags/example_trigger_target_dag.py for tasks to queue
[2024-03-18T08:11:00.038+0000] {logging_mixin.py:188} INFO - [2024-03-18T08:11:00.038+0000] {dagbag.py:540} INFO - Filling up the DagBag from /home/ubuntu/air_venv/lib/python3.10/site-packages/airflow/example_dags/example_trigger_target_dag.py
[2024-03-18T08:11:00.046+0000] {processor.py:840} INFO - DAG(s) 'example_trigger_target_dag' retrieved from /home/ubuntu/air_venv/lib/python3.10/site-packages/airflow/example_dags/example_trigger_target_dag.py
[2024-03-18T08:11:00.066+0000] {logging_mixin.py:188} INFO - [2024-03-18T08:11:00.066+0000] {dag.py:3047} INFO - Sync 1 DAGs
[2024-03-18T08:11:00.081+0000] {logging_mixin.py:188} INFO - [2024-03-18T08:11:00.080+0000] {dag.py:3834} INFO - Setting next_dagrun for example_trigger_target_dag to None, run_after=None
[2024-03-18T08:11:00.131+0000] {processor.py:183} INFO - Processing /home/ubuntu/air_venv/lib/python3.10/site-packages/airflow/example_dags/example_trigger_target_dag.py took 0.100 seconds
[2024-03-18T08:11:44.852+0000] {processor.py:161} INFO - Started process (PID=8951) to work on /home/ubuntu/air_venv/lib/python3.10/site-packages/airflow/example_dags/example_trigger_target_dag.py
[2024-03-18T08:11:44.854+0000] {processor.py:830} INFO - Processing file /home/ubuntu/air_venv/lib/python3.10/site-packages/airflow/example_dags/example_trigger_target_dag.py for tasks to queue
[2024-03-18T08:11:44.855+0000] {logging_mixin.py:188} INFO - [2024-03-18T08:11:44.855+0000] {dagbag.py:540} INFO - Filling up the DagBag from /home/ubuntu/air_venv/lib/python3.10/site-packages/airflow/example_dags/example_trigger_target_dag.py
[2024-03-18T08:11:44.863+0000] {processor.py:840} INFO - DAG(s) 'example_trigger_target_dag' retrieved from /home/ubuntu/air_venv/lib/python3.10/site-packages/airflow/example_dags/example_trigger_target_dag.py
[2024-03-18T08:11:44.879+0000] {logging_mixin.py:188} INFO - [2024-03-18T08:11:44.879+0000] {dag.py:3047} INFO - Sync 1 DAGs
[2024-03-18T08:11:44.892+0000] {logging_mixin.py:188} INFO - [2024-03-18T08:11:44.892+0000] {dag.py:3834} INFO - Setting next_dagrun for example_trigger_target_dag to None, run_after=None
[2024-03-18T08:11:44.916+0000] {processor.py:183} INFO - Processing /home/ubuntu/air_venv/lib/python3.10/site-packages/airflow/example_dags/example_trigger_target_dag.py took 0.068 seconds
[2024-03-18T08:12:23.737+0000] {processor.py:161} INFO - Started process (PID=9111) to work on /home/ubuntu/air_venv/lib/python3.10/site-packages/airflow/example_dags/example_trigger_target_dag.py
[2024-03-18T08:12:23.738+0000] {processor.py:830} INFO - Processing file /home/ubuntu/air_venv/lib/python3.10/site-packages/airflow/example_dags/example_trigger_target_dag.py for tasks to queue
[2024-03-18T08:12:23.740+0000] {logging_mixin.py:188} INFO - [2024-03-18T08:12:23.739+0000] {dagbag.py:540} INFO - Filling up the DagBag from /home/ubuntu/air_venv/lib/python3.10/site-packages/airflow/example_dags/example_trigger_target_dag.py
[2024-03-18T08:12:23.747+0000] {processor.py:840} INFO - DAG(s) 'example_trigger_target_dag' retrieved from /home/ubuntu/air_venv/lib/python3.10/site-packages/airflow/example_dags/example_trigger_target_dag.py
[2024-03-18T08:12:23.764+0000] {logging_mixin.py:188} INFO - [2024-03-18T08:12:23.763+0000] {dag.py:3047} INFO - Sync 1 DAGs
[2024-03-18T08:12:23.777+0000] {logging_mixin.py:188} INFO - [2024-03-18T08:12:23.777+0000] {dag.py:3834} INFO - Setting next_dagrun for example_trigger_target_dag to None, run_after=None
[2024-03-18T08:12:23.801+0000] {processor.py:183} INFO - Processing /home/ubuntu/air_venv/lib/python3.10/site-packages/airflow/example_dags/example_trigger_target_dag.py took 0.068 seconds
[2024-03-18T08:13:08.977+0000] {processor.py:161} INFO - Started process (PID=9394) to work on /home/ubuntu/air_venv/lib/python3.10/site-packages/airflow/example_dags/example_trigger_target_dag.py
[2024-03-18T08:13:08.979+0000] {processor.py:830} INFO - Processing file /home/ubuntu/air_venv/lib/python3.10/site-packages/airflow/example_dags/example_trigger_target_dag.py for tasks to queue
[2024-03-18T08:13:08.980+0000] {logging_mixin.py:188} INFO - [2024-03-18T08:13:08.980+0000] {dagbag.py:540} INFO - Filling up the DagBag from /home/ubuntu/air_venv/lib/python3.10/site-packages/airflow/example_dags/example_trigger_target_dag.py
[2024-03-18T08:13:08.987+0000] {processor.py:840} INFO - DAG(s) 'example_trigger_target_dag' retrieved from /home/ubuntu/air_venv/lib/python3.10/site-packages/airflow/example_dags/example_trigger_target_dag.py
[2024-03-18T08:13:09.005+0000] {logging_mixin.py:188} INFO - [2024-03-18T08:13:09.004+0000] {dag.py:3047} INFO - Sync 1 DAGs
[2024-03-18T08:13:09.018+0000] {logging_mixin.py:188} INFO - [2024-03-18T08:13:09.018+0000] {dag.py:3834} INFO - Setting next_dagrun for example_trigger_target_dag to None, run_after=None
[2024-03-18T08:13:09.046+0000] {processor.py:183} INFO - Processing /home/ubuntu/air_venv/lib/python3.10/site-packages/airflow/example_dags/example_trigger_target_dag.py took 0.072 seconds
[2024-03-18T08:13:50.812+0000] {processor.py:161} INFO - Started process (PID=9619) to work on /home/ubuntu/air_venv/lib/python3.10/site-packages/airflow/example_dags/example_trigger_target_dag.py
[2024-03-18T08:13:50.813+0000] {processor.py:830} INFO - Processing file /home/ubuntu/air_venv/lib/python3.10/site-packages/airflow/example_dags/example_trigger_target_dag.py for tasks to queue
[2024-03-18T08:13:50.814+0000] {logging_mixin.py:188} INFO - [2024-03-18T08:13:50.814+0000] {dagbag.py:540} INFO - Filling up the DagBag from /home/ubuntu/air_venv/lib/python3.10/site-packages/airflow/example_dags/example_trigger_target_dag.py
[2024-03-18T08:13:50.822+0000] {processor.py:840} INFO - DAG(s) 'example_trigger_target_dag' retrieved from /home/ubuntu/air_venv/lib/python3.10/site-packages/airflow/example_dags/example_trigger_target_dag.py
[2024-03-18T08:13:50.840+0000] {logging_mixin.py:188} INFO - [2024-03-18T08:13:50.840+0000] {dag.py:3047} INFO - Sync 1 DAGs
[2024-03-18T08:13:50.854+0000] {logging_mixin.py:188} INFO - [2024-03-18T08:13:50.853+0000] {dag.py:3834} INFO - Setting next_dagrun for example_trigger_target_dag to None, run_after=None
[2024-03-18T08:13:50.878+0000] {processor.py:183} INFO - Processing /home/ubuntu/air_venv/lib/python3.10/site-packages/airflow/example_dags/example_trigger_target_dag.py took 0.070 seconds
[2024-03-18T08:14:56.309+0000] {processor.py:161} INFO - Started process (PID=10195) to work on /home/ubuntu/air_venv/lib/python3.10/site-packages/airflow/example_dags/example_trigger_target_dag.py
[2024-03-18T08:14:56.311+0000] {processor.py:830} INFO - Processing file /home/ubuntu/air_venv/lib/python3.10/site-packages/airflow/example_dags/example_trigger_target_dag.py for tasks to queue
[2024-03-18T08:14:56.312+0000] {logging_mixin.py:188} INFO - [2024-03-18T08:14:56.311+0000] {dagbag.py:540} INFO - Filling up the DagBag from /home/ubuntu/air_venv/lib/python3.10/site-packages/airflow/example_dags/example_trigger_target_dag.py
[2024-03-18T08:14:56.319+0000] {processor.py:840} INFO - DAG(s) 'example_trigger_target_dag' retrieved from /home/ubuntu/air_venv/lib/python3.10/site-packages/airflow/example_dags/example_trigger_target_dag.py
[2024-03-18T08:14:56.336+0000] {logging_mixin.py:188} INFO - [2024-03-18T08:14:56.336+0000] {dag.py:3047} INFO - Sync 1 DAGs
[2024-03-18T08:14:56.349+0000] {logging_mixin.py:188} INFO - [2024-03-18T08:14:56.349+0000] {dag.py:3834} INFO - Setting next_dagrun for example_trigger_target_dag to None, run_after=None
[2024-03-18T08:14:56.374+0000] {processor.py:183} INFO - Processing /home/ubuntu/air_venv/lib/python3.10/site-packages/airflow/example_dags/example_trigger_target_dag.py took 0.069 seconds
[2024-03-18T08:15:50.024+0000] {processor.py:161} INFO - Started process (PID=10764) to work on /home/ubuntu/air_venv/lib/python3.10/site-packages/airflow/example_dags/example_trigger_target_dag.py
[2024-03-18T08:15:50.031+0000] {processor.py:830} INFO - Processing file /home/ubuntu/air_venv/lib/python3.10/site-packages/airflow/example_dags/example_trigger_target_dag.py for tasks to queue
[2024-03-18T08:15:50.032+0000] {logging_mixin.py:188} INFO - [2024-03-18T08:15:50.031+0000] {dagbag.py:540} INFO - Filling up the DagBag from /home/ubuntu/air_venv/lib/python3.10/site-packages/airflow/example_dags/example_trigger_target_dag.py
[2024-03-18T08:15:50.047+0000] {processor.py:840} INFO - DAG(s) 'example_trigger_target_dag' retrieved from /home/ubuntu/air_venv/lib/python3.10/site-packages/airflow/example_dags/example_trigger_target_dag.py
[2024-03-18T08:15:50.065+0000] {logging_mixin.py:188} INFO - [2024-03-18T08:15:50.064+0000] {dag.py:3047} INFO - Sync 1 DAGs
[2024-03-18T08:15:50.078+0000] {logging_mixin.py:188} INFO - [2024-03-18T08:15:50.077+0000] {dag.py:3834} INFO - Setting next_dagrun for example_trigger_target_dag to None, run_after=None
[2024-03-18T08:15:50.104+0000] {processor.py:183} INFO - Processing /home/ubuntu/air_venv/lib/python3.10/site-packages/airflow/example_dags/example_trigger_target_dag.py took 0.083 seconds
[2024-03-18T08:16:42.323+0000] {processor.py:161} INFO - Started process (PID=11352) to work on /home/ubuntu/air_venv/lib/python3.10/site-packages/airflow/example_dags/example_trigger_target_dag.py
[2024-03-18T08:16:42.324+0000] {processor.py:830} INFO - Processing file /home/ubuntu/air_venv/lib/python3.10/site-packages/airflow/example_dags/example_trigger_target_dag.py for tasks to queue
[2024-03-18T08:16:42.326+0000] {logging_mixin.py:188} INFO - [2024-03-18T08:16:42.325+0000] {dagbag.py:540} INFO - Filling up the DagBag from /home/ubuntu/air_venv/lib/python3.10/site-packages/airflow/example_dags/example_trigger_target_dag.py
[2024-03-18T08:16:42.336+0000] {processor.py:840} INFO - DAG(s) 'example_trigger_target_dag' retrieved from /home/ubuntu/air_venv/lib/python3.10/site-packages/airflow/example_dags/example_trigger_target_dag.py
[2024-03-18T08:16:42.353+0000] {logging_mixin.py:188} INFO - [2024-03-18T08:16:42.353+0000] {dag.py:3047} INFO - Sync 1 DAGs
[2024-03-18T08:16:42.367+0000] {logging_mixin.py:188} INFO - [2024-03-18T08:16:42.366+0000] {dag.py:3834} INFO - Setting next_dagrun for example_trigger_target_dag to None, run_after=None
[2024-03-18T08:16:42.392+0000] {processor.py:183} INFO - Processing /home/ubuntu/air_venv/lib/python3.10/site-packages/airflow/example_dags/example_trigger_target_dag.py took 0.073 seconds
[2024-03-18T08:17:25.897+0000] {processor.py:161} INFO - Started process (PID=11937) to work on /home/ubuntu/air_venv/lib/python3.10/site-packages/airflow/example_dags/example_trigger_target_dag.py
[2024-03-18T08:17:25.899+0000] {processor.py:830} INFO - Processing file /home/ubuntu/air_venv/lib/python3.10/site-packages/airflow/example_dags/example_trigger_target_dag.py for tasks to queue
[2024-03-18T08:17:25.900+0000] {logging_mixin.py:188} INFO - [2024-03-18T08:17:25.900+0000] {dagbag.py:540} INFO - Filling up the DagBag from /home/ubuntu/air_venv/lib/python3.10/site-packages/airflow/example_dags/example_trigger_target_dag.py
[2024-03-18T08:17:25.909+0000] {processor.py:840} INFO - DAG(s) 'example_trigger_target_dag' retrieved from /home/ubuntu/air_venv/lib/python3.10/site-packages/airflow/example_dags/example_trigger_target_dag.py
[2024-03-18T08:17:25.927+0000] {logging_mixin.py:188} INFO - [2024-03-18T08:17:25.926+0000] {dag.py:3047} INFO - Sync 1 DAGs
[2024-03-18T08:17:25.941+0000] {logging_mixin.py:188} INFO - [2024-03-18T08:17:25.940+0000] {dag.py:3834} INFO - Setting next_dagrun for example_trigger_target_dag to None, run_after=None
[2024-03-18T08:17:25.968+0000] {processor.py:183} INFO - Processing /home/ubuntu/air_venv/lib/python3.10/site-packages/airflow/example_dags/example_trigger_target_dag.py took 0.074 seconds
[2024-03-18T08:18:13.388+0000] {processor.py:161} INFO - Started process (PID=12465) to work on /home/ubuntu/air_venv/lib/python3.10/site-packages/airflow/example_dags/example_trigger_target_dag.py
[2024-03-18T08:18:13.390+0000] {processor.py:830} INFO - Processing file /home/ubuntu/air_venv/lib/python3.10/site-packages/airflow/example_dags/example_trigger_target_dag.py for tasks to queue
[2024-03-18T08:18:13.391+0000] {logging_mixin.py:188} INFO - [2024-03-18T08:18:13.391+0000] {dagbag.py:540} INFO - Filling up the DagBag from /home/ubuntu/air_venv/lib/python3.10/site-packages/airflow/example_dags/example_trigger_target_dag.py
[2024-03-18T08:18:13.399+0000] {processor.py:840} INFO - DAG(s) 'example_trigger_target_dag' retrieved from /home/ubuntu/air_venv/lib/python3.10/site-packages/airflow/example_dags/example_trigger_target_dag.py
[2024-03-18T08:18:13.416+0000] {logging_mixin.py:188} INFO - [2024-03-18T08:18:13.416+0000] {dag.py:3047} INFO - Sync 1 DAGs
[2024-03-18T08:18:13.429+0000] {logging_mixin.py:188} INFO - [2024-03-18T08:18:13.429+0000] {dag.py:3834} INFO - Setting next_dagrun for example_trigger_target_dag to None, run_after=None
[2024-03-18T08:18:13.456+0000] {processor.py:183} INFO - Processing /home/ubuntu/air_venv/lib/python3.10/site-packages/airflow/example_dags/example_trigger_target_dag.py took 0.071 seconds
[2024-03-18T08:19:05.751+0000] {processor.py:161} INFO - Started process (PID=12600) to work on /home/ubuntu/air_venv/lib/python3.10/site-packages/airflow/example_dags/example_trigger_target_dag.py
[2024-03-18T08:19:05.753+0000] {processor.py:830} INFO - Processing file /home/ubuntu/air_venv/lib/python3.10/site-packages/airflow/example_dags/example_trigger_target_dag.py for tasks to queue
[2024-03-18T08:19:05.754+0000] {logging_mixin.py:188} INFO - [2024-03-18T08:19:05.753+0000] {dagbag.py:540} INFO - Filling up the DagBag from /home/ubuntu/air_venv/lib/python3.10/site-packages/airflow/example_dags/example_trigger_target_dag.py
[2024-03-18T08:19:05.761+0000] {processor.py:840} INFO - DAG(s) 'example_trigger_target_dag' retrieved from /home/ubuntu/air_venv/lib/python3.10/site-packages/airflow/example_dags/example_trigger_target_dag.py
[2024-03-18T08:19:05.779+0000] {logging_mixin.py:188} INFO - [2024-03-18T08:19:05.779+0000] {dag.py:3047} INFO - Sync 1 DAGs
[2024-03-18T08:19:05.792+0000] {logging_mixin.py:188} INFO - [2024-03-18T08:19:05.792+0000] {dag.py:3834} INFO - Setting next_dagrun for example_trigger_target_dag to None, run_after=None
[2024-03-18T08:19:05.821+0000] {processor.py:183} INFO - Processing /home/ubuntu/air_venv/lib/python3.10/site-packages/airflow/example_dags/example_trigger_target_dag.py took 0.074 seconds
[2024-03-18T08:19:59.758+0000] {processor.py:161} INFO - Started process (PID=13074) to work on /home/ubuntu/air_venv/lib/python3.10/site-packages/airflow/example_dags/example_trigger_target_dag.py
[2024-03-18T08:19:59.760+0000] {processor.py:830} INFO - Processing file /home/ubuntu/air_venv/lib/python3.10/site-packages/airflow/example_dags/example_trigger_target_dag.py for tasks to queue
[2024-03-18T08:19:59.761+0000] {logging_mixin.py:188} INFO - [2024-03-18T08:19:59.761+0000] {dagbag.py:540} INFO - Filling up the DagBag from /home/ubuntu/air_venv/lib/python3.10/site-packages/airflow/example_dags/example_trigger_target_dag.py
[2024-03-18T08:19:59.769+0000] {processor.py:840} INFO - DAG(s) 'example_trigger_target_dag' retrieved from /home/ubuntu/air_venv/lib/python3.10/site-packages/airflow/example_dags/example_trigger_target_dag.py
[2024-03-18T08:19:59.787+0000] {logging_mixin.py:188} INFO - [2024-03-18T08:19:59.787+0000] {dag.py:3047} INFO - Sync 1 DAGs
[2024-03-18T08:19:59.801+0000] {logging_mixin.py:188} INFO - [2024-03-18T08:19:59.800+0000] {dag.py:3834} INFO - Setting next_dagrun for example_trigger_target_dag to None, run_after=None
[2024-03-18T08:19:59.828+0000] {processor.py:183} INFO - Processing /home/ubuntu/air_venv/lib/python3.10/site-packages/airflow/example_dags/example_trigger_target_dag.py took 0.073 seconds
[2024-03-18T08:20:54.013+0000] {processor.py:161} INFO - Started process (PID=13338) to work on /home/ubuntu/air_venv/lib/python3.10/site-packages/airflow/example_dags/example_trigger_target_dag.py
[2024-03-18T08:20:54.015+0000] {processor.py:830} INFO - Processing file /home/ubuntu/air_venv/lib/python3.10/site-packages/airflow/example_dags/example_trigger_target_dag.py for tasks to queue
[2024-03-18T08:20:54.016+0000] {logging_mixin.py:188} INFO - [2024-03-18T08:20:54.015+0000] {dagbag.py:540} INFO - Filling up the DagBag from /home/ubuntu/air_venv/lib/python3.10/site-packages/airflow/example_dags/example_trigger_target_dag.py
[2024-03-18T08:20:54.023+0000] {processor.py:840} INFO - DAG(s) 'example_trigger_target_dag' retrieved from /home/ubuntu/air_venv/lib/python3.10/site-packages/airflow/example_dags/example_trigger_target_dag.py
[2024-03-18T08:20:54.041+0000] {logging_mixin.py:188} INFO - [2024-03-18T08:20:54.041+0000] {dag.py:3047} INFO - Sync 1 DAGs
[2024-03-18T08:20:54.055+0000] {logging_mixin.py:188} INFO - [2024-03-18T08:20:54.054+0000] {dag.py:3834} INFO - Setting next_dagrun for example_trigger_target_dag to None, run_after=None
[2024-03-18T08:20:54.080+0000] {processor.py:183} INFO - Processing /home/ubuntu/air_venv/lib/python3.10/site-packages/airflow/example_dags/example_trigger_target_dag.py took 0.071 seconds
[2024-03-18T08:21:53.897+0000] {processor.py:161} INFO - Started process (PID=13757) to work on /home/ubuntu/air_venv/lib/python3.10/site-packages/airflow/example_dags/example_trigger_target_dag.py
[2024-03-18T08:21:53.900+0000] {processor.py:830} INFO - Processing file /home/ubuntu/air_venv/lib/python3.10/site-packages/airflow/example_dags/example_trigger_target_dag.py for tasks to queue
[2024-03-18T08:21:53.901+0000] {logging_mixin.py:188} INFO - [2024-03-18T08:21:53.900+0000] {dagbag.py:540} INFO - Filling up the DagBag from /home/ubuntu/air_venv/lib/python3.10/site-packages/airflow/example_dags/example_trigger_target_dag.py
[2024-03-18T08:21:53.908+0000] {processor.py:840} INFO - DAG(s) 'example_trigger_target_dag' retrieved from /home/ubuntu/air_venv/lib/python3.10/site-packages/airflow/example_dags/example_trigger_target_dag.py
[2024-03-18T08:21:53.925+0000] {logging_mixin.py:188} INFO - [2024-03-18T08:21:53.924+0000] {dag.py:3047} INFO - Sync 1 DAGs
[2024-03-18T08:21:53.937+0000] {logging_mixin.py:188} INFO - [2024-03-18T08:21:53.937+0000] {dag.py:3834} INFO - Setting next_dagrun for example_trigger_target_dag to None, run_after=None
[2024-03-18T08:21:53.964+0000] {processor.py:183} INFO - Processing /home/ubuntu/air_venv/lib/python3.10/site-packages/airflow/example_dags/example_trigger_target_dag.py took 0.070 seconds
[2024-03-18T08:22:32.731+0000] {processor.py:161} INFO - Started process (PID=13919) to work on /home/ubuntu/air_venv/lib/python3.10/site-packages/airflow/example_dags/example_trigger_target_dag.py
[2024-03-18T08:22:32.733+0000] {processor.py:830} INFO - Processing file /home/ubuntu/air_venv/lib/python3.10/site-packages/airflow/example_dags/example_trigger_target_dag.py for tasks to queue
[2024-03-18T08:22:32.734+0000] {logging_mixin.py:188} INFO - [2024-03-18T08:22:32.733+0000] {dagbag.py:540} INFO - Filling up the DagBag from /home/ubuntu/air_venv/lib/python3.10/site-packages/airflow/example_dags/example_trigger_target_dag.py
[2024-03-18T08:22:32.741+0000] {processor.py:840} INFO - DAG(s) 'example_trigger_target_dag' retrieved from /home/ubuntu/air_venv/lib/python3.10/site-packages/airflow/example_dags/example_trigger_target_dag.py
[2024-03-18T08:22:32.757+0000] {logging_mixin.py:188} INFO - [2024-03-18T08:22:32.757+0000] {dag.py:3047} INFO - Sync 1 DAGs
[2024-03-18T08:22:32.771+0000] {logging_mixin.py:188} INFO - [2024-03-18T08:22:32.771+0000] {dag.py:3834} INFO - Setting next_dagrun for example_trigger_target_dag to None, run_after=None
[2024-03-18T08:22:32.796+0000] {processor.py:183} INFO - Processing /home/ubuntu/air_venv/lib/python3.10/site-packages/airflow/example_dags/example_trigger_target_dag.py took 0.069 seconds
[2024-03-18T08:23:10.516+0000] {processor.py:161} INFO - Started process (PID=14334) to work on /home/ubuntu/air_venv/lib/python3.10/site-packages/airflow/example_dags/example_trigger_target_dag.py
[2024-03-18T08:23:10.518+0000] {processor.py:830} INFO - Processing file /home/ubuntu/air_venv/lib/python3.10/site-packages/airflow/example_dags/example_trigger_target_dag.py for tasks to queue
[2024-03-18T08:23:10.519+0000] {logging_mixin.py:188} INFO - [2024-03-18T08:23:10.519+0000] {dagbag.py:540} INFO - Filling up the DagBag from /home/ubuntu/air_venv/lib/python3.10/site-packages/airflow/example_dags/example_trigger_target_dag.py
[2024-03-18T08:23:10.527+0000] {processor.py:840} INFO - DAG(s) 'example_trigger_target_dag' retrieved from /home/ubuntu/air_venv/lib/python3.10/site-packages/airflow/example_dags/example_trigger_target_dag.py
[2024-03-18T08:23:10.544+0000] {logging_mixin.py:188} INFO - [2024-03-18T08:23:10.544+0000] {dag.py:3047} INFO - Sync 1 DAGs
[2024-03-18T08:23:10.557+0000] {logging_mixin.py:188} INFO - [2024-03-18T08:23:10.557+0000] {dag.py:3834} INFO - Setting next_dagrun for example_trigger_target_dag to None, run_after=None
[2024-03-18T08:23:10.583+0000] {processor.py:183} INFO - Processing /home/ubuntu/air_venv/lib/python3.10/site-packages/airflow/example_dags/example_trigger_target_dag.py took 0.071 seconds
[2024-03-18T08:23:51.511+0000] {processor.py:161} INFO - Started process (PID=14619) to work on /home/ubuntu/air_venv/lib/python3.10/site-packages/airflow/example_dags/example_trigger_target_dag.py
[2024-03-18T08:23:51.512+0000] {processor.py:830} INFO - Processing file /home/ubuntu/air_venv/lib/python3.10/site-packages/airflow/example_dags/example_trigger_target_dag.py for tasks to queue
[2024-03-18T08:23:51.514+0000] {logging_mixin.py:188} INFO - [2024-03-18T08:23:51.513+0000] {dagbag.py:540} INFO - Filling up the DagBag from /home/ubuntu/air_venv/lib/python3.10/site-packages/airflow/example_dags/example_trigger_target_dag.py
[2024-03-18T08:23:51.521+0000] {processor.py:840} INFO - DAG(s) 'example_trigger_target_dag' retrieved from /home/ubuntu/air_venv/lib/python3.10/site-packages/airflow/example_dags/example_trigger_target_dag.py
[2024-03-18T08:23:51.544+0000] {logging_mixin.py:188} INFO - [2024-03-18T08:23:51.544+0000] {dag.py:3047} INFO - Sync 1 DAGs
[2024-03-18T08:23:51.564+0000] {logging_mixin.py:188} INFO - [2024-03-18T08:23:51.564+0000] {dag.py:3834} INFO - Setting next_dagrun for example_trigger_target_dag to None, run_after=None
[2024-03-18T08:23:51.591+0000] {processor.py:183} INFO - Processing /home/ubuntu/air_venv/lib/python3.10/site-packages/airflow/example_dags/example_trigger_target_dag.py took 0.084 seconds
[2024-03-18T08:24:30.137+0000] {processor.py:161} INFO - Started process (PID=14926) to work on /home/ubuntu/air_venv/lib/python3.10/site-packages/airflow/example_dags/example_trigger_target_dag.py
[2024-03-18T08:24:30.139+0000] {processor.py:830} INFO - Processing file /home/ubuntu/air_venv/lib/python3.10/site-packages/airflow/example_dags/example_trigger_target_dag.py for tasks to queue
[2024-03-18T08:24:30.140+0000] {logging_mixin.py:188} INFO - [2024-03-18T08:24:30.139+0000] {dagbag.py:540} INFO - Filling up the DagBag from /home/ubuntu/air_venv/lib/python3.10/site-packages/airflow/example_dags/example_trigger_target_dag.py
[2024-03-18T08:24:30.147+0000] {processor.py:840} INFO - DAG(s) 'example_trigger_target_dag' retrieved from /home/ubuntu/air_venv/lib/python3.10/site-packages/airflow/example_dags/example_trigger_target_dag.py
[2024-03-18T08:24:30.164+0000] {logging_mixin.py:188} INFO - [2024-03-18T08:24:30.164+0000] {dag.py:3047} INFO - Sync 1 DAGs
[2024-03-18T08:24:30.178+0000] {logging_mixin.py:188} INFO - [2024-03-18T08:24:30.177+0000] {dag.py:3834} INFO - Setting next_dagrun for example_trigger_target_dag to None, run_after=None
[2024-03-18T08:24:30.203+0000] {processor.py:183} INFO - Processing /home/ubuntu/air_venv/lib/python3.10/site-packages/airflow/example_dags/example_trigger_target_dag.py took 0.070 seconds
[2024-03-18T08:25:11.578+0000] {processor.py:161} INFO - Started process (PID=15270) to work on /home/ubuntu/air_venv/lib/python3.10/site-packages/airflow/example_dags/example_trigger_target_dag.py
[2024-03-18T08:25:11.580+0000] {processor.py:830} INFO - Processing file /home/ubuntu/air_venv/lib/python3.10/site-packages/airflow/example_dags/example_trigger_target_dag.py for tasks to queue
[2024-03-18T08:25:11.581+0000] {logging_mixin.py:188} INFO - [2024-03-18T08:25:11.580+0000] {dagbag.py:540} INFO - Filling up the DagBag from /home/ubuntu/air_venv/lib/python3.10/site-packages/airflow/example_dags/example_trigger_target_dag.py
[2024-03-18T08:25:11.588+0000] {processor.py:840} INFO - DAG(s) 'example_trigger_target_dag' retrieved from /home/ubuntu/air_venv/lib/python3.10/site-packages/airflow/example_dags/example_trigger_target_dag.py
[2024-03-18T08:25:11.606+0000] {logging_mixin.py:188} INFO - [2024-03-18T08:25:11.605+0000] {dag.py:3047} INFO - Sync 1 DAGs
[2024-03-18T08:25:11.619+0000] {logging_mixin.py:188} INFO - [2024-03-18T08:25:11.619+0000] {dag.py:3834} INFO - Setting next_dagrun for example_trigger_target_dag to None, run_after=None
[2024-03-18T08:25:11.646+0000] {processor.py:183} INFO - Processing /home/ubuntu/air_venv/lib/python3.10/site-packages/airflow/example_dags/example_trigger_target_dag.py took 0.072 seconds
[2024-03-18T08:25:53.921+0000] {processor.py:161} INFO - Started process (PID=15373) to work on /home/ubuntu/air_venv/lib/python3.10/site-packages/airflow/example_dags/example_trigger_target_dag.py
[2024-03-18T08:25:53.923+0000] {processor.py:830} INFO - Processing file /home/ubuntu/air_venv/lib/python3.10/site-packages/airflow/example_dags/example_trigger_target_dag.py for tasks to queue
[2024-03-18T08:25:53.924+0000] {logging_mixin.py:188} INFO - [2024-03-18T08:25:53.924+0000] {dagbag.py:540} INFO - Filling up the DagBag from /home/ubuntu/air_venv/lib/python3.10/site-packages/airflow/example_dags/example_trigger_target_dag.py
[2024-03-18T08:25:53.932+0000] {processor.py:840} INFO - DAG(s) 'example_trigger_target_dag' retrieved from /home/ubuntu/air_venv/lib/python3.10/site-packages/airflow/example_dags/example_trigger_target_dag.py
[2024-03-18T08:25:53.949+0000] {logging_mixin.py:188} INFO - [2024-03-18T08:25:53.948+0000] {dag.py:3047} INFO - Sync 1 DAGs
[2024-03-18T08:25:53.961+0000] {logging_mixin.py:188} INFO - [2024-03-18T08:25:53.961+0000] {dag.py:3834} INFO - Setting next_dagrun for example_trigger_target_dag to None, run_after=None
[2024-03-18T08:25:53.985+0000] {processor.py:183} INFO - Processing /home/ubuntu/air_venv/lib/python3.10/site-packages/airflow/example_dags/example_trigger_target_dag.py took 0.068 seconds
[2024-03-18T08:26:33.856+0000] {processor.py:161} INFO - Started process (PID=15412) to work on /home/ubuntu/air_venv/lib/python3.10/site-packages/airflow/example_dags/example_trigger_target_dag.py
[2024-03-18T08:26:33.858+0000] {processor.py:830} INFO - Processing file /home/ubuntu/air_venv/lib/python3.10/site-packages/airflow/example_dags/example_trigger_target_dag.py for tasks to queue
[2024-03-18T08:26:33.859+0000] {logging_mixin.py:188} INFO - [2024-03-18T08:26:33.859+0000] {dagbag.py:540} INFO - Filling up the DagBag from /home/ubuntu/air_venv/lib/python3.10/site-packages/airflow/example_dags/example_trigger_target_dag.py
[2024-03-18T08:26:33.875+0000] {processor.py:840} INFO - DAG(s) 'example_trigger_target_dag' retrieved from /home/ubuntu/air_venv/lib/python3.10/site-packages/airflow/example_dags/example_trigger_target_dag.py
[2024-03-18T08:26:33.903+0000] {logging_mixin.py:188} INFO - [2024-03-18T08:26:33.903+0000] {dag.py:3047} INFO - Sync 1 DAGs
[2024-03-18T08:26:33.917+0000] {logging_mixin.py:188} INFO - [2024-03-18T08:26:33.916+0000] {dag.py:3834} INFO - Setting next_dagrun for example_trigger_target_dag to None, run_after=None
[2024-03-18T08:26:33.944+0000] {processor.py:183} INFO - Processing /home/ubuntu/air_venv/lib/python3.10/site-packages/airflow/example_dags/example_trigger_target_dag.py took 0.092 seconds
[2024-03-18T08:27:15.309+0000] {processor.py:161} INFO - Started process (PID=15512) to work on /home/ubuntu/air_venv/lib/python3.10/site-packages/airflow/example_dags/example_trigger_target_dag.py
[2024-03-18T08:27:15.311+0000] {processor.py:830} INFO - Processing file /home/ubuntu/air_venv/lib/python3.10/site-packages/airflow/example_dags/example_trigger_target_dag.py for tasks to queue
[2024-03-18T08:27:15.312+0000] {logging_mixin.py:188} INFO - [2024-03-18T08:27:15.312+0000] {dagbag.py:540} INFO - Filling up the DagBag from /home/ubuntu/air_venv/lib/python3.10/site-packages/airflow/example_dags/example_trigger_target_dag.py
[2024-03-18T08:27:15.320+0000] {processor.py:840} INFO - DAG(s) 'example_trigger_target_dag' retrieved from /home/ubuntu/air_venv/lib/python3.10/site-packages/airflow/example_dags/example_trigger_target_dag.py
[2024-03-18T08:27:15.337+0000] {logging_mixin.py:188} INFO - [2024-03-18T08:27:15.337+0000] {dag.py:3047} INFO - Sync 1 DAGs
[2024-03-18T08:27:15.350+0000] {logging_mixin.py:188} INFO - [2024-03-18T08:27:15.350+0000] {dag.py:3834} INFO - Setting next_dagrun for example_trigger_target_dag to None, run_after=None
[2024-03-18T08:27:15.374+0000] {processor.py:183} INFO - Processing /home/ubuntu/air_venv/lib/python3.10/site-packages/airflow/example_dags/example_trigger_target_dag.py took 0.068 seconds
[2024-03-18T08:27:56.748+0000] {processor.py:161} INFO - Started process (PID=15614) to work on /home/ubuntu/air_venv/lib/python3.10/site-packages/airflow/example_dags/example_trigger_target_dag.py
[2024-03-18T08:27:56.750+0000] {processor.py:830} INFO - Processing file /home/ubuntu/air_venv/lib/python3.10/site-packages/airflow/example_dags/example_trigger_target_dag.py for tasks to queue
[2024-03-18T08:27:56.751+0000] {logging_mixin.py:188} INFO - [2024-03-18T08:27:56.750+0000] {dagbag.py:540} INFO - Filling up the DagBag from /home/ubuntu/air_venv/lib/python3.10/site-packages/airflow/example_dags/example_trigger_target_dag.py
[2024-03-18T08:27:56.758+0000] {processor.py:840} INFO - DAG(s) 'example_trigger_target_dag' retrieved from /home/ubuntu/air_venv/lib/python3.10/site-packages/airflow/example_dags/example_trigger_target_dag.py
[2024-03-18T08:27:56.776+0000] {logging_mixin.py:188} INFO - [2024-03-18T08:27:56.775+0000] {dag.py:3047} INFO - Sync 1 DAGs
[2024-03-18T08:27:56.788+0000] {logging_mixin.py:188} INFO - [2024-03-18T08:27:56.788+0000] {dag.py:3834} INFO - Setting next_dagrun for example_trigger_target_dag to None, run_after=None
[2024-03-18T08:27:56.811+0000] {processor.py:183} INFO - Processing /home/ubuntu/air_venv/lib/python3.10/site-packages/airflow/example_dags/example_trigger_target_dag.py took 0.067 seconds
[2024-03-18T08:28:40.485+0000] {processor.py:161} INFO - Started process (PID=15680) to work on /home/ubuntu/air_venv/lib/python3.10/site-packages/airflow/example_dags/example_trigger_target_dag.py
[2024-03-18T08:28:40.487+0000] {processor.py:830} INFO - Processing file /home/ubuntu/air_venv/lib/python3.10/site-packages/airflow/example_dags/example_trigger_target_dag.py for tasks to queue
[2024-03-18T08:28:40.488+0000] {logging_mixin.py:188} INFO - [2024-03-18T08:28:40.488+0000] {dagbag.py:540} INFO - Filling up the DagBag from /home/ubuntu/air_venv/lib/python3.10/site-packages/airflow/example_dags/example_trigger_target_dag.py
[2024-03-18T08:28:40.496+0000] {processor.py:840} INFO - DAG(s) 'example_trigger_target_dag' retrieved from /home/ubuntu/air_venv/lib/python3.10/site-packages/airflow/example_dags/example_trigger_target_dag.py
[2024-03-18T08:28:40.513+0000] {logging_mixin.py:188} INFO - [2024-03-18T08:28:40.513+0000] {dag.py:3047} INFO - Sync 1 DAGs
[2024-03-18T08:28:40.526+0000] {logging_mixin.py:188} INFO - [2024-03-18T08:28:40.526+0000] {dag.py:3834} INFO - Setting next_dagrun for example_trigger_target_dag to None, run_after=None
[2024-03-18T08:28:40.550+0000] {processor.py:183} INFO - Processing /home/ubuntu/air_venv/lib/python3.10/site-packages/airflow/example_dags/example_trigger_target_dag.py took 0.069 seconds
[2024-03-18T08:29:23.316+0000] {processor.py:161} INFO - Started process (PID=15756) to work on /home/ubuntu/air_venv/lib/python3.10/site-packages/airflow/example_dags/example_trigger_target_dag.py
[2024-03-18T08:29:23.318+0000] {processor.py:830} INFO - Processing file /home/ubuntu/air_venv/lib/python3.10/site-packages/airflow/example_dags/example_trigger_target_dag.py for tasks to queue
[2024-03-18T08:29:23.319+0000] {logging_mixin.py:188} INFO - [2024-03-18T08:29:23.319+0000] {dagbag.py:540} INFO - Filling up the DagBag from /home/ubuntu/air_venv/lib/python3.10/site-packages/airflow/example_dags/example_trigger_target_dag.py
[2024-03-18T08:29:23.326+0000] {processor.py:840} INFO - DAG(s) 'example_trigger_target_dag' retrieved from /home/ubuntu/air_venv/lib/python3.10/site-packages/airflow/example_dags/example_trigger_target_dag.py
[2024-03-18T08:29:23.343+0000] {logging_mixin.py:188} INFO - [2024-03-18T08:29:23.343+0000] {dag.py:3047} INFO - Sync 1 DAGs
[2024-03-18T08:29:23.356+0000] {logging_mixin.py:188} INFO - [2024-03-18T08:29:23.355+0000] {dag.py:3834} INFO - Setting next_dagrun for example_trigger_target_dag to None, run_after=None
[2024-03-18T08:29:23.388+0000] {processor.py:183} INFO - Processing /home/ubuntu/air_venv/lib/python3.10/site-packages/airflow/example_dags/example_trigger_target_dag.py took 0.075 seconds
