[2024-03-18T08:00:39.251+0000] {processor.py:161} INFO - Started process (PID=3184) to work on /home/ubuntu/air_venv/lib/python3.10/site-packages/airflow/example_dags/example_bash_operator.py
[2024-03-18T08:00:39.252+0000] {processor.py:830} INFO - Processing file /home/ubuntu/air_venv/lib/python3.10/site-packages/airflow/example_dags/example_bash_operator.py for tasks to queue
[2024-03-18T08:00:39.253+0000] {logging_mixin.py:188} INFO - [2024-03-18T08:00:39.253+0000] {dagbag.py:540} INFO - Filling up the DagBag from /home/ubuntu/air_venv/lib/python3.10/site-packages/airflow/example_dags/example_bash_operator.py
[2024-03-18T08:00:39.267+0000] {processor.py:840} INFO - DAG(s) 'example_bash_operator' retrieved from /home/ubuntu/air_venv/lib/python3.10/site-packages/airflow/example_dags/example_bash_operator.py
[2024-03-18T08:00:39.402+0000] {logging_mixin.py:188} INFO - [2024-03-18T08:00:39.401+0000] {override.py:1769} INFO - Created Permission View: can edit on DAG:example_bash_operator
[2024-03-18T08:00:39.417+0000] {logging_mixin.py:188} INFO - [2024-03-18T08:00:39.416+0000] {override.py:1769} INFO - Created Permission View: can delete on DAG:example_bash_operator
[2024-03-18T08:00:39.430+0000] {logging_mixin.py:188} INFO - [2024-03-18T08:00:39.430+0000] {override.py:1769} INFO - Created Permission View: can read on DAG:example_bash_operator
[2024-03-18T08:00:39.431+0000] {logging_mixin.py:188} INFO - [2024-03-18T08:00:39.431+0000] {dag.py:3047} INFO - Sync 1 DAGs
[2024-03-18T08:00:39.606+0000] {logging_mixin.py:188} INFO - [2024-03-18T08:00:39.606+0000] {dag.py:3069} INFO - Creating ORM DAG for example_bash_operator
[2024-03-18T08:00:39.617+0000] {logging_mixin.py:188} INFO - [2024-03-18T08:00:39.617+0000] {dag.py:3834} INFO - Setting next_dagrun for example_bash_operator to 2024-03-17 00:00:00+00:00, run_after=2024-03-18 00:00:00+00:00
[2024-03-18T08:00:39.644+0000] {processor.py:183} INFO - Processing /home/ubuntu/air_venv/lib/python3.10/site-packages/airflow/example_dags/example_bash_operator.py took 0.396 seconds
[2024-03-18T08:01:31.287+0000] {processor.py:161} INFO - Started process (PID=3594) to work on /home/ubuntu/air_venv/lib/python3.10/site-packages/airflow/example_dags/example_bash_operator.py
[2024-03-18T08:01:31.290+0000] {processor.py:830} INFO - Processing file /home/ubuntu/air_venv/lib/python3.10/site-packages/airflow/example_dags/example_bash_operator.py for tasks to queue
[2024-03-18T08:01:31.291+0000] {logging_mixin.py:188} INFO - [2024-03-18T08:01:31.291+0000] {dagbag.py:540} INFO - Filling up the DagBag from /home/ubuntu/air_venv/lib/python3.10/site-packages/airflow/example_dags/example_bash_operator.py
[2024-03-18T08:01:31.305+0000] {processor.py:840} INFO - DAG(s) 'example_bash_operator' retrieved from /home/ubuntu/air_venv/lib/python3.10/site-packages/airflow/example_dags/example_bash_operator.py
[2024-03-18T08:01:31.332+0000] {logging_mixin.py:188} INFO - [2024-03-18T08:01:31.331+0000] {dag.py:3047} INFO - Sync 1 DAGs
[2024-03-18T08:01:31.355+0000] {logging_mixin.py:188} INFO - [2024-03-18T08:01:31.354+0000] {dag.py:3834} INFO - Setting next_dagrun for example_bash_operator to 2024-03-17 00:00:00+00:00, run_after=2024-03-18 00:00:00+00:00
[2024-03-18T08:01:31.523+0000] {processor.py:183} INFO - Processing /home/ubuntu/air_venv/lib/python3.10/site-packages/airflow/example_dags/example_bash_operator.py took 0.240 seconds
[2024-03-18T08:02:51.766+0000] {processor.py:161} INFO - Started process (PID=4326) to work on /home/ubuntu/air_venv/lib/python3.10/site-packages/airflow/example_dags/example_bash_operator.py
[2024-03-18T08:02:51.767+0000] {processor.py:830} INFO - Processing file /home/ubuntu/air_venv/lib/python3.10/site-packages/airflow/example_dags/example_bash_operator.py for tasks to queue
[2024-03-18T08:02:51.769+0000] {logging_mixin.py:188} INFO - [2024-03-18T08:02:51.768+0000] {dagbag.py:540} INFO - Filling up the DagBag from /home/ubuntu/air_venv/lib/python3.10/site-packages/airflow/example_dags/example_bash_operator.py
[2024-03-18T08:02:51.937+0000] {processor.py:840} INFO - DAG(s) 'example_bash_operator' retrieved from /home/ubuntu/air_venv/lib/python3.10/site-packages/airflow/example_dags/example_bash_operator.py
[2024-03-18T08:02:51.960+0000] {logging_mixin.py:188} INFO - [2024-03-18T08:02:51.959+0000] {dag.py:3047} INFO - Sync 1 DAGs
[2024-03-18T08:02:51.981+0000] {logging_mixin.py:188} INFO - [2024-03-18T08:02:51.981+0000] {dag.py:3834} INFO - Setting next_dagrun for example_bash_operator to 2024-03-17 00:00:00+00:00, run_after=2024-03-18 00:00:00+00:00
[2024-03-18T08:02:52.007+0000] {processor.py:183} INFO - Processing /home/ubuntu/air_venv/lib/python3.10/site-packages/airflow/example_dags/example_bash_operator.py took 0.245 seconds
[2024-03-18T08:03:58.045+0000] {processor.py:161} INFO - Started process (PID=4812) to work on /home/ubuntu/air_venv/lib/python3.10/site-packages/airflow/example_dags/example_bash_operator.py
[2024-03-18T08:03:58.046+0000] {processor.py:830} INFO - Processing file /home/ubuntu/air_venv/lib/python3.10/site-packages/airflow/example_dags/example_bash_operator.py for tasks to queue
[2024-03-18T08:03:58.047+0000] {logging_mixin.py:188} INFO - [2024-03-18T08:03:58.047+0000] {dagbag.py:540} INFO - Filling up the DagBag from /home/ubuntu/air_venv/lib/python3.10/site-packages/airflow/example_dags/example_bash_operator.py
[2024-03-18T08:03:58.062+0000] {processor.py:840} INFO - DAG(s) 'example_bash_operator' retrieved from /home/ubuntu/air_venv/lib/python3.10/site-packages/airflow/example_dags/example_bash_operator.py
[2024-03-18T08:03:58.089+0000] {logging_mixin.py:188} INFO - [2024-03-18T08:03:58.088+0000] {dag.py:3047} INFO - Sync 1 DAGs
[2024-03-18T08:03:58.113+0000] {logging_mixin.py:188} INFO - [2024-03-18T08:03:58.113+0000] {dag.py:3834} INFO - Setting next_dagrun for example_bash_operator to 2024-03-17 00:00:00+00:00, run_after=2024-03-18 00:00:00+00:00
[2024-03-18T08:03:58.138+0000] {processor.py:183} INFO - Processing /home/ubuntu/air_venv/lib/python3.10/site-packages/airflow/example_dags/example_bash_operator.py took 0.097 seconds
[2024-03-18T08:05:14.414+0000] {processor.py:161} INFO - Started process (PID=5429) to work on /home/ubuntu/air_venv/lib/python3.10/site-packages/airflow/example_dags/example_bash_operator.py
[2024-03-18T08:05:14.416+0000] {processor.py:830} INFO - Processing file /home/ubuntu/air_venv/lib/python3.10/site-packages/airflow/example_dags/example_bash_operator.py for tasks to queue
[2024-03-18T08:05:14.418+0000] {logging_mixin.py:188} INFO - [2024-03-18T08:05:14.417+0000] {dagbag.py:540} INFO - Filling up the DagBag from /home/ubuntu/air_venv/lib/python3.10/site-packages/airflow/example_dags/example_bash_operator.py
[2024-03-18T08:05:14.439+0000] {processor.py:840} INFO - DAG(s) 'example_bash_operator' retrieved from /home/ubuntu/air_venv/lib/python3.10/site-packages/airflow/example_dags/example_bash_operator.py
[2024-03-18T08:05:14.468+0000] {logging_mixin.py:188} INFO - [2024-03-18T08:05:14.468+0000] {dag.py:3047} INFO - Sync 1 DAGs
[2024-03-18T08:05:14.493+0000] {logging_mixin.py:188} INFO - [2024-03-18T08:05:14.493+0000] {dag.py:3834} INFO - Setting next_dagrun for example_bash_operator to 2024-03-17 00:00:00+00:00, run_after=2024-03-18 00:00:00+00:00
[2024-03-18T08:05:14.523+0000] {processor.py:183} INFO - Processing /home/ubuntu/air_venv/lib/python3.10/site-packages/airflow/example_dags/example_bash_operator.py took 0.113 seconds
[2024-03-18T08:06:46.781+0000] {processor.py:161} INFO - Started process (PID=6545) to work on /home/ubuntu/air_venv/lib/python3.10/site-packages/airflow/example_dags/example_bash_operator.py
[2024-03-18T08:06:46.784+0000] {processor.py:830} INFO - Processing file /home/ubuntu/air_venv/lib/python3.10/site-packages/airflow/example_dags/example_bash_operator.py for tasks to queue
[2024-03-18T08:06:46.785+0000] {logging_mixin.py:188} INFO - [2024-03-18T08:06:46.784+0000] {dagbag.py:540} INFO - Filling up the DagBag from /home/ubuntu/air_venv/lib/python3.10/site-packages/airflow/example_dags/example_bash_operator.py
[2024-03-18T08:06:46.799+0000] {processor.py:840} INFO - DAG(s) 'example_bash_operator' retrieved from /home/ubuntu/air_venv/lib/python3.10/site-packages/airflow/example_dags/example_bash_operator.py
[2024-03-18T08:06:46.827+0000] {logging_mixin.py:188} INFO - [2024-03-18T08:06:46.827+0000] {dag.py:3047} INFO - Sync 1 DAGs
[2024-03-18T08:06:46.850+0000] {logging_mixin.py:188} INFO - [2024-03-18T08:06:46.850+0000] {dag.py:3834} INFO - Setting next_dagrun for example_bash_operator to 2024-03-17 00:00:00+00:00, run_after=2024-03-18 00:00:00+00:00
[2024-03-18T08:06:46.878+0000] {processor.py:183} INFO - Processing /home/ubuntu/air_venv/lib/python3.10/site-packages/airflow/example_dags/example_bash_operator.py took 0.100 seconds
[2024-03-18T08:08:02.998+0000] {processor.py:161} INFO - Started process (PID=7220) to work on /home/ubuntu/air_venv/lib/python3.10/site-packages/airflow/example_dags/example_bash_operator.py
[2024-03-18T08:08:03.000+0000] {processor.py:830} INFO - Processing file /home/ubuntu/air_venv/lib/python3.10/site-packages/airflow/example_dags/example_bash_operator.py for tasks to queue
[2024-03-18T08:08:03.001+0000] {logging_mixin.py:188} INFO - [2024-03-18T08:08:03.001+0000] {dagbag.py:540} INFO - Filling up the DagBag from /home/ubuntu/air_venv/lib/python3.10/site-packages/airflow/example_dags/example_bash_operator.py
[2024-03-18T08:08:03.102+0000] {processor.py:840} INFO - DAG(s) 'example_bash_operator' retrieved from /home/ubuntu/air_venv/lib/python3.10/site-packages/airflow/example_dags/example_bash_operator.py
[2024-03-18T08:08:03.427+0000] {logging_mixin.py:188} INFO - [2024-03-18T08:08:03.427+0000] {dag.py:3047} INFO - Sync 1 DAGs
[2024-03-18T08:08:03.721+0000] {logging_mixin.py:188} INFO - [2024-03-18T08:08:03.720+0000] {dag.py:3834} INFO - Setting next_dagrun for example_bash_operator to 2024-03-17 00:00:00+00:00, run_after=2024-03-18 00:00:00+00:00
[2024-03-18T08:08:03.920+0000] {processor.py:183} INFO - Processing /home/ubuntu/air_venv/lib/python3.10/site-packages/airflow/example_dags/example_bash_operator.py took 0.947 seconds
[2024-03-18T08:09:13.725+0000] {processor.py:161} INFO - Started process (PID=7719) to work on /home/ubuntu/air_venv/lib/python3.10/site-packages/airflow/example_dags/example_bash_operator.py
[2024-03-18T08:09:13.727+0000] {processor.py:830} INFO - Processing file /home/ubuntu/air_venv/lib/python3.10/site-packages/airflow/example_dags/example_bash_operator.py for tasks to queue
[2024-03-18T08:09:13.728+0000] {logging_mixin.py:188} INFO - [2024-03-18T08:09:13.727+0000] {dagbag.py:540} INFO - Filling up the DagBag from /home/ubuntu/air_venv/lib/python3.10/site-packages/airflow/example_dags/example_bash_operator.py
[2024-03-18T08:09:13.742+0000] {processor.py:840} INFO - DAG(s) 'example_bash_operator' retrieved from /home/ubuntu/air_venv/lib/python3.10/site-packages/airflow/example_dags/example_bash_operator.py
[2024-03-18T08:09:13.769+0000] {logging_mixin.py:188} INFO - [2024-03-18T08:09:13.768+0000] {dag.py:3047} INFO - Sync 1 DAGs
[2024-03-18T08:09:13.793+0000] {logging_mixin.py:188} INFO - [2024-03-18T08:09:13.792+0000] {dag.py:3834} INFO - Setting next_dagrun for example_bash_operator to 2024-03-17 00:00:00+00:00, run_after=2024-03-18 00:00:00+00:00
[2024-03-18T08:09:13.819+0000] {processor.py:183} INFO - Processing /home/ubuntu/air_venv/lib/python3.10/site-packages/airflow/example_dags/example_bash_operator.py took 0.098 seconds
[2024-03-18T08:10:16.349+0000] {processor.py:161} INFO - Started process (PID=8261) to work on /home/ubuntu/air_venv/lib/python3.10/site-packages/airflow/example_dags/example_bash_operator.py
[2024-03-18T08:10:16.351+0000] {processor.py:830} INFO - Processing file /home/ubuntu/air_venv/lib/python3.10/site-packages/airflow/example_dags/example_bash_operator.py for tasks to queue
[2024-03-18T08:10:16.352+0000] {logging_mixin.py:188} INFO - [2024-03-18T08:10:16.351+0000] {dagbag.py:540} INFO - Filling up the DagBag from /home/ubuntu/air_venv/lib/python3.10/site-packages/airflow/example_dags/example_bash_operator.py
[2024-03-18T08:10:16.366+0000] {processor.py:840} INFO - DAG(s) 'example_bash_operator' retrieved from /home/ubuntu/air_venv/lib/python3.10/site-packages/airflow/example_dags/example_bash_operator.py
[2024-03-18T08:10:16.394+0000] {logging_mixin.py:188} INFO - [2024-03-18T08:10:16.394+0000] {dag.py:3047} INFO - Sync 1 DAGs
[2024-03-18T08:10:16.418+0000] {logging_mixin.py:188} INFO - [2024-03-18T08:10:16.418+0000] {dag.py:3834} INFO - Setting next_dagrun for example_bash_operator to 2024-03-17 00:00:00+00:00, run_after=2024-03-18 00:00:00+00:00
[2024-03-18T08:10:16.444+0000] {processor.py:183} INFO - Processing /home/ubuntu/air_venv/lib/python3.10/site-packages/airflow/example_dags/example_bash_operator.py took 0.100 seconds
[2024-03-18T08:11:15.704+0000] {processor.py:161} INFO - Started process (PID=8682) to work on /home/ubuntu/air_venv/lib/python3.10/site-packages/airflow/example_dags/example_bash_operator.py
[2024-03-18T08:11:15.706+0000] {processor.py:830} INFO - Processing file /home/ubuntu/air_venv/lib/python3.10/site-packages/airflow/example_dags/example_bash_operator.py for tasks to queue
[2024-03-18T08:11:15.707+0000] {logging_mixin.py:188} INFO - [2024-03-18T08:11:15.706+0000] {dagbag.py:540} INFO - Filling up the DagBag from /home/ubuntu/air_venv/lib/python3.10/site-packages/airflow/example_dags/example_bash_operator.py
[2024-03-18T08:11:15.720+0000] {processor.py:840} INFO - DAG(s) 'example_bash_operator' retrieved from /home/ubuntu/air_venv/lib/python3.10/site-packages/airflow/example_dags/example_bash_operator.py
[2024-03-18T08:11:15.747+0000] {logging_mixin.py:188} INFO - [2024-03-18T08:11:15.747+0000] {dag.py:3047} INFO - Sync 1 DAGs
[2024-03-18T08:11:15.770+0000] {logging_mixin.py:188} INFO - [2024-03-18T08:11:15.770+0000] {dag.py:3834} INFO - Setting next_dagrun for example_bash_operator to 2024-03-17 00:00:00+00:00, run_after=2024-03-18 00:00:00+00:00
[2024-03-18T08:11:15.795+0000] {processor.py:183} INFO - Processing /home/ubuntu/air_venv/lib/python3.10/site-packages/airflow/example_dags/example_bash_operator.py took 0.095 seconds
[2024-03-18T08:12:18.121+0000] {processor.py:161} INFO - Started process (PID=9010) to work on /home/ubuntu/air_venv/lib/python3.10/site-packages/airflow/example_dags/example_bash_operator.py
[2024-03-18T08:12:18.123+0000] {processor.py:830} INFO - Processing file /home/ubuntu/air_venv/lib/python3.10/site-packages/airflow/example_dags/example_bash_operator.py for tasks to queue
[2024-03-18T08:12:18.125+0000] {logging_mixin.py:188} INFO - [2024-03-18T08:12:18.124+0000] {dagbag.py:540} INFO - Filling up the DagBag from /home/ubuntu/air_venv/lib/python3.10/site-packages/airflow/example_dags/example_bash_operator.py
[2024-03-18T08:12:18.138+0000] {processor.py:840} INFO - DAG(s) 'example_bash_operator' retrieved from /home/ubuntu/air_venv/lib/python3.10/site-packages/airflow/example_dags/example_bash_operator.py
[2024-03-18T08:12:18.190+0000] {logging_mixin.py:188} INFO - [2024-03-18T08:12:18.190+0000] {dag.py:3047} INFO - Sync 1 DAGs
[2024-03-18T08:12:18.216+0000] {logging_mixin.py:188} INFO - [2024-03-18T08:12:18.215+0000] {dag.py:3834} INFO - Setting next_dagrun for example_bash_operator to 2024-03-17 00:00:00+00:00, run_after=2024-03-18 00:00:00+00:00
[2024-03-18T08:12:18.239+0000] {processor.py:183} INFO - Processing /home/ubuntu/air_venv/lib/python3.10/site-packages/airflow/example_dags/example_bash_operator.py took 0.121 seconds
[2024-03-18T08:13:24.387+0000] {processor.py:161} INFO - Started process (PID=9530) to work on /home/ubuntu/air_venv/lib/python3.10/site-packages/airflow/example_dags/example_bash_operator.py
[2024-03-18T08:13:24.389+0000] {processor.py:830} INFO - Processing file /home/ubuntu/air_venv/lib/python3.10/site-packages/airflow/example_dags/example_bash_operator.py for tasks to queue
[2024-03-18T08:13:24.390+0000] {logging_mixin.py:188} INFO - [2024-03-18T08:13:24.390+0000] {dagbag.py:540} INFO - Filling up the DagBag from /home/ubuntu/air_venv/lib/python3.10/site-packages/airflow/example_dags/example_bash_operator.py
[2024-03-18T08:13:24.405+0000] {processor.py:840} INFO - DAG(s) 'example_bash_operator' retrieved from /home/ubuntu/air_venv/lib/python3.10/site-packages/airflow/example_dags/example_bash_operator.py
[2024-03-18T08:13:24.433+0000] {logging_mixin.py:188} INFO - [2024-03-18T08:13:24.433+0000] {dag.py:3047} INFO - Sync 1 DAGs
[2024-03-18T08:13:24.457+0000] {logging_mixin.py:188} INFO - [2024-03-18T08:13:24.456+0000] {dag.py:3834} INFO - Setting next_dagrun for example_bash_operator to 2024-03-17 00:00:00+00:00, run_after=2024-03-18 00:00:00+00:00
[2024-03-18T08:13:24.482+0000] {processor.py:183} INFO - Processing /home/ubuntu/air_venv/lib/python3.10/site-packages/airflow/example_dags/example_bash_operator.py took 0.098 seconds
[2024-03-18T08:14:22.552+0000] {processor.py:161} INFO - Started process (PID=9770) to work on /home/ubuntu/air_venv/lib/python3.10/site-packages/airflow/example_dags/example_bash_operator.py
[2024-03-18T08:14:22.554+0000] {processor.py:830} INFO - Processing file /home/ubuntu/air_venv/lib/python3.10/site-packages/airflow/example_dags/example_bash_operator.py for tasks to queue
[2024-03-18T08:14:22.555+0000] {logging_mixin.py:188} INFO - [2024-03-18T08:14:22.555+0000] {dagbag.py:540} INFO - Filling up the DagBag from /home/ubuntu/air_venv/lib/python3.10/site-packages/airflow/example_dags/example_bash_operator.py
[2024-03-18T08:14:22.569+0000] {processor.py:840} INFO - DAG(s) 'example_bash_operator' retrieved from /home/ubuntu/air_venv/lib/python3.10/site-packages/airflow/example_dags/example_bash_operator.py
[2024-03-18T08:14:22.596+0000] {logging_mixin.py:188} INFO - [2024-03-18T08:14:22.595+0000] {dag.py:3047} INFO - Sync 1 DAGs
[2024-03-18T08:14:22.618+0000] {logging_mixin.py:188} INFO - [2024-03-18T08:14:22.618+0000] {dag.py:3834} INFO - Setting next_dagrun for example_bash_operator to 2024-03-17 00:00:00+00:00, run_after=2024-03-18 00:00:00+00:00
[2024-03-18T08:14:22.644+0000] {processor.py:183} INFO - Processing /home/ubuntu/air_venv/lib/python3.10/site-packages/airflow/example_dags/example_bash_operator.py took 0.095 seconds
[2024-03-18T08:15:43.277+0000] {processor.py:161} INFO - Started process (PID=10636) to work on /home/ubuntu/air_venv/lib/python3.10/site-packages/airflow/example_dags/example_bash_operator.py
[2024-03-18T08:15:43.279+0000] {processor.py:830} INFO - Processing file /home/ubuntu/air_venv/lib/python3.10/site-packages/airflow/example_dags/example_bash_operator.py for tasks to queue
[2024-03-18T08:15:43.280+0000] {logging_mixin.py:188} INFO - [2024-03-18T08:15:43.279+0000] {dagbag.py:540} INFO - Filling up the DagBag from /home/ubuntu/air_venv/lib/python3.10/site-packages/airflow/example_dags/example_bash_operator.py
[2024-03-18T08:15:43.295+0000] {processor.py:840} INFO - DAG(s) 'example_bash_operator' retrieved from /home/ubuntu/air_venv/lib/python3.10/site-packages/airflow/example_dags/example_bash_operator.py
[2024-03-18T08:15:43.321+0000] {logging_mixin.py:188} INFO - [2024-03-18T08:15:43.321+0000] {dag.py:3047} INFO - Sync 1 DAGs
[2024-03-18T08:15:43.345+0000] {logging_mixin.py:188} INFO - [2024-03-18T08:15:43.344+0000] {dag.py:3834} INFO - Setting next_dagrun for example_bash_operator to 2024-03-17 00:00:00+00:00, run_after=2024-03-18 00:00:00+00:00
[2024-03-18T08:15:43.369+0000] {processor.py:183} INFO - Processing /home/ubuntu/air_venv/lib/python3.10/site-packages/airflow/example_dags/example_bash_operator.py took 0.096 seconds
[2024-03-18T08:16:56.292+0000] {processor.py:161} INFO - Started process (PID=11546) to work on /home/ubuntu/air_venv/lib/python3.10/site-packages/airflow/example_dags/example_bash_operator.py
[2024-03-18T08:16:56.294+0000] {processor.py:830} INFO - Processing file /home/ubuntu/air_venv/lib/python3.10/site-packages/airflow/example_dags/example_bash_operator.py for tasks to queue
[2024-03-18T08:16:56.295+0000] {logging_mixin.py:188} INFO - [2024-03-18T08:16:56.295+0000] {dagbag.py:540} INFO - Filling up the DagBag from /home/ubuntu/air_venv/lib/python3.10/site-packages/airflow/example_dags/example_bash_operator.py
[2024-03-18T08:16:56.309+0000] {processor.py:840} INFO - DAG(s) 'example_bash_operator' retrieved from /home/ubuntu/air_venv/lib/python3.10/site-packages/airflow/example_dags/example_bash_operator.py
[2024-03-18T08:16:56.336+0000] {logging_mixin.py:188} INFO - [2024-03-18T08:16:56.336+0000] {dag.py:3047} INFO - Sync 1 DAGs
[2024-03-18T08:16:56.358+0000] {logging_mixin.py:188} INFO - [2024-03-18T08:16:56.358+0000] {dag.py:3834} INFO - Setting next_dagrun for example_bash_operator to 2024-03-17 00:00:00+00:00, run_after=2024-03-18 00:00:00+00:00
[2024-03-18T08:16:56.384+0000] {processor.py:183} INFO - Processing /home/ubuntu/air_venv/lib/python3.10/site-packages/airflow/example_dags/example_bash_operator.py took 0.095 seconds
[2024-03-18T08:18:29.328+0000] {processor.py:161} INFO - Started process (PID=12481) to work on /home/ubuntu/air_venv/lib/python3.10/site-packages/airflow/example_dags/example_bash_operator.py
[2024-03-18T08:18:29.330+0000] {processor.py:830} INFO - Processing file /home/ubuntu/air_venv/lib/python3.10/site-packages/airflow/example_dags/example_bash_operator.py for tasks to queue
[2024-03-18T08:18:29.331+0000] {logging_mixin.py:188} INFO - [2024-03-18T08:18:29.330+0000] {dagbag.py:540} INFO - Filling up the DagBag from /home/ubuntu/air_venv/lib/python3.10/site-packages/airflow/example_dags/example_bash_operator.py
[2024-03-18T08:18:29.344+0000] {processor.py:840} INFO - DAG(s) 'example_bash_operator' retrieved from /home/ubuntu/air_venv/lib/python3.10/site-packages/airflow/example_dags/example_bash_operator.py
[2024-03-18T08:18:29.372+0000] {logging_mixin.py:188} INFO - [2024-03-18T08:18:29.372+0000] {dag.py:3047} INFO - Sync 1 DAGs
[2024-03-18T08:18:29.396+0000] {logging_mixin.py:188} INFO - [2024-03-18T08:18:29.395+0000] {dag.py:3834} INFO - Setting next_dagrun for example_bash_operator to 2024-03-17 00:00:00+00:00, run_after=2024-03-18 00:00:00+00:00
[2024-03-18T08:18:29.420+0000] {processor.py:183} INFO - Processing /home/ubuntu/air_venv/lib/python3.10/site-packages/airflow/example_dags/example_bash_operator.py took 0.097 seconds
[2024-03-18T08:19:46.588+0000] {processor.py:161} INFO - Started process (PID=12974) to work on /home/ubuntu/air_venv/lib/python3.10/site-packages/airflow/example_dags/example_bash_operator.py
[2024-03-18T08:19:46.590+0000] {processor.py:830} INFO - Processing file /home/ubuntu/air_venv/lib/python3.10/site-packages/airflow/example_dags/example_bash_operator.py for tasks to queue
[2024-03-18T08:19:46.591+0000] {logging_mixin.py:188} INFO - [2024-03-18T08:19:46.591+0000] {dagbag.py:540} INFO - Filling up the DagBag from /home/ubuntu/air_venv/lib/python3.10/site-packages/airflow/example_dags/example_bash_operator.py
[2024-03-18T08:19:46.605+0000] {processor.py:840} INFO - DAG(s) 'example_bash_operator' retrieved from /home/ubuntu/air_venv/lib/python3.10/site-packages/airflow/example_dags/example_bash_operator.py
[2024-03-18T08:19:46.632+0000] {logging_mixin.py:188} INFO - [2024-03-18T08:19:46.632+0000] {dag.py:3047} INFO - Sync 1 DAGs
[2024-03-18T08:19:46.656+0000] {logging_mixin.py:188} INFO - [2024-03-18T08:19:46.655+0000] {dag.py:3834} INFO - Setting next_dagrun for example_bash_operator to 2024-03-17 00:00:00+00:00, run_after=2024-03-18 00:00:00+00:00
[2024-03-18T08:19:46.681+0000] {processor.py:183} INFO - Processing /home/ubuntu/air_venv/lib/python3.10/site-packages/airflow/example_dags/example_bash_operator.py took 0.097 seconds
[2024-03-18T08:20:42.484+0000] {processor.py:161} INFO - Started process (PID=13327) to work on /home/ubuntu/air_venv/lib/python3.10/site-packages/airflow/example_dags/example_bash_operator.py
[2024-03-18T08:20:42.486+0000] {processor.py:830} INFO - Processing file /home/ubuntu/air_venv/lib/python3.10/site-packages/airflow/example_dags/example_bash_operator.py for tasks to queue
[2024-03-18T08:20:42.487+0000] {logging_mixin.py:188} INFO - [2024-03-18T08:20:42.486+0000] {dagbag.py:540} INFO - Filling up the DagBag from /home/ubuntu/air_venv/lib/python3.10/site-packages/airflow/example_dags/example_bash_operator.py
[2024-03-18T08:20:42.501+0000] {processor.py:840} INFO - DAG(s) 'example_bash_operator' retrieved from /home/ubuntu/air_venv/lib/python3.10/site-packages/airflow/example_dags/example_bash_operator.py
[2024-03-18T08:20:42.527+0000] {logging_mixin.py:188} INFO - [2024-03-18T08:20:42.527+0000] {dag.py:3047} INFO - Sync 1 DAGs
[2024-03-18T08:20:42.550+0000] {logging_mixin.py:188} INFO - [2024-03-18T08:20:42.549+0000] {dag.py:3834} INFO - Setting next_dagrun for example_bash_operator to 2024-03-17 00:00:00+00:00, run_after=2024-03-18 00:00:00+00:00
[2024-03-18T08:20:42.574+0000] {processor.py:183} INFO - Processing /home/ubuntu/air_venv/lib/python3.10/site-packages/airflow/example_dags/example_bash_operator.py took 0.094 seconds
[2024-03-18T08:21:44.733+0000] {processor.py:161} INFO - Started process (PID=13713) to work on /home/ubuntu/air_venv/lib/python3.10/site-packages/airflow/example_dags/example_bash_operator.py
[2024-03-18T08:21:44.735+0000] {processor.py:830} INFO - Processing file /home/ubuntu/air_venv/lib/python3.10/site-packages/airflow/example_dags/example_bash_operator.py for tasks to queue
[2024-03-18T08:21:44.736+0000] {logging_mixin.py:188} INFO - [2024-03-18T08:21:44.735+0000] {dagbag.py:540} INFO - Filling up the DagBag from /home/ubuntu/air_venv/lib/python3.10/site-packages/airflow/example_dags/example_bash_operator.py
[2024-03-18T08:21:44.750+0000] {processor.py:840} INFO - DAG(s) 'example_bash_operator' retrieved from /home/ubuntu/air_venv/lib/python3.10/site-packages/airflow/example_dags/example_bash_operator.py
[2024-03-18T08:21:44.777+0000] {logging_mixin.py:188} INFO - [2024-03-18T08:21:44.777+0000] {dag.py:3047} INFO - Sync 1 DAGs
[2024-03-18T08:21:44.801+0000] {logging_mixin.py:188} INFO - [2024-03-18T08:21:44.800+0000] {dag.py:3834} INFO - Setting next_dagrun for example_bash_operator to 2024-03-17 00:00:00+00:00, run_after=2024-03-18 00:00:00+00:00
[2024-03-18T08:21:44.825+0000] {processor.py:183} INFO - Processing /home/ubuntu/air_venv/lib/python3.10/site-packages/airflow/example_dags/example_bash_operator.py took 0.095 seconds
[2024-03-18T08:22:43.239+0000] {processor.py:161} INFO - Started process (PID=13992) to work on /home/ubuntu/air_venv/lib/python3.10/site-packages/airflow/example_dags/example_bash_operator.py
[2024-03-18T08:22:43.241+0000] {processor.py:830} INFO - Processing file /home/ubuntu/air_venv/lib/python3.10/site-packages/airflow/example_dags/example_bash_operator.py for tasks to queue
[2024-03-18T08:22:43.242+0000] {logging_mixin.py:188} INFO - [2024-03-18T08:22:43.242+0000] {dagbag.py:540} INFO - Filling up the DagBag from /home/ubuntu/air_venv/lib/python3.10/site-packages/airflow/example_dags/example_bash_operator.py
[2024-03-18T08:22:43.256+0000] {processor.py:840} INFO - DAG(s) 'example_bash_operator' retrieved from /home/ubuntu/air_venv/lib/python3.10/site-packages/airflow/example_dags/example_bash_operator.py
[2024-03-18T08:22:43.283+0000] {logging_mixin.py:188} INFO - [2024-03-18T08:22:43.283+0000] {dag.py:3047} INFO - Sync 1 DAGs
[2024-03-18T08:22:43.310+0000] {logging_mixin.py:188} INFO - [2024-03-18T08:22:43.309+0000] {dag.py:3834} INFO - Setting next_dagrun for example_bash_operator to 2024-03-17 00:00:00+00:00, run_after=2024-03-18 00:00:00+00:00
[2024-03-18T08:22:43.358+0000] {processor.py:183} INFO - Processing /home/ubuntu/air_venv/lib/python3.10/site-packages/airflow/example_dags/example_bash_operator.py took 0.123 seconds
[2024-03-18T08:23:41.764+0000] {processor.py:161} INFO - Started process (PID=14520) to work on /home/ubuntu/air_venv/lib/python3.10/site-packages/airflow/example_dags/example_bash_operator.py
[2024-03-18T08:23:41.766+0000] {processor.py:830} INFO - Processing file /home/ubuntu/air_venv/lib/python3.10/site-packages/airflow/example_dags/example_bash_operator.py for tasks to queue
[2024-03-18T08:23:41.767+0000] {logging_mixin.py:188} INFO - [2024-03-18T08:23:41.766+0000] {dagbag.py:540} INFO - Filling up the DagBag from /home/ubuntu/air_venv/lib/python3.10/site-packages/airflow/example_dags/example_bash_operator.py
[2024-03-18T08:23:41.781+0000] {processor.py:840} INFO - DAG(s) 'example_bash_operator' retrieved from /home/ubuntu/air_venv/lib/python3.10/site-packages/airflow/example_dags/example_bash_operator.py
[2024-03-18T08:23:41.809+0000] {logging_mixin.py:188} INFO - [2024-03-18T08:23:41.809+0000] {dag.py:3047} INFO - Sync 1 DAGs
[2024-03-18T08:23:41.831+0000] {logging_mixin.py:188} INFO - [2024-03-18T08:23:41.831+0000] {dag.py:3834} INFO - Setting next_dagrun for example_bash_operator to 2024-03-17 00:00:00+00:00, run_after=2024-03-18 00:00:00+00:00
[2024-03-18T08:23:41.856+0000] {processor.py:183} INFO - Processing /home/ubuntu/air_venv/lib/python3.10/site-packages/airflow/example_dags/example_bash_operator.py took 0.095 seconds
[2024-03-18T08:24:40.447+0000] {processor.py:161} INFO - Started process (PID=14965) to work on /home/ubuntu/air_venv/lib/python3.10/site-packages/airflow/example_dags/example_bash_operator.py
[2024-03-18T08:24:40.449+0000] {processor.py:830} INFO - Processing file /home/ubuntu/air_venv/lib/python3.10/site-packages/airflow/example_dags/example_bash_operator.py for tasks to queue
[2024-03-18T08:24:40.451+0000] {logging_mixin.py:188} INFO - [2024-03-18T08:24:40.450+0000] {dagbag.py:540} INFO - Filling up the DagBag from /home/ubuntu/air_venv/lib/python3.10/site-packages/airflow/example_dags/example_bash_operator.py
[2024-03-18T08:24:40.464+0000] {processor.py:840} INFO - DAG(s) 'example_bash_operator' retrieved from /home/ubuntu/air_venv/lib/python3.10/site-packages/airflow/example_dags/example_bash_operator.py
[2024-03-18T08:24:40.491+0000] {logging_mixin.py:188} INFO - [2024-03-18T08:24:40.491+0000] {dag.py:3047} INFO - Sync 1 DAGs
[2024-03-18T08:24:40.517+0000] {logging_mixin.py:188} INFO - [2024-03-18T08:24:40.517+0000] {dag.py:3834} INFO - Setting next_dagrun for example_bash_operator to 2024-03-17 00:00:00+00:00, run_after=2024-03-18 00:00:00+00:00
[2024-03-18T08:24:40.551+0000] {processor.py:183} INFO - Processing /home/ubuntu/air_venv/lib/python3.10/site-packages/airflow/example_dags/example_bash_operator.py took 0.107 seconds
[2024-03-18T08:25:46.088+0000] {processor.py:161} INFO - Started process (PID=15364) to work on /home/ubuntu/air_venv/lib/python3.10/site-packages/airflow/example_dags/example_bash_operator.py
[2024-03-18T08:25:46.090+0000] {processor.py:830} INFO - Processing file /home/ubuntu/air_venv/lib/python3.10/site-packages/airflow/example_dags/example_bash_operator.py for tasks to queue
[2024-03-18T08:25:46.091+0000] {logging_mixin.py:188} INFO - [2024-03-18T08:25:46.091+0000] {dagbag.py:540} INFO - Filling up the DagBag from /home/ubuntu/air_venv/lib/python3.10/site-packages/airflow/example_dags/example_bash_operator.py
[2024-03-18T08:25:46.105+0000] {processor.py:840} INFO - DAG(s) 'example_bash_operator' retrieved from /home/ubuntu/air_venv/lib/python3.10/site-packages/airflow/example_dags/example_bash_operator.py
[2024-03-18T08:25:46.132+0000] {logging_mixin.py:188} INFO - [2024-03-18T08:25:46.132+0000] {dag.py:3047} INFO - Sync 1 DAGs
[2024-03-18T08:25:46.155+0000] {logging_mixin.py:188} INFO - [2024-03-18T08:25:46.155+0000] {dag.py:3834} INFO - Setting next_dagrun for example_bash_operator to 2024-03-17 00:00:00+00:00, run_after=2024-03-18 00:00:00+00:00
[2024-03-18T08:25:46.179+0000] {processor.py:183} INFO - Processing /home/ubuntu/air_venv/lib/python3.10/site-packages/airflow/example_dags/example_bash_operator.py took 0.094 seconds
[2024-03-18T08:26:46.768+0000] {processor.py:161} INFO - Started process (PID=15484) to work on /home/ubuntu/air_venv/lib/python3.10/site-packages/airflow/example_dags/example_bash_operator.py
[2024-03-18T08:26:46.770+0000] {processor.py:830} INFO - Processing file /home/ubuntu/air_venv/lib/python3.10/site-packages/airflow/example_dags/example_bash_operator.py for tasks to queue
[2024-03-18T08:26:46.771+0000] {logging_mixin.py:188} INFO - [2024-03-18T08:26:46.770+0000] {dagbag.py:540} INFO - Filling up the DagBag from /home/ubuntu/air_venv/lib/python3.10/site-packages/airflow/example_dags/example_bash_operator.py
[2024-03-18T08:26:46.785+0000] {processor.py:840} INFO - DAG(s) 'example_bash_operator' retrieved from /home/ubuntu/air_venv/lib/python3.10/site-packages/airflow/example_dags/example_bash_operator.py
[2024-03-18T08:26:46.812+0000] {logging_mixin.py:188} INFO - [2024-03-18T08:26:46.811+0000] {dag.py:3047} INFO - Sync 1 DAGs
[2024-03-18T08:26:46.836+0000] {logging_mixin.py:188} INFO - [2024-03-18T08:26:46.835+0000] {dag.py:3834} INFO - Setting next_dagrun for example_bash_operator to 2024-03-17 00:00:00+00:00, run_after=2024-03-18 00:00:00+00:00
[2024-03-18T08:26:46.861+0000] {processor.py:183} INFO - Processing /home/ubuntu/air_venv/lib/python3.10/site-packages/airflow/example_dags/example_bash_operator.py took 0.097 seconds
[2024-03-18T08:27:48.432+0000] {processor.py:161} INFO - Started process (PID=15605) to work on /home/ubuntu/air_venv/lib/python3.10/site-packages/airflow/example_dags/example_bash_operator.py
[2024-03-18T08:27:48.435+0000] {processor.py:830} INFO - Processing file /home/ubuntu/air_venv/lib/python3.10/site-packages/airflow/example_dags/example_bash_operator.py for tasks to queue
[2024-03-18T08:27:48.436+0000] {logging_mixin.py:188} INFO - [2024-03-18T08:27:48.435+0000] {dagbag.py:540} INFO - Filling up the DagBag from /home/ubuntu/air_venv/lib/python3.10/site-packages/airflow/example_dags/example_bash_operator.py
[2024-03-18T08:27:48.449+0000] {processor.py:840} INFO - DAG(s) 'example_bash_operator' retrieved from /home/ubuntu/air_venv/lib/python3.10/site-packages/airflow/example_dags/example_bash_operator.py
[2024-03-18T08:27:48.476+0000] {logging_mixin.py:188} INFO - [2024-03-18T08:27:48.476+0000] {dag.py:3047} INFO - Sync 1 DAGs
[2024-03-18T08:27:48.499+0000] {logging_mixin.py:188} INFO - [2024-03-18T08:27:48.498+0000] {dag.py:3834} INFO - Setting next_dagrun for example_bash_operator to 2024-03-17 00:00:00+00:00, run_after=2024-03-18 00:00:00+00:00
[2024-03-18T08:27:48.524+0000] {processor.py:183} INFO - Processing /home/ubuntu/air_venv/lib/python3.10/site-packages/airflow/example_dags/example_bash_operator.py took 0.095 seconds
[2024-03-18T08:28:52.100+0000] {processor.py:161} INFO - Started process (PID=15727) to work on /home/ubuntu/air_venv/lib/python3.10/site-packages/airflow/example_dags/example_bash_operator.py
[2024-03-18T08:28:52.102+0000] {processor.py:830} INFO - Processing file /home/ubuntu/air_venv/lib/python3.10/site-packages/airflow/example_dags/example_bash_operator.py for tasks to queue
[2024-03-18T08:28:52.103+0000] {logging_mixin.py:188} INFO - [2024-03-18T08:28:52.103+0000] {dagbag.py:540} INFO - Filling up the DagBag from /home/ubuntu/air_venv/lib/python3.10/site-packages/airflow/example_dags/example_bash_operator.py
[2024-03-18T08:28:52.117+0000] {processor.py:840} INFO - DAG(s) 'example_bash_operator' retrieved from /home/ubuntu/air_venv/lib/python3.10/site-packages/airflow/example_dags/example_bash_operator.py
[2024-03-18T08:28:52.144+0000] {logging_mixin.py:188} INFO - [2024-03-18T08:28:52.144+0000] {dag.py:3047} INFO - Sync 1 DAGs
[2024-03-18T08:28:52.167+0000] {logging_mixin.py:188} INFO - [2024-03-18T08:28:52.167+0000] {dag.py:3834} INFO - Setting next_dagrun for example_bash_operator to 2024-03-17 00:00:00+00:00, run_after=2024-03-18 00:00:00+00:00
[2024-03-18T08:28:52.190+0000] {processor.py:183} INFO - Processing /home/ubuntu/air_venv/lib/python3.10/site-packages/airflow/example_dags/example_bash_operator.py took 0.094 seconds
