[2024-03-18T08:00:35.129+0000] {processor.py:161} INFO - Started process (PID=3118) to work on /home/ubuntu/air_venv/lib/python3.10/site-packages/airflow/example_dags/example_datasets.py
[2024-03-18T08:00:35.131+0000] {processor.py:830} INFO - Processing file /home/ubuntu/air_venv/lib/python3.10/site-packages/airflow/example_dags/example_datasets.py for tasks to queue
[2024-03-18T08:00:35.132+0000] {logging_mixin.py:188} INFO - [2024-03-18T08:00:35.131+0000] {dagbag.py:540} INFO - Filling up the DagBag from /home/ubuntu/air_venv/lib/python3.10/site-packages/airflow/example_dags/example_datasets.py
[2024-03-18T08:00:35.143+0000] {processor.py:840} INFO - DAG(s) 'dataset_consumes_1_never_scheduled', 'dataset_produces_1', 'dataset_produces_2', 'dataset_consumes_1', 'dataset_consumes_1_and_2', 'dataset_consumes_unknown_never_scheduled' retrieved from /home/ubuntu/air_venv/lib/python3.10/site-packages/airflow/example_dags/example_datasets.py
[2024-03-18T08:00:35.259+0000] {logging_mixin.py:188} INFO - [2024-03-18T08:00:35.259+0000] {override.py:1769} INFO - Created Permission View: can edit on DAG:dataset_consumes_1_never_scheduled
[2024-03-18T08:00:35.281+0000] {logging_mixin.py:188} INFO - [2024-03-18T08:00:35.281+0000] {override.py:1769} INFO - Created Permission View: can delete on DAG:dataset_consumes_1_never_scheduled
[2024-03-18T08:00:35.293+0000] {logging_mixin.py:188} INFO - [2024-03-18T08:00:35.293+0000] {override.py:1769} INFO - Created Permission View: can read on DAG:dataset_consumes_1_never_scheduled
[2024-03-18T08:00:35.318+0000] {logging_mixin.py:188} INFO - [2024-03-18T08:00:35.317+0000] {override.py:1769} INFO - Created Permission View: can edit on DAG:dataset_produces_1
[2024-03-18T08:00:35.331+0000] {logging_mixin.py:188} INFO - [2024-03-18T08:00:35.331+0000] {override.py:1769} INFO - Created Permission View: can delete on DAG:dataset_produces_1
[2024-03-18T08:00:35.343+0000] {logging_mixin.py:188} INFO - [2024-03-18T08:00:35.343+0000] {override.py:1769} INFO - Created Permission View: can read on DAG:dataset_produces_1
[2024-03-18T08:00:35.370+0000] {logging_mixin.py:188} INFO - [2024-03-18T08:00:35.370+0000] {override.py:1769} INFO - Created Permission View: can edit on DAG:dataset_produces_2
[2024-03-18T08:00:35.383+0000] {logging_mixin.py:188} INFO - [2024-03-18T08:00:35.383+0000] {override.py:1769} INFO - Created Permission View: can delete on DAG:dataset_produces_2
[2024-03-18T08:00:35.395+0000] {logging_mixin.py:188} INFO - [2024-03-18T08:00:35.394+0000] {override.py:1769} INFO - Created Permission View: can read on DAG:dataset_produces_2
[2024-03-18T08:00:35.420+0000] {logging_mixin.py:188} INFO - [2024-03-18T08:00:35.419+0000] {override.py:1769} INFO - Created Permission View: can edit on DAG:dataset_consumes_1
[2024-03-18T08:00:35.434+0000] {logging_mixin.py:188} INFO - [2024-03-18T08:00:35.433+0000] {override.py:1769} INFO - Created Permission View: can delete on DAG:dataset_consumes_1
[2024-03-18T08:00:35.448+0000] {logging_mixin.py:188} INFO - [2024-03-18T08:00:35.447+0000] {override.py:1769} INFO - Created Permission View: can read on DAG:dataset_consumes_1
[2024-03-18T08:00:35.477+0000] {logging_mixin.py:188} INFO - [2024-03-18T08:00:35.476+0000] {override.py:1769} INFO - Created Permission View: can edit on DAG:dataset_consumes_1_and_2
[2024-03-18T08:00:35.494+0000] {logging_mixin.py:188} INFO - [2024-03-18T08:00:35.489+0000] {override.py:1769} INFO - Created Permission View: can delete on DAG:dataset_consumes_1_and_2
[2024-03-18T08:00:35.511+0000] {logging_mixin.py:188} INFO - [2024-03-18T08:00:35.511+0000] {override.py:1769} INFO - Created Permission View: can read on DAG:dataset_consumes_1_and_2
[2024-03-18T08:00:35.542+0000] {logging_mixin.py:188} INFO - [2024-03-18T08:00:35.541+0000] {override.py:1769} INFO - Created Permission View: can edit on DAG:dataset_consumes_unknown_never_scheduled
[2024-03-18T08:00:35.554+0000] {logging_mixin.py:188} INFO - [2024-03-18T08:00:35.554+0000] {override.py:1769} INFO - Created Permission View: can delete on DAG:dataset_consumes_unknown_never_scheduled
[2024-03-18T08:00:35.566+0000] {logging_mixin.py:188} INFO - [2024-03-18T08:00:35.566+0000] {override.py:1769} INFO - Created Permission View: can read on DAG:dataset_consumes_unknown_never_scheduled
[2024-03-18T08:00:35.567+0000] {logging_mixin.py:188} INFO - [2024-03-18T08:00:35.566+0000] {dag.py:3047} INFO - Sync 6 DAGs
[2024-03-18T08:00:35.723+0000] {logging_mixin.py:188} INFO - [2024-03-18T08:00:35.723+0000] {dag.py:3069} INFO - Creating ORM DAG for dataset_consumes_unknown_never_scheduled
[2024-03-18T08:00:35.724+0000] {logging_mixin.py:188} INFO - [2024-03-18T08:00:35.724+0000] {dag.py:3069} INFO - Creating ORM DAG for dataset_consumes_1_never_scheduled
[2024-03-18T08:00:35.725+0000] {logging_mixin.py:188} INFO - [2024-03-18T08:00:35.725+0000] {dag.py:3069} INFO - Creating ORM DAG for dataset_produces_1
[2024-03-18T08:00:35.726+0000] {logging_mixin.py:188} INFO - [2024-03-18T08:00:35.726+0000] {dag.py:3069} INFO - Creating ORM DAG for dataset_consumes_1
[2024-03-18T08:00:35.727+0000] {logging_mixin.py:188} INFO - [2024-03-18T08:00:35.726+0000] {dag.py:3069} INFO - Creating ORM DAG for dataset_consumes_1_and_2
[2024-03-18T08:00:35.727+0000] {logging_mixin.py:188} INFO - [2024-03-18T08:00:35.727+0000] {dag.py:3069} INFO - Creating ORM DAG for dataset_produces_2
[2024-03-18T08:00:35.736+0000] {logging_mixin.py:188} INFO - [2024-03-18T08:00:35.736+0000] {dag.py:3834} INFO - Setting next_dagrun for dataset_consumes_1 to None, run_after=None
[2024-03-18T08:00:35.737+0000] {logging_mixin.py:188} INFO - [2024-03-18T08:00:35.737+0000] {dag.py:3834} INFO - Setting next_dagrun for dataset_consumes_1_and_2 to None, run_after=None
[2024-03-18T08:00:35.737+0000] {logging_mixin.py:188} INFO - [2024-03-18T08:00:35.737+0000] {dag.py:3834} INFO - Setting next_dagrun for dataset_consumes_1_never_scheduled to None, run_after=None
[2024-03-18T08:00:35.738+0000] {logging_mixin.py:188} INFO - [2024-03-18T08:00:35.738+0000] {dag.py:3834} INFO - Setting next_dagrun for dataset_consumes_unknown_never_scheduled to None, run_after=None
[2024-03-18T08:00:35.741+0000] {logging_mixin.py:188} INFO - [2024-03-18T08:00:35.741+0000] {dag.py:3834} INFO - Setting next_dagrun for dataset_produces_1 to 2024-03-17 00:00:00+00:00, run_after=2024-03-18 00:00:00+00:00
[2024-03-18T08:00:35.742+0000] {logging_mixin.py:188} INFO - [2024-03-18T08:00:35.741+0000] {dag.py:3834} INFO - Setting next_dagrun for dataset_produces_2 to None, run_after=None
[2024-03-18T08:00:35.783+0000] {processor.py:183} INFO - Processing /home/ubuntu/air_venv/lib/python3.10/site-packages/airflow/example_dags/example_datasets.py took 0.657 seconds
[2024-03-18T08:01:27.372+0000] {processor.py:161} INFO - Started process (PID=3591) to work on /home/ubuntu/air_venv/lib/python3.10/site-packages/airflow/example_dags/example_datasets.py
[2024-03-18T08:01:27.374+0000] {processor.py:830} INFO - Processing file /home/ubuntu/air_venv/lib/python3.10/site-packages/airflow/example_dags/example_datasets.py for tasks to queue
[2024-03-18T08:01:27.375+0000] {logging_mixin.py:188} INFO - [2024-03-18T08:01:27.374+0000] {dagbag.py:540} INFO - Filling up the DagBag from /home/ubuntu/air_venv/lib/python3.10/site-packages/airflow/example_dags/example_datasets.py
[2024-03-18T08:01:27.386+0000] {processor.py:840} INFO - DAG(s) 'dataset_produces_2', 'dataset_consumes_1_never_scheduled', 'dataset_consumes_1_and_2', 'dataset_consumes_1', 'dataset_produces_1', 'dataset_consumes_unknown_never_scheduled' retrieved from /home/ubuntu/air_venv/lib/python3.10/site-packages/airflow/example_dags/example_datasets.py
[2024-03-18T08:01:27.416+0000] {logging_mixin.py:188} INFO - [2024-03-18T08:01:27.416+0000] {dag.py:3047} INFO - Sync 6 DAGs
[2024-03-18T08:01:27.439+0000] {logging_mixin.py:188} INFO - [2024-03-18T08:01:27.438+0000] {dag.py:3834} INFO - Setting next_dagrun for dataset_consumes_1 to None, run_after=None
[2024-03-18T08:01:27.442+0000] {logging_mixin.py:188} INFO - [2024-03-18T08:01:27.442+0000] {dag.py:3834} INFO - Setting next_dagrun for dataset_consumes_1_and_2 to None, run_after=None
[2024-03-18T08:01:27.444+0000] {logging_mixin.py:188} INFO - [2024-03-18T08:01:27.443+0000] {dag.py:3834} INFO - Setting next_dagrun for dataset_consumes_1_never_scheduled to None, run_after=None
[2024-03-18T08:01:27.445+0000] {logging_mixin.py:188} INFO - [2024-03-18T08:01:27.444+0000] {dag.py:3834} INFO - Setting next_dagrun for dataset_consumes_unknown_never_scheduled to None, run_after=None
[2024-03-18T08:01:27.448+0000] {logging_mixin.py:188} INFO - [2024-03-18T08:01:27.448+0000] {dag.py:3834} INFO - Setting next_dagrun for dataset_produces_1 to 2024-03-17 00:00:00+00:00, run_after=2024-03-18 00:00:00+00:00
[2024-03-18T08:01:27.450+0000] {logging_mixin.py:188} INFO - [2024-03-18T08:01:27.449+0000] {dag.py:3834} INFO - Setting next_dagrun for dataset_produces_2 to None, run_after=None
[2024-03-18T08:01:27.629+0000] {processor.py:183} INFO - Processing /home/ubuntu/air_venv/lib/python3.10/site-packages/airflow/example_dags/example_datasets.py took 0.260 seconds
[2024-03-18T08:02:47.570+0000] {processor.py:161} INFO - Started process (PID=4286) to work on /home/ubuntu/air_venv/lib/python3.10/site-packages/airflow/example_dags/example_datasets.py
[2024-03-18T08:02:47.572+0000] {processor.py:830} INFO - Processing file /home/ubuntu/air_venv/lib/python3.10/site-packages/airflow/example_dags/example_datasets.py for tasks to queue
[2024-03-18T08:02:47.573+0000] {logging_mixin.py:188} INFO - [2024-03-18T08:02:47.573+0000] {dagbag.py:540} INFO - Filling up the DagBag from /home/ubuntu/air_venv/lib/python3.10/site-packages/airflow/example_dags/example_datasets.py
[2024-03-18T08:02:47.791+0000] {processor.py:840} INFO - DAG(s) 'dataset_consumes_1_and_2', 'dataset_consumes_unknown_never_scheduled', 'dataset_produces_1', 'dataset_produces_2', 'dataset_consumes_1', 'dataset_consumes_1_never_scheduled' retrieved from /home/ubuntu/air_venv/lib/python3.10/site-packages/airflow/example_dags/example_datasets.py
[2024-03-18T08:02:47.845+0000] {logging_mixin.py:188} INFO - [2024-03-18T08:02:47.844+0000] {dag.py:3047} INFO - Sync 6 DAGs
[2024-03-18T08:02:47.866+0000] {logging_mixin.py:188} INFO - [2024-03-18T08:02:47.865+0000] {dag.py:3834} INFO - Setting next_dagrun for dataset_consumes_1 to None, run_after=None
[2024-03-18T08:02:47.869+0000] {logging_mixin.py:188} INFO - [2024-03-18T08:02:47.869+0000] {dag.py:3834} INFO - Setting next_dagrun for dataset_consumes_1_and_2 to None, run_after=None
[2024-03-18T08:02:47.870+0000] {logging_mixin.py:188} INFO - [2024-03-18T08:02:47.870+0000] {dag.py:3834} INFO - Setting next_dagrun for dataset_consumes_1_never_scheduled to None, run_after=None
[2024-03-18T08:02:47.871+0000] {logging_mixin.py:188} INFO - [2024-03-18T08:02:47.871+0000] {dag.py:3834} INFO - Setting next_dagrun for dataset_consumes_unknown_never_scheduled to None, run_after=None
[2024-03-18T08:02:47.874+0000] {logging_mixin.py:188} INFO - [2024-03-18T08:02:47.874+0000] {dag.py:3834} INFO - Setting next_dagrun for dataset_produces_1 to 2024-03-17 00:00:00+00:00, run_after=2024-03-18 00:00:00+00:00
[2024-03-18T08:02:47.875+0000] {logging_mixin.py:188} INFO - [2024-03-18T08:02:47.875+0000] {dag.py:3834} INFO - Setting next_dagrun for dataset_produces_2 to None, run_after=None
[2024-03-18T08:02:47.952+0000] {processor.py:183} INFO - Processing /home/ubuntu/air_venv/lib/python3.10/site-packages/airflow/example_dags/example_datasets.py took 0.386 seconds
[2024-03-18T08:03:38.569+0000] {processor.py:161} INFO - Started process (PID=4552) to work on /home/ubuntu/air_venv/lib/python3.10/site-packages/airflow/example_dags/example_datasets.py
[2024-03-18T08:03:38.570+0000] {processor.py:830} INFO - Processing file /home/ubuntu/air_venv/lib/python3.10/site-packages/airflow/example_dags/example_datasets.py for tasks to queue
[2024-03-18T08:03:38.572+0000] {logging_mixin.py:188} INFO - [2024-03-18T08:03:38.571+0000] {dagbag.py:540} INFO - Filling up the DagBag from /home/ubuntu/air_venv/lib/python3.10/site-packages/airflow/example_dags/example_datasets.py
[2024-03-18T08:03:38.583+0000] {processor.py:840} INFO - DAG(s) 'dataset_consumes_1', 'dataset_produces_1', 'dataset_consumes_1_and_2', 'dataset_consumes_unknown_never_scheduled', 'dataset_produces_2', 'dataset_consumes_1_never_scheduled' retrieved from /home/ubuntu/air_venv/lib/python3.10/site-packages/airflow/example_dags/example_datasets.py
[2024-03-18T08:03:38.614+0000] {logging_mixin.py:188} INFO - [2024-03-18T08:03:38.613+0000] {dag.py:3047} INFO - Sync 6 DAGs
[2024-03-18T08:03:38.637+0000] {logging_mixin.py:188} INFO - [2024-03-18T08:03:38.637+0000] {dag.py:3834} INFO - Setting next_dagrun for dataset_consumes_1 to None, run_after=None
[2024-03-18T08:03:38.641+0000] {logging_mixin.py:188} INFO - [2024-03-18T08:03:38.640+0000] {dag.py:3834} INFO - Setting next_dagrun for dataset_consumes_1_and_2 to None, run_after=None
[2024-03-18T08:03:38.642+0000] {logging_mixin.py:188} INFO - [2024-03-18T08:03:38.642+0000] {dag.py:3834} INFO - Setting next_dagrun for dataset_consumes_1_never_scheduled to None, run_after=None
[2024-03-18T08:03:38.643+0000] {logging_mixin.py:188} INFO - [2024-03-18T08:03:38.643+0000] {dag.py:3834} INFO - Setting next_dagrun for dataset_consumes_unknown_never_scheduled to None, run_after=None
[2024-03-18T08:03:38.646+0000] {logging_mixin.py:188} INFO - [2024-03-18T08:03:38.646+0000] {dag.py:3834} INFO - Setting next_dagrun for dataset_produces_1 to 2024-03-17 00:00:00+00:00, run_after=2024-03-18 00:00:00+00:00
[2024-03-18T08:03:38.647+0000] {logging_mixin.py:188} INFO - [2024-03-18T08:03:38.647+0000] {dag.py:3834} INFO - Setting next_dagrun for dataset_produces_2 to None, run_after=None
[2024-03-18T08:03:38.680+0000] {processor.py:183} INFO - Processing /home/ubuntu/air_venv/lib/python3.10/site-packages/airflow/example_dags/example_datasets.py took 0.115 seconds
[2024-03-18T08:04:47.178+0000] {processor.py:161} INFO - Started process (PID=5227) to work on /home/ubuntu/air_venv/lib/python3.10/site-packages/airflow/example_dags/example_datasets.py
[2024-03-18T08:04:47.180+0000] {processor.py:830} INFO - Processing file /home/ubuntu/air_venv/lib/python3.10/site-packages/airflow/example_dags/example_datasets.py for tasks to queue
[2024-03-18T08:04:47.181+0000] {logging_mixin.py:188} INFO - [2024-03-18T08:04:47.181+0000] {dagbag.py:540} INFO - Filling up the DagBag from /home/ubuntu/air_venv/lib/python3.10/site-packages/airflow/example_dags/example_datasets.py
[2024-03-18T08:04:47.193+0000] {processor.py:840} INFO - DAG(s) 'dataset_consumes_1_never_scheduled', 'dataset_consumes_1_and_2', 'dataset_consumes_1', 'dataset_produces_1', 'dataset_consumes_unknown_never_scheduled', 'dataset_produces_2' retrieved from /home/ubuntu/air_venv/lib/python3.10/site-packages/airflow/example_dags/example_datasets.py
[2024-03-18T08:04:47.223+0000] {logging_mixin.py:188} INFO - [2024-03-18T08:04:47.222+0000] {dag.py:3047} INFO - Sync 6 DAGs
[2024-03-18T08:04:47.260+0000] {logging_mixin.py:188} INFO - [2024-03-18T08:04:47.260+0000] {dag.py:3834} INFO - Setting next_dagrun for dataset_consumes_1 to None, run_after=None
[2024-03-18T08:04:47.264+0000] {logging_mixin.py:188} INFO - [2024-03-18T08:04:47.264+0000] {dag.py:3834} INFO - Setting next_dagrun for dataset_consumes_1_and_2 to None, run_after=None
[2024-03-18T08:04:47.265+0000] {logging_mixin.py:188} INFO - [2024-03-18T08:04:47.265+0000] {dag.py:3834} INFO - Setting next_dagrun for dataset_consumes_1_never_scheduled to None, run_after=None
[2024-03-18T08:04:47.266+0000] {logging_mixin.py:188} INFO - [2024-03-18T08:04:47.266+0000] {dag.py:3834} INFO - Setting next_dagrun for dataset_consumes_unknown_never_scheduled to None, run_after=None
[2024-03-18T08:04:47.269+0000] {logging_mixin.py:188} INFO - [2024-03-18T08:04:47.269+0000] {dag.py:3834} INFO - Setting next_dagrun for dataset_produces_1 to 2024-03-17 00:00:00+00:00, run_after=2024-03-18 00:00:00+00:00
[2024-03-18T08:04:47.271+0000] {logging_mixin.py:188} INFO - [2024-03-18T08:04:47.270+0000] {dag.py:3834} INFO - Setting next_dagrun for dataset_produces_2 to None, run_after=None
[2024-03-18T08:04:47.307+0000] {processor.py:183} INFO - Processing /home/ubuntu/air_venv/lib/python3.10/site-packages/airflow/example_dags/example_datasets.py took 0.132 seconds
[2024-03-18T08:06:00.996+0000] {processor.py:161} INFO - Started process (PID=5958) to work on /home/ubuntu/air_venv/lib/python3.10/site-packages/airflow/example_dags/example_datasets.py
[2024-03-18T08:06:00.998+0000] {processor.py:830} INFO - Processing file /home/ubuntu/air_venv/lib/python3.10/site-packages/airflow/example_dags/example_datasets.py for tasks to queue
[2024-03-18T08:06:01.003+0000] {logging_mixin.py:188} INFO - [2024-03-18T08:06:00.998+0000] {dagbag.py:540} INFO - Filling up the DagBag from /home/ubuntu/air_venv/lib/python3.10/site-packages/airflow/example_dags/example_datasets.py
[2024-03-18T08:06:01.024+0000] {processor.py:840} INFO - DAG(s) 'dataset_consumes_unknown_never_scheduled', 'dataset_consumes_1_never_scheduled', 'dataset_produces_1', 'dataset_produces_2', 'dataset_consumes_1_and_2', 'dataset_consumes_1' retrieved from /home/ubuntu/air_venv/lib/python3.10/site-packages/airflow/example_dags/example_datasets.py
[2024-03-18T08:06:01.061+0000] {logging_mixin.py:188} INFO - [2024-03-18T08:06:01.060+0000] {dag.py:3047} INFO - Sync 6 DAGs
[2024-03-18T08:06:01.087+0000] {logging_mixin.py:188} INFO - [2024-03-18T08:06:01.086+0000] {dag.py:3834} INFO - Setting next_dagrun for dataset_consumes_1 to None, run_after=None
[2024-03-18T08:06:01.091+0000] {logging_mixin.py:188} INFO - [2024-03-18T08:06:01.091+0000] {dag.py:3834} INFO - Setting next_dagrun for dataset_consumes_1_and_2 to None, run_after=None
[2024-03-18T08:06:01.092+0000] {logging_mixin.py:188} INFO - [2024-03-18T08:06:01.092+0000] {dag.py:3834} INFO - Setting next_dagrun for dataset_consumes_1_never_scheduled to None, run_after=None
[2024-03-18T08:06:01.094+0000] {logging_mixin.py:188} INFO - [2024-03-18T08:06:01.093+0000] {dag.py:3834} INFO - Setting next_dagrun for dataset_consumes_unknown_never_scheduled to None, run_after=None
[2024-03-18T08:06:01.097+0000] {logging_mixin.py:188} INFO - [2024-03-18T08:06:01.096+0000] {dag.py:3834} INFO - Setting next_dagrun for dataset_produces_1 to 2024-03-17 00:00:00+00:00, run_after=2024-03-18 00:00:00+00:00
[2024-03-18T08:06:01.098+0000] {logging_mixin.py:188} INFO - [2024-03-18T08:06:01.098+0000] {dag.py:3834} INFO - Setting next_dagrun for dataset_produces_2 to None, run_after=None
[2024-03-18T08:06:01.137+0000] {processor.py:183} INFO - Processing /home/ubuntu/air_venv/lib/python3.10/site-packages/airflow/example_dags/example_datasets.py took 0.145 seconds
[2024-03-18T08:07:39.402+0000] {processor.py:161} INFO - Started process (PID=7138) to work on /home/ubuntu/air_venv/lib/python3.10/site-packages/airflow/example_dags/example_datasets.py
[2024-03-18T08:07:39.405+0000] {processor.py:830} INFO - Processing file /home/ubuntu/air_venv/lib/python3.10/site-packages/airflow/example_dags/example_datasets.py for tasks to queue
[2024-03-18T08:07:39.406+0000] {logging_mixin.py:188} INFO - [2024-03-18T08:07:39.405+0000] {dagbag.py:540} INFO - Filling up the DagBag from /home/ubuntu/air_venv/lib/python3.10/site-packages/airflow/example_dags/example_datasets.py
[2024-03-18T08:07:39.418+0000] {processor.py:840} INFO - DAG(s) 'dataset_consumes_1', 'dataset_consumes_unknown_never_scheduled', 'dataset_produces_1', 'dataset_consumes_1_never_scheduled', 'dataset_produces_2', 'dataset_consumes_1_and_2' retrieved from /home/ubuntu/air_venv/lib/python3.10/site-packages/airflow/example_dags/example_datasets.py
[2024-03-18T08:07:39.451+0000] {logging_mixin.py:188} INFO - [2024-03-18T08:07:39.451+0000] {dag.py:3047} INFO - Sync 6 DAGs
[2024-03-18T08:07:39.475+0000] {logging_mixin.py:188} INFO - [2024-03-18T08:07:39.475+0000] {dag.py:3834} INFO - Setting next_dagrun for dataset_consumes_1 to None, run_after=None
[2024-03-18T08:07:39.480+0000] {logging_mixin.py:188} INFO - [2024-03-18T08:07:39.479+0000] {dag.py:3834} INFO - Setting next_dagrun for dataset_consumes_1_and_2 to None, run_after=None
[2024-03-18T08:07:39.481+0000] {logging_mixin.py:188} INFO - [2024-03-18T08:07:39.481+0000] {dag.py:3834} INFO - Setting next_dagrun for dataset_consumes_1_never_scheduled to None, run_after=None
[2024-03-18T08:07:39.482+0000] {logging_mixin.py:188} INFO - [2024-03-18T08:07:39.482+0000] {dag.py:3834} INFO - Setting next_dagrun for dataset_consumes_unknown_never_scheduled to None, run_after=None
[2024-03-18T08:07:39.485+0000] {logging_mixin.py:188} INFO - [2024-03-18T08:07:39.485+0000] {dag.py:3834} INFO - Setting next_dagrun for dataset_produces_1 to 2024-03-17 00:00:00+00:00, run_after=2024-03-18 00:00:00+00:00
[2024-03-18T08:07:39.487+0000] {logging_mixin.py:188} INFO - [2024-03-18T08:07:39.487+0000] {dag.py:3834} INFO - Setting next_dagrun for dataset_produces_2 to None, run_after=None
[2024-03-18T08:07:39.523+0000] {processor.py:183} INFO - Processing /home/ubuntu/air_venv/lib/python3.10/site-packages/airflow/example_dags/example_datasets.py took 0.124 seconds
[2024-03-18T08:08:50.485+0000] {processor.py:161} INFO - Started process (PID=7576) to work on /home/ubuntu/air_venv/lib/python3.10/site-packages/airflow/example_dags/example_datasets.py
[2024-03-18T08:08:50.487+0000] {processor.py:830} INFO - Processing file /home/ubuntu/air_venv/lib/python3.10/site-packages/airflow/example_dags/example_datasets.py for tasks to queue
[2024-03-18T08:08:50.488+0000] {logging_mixin.py:188} INFO - [2024-03-18T08:08:50.488+0000] {dagbag.py:540} INFO - Filling up the DagBag from /home/ubuntu/air_venv/lib/python3.10/site-packages/airflow/example_dags/example_datasets.py
[2024-03-18T08:08:50.500+0000] {processor.py:840} INFO - DAG(s) 'dataset_consumes_1_never_scheduled', 'dataset_consumes_unknown_never_scheduled', 'dataset_consumes_1', 'dataset_consumes_1_and_2', 'dataset_produces_2', 'dataset_produces_1' retrieved from /home/ubuntu/air_venv/lib/python3.10/site-packages/airflow/example_dags/example_datasets.py
[2024-03-18T08:08:50.530+0000] {logging_mixin.py:188} INFO - [2024-03-18T08:08:50.530+0000] {dag.py:3047} INFO - Sync 6 DAGs
[2024-03-18T08:08:50.554+0000] {logging_mixin.py:188} INFO - [2024-03-18T08:08:50.554+0000] {dag.py:3834} INFO - Setting next_dagrun for dataset_consumes_1 to None, run_after=None
[2024-03-18T08:08:50.558+0000] {logging_mixin.py:188} INFO - [2024-03-18T08:08:50.558+0000] {dag.py:3834} INFO - Setting next_dagrun for dataset_consumes_1_and_2 to None, run_after=None
[2024-03-18T08:08:50.559+0000] {logging_mixin.py:188} INFO - [2024-03-18T08:08:50.559+0000] {dag.py:3834} INFO - Setting next_dagrun for dataset_consumes_1_never_scheduled to None, run_after=None
[2024-03-18T08:08:50.560+0000] {logging_mixin.py:188} INFO - [2024-03-18T08:08:50.560+0000] {dag.py:3834} INFO - Setting next_dagrun for dataset_consumes_unknown_never_scheduled to None, run_after=None
[2024-03-18T08:08:50.563+0000] {logging_mixin.py:188} INFO - [2024-03-18T08:08:50.563+0000] {dag.py:3834} INFO - Setting next_dagrun for dataset_produces_1 to 2024-03-17 00:00:00+00:00, run_after=2024-03-18 00:00:00+00:00
[2024-03-18T08:08:50.564+0000] {logging_mixin.py:188} INFO - [2024-03-18T08:08:50.564+0000] {dag.py:3834} INFO - Setting next_dagrun for dataset_produces_2 to None, run_after=None
[2024-03-18T08:08:50.598+0000] {processor.py:183} INFO - Processing /home/ubuntu/air_venv/lib/python3.10/site-packages/airflow/example_dags/example_datasets.py took 0.117 seconds
[2024-03-18T08:09:55.740+0000] {processor.py:161} INFO - Started process (PID=8002) to work on /home/ubuntu/air_venv/lib/python3.10/site-packages/airflow/example_dags/example_datasets.py
[2024-03-18T08:09:55.742+0000] {processor.py:830} INFO - Processing file /home/ubuntu/air_venv/lib/python3.10/site-packages/airflow/example_dags/example_datasets.py for tasks to queue
[2024-03-18T08:09:55.743+0000] {logging_mixin.py:188} INFO - [2024-03-18T08:09:55.743+0000] {dagbag.py:540} INFO - Filling up the DagBag from /home/ubuntu/air_venv/lib/python3.10/site-packages/airflow/example_dags/example_datasets.py
[2024-03-18T08:09:55.755+0000] {processor.py:840} INFO - DAG(s) 'dataset_produces_2', 'dataset_produces_1', 'dataset_consumes_1_and_2', 'dataset_consumes_1_never_scheduled', 'dataset_consumes_unknown_never_scheduled', 'dataset_consumes_1' retrieved from /home/ubuntu/air_venv/lib/python3.10/site-packages/airflow/example_dags/example_datasets.py
[2024-03-18T08:09:55.785+0000] {logging_mixin.py:188} INFO - [2024-03-18T08:09:55.785+0000] {dag.py:3047} INFO - Sync 6 DAGs
[2024-03-18T08:09:55.808+0000] {logging_mixin.py:188} INFO - [2024-03-18T08:09:55.808+0000] {dag.py:3834} INFO - Setting next_dagrun for dataset_consumes_1 to None, run_after=None
[2024-03-18T08:09:55.813+0000] {logging_mixin.py:188} INFO - [2024-03-18T08:09:55.813+0000] {dag.py:3834} INFO - Setting next_dagrun for dataset_consumes_1_and_2 to None, run_after=None
[2024-03-18T08:09:55.815+0000] {logging_mixin.py:188} INFO - [2024-03-18T08:09:55.814+0000] {dag.py:3834} INFO - Setting next_dagrun for dataset_consumes_1_never_scheduled to None, run_after=None
[2024-03-18T08:09:55.816+0000] {logging_mixin.py:188} INFO - [2024-03-18T08:09:55.816+0000] {dag.py:3834} INFO - Setting next_dagrun for dataset_consumes_unknown_never_scheduled to None, run_after=None
[2024-03-18T08:09:55.819+0000] {logging_mixin.py:188} INFO - [2024-03-18T08:09:55.818+0000] {dag.py:3834} INFO - Setting next_dagrun for dataset_produces_1 to 2024-03-17 00:00:00+00:00, run_after=2024-03-18 00:00:00+00:00
[2024-03-18T08:09:55.820+0000] {logging_mixin.py:188} INFO - [2024-03-18T08:09:55.820+0000] {dag.py:3834} INFO - Setting next_dagrun for dataset_produces_2 to None, run_after=None
[2024-03-18T08:09:55.861+0000] {processor.py:183} INFO - Processing /home/ubuntu/air_venv/lib/python3.10/site-packages/airflow/example_dags/example_datasets.py took 0.125 seconds
[2024-03-18T08:10:54.202+0000] {processor.py:161} INFO - Started process (PID=8421) to work on /home/ubuntu/air_venv/lib/python3.10/site-packages/airflow/example_dags/example_datasets.py
[2024-03-18T08:10:54.204+0000] {processor.py:830} INFO - Processing file /home/ubuntu/air_venv/lib/python3.10/site-packages/airflow/example_dags/example_datasets.py for tasks to queue
[2024-03-18T08:10:54.205+0000] {logging_mixin.py:188} INFO - [2024-03-18T08:10:54.205+0000] {dagbag.py:540} INFO - Filling up the DagBag from /home/ubuntu/air_venv/lib/python3.10/site-packages/airflow/example_dags/example_datasets.py
[2024-03-18T08:10:54.218+0000] {processor.py:840} INFO - DAG(s) 'dataset_produces_1', 'dataset_produces_2', 'dataset_consumes_unknown_never_scheduled', 'dataset_consumes_1_and_2', 'dataset_consumes_1_never_scheduled', 'dataset_consumes_1' retrieved from /home/ubuntu/air_venv/lib/python3.10/site-packages/airflow/example_dags/example_datasets.py
[2024-03-18T08:10:54.248+0000] {logging_mixin.py:188} INFO - [2024-03-18T08:10:54.248+0000] {dag.py:3047} INFO - Sync 6 DAGs
[2024-03-18T08:10:54.273+0000] {logging_mixin.py:188} INFO - [2024-03-18T08:10:54.273+0000] {dag.py:3834} INFO - Setting next_dagrun for dataset_consumes_1 to None, run_after=None
[2024-03-18T08:10:54.276+0000] {logging_mixin.py:188} INFO - [2024-03-18T08:10:54.276+0000] {dag.py:3834} INFO - Setting next_dagrun for dataset_consumes_1_and_2 to None, run_after=None
[2024-03-18T08:10:54.278+0000] {logging_mixin.py:188} INFO - [2024-03-18T08:10:54.277+0000] {dag.py:3834} INFO - Setting next_dagrun for dataset_consumes_1_never_scheduled to None, run_after=None
[2024-03-18T08:10:54.279+0000] {logging_mixin.py:188} INFO - [2024-03-18T08:10:54.279+0000] {dag.py:3834} INFO - Setting next_dagrun for dataset_consumes_unknown_never_scheduled to None, run_after=None
[2024-03-18T08:10:54.282+0000] {logging_mixin.py:188} INFO - [2024-03-18T08:10:54.281+0000] {dag.py:3834} INFO - Setting next_dagrun for dataset_produces_1 to 2024-03-17 00:00:00+00:00, run_after=2024-03-18 00:00:00+00:00
[2024-03-18T08:10:54.283+0000] {logging_mixin.py:188} INFO - [2024-03-18T08:10:54.283+0000] {dag.py:3834} INFO - Setting next_dagrun for dataset_produces_2 to None, run_after=None
[2024-03-18T08:10:54.317+0000] {processor.py:183} INFO - Processing /home/ubuntu/air_venv/lib/python3.10/site-packages/airflow/example_dags/example_datasets.py took 0.118 seconds
[2024-03-18T08:11:57.086+0000] {processor.py:161} INFO - Started process (PID=8966) to work on /home/ubuntu/air_venv/lib/python3.10/site-packages/airflow/example_dags/example_datasets.py
[2024-03-18T08:11:57.088+0000] {processor.py:830} INFO - Processing file /home/ubuntu/air_venv/lib/python3.10/site-packages/airflow/example_dags/example_datasets.py for tasks to queue
[2024-03-18T08:11:57.089+0000] {logging_mixin.py:188} INFO - [2024-03-18T08:11:57.089+0000] {dagbag.py:540} INFO - Filling up the DagBag from /home/ubuntu/air_venv/lib/python3.10/site-packages/airflow/example_dags/example_datasets.py
[2024-03-18T08:11:57.101+0000] {processor.py:840} INFO - DAG(s) 'dataset_consumes_1_and_2', 'dataset_consumes_1_never_scheduled', 'dataset_produces_1', 'dataset_produces_2', 'dataset_consumes_unknown_never_scheduled', 'dataset_consumes_1' retrieved from /home/ubuntu/air_venv/lib/python3.10/site-packages/airflow/example_dags/example_datasets.py
[2024-03-18T08:11:57.134+0000] {logging_mixin.py:188} INFO - [2024-03-18T08:11:57.133+0000] {dag.py:3047} INFO - Sync 6 DAGs
[2024-03-18T08:11:57.160+0000] {logging_mixin.py:188} INFO - [2024-03-18T08:11:57.159+0000] {dag.py:3834} INFO - Setting next_dagrun for dataset_consumes_1 to None, run_after=None
[2024-03-18T08:11:57.164+0000] {logging_mixin.py:188} INFO - [2024-03-18T08:11:57.163+0000] {dag.py:3834} INFO - Setting next_dagrun for dataset_consumes_1_and_2 to None, run_after=None
[2024-03-18T08:11:57.165+0000] {logging_mixin.py:188} INFO - [2024-03-18T08:11:57.165+0000] {dag.py:3834} INFO - Setting next_dagrun for dataset_consumes_1_never_scheduled to None, run_after=None
[2024-03-18T08:11:57.166+0000] {logging_mixin.py:188} INFO - [2024-03-18T08:11:57.166+0000] {dag.py:3834} INFO - Setting next_dagrun for dataset_consumes_unknown_never_scheduled to None, run_after=None
[2024-03-18T08:11:57.169+0000] {logging_mixin.py:188} INFO - [2024-03-18T08:11:57.169+0000] {dag.py:3834} INFO - Setting next_dagrun for dataset_produces_1 to 2024-03-17 00:00:00+00:00, run_after=2024-03-18 00:00:00+00:00
[2024-03-18T08:11:57.170+0000] {logging_mixin.py:188} INFO - [2024-03-18T08:11:57.170+0000] {dag.py:3834} INFO - Setting next_dagrun for dataset_produces_2 to None, run_after=None
[2024-03-18T08:11:57.205+0000] {processor.py:183} INFO - Processing /home/ubuntu/air_venv/lib/python3.10/site-packages/airflow/example_dags/example_datasets.py took 0.123 seconds
[2024-03-18T08:13:00.018+0000] {processor.py:161} INFO - Started process (PID=9388) to work on /home/ubuntu/air_venv/lib/python3.10/site-packages/airflow/example_dags/example_datasets.py
[2024-03-18T08:13:00.021+0000] {processor.py:830} INFO - Processing file /home/ubuntu/air_venv/lib/python3.10/site-packages/airflow/example_dags/example_datasets.py for tasks to queue
[2024-03-18T08:13:00.025+0000] {logging_mixin.py:188} INFO - [2024-03-18T08:13:00.022+0000] {dagbag.py:540} INFO - Filling up the DagBag from /home/ubuntu/air_venv/lib/python3.10/site-packages/airflow/example_dags/example_datasets.py
[2024-03-18T08:13:00.043+0000] {processor.py:840} INFO - DAG(s) 'dataset_produces_2', 'dataset_consumes_unknown_never_scheduled', 'dataset_consumes_1_and_2', 'dataset_consumes_1', 'dataset_produces_1', 'dataset_consumes_1_never_scheduled' retrieved from /home/ubuntu/air_venv/lib/python3.10/site-packages/airflow/example_dags/example_datasets.py
[2024-03-18T08:13:00.086+0000] {logging_mixin.py:188} INFO - [2024-03-18T08:13:00.086+0000] {dag.py:3047} INFO - Sync 6 DAGs
[2024-03-18T08:13:00.121+0000] {logging_mixin.py:188} INFO - [2024-03-18T08:13:00.120+0000] {dag.py:3834} INFO - Setting next_dagrun for dataset_consumes_1 to None, run_after=None
[2024-03-18T08:13:00.126+0000] {logging_mixin.py:188} INFO - [2024-03-18T08:13:00.126+0000] {dag.py:3834} INFO - Setting next_dagrun for dataset_consumes_1_and_2 to None, run_after=None
[2024-03-18T08:13:00.129+0000] {logging_mixin.py:188} INFO - [2024-03-18T08:13:00.128+0000] {dag.py:3834} INFO - Setting next_dagrun for dataset_consumes_1_never_scheduled to None, run_after=None
[2024-03-18T08:13:00.130+0000] {logging_mixin.py:188} INFO - [2024-03-18T08:13:00.130+0000] {dag.py:3834} INFO - Setting next_dagrun for dataset_consumes_unknown_never_scheduled to None, run_after=None
[2024-03-18T08:13:00.134+0000] {logging_mixin.py:188} INFO - [2024-03-18T08:13:00.134+0000] {dag.py:3834} INFO - Setting next_dagrun for dataset_produces_1 to 2024-03-17 00:00:00+00:00, run_after=2024-03-18 00:00:00+00:00
[2024-03-18T08:13:00.136+0000] {logging_mixin.py:188} INFO - [2024-03-18T08:13:00.136+0000] {dag.py:3834} INFO - Setting next_dagrun for dataset_produces_2 to None, run_after=None
[2024-03-18T08:13:00.178+0000] {processor.py:183} INFO - Processing /home/ubuntu/air_venv/lib/python3.10/site-packages/airflow/example_dags/example_datasets.py took 0.164 seconds
[2024-03-18T08:14:02.356+0000] {processor.py:161} INFO - Started process (PID=9631) to work on /home/ubuntu/air_venv/lib/python3.10/site-packages/airflow/example_dags/example_datasets.py
[2024-03-18T08:14:02.359+0000] {processor.py:830} INFO - Processing file /home/ubuntu/air_venv/lib/python3.10/site-packages/airflow/example_dags/example_datasets.py for tasks to queue
[2024-03-18T08:14:02.360+0000] {logging_mixin.py:188} INFO - [2024-03-18T08:14:02.360+0000] {dagbag.py:540} INFO - Filling up the DagBag from /home/ubuntu/air_venv/lib/python3.10/site-packages/airflow/example_dags/example_datasets.py
[2024-03-18T08:14:02.552+0000] {processor.py:840} INFO - DAG(s) 'dataset_consumes_1', 'dataset_produces_1', 'dataset_consumes_1_never_scheduled', 'dataset_produces_2', 'dataset_consumes_unknown_never_scheduled', 'dataset_consumes_1_and_2' retrieved from /home/ubuntu/air_venv/lib/python3.10/site-packages/airflow/example_dags/example_datasets.py
[2024-03-18T08:14:03.371+0000] {logging_mixin.py:188} INFO - [2024-03-18T08:14:03.371+0000] {dag.py:3047} INFO - Sync 6 DAGs
[2024-03-18T08:14:03.539+0000] {logging_mixin.py:188} INFO - [2024-03-18T08:14:03.539+0000] {dag.py:3834} INFO - Setting next_dagrun for dataset_consumes_1 to None, run_after=None
[2024-03-18T08:14:03.545+0000] {logging_mixin.py:188} INFO - [2024-03-18T08:14:03.545+0000] {dag.py:3834} INFO - Setting next_dagrun for dataset_consumes_1_and_2 to None, run_after=None
[2024-03-18T08:14:03.547+0000] {logging_mixin.py:188} INFO - [2024-03-18T08:14:03.547+0000] {dag.py:3834} INFO - Setting next_dagrun for dataset_consumes_1_never_scheduled to None, run_after=None
[2024-03-18T08:14:03.548+0000] {logging_mixin.py:188} INFO - [2024-03-18T08:14:03.548+0000] {dag.py:3834} INFO - Setting next_dagrun for dataset_consumes_unknown_never_scheduled to None, run_after=None
[2024-03-18T08:14:03.552+0000] {logging_mixin.py:188} INFO - [2024-03-18T08:14:03.552+0000] {dag.py:3834} INFO - Setting next_dagrun for dataset_produces_1 to 2024-03-17 00:00:00+00:00, run_after=2024-03-18 00:00:00+00:00
[2024-03-18T08:14:03.557+0000] {logging_mixin.py:188} INFO - [2024-03-18T08:14:03.557+0000] {dag.py:3834} INFO - Setting next_dagrun for dataset_produces_2 to None, run_after=None
[2024-03-18T08:14:03.676+0000] {processor.py:183} INFO - Processing /home/ubuntu/air_venv/lib/python3.10/site-packages/airflow/example_dags/example_datasets.py took 1.408 seconds
[2024-03-18T08:15:39.919+0000] {processor.py:161} INFO - Started process (PID=10633) to work on /home/ubuntu/air_venv/lib/python3.10/site-packages/airflow/example_dags/example_datasets.py
[2024-03-18T08:15:39.921+0000] {processor.py:830} INFO - Processing file /home/ubuntu/air_venv/lib/python3.10/site-packages/airflow/example_dags/example_datasets.py for tasks to queue
[2024-03-18T08:15:39.922+0000] {logging_mixin.py:188} INFO - [2024-03-18T08:15:39.922+0000] {dagbag.py:540} INFO - Filling up the DagBag from /home/ubuntu/air_venv/lib/python3.10/site-packages/airflow/example_dags/example_datasets.py
[2024-03-18T08:15:39.934+0000] {processor.py:840} INFO - DAG(s) 'dataset_consumes_1_and_2', 'dataset_produces_1', 'dataset_consumes_1_never_scheduled', 'dataset_produces_2', 'dataset_consumes_unknown_never_scheduled', 'dataset_consumes_1' retrieved from /home/ubuntu/air_venv/lib/python3.10/site-packages/airflow/example_dags/example_datasets.py
[2024-03-18T08:15:39.964+0000] {logging_mixin.py:188} INFO - [2024-03-18T08:15:39.964+0000] {dag.py:3047} INFO - Sync 6 DAGs
[2024-03-18T08:15:39.987+0000] {logging_mixin.py:188} INFO - [2024-03-18T08:15:39.986+0000] {dag.py:3834} INFO - Setting next_dagrun for dataset_consumes_1 to None, run_after=None
[2024-03-18T08:15:39.990+0000] {logging_mixin.py:188} INFO - [2024-03-18T08:15:39.990+0000] {dag.py:3834} INFO - Setting next_dagrun for dataset_consumes_1_and_2 to None, run_after=None
[2024-03-18T08:15:39.992+0000] {logging_mixin.py:188} INFO - [2024-03-18T08:15:39.991+0000] {dag.py:3834} INFO - Setting next_dagrun for dataset_consumes_1_never_scheduled to None, run_after=None
[2024-03-18T08:15:39.993+0000] {logging_mixin.py:188} INFO - [2024-03-18T08:15:39.992+0000] {dag.py:3834} INFO - Setting next_dagrun for dataset_consumes_unknown_never_scheduled to None, run_after=None
[2024-03-18T08:15:39.996+0000] {logging_mixin.py:188} INFO - [2024-03-18T08:15:39.995+0000] {dag.py:3834} INFO - Setting next_dagrun for dataset_produces_1 to 2024-03-17 00:00:00+00:00, run_after=2024-03-18 00:00:00+00:00
[2024-03-18T08:15:39.997+0000] {logging_mixin.py:188} INFO - [2024-03-18T08:15:39.997+0000] {dag.py:3834} INFO - Setting next_dagrun for dataset_produces_2 to None, run_after=None
[2024-03-18T08:15:40.033+0000] {processor.py:183} INFO - Processing /home/ubuntu/air_venv/lib/python3.10/site-packages/airflow/example_dags/example_datasets.py took 0.117 seconds
[2024-03-18T08:16:35.756+0000] {processor.py:161} INFO - Started process (PID=11286) to work on /home/ubuntu/air_venv/lib/python3.10/site-packages/airflow/example_dags/example_datasets.py
[2024-03-18T08:16:35.758+0000] {processor.py:830} INFO - Processing file /home/ubuntu/air_venv/lib/python3.10/site-packages/airflow/example_dags/example_datasets.py for tasks to queue
[2024-03-18T08:16:35.759+0000] {logging_mixin.py:188} INFO - [2024-03-18T08:16:35.758+0000] {dagbag.py:540} INFO - Filling up the DagBag from /home/ubuntu/air_venv/lib/python3.10/site-packages/airflow/example_dags/example_datasets.py
[2024-03-18T08:16:35.770+0000] {processor.py:840} INFO - DAG(s) 'dataset_consumes_unknown_never_scheduled', 'dataset_produces_1', 'dataset_consumes_1_never_scheduled', 'dataset_consumes_1_and_2', 'dataset_consumes_1', 'dataset_produces_2' retrieved from /home/ubuntu/air_venv/lib/python3.10/site-packages/airflow/example_dags/example_datasets.py
[2024-03-18T08:16:35.808+0000] {logging_mixin.py:188} INFO - [2024-03-18T08:16:35.807+0000] {dag.py:3047} INFO - Sync 6 DAGs
[2024-03-18T08:16:35.830+0000] {logging_mixin.py:188} INFO - [2024-03-18T08:16:35.830+0000] {dag.py:3834} INFO - Setting next_dagrun for dataset_consumes_1 to None, run_after=None
[2024-03-18T08:16:35.834+0000] {logging_mixin.py:188} INFO - [2024-03-18T08:16:35.833+0000] {dag.py:3834} INFO - Setting next_dagrun for dataset_consumes_1_and_2 to None, run_after=None
[2024-03-18T08:16:35.835+0000] {logging_mixin.py:188} INFO - [2024-03-18T08:16:35.835+0000] {dag.py:3834} INFO - Setting next_dagrun for dataset_consumes_1_never_scheduled to None, run_after=None
[2024-03-18T08:16:35.836+0000] {logging_mixin.py:188} INFO - [2024-03-18T08:16:35.836+0000] {dag.py:3834} INFO - Setting next_dagrun for dataset_consumes_unknown_never_scheduled to None, run_after=None
[2024-03-18T08:16:35.839+0000] {logging_mixin.py:188} INFO - [2024-03-18T08:16:35.839+0000] {dag.py:3834} INFO - Setting next_dagrun for dataset_produces_1 to 2024-03-17 00:00:00+00:00, run_after=2024-03-18 00:00:00+00:00
[2024-03-18T08:16:35.840+0000] {logging_mixin.py:188} INFO - [2024-03-18T08:16:35.840+0000] {dag.py:3834} INFO - Setting next_dagrun for dataset_produces_2 to None, run_after=None
[2024-03-18T08:16:35.874+0000] {processor.py:183} INFO - Processing /home/ubuntu/air_venv/lib/python3.10/site-packages/airflow/example_dags/example_datasets.py took 0.122 seconds
[2024-03-18T08:17:55.183+0000] {processor.py:161} INFO - Started process (PID=12292) to work on /home/ubuntu/air_venv/lib/python3.10/site-packages/airflow/example_dags/example_datasets.py
[2024-03-18T08:17:55.185+0000] {processor.py:830} INFO - Processing file /home/ubuntu/air_venv/lib/python3.10/site-packages/airflow/example_dags/example_datasets.py for tasks to queue
[2024-03-18T08:17:55.186+0000] {logging_mixin.py:188} INFO - [2024-03-18T08:17:55.186+0000] {dagbag.py:540} INFO - Filling up the DagBag from /home/ubuntu/air_venv/lib/python3.10/site-packages/airflow/example_dags/example_datasets.py
[2024-03-18T08:17:55.197+0000] {processor.py:840} INFO - DAG(s) 'dataset_produces_1', 'dataset_consumes_1', 'dataset_produces_2', 'dataset_consumes_1_never_scheduled', 'dataset_consumes_1_and_2', 'dataset_consumes_unknown_never_scheduled' retrieved from /home/ubuntu/air_venv/lib/python3.10/site-packages/airflow/example_dags/example_datasets.py
[2024-03-18T08:17:55.227+0000] {logging_mixin.py:188} INFO - [2024-03-18T08:17:55.227+0000] {dag.py:3047} INFO - Sync 6 DAGs
[2024-03-18T08:17:55.257+0000] {logging_mixin.py:188} INFO - [2024-03-18T08:17:55.257+0000] {dag.py:3834} INFO - Setting next_dagrun for dataset_consumes_1 to None, run_after=None
[2024-03-18T08:17:55.269+0000] {logging_mixin.py:188} INFO - [2024-03-18T08:17:55.268+0000] {dag.py:3834} INFO - Setting next_dagrun for dataset_consumes_1_and_2 to None, run_after=None
[2024-03-18T08:17:55.270+0000] {logging_mixin.py:188} INFO - [2024-03-18T08:17:55.270+0000] {dag.py:3834} INFO - Setting next_dagrun for dataset_consumes_1_never_scheduled to None, run_after=None
[2024-03-18T08:17:55.271+0000] {logging_mixin.py:188} INFO - [2024-03-18T08:17:55.271+0000] {dag.py:3834} INFO - Setting next_dagrun for dataset_consumes_unknown_never_scheduled to None, run_after=None
[2024-03-18T08:17:55.276+0000] {logging_mixin.py:188} INFO - [2024-03-18T08:17:55.275+0000] {dag.py:3834} INFO - Setting next_dagrun for dataset_produces_1 to 2024-03-17 00:00:00+00:00, run_after=2024-03-18 00:00:00+00:00
[2024-03-18T08:17:55.277+0000] {logging_mixin.py:188} INFO - [2024-03-18T08:17:55.277+0000] {dag.py:3834} INFO - Setting next_dagrun for dataset_produces_2 to None, run_after=None
[2024-03-18T08:17:55.313+0000] {processor.py:183} INFO - Processing /home/ubuntu/air_venv/lib/python3.10/site-packages/airflow/example_dags/example_datasets.py took 0.133 seconds
[2024-03-18T08:18:52.161+0000] {processor.py:161} INFO - Started process (PID=12563) to work on /home/ubuntu/air_venv/lib/python3.10/site-packages/airflow/example_dags/example_datasets.py
[2024-03-18T08:18:52.163+0000] {processor.py:830} INFO - Processing file /home/ubuntu/air_venv/lib/python3.10/site-packages/airflow/example_dags/example_datasets.py for tasks to queue
[2024-03-18T08:18:52.164+0000] {logging_mixin.py:188} INFO - [2024-03-18T08:18:52.164+0000] {dagbag.py:540} INFO - Filling up the DagBag from /home/ubuntu/air_venv/lib/python3.10/site-packages/airflow/example_dags/example_datasets.py
[2024-03-18T08:18:52.175+0000] {processor.py:840} INFO - DAG(s) 'dataset_consumes_unknown_never_scheduled', 'dataset_consumes_1_never_scheduled', 'dataset_consumes_1', 'dataset_produces_1', 'dataset_produces_2', 'dataset_consumes_1_and_2' retrieved from /home/ubuntu/air_venv/lib/python3.10/site-packages/airflow/example_dags/example_datasets.py
[2024-03-18T08:18:52.205+0000] {logging_mixin.py:188} INFO - [2024-03-18T08:18:52.205+0000] {dag.py:3047} INFO - Sync 6 DAGs
[2024-03-18T08:18:52.229+0000] {logging_mixin.py:188} INFO - [2024-03-18T08:18:52.229+0000] {dag.py:3834} INFO - Setting next_dagrun for dataset_consumes_1 to None, run_after=None
[2024-03-18T08:18:52.233+0000] {logging_mixin.py:188} INFO - [2024-03-18T08:18:52.233+0000] {dag.py:3834} INFO - Setting next_dagrun for dataset_consumes_1_and_2 to None, run_after=None
[2024-03-18T08:18:52.234+0000] {logging_mixin.py:188} INFO - [2024-03-18T08:18:52.234+0000] {dag.py:3834} INFO - Setting next_dagrun for dataset_consumes_1_never_scheduled to None, run_after=None
[2024-03-18T08:18:52.235+0000] {logging_mixin.py:188} INFO - [2024-03-18T08:18:52.235+0000] {dag.py:3834} INFO - Setting next_dagrun for dataset_consumes_unknown_never_scheduled to None, run_after=None
[2024-03-18T08:18:52.239+0000] {logging_mixin.py:188} INFO - [2024-03-18T08:18:52.238+0000] {dag.py:3834} INFO - Setting next_dagrun for dataset_produces_1 to 2024-03-17 00:00:00+00:00, run_after=2024-03-18 00:00:00+00:00
[2024-03-18T08:18:52.240+0000] {logging_mixin.py:188} INFO - [2024-03-18T08:18:52.240+0000] {dag.py:3834} INFO - Setting next_dagrun for dataset_produces_2 to None, run_after=None
[2024-03-18T08:18:52.275+0000] {processor.py:183} INFO - Processing /home/ubuntu/air_venv/lib/python3.10/site-packages/airflow/example_dags/example_datasets.py took 0.117 seconds
[2024-03-18T08:20:18.462+0000] {processor.py:161} INFO - Started process (PID=13244) to work on /home/ubuntu/air_venv/lib/python3.10/site-packages/airflow/example_dags/example_datasets.py
[2024-03-18T08:20:18.464+0000] {processor.py:830} INFO - Processing file /home/ubuntu/air_venv/lib/python3.10/site-packages/airflow/example_dags/example_datasets.py for tasks to queue
[2024-03-18T08:20:18.465+0000] {logging_mixin.py:188} INFO - [2024-03-18T08:20:18.464+0000] {dagbag.py:540} INFO - Filling up the DagBag from /home/ubuntu/air_venv/lib/python3.10/site-packages/airflow/example_dags/example_datasets.py
[2024-03-18T08:20:18.477+0000] {processor.py:840} INFO - DAG(s) 'dataset_consumes_1_never_scheduled', 'dataset_produces_2', 'dataset_consumes_1', 'dataset_produces_1', 'dataset_consumes_1_and_2', 'dataset_consumes_unknown_never_scheduled' retrieved from /home/ubuntu/air_venv/lib/python3.10/site-packages/airflow/example_dags/example_datasets.py
[2024-03-18T08:20:18.508+0000] {logging_mixin.py:188} INFO - [2024-03-18T08:20:18.507+0000] {dag.py:3047} INFO - Sync 6 DAGs
[2024-03-18T08:20:18.531+0000] {logging_mixin.py:188} INFO - [2024-03-18T08:20:18.530+0000] {dag.py:3834} INFO - Setting next_dagrun for dataset_consumes_1 to None, run_after=None
[2024-03-18T08:20:18.534+0000] {logging_mixin.py:188} INFO - [2024-03-18T08:20:18.534+0000] {dag.py:3834} INFO - Setting next_dagrun for dataset_consumes_1_and_2 to None, run_after=None
[2024-03-18T08:20:18.535+0000] {logging_mixin.py:188} INFO - [2024-03-18T08:20:18.535+0000] {dag.py:3834} INFO - Setting next_dagrun for dataset_consumes_1_never_scheduled to None, run_after=None
[2024-03-18T08:20:18.537+0000] {logging_mixin.py:188} INFO - [2024-03-18T08:20:18.536+0000] {dag.py:3834} INFO - Setting next_dagrun for dataset_consumes_unknown_never_scheduled to None, run_after=None
[2024-03-18T08:20:18.540+0000] {logging_mixin.py:188} INFO - [2024-03-18T08:20:18.540+0000] {dag.py:3834} INFO - Setting next_dagrun for dataset_produces_1 to 2024-03-17 00:00:00+00:00, run_after=2024-03-18 00:00:00+00:00
[2024-03-18T08:20:18.541+0000] {logging_mixin.py:188} INFO - [2024-03-18T08:20:18.541+0000] {dag.py:3834} INFO - Setting next_dagrun for dataset_produces_2 to None, run_after=None
[2024-03-18T08:20:18.576+0000] {processor.py:183} INFO - Processing /home/ubuntu/air_venv/lib/python3.10/site-packages/airflow/example_dags/example_datasets.py took 0.118 seconds
[2024-03-18T08:21:41.184+0000] {processor.py:161} INFO - Started process (PID=13685) to work on /home/ubuntu/air_venv/lib/python3.10/site-packages/airflow/example_dags/example_datasets.py
[2024-03-18T08:21:41.186+0000] {processor.py:830} INFO - Processing file /home/ubuntu/air_venv/lib/python3.10/site-packages/airflow/example_dags/example_datasets.py for tasks to queue
[2024-03-18T08:21:41.187+0000] {logging_mixin.py:188} INFO - [2024-03-18T08:21:41.187+0000] {dagbag.py:540} INFO - Filling up the DagBag from /home/ubuntu/air_venv/lib/python3.10/site-packages/airflow/example_dags/example_datasets.py
[2024-03-18T08:21:41.199+0000] {processor.py:840} INFO - DAG(s) 'dataset_consumes_unknown_never_scheduled', 'dataset_consumes_1', 'dataset_produces_2', 'dataset_consumes_1_never_scheduled', 'dataset_consumes_1_and_2', 'dataset_produces_1' retrieved from /home/ubuntu/air_venv/lib/python3.10/site-packages/airflow/example_dags/example_datasets.py
[2024-03-18T08:21:41.228+0000] {logging_mixin.py:188} INFO - [2024-03-18T08:21:41.228+0000] {dag.py:3047} INFO - Sync 6 DAGs
[2024-03-18T08:21:41.251+0000] {logging_mixin.py:188} INFO - [2024-03-18T08:21:41.251+0000] {dag.py:3834} INFO - Setting next_dagrun for dataset_consumes_1 to None, run_after=None
[2024-03-18T08:21:41.255+0000] {logging_mixin.py:188} INFO - [2024-03-18T08:21:41.254+0000] {dag.py:3834} INFO - Setting next_dagrun for dataset_consumes_1_and_2 to None, run_after=None
[2024-03-18T08:21:41.256+0000] {logging_mixin.py:188} INFO - [2024-03-18T08:21:41.256+0000] {dag.py:3834} INFO - Setting next_dagrun for dataset_consumes_1_never_scheduled to None, run_after=None
[2024-03-18T08:21:41.257+0000] {logging_mixin.py:188} INFO - [2024-03-18T08:21:41.257+0000] {dag.py:3834} INFO - Setting next_dagrun for dataset_consumes_unknown_never_scheduled to None, run_after=None
[2024-03-18T08:21:41.260+0000] {logging_mixin.py:188} INFO - [2024-03-18T08:21:41.259+0000] {dag.py:3834} INFO - Setting next_dagrun for dataset_produces_1 to 2024-03-17 00:00:00+00:00, run_after=2024-03-18 00:00:00+00:00
[2024-03-18T08:21:41.261+0000] {logging_mixin.py:188} INFO - [2024-03-18T08:21:41.261+0000] {dag.py:3834} INFO - Setting next_dagrun for dataset_produces_2 to None, run_after=None
[2024-03-18T08:21:41.295+0000] {processor.py:183} INFO - Processing /home/ubuntu/air_venv/lib/python3.10/site-packages/airflow/example_dags/example_datasets.py took 0.115 seconds
[2024-03-18T08:22:39.603+0000] {processor.py:161} INFO - Started process (PID=13953) to work on /home/ubuntu/air_venv/lib/python3.10/site-packages/airflow/example_dags/example_datasets.py
[2024-03-18T08:22:39.605+0000] {processor.py:830} INFO - Processing file /home/ubuntu/air_venv/lib/python3.10/site-packages/airflow/example_dags/example_datasets.py for tasks to queue
[2024-03-18T08:22:39.606+0000] {logging_mixin.py:188} INFO - [2024-03-18T08:22:39.606+0000] {dagbag.py:540} INFO - Filling up the DagBag from /home/ubuntu/air_venv/lib/python3.10/site-packages/airflow/example_dags/example_datasets.py
[2024-03-18T08:22:39.618+0000] {processor.py:840} INFO - DAG(s) 'dataset_produces_2', 'dataset_consumes_1', 'dataset_consumes_unknown_never_scheduled', 'dataset_consumes_1_never_scheduled', 'dataset_produces_1', 'dataset_consumes_1_and_2' retrieved from /home/ubuntu/air_venv/lib/python3.10/site-packages/airflow/example_dags/example_datasets.py
[2024-03-18T08:22:39.649+0000] {logging_mixin.py:188} INFO - [2024-03-18T08:22:39.648+0000] {dag.py:3047} INFO - Sync 6 DAGs
[2024-03-18T08:22:39.671+0000] {logging_mixin.py:188} INFO - [2024-03-18T08:22:39.671+0000] {dag.py:3834} INFO - Setting next_dagrun for dataset_consumes_1 to None, run_after=None
[2024-03-18T08:22:39.675+0000] {logging_mixin.py:188} INFO - [2024-03-18T08:22:39.675+0000] {dag.py:3834} INFO - Setting next_dagrun for dataset_consumes_1_and_2 to None, run_after=None
[2024-03-18T08:22:39.676+0000] {logging_mixin.py:188} INFO - [2024-03-18T08:22:39.676+0000] {dag.py:3834} INFO - Setting next_dagrun for dataset_consumes_1_never_scheduled to None, run_after=None
[2024-03-18T08:22:39.677+0000] {logging_mixin.py:188} INFO - [2024-03-18T08:22:39.677+0000] {dag.py:3834} INFO - Setting next_dagrun for dataset_consumes_unknown_never_scheduled to None, run_after=None
[2024-03-18T08:22:39.680+0000] {logging_mixin.py:188} INFO - [2024-03-18T08:22:39.680+0000] {dag.py:3834} INFO - Setting next_dagrun for dataset_produces_1 to 2024-03-17 00:00:00+00:00, run_after=2024-03-18 00:00:00+00:00
[2024-03-18T08:22:39.682+0000] {logging_mixin.py:188} INFO - [2024-03-18T08:22:39.681+0000] {dag.py:3834} INFO - Setting next_dagrun for dataset_produces_2 to None, run_after=None
[2024-03-18T08:22:39.722+0000] {processor.py:183} INFO - Processing /home/ubuntu/air_venv/lib/python3.10/site-packages/airflow/example_dags/example_datasets.py took 0.123 seconds
[2024-03-18T08:23:39.107+0000] {processor.py:161} INFO - Started process (PID=14442) to work on /home/ubuntu/air_venv/lib/python3.10/site-packages/airflow/example_dags/example_datasets.py
[2024-03-18T08:23:39.109+0000] {processor.py:830} INFO - Processing file /home/ubuntu/air_venv/lib/python3.10/site-packages/airflow/example_dags/example_datasets.py for tasks to queue
[2024-03-18T08:23:39.110+0000] {logging_mixin.py:188} INFO - [2024-03-18T08:23:39.110+0000] {dagbag.py:540} INFO - Filling up the DagBag from /home/ubuntu/air_venv/lib/python3.10/site-packages/airflow/example_dags/example_datasets.py
[2024-03-18T08:23:39.129+0000] {processor.py:840} INFO - DAG(s) 'dataset_produces_1', 'dataset_consumes_1', 'dataset_produces_2', 'dataset_consumes_1_never_scheduled', 'dataset_consumes_unknown_never_scheduled', 'dataset_consumes_1_and_2' retrieved from /home/ubuntu/air_venv/lib/python3.10/site-packages/airflow/example_dags/example_datasets.py
[2024-03-18T08:23:39.159+0000] {logging_mixin.py:188} INFO - [2024-03-18T08:23:39.159+0000] {dag.py:3047} INFO - Sync 6 DAGs
[2024-03-18T08:23:39.182+0000] {logging_mixin.py:188} INFO - [2024-03-18T08:23:39.182+0000] {dag.py:3834} INFO - Setting next_dagrun for dataset_consumes_1 to None, run_after=None
[2024-03-18T08:23:39.186+0000] {logging_mixin.py:188} INFO - [2024-03-18T08:23:39.185+0000] {dag.py:3834} INFO - Setting next_dagrun for dataset_consumes_1_and_2 to None, run_after=None
[2024-03-18T08:23:39.187+0000] {logging_mixin.py:188} INFO - [2024-03-18T08:23:39.187+0000] {dag.py:3834} INFO - Setting next_dagrun for dataset_consumes_1_never_scheduled to None, run_after=None
[2024-03-18T08:23:39.188+0000] {logging_mixin.py:188} INFO - [2024-03-18T08:23:39.188+0000] {dag.py:3834} INFO - Setting next_dagrun for dataset_consumes_unknown_never_scheduled to None, run_after=None
[2024-03-18T08:23:39.191+0000] {logging_mixin.py:188} INFO - [2024-03-18T08:23:39.191+0000] {dag.py:3834} INFO - Setting next_dagrun for dataset_produces_1 to 2024-03-17 00:00:00+00:00, run_after=2024-03-18 00:00:00+00:00
[2024-03-18T08:23:39.192+0000] {logging_mixin.py:188} INFO - [2024-03-18T08:23:39.192+0000] {dag.py:3834} INFO - Setting next_dagrun for dataset_produces_2 to None, run_after=None
[2024-03-18T08:23:39.228+0000] {processor.py:183} INFO - Processing /home/ubuntu/air_venv/lib/python3.10/site-packages/airflow/example_dags/example_datasets.py took 0.124 seconds
[2024-03-18T08:24:37.576+0000] {processor.py:161} INFO - Started process (PID=14937) to work on /home/ubuntu/air_venv/lib/python3.10/site-packages/airflow/example_dags/example_datasets.py
[2024-03-18T08:24:37.578+0000] {processor.py:830} INFO - Processing file /home/ubuntu/air_venv/lib/python3.10/site-packages/airflow/example_dags/example_datasets.py for tasks to queue
[2024-03-18T08:24:37.579+0000] {logging_mixin.py:188} INFO - [2024-03-18T08:24:37.579+0000] {dagbag.py:540} INFO - Filling up the DagBag from /home/ubuntu/air_venv/lib/python3.10/site-packages/airflow/example_dags/example_datasets.py
[2024-03-18T08:24:37.591+0000] {processor.py:840} INFO - DAG(s) 'dataset_consumes_1_and_2', 'dataset_consumes_1_never_scheduled', 'dataset_consumes_1', 'dataset_produces_1', 'dataset_consumes_unknown_never_scheduled', 'dataset_produces_2' retrieved from /home/ubuntu/air_venv/lib/python3.10/site-packages/airflow/example_dags/example_datasets.py
[2024-03-18T08:24:37.622+0000] {logging_mixin.py:188} INFO - [2024-03-18T08:24:37.622+0000] {dag.py:3047} INFO - Sync 6 DAGs
[2024-03-18T08:24:37.645+0000] {logging_mixin.py:188} INFO - [2024-03-18T08:24:37.644+0000] {dag.py:3834} INFO - Setting next_dagrun for dataset_consumes_1 to None, run_after=None
[2024-03-18T08:24:37.648+0000] {logging_mixin.py:188} INFO - [2024-03-18T08:24:37.648+0000] {dag.py:3834} INFO - Setting next_dagrun for dataset_consumes_1_and_2 to None, run_after=None
[2024-03-18T08:24:37.649+0000] {logging_mixin.py:188} INFO - [2024-03-18T08:24:37.649+0000] {dag.py:3834} INFO - Setting next_dagrun for dataset_consumes_1_never_scheduled to None, run_after=None
[2024-03-18T08:24:37.651+0000] {logging_mixin.py:188} INFO - [2024-03-18T08:24:37.650+0000] {dag.py:3834} INFO - Setting next_dagrun for dataset_consumes_unknown_never_scheduled to None, run_after=None
[2024-03-18T08:24:37.654+0000] {logging_mixin.py:188} INFO - [2024-03-18T08:24:37.654+0000] {dag.py:3834} INFO - Setting next_dagrun for dataset_produces_1 to 2024-03-17 00:00:00+00:00, run_after=2024-03-18 00:00:00+00:00
[2024-03-18T08:24:37.656+0000] {logging_mixin.py:188} INFO - [2024-03-18T08:24:37.655+0000] {dag.py:3834} INFO - Setting next_dagrun for dataset_produces_2 to None, run_after=None
[2024-03-18T08:24:37.707+0000] {processor.py:183} INFO - Processing /home/ubuntu/air_venv/lib/python3.10/site-packages/airflow/example_dags/example_datasets.py took 0.135 seconds
[2024-03-18T08:25:42.351+0000] {processor.py:161} INFO - Started process (PID=15361) to work on /home/ubuntu/air_venv/lib/python3.10/site-packages/airflow/example_dags/example_datasets.py
[2024-03-18T08:25:42.354+0000] {processor.py:830} INFO - Processing file /home/ubuntu/air_venv/lib/python3.10/site-packages/airflow/example_dags/example_datasets.py for tasks to queue
[2024-03-18T08:25:42.355+0000] {logging_mixin.py:188} INFO - [2024-03-18T08:25:42.354+0000] {dagbag.py:540} INFO - Filling up the DagBag from /home/ubuntu/air_venv/lib/python3.10/site-packages/airflow/example_dags/example_datasets.py
[2024-03-18T08:25:42.366+0000] {processor.py:840} INFO - DAG(s) 'dataset_consumes_1_and_2', 'dataset_consumes_1_never_scheduled', 'dataset_produces_1', 'dataset_consumes_1', 'dataset_consumes_unknown_never_scheduled', 'dataset_produces_2' retrieved from /home/ubuntu/air_venv/lib/python3.10/site-packages/airflow/example_dags/example_datasets.py
[2024-03-18T08:25:42.397+0000] {logging_mixin.py:188} INFO - [2024-03-18T08:25:42.397+0000] {dag.py:3047} INFO - Sync 6 DAGs
[2024-03-18T08:25:42.420+0000] {logging_mixin.py:188} INFO - [2024-03-18T08:25:42.420+0000] {dag.py:3834} INFO - Setting next_dagrun for dataset_consumes_1 to None, run_after=None
[2024-03-18T08:25:42.424+0000] {logging_mixin.py:188} INFO - [2024-03-18T08:25:42.424+0000] {dag.py:3834} INFO - Setting next_dagrun for dataset_consumes_1_and_2 to None, run_after=None
[2024-03-18T08:25:42.425+0000] {logging_mixin.py:188} INFO - [2024-03-18T08:25:42.425+0000] {dag.py:3834} INFO - Setting next_dagrun for dataset_consumes_1_never_scheduled to None, run_after=None
[2024-03-18T08:25:42.426+0000] {logging_mixin.py:188} INFO - [2024-03-18T08:25:42.426+0000] {dag.py:3834} INFO - Setting next_dagrun for dataset_consumes_unknown_never_scheduled to None, run_after=None
[2024-03-18T08:25:42.429+0000] {logging_mixin.py:188} INFO - [2024-03-18T08:25:42.429+0000] {dag.py:3834} INFO - Setting next_dagrun for dataset_produces_1 to 2024-03-17 00:00:00+00:00, run_after=2024-03-18 00:00:00+00:00
[2024-03-18T08:25:42.430+0000] {logging_mixin.py:188} INFO - [2024-03-18T08:25:42.430+0000] {dag.py:3834} INFO - Setting next_dagrun for dataset_produces_2 to None, run_after=None
[2024-03-18T08:25:42.464+0000] {processor.py:183} INFO - Processing /home/ubuntu/air_venv/lib/python3.10/site-packages/airflow/example_dags/example_datasets.py took 0.116 seconds
[2024-03-18T08:26:43.424+0000] {processor.py:161} INFO - Started process (PID=15481) to work on /home/ubuntu/air_venv/lib/python3.10/site-packages/airflow/example_dags/example_datasets.py
[2024-03-18T08:26:43.426+0000] {processor.py:830} INFO - Processing file /home/ubuntu/air_venv/lib/python3.10/site-packages/airflow/example_dags/example_datasets.py for tasks to queue
[2024-03-18T08:26:43.427+0000] {logging_mixin.py:188} INFO - [2024-03-18T08:26:43.427+0000] {dagbag.py:540} INFO - Filling up the DagBag from /home/ubuntu/air_venv/lib/python3.10/site-packages/airflow/example_dags/example_datasets.py
[2024-03-18T08:26:43.439+0000] {processor.py:840} INFO - DAG(s) 'dataset_produces_2', 'dataset_produces_1', 'dataset_consumes_1', 'dataset_consumes_unknown_never_scheduled', 'dataset_consumes_1_and_2', 'dataset_consumes_1_never_scheduled' retrieved from /home/ubuntu/air_venv/lib/python3.10/site-packages/airflow/example_dags/example_datasets.py
[2024-03-18T08:26:43.470+0000] {logging_mixin.py:188} INFO - [2024-03-18T08:26:43.469+0000] {dag.py:3047} INFO - Sync 6 DAGs
[2024-03-18T08:26:43.494+0000] {logging_mixin.py:188} INFO - [2024-03-18T08:26:43.493+0000] {dag.py:3834} INFO - Setting next_dagrun for dataset_consumes_1 to None, run_after=None
[2024-03-18T08:26:43.498+0000] {logging_mixin.py:188} INFO - [2024-03-18T08:26:43.497+0000] {dag.py:3834} INFO - Setting next_dagrun for dataset_consumes_1_and_2 to None, run_after=None
[2024-03-18T08:26:43.499+0000] {logging_mixin.py:188} INFO - [2024-03-18T08:26:43.499+0000] {dag.py:3834} INFO - Setting next_dagrun for dataset_consumes_1_never_scheduled to None, run_after=None
[2024-03-18T08:26:43.500+0000] {logging_mixin.py:188} INFO - [2024-03-18T08:26:43.500+0000] {dag.py:3834} INFO - Setting next_dagrun for dataset_consumes_unknown_never_scheduled to None, run_after=None
[2024-03-18T08:26:43.504+0000] {logging_mixin.py:188} INFO - [2024-03-18T08:26:43.504+0000] {dag.py:3834} INFO - Setting next_dagrun for dataset_produces_1 to 2024-03-17 00:00:00+00:00, run_after=2024-03-18 00:00:00+00:00
[2024-03-18T08:26:43.505+0000] {logging_mixin.py:188} INFO - [2024-03-18T08:26:43.505+0000] {dag.py:3834} INFO - Setting next_dagrun for dataset_produces_2 to None, run_after=None
[2024-03-18T08:26:43.549+0000] {processor.py:183} INFO - Processing /home/ubuntu/air_venv/lib/python3.10/site-packages/airflow/example_dags/example_datasets.py took 0.128 seconds
[2024-03-18T08:27:44.692+0000] {processor.py:161} INFO - Started process (PID=15602) to work on /home/ubuntu/air_venv/lib/python3.10/site-packages/airflow/example_dags/example_datasets.py
[2024-03-18T08:27:44.694+0000] {processor.py:830} INFO - Processing file /home/ubuntu/air_venv/lib/python3.10/site-packages/airflow/example_dags/example_datasets.py for tasks to queue
[2024-03-18T08:27:44.696+0000] {logging_mixin.py:188} INFO - [2024-03-18T08:27:44.695+0000] {dagbag.py:540} INFO - Filling up the DagBag from /home/ubuntu/air_venv/lib/python3.10/site-packages/airflow/example_dags/example_datasets.py
[2024-03-18T08:27:44.707+0000] {processor.py:840} INFO - DAG(s) 'dataset_produces_1', 'dataset_consumes_1', 'dataset_consumes_1_and_2', 'dataset_consumes_unknown_never_scheduled', 'dataset_produces_2', 'dataset_consumes_1_never_scheduled' retrieved from /home/ubuntu/air_venv/lib/python3.10/site-packages/airflow/example_dags/example_datasets.py
[2024-03-18T08:27:44.740+0000] {logging_mixin.py:188} INFO - [2024-03-18T08:27:44.740+0000] {dag.py:3047} INFO - Sync 6 DAGs
[2024-03-18T08:27:44.765+0000] {logging_mixin.py:188} INFO - [2024-03-18T08:27:44.765+0000] {dag.py:3834} INFO - Setting next_dagrun for dataset_consumes_1 to None, run_after=None
[2024-03-18T08:27:44.769+0000] {logging_mixin.py:188} INFO - [2024-03-18T08:27:44.769+0000] {dag.py:3834} INFO - Setting next_dagrun for dataset_consumes_1_and_2 to None, run_after=None
[2024-03-18T08:27:44.770+0000] {logging_mixin.py:188} INFO - [2024-03-18T08:27:44.770+0000] {dag.py:3834} INFO - Setting next_dagrun for dataset_consumes_1_never_scheduled to None, run_after=None
[2024-03-18T08:27:44.771+0000] {logging_mixin.py:188} INFO - [2024-03-18T08:27:44.771+0000] {dag.py:3834} INFO - Setting next_dagrun for dataset_consumes_unknown_never_scheduled to None, run_after=None
[2024-03-18T08:27:44.774+0000] {logging_mixin.py:188} INFO - [2024-03-18T08:27:44.774+0000] {dag.py:3834} INFO - Setting next_dagrun for dataset_produces_1 to 2024-03-17 00:00:00+00:00, run_after=2024-03-18 00:00:00+00:00
[2024-03-18T08:27:44.775+0000] {logging_mixin.py:188} INFO - [2024-03-18T08:27:44.775+0000] {dag.py:3834} INFO - Setting next_dagrun for dataset_produces_2 to None, run_after=None
[2024-03-18T08:27:44.811+0000] {processor.py:183} INFO - Processing /home/ubuntu/air_venv/lib/python3.10/site-packages/airflow/example_dags/example_datasets.py took 0.122 seconds
[2024-03-18T08:28:48.446+0000] {processor.py:161} INFO - Started process (PID=15723) to work on /home/ubuntu/air_venv/lib/python3.10/site-packages/airflow/example_dags/example_datasets.py
[2024-03-18T08:28:48.448+0000] {processor.py:830} INFO - Processing file /home/ubuntu/air_venv/lib/python3.10/site-packages/airflow/example_dags/example_datasets.py for tasks to queue
[2024-03-18T08:28:48.449+0000] {logging_mixin.py:188} INFO - [2024-03-18T08:28:48.449+0000] {dagbag.py:540} INFO - Filling up the DagBag from /home/ubuntu/air_venv/lib/python3.10/site-packages/airflow/example_dags/example_datasets.py
[2024-03-18T08:28:48.461+0000] {processor.py:840} INFO - DAG(s) 'dataset_consumes_unknown_never_scheduled', 'dataset_consumes_1_never_scheduled', 'dataset_produces_1', 'dataset_consumes_1_and_2', 'dataset_produces_2', 'dataset_consumes_1' retrieved from /home/ubuntu/air_venv/lib/python3.10/site-packages/airflow/example_dags/example_datasets.py
[2024-03-18T08:28:48.491+0000] {logging_mixin.py:188} INFO - [2024-03-18T08:28:48.491+0000] {dag.py:3047} INFO - Sync 6 DAGs
[2024-03-18T08:28:48.514+0000] {logging_mixin.py:188} INFO - [2024-03-18T08:28:48.513+0000] {dag.py:3834} INFO - Setting next_dagrun for dataset_consumes_1 to None, run_after=None
[2024-03-18T08:28:48.518+0000] {logging_mixin.py:188} INFO - [2024-03-18T08:28:48.517+0000] {dag.py:3834} INFO - Setting next_dagrun for dataset_consumes_1_and_2 to None, run_after=None
[2024-03-18T08:28:48.519+0000] {logging_mixin.py:188} INFO - [2024-03-18T08:28:48.519+0000] {dag.py:3834} INFO - Setting next_dagrun for dataset_consumes_1_never_scheduled to None, run_after=None
[2024-03-18T08:28:48.520+0000] {logging_mixin.py:188} INFO - [2024-03-18T08:28:48.520+0000] {dag.py:3834} INFO - Setting next_dagrun for dataset_consumes_unknown_never_scheduled to None, run_after=None
[2024-03-18T08:28:48.523+0000] {logging_mixin.py:188} INFO - [2024-03-18T08:28:48.523+0000] {dag.py:3834} INFO - Setting next_dagrun for dataset_produces_1 to 2024-03-17 00:00:00+00:00, run_after=2024-03-18 00:00:00+00:00
[2024-03-18T08:28:48.525+0000] {logging_mixin.py:188} INFO - [2024-03-18T08:28:48.524+0000] {dag.py:3834} INFO - Setting next_dagrun for dataset_produces_2 to None, run_after=None
[2024-03-18T08:28:48.572+0000] {processor.py:183} INFO - Processing /home/ubuntu/air_venv/lib/python3.10/site-packages/airflow/example_dags/example_datasets.py took 0.129 seconds
