[2024-03-18T08:00:36.149+0000] {processor.py:161} INFO - Started process (PID=3119) to work on /home/ubuntu/air_venv/lib/python3.10/site-packages/airflow/example_dags/example_dag_decorator.py
[2024-03-18T08:00:36.150+0000] {processor.py:830} INFO - Processing file /home/ubuntu/air_venv/lib/python3.10/site-packages/airflow/example_dags/example_dag_decorator.py for tasks to queue
[2024-03-18T08:00:36.151+0000] {logging_mixin.py:188} INFO - [2024-03-18T08:00:36.150+0000] {dagbag.py:540} INFO - Filling up the DagBag from /home/ubuntu/air_venv/lib/python3.10/site-packages/airflow/example_dags/example_dag_decorator.py
[2024-03-18T08:00:36.354+0000] {processor.py:840} INFO - DAG(s) 'example_dag_decorator' retrieved from /home/ubuntu/air_venv/lib/python3.10/site-packages/airflow/example_dags/example_dag_decorator.py
[2024-03-18T08:00:36.624+0000] {logging_mixin.py:188} INFO - [2024-03-18T08:00:36.623+0000] {override.py:1769} INFO - Created Permission View: can edit on DAG:example_dag_decorator
[2024-03-18T08:00:36.644+0000] {logging_mixin.py:188} INFO - [2024-03-18T08:00:36.643+0000] {override.py:1769} INFO - Created Permission View: can delete on DAG:example_dag_decorator
[2024-03-18T08:00:36.656+0000] {logging_mixin.py:188} INFO - [2024-03-18T08:00:36.656+0000] {override.py:1769} INFO - Created Permission View: can read on DAG:example_dag_decorator
[2024-03-18T08:00:36.657+0000] {logging_mixin.py:188} INFO - [2024-03-18T08:00:36.657+0000] {dag.py:3047} INFO - Sync 1 DAGs
[2024-03-18T08:00:36.668+0000] {logging_mixin.py:188} INFO - [2024-03-18T08:00:36.668+0000] {dag.py:3069} INFO - Creating ORM DAG for example_dag_decorator
[2024-03-18T08:00:36.669+0000] {logging_mixin.py:188} INFO - [2024-03-18T08:00:36.669+0000] {dag.py:3834} INFO - Setting next_dagrun for example_dag_decorator to None, run_after=None
[2024-03-18T08:00:36.696+0000] {processor.py:183} INFO - Processing /home/ubuntu/air_venv/lib/python3.10/site-packages/airflow/example_dags/example_dag_decorator.py took 0.551 seconds
[2024-03-18T08:01:28.718+0000] {processor.py:161} INFO - Started process (PID=3592) to work on /home/ubuntu/air_venv/lib/python3.10/site-packages/airflow/example_dags/example_dag_decorator.py
[2024-03-18T08:01:28.720+0000] {processor.py:830} INFO - Processing file /home/ubuntu/air_venv/lib/python3.10/site-packages/airflow/example_dags/example_dag_decorator.py for tasks to queue
[2024-03-18T08:01:28.721+0000] {logging_mixin.py:188} INFO - [2024-03-18T08:01:28.721+0000] {dagbag.py:540} INFO - Filling up the DagBag from /home/ubuntu/air_venv/lib/python3.10/site-packages/airflow/example_dags/example_dag_decorator.py
[2024-03-18T08:01:28.968+0000] {processor.py:840} INFO - DAG(s) 'example_dag_decorator' retrieved from /home/ubuntu/air_venv/lib/python3.10/site-packages/airflow/example_dags/example_dag_decorator.py
[2024-03-18T08:01:29.075+0000] {logging_mixin.py:188} INFO - [2024-03-18T08:01:29.074+0000] {dag.py:3047} INFO - Sync 1 DAGs
[2024-03-18T08:01:29.085+0000] {logging_mixin.py:188} INFO - [2024-03-18T08:01:29.085+0000] {dag.py:3834} INFO - Setting next_dagrun for example_dag_decorator to None, run_after=None
[2024-03-18T08:01:29.112+0000] {processor.py:183} INFO - Processing /home/ubuntu/air_venv/lib/python3.10/site-packages/airflow/example_dags/example_dag_decorator.py took 0.398 seconds
[2024-03-18T08:02:49.033+0000] {processor.py:161} INFO - Started process (PID=4324) to work on /home/ubuntu/air_venv/lib/python3.10/site-packages/airflow/example_dags/example_dag_decorator.py
[2024-03-18T08:02:49.035+0000] {processor.py:830} INFO - Processing file /home/ubuntu/air_venv/lib/python3.10/site-packages/airflow/example_dags/example_dag_decorator.py for tasks to queue
[2024-03-18T08:02:49.036+0000] {logging_mixin.py:188} INFO - [2024-03-18T08:02:49.036+0000] {dagbag.py:540} INFO - Filling up the DagBag from /home/ubuntu/air_venv/lib/python3.10/site-packages/airflow/example_dags/example_dag_decorator.py
[2024-03-18T08:02:49.302+0000] {processor.py:840} INFO - DAG(s) 'example_dag_decorator' retrieved from /home/ubuntu/air_venv/lib/python3.10/site-packages/airflow/example_dags/example_dag_decorator.py
[2024-03-18T08:02:49.402+0000] {logging_mixin.py:188} INFO - [2024-03-18T08:02:49.402+0000] {dag.py:3047} INFO - Sync 1 DAGs
[2024-03-18T08:02:49.415+0000] {logging_mixin.py:188} INFO - [2024-03-18T08:02:49.415+0000] {dag.py:3834} INFO - Setting next_dagrun for example_dag_decorator to None, run_after=None
[2024-03-18T08:02:49.439+0000] {processor.py:183} INFO - Processing /home/ubuntu/air_venv/lib/python3.10/site-packages/airflow/example_dags/example_dag_decorator.py took 0.410 seconds
[2024-03-18T08:03:55.564+0000] {processor.py:161} INFO - Started process (PID=4750) to work on /home/ubuntu/air_venv/lib/python3.10/site-packages/airflow/example_dags/example_dag_decorator.py
[2024-03-18T08:03:55.566+0000] {processor.py:830} INFO - Processing file /home/ubuntu/air_venv/lib/python3.10/site-packages/airflow/example_dags/example_dag_decorator.py for tasks to queue
[2024-03-18T08:03:55.567+0000] {logging_mixin.py:188} INFO - [2024-03-18T08:03:55.566+0000] {dagbag.py:540} INFO - Filling up the DagBag from /home/ubuntu/air_venv/lib/python3.10/site-packages/airflow/example_dags/example_dag_decorator.py
[2024-03-18T08:03:55.657+0000] {processor.py:840} INFO - DAG(s) 'example_dag_decorator' retrieved from /home/ubuntu/air_venv/lib/python3.10/site-packages/airflow/example_dags/example_dag_decorator.py
[2024-03-18T08:03:55.761+0000] {logging_mixin.py:188} INFO - [2024-03-18T08:03:55.761+0000] {dag.py:3047} INFO - Sync 1 DAGs
[2024-03-18T08:03:55.771+0000] {logging_mixin.py:188} INFO - [2024-03-18T08:03:55.771+0000] {dag.py:3834} INFO - Setting next_dagrun for example_dag_decorator to None, run_after=None
[2024-03-18T08:03:55.797+0000] {processor.py:183} INFO - Processing /home/ubuntu/air_venv/lib/python3.10/site-packages/airflow/example_dags/example_dag_decorator.py took 0.237 seconds
[2024-03-18T08:05:11.494+0000] {processor.py:161} INFO - Started process (PID=5367) to work on /home/ubuntu/air_venv/lib/python3.10/site-packages/airflow/example_dags/example_dag_decorator.py
[2024-03-18T08:05:11.499+0000] {processor.py:830} INFO - Processing file /home/ubuntu/air_venv/lib/python3.10/site-packages/airflow/example_dags/example_dag_decorator.py for tasks to queue
[2024-03-18T08:05:11.500+0000] {logging_mixin.py:188} INFO - [2024-03-18T08:05:11.500+0000] {dagbag.py:540} INFO - Filling up the DagBag from /home/ubuntu/air_venv/lib/python3.10/site-packages/airflow/example_dags/example_dag_decorator.py
[2024-03-18T08:05:11.690+0000] {processor.py:840} INFO - DAG(s) 'example_dag_decorator' retrieved from /home/ubuntu/air_venv/lib/python3.10/site-packages/airflow/example_dags/example_dag_decorator.py
[2024-03-18T08:05:11.862+0000] {logging_mixin.py:188} INFO - [2024-03-18T08:05:11.862+0000] {dag.py:3047} INFO - Sync 1 DAGs
[2024-03-18T08:05:11.873+0000] {logging_mixin.py:188} INFO - [2024-03-18T08:05:11.873+0000] {dag.py:3834} INFO - Setting next_dagrun for example_dag_decorator to None, run_after=None
[2024-03-18T08:05:11.898+0000] {processor.py:183} INFO - Processing /home/ubuntu/air_venv/lib/python3.10/site-packages/airflow/example_dags/example_dag_decorator.py took 0.412 seconds
[2024-03-18T08:06:39.600+0000] {processor.py:161} INFO - Started process (PID=6445) to work on /home/ubuntu/air_venv/lib/python3.10/site-packages/airflow/example_dags/example_dag_decorator.py
[2024-03-18T08:06:39.602+0000] {processor.py:830} INFO - Processing file /home/ubuntu/air_venv/lib/python3.10/site-packages/airflow/example_dags/example_dag_decorator.py for tasks to queue
[2024-03-18T08:06:39.603+0000] {logging_mixin.py:188} INFO - [2024-03-18T08:06:39.603+0000] {dagbag.py:540} INFO - Filling up the DagBag from /home/ubuntu/air_venv/lib/python3.10/site-packages/airflow/example_dags/example_dag_decorator.py
[2024-03-18T08:06:39.722+0000] {processor.py:840} INFO - DAG(s) 'example_dag_decorator' retrieved from /home/ubuntu/air_venv/lib/python3.10/site-packages/airflow/example_dags/example_dag_decorator.py
[2024-03-18T08:06:39.839+0000] {logging_mixin.py:188} INFO - [2024-03-18T08:06:39.839+0000] {dag.py:3047} INFO - Sync 1 DAGs
[2024-03-18T08:06:39.851+0000] {logging_mixin.py:188} INFO - [2024-03-18T08:06:39.851+0000] {dag.py:3834} INFO - Setting next_dagrun for example_dag_decorator to None, run_after=None
[2024-03-18T08:06:39.891+0000] {processor.py:183} INFO - Processing /home/ubuntu/air_venv/lib/python3.10/site-packages/airflow/example_dags/example_dag_decorator.py took 0.295 seconds
[2024-03-18T08:08:00.400+0000] {processor.py:161} INFO - Started process (PID=7218) to work on /home/ubuntu/air_venv/lib/python3.10/site-packages/airflow/example_dags/example_dag_decorator.py
[2024-03-18T08:08:00.402+0000] {processor.py:830} INFO - Processing file /home/ubuntu/air_venv/lib/python3.10/site-packages/airflow/example_dags/example_dag_decorator.py for tasks to queue
[2024-03-18T08:08:00.403+0000] {logging_mixin.py:188} INFO - [2024-03-18T08:08:00.403+0000] {dagbag.py:540} INFO - Filling up the DagBag from /home/ubuntu/air_venv/lib/python3.10/site-packages/airflow/example_dags/example_dag_decorator.py
[2024-03-18T08:08:00.496+0000] {processor.py:840} INFO - DAG(s) 'example_dag_decorator' retrieved from /home/ubuntu/air_venv/lib/python3.10/site-packages/airflow/example_dags/example_dag_decorator.py
[2024-03-18T08:08:00.605+0000] {logging_mixin.py:188} INFO - [2024-03-18T08:08:00.604+0000] {dag.py:3047} INFO - Sync 1 DAGs
[2024-03-18T08:08:00.616+0000] {logging_mixin.py:188} INFO - [2024-03-18T08:08:00.616+0000] {dag.py:3834} INFO - Setting next_dagrun for example_dag_decorator to None, run_after=None
[2024-03-18T08:08:00.644+0000] {processor.py:183} INFO - Processing /home/ubuntu/air_venv/lib/python3.10/site-packages/airflow/example_dags/example_dag_decorator.py took 0.248 seconds
[2024-03-18T08:09:11.230+0000] {processor.py:161} INFO - Started process (PID=7682) to work on /home/ubuntu/air_venv/lib/python3.10/site-packages/airflow/example_dags/example_dag_decorator.py
[2024-03-18T08:09:11.232+0000] {processor.py:830} INFO - Processing file /home/ubuntu/air_venv/lib/python3.10/site-packages/airflow/example_dags/example_dag_decorator.py for tasks to queue
[2024-03-18T08:09:11.233+0000] {logging_mixin.py:188} INFO - [2024-03-18T08:09:11.233+0000] {dagbag.py:540} INFO - Filling up the DagBag from /home/ubuntu/air_venv/lib/python3.10/site-packages/airflow/example_dags/example_dag_decorator.py
[2024-03-18T08:09:11.324+0000] {processor.py:840} INFO - DAG(s) 'example_dag_decorator' retrieved from /home/ubuntu/air_venv/lib/python3.10/site-packages/airflow/example_dags/example_dag_decorator.py
[2024-03-18T08:09:11.428+0000] {logging_mixin.py:188} INFO - [2024-03-18T08:09:11.427+0000] {dag.py:3047} INFO - Sync 1 DAGs
[2024-03-18T08:09:11.439+0000] {logging_mixin.py:188} INFO - [2024-03-18T08:09:11.438+0000] {dag.py:3834} INFO - Setting next_dagrun for example_dag_decorator to None, run_after=None
[2024-03-18T08:09:11.465+0000] {processor.py:183} INFO - Processing /home/ubuntu/air_venv/lib/python3.10/site-packages/airflow/example_dags/example_dag_decorator.py took 0.239 seconds
[2024-03-18T08:10:14.605+0000] {processor.py:161} INFO - Started process (PID=8224) to work on /home/ubuntu/air_venv/lib/python3.10/site-packages/airflow/example_dags/example_dag_decorator.py
[2024-03-18T08:10:14.607+0000] {processor.py:830} INFO - Processing file /home/ubuntu/air_venv/lib/python3.10/site-packages/airflow/example_dags/example_dag_decorator.py for tasks to queue
[2024-03-18T08:10:14.608+0000] {logging_mixin.py:188} INFO - [2024-03-18T08:10:14.608+0000] {dagbag.py:540} INFO - Filling up the DagBag from /home/ubuntu/air_venv/lib/python3.10/site-packages/airflow/example_dags/example_dag_decorator.py
[2024-03-18T08:10:14.699+0000] {processor.py:840} INFO - DAG(s) 'example_dag_decorator' retrieved from /home/ubuntu/air_venv/lib/python3.10/site-packages/airflow/example_dags/example_dag_decorator.py
[2024-03-18T08:10:14.806+0000] {logging_mixin.py:188} INFO - [2024-03-18T08:10:14.805+0000] {dag.py:3047} INFO - Sync 1 DAGs
[2024-03-18T08:10:14.817+0000] {logging_mixin.py:188} INFO - [2024-03-18T08:10:14.816+0000] {dag.py:3834} INFO - Setting next_dagrun for example_dag_decorator to None, run_after=None
[2024-03-18T08:10:14.844+0000] {processor.py:183} INFO - Processing /home/ubuntu/air_venv/lib/python3.10/site-packages/airflow/example_dags/example_dag_decorator.py took 0.243 seconds
[2024-03-18T08:11:13.988+0000] {processor.py:161} INFO - Started process (PID=8679) to work on /home/ubuntu/air_venv/lib/python3.10/site-packages/airflow/example_dags/example_dag_decorator.py
[2024-03-18T08:11:13.990+0000] {processor.py:830} INFO - Processing file /home/ubuntu/air_venv/lib/python3.10/site-packages/airflow/example_dags/example_dag_decorator.py for tasks to queue
[2024-03-18T08:11:13.991+0000] {logging_mixin.py:188} INFO - [2024-03-18T08:11:13.991+0000] {dagbag.py:540} INFO - Filling up the DagBag from /home/ubuntu/air_venv/lib/python3.10/site-packages/airflow/example_dags/example_dag_decorator.py
[2024-03-18T08:11:14.082+0000] {processor.py:840} INFO - DAG(s) 'example_dag_decorator' retrieved from /home/ubuntu/air_venv/lib/python3.10/site-packages/airflow/example_dags/example_dag_decorator.py
[2024-03-18T08:11:14.103+0000] {logging_mixin.py:188} INFO - [2024-03-18T08:11:14.103+0000] {dag.py:3047} INFO - Sync 1 DAGs
[2024-03-18T08:11:14.115+0000] {logging_mixin.py:188} INFO - [2024-03-18T08:11:14.115+0000] {dag.py:3834} INFO - Setting next_dagrun for example_dag_decorator to None, run_after=None
[2024-03-18T08:11:14.146+0000] {processor.py:183} INFO - Processing /home/ubuntu/air_venv/lib/python3.10/site-packages/airflow/example_dags/example_dag_decorator.py took 0.162 seconds
[2024-03-18T08:12:15.617+0000] {processor.py:161} INFO - Started process (PID=8983) to work on /home/ubuntu/air_venv/lib/python3.10/site-packages/airflow/example_dags/example_dag_decorator.py
[2024-03-18T08:12:15.619+0000] {processor.py:830} INFO - Processing file /home/ubuntu/air_venv/lib/python3.10/site-packages/airflow/example_dags/example_dag_decorator.py for tasks to queue
[2024-03-18T08:12:15.620+0000] {logging_mixin.py:188} INFO - [2024-03-18T08:12:15.619+0000] {dagbag.py:540} INFO - Filling up the DagBag from /home/ubuntu/air_venv/lib/python3.10/site-packages/airflow/example_dags/example_dag_decorator.py
[2024-03-18T08:12:15.709+0000] {processor.py:840} INFO - DAG(s) 'example_dag_decorator' retrieved from /home/ubuntu/air_venv/lib/python3.10/site-packages/airflow/example_dags/example_dag_decorator.py
[2024-03-18T08:12:15.730+0000] {logging_mixin.py:188} INFO - [2024-03-18T08:12:15.730+0000] {dag.py:3047} INFO - Sync 1 DAGs
[2024-03-18T08:12:15.742+0000] {logging_mixin.py:188} INFO - [2024-03-18T08:12:15.742+0000] {dag.py:3834} INFO - Setting next_dagrun for example_dag_decorator to None, run_after=None
[2024-03-18T08:12:15.766+0000] {processor.py:183} INFO - Processing /home/ubuntu/air_venv/lib/python3.10/site-packages/airflow/example_dags/example_dag_decorator.py took 0.152 seconds
[2024-03-18T08:13:22.004+0000] {processor.py:161} INFO - Started process (PID=9528) to work on /home/ubuntu/air_venv/lib/python3.10/site-packages/airflow/example_dags/example_dag_decorator.py
[2024-03-18T08:13:22.007+0000] {processor.py:830} INFO - Processing file /home/ubuntu/air_venv/lib/python3.10/site-packages/airflow/example_dags/example_dag_decorator.py for tasks to queue
[2024-03-18T08:13:22.008+0000] {logging_mixin.py:188} INFO - [2024-03-18T08:13:22.007+0000] {dagbag.py:540} INFO - Filling up the DagBag from /home/ubuntu/air_venv/lib/python3.10/site-packages/airflow/example_dags/example_dag_decorator.py
[2024-03-18T08:13:22.112+0000] {processor.py:840} INFO - DAG(s) 'example_dag_decorator' retrieved from /home/ubuntu/air_venv/lib/python3.10/site-packages/airflow/example_dags/example_dag_decorator.py
[2024-03-18T08:13:22.134+0000] {logging_mixin.py:188} INFO - [2024-03-18T08:13:22.133+0000] {dag.py:3047} INFO - Sync 1 DAGs
[2024-03-18T08:13:22.146+0000] {logging_mixin.py:188} INFO - [2024-03-18T08:13:22.146+0000] {dag.py:3834} INFO - Setting next_dagrun for example_dag_decorator to None, run_after=None
[2024-03-18T08:13:22.171+0000] {processor.py:183} INFO - Processing /home/ubuntu/air_venv/lib/python3.10/site-packages/airflow/example_dags/example_dag_decorator.py took 0.170 seconds
[2024-03-18T08:14:20.309+0000] {processor.py:161} INFO - Started process (PID=9768) to work on /home/ubuntu/air_venv/lib/python3.10/site-packages/airflow/example_dags/example_dag_decorator.py
[2024-03-18T08:14:20.311+0000] {processor.py:830} INFO - Processing file /home/ubuntu/air_venv/lib/python3.10/site-packages/airflow/example_dags/example_dag_decorator.py for tasks to queue
[2024-03-18T08:14:20.312+0000] {logging_mixin.py:188} INFO - [2024-03-18T08:14:20.312+0000] {dagbag.py:540} INFO - Filling up the DagBag from /home/ubuntu/air_venv/lib/python3.10/site-packages/airflow/example_dags/example_dag_decorator.py
[2024-03-18T08:14:20.402+0000] {processor.py:840} INFO - DAG(s) 'example_dag_decorator' retrieved from /home/ubuntu/air_venv/lib/python3.10/site-packages/airflow/example_dags/example_dag_decorator.py
[2024-03-18T08:14:20.425+0000] {logging_mixin.py:188} INFO - [2024-03-18T08:14:20.425+0000] {dag.py:3047} INFO - Sync 1 DAGs
[2024-03-18T08:14:20.439+0000] {logging_mixin.py:188} INFO - [2024-03-18T08:14:20.439+0000] {dag.py:3834} INFO - Setting next_dagrun for example_dag_decorator to None, run_after=None
[2024-03-18T08:14:20.466+0000] {processor.py:183} INFO - Processing /home/ubuntu/air_venv/lib/python3.10/site-packages/airflow/example_dags/example_dag_decorator.py took 0.160 seconds
[2024-03-18T08:15:41.194+0000] {processor.py:161} INFO - Started process (PID=10634) to work on /home/ubuntu/air_venv/lib/python3.10/site-packages/airflow/example_dags/example_dag_decorator.py
[2024-03-18T08:15:41.196+0000] {processor.py:830} INFO - Processing file /home/ubuntu/air_venv/lib/python3.10/site-packages/airflow/example_dags/example_dag_decorator.py for tasks to queue
[2024-03-18T08:15:41.197+0000] {logging_mixin.py:188} INFO - [2024-03-18T08:15:41.197+0000] {dagbag.py:540} INFO - Filling up the DagBag from /home/ubuntu/air_venv/lib/python3.10/site-packages/airflow/example_dags/example_dag_decorator.py
[2024-03-18T08:15:41.286+0000] {processor.py:840} INFO - DAG(s) 'example_dag_decorator' retrieved from /home/ubuntu/air_venv/lib/python3.10/site-packages/airflow/example_dags/example_dag_decorator.py
[2024-03-18T08:15:41.392+0000] {logging_mixin.py:188} INFO - [2024-03-18T08:15:41.391+0000] {dag.py:3047} INFO - Sync 1 DAGs
[2024-03-18T08:15:41.403+0000] {logging_mixin.py:188} INFO - [2024-03-18T08:15:41.403+0000] {dag.py:3834} INFO - Setting next_dagrun for example_dag_decorator to None, run_after=None
[2024-03-18T08:15:41.428+0000] {processor.py:183} INFO - Processing /home/ubuntu/air_venv/lib/python3.10/site-packages/airflow/example_dags/example_dag_decorator.py took 0.237 seconds
[2024-03-18T08:16:37.055+0000] {processor.py:161} INFO - Started process (PID=11287) to work on /home/ubuntu/air_venv/lib/python3.10/site-packages/airflow/example_dags/example_dag_decorator.py
[2024-03-18T08:16:37.056+0000] {processor.py:830} INFO - Processing file /home/ubuntu/air_venv/lib/python3.10/site-packages/airflow/example_dags/example_dag_decorator.py for tasks to queue
[2024-03-18T08:16:37.057+0000] {logging_mixin.py:188} INFO - [2024-03-18T08:16:37.057+0000] {dagbag.py:540} INFO - Filling up the DagBag from /home/ubuntu/air_venv/lib/python3.10/site-packages/airflow/example_dags/example_dag_decorator.py
[2024-03-18T08:16:37.147+0000] {processor.py:840} INFO - DAG(s) 'example_dag_decorator' retrieved from /home/ubuntu/air_venv/lib/python3.10/site-packages/airflow/example_dags/example_dag_decorator.py
[2024-03-18T08:16:37.169+0000] {logging_mixin.py:188} INFO - [2024-03-18T08:16:37.168+0000] {dag.py:3047} INFO - Sync 1 DAGs
[2024-03-18T08:16:37.181+0000] {logging_mixin.py:188} INFO - [2024-03-18T08:16:37.181+0000] {dag.py:3834} INFO - Setting next_dagrun for example_dag_decorator to None, run_after=None
[2024-03-18T08:16:37.207+0000] {processor.py:183} INFO - Processing /home/ubuntu/air_venv/lib/python3.10/site-packages/airflow/example_dags/example_dag_decorator.py took 0.156 seconds
[2024-03-18T08:17:56.462+0000] {processor.py:161} INFO - Started process (PID=12328) to work on /home/ubuntu/air_venv/lib/python3.10/site-packages/airflow/example_dags/example_dag_decorator.py
[2024-03-18T08:17:56.465+0000] {processor.py:830} INFO - Processing file /home/ubuntu/air_venv/lib/python3.10/site-packages/airflow/example_dags/example_dag_decorator.py for tasks to queue
[2024-03-18T08:17:56.467+0000] {logging_mixin.py:188} INFO - [2024-03-18T08:17:56.466+0000] {dagbag.py:540} INFO - Filling up the DagBag from /home/ubuntu/air_venv/lib/python3.10/site-packages/airflow/example_dags/example_dag_decorator.py
[2024-03-18T08:17:56.558+0000] {processor.py:840} INFO - DAG(s) 'example_dag_decorator' retrieved from /home/ubuntu/air_venv/lib/python3.10/site-packages/airflow/example_dags/example_dag_decorator.py
[2024-03-18T08:17:56.697+0000] {logging_mixin.py:188} INFO - [2024-03-18T08:17:56.697+0000] {dag.py:3047} INFO - Sync 1 DAGs
[2024-03-18T08:17:56.709+0000] {logging_mixin.py:188} INFO - [2024-03-18T08:17:56.709+0000] {dag.py:3834} INFO - Setting next_dagrun for example_dag_decorator to None, run_after=None
[2024-03-18T08:17:56.735+0000] {processor.py:183} INFO - Processing /home/ubuntu/air_venv/lib/python3.10/site-packages/airflow/example_dags/example_dag_decorator.py took 0.276 seconds
[2024-03-18T08:18:53.437+0000] {processor.py:161} INFO - Started process (PID=12564) to work on /home/ubuntu/air_venv/lib/python3.10/site-packages/airflow/example_dags/example_dag_decorator.py
[2024-03-18T08:18:53.439+0000] {processor.py:830} INFO - Processing file /home/ubuntu/air_venv/lib/python3.10/site-packages/airflow/example_dags/example_dag_decorator.py for tasks to queue
[2024-03-18T08:18:53.440+0000] {logging_mixin.py:188} INFO - [2024-03-18T08:18:53.440+0000] {dagbag.py:540} INFO - Filling up the DagBag from /home/ubuntu/air_venv/lib/python3.10/site-packages/airflow/example_dags/example_dag_decorator.py
[2024-03-18T08:18:53.548+0000] {processor.py:840} INFO - DAG(s) 'example_dag_decorator' retrieved from /home/ubuntu/air_venv/lib/python3.10/site-packages/airflow/example_dags/example_dag_decorator.py
[2024-03-18T08:18:53.650+0000] {logging_mixin.py:188} INFO - [2024-03-18T08:18:53.650+0000] {dag.py:3047} INFO - Sync 1 DAGs
[2024-03-18T08:18:53.661+0000] {logging_mixin.py:188} INFO - [2024-03-18T08:18:53.661+0000] {dag.py:3834} INFO - Setting next_dagrun for example_dag_decorator to None, run_after=None
[2024-03-18T08:18:53.685+0000] {processor.py:183} INFO - Processing /home/ubuntu/air_venv/lib/python3.10/site-packages/airflow/example_dags/example_dag_decorator.py took 0.252 seconds
[2024-03-18T08:20:19.115+0000] {processor.py:161} INFO - Started process (PID=13245) to work on /home/ubuntu/air_venv/lib/python3.10/site-packages/airflow/example_dags/example_dag_decorator.py
[2024-03-18T08:20:19.117+0000] {processor.py:830} INFO - Processing file /home/ubuntu/air_venv/lib/python3.10/site-packages/airflow/example_dags/example_dag_decorator.py for tasks to queue
[2024-03-18T08:20:19.118+0000] {logging_mixin.py:188} INFO - [2024-03-18T08:20:19.118+0000] {dagbag.py:540} INFO - Filling up the DagBag from /home/ubuntu/air_venv/lib/python3.10/site-packages/airflow/example_dags/example_dag_decorator.py
[2024-03-18T08:20:19.206+0000] {processor.py:840} INFO - DAG(s) 'example_dag_decorator' retrieved from /home/ubuntu/air_venv/lib/python3.10/site-packages/airflow/example_dags/example_dag_decorator.py
[2024-03-18T08:20:19.318+0000] {logging_mixin.py:188} INFO - [2024-03-18T08:20:19.317+0000] {dag.py:3047} INFO - Sync 1 DAGs
[2024-03-18T08:20:19.328+0000] {logging_mixin.py:188} INFO - [2024-03-18T08:20:19.328+0000] {dag.py:3834} INFO - Setting next_dagrun for example_dag_decorator to None, run_after=None
[2024-03-18T08:20:19.356+0000] {processor.py:183} INFO - Processing /home/ubuntu/air_venv/lib/python3.10/site-packages/airflow/example_dags/example_dag_decorator.py took 0.245 seconds
[2024-03-18T08:21:42.339+0000] {processor.py:161} INFO - Started process (PID=13686) to work on /home/ubuntu/air_venv/lib/python3.10/site-packages/airflow/example_dags/example_dag_decorator.py
[2024-03-18T08:21:42.341+0000] {processor.py:830} INFO - Processing file /home/ubuntu/air_venv/lib/python3.10/site-packages/airflow/example_dags/example_dag_decorator.py for tasks to queue
[2024-03-18T08:21:42.342+0000] {logging_mixin.py:188} INFO - [2024-03-18T08:21:42.342+0000] {dagbag.py:540} INFO - Filling up the DagBag from /home/ubuntu/air_venv/lib/python3.10/site-packages/airflow/example_dags/example_dag_decorator.py
[2024-03-18T08:21:42.431+0000] {processor.py:840} INFO - DAG(s) 'example_dag_decorator' retrieved from /home/ubuntu/air_venv/lib/python3.10/site-packages/airflow/example_dags/example_dag_decorator.py
[2024-03-18T08:21:42.454+0000] {logging_mixin.py:188} INFO - [2024-03-18T08:21:42.454+0000] {dag.py:3047} INFO - Sync 1 DAGs
[2024-03-18T08:21:42.467+0000] {logging_mixin.py:188} INFO - [2024-03-18T08:21:42.466+0000] {dag.py:3834} INFO - Setting next_dagrun for example_dag_decorator to None, run_after=None
[2024-03-18T08:21:42.492+0000] {processor.py:183} INFO - Processing /home/ubuntu/air_venv/lib/python3.10/site-packages/airflow/example_dags/example_dag_decorator.py took 0.157 seconds
[2024-03-18T08:22:40.858+0000] {processor.py:161} INFO - Started process (PID=13990) to work on /home/ubuntu/air_venv/lib/python3.10/site-packages/airflow/example_dags/example_dag_decorator.py
[2024-03-18T08:22:40.860+0000] {processor.py:830} INFO - Processing file /home/ubuntu/air_venv/lib/python3.10/site-packages/airflow/example_dags/example_dag_decorator.py for tasks to queue
[2024-03-18T08:22:40.861+0000] {logging_mixin.py:188} INFO - [2024-03-18T08:22:40.860+0000] {dagbag.py:540} INFO - Filling up the DagBag from /home/ubuntu/air_venv/lib/python3.10/site-packages/airflow/example_dags/example_dag_decorator.py
[2024-03-18T08:22:40.947+0000] {processor.py:840} INFO - DAG(s) 'example_dag_decorator' retrieved from /home/ubuntu/air_venv/lib/python3.10/site-packages/airflow/example_dags/example_dag_decorator.py
[2024-03-18T08:22:40.969+0000] {logging_mixin.py:188} INFO - [2024-03-18T08:22:40.968+0000] {dag.py:3047} INFO - Sync 1 DAGs
[2024-03-18T08:22:40.982+0000] {logging_mixin.py:188} INFO - [2024-03-18T08:22:40.982+0000] {dag.py:3834} INFO - Setting next_dagrun for example_dag_decorator to None, run_after=None
[2024-03-18T08:22:41.008+0000] {processor.py:183} INFO - Processing /home/ubuntu/air_venv/lib/python3.10/site-packages/airflow/example_dags/example_dag_decorator.py took 0.153 seconds
[2024-03-18T08:23:40.186+0000] {processor.py:161} INFO - Started process (PID=14478) to work on /home/ubuntu/air_venv/lib/python3.10/site-packages/airflow/example_dags/example_dag_decorator.py
[2024-03-18T08:23:40.188+0000] {processor.py:830} INFO - Processing file /home/ubuntu/air_venv/lib/python3.10/site-packages/airflow/example_dags/example_dag_decorator.py for tasks to queue
[2024-03-18T08:23:40.189+0000] {logging_mixin.py:188} INFO - [2024-03-18T08:23:40.188+0000] {dagbag.py:540} INFO - Filling up the DagBag from /home/ubuntu/air_venv/lib/python3.10/site-packages/airflow/example_dags/example_dag_decorator.py
[2024-03-18T08:23:40.278+0000] {processor.py:840} INFO - DAG(s) 'example_dag_decorator' retrieved from /home/ubuntu/air_venv/lib/python3.10/site-packages/airflow/example_dags/example_dag_decorator.py
[2024-03-18T08:23:40.299+0000] {logging_mixin.py:188} INFO - [2024-03-18T08:23:40.299+0000] {dag.py:3047} INFO - Sync 1 DAGs
[2024-03-18T08:23:40.312+0000] {logging_mixin.py:188} INFO - [2024-03-18T08:23:40.311+0000] {dag.py:3834} INFO - Setting next_dagrun for example_dag_decorator to None, run_after=None
[2024-03-18T08:23:40.338+0000] {processor.py:183} INFO - Processing /home/ubuntu/air_venv/lib/python3.10/site-packages/airflow/example_dags/example_dag_decorator.py took 0.156 seconds
[2024-03-18T08:24:38.463+0000] {processor.py:161} INFO - Started process (PID=14938) to work on /home/ubuntu/air_venv/lib/python3.10/site-packages/airflow/example_dags/example_dag_decorator.py
[2024-03-18T08:24:38.465+0000] {processor.py:830} INFO - Processing file /home/ubuntu/air_venv/lib/python3.10/site-packages/airflow/example_dags/example_dag_decorator.py for tasks to queue
[2024-03-18T08:24:38.467+0000] {logging_mixin.py:188} INFO - [2024-03-18T08:24:38.466+0000] {dagbag.py:540} INFO - Filling up the DagBag from /home/ubuntu/air_venv/lib/python3.10/site-packages/airflow/example_dags/example_dag_decorator.py
[2024-03-18T08:24:38.556+0000] {processor.py:840} INFO - DAG(s) 'example_dag_decorator' retrieved from /home/ubuntu/air_venv/lib/python3.10/site-packages/airflow/example_dags/example_dag_decorator.py
[2024-03-18T08:24:38.657+0000] {logging_mixin.py:188} INFO - [2024-03-18T08:24:38.656+0000] {dag.py:3047} INFO - Sync 1 DAGs
[2024-03-18T08:24:38.667+0000] {logging_mixin.py:188} INFO - [2024-03-18T08:24:38.667+0000] {dag.py:3834} INFO - Setting next_dagrun for example_dag_decorator to None, run_after=None
[2024-03-18T08:24:38.692+0000] {processor.py:183} INFO - Processing /home/ubuntu/air_venv/lib/python3.10/site-packages/airflow/example_dags/example_dag_decorator.py took 0.232 seconds
[2024-03-18T08:25:43.605+0000] {processor.py:161} INFO - Started process (PID=15362) to work on /home/ubuntu/air_venv/lib/python3.10/site-packages/airflow/example_dags/example_dag_decorator.py
[2024-03-18T08:25:43.607+0000] {processor.py:830} INFO - Processing file /home/ubuntu/air_venv/lib/python3.10/site-packages/airflow/example_dags/example_dag_decorator.py for tasks to queue
[2024-03-18T08:25:43.608+0000] {logging_mixin.py:188} INFO - [2024-03-18T08:25:43.608+0000] {dagbag.py:540} INFO - Filling up the DagBag from /home/ubuntu/air_venv/lib/python3.10/site-packages/airflow/example_dags/example_dag_decorator.py
[2024-03-18T08:25:43.699+0000] {processor.py:840} INFO - DAG(s) 'example_dag_decorator' retrieved from /home/ubuntu/air_venv/lib/python3.10/site-packages/airflow/example_dags/example_dag_decorator.py
[2024-03-18T08:25:43.803+0000] {logging_mixin.py:188} INFO - [2024-03-18T08:25:43.803+0000] {dag.py:3047} INFO - Sync 1 DAGs
[2024-03-18T08:25:43.821+0000] {logging_mixin.py:188} INFO - [2024-03-18T08:25:43.821+0000] {dag.py:3834} INFO - Setting next_dagrun for example_dag_decorator to None, run_after=None
[2024-03-18T08:25:43.848+0000] {processor.py:183} INFO - Processing /home/ubuntu/air_venv/lib/python3.10/site-packages/airflow/example_dags/example_dag_decorator.py took 0.247 seconds
[2024-03-18T08:26:44.169+0000] {processor.py:161} INFO - Started process (PID=15482) to work on /home/ubuntu/air_venv/lib/python3.10/site-packages/airflow/example_dags/example_dag_decorator.py
[2024-03-18T08:26:44.171+0000] {processor.py:830} INFO - Processing file /home/ubuntu/air_venv/lib/python3.10/site-packages/airflow/example_dags/example_dag_decorator.py for tasks to queue
[2024-03-18T08:26:44.172+0000] {logging_mixin.py:188} INFO - [2024-03-18T08:26:44.172+0000] {dagbag.py:540} INFO - Filling up the DagBag from /home/ubuntu/air_venv/lib/python3.10/site-packages/airflow/example_dags/example_dag_decorator.py
[2024-03-18T08:26:44.263+0000] {processor.py:840} INFO - DAG(s) 'example_dag_decorator' retrieved from /home/ubuntu/air_venv/lib/python3.10/site-packages/airflow/example_dags/example_dag_decorator.py
[2024-03-18T08:26:44.371+0000] {logging_mixin.py:188} INFO - [2024-03-18T08:26:44.370+0000] {dag.py:3047} INFO - Sync 1 DAGs
[2024-03-18T08:26:44.383+0000] {logging_mixin.py:188} INFO - [2024-03-18T08:26:44.383+0000] {dag.py:3834} INFO - Setting next_dagrun for example_dag_decorator to None, run_after=None
[2024-03-18T08:26:44.411+0000] {processor.py:183} INFO - Processing /home/ubuntu/air_venv/lib/python3.10/site-packages/airflow/example_dags/example_dag_decorator.py took 0.245 seconds
[2024-03-18T08:27:45.938+0000] {processor.py:161} INFO - Started process (PID=15603) to work on /home/ubuntu/air_venv/lib/python3.10/site-packages/airflow/example_dags/example_dag_decorator.py
[2024-03-18T08:27:45.940+0000] {processor.py:830} INFO - Processing file /home/ubuntu/air_venv/lib/python3.10/site-packages/airflow/example_dags/example_dag_decorator.py for tasks to queue
[2024-03-18T08:27:45.941+0000] {logging_mixin.py:188} INFO - [2024-03-18T08:27:45.941+0000] {dagbag.py:540} INFO - Filling up the DagBag from /home/ubuntu/air_venv/lib/python3.10/site-packages/airflow/example_dags/example_dag_decorator.py
[2024-03-18T08:27:46.031+0000] {processor.py:840} INFO - DAG(s) 'example_dag_decorator' retrieved from /home/ubuntu/air_venv/lib/python3.10/site-packages/airflow/example_dags/example_dag_decorator.py
[2024-03-18T08:27:46.147+0000] {logging_mixin.py:188} INFO - [2024-03-18T08:27:46.140+0000] {dag.py:3047} INFO - Sync 1 DAGs
[2024-03-18T08:27:46.165+0000] {logging_mixin.py:188} INFO - [2024-03-18T08:27:46.162+0000] {dag.py:3834} INFO - Setting next_dagrun for example_dag_decorator to None, run_after=None
[2024-03-18T08:27:46.193+0000] {processor.py:183} INFO - Processing /home/ubuntu/air_venv/lib/python3.10/site-packages/airflow/example_dags/example_dag_decorator.py took 0.259 seconds
[2024-03-18T08:28:49.606+0000] {processor.py:161} INFO - Started process (PID=15724) to work on /home/ubuntu/air_venv/lib/python3.10/site-packages/airflow/example_dags/example_dag_decorator.py
[2024-03-18T08:28:49.608+0000] {processor.py:830} INFO - Processing file /home/ubuntu/air_venv/lib/python3.10/site-packages/airflow/example_dags/example_dag_decorator.py for tasks to queue
[2024-03-18T08:28:49.610+0000] {logging_mixin.py:188} INFO - [2024-03-18T08:28:49.609+0000] {dagbag.py:540} INFO - Filling up the DagBag from /home/ubuntu/air_venv/lib/python3.10/site-packages/airflow/example_dags/example_dag_decorator.py
[2024-03-18T08:28:49.707+0000] {processor.py:840} INFO - DAG(s) 'example_dag_decorator' retrieved from /home/ubuntu/air_venv/lib/python3.10/site-packages/airflow/example_dags/example_dag_decorator.py
[2024-03-18T08:28:49.812+0000] {logging_mixin.py:188} INFO - [2024-03-18T08:28:49.812+0000] {dag.py:3047} INFO - Sync 1 DAGs
[2024-03-18T08:28:49.825+0000] {logging_mixin.py:188} INFO - [2024-03-18T08:28:49.825+0000] {dag.py:3834} INFO - Setting next_dagrun for example_dag_decorator to None, run_after=None
[2024-03-18T08:28:49.851+0000] {processor.py:183} INFO - Processing /home/ubuntu/air_venv/lib/python3.10/site-packages/airflow/example_dags/example_dag_decorator.py took 0.248 seconds
