[2024-03-18T07:59:53.304+0000] {processor.py:161} INFO - Started process (PID=2750) to work on /home/ubuntu/air_venv/lib/python3.10/site-packages/airflow/example_dags/example_sla_dag.py
[2024-03-18T07:59:53.305+0000] {processor.py:830} INFO - Processing file /home/ubuntu/air_venv/lib/python3.10/site-packages/airflow/example_dags/example_sla_dag.py for tasks to queue
[2024-03-18T07:59:53.306+0000] {logging_mixin.py:188} INFO - [2024-03-18T07:59:53.305+0000] {dagbag.py:540} INFO - Filling up the DagBag from /home/ubuntu/air_venv/lib/python3.10/site-packages/airflow/example_dags/example_sla_dag.py
[2024-03-18T07:59:53.319+0000] {processor.py:840} INFO - DAG(s) 'example_sla_dag' retrieved from /home/ubuntu/air_venv/lib/python3.10/site-packages/airflow/example_dags/example_sla_dag.py
[2024-03-18T07:59:53.437+0000] {logging_mixin.py:188} INFO - [2024-03-18T07:59:53.436+0000] {override.py:1769} INFO - Created Permission View: can edit on DAG:example_sla_dag
[2024-03-18T07:59:53.461+0000] {logging_mixin.py:188} INFO - [2024-03-18T07:59:53.460+0000] {override.py:1769} INFO - Created Permission View: can delete on DAG:example_sla_dag
[2024-03-18T07:59:53.476+0000] {logging_mixin.py:188} INFO - [2024-03-18T07:59:53.476+0000] {override.py:1769} INFO - Created Permission View: can read on DAG:example_sla_dag
[2024-03-18T07:59:53.477+0000] {logging_mixin.py:188} INFO - [2024-03-18T07:59:53.476+0000] {dag.py:3047} INFO - Sync 1 DAGs
[2024-03-18T07:59:53.488+0000] {logging_mixin.py:188} INFO - [2024-03-18T07:59:53.488+0000] {dag.py:3069} INFO - Creating ORM DAG for example_sla_dag
[2024-03-18T07:59:53.501+0000] {logging_mixin.py:188} INFO - [2024-03-18T07:59:53.501+0000] {dag.py:3834} INFO - Setting next_dagrun for example_sla_dag to 2024-03-18 07:56:00+00:00, run_after=2024-03-18 07:58:00+00:00
[2024-03-18T07:59:53.526+0000] {processor.py:183} INFO - Processing /home/ubuntu/air_venv/lib/python3.10/site-packages/airflow/example_dags/example_sla_dag.py took 0.225 seconds
[2024-03-18T08:00:57.567+0000] {processor.py:161} INFO - Started process (PID=3261) to work on /home/ubuntu/air_venv/lib/python3.10/site-packages/airflow/example_dags/example_sla_dag.py
[2024-03-18T08:00:57.569+0000] {processor.py:830} INFO - Processing file /home/ubuntu/air_venv/lib/python3.10/site-packages/airflow/example_dags/example_sla_dag.py for tasks to queue
[2024-03-18T08:00:57.571+0000] {logging_mixin.py:188} INFO - [2024-03-18T08:00:57.571+0000] {dagbag.py:540} INFO - Filling up the DagBag from /home/ubuntu/air_venv/lib/python3.10/site-packages/airflow/example_dags/example_sla_dag.py
[2024-03-18T08:00:57.581+0000] {processor.py:840} INFO - DAG(s) 'example_sla_dag' retrieved from /home/ubuntu/air_venv/lib/python3.10/site-packages/airflow/example_dags/example_sla_dag.py
[2024-03-18T08:00:57.598+0000] {logging_mixin.py:188} INFO - [2024-03-18T08:00:57.598+0000] {dag.py:3047} INFO - Sync 1 DAGs
[2024-03-18T08:00:57.627+0000] {logging_mixin.py:188} INFO - [2024-03-18T08:00:57.626+0000] {dag.py:3834} INFO - Setting next_dagrun for example_sla_dag to 2024-03-18 07:58:00+00:00, run_after=2024-03-18 08:00:00+00:00
[2024-03-18T08:00:57.651+0000] {processor.py:183} INFO - Processing /home/ubuntu/air_venv/lib/python3.10/site-packages/airflow/example_dags/example_sla_dag.py took 0.087 seconds
[2024-03-18T08:01:47.437+0000] {processor.py:161} INFO - Started process (PID=3768) to work on /home/ubuntu/air_venv/lib/python3.10/site-packages/airflow/example_dags/example_sla_dag.py
[2024-03-18T08:01:47.440+0000] {processor.py:830} INFO - Processing file /home/ubuntu/air_venv/lib/python3.10/site-packages/airflow/example_dags/example_sla_dag.py for tasks to queue
[2024-03-18T08:01:47.441+0000] {logging_mixin.py:188} INFO - [2024-03-18T08:01:47.441+0000] {dagbag.py:540} INFO - Filling up the DagBag from /home/ubuntu/air_venv/lib/python3.10/site-packages/airflow/example_dags/example_sla_dag.py
[2024-03-18T08:01:47.466+0000] {processor.py:840} INFO - DAG(s) 'example_sla_dag' retrieved from /home/ubuntu/air_venv/lib/python3.10/site-packages/airflow/example_dags/example_sla_dag.py
[2024-03-18T08:01:47.533+0000] {logging_mixin.py:188} INFO - [2024-03-18T08:01:47.533+0000] {dag.py:3047} INFO - Sync 1 DAGs
[2024-03-18T08:01:47.582+0000] {logging_mixin.py:188} INFO - [2024-03-18T08:01:47.582+0000] {dag.py:3834} INFO - Setting next_dagrun for example_sla_dag to 2024-03-18 07:58:00+00:00, run_after=2024-03-18 08:00:00+00:00
[2024-03-18T08:01:47.750+0000] {processor.py:183} INFO - Processing /home/ubuntu/air_venv/lib/python3.10/site-packages/airflow/example_dags/example_sla_dag.py took 0.318 seconds
[2024-03-18T08:02:38.796+0000] {processor.py:161} INFO - Started process (PID=4256) to work on /home/ubuntu/air_venv/lib/python3.10/site-packages/airflow/example_dags/example_sla_dag.py
[2024-03-18T08:02:38.797+0000] {processor.py:830} INFO - Processing file /home/ubuntu/air_venv/lib/python3.10/site-packages/airflow/example_dags/example_sla_dag.py for tasks to queue
[2024-03-18T08:02:38.803+0000] {logging_mixin.py:188} INFO - [2024-03-18T08:02:38.802+0000] {dagbag.py:540} INFO - Filling up the DagBag from /home/ubuntu/air_venv/lib/python3.10/site-packages/airflow/example_dags/example_sla_dag.py
[2024-03-18T08:02:38.815+0000] {processor.py:840} INFO - DAG(s) 'example_sla_dag' retrieved from /home/ubuntu/air_venv/lib/python3.10/site-packages/airflow/example_dags/example_sla_dag.py
[2024-03-18T08:02:38.977+0000] {logging_mixin.py:188} INFO - [2024-03-18T08:02:38.977+0000] {dag.py:3047} INFO - Sync 1 DAGs
[2024-03-18T08:02:38.999+0000] {logging_mixin.py:188} INFO - [2024-03-18T08:02:38.998+0000] {dag.py:3834} INFO - Setting next_dagrun for example_sla_dag to 2024-03-18 08:00:00+00:00, run_after=2024-03-18 08:02:00+00:00
[2024-03-18T08:02:39.022+0000] {processor.py:183} INFO - Processing /home/ubuntu/air_venv/lib/python3.10/site-packages/airflow/example_dags/example_sla_dag.py took 0.230 seconds
[2024-03-18T08:03:31.252+0000] {processor.py:161} INFO - Started process (PID=4485) to work on /home/ubuntu/air_venv/lib/python3.10/site-packages/airflow/example_dags/example_sla_dag.py
[2024-03-18T08:03:31.254+0000] {processor.py:830} INFO - Processing file /home/ubuntu/air_venv/lib/python3.10/site-packages/airflow/example_dags/example_sla_dag.py for tasks to queue
[2024-03-18T08:03:31.255+0000] {logging_mixin.py:188} INFO - [2024-03-18T08:03:31.255+0000] {dagbag.py:540} INFO - Filling up the DagBag from /home/ubuntu/air_venv/lib/python3.10/site-packages/airflow/example_dags/example_sla_dag.py
[2024-03-18T08:03:31.266+0000] {processor.py:840} INFO - DAG(s) 'example_sla_dag' retrieved from /home/ubuntu/air_venv/lib/python3.10/site-packages/airflow/example_dags/example_sla_dag.py
[2024-03-18T08:03:31.283+0000] {logging_mixin.py:188} INFO - [2024-03-18T08:03:31.283+0000] {dag.py:3047} INFO - Sync 1 DAGs
[2024-03-18T08:03:31.310+0000] {logging_mixin.py:188} INFO - [2024-03-18T08:03:31.310+0000] {dag.py:3834} INFO - Setting next_dagrun for example_sla_dag to 2024-03-18 08:00:00+00:00, run_after=2024-03-18 08:02:00+00:00
[2024-03-18T08:03:31.341+0000] {processor.py:183} INFO - Processing /home/ubuntu/air_venv/lib/python3.10/site-packages/airflow/example_dags/example_sla_dag.py took 0.092 seconds
[2024-03-18T08:04:24.169+0000] {processor.py:161} INFO - Started process (PID=5078) to work on /home/ubuntu/air_venv/lib/python3.10/site-packages/airflow/example_dags/example_sla_dag.py
[2024-03-18T08:04:24.171+0000] {processor.py:830} INFO - Processing file /home/ubuntu/air_venv/lib/python3.10/site-packages/airflow/example_dags/example_sla_dag.py for tasks to queue
[2024-03-18T08:04:24.172+0000] {logging_mixin.py:188} INFO - [2024-03-18T08:04:24.172+0000] {dagbag.py:540} INFO - Filling up the DagBag from /home/ubuntu/air_venv/lib/python3.10/site-packages/airflow/example_dags/example_sla_dag.py
[2024-03-18T08:04:24.182+0000] {processor.py:840} INFO - DAG(s) 'example_sla_dag' retrieved from /home/ubuntu/air_venv/lib/python3.10/site-packages/airflow/example_dags/example_sla_dag.py
[2024-03-18T08:04:24.199+0000] {logging_mixin.py:188} INFO - [2024-03-18T08:04:24.199+0000] {dag.py:3047} INFO - Sync 1 DAGs
[2024-03-18T08:04:24.225+0000] {logging_mixin.py:188} INFO - [2024-03-18T08:04:24.224+0000] {dag.py:3834} INFO - Setting next_dagrun for example_sla_dag to 2024-03-18 08:02:00+00:00, run_after=2024-03-18 08:04:00+00:00
[2024-03-18T08:04:24.251+0000] {processor.py:183} INFO - Processing /home/ubuntu/air_venv/lib/python3.10/site-packages/airflow/example_dags/example_sla_dag.py took 0.086 seconds
[2024-03-18T08:05:18.178+0000] {processor.py:161} INFO - Started process (PID=5458) to work on /home/ubuntu/air_venv/lib/python3.10/site-packages/airflow/example_dags/example_sla_dag.py
[2024-03-18T08:05:18.180+0000] {processor.py:830} INFO - Processing file /home/ubuntu/air_venv/lib/python3.10/site-packages/airflow/example_dags/example_sla_dag.py for tasks to queue
[2024-03-18T08:05:18.181+0000] {logging_mixin.py:188} INFO - [2024-03-18T08:05:18.181+0000] {dagbag.py:540} INFO - Filling up the DagBag from /home/ubuntu/air_venv/lib/python3.10/site-packages/airflow/example_dags/example_sla_dag.py
[2024-03-18T08:05:18.192+0000] {processor.py:840} INFO - DAG(s) 'example_sla_dag' retrieved from /home/ubuntu/air_venv/lib/python3.10/site-packages/airflow/example_dags/example_sla_dag.py
[2024-03-18T08:05:18.210+0000] {logging_mixin.py:188} INFO - [2024-03-18T08:05:18.210+0000] {dag.py:3047} INFO - Sync 1 DAGs
[2024-03-18T08:05:18.249+0000] {logging_mixin.py:188} INFO - [2024-03-18T08:05:18.248+0000] {dag.py:3834} INFO - Setting next_dagrun for example_sla_dag to 2024-03-18 08:02:00+00:00, run_after=2024-03-18 08:04:00+00:00
[2024-03-18T08:05:18.274+0000] {processor.py:183} INFO - Processing /home/ubuntu/air_venv/lib/python3.10/site-packages/airflow/example_dags/example_sla_dag.py took 0.099 seconds
[2024-03-18T08:06:06.811+0000] {processor.py:161} INFO - Started process (PID=6023) to work on /home/ubuntu/air_venv/lib/python3.10/site-packages/airflow/example_dags/example_sla_dag.py
[2024-03-18T08:06:06.813+0000] {processor.py:830} INFO - Processing file /home/ubuntu/air_venv/lib/python3.10/site-packages/airflow/example_dags/example_sla_dag.py for tasks to queue
[2024-03-18T08:06:06.814+0000] {logging_mixin.py:188} INFO - [2024-03-18T08:06:06.814+0000] {dagbag.py:540} INFO - Filling up the DagBag from /home/ubuntu/air_venv/lib/python3.10/site-packages/airflow/example_dags/example_sla_dag.py
[2024-03-18T08:06:06.825+0000] {processor.py:840} INFO - DAG(s) 'example_sla_dag' retrieved from /home/ubuntu/air_venv/lib/python3.10/site-packages/airflow/example_dags/example_sla_dag.py
[2024-03-18T08:06:06.862+0000] {logging_mixin.py:188} INFO - [2024-03-18T08:06:06.862+0000] {dag.py:3047} INFO - Sync 1 DAGs
[2024-03-18T08:06:06.937+0000] {logging_mixin.py:188} INFO - [2024-03-18T08:06:06.937+0000] {dag.py:3834} INFO - Setting next_dagrun for example_sla_dag to 2024-03-18 08:04:00+00:00, run_after=2024-03-18 08:06:00+00:00
[2024-03-18T08:06:06.965+0000] {processor.py:183} INFO - Processing /home/ubuntu/air_venv/lib/python3.10/site-packages/airflow/example_dags/example_sla_dag.py took 0.160 seconds
[2024-03-18T08:07:13.570+0000] {processor.py:161} INFO - Started process (PID=6870) to work on /home/ubuntu/air_venv/lib/python3.10/site-packages/airflow/example_dags/example_sla_dag.py
[2024-03-18T08:07:13.573+0000] {processor.py:830} INFO - Processing file /home/ubuntu/air_venv/lib/python3.10/site-packages/airflow/example_dags/example_sla_dag.py for tasks to queue
[2024-03-18T08:07:13.574+0000] {logging_mixin.py:188} INFO - [2024-03-18T08:07:13.574+0000] {dagbag.py:540} INFO - Filling up the DagBag from /home/ubuntu/air_venv/lib/python3.10/site-packages/airflow/example_dags/example_sla_dag.py
[2024-03-18T08:07:13.590+0000] {processor.py:840} INFO - DAG(s) 'example_sla_dag' retrieved from /home/ubuntu/air_venv/lib/python3.10/site-packages/airflow/example_dags/example_sla_dag.py
[2024-03-18T08:07:13.634+0000] {logging_mixin.py:188} INFO - [2024-03-18T08:07:13.634+0000] {dag.py:3047} INFO - Sync 1 DAGs
[2024-03-18T08:07:13.710+0000] {logging_mixin.py:188} INFO - [2024-03-18T08:07:13.710+0000] {dag.py:3834} INFO - Setting next_dagrun for example_sla_dag to 2024-03-18 08:04:00+00:00, run_after=2024-03-18 08:06:00+00:00
[2024-03-18T08:07:13.753+0000] {processor.py:183} INFO - Processing /home/ubuntu/air_venv/lib/python3.10/site-packages/airflow/example_dags/example_sla_dag.py took 0.187 seconds
[2024-03-18T08:08:08.122+0000] {processor.py:161} INFO - Started process (PID=7225) to work on /home/ubuntu/air_venv/lib/python3.10/site-packages/airflow/example_dags/example_sla_dag.py
[2024-03-18T08:08:08.124+0000] {processor.py:830} INFO - Processing file /home/ubuntu/air_venv/lib/python3.10/site-packages/airflow/example_dags/example_sla_dag.py for tasks to queue
[2024-03-18T08:08:08.125+0000] {logging_mixin.py:188} INFO - [2024-03-18T08:08:08.125+0000] {dagbag.py:540} INFO - Filling up the DagBag from /home/ubuntu/air_venv/lib/python3.10/site-packages/airflow/example_dags/example_sla_dag.py
[2024-03-18T08:08:08.136+0000] {processor.py:840} INFO - DAG(s) 'example_sla_dag' retrieved from /home/ubuntu/air_venv/lib/python3.10/site-packages/airflow/example_dags/example_sla_dag.py
[2024-03-18T08:08:08.154+0000] {logging_mixin.py:188} INFO - [2024-03-18T08:08:08.154+0000] {dag.py:3047} INFO - Sync 1 DAGs
[2024-03-18T08:08:08.182+0000] {logging_mixin.py:188} INFO - [2024-03-18T08:08:08.182+0000] {dag.py:3834} INFO - Setting next_dagrun for example_sla_dag to 2024-03-18 08:06:00+00:00, run_after=2024-03-18 08:08:00+00:00
[2024-03-18T08:08:08.210+0000] {processor.py:183} INFO - Processing /home/ubuntu/air_venv/lib/python3.10/site-packages/airflow/example_dags/example_sla_dag.py took 0.092 seconds
[2024-03-18T08:08:55.164+0000] {processor.py:161} INFO - Started process (PID=7580) to work on /home/ubuntu/air_venv/lib/python3.10/site-packages/airflow/example_dags/example_sla_dag.py
[2024-03-18T08:08:55.166+0000] {processor.py:830} INFO - Processing file /home/ubuntu/air_venv/lib/python3.10/site-packages/airflow/example_dags/example_sla_dag.py for tasks to queue
[2024-03-18T08:08:55.167+0000] {logging_mixin.py:188} INFO - [2024-03-18T08:08:55.166+0000] {dagbag.py:540} INFO - Filling up the DagBag from /home/ubuntu/air_venv/lib/python3.10/site-packages/airflow/example_dags/example_sla_dag.py
[2024-03-18T08:08:55.177+0000] {processor.py:840} INFO - DAG(s) 'example_sla_dag' retrieved from /home/ubuntu/air_venv/lib/python3.10/site-packages/airflow/example_dags/example_sla_dag.py
[2024-03-18T08:08:55.195+0000] {logging_mixin.py:188} INFO - [2024-03-18T08:08:55.195+0000] {dag.py:3047} INFO - Sync 1 DAGs
[2024-03-18T08:08:55.220+0000] {logging_mixin.py:188} INFO - [2024-03-18T08:08:55.220+0000] {dag.py:3834} INFO - Setting next_dagrun for example_sla_dag to 2024-03-18 08:06:00+00:00, run_after=2024-03-18 08:08:00+00:00
[2024-03-18T08:08:55.245+0000] {processor.py:183} INFO - Processing /home/ubuntu/air_venv/lib/python3.10/site-packages/airflow/example_dags/example_sla_dag.py took 0.084 seconds
[2024-03-18T08:09:38.684+0000] {processor.py:161} INFO - Started process (PID=7926) to work on /home/ubuntu/air_venv/lib/python3.10/site-packages/airflow/example_dags/example_sla_dag.py
[2024-03-18T08:09:38.686+0000] {processor.py:830} INFO - Processing file /home/ubuntu/air_venv/lib/python3.10/site-packages/airflow/example_dags/example_sla_dag.py for tasks to queue
[2024-03-18T08:09:38.687+0000] {logging_mixin.py:188} INFO - [2024-03-18T08:09:38.687+0000] {dagbag.py:540} INFO - Filling up the DagBag from /home/ubuntu/air_venv/lib/python3.10/site-packages/airflow/example_dags/example_sla_dag.py
[2024-03-18T08:09:38.705+0000] {processor.py:840} INFO - DAG(s) 'example_sla_dag' retrieved from /home/ubuntu/air_venv/lib/python3.10/site-packages/airflow/example_dags/example_sla_dag.py
[2024-03-18T08:09:38.724+0000] {logging_mixin.py:188} INFO - [2024-03-18T08:09:38.724+0000] {dag.py:3047} INFO - Sync 1 DAGs
[2024-03-18T08:09:38.752+0000] {logging_mixin.py:188} INFO - [2024-03-18T08:09:38.751+0000] {dag.py:3834} INFO - Setting next_dagrun for example_sla_dag to 2024-03-18 08:06:00+00:00, run_after=2024-03-18 08:08:00+00:00
[2024-03-18T08:09:38.776+0000] {processor.py:183} INFO - Processing /home/ubuntu/air_venv/lib/python3.10/site-packages/airflow/example_dags/example_sla_dag.py took 0.095 seconds
[2024-03-18T08:10:20.896+0000] {processor.py:161} INFO - Started process (PID=8266) to work on /home/ubuntu/air_venv/lib/python3.10/site-packages/airflow/example_dags/example_sla_dag.py
[2024-03-18T08:10:20.897+0000] {processor.py:830} INFO - Processing file /home/ubuntu/air_venv/lib/python3.10/site-packages/airflow/example_dags/example_sla_dag.py for tasks to queue
[2024-03-18T08:10:20.899+0000] {logging_mixin.py:188} INFO - [2024-03-18T08:10:20.898+0000] {dagbag.py:540} INFO - Filling up the DagBag from /home/ubuntu/air_venv/lib/python3.10/site-packages/airflow/example_dags/example_sla_dag.py
[2024-03-18T08:10:20.909+0000] {processor.py:840} INFO - DAG(s) 'example_sla_dag' retrieved from /home/ubuntu/air_venv/lib/python3.10/site-packages/airflow/example_dags/example_sla_dag.py
[2024-03-18T08:10:20.927+0000] {logging_mixin.py:188} INFO - [2024-03-18T08:10:20.927+0000] {dag.py:3047} INFO - Sync 1 DAGs
[2024-03-18T08:10:20.952+0000] {logging_mixin.py:188} INFO - [2024-03-18T08:10:20.952+0000] {dag.py:3834} INFO - Setting next_dagrun for example_sla_dag to 2024-03-18 08:08:00+00:00, run_after=2024-03-18 08:10:00+00:00
[2024-03-18T08:10:20.977+0000] {processor.py:183} INFO - Processing /home/ubuntu/air_venv/lib/python3.10/site-packages/airflow/example_dags/example_sla_dag.py took 0.085 seconds
[2024-03-18T08:11:05.298+0000] {processor.py:161} INFO - Started process (PID=8551) to work on /home/ubuntu/air_venv/lib/python3.10/site-packages/airflow/example_dags/example_sla_dag.py
[2024-03-18T08:11:05.307+0000] {processor.py:830} INFO - Processing file /home/ubuntu/air_venv/lib/python3.10/site-packages/airflow/example_dags/example_sla_dag.py for tasks to queue
[2024-03-18T08:11:05.308+0000] {logging_mixin.py:188} INFO - [2024-03-18T08:11:05.308+0000] {dagbag.py:540} INFO - Filling up the DagBag from /home/ubuntu/air_venv/lib/python3.10/site-packages/airflow/example_dags/example_sla_dag.py
[2024-03-18T08:11:05.339+0000] {processor.py:840} INFO - DAG(s) 'example_sla_dag' retrieved from /home/ubuntu/air_venv/lib/python3.10/site-packages/airflow/example_dags/example_sla_dag.py
[2024-03-18T08:11:05.358+0000] {logging_mixin.py:188} INFO - [2024-03-18T08:11:05.357+0000] {dag.py:3047} INFO - Sync 1 DAGs
[2024-03-18T08:11:05.403+0000] {logging_mixin.py:188} INFO - [2024-03-18T08:11:05.403+0000] {dag.py:3834} INFO - Setting next_dagrun for example_sla_dag to 2024-03-18 08:08:00+00:00, run_after=2024-03-18 08:10:00+00:00
[2024-03-18T08:11:05.437+0000] {processor.py:183} INFO - Processing /home/ubuntu/air_venv/lib/python3.10/site-packages/airflow/example_dags/example_sla_dag.py took 0.142 seconds
[2024-03-18T08:11:46.563+0000] {processor.py:161} INFO - Started process (PID=8953) to work on /home/ubuntu/air_venv/lib/python3.10/site-packages/airflow/example_dags/example_sla_dag.py
[2024-03-18T08:11:46.565+0000] {processor.py:830} INFO - Processing file /home/ubuntu/air_venv/lib/python3.10/site-packages/airflow/example_dags/example_sla_dag.py for tasks to queue
[2024-03-18T08:11:46.566+0000] {logging_mixin.py:188} INFO - [2024-03-18T08:11:46.565+0000] {dagbag.py:540} INFO - Filling up the DagBag from /home/ubuntu/air_venv/lib/python3.10/site-packages/airflow/example_dags/example_sla_dag.py
[2024-03-18T08:11:46.576+0000] {processor.py:840} INFO - DAG(s) 'example_sla_dag' retrieved from /home/ubuntu/air_venv/lib/python3.10/site-packages/airflow/example_dags/example_sla_dag.py
[2024-03-18T08:11:46.593+0000] {logging_mixin.py:188} INFO - [2024-03-18T08:11:46.593+0000] {dag.py:3047} INFO - Sync 1 DAGs
[2024-03-18T08:11:46.631+0000] {logging_mixin.py:188} INFO - [2024-03-18T08:11:46.630+0000] {dag.py:3834} INFO - Setting next_dagrun for example_sla_dag to 2024-03-18 08:08:00+00:00, run_after=2024-03-18 08:10:00+00:00
[2024-03-18T08:11:46.656+0000] {processor.py:183} INFO - Processing /home/ubuntu/air_venv/lib/python3.10/site-packages/airflow/example_dags/example_sla_dag.py took 0.097 seconds
[2024-03-18T08:12:26.029+0000] {processor.py:161} INFO - Started process (PID=9113) to work on /home/ubuntu/air_venv/lib/python3.10/site-packages/airflow/example_dags/example_sla_dag.py
[2024-03-18T08:12:26.031+0000] {processor.py:830} INFO - Processing file /home/ubuntu/air_venv/lib/python3.10/site-packages/airflow/example_dags/example_sla_dag.py for tasks to queue
[2024-03-18T08:12:26.032+0000] {logging_mixin.py:188} INFO - [2024-03-18T08:12:26.031+0000] {dagbag.py:540} INFO - Filling up the DagBag from /home/ubuntu/air_venv/lib/python3.10/site-packages/airflow/example_dags/example_sla_dag.py
[2024-03-18T08:12:26.042+0000] {processor.py:840} INFO - DAG(s) 'example_sla_dag' retrieved from /home/ubuntu/air_venv/lib/python3.10/site-packages/airflow/example_dags/example_sla_dag.py
[2024-03-18T08:12:26.059+0000] {logging_mixin.py:188} INFO - [2024-03-18T08:12:26.059+0000] {dag.py:3047} INFO - Sync 1 DAGs
[2024-03-18T08:12:26.091+0000] {logging_mixin.py:188} INFO - [2024-03-18T08:12:26.091+0000] {dag.py:3834} INFO - Setting next_dagrun for example_sla_dag to 2024-03-18 08:10:00+00:00, run_after=2024-03-18 08:12:00+00:00
[2024-03-18T08:12:26.118+0000] {processor.py:183} INFO - Processing /home/ubuntu/air_venv/lib/python3.10/site-packages/airflow/example_dags/example_sla_dag.py took 0.093 seconds
[2024-03-18T08:13:10.677+0000] {processor.py:161} INFO - Started process (PID=9396) to work on /home/ubuntu/air_venv/lib/python3.10/site-packages/airflow/example_dags/example_sla_dag.py
[2024-03-18T08:13:10.679+0000] {processor.py:830} INFO - Processing file /home/ubuntu/air_venv/lib/python3.10/site-packages/airflow/example_dags/example_sla_dag.py for tasks to queue
[2024-03-18T08:13:10.680+0000] {logging_mixin.py:188} INFO - [2024-03-18T08:13:10.679+0000] {dagbag.py:540} INFO - Filling up the DagBag from /home/ubuntu/air_venv/lib/python3.10/site-packages/airflow/example_dags/example_sla_dag.py
[2024-03-18T08:13:10.692+0000] {processor.py:840} INFO - DAG(s) 'example_sla_dag' retrieved from /home/ubuntu/air_venv/lib/python3.10/site-packages/airflow/example_dags/example_sla_dag.py
[2024-03-18T08:13:10.710+0000] {logging_mixin.py:188} INFO - [2024-03-18T08:13:10.710+0000] {dag.py:3047} INFO - Sync 1 DAGs
[2024-03-18T08:13:10.739+0000] {logging_mixin.py:188} INFO - [2024-03-18T08:13:10.738+0000] {dag.py:3834} INFO - Setting next_dagrun for example_sla_dag to 2024-03-18 08:10:00+00:00, run_after=2024-03-18 08:12:00+00:00
[2024-03-18T08:13:10.765+0000] {processor.py:183} INFO - Processing /home/ubuntu/air_venv/lib/python3.10/site-packages/airflow/example_dags/example_sla_dag.py took 0.092 seconds
[2024-03-18T08:13:52.335+0000] {processor.py:161} INFO - Started process (PID=9621) to work on /home/ubuntu/air_venv/lib/python3.10/site-packages/airflow/example_dags/example_sla_dag.py
[2024-03-18T08:13:52.336+0000] {processor.py:830} INFO - Processing file /home/ubuntu/air_venv/lib/python3.10/site-packages/airflow/example_dags/example_sla_dag.py for tasks to queue
[2024-03-18T08:13:52.337+0000] {logging_mixin.py:188} INFO - [2024-03-18T08:13:52.337+0000] {dagbag.py:540} INFO - Filling up the DagBag from /home/ubuntu/air_venv/lib/python3.10/site-packages/airflow/example_dags/example_sla_dag.py
[2024-03-18T08:13:52.348+0000] {processor.py:840} INFO - DAG(s) 'example_sla_dag' retrieved from /home/ubuntu/air_venv/lib/python3.10/site-packages/airflow/example_dags/example_sla_dag.py
[2024-03-18T08:13:52.367+0000] {logging_mixin.py:188} INFO - [2024-03-18T08:13:52.366+0000] {dag.py:3047} INFO - Sync 1 DAGs
[2024-03-18T08:13:52.394+0000] {logging_mixin.py:188} INFO - [2024-03-18T08:13:52.393+0000] {dag.py:3834} INFO - Setting next_dagrun for example_sla_dag to 2024-03-18 08:10:00+00:00, run_after=2024-03-18 08:12:00+00:00
[2024-03-18T08:13:52.419+0000] {processor.py:183} INFO - Processing /home/ubuntu/air_venv/lib/python3.10/site-packages/airflow/example_dags/example_sla_dag.py took 0.088 seconds
[2024-03-18T08:14:58.630+0000] {processor.py:161} INFO - Started process (PID=10232) to work on /home/ubuntu/air_venv/lib/python3.10/site-packages/airflow/example_dags/example_sla_dag.py
[2024-03-18T08:14:58.632+0000] {processor.py:830} INFO - Processing file /home/ubuntu/air_venv/lib/python3.10/site-packages/airflow/example_dags/example_sla_dag.py for tasks to queue
[2024-03-18T08:14:58.633+0000] {logging_mixin.py:188} INFO - [2024-03-18T08:14:58.633+0000] {dagbag.py:540} INFO - Filling up the DagBag from /home/ubuntu/air_venv/lib/python3.10/site-packages/airflow/example_dags/example_sla_dag.py
[2024-03-18T08:14:58.643+0000] {processor.py:840} INFO - DAG(s) 'example_sla_dag' retrieved from /home/ubuntu/air_venv/lib/python3.10/site-packages/airflow/example_dags/example_sla_dag.py
[2024-03-18T08:14:58.661+0000] {logging_mixin.py:188} INFO - [2024-03-18T08:14:58.661+0000] {dag.py:3047} INFO - Sync 1 DAGs
[2024-03-18T08:14:58.686+0000] {logging_mixin.py:188} INFO - [2024-03-18T08:14:58.686+0000] {dag.py:3834} INFO - Setting next_dagrun for example_sla_dag to 2024-03-18 08:12:00+00:00, run_after=2024-03-18 08:14:00+00:00
[2024-03-18T08:14:58.718+0000] {processor.py:183} INFO - Processing /home/ubuntu/air_venv/lib/python3.10/site-packages/airflow/example_dags/example_sla_dag.py took 0.091 seconds
[2024-03-18T08:15:55.138+0000] {processor.py:161} INFO - Started process (PID=10828) to work on /home/ubuntu/air_venv/lib/python3.10/site-packages/airflow/example_dags/example_sla_dag.py
[2024-03-18T08:15:55.140+0000] {processor.py:830} INFO - Processing file /home/ubuntu/air_venv/lib/python3.10/site-packages/airflow/example_dags/example_sla_dag.py for tasks to queue
[2024-03-18T08:15:55.141+0000] {logging_mixin.py:188} INFO - [2024-03-18T08:15:55.140+0000] {dagbag.py:540} INFO - Filling up the DagBag from /home/ubuntu/air_venv/lib/python3.10/site-packages/airflow/example_dags/example_sla_dag.py
[2024-03-18T08:15:55.152+0000] {processor.py:840} INFO - DAG(s) 'example_sla_dag' retrieved from /home/ubuntu/air_venv/lib/python3.10/site-packages/airflow/example_dags/example_sla_dag.py
[2024-03-18T08:15:55.169+0000] {logging_mixin.py:188} INFO - [2024-03-18T08:15:55.169+0000] {dag.py:3047} INFO - Sync 1 DAGs
[2024-03-18T08:15:55.209+0000] {logging_mixin.py:188} INFO - [2024-03-18T08:15:55.208+0000] {dag.py:3834} INFO - Setting next_dagrun for example_sla_dag to 2024-03-18 08:12:00+00:00, run_after=2024-03-18 08:14:00+00:00
[2024-03-18T08:15:55.233+0000] {processor.py:183} INFO - Processing /home/ubuntu/air_venv/lib/python3.10/site-packages/airflow/example_dags/example_sla_dag.py took 0.100 seconds
[2024-03-18T08:16:44.644+0000] {processor.py:161} INFO - Started process (PID=11379) to work on /home/ubuntu/air_venv/lib/python3.10/site-packages/airflow/example_dags/example_sla_dag.py
[2024-03-18T08:16:44.646+0000] {processor.py:830} INFO - Processing file /home/ubuntu/air_venv/lib/python3.10/site-packages/airflow/example_dags/example_sla_dag.py for tasks to queue
[2024-03-18T08:16:44.647+0000] {logging_mixin.py:188} INFO - [2024-03-18T08:16:44.646+0000] {dagbag.py:540} INFO - Filling up the DagBag from /home/ubuntu/air_venv/lib/python3.10/site-packages/airflow/example_dags/example_sla_dag.py
[2024-03-18T08:16:44.657+0000] {processor.py:840} INFO - DAG(s) 'example_sla_dag' retrieved from /home/ubuntu/air_venv/lib/python3.10/site-packages/airflow/example_dags/example_sla_dag.py
[2024-03-18T08:16:44.675+0000] {logging_mixin.py:188} INFO - [2024-03-18T08:16:44.674+0000] {dag.py:3047} INFO - Sync 1 DAGs
[2024-03-18T08:16:44.700+0000] {logging_mixin.py:188} INFO - [2024-03-18T08:16:44.700+0000] {dag.py:3834} INFO - Setting next_dagrun for example_sla_dag to 2024-03-18 08:14:00+00:00, run_after=2024-03-18 08:16:00+00:00
[2024-03-18T08:16:44.726+0000] {processor.py:183} INFO - Processing /home/ubuntu/air_venv/lib/python3.10/site-packages/airflow/example_dags/example_sla_dag.py took 0.085 seconds
[2024-03-18T08:17:28.328+0000] {processor.py:161} INFO - Started process (PID=11939) to work on /home/ubuntu/air_venv/lib/python3.10/site-packages/airflow/example_dags/example_sla_dag.py
[2024-03-18T08:17:28.331+0000] {processor.py:830} INFO - Processing file /home/ubuntu/air_venv/lib/python3.10/site-packages/airflow/example_dags/example_sla_dag.py for tasks to queue
[2024-03-18T08:17:28.332+0000] {logging_mixin.py:188} INFO - [2024-03-18T08:17:28.331+0000] {dagbag.py:540} INFO - Filling up the DagBag from /home/ubuntu/air_venv/lib/python3.10/site-packages/airflow/example_dags/example_sla_dag.py
[2024-03-18T08:17:28.342+0000] {processor.py:840} INFO - DAG(s) 'example_sla_dag' retrieved from /home/ubuntu/air_venv/lib/python3.10/site-packages/airflow/example_dags/example_sla_dag.py
[2024-03-18T08:17:28.360+0000] {logging_mixin.py:188} INFO - [2024-03-18T08:17:28.360+0000] {dag.py:3047} INFO - Sync 1 DAGs
[2024-03-18T08:17:28.386+0000] {logging_mixin.py:188} INFO - [2024-03-18T08:17:28.386+0000] {dag.py:3834} INFO - Setting next_dagrun for example_sla_dag to 2024-03-18 08:14:00+00:00, run_after=2024-03-18 08:16:00+00:00
[2024-03-18T08:17:28.413+0000] {processor.py:183} INFO - Processing /home/ubuntu/air_venv/lib/python3.10/site-packages/airflow/example_dags/example_sla_dag.py took 0.088 seconds
[2024-03-18T08:18:15.312+0000] {processor.py:161} INFO - Started process (PID=12467) to work on /home/ubuntu/air_venv/lib/python3.10/site-packages/airflow/example_dags/example_sla_dag.py
[2024-03-18T08:18:15.315+0000] {processor.py:830} INFO - Processing file /home/ubuntu/air_venv/lib/python3.10/site-packages/airflow/example_dags/example_sla_dag.py for tasks to queue
[2024-03-18T08:18:15.316+0000] {logging_mixin.py:188} INFO - [2024-03-18T08:18:15.315+0000] {dagbag.py:540} INFO - Filling up the DagBag from /home/ubuntu/air_venv/lib/python3.10/site-packages/airflow/example_dags/example_sla_dag.py
[2024-03-18T08:18:15.326+0000] {processor.py:840} INFO - DAG(s) 'example_sla_dag' retrieved from /home/ubuntu/air_venv/lib/python3.10/site-packages/airflow/example_dags/example_sla_dag.py
[2024-03-18T08:18:15.344+0000] {logging_mixin.py:188} INFO - [2024-03-18T08:18:15.344+0000] {dag.py:3047} INFO - Sync 1 DAGs
[2024-03-18T08:18:15.370+0000] {logging_mixin.py:188} INFO - [2024-03-18T08:18:15.370+0000] {dag.py:3834} INFO - Setting next_dagrun for example_sla_dag to 2024-03-18 08:16:00+00:00, run_after=2024-03-18 08:18:00+00:00
[2024-03-18T08:18:15.397+0000] {processor.py:183} INFO - Processing /home/ubuntu/air_venv/lib/python3.10/site-packages/airflow/example_dags/example_sla_dag.py took 0.088 seconds
[2024-03-18T08:19:08.091+0000] {processor.py:161} INFO - Started process (PID=12637) to work on /home/ubuntu/air_venv/lib/python3.10/site-packages/airflow/example_dags/example_sla_dag.py
[2024-03-18T08:19:08.093+0000] {processor.py:830} INFO - Processing file /home/ubuntu/air_venv/lib/python3.10/site-packages/airflow/example_dags/example_sla_dag.py for tasks to queue
[2024-03-18T08:19:08.094+0000] {logging_mixin.py:188} INFO - [2024-03-18T08:19:08.094+0000] {dagbag.py:540} INFO - Filling up the DagBag from /home/ubuntu/air_venv/lib/python3.10/site-packages/airflow/example_dags/example_sla_dag.py
[2024-03-18T08:19:08.104+0000] {processor.py:840} INFO - DAG(s) 'example_sla_dag' retrieved from /home/ubuntu/air_venv/lib/python3.10/site-packages/airflow/example_dags/example_sla_dag.py
[2024-03-18T08:19:08.122+0000] {logging_mixin.py:188} INFO - [2024-03-18T08:19:08.121+0000] {dag.py:3047} INFO - Sync 1 DAGs
[2024-03-18T08:19:08.148+0000] {logging_mixin.py:188} INFO - [2024-03-18T08:19:08.148+0000] {dag.py:3834} INFO - Setting next_dagrun for example_sla_dag to 2024-03-18 08:16:00+00:00, run_after=2024-03-18 08:18:00+00:00
[2024-03-18T08:19:08.172+0000] {processor.py:183} INFO - Processing /home/ubuntu/air_venv/lib/python3.10/site-packages/airflow/example_dags/example_sla_dag.py took 0.084 seconds
[2024-03-18T08:20:01.674+0000] {processor.py:161} INFO - Started process (PID=13111) to work on /home/ubuntu/air_venv/lib/python3.10/site-packages/airflow/example_dags/example_sla_dag.py
[2024-03-18T08:20:01.676+0000] {processor.py:830} INFO - Processing file /home/ubuntu/air_venv/lib/python3.10/site-packages/airflow/example_dags/example_sla_dag.py for tasks to queue
[2024-03-18T08:20:01.678+0000] {logging_mixin.py:188} INFO - [2024-03-18T08:20:01.677+0000] {dagbag.py:540} INFO - Filling up the DagBag from /home/ubuntu/air_venv/lib/python3.10/site-packages/airflow/example_dags/example_sla_dag.py
[2024-03-18T08:20:01.819+0000] {processor.py:840} INFO - DAG(s) 'example_sla_dag' retrieved from /home/ubuntu/air_venv/lib/python3.10/site-packages/airflow/example_dags/example_sla_dag.py
[2024-03-18T08:20:01.924+0000] {logging_mixin.py:188} INFO - [2024-03-18T08:20:01.924+0000] {dag.py:3047} INFO - Sync 1 DAGs
[2024-03-18T08:20:02.732+0000] {logging_mixin.py:188} INFO - [2024-03-18T08:20:02.732+0000] {dag.py:3834} INFO - Setting next_dagrun for example_sla_dag to 2024-03-18 08:18:00+00:00, run_after=2024-03-18 08:20:00+00:00
[2024-03-18T08:20:03.083+0000] {processor.py:183} INFO - Processing /home/ubuntu/air_venv/lib/python3.10/site-packages/airflow/example_dags/example_sla_dag.py took 1.465 seconds
[2024-03-18T08:21:01.168+0000] {processor.py:161} INFO - Started process (PID=13432) to work on /home/ubuntu/air_venv/lib/python3.10/site-packages/airflow/example_dags/example_sla_dag.py
[2024-03-18T08:21:01.170+0000] {processor.py:830} INFO - Processing file /home/ubuntu/air_venv/lib/python3.10/site-packages/airflow/example_dags/example_sla_dag.py for tasks to queue
[2024-03-18T08:21:01.172+0000] {logging_mixin.py:188} INFO - [2024-03-18T08:21:01.172+0000] {dagbag.py:540} INFO - Filling up the DagBag from /home/ubuntu/air_venv/lib/python3.10/site-packages/airflow/example_dags/example_sla_dag.py
[2024-03-18T08:21:01.193+0000] {processor.py:840} INFO - DAG(s) 'example_sla_dag' retrieved from /home/ubuntu/air_venv/lib/python3.10/site-packages/airflow/example_dags/example_sla_dag.py
[2024-03-18T08:21:01.242+0000] {logging_mixin.py:188} INFO - [2024-03-18T08:21:01.241+0000] {dag.py:3047} INFO - Sync 1 DAGs
[2024-03-18T08:21:01.273+0000] {logging_mixin.py:188} INFO - [2024-03-18T08:21:01.272+0000] {dag.py:3834} INFO - Setting next_dagrun for example_sla_dag to 2024-03-18 08:18:00+00:00, run_after=2024-03-18 08:20:00+00:00
[2024-03-18T08:21:01.457+0000] {processor.py:183} INFO - Processing /home/ubuntu/air_venv/lib/python3.10/site-packages/airflow/example_dags/example_sla_dag.py took 0.292 seconds
[2024-03-18T08:21:56.178+0000] {processor.py:161} INFO - Started process (PID=13759) to work on /home/ubuntu/air_venv/lib/python3.10/site-packages/airflow/example_dags/example_sla_dag.py
[2024-03-18T08:21:56.180+0000] {processor.py:830} INFO - Processing file /home/ubuntu/air_venv/lib/python3.10/site-packages/airflow/example_dags/example_sla_dag.py for tasks to queue
[2024-03-18T08:21:56.182+0000] {logging_mixin.py:188} INFO - [2024-03-18T08:21:56.181+0000] {dagbag.py:540} INFO - Filling up the DagBag from /home/ubuntu/air_venv/lib/python3.10/site-packages/airflow/example_dags/example_sla_dag.py
[2024-03-18T08:21:56.192+0000] {processor.py:840} INFO - DAG(s) 'example_sla_dag' retrieved from /home/ubuntu/air_venv/lib/python3.10/site-packages/airflow/example_dags/example_sla_dag.py
[2024-03-18T08:21:56.209+0000] {logging_mixin.py:188} INFO - [2024-03-18T08:21:56.208+0000] {dag.py:3047} INFO - Sync 1 DAGs
[2024-03-18T08:21:56.234+0000] {logging_mixin.py:188} INFO - [2024-03-18T08:21:56.234+0000] {dag.py:3834} INFO - Setting next_dagrun for example_sla_dag to 2024-03-18 08:18:00+00:00, run_after=2024-03-18 08:20:00+00:00
[2024-03-18T08:21:56.259+0000] {processor.py:183} INFO - Processing /home/ubuntu/air_venv/lib/python3.10/site-packages/airflow/example_dags/example_sla_dag.py took 0.084 seconds
[2024-03-18T08:22:34.448+0000] {processor.py:161} INFO - Started process (PID=13921) to work on /home/ubuntu/air_venv/lib/python3.10/site-packages/airflow/example_dags/example_sla_dag.py
[2024-03-18T08:22:34.450+0000] {processor.py:830} INFO - Processing file /home/ubuntu/air_venv/lib/python3.10/site-packages/airflow/example_dags/example_sla_dag.py for tasks to queue
[2024-03-18T08:22:34.451+0000] {logging_mixin.py:188} INFO - [2024-03-18T08:22:34.451+0000] {dagbag.py:540} INFO - Filling up the DagBag from /home/ubuntu/air_venv/lib/python3.10/site-packages/airflow/example_dags/example_sla_dag.py
[2024-03-18T08:22:34.461+0000] {processor.py:840} INFO - DAG(s) 'example_sla_dag' retrieved from /home/ubuntu/air_venv/lib/python3.10/site-packages/airflow/example_dags/example_sla_dag.py
[2024-03-18T08:22:34.479+0000] {logging_mixin.py:188} INFO - [2024-03-18T08:22:34.478+0000] {dag.py:3047} INFO - Sync 1 DAGs
[2024-03-18T08:22:34.504+0000] {logging_mixin.py:188} INFO - [2024-03-18T08:22:34.503+0000] {dag.py:3834} INFO - Setting next_dagrun for example_sla_dag to 2024-03-18 08:20:00+00:00, run_after=2024-03-18 08:22:00+00:00
[2024-03-18T08:22:34.536+0000] {processor.py:183} INFO - Processing /home/ubuntu/air_venv/lib/python3.10/site-packages/airflow/example_dags/example_sla_dag.py took 0.092 seconds
[2024-03-18T08:23:31.352+0000] {processor.py:161} INFO - Started process (PID=14419) to work on /home/ubuntu/air_venv/lib/python3.10/site-packages/airflow/example_dags/example_sla_dag.py
[2024-03-18T08:23:31.354+0000] {processor.py:830} INFO - Processing file /home/ubuntu/air_venv/lib/python3.10/site-packages/airflow/example_dags/example_sla_dag.py for tasks to queue
[2024-03-18T08:23:31.355+0000] {logging_mixin.py:188} INFO - [2024-03-18T08:23:31.355+0000] {dagbag.py:540} INFO - Filling up the DagBag from /home/ubuntu/air_venv/lib/python3.10/site-packages/airflow/example_dags/example_sla_dag.py
[2024-03-18T08:23:31.366+0000] {processor.py:840} INFO - DAG(s) 'example_sla_dag' retrieved from /home/ubuntu/air_venv/lib/python3.10/site-packages/airflow/example_dags/example_sla_dag.py
[2024-03-18T08:23:31.383+0000] {logging_mixin.py:188} INFO - [2024-03-18T08:23:31.383+0000] {dag.py:3047} INFO - Sync 1 DAGs
[2024-03-18T08:23:31.407+0000] {logging_mixin.py:188} INFO - [2024-03-18T08:23:31.407+0000] {dag.py:3834} INFO - Setting next_dagrun for example_sla_dag to 2024-03-18 08:20:00+00:00, run_after=2024-03-18 08:22:00+00:00
[2024-03-18T08:23:31.444+0000] {processor.py:183} INFO - Processing /home/ubuntu/air_venv/lib/python3.10/site-packages/airflow/example_dags/example_sla_dag.py took 0.095 seconds
[2024-03-18T08:24:12.955+0000] {processor.py:161} INFO - Started process (PID=14823) to work on /home/ubuntu/air_venv/lib/python3.10/site-packages/airflow/example_dags/example_sla_dag.py
[2024-03-18T08:24:12.957+0000] {processor.py:830} INFO - Processing file /home/ubuntu/air_venv/lib/python3.10/site-packages/airflow/example_dags/example_sla_dag.py for tasks to queue
[2024-03-18T08:24:12.958+0000] {logging_mixin.py:188} INFO - [2024-03-18T08:24:12.957+0000] {dagbag.py:540} INFO - Filling up the DagBag from /home/ubuntu/air_venv/lib/python3.10/site-packages/airflow/example_dags/example_sla_dag.py
[2024-03-18T08:24:12.968+0000] {processor.py:840} INFO - DAG(s) 'example_sla_dag' retrieved from /home/ubuntu/air_venv/lib/python3.10/site-packages/airflow/example_dags/example_sla_dag.py
[2024-03-18T08:24:12.986+0000] {logging_mixin.py:188} INFO - [2024-03-18T08:24:12.986+0000] {dag.py:3047} INFO - Sync 1 DAGs
[2024-03-18T08:24:13.014+0000] {logging_mixin.py:188} INFO - [2024-03-18T08:24:13.014+0000] {dag.py:3834} INFO - Setting next_dagrun for example_sla_dag to 2024-03-18 08:22:00+00:00, run_after=2024-03-18 08:24:00+00:00
[2024-03-18T08:24:13.043+0000] {processor.py:183} INFO - Processing /home/ubuntu/air_venv/lib/python3.10/site-packages/airflow/example_dags/example_sla_dag.py took 0.092 seconds
[2024-03-18T08:24:50.754+0000] {processor.py:161} INFO - Started process (PID=15072) to work on /home/ubuntu/air_venv/lib/python3.10/site-packages/airflow/example_dags/example_sla_dag.py
[2024-03-18T08:24:50.756+0000] {processor.py:830} INFO - Processing file /home/ubuntu/air_venv/lib/python3.10/site-packages/airflow/example_dags/example_sla_dag.py for tasks to queue
[2024-03-18T08:24:50.757+0000] {logging_mixin.py:188} INFO - [2024-03-18T08:24:50.757+0000] {dagbag.py:540} INFO - Filling up the DagBag from /home/ubuntu/air_venv/lib/python3.10/site-packages/airflow/example_dags/example_sla_dag.py
[2024-03-18T08:24:50.769+0000] {processor.py:840} INFO - DAG(s) 'example_sla_dag' retrieved from /home/ubuntu/air_venv/lib/python3.10/site-packages/airflow/example_dags/example_sla_dag.py
[2024-03-18T08:24:50.787+0000] {logging_mixin.py:188} INFO - [2024-03-18T08:24:50.787+0000] {dag.py:3047} INFO - Sync 1 DAGs
[2024-03-18T08:24:50.821+0000] {logging_mixin.py:188} INFO - [2024-03-18T08:24:50.821+0000] {dag.py:3834} INFO - Setting next_dagrun for example_sla_dag to 2024-03-18 08:22:00+00:00, run_after=2024-03-18 08:24:00+00:00
[2024-03-18T08:24:50.845+0000] {processor.py:183} INFO - Processing /home/ubuntu/air_venv/lib/python3.10/site-packages/airflow/example_dags/example_sla_dag.py took 0.095 seconds
[2024-03-18T08:25:33.197+0000] {processor.py:161} INFO - Started process (PID=15291) to work on /home/ubuntu/air_venv/lib/python3.10/site-packages/airflow/example_dags/example_sla_dag.py
[2024-03-18T08:25:33.199+0000] {processor.py:830} INFO - Processing file /home/ubuntu/air_venv/lib/python3.10/site-packages/airflow/example_dags/example_sla_dag.py for tasks to queue
[2024-03-18T08:25:33.200+0000] {logging_mixin.py:188} INFO - [2024-03-18T08:25:33.200+0000] {dagbag.py:540} INFO - Filling up the DagBag from /home/ubuntu/air_venv/lib/python3.10/site-packages/airflow/example_dags/example_sla_dag.py
[2024-03-18T08:25:33.210+0000] {processor.py:840} INFO - DAG(s) 'example_sla_dag' retrieved from /home/ubuntu/air_venv/lib/python3.10/site-packages/airflow/example_dags/example_sla_dag.py
[2024-03-18T08:25:33.227+0000] {logging_mixin.py:188} INFO - [2024-03-18T08:25:33.227+0000] {dag.py:3047} INFO - Sync 1 DAGs
[2024-03-18T08:25:33.252+0000] {logging_mixin.py:188} INFO - [2024-03-18T08:25:33.252+0000] {dag.py:3834} INFO - Setting next_dagrun for example_sla_dag to 2024-03-18 08:22:00+00:00, run_after=2024-03-18 08:24:00+00:00
[2024-03-18T08:25:33.277+0000] {processor.py:183} INFO - Processing /home/ubuntu/air_venv/lib/python3.10/site-packages/airflow/example_dags/example_sla_dag.py took 0.083 seconds
[2024-03-18T08:26:16.663+0000] {processor.py:161} INFO - Started process (PID=15394) to work on /home/ubuntu/air_venv/lib/python3.10/site-packages/airflow/example_dags/example_sla_dag.py
[2024-03-18T08:26:16.664+0000] {processor.py:830} INFO - Processing file /home/ubuntu/air_venv/lib/python3.10/site-packages/airflow/example_dags/example_sla_dag.py for tasks to queue
[2024-03-18T08:26:16.666+0000] {logging_mixin.py:188} INFO - [2024-03-18T08:26:16.665+0000] {dagbag.py:540} INFO - Filling up the DagBag from /home/ubuntu/air_venv/lib/python3.10/site-packages/airflow/example_dags/example_sla_dag.py
[2024-03-18T08:26:16.676+0000] {processor.py:840} INFO - DAG(s) 'example_sla_dag' retrieved from /home/ubuntu/air_venv/lib/python3.10/site-packages/airflow/example_dags/example_sla_dag.py
[2024-03-18T08:26:16.693+0000] {logging_mixin.py:188} INFO - [2024-03-18T08:26:16.693+0000] {dag.py:3047} INFO - Sync 1 DAGs
[2024-03-18T08:26:16.717+0000] {logging_mixin.py:188} INFO - [2024-03-18T08:26:16.717+0000] {dag.py:3834} INFO - Setting next_dagrun for example_sla_dag to 2024-03-18 08:24:00+00:00, run_after=2024-03-18 08:26:00+00:00
[2024-03-18T08:26:16.743+0000] {processor.py:183} INFO - Processing /home/ubuntu/air_venv/lib/python3.10/site-packages/airflow/example_dags/example_sla_dag.py took 0.084 seconds
[2024-03-18T08:26:57.464+0000] {processor.py:161} INFO - Started process (PID=15494) to work on /home/ubuntu/air_venv/lib/python3.10/site-packages/airflow/example_dags/example_sla_dag.py
[2024-03-18T08:26:57.466+0000] {processor.py:830} INFO - Processing file /home/ubuntu/air_venv/lib/python3.10/site-packages/airflow/example_dags/example_sla_dag.py for tasks to queue
[2024-03-18T08:26:57.467+0000] {logging_mixin.py:188} INFO - [2024-03-18T08:26:57.467+0000] {dagbag.py:540} INFO - Filling up the DagBag from /home/ubuntu/air_venv/lib/python3.10/site-packages/airflow/example_dags/example_sla_dag.py
[2024-03-18T08:26:57.477+0000] {processor.py:840} INFO - DAG(s) 'example_sla_dag' retrieved from /home/ubuntu/air_venv/lib/python3.10/site-packages/airflow/example_dags/example_sla_dag.py
[2024-03-18T08:26:57.494+0000] {logging_mixin.py:188} INFO - [2024-03-18T08:26:57.494+0000] {dag.py:3047} INFO - Sync 1 DAGs
[2024-03-18T08:26:57.519+0000] {logging_mixin.py:188} INFO - [2024-03-18T08:26:57.518+0000] {dag.py:3834} INFO - Setting next_dagrun for example_sla_dag to 2024-03-18 08:24:00+00:00, run_after=2024-03-18 08:26:00+00:00
[2024-03-18T08:26:57.544+0000] {processor.py:183} INFO - Processing /home/ubuntu/air_venv/lib/python3.10/site-packages/airflow/example_dags/example_sla_dag.py took 0.083 seconds
[2024-03-18T08:27:39.311+0000] {processor.py:161} INFO - Started process (PID=15536) to work on /home/ubuntu/air_venv/lib/python3.10/site-packages/airflow/example_dags/example_sla_dag.py
[2024-03-18T08:27:39.313+0000] {processor.py:830} INFO - Processing file /home/ubuntu/air_venv/lib/python3.10/site-packages/airflow/example_dags/example_sla_dag.py for tasks to queue
[2024-03-18T08:27:39.314+0000] {logging_mixin.py:188} INFO - [2024-03-18T08:27:39.313+0000] {dagbag.py:540} INFO - Filling up the DagBag from /home/ubuntu/air_venv/lib/python3.10/site-packages/airflow/example_dags/example_sla_dag.py
[2024-03-18T08:27:39.324+0000] {processor.py:840} INFO - DAG(s) 'example_sla_dag' retrieved from /home/ubuntu/air_venv/lib/python3.10/site-packages/airflow/example_dags/example_sla_dag.py
[2024-03-18T08:27:39.340+0000] {logging_mixin.py:188} INFO - [2024-03-18T08:27:39.340+0000] {dag.py:3047} INFO - Sync 1 DAGs
[2024-03-18T08:27:39.365+0000] {logging_mixin.py:188} INFO - [2024-03-18T08:27:39.365+0000] {dag.py:3834} INFO - Setting next_dagrun for example_sla_dag to 2024-03-18 08:24:00+00:00, run_after=2024-03-18 08:26:00+00:00
[2024-03-18T08:27:39.390+0000] {processor.py:183} INFO - Processing /home/ubuntu/air_venv/lib/python3.10/site-packages/airflow/example_dags/example_sla_dag.py took 0.082 seconds
[2024-03-18T08:28:21.001+0000] {processor.py:161} INFO - Started process (PID=15636) to work on /home/ubuntu/air_venv/lib/python3.10/site-packages/airflow/example_dags/example_sla_dag.py
[2024-03-18T08:28:21.003+0000] {processor.py:830} INFO - Processing file /home/ubuntu/air_venv/lib/python3.10/site-packages/airflow/example_dags/example_sla_dag.py for tasks to queue
[2024-03-18T08:28:21.004+0000] {logging_mixin.py:188} INFO - [2024-03-18T08:28:21.004+0000] {dagbag.py:540} INFO - Filling up the DagBag from /home/ubuntu/air_venv/lib/python3.10/site-packages/airflow/example_dags/example_sla_dag.py
[2024-03-18T08:28:21.015+0000] {processor.py:840} INFO - DAG(s) 'example_sla_dag' retrieved from /home/ubuntu/air_venv/lib/python3.10/site-packages/airflow/example_dags/example_sla_dag.py
[2024-03-18T08:28:21.050+0000] {logging_mixin.py:188} INFO - [2024-03-18T08:28:21.050+0000] {dag.py:3047} INFO - Sync 1 DAGs
[2024-03-18T08:28:21.079+0000] {logging_mixin.py:188} INFO - [2024-03-18T08:28:21.079+0000] {dag.py:3834} INFO - Setting next_dagrun for example_sla_dag to 2024-03-18 08:26:00+00:00, run_after=2024-03-18 08:28:00+00:00
[2024-03-18T08:28:21.104+0000] {processor.py:183} INFO - Processing /home/ubuntu/air_venv/lib/python3.10/site-packages/airflow/example_dags/example_sla_dag.py took 0.106 seconds
[2024-03-18T08:29:03.473+0000] {processor.py:161} INFO - Started process (PID=15737) to work on /home/ubuntu/air_venv/lib/python3.10/site-packages/airflow/example_dags/example_sla_dag.py
[2024-03-18T08:29:03.479+0000] {processor.py:830} INFO - Processing file /home/ubuntu/air_venv/lib/python3.10/site-packages/airflow/example_dags/example_sla_dag.py for tasks to queue
[2024-03-18T08:29:03.481+0000] {logging_mixin.py:188} INFO - [2024-03-18T08:29:03.480+0000] {dagbag.py:540} INFO - Filling up the DagBag from /home/ubuntu/air_venv/lib/python3.10/site-packages/airflow/example_dags/example_sla_dag.py
[2024-03-18T08:29:03.497+0000] {processor.py:840} INFO - DAG(s) 'example_sla_dag' retrieved from /home/ubuntu/air_venv/lib/python3.10/site-packages/airflow/example_dags/example_sla_dag.py
[2024-03-18T08:29:03.545+0000] {logging_mixin.py:188} INFO - [2024-03-18T08:29:03.545+0000] {dag.py:3047} INFO - Sync 1 DAGs
[2024-03-18T08:29:03.607+0000] {logging_mixin.py:188} INFO - [2024-03-18T08:29:03.607+0000] {dag.py:3834} INFO - Setting next_dagrun for example_sla_dag to 2024-03-18 08:26:00+00:00, run_after=2024-03-18 08:28:00+00:00
[2024-03-18T08:29:03.686+0000] {processor.py:183} INFO - Processing /home/ubuntu/air_venv/lib/python3.10/site-packages/airflow/example_dags/example_sla_dag.py took 0.217 seconds
[2024-03-18T08:29:46.848+0000] {processor.py:161} INFO - Started process (PID=15899) to work on /home/ubuntu/air_venv/lib/python3.10/site-packages/airflow/example_dags/example_sla_dag.py
[2024-03-18T08:29:46.850+0000] {processor.py:830} INFO - Processing file /home/ubuntu/air_venv/lib/python3.10/site-packages/airflow/example_dags/example_sla_dag.py for tasks to queue
[2024-03-18T08:29:46.851+0000] {logging_mixin.py:188} INFO - [2024-03-18T08:29:46.850+0000] {dagbag.py:540} INFO - Filling up the DagBag from /home/ubuntu/air_venv/lib/python3.10/site-packages/airflow/example_dags/example_sla_dag.py
[2024-03-18T08:29:46.869+0000] {processor.py:840} INFO - DAG(s) 'example_sla_dag' retrieved from /home/ubuntu/air_venv/lib/python3.10/site-packages/airflow/example_dags/example_sla_dag.py
[2024-03-18T08:29:46.894+0000] {logging_mixin.py:188} INFO - [2024-03-18T08:29:46.893+0000] {dag.py:3047} INFO - Sync 1 DAGs
[2024-03-18T08:29:46.929+0000] {logging_mixin.py:188} INFO - [2024-03-18T08:29:46.929+0000] {dag.py:3834} INFO - Setting next_dagrun for example_sla_dag to 2024-03-18 08:26:00+00:00, run_after=2024-03-18 08:28:00+00:00
[2024-03-18T08:29:46.965+0000] {processor.py:183} INFO - Processing /home/ubuntu/air_venv/lib/python3.10/site-packages/airflow/example_dags/example_sla_dag.py took 0.121 seconds
