[2024-03-18T08:00:27.804+0000] {processor.py:161} INFO - Started process (PID=3111) to work on /home/ubuntu/air_venv/lib/python3.10/site-packages/airflow/example_dags/example_latest_only.py
[2024-03-18T08:00:27.805+0000] {processor.py:830} INFO - Processing file /home/ubuntu/air_venv/lib/python3.10/site-packages/airflow/example_dags/example_latest_only.py for tasks to queue
[2024-03-18T08:00:27.806+0000] {logging_mixin.py:188} INFO - [2024-03-18T08:00:27.806+0000] {dagbag.py:540} INFO - Filling up the DagBag from /home/ubuntu/air_venv/lib/python3.10/site-packages/airflow/example_dags/example_latest_only.py
[2024-03-18T08:00:27.813+0000] {processor.py:840} INFO - DAG(s) 'latest_only' retrieved from /home/ubuntu/air_venv/lib/python3.10/site-packages/airflow/example_dags/example_latest_only.py
[2024-03-18T08:00:27.928+0000] {logging_mixin.py:188} INFO - [2024-03-18T08:00:27.927+0000] {override.py:1769} INFO - Created Permission View: can edit on DAG:latest_only
[2024-03-18T08:00:27.943+0000] {logging_mixin.py:188} INFO - [2024-03-18T08:00:27.943+0000] {override.py:1769} INFO - Created Permission View: can delete on DAG:latest_only
[2024-03-18T08:00:27.954+0000] {logging_mixin.py:188} INFO - [2024-03-18T08:00:27.954+0000] {override.py:1769} INFO - Created Permission View: can read on DAG:latest_only
[2024-03-18T08:00:27.955+0000] {logging_mixin.py:188} INFO - [2024-03-18T08:00:27.955+0000] {dag.py:3047} INFO - Sync 1 DAGs
[2024-03-18T08:00:27.966+0000] {logging_mixin.py:188} INFO - [2024-03-18T08:00:27.966+0000] {dag.py:3069} INFO - Creating ORM DAG for latest_only
[2024-03-18T08:00:28.123+0000] {logging_mixin.py:188} INFO - [2024-03-18T08:00:28.123+0000] {dag.py:3834} INFO - Setting next_dagrun for latest_only to 2024-03-18 04:00:00+00:00, run_after=2024-03-18 08:00:00+00:00
[2024-03-18T08:00:28.149+0000] {processor.py:183} INFO - Processing /home/ubuntu/air_venv/lib/python3.10/site-packages/airflow/example_dags/example_latest_only.py took 0.349 seconds
[2024-03-18T08:01:22.193+0000] {processor.py:161} INFO - Started process (PID=3525) to work on /home/ubuntu/air_venv/lib/python3.10/site-packages/airflow/example_dags/example_latest_only.py
[2024-03-18T08:01:22.197+0000] {processor.py:830} INFO - Processing file /home/ubuntu/air_venv/lib/python3.10/site-packages/airflow/example_dags/example_latest_only.py for tasks to queue
[2024-03-18T08:01:22.198+0000] {logging_mixin.py:188} INFO - [2024-03-18T08:01:22.197+0000] {dagbag.py:540} INFO - Filling up the DagBag from /home/ubuntu/air_venv/lib/python3.10/site-packages/airflow/example_dags/example_latest_only.py
[2024-03-18T08:01:22.204+0000] {processor.py:840} INFO - DAG(s) 'latest_only' retrieved from /home/ubuntu/air_venv/lib/python3.10/site-packages/airflow/example_dags/example_latest_only.py
[2024-03-18T08:01:22.222+0000] {logging_mixin.py:188} INFO - [2024-03-18T08:01:22.221+0000] {dag.py:3047} INFO - Sync 1 DAGs
[2024-03-18T08:01:22.245+0000] {logging_mixin.py:188} INFO - [2024-03-18T08:01:22.245+0000] {dag.py:3834} INFO - Setting next_dagrun for latest_only to 2024-03-18 04:00:00+00:00, run_after=2024-03-18 08:00:00+00:00
[2024-03-18T08:01:22.271+0000] {processor.py:183} INFO - Processing /home/ubuntu/air_venv/lib/python3.10/site-packages/airflow/example_dags/example_latest_only.py took 0.081 seconds
[2024-03-18T08:02:18.284+0000] {processor.py:161} INFO - Started process (PID=4176) to work on /home/ubuntu/air_venv/lib/python3.10/site-packages/airflow/example_dags/example_latest_only.py
[2024-03-18T08:02:18.286+0000] {processor.py:830} INFO - Processing file /home/ubuntu/air_venv/lib/python3.10/site-packages/airflow/example_dags/example_latest_only.py for tasks to queue
[2024-03-18T08:02:18.287+0000] {logging_mixin.py:188} INFO - [2024-03-18T08:02:18.287+0000] {dagbag.py:540} INFO - Filling up the DagBag from /home/ubuntu/air_venv/lib/python3.10/site-packages/airflow/example_dags/example_latest_only.py
[2024-03-18T08:02:18.294+0000] {processor.py:840} INFO - DAG(s) 'latest_only' retrieved from /home/ubuntu/air_venv/lib/python3.10/site-packages/airflow/example_dags/example_latest_only.py
[2024-03-18T08:02:18.311+0000] {logging_mixin.py:188} INFO - [2024-03-18T08:02:18.311+0000] {dag.py:3047} INFO - Sync 1 DAGs
[2024-03-18T08:02:18.488+0000] {logging_mixin.py:188} INFO - [2024-03-18T08:02:18.488+0000] {dag.py:3834} INFO - Setting next_dagrun for latest_only to 2024-03-18 04:00:00+00:00, run_after=2024-03-18 08:00:00+00:00
[2024-03-18T08:02:18.512+0000] {processor.py:183} INFO - Processing /home/ubuntu/air_venv/lib/python3.10/site-packages/airflow/example_dags/example_latest_only.py took 0.232 seconds
[2024-03-18T08:03:12.836+0000] {processor.py:161} INFO - Started process (PID=4466) to work on /home/ubuntu/air_venv/lib/python3.10/site-packages/airflow/example_dags/example_latest_only.py
[2024-03-18T08:03:12.837+0000] {processor.py:830} INFO - Processing file /home/ubuntu/air_venv/lib/python3.10/site-packages/airflow/example_dags/example_latest_only.py for tasks to queue
[2024-03-18T08:03:12.839+0000] {logging_mixin.py:188} INFO - [2024-03-18T08:03:12.838+0000] {dagbag.py:540} INFO - Filling up the DagBag from /home/ubuntu/air_venv/lib/python3.10/site-packages/airflow/example_dags/example_latest_only.py
[2024-03-18T08:03:12.845+0000] {processor.py:840} INFO - DAG(s) 'latest_only' retrieved from /home/ubuntu/air_venv/lib/python3.10/site-packages/airflow/example_dags/example_latest_only.py
[2024-03-18T08:03:12.863+0000] {logging_mixin.py:188} INFO - [2024-03-18T08:03:12.863+0000] {dag.py:3047} INFO - Sync 1 DAGs
[2024-03-18T08:03:12.887+0000] {logging_mixin.py:188} INFO - [2024-03-18T08:03:12.887+0000] {dag.py:3834} INFO - Setting next_dagrun for latest_only to 2024-03-18 04:00:00+00:00, run_after=2024-03-18 08:00:00+00:00
[2024-03-18T08:03:12.915+0000] {processor.py:183} INFO - Processing /home/ubuntu/air_venv/lib/python3.10/site-packages/airflow/example_dags/example_latest_only.py took 0.083 seconds
[2024-03-18T08:04:18.572+0000] {processor.py:161} INFO - Started process (PID=5012) to work on /home/ubuntu/air_venv/lib/python3.10/site-packages/airflow/example_dags/example_latest_only.py
[2024-03-18T08:04:18.574+0000] {processor.py:830} INFO - Processing file /home/ubuntu/air_venv/lib/python3.10/site-packages/airflow/example_dags/example_latest_only.py for tasks to queue
[2024-03-18T08:04:18.575+0000] {logging_mixin.py:188} INFO - [2024-03-18T08:04:18.574+0000] {dagbag.py:540} INFO - Filling up the DagBag from /home/ubuntu/air_venv/lib/python3.10/site-packages/airflow/example_dags/example_latest_only.py
[2024-03-18T08:04:18.581+0000] {processor.py:840} INFO - DAG(s) 'latest_only' retrieved from /home/ubuntu/air_venv/lib/python3.10/site-packages/airflow/example_dags/example_latest_only.py
[2024-03-18T08:04:18.598+0000] {logging_mixin.py:188} INFO - [2024-03-18T08:04:18.598+0000] {dag.py:3047} INFO - Sync 1 DAGs
[2024-03-18T08:04:18.621+0000] {logging_mixin.py:188} INFO - [2024-03-18T08:04:18.621+0000] {dag.py:3834} INFO - Setting next_dagrun for latest_only to 2024-03-18 04:00:00+00:00, run_after=2024-03-18 08:00:00+00:00
[2024-03-18T08:04:18.657+0000] {processor.py:183} INFO - Processing /home/ubuntu/air_venv/lib/python3.10/site-packages/airflow/example_dags/example_latest_only.py took 0.089 seconds
[2024-03-18T08:05:35.750+0000] {processor.py:161} INFO - Started process (PID=5691) to work on /home/ubuntu/air_venv/lib/python3.10/site-packages/airflow/example_dags/example_latest_only.py
[2024-03-18T08:05:35.757+0000] {processor.py:830} INFO - Processing file /home/ubuntu/air_venv/lib/python3.10/site-packages/airflow/example_dags/example_latest_only.py for tasks to queue
[2024-03-18T08:05:35.758+0000] {logging_mixin.py:188} INFO - [2024-03-18T08:05:35.758+0000] {dagbag.py:540} INFO - Filling up the DagBag from /home/ubuntu/air_venv/lib/python3.10/site-packages/airflow/example_dags/example_latest_only.py
[2024-03-18T08:05:35.769+0000] {processor.py:840} INFO - DAG(s) 'latest_only' retrieved from /home/ubuntu/air_venv/lib/python3.10/site-packages/airflow/example_dags/example_latest_only.py
[2024-03-18T08:05:35.787+0000] {logging_mixin.py:188} INFO - [2024-03-18T08:05:35.787+0000] {dag.py:3047} INFO - Sync 1 DAGs
[2024-03-18T08:05:35.812+0000] {logging_mixin.py:188} INFO - [2024-03-18T08:05:35.812+0000] {dag.py:3834} INFO - Setting next_dagrun for latest_only to 2024-03-18 04:00:00+00:00, run_after=2024-03-18 08:00:00+00:00
[2024-03-18T08:05:35.839+0000] {processor.py:183} INFO - Processing /home/ubuntu/air_venv/lib/python3.10/site-packages/airflow/example_dags/example_latest_only.py took 0.092 seconds
[2024-03-18T08:07:33.008+0000] {processor.py:161} INFO - Started process (PID=7072) to work on /home/ubuntu/air_venv/lib/python3.10/site-packages/airflow/example_dags/example_latest_only.py
[2024-03-18T08:07:33.010+0000] {processor.py:830} INFO - Processing file /home/ubuntu/air_venv/lib/python3.10/site-packages/airflow/example_dags/example_latest_only.py for tasks to queue
[2024-03-18T08:07:33.011+0000] {logging_mixin.py:188} INFO - [2024-03-18T08:07:33.011+0000] {dagbag.py:540} INFO - Filling up the DagBag from /home/ubuntu/air_venv/lib/python3.10/site-packages/airflow/example_dags/example_latest_only.py
[2024-03-18T08:07:33.018+0000] {processor.py:840} INFO - DAG(s) 'latest_only' retrieved from /home/ubuntu/air_venv/lib/python3.10/site-packages/airflow/example_dags/example_latest_only.py
[2024-03-18T08:07:33.035+0000] {logging_mixin.py:188} INFO - [2024-03-18T08:07:33.034+0000] {dag.py:3047} INFO - Sync 1 DAGs
[2024-03-18T08:07:33.058+0000] {logging_mixin.py:188} INFO - [2024-03-18T08:07:33.058+0000] {dag.py:3834} INFO - Setting next_dagrun for latest_only to 2024-03-18 04:00:00+00:00, run_after=2024-03-18 08:00:00+00:00
[2024-03-18T08:07:33.084+0000] {processor.py:183} INFO - Processing /home/ubuntu/air_venv/lib/python3.10/site-packages/airflow/example_dags/example_latest_only.py took 0.079 seconds
[2024-03-18T08:08:26.124+0000] {processor.py:161} INFO - Started process (PID=7303) to work on /home/ubuntu/air_venv/lib/python3.10/site-packages/airflow/example_dags/example_latest_only.py
[2024-03-18T08:08:26.126+0000] {processor.py:830} INFO - Processing file /home/ubuntu/air_venv/lib/python3.10/site-packages/airflow/example_dags/example_latest_only.py for tasks to queue
[2024-03-18T08:08:26.128+0000] {logging_mixin.py:188} INFO - [2024-03-18T08:08:26.127+0000] {dagbag.py:540} INFO - Filling up the DagBag from /home/ubuntu/air_venv/lib/python3.10/site-packages/airflow/example_dags/example_latest_only.py
[2024-03-18T08:08:26.134+0000] {processor.py:840} INFO - DAG(s) 'latest_only' retrieved from /home/ubuntu/air_venv/lib/python3.10/site-packages/airflow/example_dags/example_latest_only.py
[2024-03-18T08:08:26.151+0000] {logging_mixin.py:188} INFO - [2024-03-18T08:08:26.151+0000] {dag.py:3047} INFO - Sync 1 DAGs
[2024-03-18T08:08:26.174+0000] {logging_mixin.py:188} INFO - [2024-03-18T08:08:26.174+0000] {dag.py:3834} INFO - Setting next_dagrun for latest_only to 2024-03-18 04:00:00+00:00, run_after=2024-03-18 08:00:00+00:00
[2024-03-18T08:08:26.200+0000] {processor.py:183} INFO - Processing /home/ubuntu/air_venv/lib/python3.10/site-packages/airflow/example_dags/example_latest_only.py took 0.079 seconds
[2024-03-18T08:09:35.385+0000] {processor.py:161} INFO - Started process (PID=7861) to work on /home/ubuntu/air_venv/lib/python3.10/site-packages/airflow/example_dags/example_latest_only.py
[2024-03-18T08:09:35.387+0000] {processor.py:830} INFO - Processing file /home/ubuntu/air_venv/lib/python3.10/site-packages/airflow/example_dags/example_latest_only.py for tasks to queue
[2024-03-18T08:09:35.388+0000] {logging_mixin.py:188} INFO - [2024-03-18T08:09:35.388+0000] {dagbag.py:540} INFO - Filling up the DagBag from /home/ubuntu/air_venv/lib/python3.10/site-packages/airflow/example_dags/example_latest_only.py
[2024-03-18T08:09:35.395+0000] {processor.py:840} INFO - DAG(s) 'latest_only' retrieved from /home/ubuntu/air_venv/lib/python3.10/site-packages/airflow/example_dags/example_latest_only.py
[2024-03-18T08:09:35.414+0000] {logging_mixin.py:188} INFO - [2024-03-18T08:09:35.413+0000] {dag.py:3047} INFO - Sync 1 DAGs
[2024-03-18T08:09:35.438+0000] {logging_mixin.py:188} INFO - [2024-03-18T08:09:35.438+0000] {dag.py:3834} INFO - Setting next_dagrun for latest_only to 2024-03-18 04:00:00+00:00, run_after=2024-03-18 08:00:00+00:00
[2024-03-18T08:09:35.464+0000] {processor.py:183} INFO - Processing /home/ubuntu/air_venv/lib/python3.10/site-packages/airflow/example_dags/example_latest_only.py took 0.082 seconds
[2024-03-18T08:10:35.313+0000] {processor.py:161} INFO - Started process (PID=8282) to work on /home/ubuntu/air_venv/lib/python3.10/site-packages/airflow/example_dags/example_latest_only.py
[2024-03-18T08:10:35.315+0000] {processor.py:830} INFO - Processing file /home/ubuntu/air_venv/lib/python3.10/site-packages/airflow/example_dags/example_latest_only.py for tasks to queue
[2024-03-18T08:10:35.316+0000] {logging_mixin.py:188} INFO - [2024-03-18T08:10:35.316+0000] {dagbag.py:540} INFO - Filling up the DagBag from /home/ubuntu/air_venv/lib/python3.10/site-packages/airflow/example_dags/example_latest_only.py
[2024-03-18T08:10:35.322+0000] {processor.py:840} INFO - DAG(s) 'latest_only' retrieved from /home/ubuntu/air_venv/lib/python3.10/site-packages/airflow/example_dags/example_latest_only.py
[2024-03-18T08:10:35.340+0000] {logging_mixin.py:188} INFO - [2024-03-18T08:10:35.339+0000] {dag.py:3047} INFO - Sync 1 DAGs
[2024-03-18T08:10:35.362+0000] {logging_mixin.py:188} INFO - [2024-03-18T08:10:35.362+0000] {dag.py:3834} INFO - Setting next_dagrun for latest_only to 2024-03-18 04:00:00+00:00, run_after=2024-03-18 08:00:00+00:00
[2024-03-18T08:10:35.387+0000] {processor.py:183} INFO - Processing /home/ubuntu/air_venv/lib/python3.10/site-packages/airflow/example_dags/example_latest_only.py took 0.077 seconds
[2024-03-18T08:11:37.413+0000] {processor.py:161} INFO - Started process (PID=8824) to work on /home/ubuntu/air_venv/lib/python3.10/site-packages/airflow/example_dags/example_latest_only.py
[2024-03-18T08:11:37.415+0000] {processor.py:830} INFO - Processing file /home/ubuntu/air_venv/lib/python3.10/site-packages/airflow/example_dags/example_latest_only.py for tasks to queue
[2024-03-18T08:11:37.416+0000] {logging_mixin.py:188} INFO - [2024-03-18T08:11:37.416+0000] {dagbag.py:540} INFO - Filling up the DagBag from /home/ubuntu/air_venv/lib/python3.10/site-packages/airflow/example_dags/example_latest_only.py
[2024-03-18T08:11:37.422+0000] {processor.py:840} INFO - DAG(s) 'latest_only' retrieved from /home/ubuntu/air_venv/lib/python3.10/site-packages/airflow/example_dags/example_latest_only.py
[2024-03-18T08:11:37.440+0000] {logging_mixin.py:188} INFO - [2024-03-18T08:11:37.440+0000] {dag.py:3047} INFO - Sync 1 DAGs
[2024-03-18T08:11:37.463+0000] {logging_mixin.py:188} INFO - [2024-03-18T08:11:37.462+0000] {dag.py:3834} INFO - Setting next_dagrun for latest_only to 2024-03-18 04:00:00+00:00, run_after=2024-03-18 08:00:00+00:00
[2024-03-18T08:11:37.487+0000] {processor.py:183} INFO - Processing /home/ubuntu/air_venv/lib/python3.10/site-packages/airflow/example_dags/example_latest_only.py took 0.077 seconds
[2024-03-18T08:12:38.651+0000] {processor.py:161} INFO - Started process (PID=9211) to work on /home/ubuntu/air_venv/lib/python3.10/site-packages/airflow/example_dags/example_latest_only.py
[2024-03-18T08:12:38.653+0000] {processor.py:830} INFO - Processing file /home/ubuntu/air_venv/lib/python3.10/site-packages/airflow/example_dags/example_latest_only.py for tasks to queue
[2024-03-18T08:12:38.654+0000] {logging_mixin.py:188} INFO - [2024-03-18T08:12:38.654+0000] {dagbag.py:540} INFO - Filling up the DagBag from /home/ubuntu/air_venv/lib/python3.10/site-packages/airflow/example_dags/example_latest_only.py
[2024-03-18T08:12:38.660+0000] {processor.py:840} INFO - DAG(s) 'latest_only' retrieved from /home/ubuntu/air_venv/lib/python3.10/site-packages/airflow/example_dags/example_latest_only.py
[2024-03-18T08:12:38.678+0000] {logging_mixin.py:188} INFO - [2024-03-18T08:12:38.678+0000] {dag.py:3047} INFO - Sync 1 DAGs
[2024-03-18T08:12:38.701+0000] {logging_mixin.py:188} INFO - [2024-03-18T08:12:38.701+0000] {dag.py:3834} INFO - Setting next_dagrun for latest_only to 2024-03-18 04:00:00+00:00, run_after=2024-03-18 08:00:00+00:00
[2024-03-18T08:12:38.726+0000] {processor.py:183} INFO - Processing /home/ubuntu/air_venv/lib/python3.10/site-packages/airflow/example_dags/example_latest_only.py took 0.079 seconds
[2024-03-18T08:13:45.830+0000] {processor.py:161} INFO - Started process (PID=9613) to work on /home/ubuntu/air_venv/lib/python3.10/site-packages/airflow/example_dags/example_latest_only.py
[2024-03-18T08:13:45.832+0000] {processor.py:830} INFO - Processing file /home/ubuntu/air_venv/lib/python3.10/site-packages/airflow/example_dags/example_latest_only.py for tasks to queue
[2024-03-18T08:13:45.833+0000] {logging_mixin.py:188} INFO - [2024-03-18T08:13:45.833+0000] {dagbag.py:540} INFO - Filling up the DagBag from /home/ubuntu/air_venv/lib/python3.10/site-packages/airflow/example_dags/example_latest_only.py
[2024-03-18T08:13:45.846+0000] {processor.py:840} INFO - DAG(s) 'latest_only' retrieved from /home/ubuntu/air_venv/lib/python3.10/site-packages/airflow/example_dags/example_latest_only.py
[2024-03-18T08:13:45.864+0000] {logging_mixin.py:188} INFO - [2024-03-18T08:13:45.863+0000] {dag.py:3047} INFO - Sync 1 DAGs
[2024-03-18T08:13:45.896+0000] {logging_mixin.py:188} INFO - [2024-03-18T08:13:45.896+0000] {dag.py:3834} INFO - Setting next_dagrun for latest_only to 2024-03-18 04:00:00+00:00, run_after=2024-03-18 08:00:00+00:00
[2024-03-18T08:13:45.921+0000] {processor.py:183} INFO - Processing /home/ubuntu/air_venv/lib/python3.10/site-packages/airflow/example_dags/example_latest_only.py took 0.094 seconds
[2024-03-18T08:15:15.571+0000] {processor.py:161} INFO - Started process (PID=10306) to work on /home/ubuntu/air_venv/lib/python3.10/site-packages/airflow/example_dags/example_latest_only.py
[2024-03-18T08:15:15.573+0000] {processor.py:830} INFO - Processing file /home/ubuntu/air_venv/lib/python3.10/site-packages/airflow/example_dags/example_latest_only.py for tasks to queue
[2024-03-18T08:15:15.575+0000] {logging_mixin.py:188} INFO - [2024-03-18T08:15:15.574+0000] {dagbag.py:540} INFO - Filling up the DagBag from /home/ubuntu/air_venv/lib/python3.10/site-packages/airflow/example_dags/example_latest_only.py
[2024-03-18T08:15:15.581+0000] {processor.py:840} INFO - DAG(s) 'latest_only' retrieved from /home/ubuntu/air_venv/lib/python3.10/site-packages/airflow/example_dags/example_latest_only.py
[2024-03-18T08:15:15.599+0000] {logging_mixin.py:188} INFO - [2024-03-18T08:15:15.599+0000] {dag.py:3047} INFO - Sync 1 DAGs
[2024-03-18T08:15:15.623+0000] {logging_mixin.py:188} INFO - [2024-03-18T08:15:15.623+0000] {dag.py:3834} INFO - Setting next_dagrun for latest_only to 2024-03-18 04:00:00+00:00, run_after=2024-03-18 08:00:00+00:00
[2024-03-18T08:15:15.649+0000] {processor.py:183} INFO - Processing /home/ubuntu/air_venv/lib/python3.10/site-packages/airflow/example_dags/example_latest_only.py took 0.081 seconds
[2024-03-18T08:16:11.730+0000] {processor.py:161} INFO - Started process (PID=11022) to work on /home/ubuntu/air_venv/lib/python3.10/site-packages/airflow/example_dags/example_latest_only.py
[2024-03-18T08:16:11.732+0000] {processor.py:830} INFO - Processing file /home/ubuntu/air_venv/lib/python3.10/site-packages/airflow/example_dags/example_latest_only.py for tasks to queue
[2024-03-18T08:16:11.734+0000] {logging_mixin.py:188} INFO - [2024-03-18T08:16:11.733+0000] {dagbag.py:540} INFO - Filling up the DagBag from /home/ubuntu/air_venv/lib/python3.10/site-packages/airflow/example_dags/example_latest_only.py
[2024-03-18T08:16:11.740+0000] {processor.py:840} INFO - DAG(s) 'latest_only' retrieved from /home/ubuntu/air_venv/lib/python3.10/site-packages/airflow/example_dags/example_latest_only.py
[2024-03-18T08:16:11.759+0000] {logging_mixin.py:188} INFO - [2024-03-18T08:16:11.759+0000] {dag.py:3047} INFO - Sync 1 DAGs
[2024-03-18T08:16:11.783+0000] {logging_mixin.py:188} INFO - [2024-03-18T08:16:11.783+0000] {dag.py:3834} INFO - Setting next_dagrun for latest_only to 2024-03-18 04:00:00+00:00, run_after=2024-03-18 08:00:00+00:00
[2024-03-18T08:16:11.813+0000] {processor.py:183} INFO - Processing /home/ubuntu/air_venv/lib/python3.10/site-packages/airflow/example_dags/example_latest_only.py took 0.086 seconds
[2024-03-18T08:17:22.159+0000] {processor.py:161} INFO - Started process (PID=11873) to work on /home/ubuntu/air_venv/lib/python3.10/site-packages/airflow/example_dags/example_latest_only.py
[2024-03-18T08:17:22.161+0000] {processor.py:830} INFO - Processing file /home/ubuntu/air_venv/lib/python3.10/site-packages/airflow/example_dags/example_latest_only.py for tasks to queue
[2024-03-18T08:17:22.162+0000] {logging_mixin.py:188} INFO - [2024-03-18T08:17:22.161+0000] {dagbag.py:540} INFO - Filling up the DagBag from /home/ubuntu/air_venv/lib/python3.10/site-packages/airflow/example_dags/example_latest_only.py
[2024-03-18T08:17:22.168+0000] {processor.py:840} INFO - DAG(s) 'latest_only' retrieved from /home/ubuntu/air_venv/lib/python3.10/site-packages/airflow/example_dags/example_latest_only.py
[2024-03-18T08:17:22.186+0000] {logging_mixin.py:188} INFO - [2024-03-18T08:17:22.186+0000] {dag.py:3047} INFO - Sync 1 DAGs
[2024-03-18T08:17:22.208+0000] {logging_mixin.py:188} INFO - [2024-03-18T08:17:22.208+0000] {dag.py:3834} INFO - Setting next_dagrun for latest_only to 2024-03-18 04:00:00+00:00, run_after=2024-03-18 08:00:00+00:00
[2024-03-18T08:17:22.234+0000] {processor.py:183} INFO - Processing /home/ubuntu/air_venv/lib/python3.10/site-packages/airflow/example_dags/example_latest_only.py took 0.079 seconds
[2024-03-18T08:18:28.911+0000] {processor.py:161} INFO - Started process (PID=12480) to work on /home/ubuntu/air_venv/lib/python3.10/site-packages/airflow/example_dags/example_latest_only.py
[2024-03-18T08:18:28.913+0000] {processor.py:830} INFO - Processing file /home/ubuntu/air_venv/lib/python3.10/site-packages/airflow/example_dags/example_latest_only.py for tasks to queue
[2024-03-18T08:18:28.914+0000] {logging_mixin.py:188} INFO - [2024-03-18T08:18:28.913+0000] {dagbag.py:540} INFO - Filling up the DagBag from /home/ubuntu/air_venv/lib/python3.10/site-packages/airflow/example_dags/example_latest_only.py
[2024-03-18T08:18:28.920+0000] {processor.py:840} INFO - DAG(s) 'latest_only' retrieved from /home/ubuntu/air_venv/lib/python3.10/site-packages/airflow/example_dags/example_latest_only.py
[2024-03-18T08:18:28.938+0000] {logging_mixin.py:188} INFO - [2024-03-18T08:18:28.938+0000] {dag.py:3047} INFO - Sync 1 DAGs
[2024-03-18T08:18:28.960+0000] {logging_mixin.py:188} INFO - [2024-03-18T08:18:28.959+0000] {dag.py:3834} INFO - Setting next_dagrun for latest_only to 2024-03-18 04:00:00+00:00, run_after=2024-03-18 08:00:00+00:00
[2024-03-18T08:18:28.984+0000] {processor.py:183} INFO - Processing /home/ubuntu/air_venv/lib/python3.10/site-packages/airflow/example_dags/example_latest_only.py took 0.077 seconds
[2024-03-18T08:19:43.355+0000] {processor.py:161} INFO - Started process (PID=12911) to work on /home/ubuntu/air_venv/lib/python3.10/site-packages/airflow/example_dags/example_latest_only.py
[2024-03-18T08:19:43.357+0000] {processor.py:830} INFO - Processing file /home/ubuntu/air_venv/lib/python3.10/site-packages/airflow/example_dags/example_latest_only.py for tasks to queue
[2024-03-18T08:19:43.359+0000] {logging_mixin.py:188} INFO - [2024-03-18T08:19:43.358+0000] {dagbag.py:540} INFO - Filling up the DagBag from /home/ubuntu/air_venv/lib/python3.10/site-packages/airflow/example_dags/example_latest_only.py
[2024-03-18T08:19:43.365+0000] {processor.py:840} INFO - DAG(s) 'latest_only' retrieved from /home/ubuntu/air_venv/lib/python3.10/site-packages/airflow/example_dags/example_latest_only.py
[2024-03-18T08:19:43.383+0000] {logging_mixin.py:188} INFO - [2024-03-18T08:19:43.383+0000] {dag.py:3047} INFO - Sync 1 DAGs
[2024-03-18T08:19:43.405+0000] {logging_mixin.py:188} INFO - [2024-03-18T08:19:43.404+0000] {dag.py:3834} INFO - Setting next_dagrun for latest_only to 2024-03-18 04:00:00+00:00, run_after=2024-03-18 08:00:00+00:00
[2024-03-18T08:19:43.429+0000] {processor.py:183} INFO - Processing /home/ubuntu/air_venv/lib/python3.10/site-packages/airflow/example_dags/example_latest_only.py took 0.078 seconds
[2024-03-18T08:20:39.641+0000] {processor.py:161} INFO - Started process (PID=13289) to work on /home/ubuntu/air_venv/lib/python3.10/site-packages/airflow/example_dags/example_latest_only.py
[2024-03-18T08:20:39.643+0000] {processor.py:830} INFO - Processing file /home/ubuntu/air_venv/lib/python3.10/site-packages/airflow/example_dags/example_latest_only.py for tasks to queue
[2024-03-18T08:20:39.644+0000] {logging_mixin.py:188} INFO - [2024-03-18T08:20:39.644+0000] {dagbag.py:540} INFO - Filling up the DagBag from /home/ubuntu/air_venv/lib/python3.10/site-packages/airflow/example_dags/example_latest_only.py
[2024-03-18T08:20:39.650+0000] {processor.py:840} INFO - DAG(s) 'latest_only' retrieved from /home/ubuntu/air_venv/lib/python3.10/site-packages/airflow/example_dags/example_latest_only.py
[2024-03-18T08:20:39.668+0000] {logging_mixin.py:188} INFO - [2024-03-18T08:20:39.668+0000] {dag.py:3047} INFO - Sync 1 DAGs
[2024-03-18T08:20:39.691+0000] {logging_mixin.py:188} INFO - [2024-03-18T08:20:39.690+0000] {dag.py:3834} INFO - Setting next_dagrun for latest_only to 2024-03-18 04:00:00+00:00, run_after=2024-03-18 08:00:00+00:00
[2024-03-18T08:20:39.723+0000] {processor.py:183} INFO - Processing /home/ubuntu/air_venv/lib/python3.10/site-packages/airflow/example_dags/example_latest_only.py took 0.086 seconds
[2024-03-18T08:21:36.539+0000] {processor.py:161} INFO - Started process (PID=13620) to work on /home/ubuntu/air_venv/lib/python3.10/site-packages/airflow/example_dags/example_latest_only.py
[2024-03-18T08:21:36.541+0000] {processor.py:830} INFO - Processing file /home/ubuntu/air_venv/lib/python3.10/site-packages/airflow/example_dags/example_latest_only.py for tasks to queue
[2024-03-18T08:21:36.542+0000] {logging_mixin.py:188} INFO - [2024-03-18T08:21:36.541+0000] {dagbag.py:540} INFO - Filling up the DagBag from /home/ubuntu/air_venv/lib/python3.10/site-packages/airflow/example_dags/example_latest_only.py
[2024-03-18T08:21:36.548+0000] {processor.py:840} INFO - DAG(s) 'latest_only' retrieved from /home/ubuntu/air_venv/lib/python3.10/site-packages/airflow/example_dags/example_latest_only.py
[2024-03-18T08:21:36.566+0000] {logging_mixin.py:188} INFO - [2024-03-18T08:21:36.565+0000] {dag.py:3047} INFO - Sync 1 DAGs
[2024-03-18T08:21:36.588+0000] {logging_mixin.py:188} INFO - [2024-03-18T08:21:36.588+0000] {dag.py:3834} INFO - Setting next_dagrun for latest_only to 2024-03-18 04:00:00+00:00, run_after=2024-03-18 08:00:00+00:00
[2024-03-18T08:21:36.613+0000] {processor.py:183} INFO - Processing /home/ubuntu/air_venv/lib/python3.10/site-packages/airflow/example_dags/example_latest_only.py took 0.078 seconds
[2024-03-18T08:22:26.436+0000] {processor.py:161} INFO - Started process (PID=13912) to work on /home/ubuntu/air_venv/lib/python3.10/site-packages/airflow/example_dags/example_latest_only.py
[2024-03-18T08:22:26.443+0000] {processor.py:830} INFO - Processing file /home/ubuntu/air_venv/lib/python3.10/site-packages/airflow/example_dags/example_latest_only.py for tasks to queue
[2024-03-18T08:22:26.444+0000] {logging_mixin.py:188} INFO - [2024-03-18T08:22:26.444+0000] {dagbag.py:540} INFO - Filling up the DagBag from /home/ubuntu/air_venv/lib/python3.10/site-packages/airflow/example_dags/example_latest_only.py
[2024-03-18T08:22:26.451+0000] {processor.py:840} INFO - DAG(s) 'latest_only' retrieved from /home/ubuntu/air_venv/lib/python3.10/site-packages/airflow/example_dags/example_latest_only.py
[2024-03-18T08:22:26.469+0000] {logging_mixin.py:188} INFO - [2024-03-18T08:22:26.469+0000] {dag.py:3047} INFO - Sync 1 DAGs
[2024-03-18T08:22:26.491+0000] {logging_mixin.py:188} INFO - [2024-03-18T08:22:26.491+0000] {dag.py:3834} INFO - Setting next_dagrun for latest_only to 2024-03-18 04:00:00+00:00, run_after=2024-03-18 08:00:00+00:00
[2024-03-18T08:22:26.517+0000] {processor.py:183} INFO - Processing /home/ubuntu/air_venv/lib/python3.10/site-packages/airflow/example_dags/example_latest_only.py took 0.085 seconds
[2024-03-18T08:23:22.819+0000] {processor.py:161} INFO - Started process (PID=14381) to work on /home/ubuntu/air_venv/lib/python3.10/site-packages/airflow/example_dags/example_latest_only.py
[2024-03-18T08:23:22.821+0000] {processor.py:830} INFO - Processing file /home/ubuntu/air_venv/lib/python3.10/site-packages/airflow/example_dags/example_latest_only.py for tasks to queue
[2024-03-18T08:23:22.822+0000] {logging_mixin.py:188} INFO - [2024-03-18T08:23:22.822+0000] {dagbag.py:540} INFO - Filling up the DagBag from /home/ubuntu/air_venv/lib/python3.10/site-packages/airflow/example_dags/example_latest_only.py
[2024-03-18T08:23:22.828+0000] {processor.py:840} INFO - DAG(s) 'latest_only' retrieved from /home/ubuntu/air_venv/lib/python3.10/site-packages/airflow/example_dags/example_latest_only.py
[2024-03-18T08:23:22.846+0000] {logging_mixin.py:188} INFO - [2024-03-18T08:23:22.846+0000] {dag.py:3047} INFO - Sync 1 DAGs
[2024-03-18T08:23:22.868+0000] {logging_mixin.py:188} INFO - [2024-03-18T08:23:22.868+0000] {dag.py:3834} INFO - Setting next_dagrun for latest_only to 2024-03-18 04:00:00+00:00, run_after=2024-03-18 08:00:00+00:00
[2024-03-18T08:23:22.892+0000] {processor.py:183} INFO - Processing /home/ubuntu/air_venv/lib/python3.10/site-packages/airflow/example_dags/example_latest_only.py took 0.077 seconds
[2024-03-18T08:24:23.321+0000] {processor.py:161} INFO - Started process (PID=14873) to work on /home/ubuntu/air_venv/lib/python3.10/site-packages/airflow/example_dags/example_latest_only.py
[2024-03-18T08:24:23.323+0000] {processor.py:830} INFO - Processing file /home/ubuntu/air_venv/lib/python3.10/site-packages/airflow/example_dags/example_latest_only.py for tasks to queue
[2024-03-18T08:24:23.324+0000] {logging_mixin.py:188} INFO - [2024-03-18T08:24:23.324+0000] {dagbag.py:540} INFO - Filling up the DagBag from /home/ubuntu/air_venv/lib/python3.10/site-packages/airflow/example_dags/example_latest_only.py
[2024-03-18T08:24:23.331+0000] {processor.py:840} INFO - DAG(s) 'latest_only' retrieved from /home/ubuntu/air_venv/lib/python3.10/site-packages/airflow/example_dags/example_latest_only.py
[2024-03-18T08:24:23.349+0000] {logging_mixin.py:188} INFO - [2024-03-18T08:24:23.348+0000] {dag.py:3047} INFO - Sync 1 DAGs
[2024-03-18T08:24:23.371+0000] {logging_mixin.py:188} INFO - [2024-03-18T08:24:23.371+0000] {dag.py:3834} INFO - Setting next_dagrun for latest_only to 2024-03-18 04:00:00+00:00, run_after=2024-03-18 08:00:00+00:00
[2024-03-18T08:24:23.397+0000] {processor.py:183} INFO - Processing /home/ubuntu/air_venv/lib/python3.10/site-packages/airflow/example_dags/example_latest_only.py took 0.081 seconds
[2024-03-18T08:25:24.135+0000] {processor.py:161} INFO - Started process (PID=15283) to work on /home/ubuntu/air_venv/lib/python3.10/site-packages/airflow/example_dags/example_latest_only.py
[2024-03-18T08:25:24.137+0000] {processor.py:830} INFO - Processing file /home/ubuntu/air_venv/lib/python3.10/site-packages/airflow/example_dags/example_latest_only.py for tasks to queue
[2024-03-18T08:25:24.138+0000] {logging_mixin.py:188} INFO - [2024-03-18T08:25:24.138+0000] {dagbag.py:540} INFO - Filling up the DagBag from /home/ubuntu/air_venv/lib/python3.10/site-packages/airflow/example_dags/example_latest_only.py
[2024-03-18T08:25:24.144+0000] {processor.py:840} INFO - DAG(s) 'latest_only' retrieved from /home/ubuntu/air_venv/lib/python3.10/site-packages/airflow/example_dags/example_latest_only.py
[2024-03-18T08:25:24.162+0000] {logging_mixin.py:188} INFO - [2024-03-18T08:25:24.162+0000] {dag.py:3047} INFO - Sync 1 DAGs
[2024-03-18T08:25:24.183+0000] {logging_mixin.py:188} INFO - [2024-03-18T08:25:24.183+0000] {dag.py:3834} INFO - Setting next_dagrun for latest_only to 2024-03-18 04:00:00+00:00, run_after=2024-03-18 08:00:00+00:00
[2024-03-18T08:25:24.209+0000] {processor.py:183} INFO - Processing /home/ubuntu/air_venv/lib/python3.10/site-packages/airflow/example_dags/example_latest_only.py took 0.077 seconds
[2024-03-18T08:26:27.160+0000] {processor.py:161} INFO - Started process (PID=15405) to work on /home/ubuntu/air_venv/lib/python3.10/site-packages/airflow/example_dags/example_latest_only.py
[2024-03-18T08:26:27.162+0000] {processor.py:830} INFO - Processing file /home/ubuntu/air_venv/lib/python3.10/site-packages/airflow/example_dags/example_latest_only.py for tasks to queue
[2024-03-18T08:26:27.163+0000] {logging_mixin.py:188} INFO - [2024-03-18T08:26:27.163+0000] {dagbag.py:540} INFO - Filling up the DagBag from /home/ubuntu/air_venv/lib/python3.10/site-packages/airflow/example_dags/example_latest_only.py
[2024-03-18T08:26:27.169+0000] {processor.py:840} INFO - DAG(s) 'latest_only' retrieved from /home/ubuntu/air_venv/lib/python3.10/site-packages/airflow/example_dags/example_latest_only.py
[2024-03-18T08:26:27.187+0000] {logging_mixin.py:188} INFO - [2024-03-18T08:26:27.186+0000] {dag.py:3047} INFO - Sync 1 DAGs
[2024-03-18T08:26:27.210+0000] {logging_mixin.py:188} INFO - [2024-03-18T08:26:27.210+0000] {dag.py:3834} INFO - Setting next_dagrun for latest_only to 2024-03-18 04:00:00+00:00, run_after=2024-03-18 08:00:00+00:00
[2024-03-18T08:26:27.235+0000] {processor.py:183} INFO - Processing /home/ubuntu/air_venv/lib/python3.10/site-packages/airflow/example_dags/example_latest_only.py took 0.078 seconds
[2024-03-18T08:27:28.487+0000] {processor.py:161} INFO - Started process (PID=15525) to work on /home/ubuntu/air_venv/lib/python3.10/site-packages/airflow/example_dags/example_latest_only.py
[2024-03-18T08:27:28.489+0000] {processor.py:830} INFO - Processing file /home/ubuntu/air_venv/lib/python3.10/site-packages/airflow/example_dags/example_latest_only.py for tasks to queue
[2024-03-18T08:27:28.490+0000] {logging_mixin.py:188} INFO - [2024-03-18T08:27:28.489+0000] {dagbag.py:540} INFO - Filling up the DagBag from /home/ubuntu/air_venv/lib/python3.10/site-packages/airflow/example_dags/example_latest_only.py
[2024-03-18T08:27:28.496+0000] {processor.py:840} INFO - DAG(s) 'latest_only' retrieved from /home/ubuntu/air_venv/lib/python3.10/site-packages/airflow/example_dags/example_latest_only.py
[2024-03-18T08:27:28.514+0000] {logging_mixin.py:188} INFO - [2024-03-18T08:27:28.514+0000] {dag.py:3047} INFO - Sync 1 DAGs
[2024-03-18T08:27:28.537+0000] {logging_mixin.py:188} INFO - [2024-03-18T08:27:28.537+0000] {dag.py:3834} INFO - Setting next_dagrun for latest_only to 2024-03-18 04:00:00+00:00, run_after=2024-03-18 08:00:00+00:00
[2024-03-18T08:27:28.567+0000] {processor.py:183} INFO - Processing /home/ubuntu/air_venv/lib/python3.10/site-packages/airflow/example_dags/example_latest_only.py took 0.083 seconds
[2024-03-18T08:28:31.310+0000] {processor.py:161} INFO - Started process (PID=15646) to work on /home/ubuntu/air_venv/lib/python3.10/site-packages/airflow/example_dags/example_latest_only.py
[2024-03-18T08:28:31.312+0000] {processor.py:830} INFO - Processing file /home/ubuntu/air_venv/lib/python3.10/site-packages/airflow/example_dags/example_latest_only.py for tasks to queue
[2024-03-18T08:28:31.313+0000] {logging_mixin.py:188} INFO - [2024-03-18T08:28:31.313+0000] {dagbag.py:540} INFO - Filling up the DagBag from /home/ubuntu/air_venv/lib/python3.10/site-packages/airflow/example_dags/example_latest_only.py
[2024-03-18T08:28:31.320+0000] {processor.py:840} INFO - DAG(s) 'latest_only' retrieved from /home/ubuntu/air_venv/lib/python3.10/site-packages/airflow/example_dags/example_latest_only.py
[2024-03-18T08:28:31.337+0000] {logging_mixin.py:188} INFO - [2024-03-18T08:28:31.337+0000] {dag.py:3047} INFO - Sync 1 DAGs
[2024-03-18T08:28:31.359+0000] {logging_mixin.py:188} INFO - [2024-03-18T08:28:31.358+0000] {dag.py:3834} INFO - Setting next_dagrun for latest_only to 2024-03-18 04:00:00+00:00, run_after=2024-03-18 08:00:00+00:00
[2024-03-18T08:28:31.384+0000] {processor.py:183} INFO - Processing /home/ubuntu/air_venv/lib/python3.10/site-packages/airflow/example_dags/example_latest_only.py took 0.077 seconds
[2024-03-18T08:29:35.938+0000] {processor.py:161} INFO - Started process (PID=15768) to work on /home/ubuntu/air_venv/lib/python3.10/site-packages/airflow/example_dags/example_latest_only.py
[2024-03-18T08:29:35.940+0000] {processor.py:830} INFO - Processing file /home/ubuntu/air_venv/lib/python3.10/site-packages/airflow/example_dags/example_latest_only.py for tasks to queue
[2024-03-18T08:29:35.941+0000] {logging_mixin.py:188} INFO - [2024-03-18T08:29:35.941+0000] {dagbag.py:540} INFO - Filling up the DagBag from /home/ubuntu/air_venv/lib/python3.10/site-packages/airflow/example_dags/example_latest_only.py
[2024-03-18T08:29:35.947+0000] {processor.py:840} INFO - DAG(s) 'latest_only' retrieved from /home/ubuntu/air_venv/lib/python3.10/site-packages/airflow/example_dags/example_latest_only.py
[2024-03-18T08:29:35.966+0000] {logging_mixin.py:188} INFO - [2024-03-18T08:29:35.966+0000] {dag.py:3047} INFO - Sync 1 DAGs
[2024-03-18T08:29:35.995+0000] {logging_mixin.py:188} INFO - [2024-03-18T08:29:35.995+0000] {dag.py:3834} INFO - Setting next_dagrun for latest_only to 2024-03-18 04:00:00+00:00, run_after=2024-03-18 08:00:00+00:00
[2024-03-18T08:29:36.026+0000] {processor.py:183} INFO - Processing /home/ubuntu/air_venv/lib/python3.10/site-packages/airflow/example_dags/example_latest_only.py took 0.092 seconds
