[2024-03-18T08:00:30.692+0000] {processor.py:161} INFO - Started process (PID=3114) to work on /home/ubuntu/air_venv/lib/python3.10/site-packages/airflow/example_dags/example_branch_labels.py
[2024-03-18T08:00:30.693+0000] {processor.py:830} INFO - Processing file /home/ubuntu/air_venv/lib/python3.10/site-packages/airflow/example_dags/example_branch_labels.py for tasks to queue
[2024-03-18T08:00:30.694+0000] {logging_mixin.py:188} INFO - [2024-03-18T08:00:30.694+0000] {dagbag.py:540} INFO - Filling up the DagBag from /home/ubuntu/air_venv/lib/python3.10/site-packages/airflow/example_dags/example_branch_labels.py
[2024-03-18T08:00:30.703+0000] {processor.py:840} INFO - DAG(s) 'example_branch_labels' retrieved from /home/ubuntu/air_venv/lib/python3.10/site-packages/airflow/example_dags/example_branch_labels.py
[2024-03-18T08:00:30.821+0000] {logging_mixin.py:188} INFO - [2024-03-18T08:00:30.820+0000] {override.py:1769} INFO - Created Permission View: can edit on DAG:example_branch_labels
[2024-03-18T08:00:30.838+0000] {logging_mixin.py:188} INFO - [2024-03-18T08:00:30.837+0000] {override.py:1769} INFO - Created Permission View: can delete on DAG:example_branch_labels
[2024-03-18T08:00:30.850+0000] {logging_mixin.py:188} INFO - [2024-03-18T08:00:30.850+0000] {override.py:1769} INFO - Created Permission View: can read on DAG:example_branch_labels
[2024-03-18T08:00:30.851+0000] {logging_mixin.py:188} INFO - [2024-03-18T08:00:30.851+0000] {dag.py:3047} INFO - Sync 1 DAGs
[2024-03-18T08:00:30.865+0000] {logging_mixin.py:188} INFO - [2024-03-18T08:00:30.865+0000] {dag.py:3069} INFO - Creating ORM DAG for example_branch_labels
[2024-03-18T08:00:31.017+0000] {logging_mixin.py:188} INFO - [2024-03-18T08:00:31.017+0000] {dag.py:3834} INFO - Setting next_dagrun for example_branch_labels to 2024-03-17 00:00:00+00:00, run_after=2024-03-18 00:00:00+00:00
[2024-03-18T08:00:31.042+0000] {processor.py:183} INFO - Processing /home/ubuntu/air_venv/lib/python3.10/site-packages/airflow/example_dags/example_branch_labels.py took 0.353 seconds
[2024-03-18T08:01:24.478+0000] {processor.py:161} INFO - Started process (PID=3552) to work on /home/ubuntu/air_venv/lib/python3.10/site-packages/airflow/example_dags/example_branch_labels.py
[2024-03-18T08:01:24.480+0000] {processor.py:830} INFO - Processing file /home/ubuntu/air_venv/lib/python3.10/site-packages/airflow/example_dags/example_branch_labels.py for tasks to queue
[2024-03-18T08:01:24.481+0000] {logging_mixin.py:188} INFO - [2024-03-18T08:01:24.481+0000] {dagbag.py:540} INFO - Filling up the DagBag from /home/ubuntu/air_venv/lib/python3.10/site-packages/airflow/example_dags/example_branch_labels.py
[2024-03-18T08:01:24.490+0000] {processor.py:840} INFO - DAG(s) 'example_branch_labels' retrieved from /home/ubuntu/air_venv/lib/python3.10/site-packages/airflow/example_dags/example_branch_labels.py
[2024-03-18T08:01:24.509+0000] {logging_mixin.py:188} INFO - [2024-03-18T08:01:24.509+0000] {dag.py:3047} INFO - Sync 1 DAGs
[2024-03-18T08:01:24.531+0000] {logging_mixin.py:188} INFO - [2024-03-18T08:01:24.531+0000] {dag.py:3834} INFO - Setting next_dagrun for example_branch_labels to 2024-03-17 00:00:00+00:00, run_after=2024-03-18 00:00:00+00:00
[2024-03-18T08:01:24.559+0000] {processor.py:183} INFO - Processing /home/ubuntu/air_venv/lib/python3.10/site-packages/airflow/example_dags/example_branch_labels.py took 0.083 seconds
[2024-03-18T08:02:20.994+0000] {processor.py:161} INFO - Started process (PID=4179) to work on /home/ubuntu/air_venv/lib/python3.10/site-packages/airflow/example_dags/example_branch_labels.py
[2024-03-18T08:02:20.996+0000] {processor.py:830} INFO - Processing file /home/ubuntu/air_venv/lib/python3.10/site-packages/airflow/example_dags/example_branch_labels.py for tasks to queue
[2024-03-18T08:02:20.997+0000] {logging_mixin.py:188} INFO - [2024-03-18T08:02:20.997+0000] {dagbag.py:540} INFO - Filling up the DagBag from /home/ubuntu/air_venv/lib/python3.10/site-packages/airflow/example_dags/example_branch_labels.py
[2024-03-18T08:02:21.006+0000] {processor.py:840} INFO - DAG(s) 'example_branch_labels' retrieved from /home/ubuntu/air_venv/lib/python3.10/site-packages/airflow/example_dags/example_branch_labels.py
[2024-03-18T08:02:21.026+0000] {logging_mixin.py:188} INFO - [2024-03-18T08:02:21.025+0000] {dag.py:3047} INFO - Sync 1 DAGs
[2024-03-18T08:02:21.190+0000] {logging_mixin.py:188} INFO - [2024-03-18T08:02:21.189+0000] {dag.py:3834} INFO - Setting next_dagrun for example_branch_labels to 2024-03-17 00:00:00+00:00, run_after=2024-03-18 00:00:00+00:00
[2024-03-18T08:02:21.214+0000] {processor.py:183} INFO - Processing /home/ubuntu/air_venv/lib/python3.10/site-packages/airflow/example_dags/example_branch_labels.py took 0.223 seconds
[2024-03-18T08:03:15.118+0000] {processor.py:161} INFO - Started process (PID=4468) to work on /home/ubuntu/air_venv/lib/python3.10/site-packages/airflow/example_dags/example_branch_labels.py
[2024-03-18T08:03:15.120+0000] {processor.py:830} INFO - Processing file /home/ubuntu/air_venv/lib/python3.10/site-packages/airflow/example_dags/example_branch_labels.py for tasks to queue
[2024-03-18T08:03:15.122+0000] {logging_mixin.py:188} INFO - [2024-03-18T08:03:15.121+0000] {dagbag.py:540} INFO - Filling up the DagBag from /home/ubuntu/air_venv/lib/python3.10/site-packages/airflow/example_dags/example_branch_labels.py
[2024-03-18T08:03:15.131+0000] {processor.py:840} INFO - DAG(s) 'example_branch_labels' retrieved from /home/ubuntu/air_venv/lib/python3.10/site-packages/airflow/example_dags/example_branch_labels.py
[2024-03-18T08:03:15.151+0000] {logging_mixin.py:188} INFO - [2024-03-18T08:03:15.151+0000] {dag.py:3047} INFO - Sync 1 DAGs
[2024-03-18T08:03:15.186+0000] {logging_mixin.py:188} INFO - [2024-03-18T08:03:15.186+0000] {dag.py:3834} INFO - Setting next_dagrun for example_branch_labels to 2024-03-17 00:00:00+00:00, run_after=2024-03-18 00:00:00+00:00
[2024-03-18T08:03:15.215+0000] {processor.py:183} INFO - Processing /home/ubuntu/air_venv/lib/python3.10/site-packages/airflow/example_dags/example_branch_labels.py took 0.100 seconds
[2024-03-18T08:04:20.170+0000] {processor.py:161} INFO - Started process (PID=5014) to work on /home/ubuntu/air_venv/lib/python3.10/site-packages/airflow/example_dags/example_branch_labels.py
[2024-03-18T08:04:20.172+0000] {processor.py:830} INFO - Processing file /home/ubuntu/air_venv/lib/python3.10/site-packages/airflow/example_dags/example_branch_labels.py for tasks to queue
[2024-03-18T08:04:20.174+0000] {logging_mixin.py:188} INFO - [2024-03-18T08:04:20.173+0000] {dagbag.py:540} INFO - Filling up the DagBag from /home/ubuntu/air_venv/lib/python3.10/site-packages/airflow/example_dags/example_branch_labels.py
[2024-03-18T08:04:20.183+0000] {processor.py:840} INFO - DAG(s) 'example_branch_labels' retrieved from /home/ubuntu/air_venv/lib/python3.10/site-packages/airflow/example_dags/example_branch_labels.py
[2024-03-18T08:04:20.202+0000] {logging_mixin.py:188} INFO - [2024-03-18T08:04:20.202+0000] {dag.py:3047} INFO - Sync 1 DAGs
[2024-03-18T08:04:20.226+0000] {logging_mixin.py:188} INFO - [2024-03-18T08:04:20.226+0000] {dag.py:3834} INFO - Setting next_dagrun for example_branch_labels to 2024-03-17 00:00:00+00:00, run_after=2024-03-18 00:00:00+00:00
[2024-03-18T08:04:20.252+0000] {processor.py:183} INFO - Processing /home/ubuntu/air_venv/lib/python3.10/site-packages/airflow/example_dags/example_branch_labels.py took 0.086 seconds
[2024-03-18T08:05:37.199+0000] {processor.py:161} INFO - Started process (PID=5693) to work on /home/ubuntu/air_venv/lib/python3.10/site-packages/airflow/example_dags/example_branch_labels.py
[2024-03-18T08:05:37.201+0000] {processor.py:830} INFO - Processing file /home/ubuntu/air_venv/lib/python3.10/site-packages/airflow/example_dags/example_branch_labels.py for tasks to queue
[2024-03-18T08:05:37.202+0000] {logging_mixin.py:188} INFO - [2024-03-18T08:05:37.202+0000] {dagbag.py:540} INFO - Filling up the DagBag from /home/ubuntu/air_venv/lib/python3.10/site-packages/airflow/example_dags/example_branch_labels.py
[2024-03-18T08:05:37.211+0000] {processor.py:840} INFO - DAG(s) 'example_branch_labels' retrieved from /home/ubuntu/air_venv/lib/python3.10/site-packages/airflow/example_dags/example_branch_labels.py
[2024-03-18T08:05:37.232+0000] {logging_mixin.py:188} INFO - [2024-03-18T08:05:37.232+0000] {dag.py:3047} INFO - Sync 1 DAGs
[2024-03-18T08:05:37.257+0000] {logging_mixin.py:188} INFO - [2024-03-18T08:05:37.257+0000] {dag.py:3834} INFO - Setting next_dagrun for example_branch_labels to 2024-03-17 00:00:00+00:00, run_after=2024-03-18 00:00:00+00:00
[2024-03-18T08:05:37.284+0000] {processor.py:183} INFO - Processing /home/ubuntu/air_venv/lib/python3.10/site-packages/airflow/example_dags/example_branch_labels.py took 0.088 seconds
[2024-03-18T08:07:35.094+0000] {processor.py:161} INFO - Started process (PID=7074) to work on /home/ubuntu/air_venv/lib/python3.10/site-packages/airflow/example_dags/example_branch_labels.py
[2024-03-18T08:07:35.097+0000] {processor.py:830} INFO - Processing file /home/ubuntu/air_venv/lib/python3.10/site-packages/airflow/example_dags/example_branch_labels.py for tasks to queue
[2024-03-18T08:07:35.098+0000] {logging_mixin.py:188} INFO - [2024-03-18T08:07:35.097+0000] {dagbag.py:540} INFO - Filling up the DagBag from /home/ubuntu/air_venv/lib/python3.10/site-packages/airflow/example_dags/example_branch_labels.py
[2024-03-18T08:07:35.107+0000] {processor.py:840} INFO - DAG(s) 'example_branch_labels' retrieved from /home/ubuntu/air_venv/lib/python3.10/site-packages/airflow/example_dags/example_branch_labels.py
[2024-03-18T08:07:35.128+0000] {logging_mixin.py:188} INFO - [2024-03-18T08:07:35.128+0000] {dag.py:3047} INFO - Sync 1 DAGs
[2024-03-18T08:07:35.154+0000] {logging_mixin.py:188} INFO - [2024-03-18T08:07:35.154+0000] {dag.py:3834} INFO - Setting next_dagrun for example_branch_labels to 2024-03-17 00:00:00+00:00, run_after=2024-03-18 00:00:00+00:00
[2024-03-18T08:07:35.189+0000] {processor.py:183} INFO - Processing /home/ubuntu/air_venv/lib/python3.10/site-packages/airflow/example_dags/example_branch_labels.py took 0.098 seconds
[2024-03-18T08:08:28.410+0000] {processor.py:161} INFO - Started process (PID=7306) to work on /home/ubuntu/air_venv/lib/python3.10/site-packages/airflow/example_dags/example_branch_labels.py
[2024-03-18T08:08:28.411+0000] {processor.py:830} INFO - Processing file /home/ubuntu/air_venv/lib/python3.10/site-packages/airflow/example_dags/example_branch_labels.py for tasks to queue
[2024-03-18T08:08:28.413+0000] {logging_mixin.py:188} INFO - [2024-03-18T08:08:28.412+0000] {dagbag.py:540} INFO - Filling up the DagBag from /home/ubuntu/air_venv/lib/python3.10/site-packages/airflow/example_dags/example_branch_labels.py
[2024-03-18T08:08:28.422+0000] {processor.py:840} INFO - DAG(s) 'example_branch_labels' retrieved from /home/ubuntu/air_venv/lib/python3.10/site-packages/airflow/example_dags/example_branch_labels.py
[2024-03-18T08:08:28.444+0000] {logging_mixin.py:188} INFO - [2024-03-18T08:08:28.444+0000] {dag.py:3047} INFO - Sync 1 DAGs
[2024-03-18T08:08:28.470+0000] {logging_mixin.py:188} INFO - [2024-03-18T08:08:28.469+0000] {dag.py:3834} INFO - Setting next_dagrun for example_branch_labels to 2024-03-17 00:00:00+00:00, run_after=2024-03-18 00:00:00+00:00
[2024-03-18T08:08:28.493+0000] {processor.py:183} INFO - Processing /home/ubuntu/air_venv/lib/python3.10/site-packages/airflow/example_dags/example_branch_labels.py took 0.087 seconds
[2024-03-18T08:09:36.180+0000] {processor.py:161} INFO - Started process (PID=7863) to work on /home/ubuntu/air_venv/lib/python3.10/site-packages/airflow/example_dags/example_branch_labels.py
[2024-03-18T08:09:36.182+0000] {processor.py:830} INFO - Processing file /home/ubuntu/air_venv/lib/python3.10/site-packages/airflow/example_dags/example_branch_labels.py for tasks to queue
[2024-03-18T08:09:36.183+0000] {logging_mixin.py:188} INFO - [2024-03-18T08:09:36.183+0000] {dagbag.py:540} INFO - Filling up the DagBag from /home/ubuntu/air_venv/lib/python3.10/site-packages/airflow/example_dags/example_branch_labels.py
[2024-03-18T08:09:36.192+0000] {processor.py:840} INFO - DAG(s) 'example_branch_labels' retrieved from /home/ubuntu/air_venv/lib/python3.10/site-packages/airflow/example_dags/example_branch_labels.py
[2024-03-18T08:09:36.212+0000] {logging_mixin.py:188} INFO - [2024-03-18T08:09:36.211+0000] {dag.py:3047} INFO - Sync 1 DAGs
[2024-03-18T08:09:36.237+0000] {logging_mixin.py:188} INFO - [2024-03-18T08:09:36.236+0000] {dag.py:3834} INFO - Setting next_dagrun for example_branch_labels to 2024-03-17 00:00:00+00:00, run_after=2024-03-18 00:00:00+00:00
[2024-03-18T08:09:36.261+0000] {processor.py:183} INFO - Processing /home/ubuntu/air_venv/lib/python3.10/site-packages/airflow/example_dags/example_branch_labels.py took 0.084 seconds
[2024-03-18T08:10:37.696+0000] {processor.py:161} INFO - Started process (PID=8284) to work on /home/ubuntu/air_venv/lib/python3.10/site-packages/airflow/example_dags/example_branch_labels.py
[2024-03-18T08:10:37.697+0000] {processor.py:830} INFO - Processing file /home/ubuntu/air_venv/lib/python3.10/site-packages/airflow/example_dags/example_branch_labels.py for tasks to queue
[2024-03-18T08:10:37.699+0000] {logging_mixin.py:188} INFO - [2024-03-18T08:10:37.698+0000] {dagbag.py:540} INFO - Filling up the DagBag from /home/ubuntu/air_venv/lib/python3.10/site-packages/airflow/example_dags/example_branch_labels.py
[2024-03-18T08:10:37.708+0000] {processor.py:840} INFO - DAG(s) 'example_branch_labels' retrieved from /home/ubuntu/air_venv/lib/python3.10/site-packages/airflow/example_dags/example_branch_labels.py
[2024-03-18T08:10:37.727+0000] {logging_mixin.py:188} INFO - [2024-03-18T08:10:37.727+0000] {dag.py:3047} INFO - Sync 1 DAGs
[2024-03-18T08:10:37.751+0000] {logging_mixin.py:188} INFO - [2024-03-18T08:10:37.751+0000] {dag.py:3834} INFO - Setting next_dagrun for example_branch_labels to 2024-03-17 00:00:00+00:00, run_after=2024-03-18 00:00:00+00:00
[2024-03-18T08:10:37.776+0000] {processor.py:183} INFO - Processing /home/ubuntu/air_venv/lib/python3.10/site-packages/airflow/example_dags/example_branch_labels.py took 0.084 seconds
[2024-03-18T08:11:39.797+0000] {processor.py:161} INFO - Started process (PID=8886) to work on /home/ubuntu/air_venv/lib/python3.10/site-packages/airflow/example_dags/example_branch_labels.py
[2024-03-18T08:11:39.799+0000] {processor.py:830} INFO - Processing file /home/ubuntu/air_venv/lib/python3.10/site-packages/airflow/example_dags/example_branch_labels.py for tasks to queue
[2024-03-18T08:11:39.800+0000] {logging_mixin.py:188} INFO - [2024-03-18T08:11:39.800+0000] {dagbag.py:540} INFO - Filling up the DagBag from /home/ubuntu/air_venv/lib/python3.10/site-packages/airflow/example_dags/example_branch_labels.py
[2024-03-18T08:11:39.809+0000] {processor.py:840} INFO - DAG(s) 'example_branch_labels' retrieved from /home/ubuntu/air_venv/lib/python3.10/site-packages/airflow/example_dags/example_branch_labels.py
[2024-03-18T08:11:39.829+0000] {logging_mixin.py:188} INFO - [2024-03-18T08:11:39.829+0000] {dag.py:3047} INFO - Sync 1 DAGs
[2024-03-18T08:11:39.852+0000] {logging_mixin.py:188} INFO - [2024-03-18T08:11:39.851+0000] {dag.py:3834} INFO - Setting next_dagrun for example_branch_labels to 2024-03-17 00:00:00+00:00, run_after=2024-03-18 00:00:00+00:00
[2024-03-18T08:11:39.878+0000] {processor.py:183} INFO - Processing /home/ubuntu/air_venv/lib/python3.10/site-packages/airflow/example_dags/example_branch_labels.py took 0.084 seconds
[2024-03-18T08:12:40.453+0000] {processor.py:161} INFO - Started process (PID=9248) to work on /home/ubuntu/air_venv/lib/python3.10/site-packages/airflow/example_dags/example_branch_labels.py
[2024-03-18T08:12:40.455+0000] {processor.py:830} INFO - Processing file /home/ubuntu/air_venv/lib/python3.10/site-packages/airflow/example_dags/example_branch_labels.py for tasks to queue
[2024-03-18T08:12:40.456+0000] {logging_mixin.py:188} INFO - [2024-03-18T08:12:40.455+0000] {dagbag.py:540} INFO - Filling up the DagBag from /home/ubuntu/air_venv/lib/python3.10/site-packages/airflow/example_dags/example_branch_labels.py
[2024-03-18T08:12:40.465+0000] {processor.py:840} INFO - DAG(s) 'example_branch_labels' retrieved from /home/ubuntu/air_venv/lib/python3.10/site-packages/airflow/example_dags/example_branch_labels.py
[2024-03-18T08:12:40.485+0000] {logging_mixin.py:188} INFO - [2024-03-18T08:12:40.485+0000] {dag.py:3047} INFO - Sync 1 DAGs
[2024-03-18T08:12:40.510+0000] {logging_mixin.py:188} INFO - [2024-03-18T08:12:40.510+0000] {dag.py:3834} INFO - Setting next_dagrun for example_branch_labels to 2024-03-17 00:00:00+00:00, run_after=2024-03-18 00:00:00+00:00
[2024-03-18T08:12:40.535+0000] {processor.py:183} INFO - Processing /home/ubuntu/air_venv/lib/python3.10/site-packages/airflow/example_dags/example_branch_labels.py took 0.086 seconds
[2024-03-18T08:13:47.182+0000] {processor.py:161} INFO - Started process (PID=9615) to work on /home/ubuntu/air_venv/lib/python3.10/site-packages/airflow/example_dags/example_branch_labels.py
[2024-03-18T08:13:47.184+0000] {processor.py:830} INFO - Processing file /home/ubuntu/air_venv/lib/python3.10/site-packages/airflow/example_dags/example_branch_labels.py for tasks to queue
[2024-03-18T08:13:47.186+0000] {logging_mixin.py:188} INFO - [2024-03-18T08:13:47.185+0000] {dagbag.py:540} INFO - Filling up the DagBag from /home/ubuntu/air_venv/lib/python3.10/site-packages/airflow/example_dags/example_branch_labels.py
[2024-03-18T08:13:47.195+0000] {processor.py:840} INFO - DAG(s) 'example_branch_labels' retrieved from /home/ubuntu/air_venv/lib/python3.10/site-packages/airflow/example_dags/example_branch_labels.py
[2024-03-18T08:13:47.214+0000] {logging_mixin.py:188} INFO - [2024-03-18T08:13:47.214+0000] {dag.py:3047} INFO - Sync 1 DAGs
[2024-03-18T08:13:47.237+0000] {logging_mixin.py:188} INFO - [2024-03-18T08:13:47.236+0000] {dag.py:3834} INFO - Setting next_dagrun for example_branch_labels to 2024-03-17 00:00:00+00:00, run_after=2024-03-18 00:00:00+00:00
[2024-03-18T08:13:47.262+0000] {processor.py:183} INFO - Processing /home/ubuntu/air_venv/lib/python3.10/site-packages/airflow/example_dags/example_branch_labels.py took 0.083 seconds
[2024-03-18T08:15:17.886+0000] {processor.py:161} INFO - Started process (PID=10308) to work on /home/ubuntu/air_venv/lib/python3.10/site-packages/airflow/example_dags/example_branch_labels.py
[2024-03-18T08:15:17.889+0000] {processor.py:830} INFO - Processing file /home/ubuntu/air_venv/lib/python3.10/site-packages/airflow/example_dags/example_branch_labels.py for tasks to queue
[2024-03-18T08:15:17.890+0000] {logging_mixin.py:188} INFO - [2024-03-18T08:15:17.890+0000] {dagbag.py:540} INFO - Filling up the DagBag from /home/ubuntu/air_venv/lib/python3.10/site-packages/airflow/example_dags/example_branch_labels.py
[2024-03-18T08:15:17.899+0000] {processor.py:840} INFO - DAG(s) 'example_branch_labels' retrieved from /home/ubuntu/air_venv/lib/python3.10/site-packages/airflow/example_dags/example_branch_labels.py
[2024-03-18T08:15:17.918+0000] {logging_mixin.py:188} INFO - [2024-03-18T08:15:17.918+0000] {dag.py:3047} INFO - Sync 1 DAGs
[2024-03-18T08:15:17.951+0000] {logging_mixin.py:188} INFO - [2024-03-18T08:15:17.950+0000] {dag.py:3834} INFO - Setting next_dagrun for example_branch_labels to 2024-03-17 00:00:00+00:00, run_after=2024-03-18 00:00:00+00:00
[2024-03-18T08:15:17.976+0000] {processor.py:183} INFO - Processing /home/ubuntu/air_venv/lib/python3.10/site-packages/airflow/example_dags/example_branch_labels.py took 0.094 seconds
[2024-03-18T08:16:31.760+0000] {processor.py:161} INFO - Started process (PID=11222) to work on /home/ubuntu/air_venv/lib/python3.10/site-packages/airflow/example_dags/example_branch_labels.py
[2024-03-18T08:16:31.763+0000] {processor.py:830} INFO - Processing file /home/ubuntu/air_venv/lib/python3.10/site-packages/airflow/example_dags/example_branch_labels.py for tasks to queue
[2024-03-18T08:16:31.765+0000] {logging_mixin.py:188} INFO - [2024-03-18T08:16:31.765+0000] {dagbag.py:540} INFO - Filling up the DagBag from /home/ubuntu/air_venv/lib/python3.10/site-packages/airflow/example_dags/example_branch_labels.py
[2024-03-18T08:16:31.775+0000] {processor.py:840} INFO - DAG(s) 'example_branch_labels' retrieved from /home/ubuntu/air_venv/lib/python3.10/site-packages/airflow/example_dags/example_branch_labels.py
[2024-03-18T08:16:31.795+0000] {logging_mixin.py:188} INFO - [2024-03-18T08:16:31.795+0000] {dag.py:3047} INFO - Sync 1 DAGs
[2024-03-18T08:16:31.819+0000] {logging_mixin.py:188} INFO - [2024-03-18T08:16:31.819+0000] {dag.py:3834} INFO - Setting next_dagrun for example_branch_labels to 2024-03-17 00:00:00+00:00, run_after=2024-03-18 00:00:00+00:00
[2024-03-18T08:16:31.846+0000] {processor.py:183} INFO - Processing /home/ubuntu/air_venv/lib/python3.10/site-packages/airflow/example_dags/example_branch_labels.py took 0.094 seconds
[2024-03-18T08:17:51.243+0000] {processor.py:161} INFO - Started process (PID=12263) to work on /home/ubuntu/air_venv/lib/python3.10/site-packages/airflow/example_dags/example_branch_labels.py
[2024-03-18T08:17:51.245+0000] {processor.py:830} INFO - Processing file /home/ubuntu/air_venv/lib/python3.10/site-packages/airflow/example_dags/example_branch_labels.py for tasks to queue
[2024-03-18T08:17:51.246+0000] {logging_mixin.py:188} INFO - [2024-03-18T08:17:51.246+0000] {dagbag.py:540} INFO - Filling up the DagBag from /home/ubuntu/air_venv/lib/python3.10/site-packages/airflow/example_dags/example_branch_labels.py
[2024-03-18T08:17:51.256+0000] {processor.py:840} INFO - DAG(s) 'example_branch_labels' retrieved from /home/ubuntu/air_venv/lib/python3.10/site-packages/airflow/example_dags/example_branch_labels.py
[2024-03-18T08:17:51.275+0000] {logging_mixin.py:188} INFO - [2024-03-18T08:17:51.275+0000] {dag.py:3047} INFO - Sync 1 DAGs
[2024-03-18T08:17:51.300+0000] {logging_mixin.py:188} INFO - [2024-03-18T08:17:51.300+0000] {dag.py:3834} INFO - Setting next_dagrun for example_branch_labels to 2024-03-17 00:00:00+00:00, run_after=2024-03-18 00:00:00+00:00
[2024-03-18T08:17:51.324+0000] {processor.py:183} INFO - Processing /home/ubuntu/air_venv/lib/python3.10/site-packages/airflow/example_dags/example_branch_labels.py took 0.084 seconds
[2024-03-18T08:18:48.184+0000] {processor.py:161} INFO - Started process (PID=12559) to work on /home/ubuntu/air_venv/lib/python3.10/site-packages/airflow/example_dags/example_branch_labels.py
[2024-03-18T08:18:48.186+0000] {processor.py:830} INFO - Processing file /home/ubuntu/air_venv/lib/python3.10/site-packages/airflow/example_dags/example_branch_labels.py for tasks to queue
[2024-03-18T08:18:48.187+0000] {logging_mixin.py:188} INFO - [2024-03-18T08:18:48.186+0000] {dagbag.py:540} INFO - Filling up the DagBag from /home/ubuntu/air_venv/lib/python3.10/site-packages/airflow/example_dags/example_branch_labels.py
[2024-03-18T08:18:48.196+0000] {processor.py:840} INFO - DAG(s) 'example_branch_labels' retrieved from /home/ubuntu/air_venv/lib/python3.10/site-packages/airflow/example_dags/example_branch_labels.py
[2024-03-18T08:18:48.216+0000] {logging_mixin.py:188} INFO - [2024-03-18T08:18:48.216+0000] {dag.py:3047} INFO - Sync 1 DAGs
[2024-03-18T08:18:48.239+0000] {logging_mixin.py:188} INFO - [2024-03-18T08:18:48.239+0000] {dag.py:3834} INFO - Setting next_dagrun for example_branch_labels to 2024-03-17 00:00:00+00:00, run_after=2024-03-18 00:00:00+00:00
[2024-03-18T08:18:48.264+0000] {processor.py:183} INFO - Processing /home/ubuntu/air_venv/lib/python3.10/site-packages/airflow/example_dags/example_branch_labels.py took 0.084 seconds
[2024-03-18T08:19:45.432+0000] {processor.py:161} INFO - Started process (PID=12938) to work on /home/ubuntu/air_venv/lib/python3.10/site-packages/airflow/example_dags/example_branch_labels.py
[2024-03-18T08:19:45.434+0000] {processor.py:830} INFO - Processing file /home/ubuntu/air_venv/lib/python3.10/site-packages/airflow/example_dags/example_branch_labels.py for tasks to queue
[2024-03-18T08:19:45.436+0000] {logging_mixin.py:188} INFO - [2024-03-18T08:19:45.436+0000] {dagbag.py:540} INFO - Filling up the DagBag from /home/ubuntu/air_venv/lib/python3.10/site-packages/airflow/example_dags/example_branch_labels.py
[2024-03-18T08:19:45.445+0000] {processor.py:840} INFO - DAG(s) 'example_branch_labels' retrieved from /home/ubuntu/air_venv/lib/python3.10/site-packages/airflow/example_dags/example_branch_labels.py
[2024-03-18T08:19:45.465+0000] {logging_mixin.py:188} INFO - [2024-03-18T08:19:45.465+0000] {dag.py:3047} INFO - Sync 1 DAGs
[2024-03-18T08:19:45.489+0000] {logging_mixin.py:188} INFO - [2024-03-18T08:19:45.488+0000] {dag.py:3834} INFO - Setting next_dagrun for example_branch_labels to 2024-03-17 00:00:00+00:00, run_after=2024-03-18 00:00:00+00:00
[2024-03-18T08:19:45.513+0000] {processor.py:183} INFO - Processing /home/ubuntu/air_venv/lib/python3.10/site-packages/airflow/example_dags/example_branch_labels.py took 0.085 seconds
[2024-03-18T08:20:41.959+0000] {processor.py:161} INFO - Started process (PID=13326) to work on /home/ubuntu/air_venv/lib/python3.10/site-packages/airflow/example_dags/example_branch_labels.py
[2024-03-18T08:20:41.961+0000] {processor.py:830} INFO - Processing file /home/ubuntu/air_venv/lib/python3.10/site-packages/airflow/example_dags/example_branch_labels.py for tasks to queue
[2024-03-18T08:20:41.962+0000] {logging_mixin.py:188} INFO - [2024-03-18T08:20:41.962+0000] {dagbag.py:540} INFO - Filling up the DagBag from /home/ubuntu/air_venv/lib/python3.10/site-packages/airflow/example_dags/example_branch_labels.py
[2024-03-18T08:20:41.972+0000] {processor.py:840} INFO - DAG(s) 'example_branch_labels' retrieved from /home/ubuntu/air_venv/lib/python3.10/site-packages/airflow/example_dags/example_branch_labels.py
[2024-03-18T08:20:41.992+0000] {logging_mixin.py:188} INFO - [2024-03-18T08:20:41.991+0000] {dag.py:3047} INFO - Sync 1 DAGs
[2024-03-18T08:20:42.017+0000] {logging_mixin.py:188} INFO - [2024-03-18T08:20:42.016+0000] {dag.py:3834} INFO - Setting next_dagrun for example_branch_labels to 2024-03-17 00:00:00+00:00, run_after=2024-03-18 00:00:00+00:00
[2024-03-18T08:20:42.042+0000] {processor.py:183} INFO - Processing /home/ubuntu/air_venv/lib/python3.10/site-packages/airflow/example_dags/example_branch_labels.py took 0.088 seconds
[2024-03-18T08:21:38.339+0000] {processor.py:161} INFO - Started process (PID=13622) to work on /home/ubuntu/air_venv/lib/python3.10/site-packages/airflow/example_dags/example_branch_labels.py
[2024-03-18T08:21:38.341+0000] {processor.py:830} INFO - Processing file /home/ubuntu/air_venv/lib/python3.10/site-packages/airflow/example_dags/example_branch_labels.py for tasks to queue
[2024-03-18T08:21:38.342+0000] {logging_mixin.py:188} INFO - [2024-03-18T08:21:38.342+0000] {dagbag.py:540} INFO - Filling up the DagBag from /home/ubuntu/air_venv/lib/python3.10/site-packages/airflow/example_dags/example_branch_labels.py
[2024-03-18T08:21:38.351+0000] {processor.py:840} INFO - DAG(s) 'example_branch_labels' retrieved from /home/ubuntu/air_venv/lib/python3.10/site-packages/airflow/example_dags/example_branch_labels.py
[2024-03-18T08:21:38.371+0000] {logging_mixin.py:188} INFO - [2024-03-18T08:21:38.370+0000] {dag.py:3047} INFO - Sync 1 DAGs
[2024-03-18T08:21:38.395+0000] {logging_mixin.py:188} INFO - [2024-03-18T08:21:38.394+0000] {dag.py:3834} INFO - Setting next_dagrun for example_branch_labels to 2024-03-17 00:00:00+00:00, run_after=2024-03-18 00:00:00+00:00
[2024-03-18T08:21:38.421+0000] {processor.py:183} INFO - Processing /home/ubuntu/air_venv/lib/python3.10/site-packages/airflow/example_dags/example_branch_labels.py took 0.086 seconds
[2024-03-18T08:22:37.514+0000] {processor.py:161} INFO - Started process (PID=13924) to work on /home/ubuntu/air_venv/lib/python3.10/site-packages/airflow/example_dags/example_branch_labels.py
[2024-03-18T08:22:37.516+0000] {processor.py:830} INFO - Processing file /home/ubuntu/air_venv/lib/python3.10/site-packages/airflow/example_dags/example_branch_labels.py for tasks to queue
[2024-03-18T08:22:37.517+0000] {logging_mixin.py:188} INFO - [2024-03-18T08:22:37.516+0000] {dagbag.py:540} INFO - Filling up the DagBag from /home/ubuntu/air_venv/lib/python3.10/site-packages/airflow/example_dags/example_branch_labels.py
[2024-03-18T08:22:37.526+0000] {processor.py:840} INFO - DAG(s) 'example_branch_labels' retrieved from /home/ubuntu/air_venv/lib/python3.10/site-packages/airflow/example_dags/example_branch_labels.py
[2024-03-18T08:22:37.552+0000] {logging_mixin.py:188} INFO - [2024-03-18T08:22:37.552+0000] {dag.py:3047} INFO - Sync 1 DAGs
[2024-03-18T08:22:37.575+0000] {logging_mixin.py:188} INFO - [2024-03-18T08:22:37.575+0000] {dag.py:3834} INFO - Setting next_dagrun for example_branch_labels to 2024-03-17 00:00:00+00:00, run_after=2024-03-18 00:00:00+00:00
[2024-03-18T08:22:37.601+0000] {processor.py:183} INFO - Processing /home/ubuntu/air_venv/lib/python3.10/site-packages/airflow/example_dags/example_branch_labels.py took 0.091 seconds
[2024-03-18T08:23:36.511+0000] {processor.py:161} INFO - Started process (PID=14439) to work on /home/ubuntu/air_venv/lib/python3.10/site-packages/airflow/example_dags/example_branch_labels.py
[2024-03-18T08:23:36.513+0000] {processor.py:830} INFO - Processing file /home/ubuntu/air_venv/lib/python3.10/site-packages/airflow/example_dags/example_branch_labels.py for tasks to queue
[2024-03-18T08:23:36.514+0000] {logging_mixin.py:188} INFO - [2024-03-18T08:23:36.513+0000] {dagbag.py:540} INFO - Filling up the DagBag from /home/ubuntu/air_venv/lib/python3.10/site-packages/airflow/example_dags/example_branch_labels.py
[2024-03-18T08:23:36.535+0000] {processor.py:840} INFO - DAG(s) 'example_branch_labels' retrieved from /home/ubuntu/air_venv/lib/python3.10/site-packages/airflow/example_dags/example_branch_labels.py
[2024-03-18T08:23:36.556+0000] {logging_mixin.py:188} INFO - [2024-03-18T08:23:36.556+0000] {dag.py:3047} INFO - Sync 1 DAGs
[2024-03-18T08:23:36.581+0000] {logging_mixin.py:188} INFO - [2024-03-18T08:23:36.581+0000] {dag.py:3834} INFO - Setting next_dagrun for example_branch_labels to 2024-03-17 00:00:00+00:00, run_after=2024-03-18 00:00:00+00:00
[2024-03-18T08:23:36.607+0000] {processor.py:183} INFO - Processing /home/ubuntu/air_venv/lib/python3.10/site-packages/airflow/example_dags/example_branch_labels.py took 0.100 seconds
[2024-03-18T08:24:34.136+0000] {processor.py:161} INFO - Started process (PID=14934) to work on /home/ubuntu/air_venv/lib/python3.10/site-packages/airflow/example_dags/example_branch_labels.py
[2024-03-18T08:24:34.138+0000] {processor.py:830} INFO - Processing file /home/ubuntu/air_venv/lib/python3.10/site-packages/airflow/example_dags/example_branch_labels.py for tasks to queue
[2024-03-18T08:24:34.139+0000] {logging_mixin.py:188} INFO - [2024-03-18T08:24:34.139+0000] {dagbag.py:540} INFO - Filling up the DagBag from /home/ubuntu/air_venv/lib/python3.10/site-packages/airflow/example_dags/example_branch_labels.py
[2024-03-18T08:24:34.148+0000] {processor.py:840} INFO - DAG(s) 'example_branch_labels' retrieved from /home/ubuntu/air_venv/lib/python3.10/site-packages/airflow/example_dags/example_branch_labels.py
[2024-03-18T08:24:34.168+0000] {logging_mixin.py:188} INFO - [2024-03-18T08:24:34.167+0000] {dag.py:3047} INFO - Sync 1 DAGs
[2024-03-18T08:24:34.191+0000] {logging_mixin.py:188} INFO - [2024-03-18T08:24:34.190+0000] {dag.py:3834} INFO - Setting next_dagrun for example_branch_labels to 2024-03-17 00:00:00+00:00, run_after=2024-03-18 00:00:00+00:00
[2024-03-18T08:24:34.215+0000] {processor.py:183} INFO - Processing /home/ubuntu/air_venv/lib/python3.10/site-packages/airflow/example_dags/example_branch_labels.py took 0.083 seconds
[2024-03-18T08:25:40.422+0000] {processor.py:161} INFO - Started process (PID=15323) to work on /home/ubuntu/air_venv/lib/python3.10/site-packages/airflow/example_dags/example_branch_labels.py
[2024-03-18T08:25:40.424+0000] {processor.py:830} INFO - Processing file /home/ubuntu/air_venv/lib/python3.10/site-packages/airflow/example_dags/example_branch_labels.py for tasks to queue
[2024-03-18T08:25:40.425+0000] {logging_mixin.py:188} INFO - [2024-03-18T08:25:40.424+0000] {dagbag.py:540} INFO - Filling up the DagBag from /home/ubuntu/air_venv/lib/python3.10/site-packages/airflow/example_dags/example_branch_labels.py
[2024-03-18T08:25:40.434+0000] {processor.py:840} INFO - DAG(s) 'example_branch_labels' retrieved from /home/ubuntu/air_venv/lib/python3.10/site-packages/airflow/example_dags/example_branch_labels.py
[2024-03-18T08:25:40.453+0000] {logging_mixin.py:188} INFO - [2024-03-18T08:25:40.453+0000] {dag.py:3047} INFO - Sync 1 DAGs
[2024-03-18T08:25:40.476+0000] {logging_mixin.py:188} INFO - [2024-03-18T08:25:40.476+0000] {dag.py:3834} INFO - Setting next_dagrun for example_branch_labels to 2024-03-17 00:00:00+00:00, run_after=2024-03-18 00:00:00+00:00
[2024-03-18T08:25:40.500+0000] {processor.py:183} INFO - Processing /home/ubuntu/air_venv/lib/python3.10/site-packages/airflow/example_dags/example_branch_labels.py took 0.082 seconds
[2024-03-18T08:26:40.021+0000] {processor.py:161} INFO - Started process (PID=15443) to work on /home/ubuntu/air_venv/lib/python3.10/site-packages/airflow/example_dags/example_branch_labels.py
[2024-03-18T08:26:40.023+0000] {processor.py:830} INFO - Processing file /home/ubuntu/air_venv/lib/python3.10/site-packages/airflow/example_dags/example_branch_labels.py for tasks to queue
[2024-03-18T08:26:40.024+0000] {logging_mixin.py:188} INFO - [2024-03-18T08:26:40.024+0000] {dagbag.py:540} INFO - Filling up the DagBag from /home/ubuntu/air_venv/lib/python3.10/site-packages/airflow/example_dags/example_branch_labels.py
[2024-03-18T08:26:40.033+0000] {processor.py:840} INFO - DAG(s) 'example_branch_labels' retrieved from /home/ubuntu/air_venv/lib/python3.10/site-packages/airflow/example_dags/example_branch_labels.py
[2024-03-18T08:26:40.054+0000] {logging_mixin.py:188} INFO - [2024-03-18T08:26:40.054+0000] {dag.py:3047} INFO - Sync 1 DAGs
[2024-03-18T08:26:40.079+0000] {logging_mixin.py:188} INFO - [2024-03-18T08:26:40.079+0000] {dag.py:3834} INFO - Setting next_dagrun for example_branch_labels to 2024-03-17 00:00:00+00:00, run_after=2024-03-18 00:00:00+00:00
[2024-03-18T08:26:40.106+0000] {processor.py:183} INFO - Processing /home/ubuntu/air_venv/lib/python3.10/site-packages/airflow/example_dags/example_branch_labels.py took 0.088 seconds
[2024-03-18T08:27:30.769+0000] {processor.py:161} INFO - Started process (PID=15528) to work on /home/ubuntu/air_venv/lib/python3.10/site-packages/airflow/example_dags/example_branch_labels.py
[2024-03-18T08:27:30.771+0000] {processor.py:830} INFO - Processing file /home/ubuntu/air_venv/lib/python3.10/site-packages/airflow/example_dags/example_branch_labels.py for tasks to queue
[2024-03-18T08:27:30.772+0000] {logging_mixin.py:188} INFO - [2024-03-18T08:27:30.772+0000] {dagbag.py:540} INFO - Filling up the DagBag from /home/ubuntu/air_venv/lib/python3.10/site-packages/airflow/example_dags/example_branch_labels.py
[2024-03-18T08:27:30.781+0000] {processor.py:840} INFO - DAG(s) 'example_branch_labels' retrieved from /home/ubuntu/air_venv/lib/python3.10/site-packages/airflow/example_dags/example_branch_labels.py
[2024-03-18T08:27:30.801+0000] {logging_mixin.py:188} INFO - [2024-03-18T08:27:30.801+0000] {dag.py:3047} INFO - Sync 1 DAGs
[2024-03-18T08:27:30.825+0000] {logging_mixin.py:188} INFO - [2024-03-18T08:27:30.824+0000] {dag.py:3834} INFO - Setting next_dagrun for example_branch_labels to 2024-03-17 00:00:00+00:00, run_after=2024-03-18 00:00:00+00:00
[2024-03-18T08:27:30.850+0000] {processor.py:183} INFO - Processing /home/ubuntu/air_venv/lib/python3.10/site-packages/airflow/example_dags/example_branch_labels.py took 0.085 seconds
[2024-03-18T08:28:33.591+0000] {processor.py:161} INFO - Started process (PID=15648) to work on /home/ubuntu/air_venv/lib/python3.10/site-packages/airflow/example_dags/example_branch_labels.py
[2024-03-18T08:28:33.593+0000] {processor.py:830} INFO - Processing file /home/ubuntu/air_venv/lib/python3.10/site-packages/airflow/example_dags/example_branch_labels.py for tasks to queue
[2024-03-18T08:28:33.594+0000] {logging_mixin.py:188} INFO - [2024-03-18T08:28:33.594+0000] {dagbag.py:540} INFO - Filling up the DagBag from /home/ubuntu/air_venv/lib/python3.10/site-packages/airflow/example_dags/example_branch_labels.py
[2024-03-18T08:28:33.603+0000] {processor.py:840} INFO - DAG(s) 'example_branch_labels' retrieved from /home/ubuntu/air_venv/lib/python3.10/site-packages/airflow/example_dags/example_branch_labels.py
[2024-03-18T08:28:33.624+0000] {logging_mixin.py:188} INFO - [2024-03-18T08:28:33.624+0000] {dag.py:3047} INFO - Sync 1 DAGs
[2024-03-18T08:28:33.647+0000] {logging_mixin.py:188} INFO - [2024-03-18T08:28:33.647+0000] {dag.py:3834} INFO - Setting next_dagrun for example_branch_labels to 2024-03-17 00:00:00+00:00, run_after=2024-03-18 00:00:00+00:00
[2024-03-18T08:28:33.672+0000] {processor.py:183} INFO - Processing /home/ubuntu/air_venv/lib/python3.10/site-packages/airflow/example_dags/example_branch_labels.py took 0.084 seconds
[2024-03-18T08:29:36.708+0000] {processor.py:161} INFO - Started process (PID=15770) to work on /home/ubuntu/air_venv/lib/python3.10/site-packages/airflow/example_dags/example_branch_labels.py
[2024-03-18T08:29:36.709+0000] {processor.py:830} INFO - Processing file /home/ubuntu/air_venv/lib/python3.10/site-packages/airflow/example_dags/example_branch_labels.py for tasks to queue
[2024-03-18T08:29:36.710+0000] {logging_mixin.py:188} INFO - [2024-03-18T08:29:36.710+0000] {dagbag.py:540} INFO - Filling up the DagBag from /home/ubuntu/air_venv/lib/python3.10/site-packages/airflow/example_dags/example_branch_labels.py
[2024-03-18T08:29:36.719+0000] {processor.py:840} INFO - DAG(s) 'example_branch_labels' retrieved from /home/ubuntu/air_venv/lib/python3.10/site-packages/airflow/example_dags/example_branch_labels.py
[2024-03-18T08:29:36.738+0000] {logging_mixin.py:188} INFO - [2024-03-18T08:29:36.738+0000] {dag.py:3047} INFO - Sync 1 DAGs
[2024-03-18T08:29:36.763+0000] {logging_mixin.py:188} INFO - [2024-03-18T08:29:36.763+0000] {dag.py:3834} INFO - Setting next_dagrun for example_branch_labels to 2024-03-17 00:00:00+00:00, run_after=2024-03-18 00:00:00+00:00
[2024-03-18T08:29:36.786+0000] {processor.py:183} INFO - Processing /home/ubuntu/air_venv/lib/python3.10/site-packages/airflow/example_dags/example_branch_labels.py took 0.082 seconds
