[2024-03-18T08:00:14.046+0000] {processor.py:161} INFO - Started process (PID=2946) to work on /home/ubuntu/air_venv/lib/python3.10/site-packages/airflow/example_dags/example_python_operator.py
[2024-03-18T08:00:14.048+0000] {processor.py:830} INFO - Processing file /home/ubuntu/air_venv/lib/python3.10/site-packages/airflow/example_dags/example_python_operator.py for tasks to queue
[2024-03-18T08:00:14.051+0000] {logging_mixin.py:188} INFO - [2024-03-18T08:00:14.051+0000] {dagbag.py:540} INFO - Filling up the DagBag from /home/ubuntu/air_venv/lib/python3.10/site-packages/airflow/example_dags/example_python_operator.py
[2024-03-18T08:00:14.072+0000] {logging_mixin.py:188} INFO - [2024-03-18T08:00:14.072+0000] {example_python_operator.py:88} WARNING - The virtalenv_python example task requires virtualenv, please install it.
[2024-03-18T08:00:14.074+0000] {processor.py:840} INFO - DAG(s) 'example_python_operator' retrieved from /home/ubuntu/air_venv/lib/python3.10/site-packages/airflow/example_dags/example_python_operator.py
[2024-03-18T08:00:14.381+0000] {logging_mixin.py:188} INFO - [2024-03-18T08:00:14.380+0000] {override.py:1769} INFO - Created Permission View: can edit on DAG:example_python_operator
[2024-03-18T08:00:14.465+0000] {logging_mixin.py:188} INFO - [2024-03-18T08:00:14.464+0000] {override.py:1769} INFO - Created Permission View: can delete on DAG:example_python_operator
[2024-03-18T08:00:14.550+0000] {logging_mixin.py:188} INFO - [2024-03-18T08:00:14.549+0000] {override.py:1769} INFO - Created Permission View: can read on DAG:example_python_operator
[2024-03-18T08:00:14.551+0000] {logging_mixin.py:188} INFO - [2024-03-18T08:00:14.551+0000] {dag.py:3047} INFO - Sync 1 DAGs
[2024-03-18T08:00:14.607+0000] {logging_mixin.py:188} INFO - [2024-03-18T08:00:14.607+0000] {dag.py:3069} INFO - Creating ORM DAG for example_python_operator
[2024-03-18T08:00:14.626+0000] {logging_mixin.py:188} INFO - [2024-03-18T08:00:14.625+0000] {dag.py:3834} INFO - Setting next_dagrun for example_python_operator to None, run_after=None
[2024-03-18T08:00:14.684+0000] {processor.py:183} INFO - Processing /home/ubuntu/air_venv/lib/python3.10/site-packages/airflow/example_dags/example_python_operator.py took 0.655 seconds
[2024-03-18T08:01:11.490+0000] {processor.py:161} INFO - Started process (PID=3392) to work on /home/ubuntu/air_venv/lib/python3.10/site-packages/airflow/example_dags/example_python_operator.py
[2024-03-18T08:01:11.492+0000] {processor.py:830} INFO - Processing file /home/ubuntu/air_venv/lib/python3.10/site-packages/airflow/example_dags/example_python_operator.py for tasks to queue
[2024-03-18T08:01:11.493+0000] {logging_mixin.py:188} INFO - [2024-03-18T08:01:11.493+0000] {dagbag.py:540} INFO - Filling up the DagBag from /home/ubuntu/air_venv/lib/python3.10/site-packages/airflow/example_dags/example_python_operator.py
[2024-03-18T08:01:11.501+0000] {logging_mixin.py:188} INFO - [2024-03-18T08:01:11.501+0000] {example_python_operator.py:88} WARNING - The virtalenv_python example task requires virtualenv, please install it.
[2024-03-18T08:01:11.502+0000] {processor.py:840} INFO - DAG(s) 'example_python_operator' retrieved from /home/ubuntu/air_venv/lib/python3.10/site-packages/airflow/example_dags/example_python_operator.py
[2024-03-18T08:01:11.520+0000] {logging_mixin.py:188} INFO - [2024-03-18T08:01:11.520+0000] {dag.py:3047} INFO - Sync 1 DAGs
[2024-03-18T08:01:11.533+0000] {logging_mixin.py:188} INFO - [2024-03-18T08:01:11.533+0000] {dag.py:3834} INFO - Setting next_dagrun for example_python_operator to None, run_after=None
[2024-03-18T08:01:11.559+0000] {processor.py:183} INFO - Processing /home/ubuntu/air_venv/lib/python3.10/site-packages/airflow/example_dags/example_python_operator.py took 0.073 seconds
[2024-03-18T08:02:04.234+0000] {processor.py:161} INFO - Started process (PID=3984) to work on /home/ubuntu/air_venv/lib/python3.10/site-packages/airflow/example_dags/example_python_operator.py
[2024-03-18T08:02:04.237+0000] {processor.py:830} INFO - Processing file /home/ubuntu/air_venv/lib/python3.10/site-packages/airflow/example_dags/example_python_operator.py for tasks to queue
[2024-03-18T08:02:04.241+0000] {logging_mixin.py:188} INFO - [2024-03-18T08:02:04.240+0000] {dagbag.py:540} INFO - Filling up the DagBag from /home/ubuntu/air_venv/lib/python3.10/site-packages/airflow/example_dags/example_python_operator.py
[2024-03-18T08:02:04.252+0000] {logging_mixin.py:188} INFO - [2024-03-18T08:02:04.251+0000] {example_python_operator.py:88} WARNING - The virtalenv_python example task requires virtualenv, please install it.
[2024-03-18T08:02:04.253+0000] {processor.py:840} INFO - DAG(s) 'example_python_operator' retrieved from /home/ubuntu/air_venv/lib/python3.10/site-packages/airflow/example_dags/example_python_operator.py
[2024-03-18T08:02:04.275+0000] {logging_mixin.py:188} INFO - [2024-03-18T08:02:04.274+0000] {dag.py:3047} INFO - Sync 1 DAGs
[2024-03-18T08:02:04.291+0000] {logging_mixin.py:188} INFO - [2024-03-18T08:02:04.291+0000] {dag.py:3834} INFO - Setting next_dagrun for example_python_operator to None, run_after=None
[2024-03-18T08:02:04.752+0000] {processor.py:183} INFO - Processing /home/ubuntu/air_venv/lib/python3.10/site-packages/airflow/example_dags/example_python_operator.py took 0.539 seconds
[2024-03-18T08:03:01.121+0000] {processor.py:161} INFO - Started process (PID=4455) to work on /home/ubuntu/air_venv/lib/python3.10/site-packages/airflow/example_dags/example_python_operator.py
[2024-03-18T08:03:01.128+0000] {processor.py:830} INFO - Processing file /home/ubuntu/air_venv/lib/python3.10/site-packages/airflow/example_dags/example_python_operator.py for tasks to queue
[2024-03-18T08:03:01.129+0000] {logging_mixin.py:188} INFO - [2024-03-18T08:03:01.129+0000] {dagbag.py:540} INFO - Filling up the DagBag from /home/ubuntu/air_venv/lib/python3.10/site-packages/airflow/example_dags/example_python_operator.py
[2024-03-18T08:03:01.139+0000] {logging_mixin.py:188} INFO - [2024-03-18T08:03:01.138+0000] {example_python_operator.py:88} WARNING - The virtalenv_python example task requires virtualenv, please install it.
[2024-03-18T08:03:01.139+0000] {processor.py:840} INFO - DAG(s) 'example_python_operator' retrieved from /home/ubuntu/air_venv/lib/python3.10/site-packages/airflow/example_dags/example_python_operator.py
[2024-03-18T08:03:01.160+0000] {logging_mixin.py:188} INFO - [2024-03-18T08:03:01.160+0000] {dag.py:3047} INFO - Sync 1 DAGs
[2024-03-18T08:03:01.174+0000] {logging_mixin.py:188} INFO - [2024-03-18T08:03:01.174+0000] {dag.py:3834} INFO - Setting next_dagrun for example_python_operator to None, run_after=None
[2024-03-18T08:03:01.307+0000] {processor.py:183} INFO - Processing /home/ubuntu/air_venv/lib/python3.10/site-packages/airflow/example_dags/example_python_operator.py took 0.189 seconds
[2024-03-18T08:03:47.321+0000] {processor.py:161} INFO - Started process (PID=4645) to work on /home/ubuntu/air_venv/lib/python3.10/site-packages/airflow/example_dags/example_python_operator.py
[2024-03-18T08:03:47.323+0000] {processor.py:830} INFO - Processing file /home/ubuntu/air_venv/lib/python3.10/site-packages/airflow/example_dags/example_python_operator.py for tasks to queue
[2024-03-18T08:03:47.324+0000] {logging_mixin.py:188} INFO - [2024-03-18T08:03:47.324+0000] {dagbag.py:540} INFO - Filling up the DagBag from /home/ubuntu/air_venv/lib/python3.10/site-packages/airflow/example_dags/example_python_operator.py
[2024-03-18T08:03:47.333+0000] {logging_mixin.py:188} INFO - [2024-03-18T08:03:47.332+0000] {example_python_operator.py:88} WARNING - The virtalenv_python example task requires virtualenv, please install it.
[2024-03-18T08:03:47.333+0000] {processor.py:840} INFO - DAG(s) 'example_python_operator' retrieved from /home/ubuntu/air_venv/lib/python3.10/site-packages/airflow/example_dags/example_python_operator.py
[2024-03-18T08:03:47.354+0000] {logging_mixin.py:188} INFO - [2024-03-18T08:03:47.353+0000] {dag.py:3047} INFO - Sync 1 DAGs
[2024-03-18T08:03:47.367+0000] {logging_mixin.py:188} INFO - [2024-03-18T08:03:47.367+0000] {dag.py:3834} INFO - Setting next_dagrun for example_python_operator to None, run_after=None
[2024-03-18T08:03:47.395+0000] {processor.py:183} INFO - Processing /home/ubuntu/air_venv/lib/python3.10/site-packages/airflow/example_dags/example_python_operator.py took 0.077 seconds
[2024-03-18T08:04:37.866+0000] {processor.py:161} INFO - Started process (PID=5157) to work on /home/ubuntu/air_venv/lib/python3.10/site-packages/airflow/example_dags/example_python_operator.py
[2024-03-18T08:04:37.868+0000] {processor.py:830} INFO - Processing file /home/ubuntu/air_venv/lib/python3.10/site-packages/airflow/example_dags/example_python_operator.py for tasks to queue
[2024-03-18T08:04:37.869+0000] {logging_mixin.py:188} INFO - [2024-03-18T08:04:37.869+0000] {dagbag.py:540} INFO - Filling up the DagBag from /home/ubuntu/air_venv/lib/python3.10/site-packages/airflow/example_dags/example_python_operator.py
[2024-03-18T08:04:37.877+0000] {logging_mixin.py:188} INFO - [2024-03-18T08:04:37.877+0000] {example_python_operator.py:88} WARNING - The virtalenv_python example task requires virtualenv, please install it.
[2024-03-18T08:04:37.878+0000] {processor.py:840} INFO - DAG(s) 'example_python_operator' retrieved from /home/ubuntu/air_venv/lib/python3.10/site-packages/airflow/example_dags/example_python_operator.py
[2024-03-18T08:04:37.898+0000] {logging_mixin.py:188} INFO - [2024-03-18T08:04:37.897+0000] {dag.py:3047} INFO - Sync 1 DAGs
[2024-03-18T08:04:37.911+0000] {logging_mixin.py:188} INFO - [2024-03-18T08:04:37.911+0000] {dag.py:3834} INFO - Setting next_dagrun for example_python_operator to None, run_after=None
[2024-03-18T08:04:37.936+0000] {processor.py:183} INFO - Processing /home/ubuntu/air_venv/lib/python3.10/site-packages/airflow/example_dags/example_python_operator.py took 0.074 seconds
[2024-03-18T08:05:28.600+0000] {processor.py:161} INFO - Started process (PID=5589) to work on /home/ubuntu/air_venv/lib/python3.10/site-packages/airflow/example_dags/example_python_operator.py
[2024-03-18T08:05:28.602+0000] {processor.py:830} INFO - Processing file /home/ubuntu/air_venv/lib/python3.10/site-packages/airflow/example_dags/example_python_operator.py for tasks to queue
[2024-03-18T08:05:28.603+0000] {logging_mixin.py:188} INFO - [2024-03-18T08:05:28.602+0000] {dagbag.py:540} INFO - Filling up the DagBag from /home/ubuntu/air_venv/lib/python3.10/site-packages/airflow/example_dags/example_python_operator.py
[2024-03-18T08:05:28.611+0000] {logging_mixin.py:188} INFO - [2024-03-18T08:05:28.611+0000] {example_python_operator.py:88} WARNING - The virtalenv_python example task requires virtualenv, please install it.
[2024-03-18T08:05:28.612+0000] {processor.py:840} INFO - DAG(s) 'example_python_operator' retrieved from /home/ubuntu/air_venv/lib/python3.10/site-packages/airflow/example_dags/example_python_operator.py
[2024-03-18T08:05:28.633+0000] {logging_mixin.py:188} INFO - [2024-03-18T08:05:28.632+0000] {dag.py:3047} INFO - Sync 1 DAGs
[2024-03-18T08:05:28.646+0000] {logging_mixin.py:188} INFO - [2024-03-18T08:05:28.646+0000] {dag.py:3834} INFO - Setting next_dagrun for example_python_operator to None, run_after=None
[2024-03-18T08:05:28.674+0000] {processor.py:183} INFO - Processing /home/ubuntu/air_venv/lib/python3.10/site-packages/airflow/example_dags/example_python_operator.py took 0.078 seconds
[2024-03-18T08:06:27.134+0000] {processor.py:161} INFO - Started process (PID=6285) to work on /home/ubuntu/air_venv/lib/python3.10/site-packages/airflow/example_dags/example_python_operator.py
[2024-03-18T08:06:27.136+0000] {processor.py:830} INFO - Processing file /home/ubuntu/air_venv/lib/python3.10/site-packages/airflow/example_dags/example_python_operator.py for tasks to queue
[2024-03-18T08:06:27.137+0000] {logging_mixin.py:188} INFO - [2024-03-18T08:06:27.137+0000] {dagbag.py:540} INFO - Filling up the DagBag from /home/ubuntu/air_venv/lib/python3.10/site-packages/airflow/example_dags/example_python_operator.py
[2024-03-18T08:06:27.146+0000] {logging_mixin.py:188} INFO - [2024-03-18T08:06:27.146+0000] {example_python_operator.py:88} WARNING - The virtalenv_python example task requires virtualenv, please install it.
[2024-03-18T08:06:27.147+0000] {processor.py:840} INFO - DAG(s) 'example_python_operator' retrieved from /home/ubuntu/air_venv/lib/python3.10/site-packages/airflow/example_dags/example_python_operator.py
[2024-03-18T08:06:27.167+0000] {logging_mixin.py:188} INFO - [2024-03-18T08:06:27.166+0000] {dag.py:3047} INFO - Sync 1 DAGs
[2024-03-18T08:06:27.181+0000] {logging_mixin.py:188} INFO - [2024-03-18T08:06:27.180+0000] {dag.py:3834} INFO - Setting next_dagrun for example_python_operator to None, run_after=None
[2024-03-18T08:06:27.205+0000] {processor.py:183} INFO - Processing /home/ubuntu/air_venv/lib/python3.10/site-packages/airflow/example_dags/example_python_operator.py took 0.074 seconds
[2024-03-18T08:07:56.836+0000] {processor.py:161} INFO - Started process (PID=7214) to work on /home/ubuntu/air_venv/lib/python3.10/site-packages/airflow/example_dags/example_python_operator.py
[2024-03-18T08:07:56.838+0000] {processor.py:830} INFO - Processing file /home/ubuntu/air_venv/lib/python3.10/site-packages/airflow/example_dags/example_python_operator.py for tasks to queue
[2024-03-18T08:07:56.839+0000] {logging_mixin.py:188} INFO - [2024-03-18T08:07:56.838+0000] {dagbag.py:540} INFO - Filling up the DagBag from /home/ubuntu/air_venv/lib/python3.10/site-packages/airflow/example_dags/example_python_operator.py
[2024-03-18T08:07:56.847+0000] {logging_mixin.py:188} INFO - [2024-03-18T08:07:56.847+0000] {example_python_operator.py:88} WARNING - The virtalenv_python example task requires virtualenv, please install it.
[2024-03-18T08:07:56.848+0000] {processor.py:840} INFO - DAG(s) 'example_python_operator' retrieved from /home/ubuntu/air_venv/lib/python3.10/site-packages/airflow/example_dags/example_python_operator.py
[2024-03-18T08:07:56.867+0000] {logging_mixin.py:188} INFO - [2024-03-18T08:07:56.867+0000] {dag.py:3047} INFO - Sync 1 DAGs
[2024-03-18T08:07:56.880+0000] {logging_mixin.py:188} INFO - [2024-03-18T08:07:56.880+0000] {dag.py:3834} INFO - Setting next_dagrun for example_python_operator to None, run_after=None
[2024-03-18T08:07:56.905+0000] {processor.py:183} INFO - Processing /home/ubuntu/air_venv/lib/python3.10/site-packages/airflow/example_dags/example_python_operator.py took 0.073 seconds
[2024-03-18T08:08:44.659+0000] {processor.py:161} INFO - Started process (PID=7507) to work on /home/ubuntu/air_venv/lib/python3.10/site-packages/airflow/example_dags/example_python_operator.py
[2024-03-18T08:08:44.661+0000] {processor.py:830} INFO - Processing file /home/ubuntu/air_venv/lib/python3.10/site-packages/airflow/example_dags/example_python_operator.py for tasks to queue
[2024-03-18T08:08:44.662+0000] {logging_mixin.py:188} INFO - [2024-03-18T08:08:44.662+0000] {dagbag.py:540} INFO - Filling up the DagBag from /home/ubuntu/air_venv/lib/python3.10/site-packages/airflow/example_dags/example_python_operator.py
[2024-03-18T08:08:44.670+0000] {logging_mixin.py:188} INFO - [2024-03-18T08:08:44.670+0000] {example_python_operator.py:88} WARNING - The virtalenv_python example task requires virtualenv, please install it.
[2024-03-18T08:08:44.672+0000] {processor.py:840} INFO - DAG(s) 'example_python_operator' retrieved from /home/ubuntu/air_venv/lib/python3.10/site-packages/airflow/example_dags/example_python_operator.py
[2024-03-18T08:08:44.691+0000] {logging_mixin.py:188} INFO - [2024-03-18T08:08:44.690+0000] {dag.py:3047} INFO - Sync 1 DAGs
[2024-03-18T08:08:44.705+0000] {logging_mixin.py:188} INFO - [2024-03-18T08:08:44.705+0000] {dag.py:3834} INFO - Setting next_dagrun for example_python_operator to None, run_after=None
[2024-03-18T08:08:44.729+0000] {processor.py:183} INFO - Processing /home/ubuntu/air_venv/lib/python3.10/site-packages/airflow/example_dags/example_python_operator.py took 0.073 seconds
[2024-03-18T08:09:28.544+0000] {processor.py:161} INFO - Started process (PID=7854) to work on /home/ubuntu/air_venv/lib/python3.10/site-packages/airflow/example_dags/example_python_operator.py
[2024-03-18T08:09:28.545+0000] {processor.py:830} INFO - Processing file /home/ubuntu/air_venv/lib/python3.10/site-packages/airflow/example_dags/example_python_operator.py for tasks to queue
[2024-03-18T08:09:28.546+0000] {logging_mixin.py:188} INFO - [2024-03-18T08:09:28.546+0000] {dagbag.py:540} INFO - Filling up the DagBag from /home/ubuntu/air_venv/lib/python3.10/site-packages/airflow/example_dags/example_python_operator.py
[2024-03-18T08:09:28.555+0000] {logging_mixin.py:188} INFO - [2024-03-18T08:09:28.554+0000] {example_python_operator.py:88} WARNING - The virtalenv_python example task requires virtualenv, please install it.
[2024-03-18T08:09:28.555+0000] {processor.py:840} INFO - DAG(s) 'example_python_operator' retrieved from /home/ubuntu/air_venv/lib/python3.10/site-packages/airflow/example_dags/example_python_operator.py
[2024-03-18T08:09:28.576+0000] {logging_mixin.py:188} INFO - [2024-03-18T08:09:28.575+0000] {dag.py:3047} INFO - Sync 1 DAGs
[2024-03-18T08:09:28.588+0000] {logging_mixin.py:188} INFO - [2024-03-18T08:09:28.588+0000] {dag.py:3834} INFO - Setting next_dagrun for example_python_operator to None, run_after=None
[2024-03-18T08:09:28.620+0000] {processor.py:183} INFO - Processing /home/ubuntu/air_venv/lib/python3.10/site-packages/airflow/example_dags/example_python_operator.py took 0.078 seconds
[2024-03-18T08:10:30.163+0000] {processor.py:161} INFO - Started process (PID=8276) to work on /home/ubuntu/air_venv/lib/python3.10/site-packages/airflow/example_dags/example_python_operator.py
[2024-03-18T08:10:30.165+0000] {processor.py:830} INFO - Processing file /home/ubuntu/air_venv/lib/python3.10/site-packages/airflow/example_dags/example_python_operator.py for tasks to queue
[2024-03-18T08:10:30.166+0000] {logging_mixin.py:188} INFO - [2024-03-18T08:10:30.165+0000] {dagbag.py:540} INFO - Filling up the DagBag from /home/ubuntu/air_venv/lib/python3.10/site-packages/airflow/example_dags/example_python_operator.py
[2024-03-18T08:10:30.174+0000] {logging_mixin.py:188} INFO - [2024-03-18T08:10:30.174+0000] {example_python_operator.py:88} WARNING - The virtalenv_python example task requires virtualenv, please install it.
[2024-03-18T08:10:30.175+0000] {processor.py:840} INFO - DAG(s) 'example_python_operator' retrieved from /home/ubuntu/air_venv/lib/python3.10/site-packages/airflow/example_dags/example_python_operator.py
[2024-03-18T08:10:30.194+0000] {logging_mixin.py:188} INFO - [2024-03-18T08:10:30.193+0000] {dag.py:3047} INFO - Sync 1 DAGs
[2024-03-18T08:10:30.207+0000] {logging_mixin.py:188} INFO - [2024-03-18T08:10:30.207+0000] {dag.py:3834} INFO - Setting next_dagrun for example_python_operator to None, run_after=None
[2024-03-18T08:10:30.232+0000] {processor.py:183} INFO - Processing /home/ubuntu/air_venv/lib/python3.10/site-packages/airflow/example_dags/example_python_operator.py took 0.073 seconds
[2024-03-18T08:11:32.259+0000] {processor.py:161} INFO - Started process (PID=8818) to work on /home/ubuntu/air_venv/lib/python3.10/site-packages/airflow/example_dags/example_python_operator.py
[2024-03-18T08:11:32.261+0000] {processor.py:830} INFO - Processing file /home/ubuntu/air_venv/lib/python3.10/site-packages/airflow/example_dags/example_python_operator.py for tasks to queue
[2024-03-18T08:11:32.263+0000] {logging_mixin.py:188} INFO - [2024-03-18T08:11:32.262+0000] {dagbag.py:540} INFO - Filling up the DagBag from /home/ubuntu/air_venv/lib/python3.10/site-packages/airflow/example_dags/example_python_operator.py
[2024-03-18T08:11:32.271+0000] {logging_mixin.py:188} INFO - [2024-03-18T08:11:32.271+0000] {example_python_operator.py:88} WARNING - The virtalenv_python example task requires virtualenv, please install it.
[2024-03-18T08:11:32.271+0000] {processor.py:840} INFO - DAG(s) 'example_python_operator' retrieved from /home/ubuntu/air_venv/lib/python3.10/site-packages/airflow/example_dags/example_python_operator.py
[2024-03-18T08:11:32.291+0000] {logging_mixin.py:188} INFO - [2024-03-18T08:11:32.290+0000] {dag.py:3047} INFO - Sync 1 DAGs
[2024-03-18T08:11:32.303+0000] {logging_mixin.py:188} INFO - [2024-03-18T08:11:32.303+0000] {dag.py:3834} INFO - Setting next_dagrun for example_python_operator to None, run_after=None
[2024-03-18T08:11:32.329+0000] {processor.py:183} INFO - Processing /home/ubuntu/air_venv/lib/python3.10/site-packages/airflow/example_dags/example_python_operator.py took 0.073 seconds
[2024-03-18T08:12:32.272+0000] {processor.py:161} INFO - Started process (PID=9180) to work on /home/ubuntu/air_venv/lib/python3.10/site-packages/airflow/example_dags/example_python_operator.py
[2024-03-18T08:12:32.274+0000] {processor.py:830} INFO - Processing file /home/ubuntu/air_venv/lib/python3.10/site-packages/airflow/example_dags/example_python_operator.py for tasks to queue
[2024-03-18T08:12:32.275+0000] {logging_mixin.py:188} INFO - [2024-03-18T08:12:32.275+0000] {dagbag.py:540} INFO - Filling up the DagBag from /home/ubuntu/air_venv/lib/python3.10/site-packages/airflow/example_dags/example_python_operator.py
[2024-03-18T08:12:32.283+0000] {logging_mixin.py:188} INFO - [2024-03-18T08:12:32.283+0000] {example_python_operator.py:88} WARNING - The virtalenv_python example task requires virtualenv, please install it.
[2024-03-18T08:12:32.284+0000] {processor.py:840} INFO - DAG(s) 'example_python_operator' retrieved from /home/ubuntu/air_venv/lib/python3.10/site-packages/airflow/example_dags/example_python_operator.py
[2024-03-18T08:12:32.304+0000] {logging_mixin.py:188} INFO - [2024-03-18T08:12:32.304+0000] {dag.py:3047} INFO - Sync 1 DAGs
[2024-03-18T08:12:32.317+0000] {logging_mixin.py:188} INFO - [2024-03-18T08:12:32.316+0000] {dag.py:3834} INFO - Setting next_dagrun for example_python_operator to None, run_after=None
[2024-03-18T08:12:32.341+0000] {processor.py:183} INFO - Processing /home/ubuntu/air_venv/lib/python3.10/site-packages/airflow/example_dags/example_python_operator.py took 0.072 seconds
[2024-03-18T08:13:18.249+0000] {processor.py:161} INFO - Started process (PID=9472) to work on /home/ubuntu/air_venv/lib/python3.10/site-packages/airflow/example_dags/example_python_operator.py
[2024-03-18T08:13:18.251+0000] {processor.py:830} INFO - Processing file /home/ubuntu/air_venv/lib/python3.10/site-packages/airflow/example_dags/example_python_operator.py for tasks to queue
[2024-03-18T08:13:18.253+0000] {logging_mixin.py:188} INFO - [2024-03-18T08:13:18.252+0000] {dagbag.py:540} INFO - Filling up the DagBag from /home/ubuntu/air_venv/lib/python3.10/site-packages/airflow/example_dags/example_python_operator.py
[2024-03-18T08:13:18.265+0000] {logging_mixin.py:188} INFO - [2024-03-18T08:13:18.264+0000] {example_python_operator.py:88} WARNING - The virtalenv_python example task requires virtualenv, please install it.
[2024-03-18T08:13:18.267+0000] {processor.py:840} INFO - DAG(s) 'example_python_operator' retrieved from /home/ubuntu/air_venv/lib/python3.10/site-packages/airflow/example_dags/example_python_operator.py
[2024-03-18T08:13:18.295+0000] {logging_mixin.py:188} INFO - [2024-03-18T08:13:18.295+0000] {dag.py:3047} INFO - Sync 1 DAGs
[2024-03-18T08:13:18.316+0000] {logging_mixin.py:188} INFO - [2024-03-18T08:13:18.315+0000] {dag.py:3834} INFO - Setting next_dagrun for example_python_operator to None, run_after=None
[2024-03-18T08:13:18.345+0000] {processor.py:183} INFO - Processing /home/ubuntu/air_venv/lib/python3.10/site-packages/airflow/example_dags/example_python_operator.py took 0.101 seconds
[2024-03-18T08:14:16.297+0000] {processor.py:161} INFO - Started process (PID=9764) to work on /home/ubuntu/air_venv/lib/python3.10/site-packages/airflow/example_dags/example_python_operator.py
[2024-03-18T08:14:16.299+0000] {processor.py:830} INFO - Processing file /home/ubuntu/air_venv/lib/python3.10/site-packages/airflow/example_dags/example_python_operator.py for tasks to queue
[2024-03-18T08:14:16.300+0000] {logging_mixin.py:188} INFO - [2024-03-18T08:14:16.299+0000] {dagbag.py:540} INFO - Filling up the DagBag from /home/ubuntu/air_venv/lib/python3.10/site-packages/airflow/example_dags/example_python_operator.py
[2024-03-18T08:14:16.308+0000] {logging_mixin.py:188} INFO - [2024-03-18T08:14:16.308+0000] {example_python_operator.py:88} WARNING - The virtalenv_python example task requires virtualenv, please install it.
[2024-03-18T08:14:16.309+0000] {processor.py:840} INFO - DAG(s) 'example_python_operator' retrieved from /home/ubuntu/air_venv/lib/python3.10/site-packages/airflow/example_dags/example_python_operator.py
[2024-03-18T08:14:16.329+0000] {logging_mixin.py:188} INFO - [2024-03-18T08:14:16.329+0000] {dag.py:3047} INFO - Sync 1 DAGs
[2024-03-18T08:14:16.343+0000] {logging_mixin.py:188} INFO - [2024-03-18T08:14:16.342+0000] {dag.py:3834} INFO - Setting next_dagrun for example_python_operator to None, run_after=None
[2024-03-18T08:14:16.368+0000] {processor.py:183} INFO - Processing /home/ubuntu/air_venv/lib/python3.10/site-packages/airflow/example_dags/example_python_operator.py took 0.075 seconds
[2024-03-18T08:15:34.279+0000] {processor.py:161} INFO - Started process (PID=10531) to work on /home/ubuntu/air_venv/lib/python3.10/site-packages/airflow/example_dags/example_python_operator.py
[2024-03-18T08:15:34.281+0000] {processor.py:830} INFO - Processing file /home/ubuntu/air_venv/lib/python3.10/site-packages/airflow/example_dags/example_python_operator.py for tasks to queue
[2024-03-18T08:15:34.282+0000] {logging_mixin.py:188} INFO - [2024-03-18T08:15:34.282+0000] {dagbag.py:540} INFO - Filling up the DagBag from /home/ubuntu/air_venv/lib/python3.10/site-packages/airflow/example_dags/example_python_operator.py
[2024-03-18T08:15:34.291+0000] {logging_mixin.py:188} INFO - [2024-03-18T08:15:34.290+0000] {example_python_operator.py:88} WARNING - The virtalenv_python example task requires virtualenv, please install it.
[2024-03-18T08:15:34.291+0000] {processor.py:840} INFO - DAG(s) 'example_python_operator' retrieved from /home/ubuntu/air_venv/lib/python3.10/site-packages/airflow/example_dags/example_python_operator.py
[2024-03-18T08:15:34.312+0000] {logging_mixin.py:188} INFO - [2024-03-18T08:15:34.312+0000] {dag.py:3047} INFO - Sync 1 DAGs
[2024-03-18T08:15:34.325+0000] {logging_mixin.py:188} INFO - [2024-03-18T08:15:34.325+0000] {dag.py:3834} INFO - Setting next_dagrun for example_python_operator to None, run_after=None
[2024-03-18T08:15:34.351+0000] {processor.py:183} INFO - Processing /home/ubuntu/air_venv/lib/python3.10/site-packages/airflow/example_dags/example_python_operator.py took 0.075 seconds
[2024-03-18T08:16:26.481+0000] {processor.py:161} INFO - Started process (PID=11157) to work on /home/ubuntu/air_venv/lib/python3.10/site-packages/airflow/example_dags/example_python_operator.py
[2024-03-18T08:16:26.483+0000] {processor.py:830} INFO - Processing file /home/ubuntu/air_venv/lib/python3.10/site-packages/airflow/example_dags/example_python_operator.py for tasks to queue
[2024-03-18T08:16:26.484+0000] {logging_mixin.py:188} INFO - [2024-03-18T08:16:26.484+0000] {dagbag.py:540} INFO - Filling up the DagBag from /home/ubuntu/air_venv/lib/python3.10/site-packages/airflow/example_dags/example_python_operator.py
[2024-03-18T08:16:26.492+0000] {logging_mixin.py:188} INFO - [2024-03-18T08:16:26.492+0000] {example_python_operator.py:88} WARNING - The virtalenv_python example task requires virtualenv, please install it.
[2024-03-18T08:16:26.493+0000] {processor.py:840} INFO - DAG(s) 'example_python_operator' retrieved from /home/ubuntu/air_venv/lib/python3.10/site-packages/airflow/example_dags/example_python_operator.py
[2024-03-18T08:16:26.512+0000] {logging_mixin.py:188} INFO - [2024-03-18T08:16:26.511+0000] {dag.py:3047} INFO - Sync 1 DAGs
[2024-03-18T08:16:26.525+0000] {logging_mixin.py:188} INFO - [2024-03-18T08:16:26.524+0000] {dag.py:3834} INFO - Setting next_dagrun for example_python_operator to None, run_after=None
[2024-03-18T08:16:26.549+0000] {processor.py:183} INFO - Processing /home/ubuntu/air_venv/lib/python3.10/site-packages/airflow/example_dags/example_python_operator.py took 0.071 seconds
[2024-03-18T08:17:16.898+0000] {processor.py:161} INFO - Started process (PID=11808) to work on /home/ubuntu/air_venv/lib/python3.10/site-packages/airflow/example_dags/example_python_operator.py
[2024-03-18T08:17:16.900+0000] {processor.py:830} INFO - Processing file /home/ubuntu/air_venv/lib/python3.10/site-packages/airflow/example_dags/example_python_operator.py for tasks to queue
[2024-03-18T08:17:16.901+0000] {logging_mixin.py:188} INFO - [2024-03-18T08:17:16.901+0000] {dagbag.py:540} INFO - Filling up the DagBag from /home/ubuntu/air_venv/lib/python3.10/site-packages/airflow/example_dags/example_python_operator.py
[2024-03-18T08:17:16.910+0000] {logging_mixin.py:188} INFO - [2024-03-18T08:17:16.910+0000] {example_python_operator.py:88} WARNING - The virtalenv_python example task requires virtualenv, please install it.
[2024-03-18T08:17:16.911+0000] {processor.py:840} INFO - DAG(s) 'example_python_operator' retrieved from /home/ubuntu/air_venv/lib/python3.10/site-packages/airflow/example_dags/example_python_operator.py
[2024-03-18T08:17:16.930+0000] {logging_mixin.py:188} INFO - [2024-03-18T08:17:16.930+0000] {dag.py:3047} INFO - Sync 1 DAGs
[2024-03-18T08:17:16.943+0000] {logging_mixin.py:188} INFO - [2024-03-18T08:17:16.942+0000] {dag.py:3834} INFO - Setting next_dagrun for example_python_operator to None, run_after=None
[2024-03-18T08:17:16.968+0000] {processor.py:183} INFO - Processing /home/ubuntu/air_venv/lib/python3.10/site-packages/airflow/example_dags/example_python_operator.py took 0.073 seconds
[2024-03-18T08:18:20.276+0000] {processor.py:161} INFO - Started process (PID=12472) to work on /home/ubuntu/air_venv/lib/python3.10/site-packages/airflow/example_dags/example_python_operator.py
[2024-03-18T08:18:20.278+0000] {processor.py:830} INFO - Processing file /home/ubuntu/air_venv/lib/python3.10/site-packages/airflow/example_dags/example_python_operator.py for tasks to queue
[2024-03-18T08:18:20.279+0000] {logging_mixin.py:188} INFO - [2024-03-18T08:18:20.279+0000] {dagbag.py:540} INFO - Filling up the DagBag from /home/ubuntu/air_venv/lib/python3.10/site-packages/airflow/example_dags/example_python_operator.py
[2024-03-18T08:18:20.287+0000] {logging_mixin.py:188} INFO - [2024-03-18T08:18:20.287+0000] {example_python_operator.py:88} WARNING - The virtalenv_python example task requires virtualenv, please install it.
[2024-03-18T08:18:20.288+0000] {processor.py:840} INFO - DAG(s) 'example_python_operator' retrieved from /home/ubuntu/air_venv/lib/python3.10/site-packages/airflow/example_dags/example_python_operator.py
[2024-03-18T08:18:20.307+0000] {logging_mixin.py:188} INFO - [2024-03-18T08:18:20.307+0000] {dag.py:3047} INFO - Sync 1 DAGs
[2024-03-18T08:18:20.321+0000] {logging_mixin.py:188} INFO - [2024-03-18T08:18:20.320+0000] {dag.py:3834} INFO - Setting next_dagrun for example_python_operator to None, run_after=None
[2024-03-18T08:18:20.344+0000] {processor.py:183} INFO - Processing /home/ubuntu/air_venv/lib/python3.10/site-packages/airflow/example_dags/example_python_operator.py took 0.073 seconds
[2024-03-18T08:19:13.262+0000] {processor.py:161} INFO - Started process (PID=12702) to work on /home/ubuntu/air_venv/lib/python3.10/site-packages/airflow/example_dags/example_python_operator.py
[2024-03-18T08:19:13.264+0000] {processor.py:830} INFO - Processing file /home/ubuntu/air_venv/lib/python3.10/site-packages/airflow/example_dags/example_python_operator.py for tasks to queue
[2024-03-18T08:19:13.265+0000] {logging_mixin.py:188} INFO - [2024-03-18T08:19:13.265+0000] {dagbag.py:540} INFO - Filling up the DagBag from /home/ubuntu/air_venv/lib/python3.10/site-packages/airflow/example_dags/example_python_operator.py
[2024-03-18T08:19:13.274+0000] {logging_mixin.py:188} INFO - [2024-03-18T08:19:13.273+0000] {example_python_operator.py:88} WARNING - The virtalenv_python example task requires virtualenv, please install it.
[2024-03-18T08:19:13.275+0000] {processor.py:840} INFO - DAG(s) 'example_python_operator' retrieved from /home/ubuntu/air_venv/lib/python3.10/site-packages/airflow/example_dags/example_python_operator.py
[2024-03-18T08:19:13.295+0000] {logging_mixin.py:188} INFO - [2024-03-18T08:19:13.295+0000] {dag.py:3047} INFO - Sync 1 DAGs
[2024-03-18T08:19:13.309+0000] {logging_mixin.py:188} INFO - [2024-03-18T08:19:13.308+0000] {dag.py:3834} INFO - Setting next_dagrun for example_python_operator to None, run_after=None
[2024-03-18T08:19:13.341+0000] {processor.py:183} INFO - Processing /home/ubuntu/air_venv/lib/python3.10/site-packages/airflow/example_dags/example_python_operator.py took 0.082 seconds
[2024-03-18T08:20:09.943+0000] {processor.py:161} INFO - Started process (PID=13201) to work on /home/ubuntu/air_venv/lib/python3.10/site-packages/airflow/example_dags/example_python_operator.py
[2024-03-18T08:20:09.945+0000] {processor.py:830} INFO - Processing file /home/ubuntu/air_venv/lib/python3.10/site-packages/airflow/example_dags/example_python_operator.py for tasks to queue
[2024-03-18T08:20:09.946+0000] {logging_mixin.py:188} INFO - [2024-03-18T08:20:09.946+0000] {dagbag.py:540} INFO - Filling up the DagBag from /home/ubuntu/air_venv/lib/python3.10/site-packages/airflow/example_dags/example_python_operator.py
[2024-03-18T08:20:09.955+0000] {logging_mixin.py:188} INFO - [2024-03-18T08:20:09.954+0000] {example_python_operator.py:88} WARNING - The virtalenv_python example task requires virtualenv, please install it.
[2024-03-18T08:20:09.956+0000] {processor.py:840} INFO - DAG(s) 'example_python_operator' retrieved from /home/ubuntu/air_venv/lib/python3.10/site-packages/airflow/example_dags/example_python_operator.py
[2024-03-18T08:20:09.976+0000] {logging_mixin.py:188} INFO - [2024-03-18T08:20:09.975+0000] {dag.py:3047} INFO - Sync 1 DAGs
[2024-03-18T08:20:09.989+0000] {logging_mixin.py:188} INFO - [2024-03-18T08:20:09.989+0000] {dag.py:3834} INFO - Setting next_dagrun for example_python_operator to None, run_after=None
[2024-03-18T08:20:10.020+0000] {processor.py:183} INFO - Processing /home/ubuntu/air_venv/lib/python3.10/site-packages/airflow/example_dags/example_python_operator.py took 0.081 seconds
[2024-03-18T08:21:11.211+0000] {processor.py:161} INFO - Started process (PID=13559) to work on /home/ubuntu/air_venv/lib/python3.10/site-packages/airflow/example_dags/example_python_operator.py
[2024-03-18T08:21:11.213+0000] {processor.py:830} INFO - Processing file /home/ubuntu/air_venv/lib/python3.10/site-packages/airflow/example_dags/example_python_operator.py for tasks to queue
[2024-03-18T08:21:11.214+0000] {logging_mixin.py:188} INFO - [2024-03-18T08:21:11.214+0000] {dagbag.py:540} INFO - Filling up the DagBag from /home/ubuntu/air_venv/lib/python3.10/site-packages/airflow/example_dags/example_python_operator.py
[2024-03-18T08:21:11.226+0000] {logging_mixin.py:188} INFO - [2024-03-18T08:21:11.225+0000] {example_python_operator.py:88} WARNING - The virtalenv_python example task requires virtualenv, please install it.
[2024-03-18T08:21:11.228+0000] {processor.py:840} INFO - DAG(s) 'example_python_operator' retrieved from /home/ubuntu/air_venv/lib/python3.10/site-packages/airflow/example_dags/example_python_operator.py
[2024-03-18T08:21:11.257+0000] {logging_mixin.py:188} INFO - [2024-03-18T08:21:11.257+0000] {dag.py:3047} INFO - Sync 1 DAGs
[2024-03-18T08:21:11.276+0000] {logging_mixin.py:188} INFO - [2024-03-18T08:21:11.276+0000] {dag.py:3834} INFO - Setting next_dagrun for example_python_operator to None, run_after=None
[2024-03-18T08:21:11.312+0000] {processor.py:183} INFO - Processing /home/ubuntu/air_venv/lib/python3.10/site-packages/airflow/example_dags/example_python_operator.py took 0.105 seconds
[2024-03-18T08:21:59.868+0000] {processor.py:161} INFO - Started process (PID=13764) to work on /home/ubuntu/air_venv/lib/python3.10/site-packages/airflow/example_dags/example_python_operator.py
[2024-03-18T08:21:59.870+0000] {processor.py:830} INFO - Processing file /home/ubuntu/air_venv/lib/python3.10/site-packages/airflow/example_dags/example_python_operator.py for tasks to queue
[2024-03-18T08:21:59.871+0000] {logging_mixin.py:188} INFO - [2024-03-18T08:21:59.870+0000] {dagbag.py:540} INFO - Filling up the DagBag from /home/ubuntu/air_venv/lib/python3.10/site-packages/airflow/example_dags/example_python_operator.py
[2024-03-18T08:21:59.879+0000] {logging_mixin.py:188} INFO - [2024-03-18T08:21:59.878+0000] {example_python_operator.py:88} WARNING - The virtalenv_python example task requires virtualenv, please install it.
[2024-03-18T08:21:59.879+0000] {processor.py:840} INFO - DAG(s) 'example_python_operator' retrieved from /home/ubuntu/air_venv/lib/python3.10/site-packages/airflow/example_dags/example_python_operator.py
[2024-03-18T08:21:59.899+0000] {logging_mixin.py:188} INFO - [2024-03-18T08:21:59.899+0000] {dag.py:3047} INFO - Sync 1 DAGs
[2024-03-18T08:21:59.912+0000] {logging_mixin.py:188} INFO - [2024-03-18T08:21:59.912+0000] {dag.py:3834} INFO - Setting next_dagrun for example_python_operator to None, run_after=None
[2024-03-18T08:21:59.937+0000] {processor.py:183} INFO - Processing /home/ubuntu/air_venv/lib/python3.10/site-packages/airflow/example_dags/example_python_operator.py took 0.072 seconds
[2024-03-18T08:22:57.809+0000] {processor.py:161} INFO - Started process (PID=14162) to work on /home/ubuntu/air_venv/lib/python3.10/site-packages/airflow/example_dags/example_python_operator.py
[2024-03-18T08:22:57.811+0000] {processor.py:830} INFO - Processing file /home/ubuntu/air_venv/lib/python3.10/site-packages/airflow/example_dags/example_python_operator.py for tasks to queue
[2024-03-18T08:22:57.813+0000] {logging_mixin.py:188} INFO - [2024-03-18T08:22:57.812+0000] {dagbag.py:540} INFO - Filling up the DagBag from /home/ubuntu/air_venv/lib/python3.10/site-packages/airflow/example_dags/example_python_operator.py
[2024-03-18T08:22:57.821+0000] {logging_mixin.py:188} INFO - [2024-03-18T08:22:57.821+0000] {example_python_operator.py:88} WARNING - The virtalenv_python example task requires virtualenv, please install it.
[2024-03-18T08:22:57.822+0000] {processor.py:840} INFO - DAG(s) 'example_python_operator' retrieved from /home/ubuntu/air_venv/lib/python3.10/site-packages/airflow/example_dags/example_python_operator.py
[2024-03-18T08:22:57.842+0000] {logging_mixin.py:188} INFO - [2024-03-18T08:22:57.842+0000] {dag.py:3047} INFO - Sync 1 DAGs
[2024-03-18T08:22:57.855+0000] {logging_mixin.py:188} INFO - [2024-03-18T08:22:57.855+0000] {dag.py:3834} INFO - Setting next_dagrun for example_python_operator to None, run_after=None
[2024-03-18T08:22:57.883+0000] {processor.py:183} INFO - Processing /home/ubuntu/air_venv/lib/python3.10/site-packages/airflow/example_dags/example_python_operator.py took 0.078 seconds
[2024-03-18T08:23:59.202+0000] {processor.py:161} INFO - Started process (PID=14642) to work on /home/ubuntu/air_venv/lib/python3.10/site-packages/airflow/example_dags/example_python_operator.py
[2024-03-18T08:23:59.204+0000] {processor.py:830} INFO - Processing file /home/ubuntu/air_venv/lib/python3.10/site-packages/airflow/example_dags/example_python_operator.py for tasks to queue
[2024-03-18T08:23:59.205+0000] {logging_mixin.py:188} INFO - [2024-03-18T08:23:59.205+0000] {dagbag.py:540} INFO - Filling up the DagBag from /home/ubuntu/air_venv/lib/python3.10/site-packages/airflow/example_dags/example_python_operator.py
[2024-03-18T08:23:59.214+0000] {logging_mixin.py:188} INFO - [2024-03-18T08:23:59.214+0000] {example_python_operator.py:88} WARNING - The virtalenv_python example task requires virtualenv, please install it.
[2024-03-18T08:23:59.215+0000] {processor.py:840} INFO - DAG(s) 'example_python_operator' retrieved from /home/ubuntu/air_venv/lib/python3.10/site-packages/airflow/example_dags/example_python_operator.py
[2024-03-18T08:23:59.234+0000] {logging_mixin.py:188} INFO - [2024-03-18T08:23:59.234+0000] {dag.py:3047} INFO - Sync 1 DAGs
[2024-03-18T08:23:59.248+0000] {logging_mixin.py:188} INFO - [2024-03-18T08:23:59.248+0000] {dag.py:3834} INFO - Setting next_dagrun for example_python_operator to None, run_after=None
[2024-03-18T08:23:59.273+0000] {processor.py:183} INFO - Processing /home/ubuntu/air_venv/lib/python3.10/site-packages/airflow/example_dags/example_python_operator.py took 0.075 seconds
[2024-03-18T08:24:56.012+0000] {processor.py:161} INFO - Started process (PID=15138) to work on /home/ubuntu/air_venv/lib/python3.10/site-packages/airflow/example_dags/example_python_operator.py
[2024-03-18T08:24:56.014+0000] {processor.py:830} INFO - Processing file /home/ubuntu/air_venv/lib/python3.10/site-packages/airflow/example_dags/example_python_operator.py for tasks to queue
[2024-03-18T08:24:56.015+0000] {logging_mixin.py:188} INFO - [2024-03-18T08:24:56.015+0000] {dagbag.py:540} INFO - Filling up the DagBag from /home/ubuntu/air_venv/lib/python3.10/site-packages/airflow/example_dags/example_python_operator.py
[2024-03-18T08:24:56.023+0000] {logging_mixin.py:188} INFO - [2024-03-18T08:24:56.023+0000] {example_python_operator.py:88} WARNING - The virtalenv_python example task requires virtualenv, please install it.
[2024-03-18T08:24:56.024+0000] {processor.py:840} INFO - DAG(s) 'example_python_operator' retrieved from /home/ubuntu/air_venv/lib/python3.10/site-packages/airflow/example_dags/example_python_operator.py
[2024-03-18T08:24:56.044+0000] {logging_mixin.py:188} INFO - [2024-03-18T08:24:56.044+0000] {dag.py:3047} INFO - Sync 1 DAGs
[2024-03-18T08:24:56.056+0000] {logging_mixin.py:188} INFO - [2024-03-18T08:24:56.056+0000] {dag.py:3834} INFO - Setting next_dagrun for example_python_operator to None, run_after=None
[2024-03-18T08:24:56.092+0000] {processor.py:183} INFO - Processing /home/ubuntu/air_venv/lib/python3.10/site-packages/airflow/example_dags/example_python_operator.py took 0.084 seconds
[2024-03-18T08:26:00.631+0000] {processor.py:161} INFO - Started process (PID=15380) to work on /home/ubuntu/air_venv/lib/python3.10/site-packages/airflow/example_dags/example_python_operator.py
[2024-03-18T08:26:00.633+0000] {processor.py:830} INFO - Processing file /home/ubuntu/air_venv/lib/python3.10/site-packages/airflow/example_dags/example_python_operator.py for tasks to queue
[2024-03-18T08:26:00.634+0000] {logging_mixin.py:188} INFO - [2024-03-18T08:26:00.633+0000] {dagbag.py:540} INFO - Filling up the DagBag from /home/ubuntu/air_venv/lib/python3.10/site-packages/airflow/example_dags/example_python_operator.py
[2024-03-18T08:26:00.642+0000] {logging_mixin.py:188} INFO - [2024-03-18T08:26:00.641+0000] {example_python_operator.py:88} WARNING - The virtalenv_python example task requires virtualenv, please install it.
[2024-03-18T08:26:00.642+0000] {processor.py:840} INFO - DAG(s) 'example_python_operator' retrieved from /home/ubuntu/air_venv/lib/python3.10/site-packages/airflow/example_dags/example_python_operator.py
[2024-03-18T08:26:00.662+0000] {logging_mixin.py:188} INFO - [2024-03-18T08:26:00.661+0000] {dag.py:3047} INFO - Sync 1 DAGs
[2024-03-18T08:26:00.674+0000] {logging_mixin.py:188} INFO - [2024-03-18T08:26:00.674+0000] {dag.py:3834} INFO - Setting next_dagrun for example_python_operator to None, run_after=None
[2024-03-18T08:26:00.697+0000] {processor.py:183} INFO - Processing /home/ubuntu/air_venv/lib/python3.10/site-packages/airflow/example_dags/example_python_operator.py took 0.070 seconds
[2024-03-18T08:27:03.094+0000] {processor.py:161} INFO - Started process (PID=15499) to work on /home/ubuntu/air_venv/lib/python3.10/site-packages/airflow/example_dags/example_python_operator.py
[2024-03-18T08:27:03.097+0000] {processor.py:830} INFO - Processing file /home/ubuntu/air_venv/lib/python3.10/site-packages/airflow/example_dags/example_python_operator.py for tasks to queue
[2024-03-18T08:27:03.098+0000] {logging_mixin.py:188} INFO - [2024-03-18T08:27:03.098+0000] {dagbag.py:540} INFO - Filling up the DagBag from /home/ubuntu/air_venv/lib/python3.10/site-packages/airflow/example_dags/example_python_operator.py
[2024-03-18T08:27:03.116+0000] {logging_mixin.py:188} INFO - [2024-03-18T08:27:03.116+0000] {example_python_operator.py:88} WARNING - The virtalenv_python example task requires virtualenv, please install it.
[2024-03-18T08:27:03.121+0000] {processor.py:840} INFO - DAG(s) 'example_python_operator' retrieved from /home/ubuntu/air_venv/lib/python3.10/site-packages/airflow/example_dags/example_python_operator.py
[2024-03-18T08:27:03.165+0000] {logging_mixin.py:188} INFO - [2024-03-18T08:27:03.165+0000] {dag.py:3047} INFO - Sync 1 DAGs
[2024-03-18T08:27:03.204+0000] {logging_mixin.py:188} INFO - [2024-03-18T08:27:03.204+0000] {dag.py:3834} INFO - Setting next_dagrun for example_python_operator to None, run_after=None
[2024-03-18T08:27:03.273+0000] {processor.py:183} INFO - Processing /home/ubuntu/air_venv/lib/python3.10/site-packages/airflow/example_dags/example_python_operator.py took 0.187 seconds
[2024-03-18T08:28:06.227+0000] {processor.py:161} INFO - Started process (PID=15622) to work on /home/ubuntu/air_venv/lib/python3.10/site-packages/airflow/example_dags/example_python_operator.py
[2024-03-18T08:28:06.230+0000] {processor.py:830} INFO - Processing file /home/ubuntu/air_venv/lib/python3.10/site-packages/airflow/example_dags/example_python_operator.py for tasks to queue
[2024-03-18T08:28:06.231+0000] {logging_mixin.py:188} INFO - [2024-03-18T08:28:06.231+0000] {dagbag.py:540} INFO - Filling up the DagBag from /home/ubuntu/air_venv/lib/python3.10/site-packages/airflow/example_dags/example_python_operator.py
[2024-03-18T08:28:06.240+0000] {logging_mixin.py:188} INFO - [2024-03-18T08:28:06.240+0000] {example_python_operator.py:88} WARNING - The virtalenv_python example task requires virtualenv, please install it.
[2024-03-18T08:28:06.241+0000] {processor.py:840} INFO - DAG(s) 'example_python_operator' retrieved from /home/ubuntu/air_venv/lib/python3.10/site-packages/airflow/example_dags/example_python_operator.py
[2024-03-18T08:28:06.261+0000] {logging_mixin.py:188} INFO - [2024-03-18T08:28:06.261+0000] {dag.py:3047} INFO - Sync 1 DAGs
[2024-03-18T08:28:06.275+0000] {logging_mixin.py:188} INFO - [2024-03-18T08:28:06.275+0000] {dag.py:3834} INFO - Setting next_dagrun for example_python_operator to None, run_after=None
[2024-03-18T08:28:06.302+0000] {processor.py:183} INFO - Processing /home/ubuntu/air_venv/lib/python3.10/site-packages/airflow/example_dags/example_python_operator.py took 0.079 seconds
[2024-03-18T08:29:09.736+0000] {processor.py:161} INFO - Started process (PID=15743) to work on /home/ubuntu/air_venv/lib/python3.10/site-packages/airflow/example_dags/example_python_operator.py
[2024-03-18T08:29:09.738+0000] {processor.py:830} INFO - Processing file /home/ubuntu/air_venv/lib/python3.10/site-packages/airflow/example_dags/example_python_operator.py for tasks to queue
[2024-03-18T08:29:09.739+0000] {logging_mixin.py:188} INFO - [2024-03-18T08:29:09.739+0000] {dagbag.py:540} INFO - Filling up the DagBag from /home/ubuntu/air_venv/lib/python3.10/site-packages/airflow/example_dags/example_python_operator.py
[2024-03-18T08:29:09.748+0000] {logging_mixin.py:188} INFO - [2024-03-18T08:29:09.748+0000] {example_python_operator.py:88} WARNING - The virtalenv_python example task requires virtualenv, please install it.
[2024-03-18T08:29:09.749+0000] {processor.py:840} INFO - DAG(s) 'example_python_operator' retrieved from /home/ubuntu/air_venv/lib/python3.10/site-packages/airflow/example_dags/example_python_operator.py
[2024-03-18T08:29:09.768+0000] {logging_mixin.py:188} INFO - [2024-03-18T08:29:09.768+0000] {dag.py:3047} INFO - Sync 1 DAGs
[2024-03-18T08:29:09.782+0000] {logging_mixin.py:188} INFO - [2024-03-18T08:29:09.781+0000] {dag.py:3834} INFO - Setting next_dagrun for example_python_operator to None, run_after=None
[2024-03-18T08:29:09.808+0000] {processor.py:183} INFO - Processing /home/ubuntu/air_venv/lib/python3.10/site-packages/airflow/example_dags/example_python_operator.py took 0.076 seconds
