[2024-03-18T07:59:57.302+0000] {processor.py:161} INFO - Started process (PID=2789) to work on /home/ubuntu/air_venv/lib/python3.10/site-packages/airflow/example_dags/example_task_group_decorator.py
[2024-03-18T07:59:57.304+0000] {processor.py:830} INFO - Processing file /home/ubuntu/air_venv/lib/python3.10/site-packages/airflow/example_dags/example_task_group_decorator.py for tasks to queue
[2024-03-18T07:59:57.305+0000] {logging_mixin.py:188} INFO - [2024-03-18T07:59:57.304+0000] {dagbag.py:540} INFO - Filling up the DagBag from /home/ubuntu/air_venv/lib/python3.10/site-packages/airflow/example_dags/example_task_group_decorator.py
[2024-03-18T07:59:57.329+0000] {processor.py:840} INFO - DAG(s) 'example_task_group_decorator' retrieved from /home/ubuntu/air_venv/lib/python3.10/site-packages/airflow/example_dags/example_task_group_decorator.py
[2024-03-18T07:59:57.448+0000] {logging_mixin.py:188} INFO - [2024-03-18T07:59:57.447+0000] {override.py:1769} INFO - Created Permission View: can edit on DAG:example_task_group_decorator
[2024-03-18T07:59:57.464+0000] {logging_mixin.py:188} INFO - [2024-03-18T07:59:57.464+0000] {override.py:1769} INFO - Created Permission View: can delete on DAG:example_task_group_decorator
[2024-03-18T07:59:57.476+0000] {logging_mixin.py:188} INFO - [2024-03-18T07:59:57.475+0000] {override.py:1769} INFO - Created Permission View: can read on DAG:example_task_group_decorator
[2024-03-18T07:59:57.476+0000] {logging_mixin.py:188} INFO - [2024-03-18T07:59:57.476+0000] {dag.py:3047} INFO - Sync 1 DAGs
[2024-03-18T07:59:57.488+0000] {logging_mixin.py:188} INFO - [2024-03-18T07:59:57.488+0000] {dag.py:3069} INFO - Creating ORM DAG for example_task_group_decorator
[2024-03-18T07:59:57.497+0000] {logging_mixin.py:188} INFO - [2024-03-18T07:59:57.497+0000] {dag.py:3834} INFO - Setting next_dagrun for example_task_group_decorator to 2024-03-17 00:00:00+00:00, run_after=2024-03-18 00:00:00+00:00
[2024-03-18T07:59:57.523+0000] {processor.py:183} INFO - Processing /home/ubuntu/air_venv/lib/python3.10/site-packages/airflow/example_dags/example_task_group_decorator.py took 0.224 seconds
[2024-03-18T08:01:02.631+0000] {processor.py:161} INFO - Started process (PID=3265) to work on /home/ubuntu/air_venv/lib/python3.10/site-packages/airflow/example_dags/example_task_group_decorator.py
[2024-03-18T08:01:02.654+0000] {processor.py:830} INFO - Processing file /home/ubuntu/air_venv/lib/python3.10/site-packages/airflow/example_dags/example_task_group_decorator.py for tasks to queue
[2024-03-18T08:01:02.655+0000] {logging_mixin.py:188} INFO - [2024-03-18T08:01:02.655+0000] {dagbag.py:540} INFO - Filling up the DagBag from /home/ubuntu/air_venv/lib/python3.10/site-packages/airflow/example_dags/example_task_group_decorator.py
[2024-03-18T08:01:02.881+0000] {processor.py:840} INFO - DAG(s) 'example_task_group_decorator' retrieved from /home/ubuntu/air_venv/lib/python3.10/site-packages/airflow/example_dags/example_task_group_decorator.py
[2024-03-18T08:01:03.338+0000] {logging_mixin.py:188} INFO - [2024-03-18T08:01:03.278+0000] {dag.py:3047} INFO - Sync 1 DAGs
[2024-03-18T08:01:03.499+0000] {logging_mixin.py:188} INFO - [2024-03-18T08:01:03.498+0000] {dag.py:3834} INFO - Setting next_dagrun for example_task_group_decorator to 2024-03-17 00:00:00+00:00, run_after=2024-03-18 00:00:00+00:00
[2024-03-18T08:01:03.710+0000] {processor.py:183} INFO - Processing /home/ubuntu/air_venv/lib/python3.10/site-packages/airflow/example_dags/example_task_group_decorator.py took 1.141 seconds
[2024-03-18T08:01:52.480+0000] {processor.py:161} INFO - Started process (PID=3856) to work on /home/ubuntu/air_venv/lib/python3.10/site-packages/airflow/example_dags/example_task_group_decorator.py
[2024-03-18T08:01:52.482+0000] {processor.py:830} INFO - Processing file /home/ubuntu/air_venv/lib/python3.10/site-packages/airflow/example_dags/example_task_group_decorator.py for tasks to queue
[2024-03-18T08:01:52.483+0000] {logging_mixin.py:188} INFO - [2024-03-18T08:01:52.483+0000] {dagbag.py:540} INFO - Filling up the DagBag from /home/ubuntu/air_venv/lib/python3.10/site-packages/airflow/example_dags/example_task_group_decorator.py
[2024-03-18T08:01:52.501+0000] {processor.py:840} INFO - DAG(s) 'example_task_group_decorator' retrieved from /home/ubuntu/air_venv/lib/python3.10/site-packages/airflow/example_dags/example_task_group_decorator.py
[2024-03-18T08:01:52.524+0000] {logging_mixin.py:188} INFO - [2024-03-18T08:01:52.523+0000] {dag.py:3047} INFO - Sync 1 DAGs
[2024-03-18T08:01:52.707+0000] {logging_mixin.py:188} INFO - [2024-03-18T08:01:52.706+0000] {dag.py:3834} INFO - Setting next_dagrun for example_task_group_decorator to 2024-03-17 00:00:00+00:00, run_after=2024-03-18 00:00:00+00:00
[2024-03-18T08:01:52.731+0000] {processor.py:183} INFO - Processing /home/ubuntu/air_venv/lib/python3.10/site-packages/airflow/example_dags/example_task_group_decorator.py took 0.254 seconds
[2024-03-18T08:02:43.940+0000] {processor.py:161} INFO - Started process (PID=4260) to work on /home/ubuntu/air_venv/lib/python3.10/site-packages/airflow/example_dags/example_task_group_decorator.py
[2024-03-18T08:02:43.942+0000] {processor.py:830} INFO - Processing file /home/ubuntu/air_venv/lib/python3.10/site-packages/airflow/example_dags/example_task_group_decorator.py for tasks to queue
[2024-03-18T08:02:43.943+0000] {logging_mixin.py:188} INFO - [2024-03-18T08:02:43.943+0000] {dagbag.py:540} INFO - Filling up the DagBag from /home/ubuntu/air_venv/lib/python3.10/site-packages/airflow/example_dags/example_task_group_decorator.py
[2024-03-18T08:02:44.102+0000] {processor.py:840} INFO - DAG(s) 'example_task_group_decorator' retrieved from /home/ubuntu/air_venv/lib/python3.10/site-packages/airflow/example_dags/example_task_group_decorator.py
[2024-03-18T08:02:44.119+0000] {logging_mixin.py:188} INFO - [2024-03-18T08:02:44.119+0000] {dag.py:3047} INFO - Sync 1 DAGs
[2024-03-18T08:02:44.138+0000] {logging_mixin.py:188} INFO - [2024-03-18T08:02:44.138+0000] {dag.py:3834} INFO - Setting next_dagrun for example_task_group_decorator to 2024-03-17 00:00:00+00:00, run_after=2024-03-18 00:00:00+00:00
[2024-03-18T08:02:44.161+0000] {processor.py:183} INFO - Processing /home/ubuntu/air_venv/lib/python3.10/site-packages/airflow/example_dags/example_task_group_decorator.py took 0.225 seconds
[2024-03-18T08:03:35.595+0000] {processor.py:161} INFO - Started process (PID=4489) to work on /home/ubuntu/air_venv/lib/python3.10/site-packages/airflow/example_dags/example_task_group_decorator.py
[2024-03-18T08:03:35.597+0000] {processor.py:830} INFO - Processing file /home/ubuntu/air_venv/lib/python3.10/site-packages/airflow/example_dags/example_task_group_decorator.py for tasks to queue
[2024-03-18T08:03:35.598+0000] {logging_mixin.py:188} INFO - [2024-03-18T08:03:35.597+0000] {dagbag.py:540} INFO - Filling up the DagBag from /home/ubuntu/air_venv/lib/python3.10/site-packages/airflow/example_dags/example_task_group_decorator.py
[2024-03-18T08:03:35.617+0000] {processor.py:840} INFO - DAG(s) 'example_task_group_decorator' retrieved from /home/ubuntu/air_venv/lib/python3.10/site-packages/airflow/example_dags/example_task_group_decorator.py
[2024-03-18T08:03:35.638+0000] {logging_mixin.py:188} INFO - [2024-03-18T08:03:35.637+0000] {dag.py:3047} INFO - Sync 1 DAGs
[2024-03-18T08:03:35.660+0000] {logging_mixin.py:188} INFO - [2024-03-18T08:03:35.659+0000] {dag.py:3834} INFO - Setting next_dagrun for example_task_group_decorator to 2024-03-17 00:00:00+00:00, run_after=2024-03-18 00:00:00+00:00
[2024-03-18T08:03:35.684+0000] {processor.py:183} INFO - Processing /home/ubuntu/air_venv/lib/python3.10/site-packages/airflow/example_dags/example_task_group_decorator.py took 0.093 seconds
[2024-03-18T08:04:28.243+0000] {processor.py:161} INFO - Started process (PID=5084) to work on /home/ubuntu/air_venv/lib/python3.10/site-packages/airflow/example_dags/example_task_group_decorator.py
[2024-03-18T08:04:28.245+0000] {processor.py:830} INFO - Processing file /home/ubuntu/air_venv/lib/python3.10/site-packages/airflow/example_dags/example_task_group_decorator.py for tasks to queue
[2024-03-18T08:04:28.246+0000] {logging_mixin.py:188} INFO - [2024-03-18T08:04:28.246+0000] {dagbag.py:540} INFO - Filling up the DagBag from /home/ubuntu/air_venv/lib/python3.10/site-packages/airflow/example_dags/example_task_group_decorator.py
[2024-03-18T08:04:28.265+0000] {processor.py:840} INFO - DAG(s) 'example_task_group_decorator' retrieved from /home/ubuntu/air_venv/lib/python3.10/site-packages/airflow/example_dags/example_task_group_decorator.py
[2024-03-18T08:04:28.288+0000] {logging_mixin.py:188} INFO - [2024-03-18T08:04:28.288+0000] {dag.py:3047} INFO - Sync 1 DAGs
[2024-03-18T08:04:28.315+0000] {logging_mixin.py:188} INFO - [2024-03-18T08:04:28.314+0000] {dag.py:3834} INFO - Setting next_dagrun for example_task_group_decorator to 2024-03-17 00:00:00+00:00, run_after=2024-03-18 00:00:00+00:00
[2024-03-18T08:04:28.339+0000] {processor.py:183} INFO - Processing /home/ubuntu/air_venv/lib/python3.10/site-packages/airflow/example_dags/example_task_group_decorator.py took 0.100 seconds
[2024-03-18T08:05:22.178+0000] {processor.py:161} INFO - Started process (PID=5497) to work on /home/ubuntu/air_venv/lib/python3.10/site-packages/airflow/example_dags/example_task_group_decorator.py
[2024-03-18T08:05:22.181+0000] {processor.py:830} INFO - Processing file /home/ubuntu/air_venv/lib/python3.10/site-packages/airflow/example_dags/example_task_group_decorator.py for tasks to queue
[2024-03-18T08:05:22.182+0000] {logging_mixin.py:188} INFO - [2024-03-18T08:05:22.181+0000] {dagbag.py:540} INFO - Filling up the DagBag from /home/ubuntu/air_venv/lib/python3.10/site-packages/airflow/example_dags/example_task_group_decorator.py
[2024-03-18T08:05:22.201+0000] {processor.py:840} INFO - DAG(s) 'example_task_group_decorator' retrieved from /home/ubuntu/air_venv/lib/python3.10/site-packages/airflow/example_dags/example_task_group_decorator.py
[2024-03-18T08:05:22.223+0000] {logging_mixin.py:188} INFO - [2024-03-18T08:05:22.223+0000] {dag.py:3047} INFO - Sync 1 DAGs
[2024-03-18T08:05:22.247+0000] {logging_mixin.py:188} INFO - [2024-03-18T08:05:22.247+0000] {dag.py:3834} INFO - Setting next_dagrun for example_task_group_decorator to 2024-03-17 00:00:00+00:00, run_after=2024-03-18 00:00:00+00:00
[2024-03-18T08:05:22.273+0000] {processor.py:183} INFO - Processing /home/ubuntu/air_venv/lib/python3.10/site-packages/airflow/example_dags/example_task_group_decorator.py took 0.098 seconds
[2024-03-18T08:06:10.872+0000] {processor.py:161} INFO - Started process (PID=6087) to work on /home/ubuntu/air_venv/lib/python3.10/site-packages/airflow/example_dags/example_task_group_decorator.py
[2024-03-18T08:06:10.874+0000] {processor.py:830} INFO - Processing file /home/ubuntu/air_venv/lib/python3.10/site-packages/airflow/example_dags/example_task_group_decorator.py for tasks to queue
[2024-03-18T08:06:10.875+0000] {logging_mixin.py:188} INFO - [2024-03-18T08:06:10.875+0000] {dagbag.py:540} INFO - Filling up the DagBag from /home/ubuntu/air_venv/lib/python3.10/site-packages/airflow/example_dags/example_task_group_decorator.py
[2024-03-18T08:06:10.893+0000] {processor.py:840} INFO - DAG(s) 'example_task_group_decorator' retrieved from /home/ubuntu/air_venv/lib/python3.10/site-packages/airflow/example_dags/example_task_group_decorator.py
[2024-03-18T08:06:10.915+0000] {logging_mixin.py:188} INFO - [2024-03-18T08:06:10.915+0000] {dag.py:3047} INFO - Sync 1 DAGs
[2024-03-18T08:06:10.938+0000] {logging_mixin.py:188} INFO - [2024-03-18T08:06:10.937+0000] {dag.py:3834} INFO - Setting next_dagrun for example_task_group_decorator to 2024-03-17 00:00:00+00:00, run_after=2024-03-18 00:00:00+00:00
[2024-03-18T08:06:10.966+0000] {processor.py:183} INFO - Processing /home/ubuntu/air_venv/lib/python3.10/site-packages/airflow/example_dags/example_task_group_decorator.py took 0.097 seconds
[2024-03-18T08:07:18.602+0000] {processor.py:161} INFO - Started process (PID=6936) to work on /home/ubuntu/air_venv/lib/python3.10/site-packages/airflow/example_dags/example_task_group_decorator.py
[2024-03-18T08:07:18.604+0000] {processor.py:830} INFO - Processing file /home/ubuntu/air_venv/lib/python3.10/site-packages/airflow/example_dags/example_task_group_decorator.py for tasks to queue
[2024-03-18T08:07:18.606+0000] {logging_mixin.py:188} INFO - [2024-03-18T08:07:18.605+0000] {dagbag.py:540} INFO - Filling up the DagBag from /home/ubuntu/air_venv/lib/python3.10/site-packages/airflow/example_dags/example_task_group_decorator.py
[2024-03-18T08:07:18.624+0000] {processor.py:840} INFO - DAG(s) 'example_task_group_decorator' retrieved from /home/ubuntu/air_venv/lib/python3.10/site-packages/airflow/example_dags/example_task_group_decorator.py
[2024-03-18T08:07:18.666+0000] {logging_mixin.py:188} INFO - [2024-03-18T08:07:18.666+0000] {dag.py:3047} INFO - Sync 1 DAGs
[2024-03-18T08:07:18.703+0000] {logging_mixin.py:188} INFO - [2024-03-18T08:07:18.703+0000] {dag.py:3834} INFO - Setting next_dagrun for example_task_group_decorator to 2024-03-17 00:00:00+00:00, run_after=2024-03-18 00:00:00+00:00
[2024-03-18T08:07:18.736+0000] {processor.py:183} INFO - Processing /home/ubuntu/air_venv/lib/python3.10/site-packages/airflow/example_dags/example_task_group_decorator.py took 0.138 seconds
[2024-03-18T08:08:12.591+0000] {processor.py:161} INFO - Started process (PID=7229) to work on /home/ubuntu/air_venv/lib/python3.10/site-packages/airflow/example_dags/example_task_group_decorator.py
[2024-03-18T08:08:12.593+0000] {processor.py:830} INFO - Processing file /home/ubuntu/air_venv/lib/python3.10/site-packages/airflow/example_dags/example_task_group_decorator.py for tasks to queue
[2024-03-18T08:08:12.595+0000] {logging_mixin.py:188} INFO - [2024-03-18T08:08:12.594+0000] {dagbag.py:540} INFO - Filling up the DagBag from /home/ubuntu/air_venv/lib/python3.10/site-packages/airflow/example_dags/example_task_group_decorator.py
[2024-03-18T08:08:12.620+0000] {processor.py:840} INFO - DAG(s) 'example_task_group_decorator' retrieved from /home/ubuntu/air_venv/lib/python3.10/site-packages/airflow/example_dags/example_task_group_decorator.py
[2024-03-18T08:08:12.642+0000] {logging_mixin.py:188} INFO - [2024-03-18T08:08:12.642+0000] {dag.py:3047} INFO - Sync 1 DAGs
[2024-03-18T08:08:12.666+0000] {logging_mixin.py:188} INFO - [2024-03-18T08:08:12.666+0000] {dag.py:3834} INFO - Setting next_dagrun for example_task_group_decorator to 2024-03-17 00:00:00+00:00, run_after=2024-03-18 00:00:00+00:00
[2024-03-18T08:08:12.692+0000] {processor.py:183} INFO - Processing /home/ubuntu/air_venv/lib/python3.10/site-packages/airflow/example_dags/example_task_group_decorator.py took 0.105 seconds
[2024-03-18T08:08:58.940+0000] {processor.py:161} INFO - Started process (PID=7584) to work on /home/ubuntu/air_venv/lib/python3.10/site-packages/airflow/example_dags/example_task_group_decorator.py
[2024-03-18T08:08:58.942+0000] {processor.py:830} INFO - Processing file /home/ubuntu/air_venv/lib/python3.10/site-packages/airflow/example_dags/example_task_group_decorator.py for tasks to queue
[2024-03-18T08:08:58.943+0000] {logging_mixin.py:188} INFO - [2024-03-18T08:08:58.943+0000] {dagbag.py:540} INFO - Filling up the DagBag from /home/ubuntu/air_venv/lib/python3.10/site-packages/airflow/example_dags/example_task_group_decorator.py
[2024-03-18T08:08:58.962+0000] {processor.py:840} INFO - DAG(s) 'example_task_group_decorator' retrieved from /home/ubuntu/air_venv/lib/python3.10/site-packages/airflow/example_dags/example_task_group_decorator.py
[2024-03-18T08:08:58.984+0000] {logging_mixin.py:188} INFO - [2024-03-18T08:08:58.984+0000] {dag.py:3047} INFO - Sync 1 DAGs
[2024-03-18T08:08:59.006+0000] {logging_mixin.py:188} INFO - [2024-03-18T08:08:59.005+0000] {dag.py:3834} INFO - Setting next_dagrun for example_task_group_decorator to 2024-03-17 00:00:00+00:00, run_after=2024-03-18 00:00:00+00:00
[2024-03-18T08:08:59.037+0000] {processor.py:183} INFO - Processing /home/ubuntu/air_venv/lib/python3.10/site-packages/airflow/example_dags/example_task_group_decorator.py took 0.100 seconds
[2024-03-18T08:09:43.273+0000] {processor.py:161} INFO - Started process (PID=7990) to work on /home/ubuntu/air_venv/lib/python3.10/site-packages/airflow/example_dags/example_task_group_decorator.py
[2024-03-18T08:09:43.275+0000] {processor.py:830} INFO - Processing file /home/ubuntu/air_venv/lib/python3.10/site-packages/airflow/example_dags/example_task_group_decorator.py for tasks to queue
[2024-03-18T08:09:43.276+0000] {logging_mixin.py:188} INFO - [2024-03-18T08:09:43.275+0000] {dagbag.py:540} INFO - Filling up the DagBag from /home/ubuntu/air_venv/lib/python3.10/site-packages/airflow/example_dags/example_task_group_decorator.py
[2024-03-18T08:09:43.294+0000] {processor.py:840} INFO - DAG(s) 'example_task_group_decorator' retrieved from /home/ubuntu/air_venv/lib/python3.10/site-packages/airflow/example_dags/example_task_group_decorator.py
[2024-03-18T08:09:43.316+0000] {logging_mixin.py:188} INFO - [2024-03-18T08:09:43.316+0000] {dag.py:3047} INFO - Sync 1 DAGs
[2024-03-18T08:09:43.340+0000] {logging_mixin.py:188} INFO - [2024-03-18T08:09:43.340+0000] {dag.py:3834} INFO - Setting next_dagrun for example_task_group_decorator to 2024-03-17 00:00:00+00:00, run_after=2024-03-18 00:00:00+00:00
[2024-03-18T08:09:43.366+0000] {processor.py:183} INFO - Processing /home/ubuntu/air_venv/lib/python3.10/site-packages/airflow/example_dags/example_task_group_decorator.py took 0.097 seconds
[2024-03-18T08:10:24.909+0000] {processor.py:161} INFO - Started process (PID=8270) to work on /home/ubuntu/air_venv/lib/python3.10/site-packages/airflow/example_dags/example_task_group_decorator.py
[2024-03-18T08:10:24.911+0000] {processor.py:830} INFO - Processing file /home/ubuntu/air_venv/lib/python3.10/site-packages/airflow/example_dags/example_task_group_decorator.py for tasks to queue
[2024-03-18T08:10:24.912+0000] {logging_mixin.py:188} INFO - [2024-03-18T08:10:24.911+0000] {dagbag.py:540} INFO - Filling up the DagBag from /home/ubuntu/air_venv/lib/python3.10/site-packages/airflow/example_dags/example_task_group_decorator.py
[2024-03-18T08:10:24.931+0000] {processor.py:840} INFO - DAG(s) 'example_task_group_decorator' retrieved from /home/ubuntu/air_venv/lib/python3.10/site-packages/airflow/example_dags/example_task_group_decorator.py
[2024-03-18T08:10:24.953+0000] {logging_mixin.py:188} INFO - [2024-03-18T08:10:24.953+0000] {dag.py:3047} INFO - Sync 1 DAGs
[2024-03-18T08:10:24.975+0000] {logging_mixin.py:188} INFO - [2024-03-18T08:10:24.975+0000] {dag.py:3834} INFO - Setting next_dagrun for example_task_group_decorator to 2024-03-17 00:00:00+00:00, run_after=2024-03-18 00:00:00+00:00
[2024-03-18T08:10:25.000+0000] {processor.py:183} INFO - Processing /home/ubuntu/air_venv/lib/python3.10/site-packages/airflow/example_dags/example_task_group_decorator.py took 0.095 seconds
[2024-03-18T08:11:09.572+0000] {processor.py:161} INFO - Started process (PID=8615) to work on /home/ubuntu/air_venv/lib/python3.10/site-packages/airflow/example_dags/example_task_group_decorator.py
[2024-03-18T08:11:09.574+0000] {processor.py:830} INFO - Processing file /home/ubuntu/air_venv/lib/python3.10/site-packages/airflow/example_dags/example_task_group_decorator.py for tasks to queue
[2024-03-18T08:11:09.575+0000] {logging_mixin.py:188} INFO - [2024-03-18T08:11:09.575+0000] {dagbag.py:540} INFO - Filling up the DagBag from /home/ubuntu/air_venv/lib/python3.10/site-packages/airflow/example_dags/example_task_group_decorator.py
[2024-03-18T08:11:09.593+0000] {processor.py:840} INFO - DAG(s) 'example_task_group_decorator' retrieved from /home/ubuntu/air_venv/lib/python3.10/site-packages/airflow/example_dags/example_task_group_decorator.py
[2024-03-18T08:11:09.616+0000] {logging_mixin.py:188} INFO - [2024-03-18T08:11:09.615+0000] {dag.py:3047} INFO - Sync 1 DAGs
[2024-03-18T08:11:09.639+0000] {logging_mixin.py:188} INFO - [2024-03-18T08:11:09.639+0000] {dag.py:3834} INFO - Setting next_dagrun for example_task_group_decorator to 2024-03-17 00:00:00+00:00, run_after=2024-03-18 00:00:00+00:00
[2024-03-18T08:11:09.663+0000] {processor.py:183} INFO - Processing /home/ubuntu/air_venv/lib/python3.10/site-packages/airflow/example_dags/example_task_group_decorator.py took 0.094 seconds
[2024-03-18T08:11:50.450+0000] {processor.py:161} INFO - Started process (PID=8959) to work on /home/ubuntu/air_venv/lib/python3.10/site-packages/airflow/example_dags/example_task_group_decorator.py
[2024-03-18T08:11:50.451+0000] {processor.py:830} INFO - Processing file /home/ubuntu/air_venv/lib/python3.10/site-packages/airflow/example_dags/example_task_group_decorator.py for tasks to queue
[2024-03-18T08:11:50.453+0000] {logging_mixin.py:188} INFO - [2024-03-18T08:11:50.452+0000] {dagbag.py:540} INFO - Filling up the DagBag from /home/ubuntu/air_venv/lib/python3.10/site-packages/airflow/example_dags/example_task_group_decorator.py
[2024-03-18T08:11:50.471+0000] {processor.py:840} INFO - DAG(s) 'example_task_group_decorator' retrieved from /home/ubuntu/air_venv/lib/python3.10/site-packages/airflow/example_dags/example_task_group_decorator.py
[2024-03-18T08:11:50.493+0000] {logging_mixin.py:188} INFO - [2024-03-18T08:11:50.492+0000] {dag.py:3047} INFO - Sync 1 DAGs
[2024-03-18T08:11:50.514+0000] {logging_mixin.py:188} INFO - [2024-03-18T08:11:50.514+0000] {dag.py:3834} INFO - Setting next_dagrun for example_task_group_decorator to 2024-03-17 00:00:00+00:00, run_after=2024-03-18 00:00:00+00:00
[2024-03-18T08:11:50.539+0000] {processor.py:183} INFO - Processing /home/ubuntu/air_venv/lib/python3.10/site-packages/airflow/example_dags/example_task_group_decorator.py took 0.093 seconds
[2024-03-18T08:12:51.416+0000] {processor.py:161} INFO - Started process (PID=9380) to work on /home/ubuntu/air_venv/lib/python3.10/site-packages/airflow/example_dags/example_task_group_decorator.py
[2024-03-18T08:12:51.418+0000] {processor.py:830} INFO - Processing file /home/ubuntu/air_venv/lib/python3.10/site-packages/airflow/example_dags/example_task_group_decorator.py for tasks to queue
[2024-03-18T08:12:51.419+0000] {logging_mixin.py:188} INFO - [2024-03-18T08:12:51.419+0000] {dagbag.py:540} INFO - Filling up the DagBag from /home/ubuntu/air_venv/lib/python3.10/site-packages/airflow/example_dags/example_task_group_decorator.py
[2024-03-18T08:12:51.438+0000] {processor.py:840} INFO - DAG(s) 'example_task_group_decorator' retrieved from /home/ubuntu/air_venv/lib/python3.10/site-packages/airflow/example_dags/example_task_group_decorator.py
[2024-03-18T08:12:51.461+0000] {logging_mixin.py:188} INFO - [2024-03-18T08:12:51.460+0000] {dag.py:3047} INFO - Sync 1 DAGs
[2024-03-18T08:12:51.484+0000] {logging_mixin.py:188} INFO - [2024-03-18T08:12:51.484+0000] {dag.py:3834} INFO - Setting next_dagrun for example_task_group_decorator to 2024-03-17 00:00:00+00:00, run_after=2024-03-18 00:00:00+00:00
[2024-03-18T08:12:51.509+0000] {processor.py:183} INFO - Processing /home/ubuntu/air_venv/lib/python3.10/site-packages/airflow/example_dags/example_task_group_decorator.py took 0.096 seconds
[2024-03-18T08:13:36.775+0000] {processor.py:161} INFO - Started process (PID=9543) to work on /home/ubuntu/air_venv/lib/python3.10/site-packages/airflow/example_dags/example_task_group_decorator.py
[2024-03-18T08:13:36.777+0000] {processor.py:830} INFO - Processing file /home/ubuntu/air_venv/lib/python3.10/site-packages/airflow/example_dags/example_task_group_decorator.py for tasks to queue
[2024-03-18T08:13:36.778+0000] {logging_mixin.py:188} INFO - [2024-03-18T08:13:36.778+0000] {dagbag.py:540} INFO - Filling up the DagBag from /home/ubuntu/air_venv/lib/python3.10/site-packages/airflow/example_dags/example_task_group_decorator.py
[2024-03-18T08:13:36.797+0000] {processor.py:840} INFO - DAG(s) 'example_task_group_decorator' retrieved from /home/ubuntu/air_venv/lib/python3.10/site-packages/airflow/example_dags/example_task_group_decorator.py
[2024-03-18T08:13:36.819+0000] {logging_mixin.py:188} INFO - [2024-03-18T08:13:36.819+0000] {dag.py:3047} INFO - Sync 1 DAGs
[2024-03-18T08:13:36.842+0000] {logging_mixin.py:188} INFO - [2024-03-18T08:13:36.841+0000] {dag.py:3834} INFO - Setting next_dagrun for example_task_group_decorator to 2024-03-17 00:00:00+00:00, run_after=2024-03-18 00:00:00+00:00
[2024-03-18T08:13:36.867+0000] {processor.py:183} INFO - Processing /home/ubuntu/air_venv/lib/python3.10/site-packages/airflow/example_dags/example_task_group_decorator.py took 0.095 seconds
[2024-03-18T08:15:03.702+0000] {processor.py:161} INFO - Started process (PID=10296) to work on /home/ubuntu/air_venv/lib/python3.10/site-packages/airflow/example_dags/example_task_group_decorator.py
[2024-03-18T08:15:03.704+0000] {processor.py:830} INFO - Processing file /home/ubuntu/air_venv/lib/python3.10/site-packages/airflow/example_dags/example_task_group_decorator.py for tasks to queue
[2024-03-18T08:15:03.709+0000] {logging_mixin.py:188} INFO - [2024-03-18T08:15:03.705+0000] {dagbag.py:540} INFO - Filling up the DagBag from /home/ubuntu/air_venv/lib/python3.10/site-packages/airflow/example_dags/example_task_group_decorator.py
[2024-03-18T08:15:03.754+0000] {processor.py:840} INFO - DAG(s) 'example_task_group_decorator' retrieved from /home/ubuntu/air_venv/lib/python3.10/site-packages/airflow/example_dags/example_task_group_decorator.py
[2024-03-18T08:15:03.833+0000] {logging_mixin.py:188} INFO - [2024-03-18T08:15:03.833+0000] {dag.py:3047} INFO - Sync 1 DAGs
[2024-03-18T08:15:03.895+0000] {logging_mixin.py:188} INFO - [2024-03-18T08:15:03.894+0000] {dag.py:3834} INFO - Setting next_dagrun for example_task_group_decorator to 2024-03-17 00:00:00+00:00, run_after=2024-03-18 00:00:00+00:00
[2024-03-18T08:15:03.959+0000] {processor.py:183} INFO - Processing /home/ubuntu/air_venv/lib/python3.10/site-packages/airflow/example_dags/example_task_group_decorator.py took 0.261 seconds
[2024-03-18T08:16:00.127+0000] {processor.py:161} INFO - Started process (PID=10892) to work on /home/ubuntu/air_venv/lib/python3.10/site-packages/airflow/example_dags/example_task_group_decorator.py
[2024-03-18T08:16:00.129+0000] {processor.py:830} INFO - Processing file /home/ubuntu/air_venv/lib/python3.10/site-packages/airflow/example_dags/example_task_group_decorator.py for tasks to queue
[2024-03-18T08:16:00.130+0000] {logging_mixin.py:188} INFO - [2024-03-18T08:16:00.130+0000] {dagbag.py:540} INFO - Filling up the DagBag from /home/ubuntu/air_venv/lib/python3.10/site-packages/airflow/example_dags/example_task_group_decorator.py
[2024-03-18T08:16:00.150+0000] {processor.py:840} INFO - DAG(s) 'example_task_group_decorator' retrieved from /home/ubuntu/air_venv/lib/python3.10/site-packages/airflow/example_dags/example_task_group_decorator.py
[2024-03-18T08:16:00.174+0000] {logging_mixin.py:188} INFO - [2024-03-18T08:16:00.173+0000] {dag.py:3047} INFO - Sync 1 DAGs
[2024-03-18T08:16:00.199+0000] {logging_mixin.py:188} INFO - [2024-03-18T08:16:00.198+0000] {dag.py:3834} INFO - Setting next_dagrun for example_task_group_decorator to 2024-03-17 00:00:00+00:00, run_after=2024-03-18 00:00:00+00:00
[2024-03-18T08:16:00.228+0000] {processor.py:183} INFO - Processing /home/ubuntu/air_venv/lib/python3.10/site-packages/airflow/example_dags/example_task_group_decorator.py took 0.105 seconds
[2024-03-18T08:16:48.562+0000] {processor.py:161} INFO - Started process (PID=11418) to work on /home/ubuntu/air_venv/lib/python3.10/site-packages/airflow/example_dags/example_task_group_decorator.py
[2024-03-18T08:16:48.563+0000] {processor.py:830} INFO - Processing file /home/ubuntu/air_venv/lib/python3.10/site-packages/airflow/example_dags/example_task_group_decorator.py for tasks to queue
[2024-03-18T08:16:48.564+0000] {logging_mixin.py:188} INFO - [2024-03-18T08:16:48.564+0000] {dagbag.py:540} INFO - Filling up the DagBag from /home/ubuntu/air_venv/lib/python3.10/site-packages/airflow/example_dags/example_task_group_decorator.py
[2024-03-18T08:16:48.583+0000] {processor.py:840} INFO - DAG(s) 'example_task_group_decorator' retrieved from /home/ubuntu/air_venv/lib/python3.10/site-packages/airflow/example_dags/example_task_group_decorator.py
[2024-03-18T08:16:48.604+0000] {logging_mixin.py:188} INFO - [2024-03-18T08:16:48.604+0000] {dag.py:3047} INFO - Sync 1 DAGs
[2024-03-18T08:16:48.626+0000] {logging_mixin.py:188} INFO - [2024-03-18T08:16:48.626+0000] {dag.py:3834} INFO - Setting next_dagrun for example_task_group_decorator to 2024-03-17 00:00:00+00:00, run_after=2024-03-18 00:00:00+00:00
[2024-03-18T08:16:48.650+0000] {processor.py:183} INFO - Processing /home/ubuntu/air_venv/lib/python3.10/site-packages/airflow/example_dags/example_task_group_decorator.py took 0.092 seconds
[2024-03-18T08:17:43.681+0000] {processor.py:161} INFO - Started process (PID=12135) to work on /home/ubuntu/air_venv/lib/python3.10/site-packages/airflow/example_dags/example_task_group_decorator.py
[2024-03-18T08:17:43.683+0000] {processor.py:830} INFO - Processing file /home/ubuntu/air_venv/lib/python3.10/site-packages/airflow/example_dags/example_task_group_decorator.py for tasks to queue
[2024-03-18T08:17:43.684+0000] {logging_mixin.py:188} INFO - [2024-03-18T08:17:43.684+0000] {dagbag.py:540} INFO - Filling up the DagBag from /home/ubuntu/air_venv/lib/python3.10/site-packages/airflow/example_dags/example_task_group_decorator.py
[2024-03-18T08:17:43.712+0000] {processor.py:840} INFO - DAG(s) 'example_task_group_decorator' retrieved from /home/ubuntu/air_venv/lib/python3.10/site-packages/airflow/example_dags/example_task_group_decorator.py
[2024-03-18T08:17:43.748+0000] {logging_mixin.py:188} INFO - [2024-03-18T08:17:43.748+0000] {dag.py:3047} INFO - Sync 1 DAGs
[2024-03-18T08:17:43.772+0000] {logging_mixin.py:188} INFO - [2024-03-18T08:17:43.771+0000] {dag.py:3834} INFO - Setting next_dagrun for example_task_group_decorator to 2024-03-17 00:00:00+00:00, run_after=2024-03-18 00:00:00+00:00
[2024-03-18T08:17:43.804+0000] {processor.py:183} INFO - Processing /home/ubuntu/air_venv/lib/python3.10/site-packages/airflow/example_dags/example_task_group_decorator.py took 0.127 seconds
[2024-03-18T08:18:40.828+0000] {processor.py:161} INFO - Started process (PID=12552) to work on /home/ubuntu/air_venv/lib/python3.10/site-packages/airflow/example_dags/example_task_group_decorator.py
[2024-03-18T08:18:40.830+0000] {processor.py:830} INFO - Processing file /home/ubuntu/air_venv/lib/python3.10/site-packages/airflow/example_dags/example_task_group_decorator.py for tasks to queue
[2024-03-18T08:18:40.831+0000] {logging_mixin.py:188} INFO - [2024-03-18T08:18:40.830+0000] {dagbag.py:540} INFO - Filling up the DagBag from /home/ubuntu/air_venv/lib/python3.10/site-packages/airflow/example_dags/example_task_group_decorator.py
[2024-03-18T08:18:40.849+0000] {processor.py:840} INFO - DAG(s) 'example_task_group_decorator' retrieved from /home/ubuntu/air_venv/lib/python3.10/site-packages/airflow/example_dags/example_task_group_decorator.py
[2024-03-18T08:18:40.871+0000] {logging_mixin.py:188} INFO - [2024-03-18T08:18:40.871+0000] {dag.py:3047} INFO - Sync 1 DAGs
[2024-03-18T08:18:40.894+0000] {logging_mixin.py:188} INFO - [2024-03-18T08:18:40.894+0000] {dag.py:3834} INFO - Setting next_dagrun for example_task_group_decorator to 2024-03-17 00:00:00+00:00, run_after=2024-03-18 00:00:00+00:00
[2024-03-18T08:18:40.918+0000] {processor.py:183} INFO - Processing /home/ubuntu/air_venv/lib/python3.10/site-packages/airflow/example_dags/example_task_group_decorator.py took 0.093 seconds
[2024-03-18T08:19:26.256+0000] {processor.py:161} INFO - Started process (PID=12714) to work on /home/ubuntu/air_venv/lib/python3.10/site-packages/airflow/example_dags/example_task_group_decorator.py
[2024-03-18T08:19:26.257+0000] {processor.py:830} INFO - Processing file /home/ubuntu/air_venv/lib/python3.10/site-packages/airflow/example_dags/example_task_group_decorator.py for tasks to queue
[2024-03-18T08:19:26.259+0000] {logging_mixin.py:188} INFO - [2024-03-18T08:19:26.258+0000] {dagbag.py:540} INFO - Filling up the DagBag from /home/ubuntu/air_venv/lib/python3.10/site-packages/airflow/example_dags/example_task_group_decorator.py
[2024-03-18T08:19:26.276+0000] {processor.py:840} INFO - DAG(s) 'example_task_group_decorator' retrieved from /home/ubuntu/air_venv/lib/python3.10/site-packages/airflow/example_dags/example_task_group_decorator.py
[2024-03-18T08:19:26.299+0000] {logging_mixin.py:188} INFO - [2024-03-18T08:19:26.299+0000] {dag.py:3047} INFO - Sync 1 DAGs
[2024-03-18T08:19:26.321+0000] {logging_mixin.py:188} INFO - [2024-03-18T08:19:26.321+0000] {dag.py:3834} INFO - Setting next_dagrun for example_task_group_decorator to 2024-03-17 00:00:00+00:00, run_after=2024-03-18 00:00:00+00:00
[2024-03-18T08:19:26.346+0000] {processor.py:183} INFO - Processing /home/ubuntu/air_venv/lib/python3.10/site-packages/airflow/example_dags/example_task_group_decorator.py took 0.094 seconds
[2024-03-18T08:20:30.578+0000] {processor.py:161} INFO - Started process (PID=13255) to work on /home/ubuntu/air_venv/lib/python3.10/site-packages/airflow/example_dags/example_task_group_decorator.py
[2024-03-18T08:20:30.584+0000] {processor.py:830} INFO - Processing file /home/ubuntu/air_venv/lib/python3.10/site-packages/airflow/example_dags/example_task_group_decorator.py for tasks to queue
[2024-03-18T08:20:30.585+0000] {logging_mixin.py:188} INFO - [2024-03-18T08:20:30.585+0000] {dagbag.py:540} INFO - Filling up the DagBag from /home/ubuntu/air_venv/lib/python3.10/site-packages/airflow/example_dags/example_task_group_decorator.py
[2024-03-18T08:20:30.606+0000] {processor.py:840} INFO - DAG(s) 'example_task_group_decorator' retrieved from /home/ubuntu/air_venv/lib/python3.10/site-packages/airflow/example_dags/example_task_group_decorator.py
[2024-03-18T08:20:30.630+0000] {logging_mixin.py:188} INFO - [2024-03-18T08:20:30.630+0000] {dag.py:3047} INFO - Sync 1 DAGs
[2024-03-18T08:20:30.653+0000] {logging_mixin.py:188} INFO - [2024-03-18T08:20:30.653+0000] {dag.py:3834} INFO - Setting next_dagrun for example_task_group_decorator to 2024-03-17 00:00:00+00:00, run_after=2024-03-18 00:00:00+00:00
[2024-03-18T08:20:30.680+0000] {processor.py:183} INFO - Processing /home/ubuntu/air_venv/lib/python3.10/site-packages/airflow/example_dags/example_task_group_decorator.py took 0.106 seconds
[2024-03-18T08:21:28.033+0000] {processor.py:161} INFO - Started process (PID=13610) to work on /home/ubuntu/air_venv/lib/python3.10/site-packages/airflow/example_dags/example_task_group_decorator.py
[2024-03-18T08:21:28.035+0000] {processor.py:830} INFO - Processing file /home/ubuntu/air_venv/lib/python3.10/site-packages/airflow/example_dags/example_task_group_decorator.py for tasks to queue
[2024-03-18T08:21:28.036+0000] {logging_mixin.py:188} INFO - [2024-03-18T08:21:28.035+0000] {dagbag.py:540} INFO - Filling up the DagBag from /home/ubuntu/air_venv/lib/python3.10/site-packages/airflow/example_dags/example_task_group_decorator.py
[2024-03-18T08:21:28.054+0000] {processor.py:840} INFO - DAG(s) 'example_task_group_decorator' retrieved from /home/ubuntu/air_venv/lib/python3.10/site-packages/airflow/example_dags/example_task_group_decorator.py
[2024-03-18T08:21:28.076+0000] {logging_mixin.py:188} INFO - [2024-03-18T08:21:28.076+0000] {dag.py:3047} INFO - Sync 1 DAGs
[2024-03-18T08:21:28.100+0000] {logging_mixin.py:188} INFO - [2024-03-18T08:21:28.099+0000] {dag.py:3834} INFO - Setting next_dagrun for example_task_group_decorator to 2024-03-17 00:00:00+00:00, run_after=2024-03-18 00:00:00+00:00
[2024-03-18T08:21:28.125+0000] {processor.py:183} INFO - Processing /home/ubuntu/air_venv/lib/python3.10/site-packages/airflow/example_dags/example_task_group_decorator.py took 0.095 seconds
[2024-03-18T08:22:17.418+0000] {processor.py:161} INFO - Started process (PID=13903) to work on /home/ubuntu/air_venv/lib/python3.10/site-packages/airflow/example_dags/example_task_group_decorator.py
[2024-03-18T08:22:17.420+0000] {processor.py:830} INFO - Processing file /home/ubuntu/air_venv/lib/python3.10/site-packages/airflow/example_dags/example_task_group_decorator.py for tasks to queue
[2024-03-18T08:22:17.421+0000] {logging_mixin.py:188} INFO - [2024-03-18T08:22:17.421+0000] {dagbag.py:540} INFO - Filling up the DagBag from /home/ubuntu/air_venv/lib/python3.10/site-packages/airflow/example_dags/example_task_group_decorator.py
[2024-03-18T08:22:17.440+0000] {processor.py:840} INFO - DAG(s) 'example_task_group_decorator' retrieved from /home/ubuntu/air_venv/lib/python3.10/site-packages/airflow/example_dags/example_task_group_decorator.py
[2024-03-18T08:22:17.462+0000] {logging_mixin.py:188} INFO - [2024-03-18T08:22:17.461+0000] {dag.py:3047} INFO - Sync 1 DAGs
[2024-03-18T08:22:17.484+0000] {logging_mixin.py:188} INFO - [2024-03-18T08:22:17.483+0000] {dag.py:3834} INFO - Setting next_dagrun for example_task_group_decorator to 2024-03-17 00:00:00+00:00, run_after=2024-03-18 00:00:00+00:00
[2024-03-18T08:22:17.509+0000] {processor.py:183} INFO - Processing /home/ubuntu/air_venv/lib/python3.10/site-packages/airflow/example_dags/example_task_group_decorator.py took 0.094 seconds
[2024-03-18T08:23:13.953+0000] {processor.py:161} INFO - Started process (PID=14342) to work on /home/ubuntu/air_venv/lib/python3.10/site-packages/airflow/example_dags/example_task_group_decorator.py
[2024-03-18T08:23:13.955+0000] {processor.py:830} INFO - Processing file /home/ubuntu/air_venv/lib/python3.10/site-packages/airflow/example_dags/example_task_group_decorator.py for tasks to queue
[2024-03-18T08:23:13.957+0000] {logging_mixin.py:188} INFO - [2024-03-18T08:23:13.956+0000] {dagbag.py:540} INFO - Filling up the DagBag from /home/ubuntu/air_venv/lib/python3.10/site-packages/airflow/example_dags/example_task_group_decorator.py
[2024-03-18T08:23:13.975+0000] {processor.py:840} INFO - DAG(s) 'example_task_group_decorator' retrieved from /home/ubuntu/air_venv/lib/python3.10/site-packages/airflow/example_dags/example_task_group_decorator.py
[2024-03-18T08:23:13.997+0000] {logging_mixin.py:188} INFO - [2024-03-18T08:23:13.996+0000] {dag.py:3047} INFO - Sync 1 DAGs
[2024-03-18T08:23:14.022+0000] {logging_mixin.py:188} INFO - [2024-03-18T08:23:14.021+0000] {dag.py:3834} INFO - Setting next_dagrun for example_task_group_decorator to 2024-03-17 00:00:00+00:00, run_after=2024-03-18 00:00:00+00:00
[2024-03-18T08:23:14.048+0000] {processor.py:183} INFO - Processing /home/ubuntu/air_venv/lib/python3.10/site-packages/airflow/example_dags/example_task_group_decorator.py took 0.098 seconds
[2024-03-18T08:23:54.256+0000] {processor.py:161} INFO - Started process (PID=14622) to work on /home/ubuntu/air_venv/lib/python3.10/site-packages/airflow/example_dags/example_task_group_decorator.py
[2024-03-18T08:23:54.259+0000] {processor.py:830} INFO - Processing file /home/ubuntu/air_venv/lib/python3.10/site-packages/airflow/example_dags/example_task_group_decorator.py for tasks to queue
[2024-03-18T08:23:54.260+0000] {logging_mixin.py:188} INFO - [2024-03-18T08:23:54.260+0000] {dagbag.py:540} INFO - Filling up the DagBag from /home/ubuntu/air_venv/lib/python3.10/site-packages/airflow/example_dags/example_task_group_decorator.py
[2024-03-18T08:23:54.284+0000] {processor.py:840} INFO - DAG(s) 'example_task_group_decorator' retrieved from /home/ubuntu/air_venv/lib/python3.10/site-packages/airflow/example_dags/example_task_group_decorator.py
[2024-03-18T08:23:54.305+0000] {logging_mixin.py:188} INFO - [2024-03-18T08:23:54.305+0000] {dag.py:3047} INFO - Sync 1 DAGs
[2024-03-18T08:23:54.326+0000] {logging_mixin.py:188} INFO - [2024-03-18T08:23:54.326+0000] {dag.py:3834} INFO - Setting next_dagrun for example_task_group_decorator to 2024-03-17 00:00:00+00:00, run_after=2024-03-18 00:00:00+00:00
[2024-03-18T08:23:54.350+0000] {processor.py:183} INFO - Processing /home/ubuntu/air_venv/lib/python3.10/site-packages/airflow/example_dags/example_task_group_decorator.py took 0.104 seconds
[2024-03-18T08:24:51.362+0000] {processor.py:161} INFO - Started process (PID=15073) to work on /home/ubuntu/air_venv/lib/python3.10/site-packages/airflow/example_dags/example_task_group_decorator.py
[2024-03-18T08:24:51.364+0000] {processor.py:830} INFO - Processing file /home/ubuntu/air_venv/lib/python3.10/site-packages/airflow/example_dags/example_task_group_decorator.py for tasks to queue
[2024-03-18T08:24:51.365+0000] {logging_mixin.py:188} INFO - [2024-03-18T08:24:51.365+0000] {dagbag.py:540} INFO - Filling up the DagBag from /home/ubuntu/air_venv/lib/python3.10/site-packages/airflow/example_dags/example_task_group_decorator.py
[2024-03-18T08:24:51.383+0000] {processor.py:840} INFO - DAG(s) 'example_task_group_decorator' retrieved from /home/ubuntu/air_venv/lib/python3.10/site-packages/airflow/example_dags/example_task_group_decorator.py
[2024-03-18T08:24:51.405+0000] {logging_mixin.py:188} INFO - [2024-03-18T08:24:51.405+0000] {dag.py:3047} INFO - Sync 1 DAGs
[2024-03-18T08:24:51.427+0000] {logging_mixin.py:188} INFO - [2024-03-18T08:24:51.427+0000] {dag.py:3834} INFO - Setting next_dagrun for example_task_group_decorator to 2024-03-17 00:00:00+00:00, run_after=2024-03-18 00:00:00+00:00
[2024-03-18T08:24:51.454+0000] {processor.py:183} INFO - Processing /home/ubuntu/air_venv/lib/python3.10/site-packages/airflow/example_dags/example_task_group_decorator.py took 0.095 seconds
[2024-03-18T08:25:34.338+0000] {processor.py:161} INFO - Started process (PID=15292) to work on /home/ubuntu/air_venv/lib/python3.10/site-packages/airflow/example_dags/example_task_group_decorator.py
[2024-03-18T08:25:34.340+0000] {processor.py:830} INFO - Processing file /home/ubuntu/air_venv/lib/python3.10/site-packages/airflow/example_dags/example_task_group_decorator.py for tasks to queue
[2024-03-18T08:25:34.341+0000] {logging_mixin.py:188} INFO - [2024-03-18T08:25:34.341+0000] {dagbag.py:540} INFO - Filling up the DagBag from /home/ubuntu/air_venv/lib/python3.10/site-packages/airflow/example_dags/example_task_group_decorator.py
[2024-03-18T08:25:34.359+0000] {processor.py:840} INFO - DAG(s) 'example_task_group_decorator' retrieved from /home/ubuntu/air_venv/lib/python3.10/site-packages/airflow/example_dags/example_task_group_decorator.py
[2024-03-18T08:25:34.382+0000] {logging_mixin.py:188} INFO - [2024-03-18T08:25:34.381+0000] {dag.py:3047} INFO - Sync 1 DAGs
[2024-03-18T08:25:34.405+0000] {logging_mixin.py:188} INFO - [2024-03-18T08:25:34.404+0000] {dag.py:3834} INFO - Setting next_dagrun for example_task_group_decorator to 2024-03-17 00:00:00+00:00, run_after=2024-03-18 00:00:00+00:00
[2024-03-18T08:25:34.430+0000] {processor.py:183} INFO - Processing /home/ubuntu/air_venv/lib/python3.10/site-packages/airflow/example_dags/example_task_group_decorator.py took 0.096 seconds
[2024-03-18T08:26:17.804+0000] {processor.py:161} INFO - Started process (PID=15395) to work on /home/ubuntu/air_venv/lib/python3.10/site-packages/airflow/example_dags/example_task_group_decorator.py
[2024-03-18T08:26:17.806+0000] {processor.py:830} INFO - Processing file /home/ubuntu/air_venv/lib/python3.10/site-packages/airflow/example_dags/example_task_group_decorator.py for tasks to queue
[2024-03-18T08:26:17.807+0000] {logging_mixin.py:188} INFO - [2024-03-18T08:26:17.807+0000] {dagbag.py:540} INFO - Filling up the DagBag from /home/ubuntu/air_venv/lib/python3.10/site-packages/airflow/example_dags/example_task_group_decorator.py
[2024-03-18T08:26:17.825+0000] {processor.py:840} INFO - DAG(s) 'example_task_group_decorator' retrieved from /home/ubuntu/air_venv/lib/python3.10/site-packages/airflow/example_dags/example_task_group_decorator.py
[2024-03-18T08:26:17.847+0000] {logging_mixin.py:188} INFO - [2024-03-18T08:26:17.847+0000] {dag.py:3047} INFO - Sync 1 DAGs
[2024-03-18T08:26:17.870+0000] {logging_mixin.py:188} INFO - [2024-03-18T08:26:17.870+0000] {dag.py:3834} INFO - Setting next_dagrun for example_task_group_decorator to 2024-03-17 00:00:00+00:00, run_after=2024-03-18 00:00:00+00:00
[2024-03-18T08:26:17.896+0000] {processor.py:183} INFO - Processing /home/ubuntu/air_venv/lib/python3.10/site-packages/airflow/example_dags/example_task_group_decorator.py took 0.096 seconds
[2024-03-18T08:26:58.485+0000] {processor.py:161} INFO - Started process (PID=15495) to work on /home/ubuntu/air_venv/lib/python3.10/site-packages/airflow/example_dags/example_task_group_decorator.py
[2024-03-18T08:26:58.487+0000] {processor.py:830} INFO - Processing file /home/ubuntu/air_venv/lib/python3.10/site-packages/airflow/example_dags/example_task_group_decorator.py for tasks to queue
[2024-03-18T08:26:58.488+0000] {logging_mixin.py:188} INFO - [2024-03-18T08:26:58.488+0000] {dagbag.py:540} INFO - Filling up the DagBag from /home/ubuntu/air_venv/lib/python3.10/site-packages/airflow/example_dags/example_task_group_decorator.py
[2024-03-18T08:26:58.506+0000] {processor.py:840} INFO - DAG(s) 'example_task_group_decorator' retrieved from /home/ubuntu/air_venv/lib/python3.10/site-packages/airflow/example_dags/example_task_group_decorator.py
[2024-03-18T08:26:58.529+0000] {logging_mixin.py:188} INFO - [2024-03-18T08:26:58.529+0000] {dag.py:3047} INFO - Sync 1 DAGs
[2024-03-18T08:26:58.551+0000] {logging_mixin.py:188} INFO - [2024-03-18T08:26:58.551+0000] {dag.py:3834} INFO - Setting next_dagrun for example_task_group_decorator to 2024-03-17 00:00:00+00:00, run_after=2024-03-18 00:00:00+00:00
[2024-03-18T08:26:58.578+0000] {processor.py:183} INFO - Processing /home/ubuntu/air_venv/lib/python3.10/site-packages/airflow/example_dags/example_task_group_decorator.py took 0.096 seconds
[2024-03-18T08:27:40.457+0000] {processor.py:161} INFO - Started process (PID=15562) to work on /home/ubuntu/air_venv/lib/python3.10/site-packages/airflow/example_dags/example_task_group_decorator.py
[2024-03-18T08:27:40.459+0000] {processor.py:830} INFO - Processing file /home/ubuntu/air_venv/lib/python3.10/site-packages/airflow/example_dags/example_task_group_decorator.py for tasks to queue
[2024-03-18T08:27:40.460+0000] {logging_mixin.py:188} INFO - [2024-03-18T08:27:40.459+0000] {dagbag.py:540} INFO - Filling up the DagBag from /home/ubuntu/air_venv/lib/python3.10/site-packages/airflow/example_dags/example_task_group_decorator.py
[2024-03-18T08:27:40.478+0000] {processor.py:840} INFO - DAG(s) 'example_task_group_decorator' retrieved from /home/ubuntu/air_venv/lib/python3.10/site-packages/airflow/example_dags/example_task_group_decorator.py
[2024-03-18T08:27:40.500+0000] {logging_mixin.py:188} INFO - [2024-03-18T08:27:40.500+0000] {dag.py:3047} INFO - Sync 1 DAGs
[2024-03-18T08:27:40.522+0000] {logging_mixin.py:188} INFO - [2024-03-18T08:27:40.522+0000] {dag.py:3834} INFO - Setting next_dagrun for example_task_group_decorator to 2024-03-17 00:00:00+00:00, run_after=2024-03-18 00:00:00+00:00
[2024-03-18T08:27:40.548+0000] {processor.py:183} INFO - Processing /home/ubuntu/air_venv/lib/python3.10/site-packages/airflow/example_dags/example_task_group_decorator.py took 0.095 seconds
[2024-03-18T08:28:22.241+0000] {processor.py:161} INFO - Started process (PID=15637) to work on /home/ubuntu/air_venv/lib/python3.10/site-packages/airflow/example_dags/example_task_group_decorator.py
[2024-03-18T08:28:22.243+0000] {processor.py:830} INFO - Processing file /home/ubuntu/air_venv/lib/python3.10/site-packages/airflow/example_dags/example_task_group_decorator.py for tasks to queue
[2024-03-18T08:28:22.244+0000] {logging_mixin.py:188} INFO - [2024-03-18T08:28:22.244+0000] {dagbag.py:540} INFO - Filling up the DagBag from /home/ubuntu/air_venv/lib/python3.10/site-packages/airflow/example_dags/example_task_group_decorator.py
[2024-03-18T08:28:22.262+0000] {processor.py:840} INFO - DAG(s) 'example_task_group_decorator' retrieved from /home/ubuntu/air_venv/lib/python3.10/site-packages/airflow/example_dags/example_task_group_decorator.py
[2024-03-18T08:28:22.284+0000] {logging_mixin.py:188} INFO - [2024-03-18T08:28:22.284+0000] {dag.py:3047} INFO - Sync 1 DAGs
[2024-03-18T08:28:22.305+0000] {logging_mixin.py:188} INFO - [2024-03-18T08:28:22.305+0000] {dag.py:3834} INFO - Setting next_dagrun for example_task_group_decorator to 2024-03-17 00:00:00+00:00, run_after=2024-03-18 00:00:00+00:00
[2024-03-18T08:28:22.329+0000] {processor.py:183} INFO - Processing /home/ubuntu/air_venv/lib/python3.10/site-packages/airflow/example_dags/example_task_group_decorator.py took 0.091 seconds
[2024-03-18T08:29:04.872+0000] {processor.py:161} INFO - Started process (PID=15738) to work on /home/ubuntu/air_venv/lib/python3.10/site-packages/airflow/example_dags/example_task_group_decorator.py
[2024-03-18T08:29:04.874+0000] {processor.py:830} INFO - Processing file /home/ubuntu/air_venv/lib/python3.10/site-packages/airflow/example_dags/example_task_group_decorator.py for tasks to queue
[2024-03-18T08:29:04.875+0000] {logging_mixin.py:188} INFO - [2024-03-18T08:29:04.875+0000] {dagbag.py:540} INFO - Filling up the DagBag from /home/ubuntu/air_venv/lib/python3.10/site-packages/airflow/example_dags/example_task_group_decorator.py
[2024-03-18T08:29:04.894+0000] {processor.py:840} INFO - DAG(s) 'example_task_group_decorator' retrieved from /home/ubuntu/air_venv/lib/python3.10/site-packages/airflow/example_dags/example_task_group_decorator.py
[2024-03-18T08:29:04.916+0000] {logging_mixin.py:188} INFO - [2024-03-18T08:29:04.916+0000] {dag.py:3047} INFO - Sync 1 DAGs
[2024-03-18T08:29:04.939+0000] {logging_mixin.py:188} INFO - [2024-03-18T08:29:04.939+0000] {dag.py:3834} INFO - Setting next_dagrun for example_task_group_decorator to 2024-03-17 00:00:00+00:00, run_after=2024-03-18 00:00:00+00:00
[2024-03-18T08:29:04.968+0000] {processor.py:183} INFO - Processing /home/ubuntu/air_venv/lib/python3.10/site-packages/airflow/example_dags/example_task_group_decorator.py took 0.099 seconds
[2024-03-18T08:29:47.210+0000] {processor.py:161} INFO - Started process (PID=15900) to work on /home/ubuntu/air_venv/lib/python3.10/site-packages/airflow/example_dags/example_task_group_decorator.py
[2024-03-18T08:29:47.211+0000] {processor.py:830} INFO - Processing file /home/ubuntu/air_venv/lib/python3.10/site-packages/airflow/example_dags/example_task_group_decorator.py for tasks to queue
[2024-03-18T08:29:47.213+0000] {logging_mixin.py:188} INFO - [2024-03-18T08:29:47.212+0000] {dagbag.py:540} INFO - Filling up the DagBag from /home/ubuntu/air_venv/lib/python3.10/site-packages/airflow/example_dags/example_task_group_decorator.py
[2024-03-18T08:29:47.230+0000] {processor.py:840} INFO - DAG(s) 'example_task_group_decorator' retrieved from /home/ubuntu/air_venv/lib/python3.10/site-packages/airflow/example_dags/example_task_group_decorator.py
[2024-03-18T08:29:47.253+0000] {logging_mixin.py:188} INFO - [2024-03-18T08:29:47.252+0000] {dag.py:3047} INFO - Sync 1 DAGs
[2024-03-18T08:29:47.275+0000] {logging_mixin.py:188} INFO - [2024-03-18T08:29:47.274+0000] {dag.py:3834} INFO - Setting next_dagrun for example_task_group_decorator to 2024-03-17 00:00:00+00:00, run_after=2024-03-18 00:00:00+00:00
[2024-03-18T08:29:47.299+0000] {processor.py:183} INFO - Processing /home/ubuntu/air_venv/lib/python3.10/site-packages/airflow/example_dags/example_task_group_decorator.py took 0.093 seconds
