[2024-03-18T08:00:07.127+0000] {processor.py:161} INFO - Started process (PID=2881) to work on /home/ubuntu/air_venv/lib/python3.10/site-packages/airflow/example_dags/example_params_ui_tutorial.py
[2024-03-18T08:00:07.129+0000] {processor.py:830} INFO - Processing file /home/ubuntu/air_venv/lib/python3.10/site-packages/airflow/example_dags/example_params_ui_tutorial.py for tasks to queue
[2024-03-18T08:00:07.130+0000] {logging_mixin.py:188} INFO - [2024-03-18T08:00:07.130+0000] {dagbag.py:540} INFO - Filling up the DagBag from /home/ubuntu/air_venv/lib/python3.10/site-packages/airflow/example_dags/example_params_ui_tutorial.py
[2024-03-18T08:00:07.292+0000] {processor.py:840} INFO - DAG(s) 'example_params_ui_tutorial' retrieved from /home/ubuntu/air_venv/lib/python3.10/site-packages/airflow/example_dags/example_params_ui_tutorial.py
[2024-03-18T08:00:08.084+0000] {logging_mixin.py:188} INFO - [2024-03-18T08:00:08.083+0000] {override.py:1769} INFO - Created Permission View: can edit on DAG:example_params_ui_tutorial
[2024-03-18T08:00:08.249+0000] {logging_mixin.py:188} INFO - [2024-03-18T08:00:08.248+0000] {override.py:1769} INFO - Created Permission View: can delete on DAG:example_params_ui_tutorial
[2024-03-18T08:00:08.509+0000] {logging_mixin.py:188} INFO - [2024-03-18T08:00:08.509+0000] {override.py:1769} INFO - Created Permission View: can read on DAG:example_params_ui_tutorial
[2024-03-18T08:00:08.510+0000] {logging_mixin.py:188} INFO - [2024-03-18T08:00:08.510+0000] {dag.py:3047} INFO - Sync 1 DAGs
[2024-03-18T08:00:08.817+0000] {logging_mixin.py:188} INFO - [2024-03-18T08:00:08.816+0000] {dag.py:3069} INFO - Creating ORM DAG for example_params_ui_tutorial
[2024-03-18T08:00:08.856+0000] {logging_mixin.py:188} INFO - [2024-03-18T08:00:08.856+0000] {dag.py:3834} INFO - Setting next_dagrun for example_params_ui_tutorial to None, run_after=None
[2024-03-18T08:00:09.094+0000] {processor.py:183} INFO - Processing /home/ubuntu/air_venv/lib/python3.10/site-packages/airflow/example_dags/example_params_ui_tutorial.py took 1.992 seconds
[2024-03-18T08:01:09.082+0000] {processor.py:161} INFO - Started process (PID=3330) to work on /home/ubuntu/air_venv/lib/python3.10/site-packages/airflow/example_dags/example_params_ui_tutorial.py
[2024-03-18T08:01:09.084+0000] {processor.py:830} INFO - Processing file /home/ubuntu/air_venv/lib/python3.10/site-packages/airflow/example_dags/example_params_ui_tutorial.py for tasks to queue
[2024-03-18T08:01:09.085+0000] {logging_mixin.py:188} INFO - [2024-03-18T08:01:09.085+0000] {dagbag.py:540} INFO - Filling up the DagBag from /home/ubuntu/air_venv/lib/python3.10/site-packages/airflow/example_dags/example_params_ui_tutorial.py
[2024-03-18T08:01:09.099+0000] {processor.py:840} INFO - DAG(s) 'example_params_ui_tutorial' retrieved from /home/ubuntu/air_venv/lib/python3.10/site-packages/airflow/example_dags/example_params_ui_tutorial.py
[2024-03-18T08:01:09.151+0000] {logging_mixin.py:188} INFO - [2024-03-18T08:01:09.151+0000] {dag.py:3047} INFO - Sync 1 DAGs
[2024-03-18T08:01:09.163+0000] {logging_mixin.py:188} INFO - [2024-03-18T08:01:09.163+0000] {dag.py:3834} INFO - Setting next_dagrun for example_params_ui_tutorial to None, run_after=None
[2024-03-18T08:01:09.188+0000] {processor.py:183} INFO - Processing /home/ubuntu/air_venv/lib/python3.10/site-packages/airflow/example_dags/example_params_ui_tutorial.py took 0.110 seconds
[2024-03-18T08:02:00.571+0000] {processor.py:161} INFO - Started process (PID=3922) to work on /home/ubuntu/air_venv/lib/python3.10/site-packages/airflow/example_dags/example_params_ui_tutorial.py
[2024-03-18T08:02:00.573+0000] {processor.py:830} INFO - Processing file /home/ubuntu/air_venv/lib/python3.10/site-packages/airflow/example_dags/example_params_ui_tutorial.py for tasks to queue
[2024-03-18T08:02:00.574+0000] {logging_mixin.py:188} INFO - [2024-03-18T08:02:00.573+0000] {dagbag.py:540} INFO - Filling up the DagBag from /home/ubuntu/air_venv/lib/python3.10/site-packages/airflow/example_dags/example_params_ui_tutorial.py
[2024-03-18T08:02:00.587+0000] {processor.py:840} INFO - DAG(s) 'example_params_ui_tutorial' retrieved from /home/ubuntu/air_venv/lib/python3.10/site-packages/airflow/example_dags/example_params_ui_tutorial.py
[2024-03-18T08:02:00.639+0000] {logging_mixin.py:188} INFO - [2024-03-18T08:02:00.638+0000] {dag.py:3047} INFO - Sync 1 DAGs
[2024-03-18T08:02:00.788+0000] {logging_mixin.py:188} INFO - [2024-03-18T08:02:00.788+0000] {dag.py:3834} INFO - Setting next_dagrun for example_params_ui_tutorial to None, run_after=None
[2024-03-18T08:02:00.813+0000] {processor.py:183} INFO - Processing /home/ubuntu/air_venv/lib/python3.10/site-packages/airflow/example_dags/example_params_ui_tutorial.py took 0.246 seconds
[2024-03-18T08:02:59.576+0000] {processor.py:161} INFO - Started process (PID=4453) to work on /home/ubuntu/air_venv/lib/python3.10/site-packages/airflow/example_dags/example_params_ui_tutorial.py
[2024-03-18T08:02:59.578+0000] {processor.py:830} INFO - Processing file /home/ubuntu/air_venv/lib/python3.10/site-packages/airflow/example_dags/example_params_ui_tutorial.py for tasks to queue
[2024-03-18T08:02:59.580+0000] {logging_mixin.py:188} INFO - [2024-03-18T08:02:59.579+0000] {dagbag.py:540} INFO - Filling up the DagBag from /home/ubuntu/air_venv/lib/python3.10/site-packages/airflow/example_dags/example_params_ui_tutorial.py
[2024-03-18T08:02:59.594+0000] {processor.py:840} INFO - DAG(s) 'example_params_ui_tutorial' retrieved from /home/ubuntu/air_venv/lib/python3.10/site-packages/airflow/example_dags/example_params_ui_tutorial.py
[2024-03-18T08:02:59.646+0000] {logging_mixin.py:188} INFO - [2024-03-18T08:02:59.646+0000] {dag.py:3047} INFO - Sync 1 DAGs
[2024-03-18T08:02:59.659+0000] {logging_mixin.py:188} INFO - [2024-03-18T08:02:59.658+0000] {dag.py:3834} INFO - Setting next_dagrun for example_params_ui_tutorial to None, run_after=None
[2024-03-18T08:02:59.684+0000] {processor.py:183} INFO - Processing /home/ubuntu/air_venv/lib/python3.10/site-packages/airflow/example_dags/example_params_ui_tutorial.py took 0.111 seconds
[2024-03-18T08:03:44.936+0000] {processor.py:161} INFO - Started process (PID=4618) to work on /home/ubuntu/air_venv/lib/python3.10/site-packages/airflow/example_dags/example_params_ui_tutorial.py
[2024-03-18T08:03:44.938+0000] {processor.py:830} INFO - Processing file /home/ubuntu/air_venv/lib/python3.10/site-packages/airflow/example_dags/example_params_ui_tutorial.py for tasks to queue
[2024-03-18T08:03:44.939+0000] {logging_mixin.py:188} INFO - [2024-03-18T08:03:44.939+0000] {dagbag.py:540} INFO - Filling up the DagBag from /home/ubuntu/air_venv/lib/python3.10/site-packages/airflow/example_dags/example_params_ui_tutorial.py
[2024-03-18T08:03:44.954+0000] {processor.py:840} INFO - DAG(s) 'example_params_ui_tutorial' retrieved from /home/ubuntu/air_venv/lib/python3.10/site-packages/airflow/example_dags/example_params_ui_tutorial.py
[2024-03-18T08:03:45.008+0000] {logging_mixin.py:188} INFO - [2024-03-18T08:03:45.008+0000] {dag.py:3047} INFO - Sync 1 DAGs
[2024-03-18T08:03:45.022+0000] {logging_mixin.py:188} INFO - [2024-03-18T08:03:45.022+0000] {dag.py:3834} INFO - Setting next_dagrun for example_params_ui_tutorial to None, run_after=None
[2024-03-18T08:03:45.049+0000] {processor.py:183} INFO - Processing /home/ubuntu/air_venv/lib/python3.10/site-packages/airflow/example_dags/example_params_ui_tutorial.py took 0.116 seconds
[2024-03-18T08:04:33.797+0000] {processor.py:161} INFO - Started process (PID=5091) to work on /home/ubuntu/air_venv/lib/python3.10/site-packages/airflow/example_dags/example_params_ui_tutorial.py
[2024-03-18T08:04:33.798+0000] {processor.py:830} INFO - Processing file /home/ubuntu/air_venv/lib/python3.10/site-packages/airflow/example_dags/example_params_ui_tutorial.py for tasks to queue
[2024-03-18T08:04:33.800+0000] {logging_mixin.py:188} INFO - [2024-03-18T08:04:33.799+0000] {dagbag.py:540} INFO - Filling up the DagBag from /home/ubuntu/air_venv/lib/python3.10/site-packages/airflow/example_dags/example_params_ui_tutorial.py
[2024-03-18T08:04:33.814+0000] {processor.py:840} INFO - DAG(s) 'example_params_ui_tutorial' retrieved from /home/ubuntu/air_venv/lib/python3.10/site-packages/airflow/example_dags/example_params_ui_tutorial.py
[2024-03-18T08:04:33.868+0000] {logging_mixin.py:188} INFO - [2024-03-18T08:04:33.868+0000] {dag.py:3047} INFO - Sync 1 DAGs
[2024-03-18T08:04:33.882+0000] {logging_mixin.py:188} INFO - [2024-03-18T08:04:33.881+0000] {dag.py:3834} INFO - Setting next_dagrun for example_params_ui_tutorial to None, run_after=None
[2024-03-18T08:04:33.908+0000] {processor.py:183} INFO - Processing /home/ubuntu/air_venv/lib/python3.10/site-packages/airflow/example_dags/example_params_ui_tutorial.py took 0.115 seconds
[2024-03-18T08:05:26.956+0000] {processor.py:161} INFO - Started process (PID=5562) to work on /home/ubuntu/air_venv/lib/python3.10/site-packages/airflow/example_dags/example_params_ui_tutorial.py
[2024-03-18T08:05:26.963+0000] {processor.py:830} INFO - Processing file /home/ubuntu/air_venv/lib/python3.10/site-packages/airflow/example_dags/example_params_ui_tutorial.py for tasks to queue
[2024-03-18T08:05:26.964+0000] {logging_mixin.py:188} INFO - [2024-03-18T08:05:26.964+0000] {dagbag.py:540} INFO - Filling up the DagBag from /home/ubuntu/air_venv/lib/python3.10/site-packages/airflow/example_dags/example_params_ui_tutorial.py
[2024-03-18T08:05:26.989+0000] {processor.py:840} INFO - DAG(s) 'example_params_ui_tutorial' retrieved from /home/ubuntu/air_venv/lib/python3.10/site-packages/airflow/example_dags/example_params_ui_tutorial.py
[2024-03-18T08:05:27.051+0000] {logging_mixin.py:188} INFO - [2024-03-18T08:05:27.050+0000] {dag.py:3047} INFO - Sync 1 DAGs
[2024-03-18T08:05:27.064+0000] {logging_mixin.py:188} INFO - [2024-03-18T08:05:27.064+0000] {dag.py:3834} INFO - Setting next_dagrun for example_params_ui_tutorial to None, run_after=None
[2024-03-18T08:05:27.091+0000] {processor.py:183} INFO - Processing /home/ubuntu/air_venv/lib/python3.10/site-packages/airflow/example_dags/example_params_ui_tutorial.py took 0.139 seconds
[2024-03-18T08:06:22.108+0000] {processor.py:161} INFO - Started process (PID=6219) to work on /home/ubuntu/air_venv/lib/python3.10/site-packages/airflow/example_dags/example_params_ui_tutorial.py
[2024-03-18T08:06:22.110+0000] {processor.py:830} INFO - Processing file /home/ubuntu/air_venv/lib/python3.10/site-packages/airflow/example_dags/example_params_ui_tutorial.py for tasks to queue
[2024-03-18T08:06:22.111+0000] {logging_mixin.py:188} INFO - [2024-03-18T08:06:22.111+0000] {dagbag.py:540} INFO - Filling up the DagBag from /home/ubuntu/air_venv/lib/python3.10/site-packages/airflow/example_dags/example_params_ui_tutorial.py
[2024-03-18T08:06:22.126+0000] {processor.py:840} INFO - DAG(s) 'example_params_ui_tutorial' retrieved from /home/ubuntu/air_venv/lib/python3.10/site-packages/airflow/example_dags/example_params_ui_tutorial.py
[2024-03-18T08:06:22.196+0000] {logging_mixin.py:188} INFO - [2024-03-18T08:06:22.196+0000] {dag.py:3047} INFO - Sync 1 DAGs
[2024-03-18T08:06:22.210+0000] {logging_mixin.py:188} INFO - [2024-03-18T08:06:22.209+0000] {dag.py:3834} INFO - Setting next_dagrun for example_params_ui_tutorial to None, run_after=None
[2024-03-18T08:06:22.234+0000] {processor.py:183} INFO - Processing /home/ubuntu/air_venv/lib/python3.10/site-packages/airflow/example_dags/example_params_ui_tutorial.py took 0.131 seconds
[2024-03-18T08:07:23.797+0000] {processor.py:161} INFO - Started process (PID=7028) to work on /home/ubuntu/air_venv/lib/python3.10/site-packages/airflow/example_dags/example_params_ui_tutorial.py
[2024-03-18T08:07:23.799+0000] {processor.py:830} INFO - Processing file /home/ubuntu/air_venv/lib/python3.10/site-packages/airflow/example_dags/example_params_ui_tutorial.py for tasks to queue
[2024-03-18T08:07:23.800+0000] {logging_mixin.py:188} INFO - [2024-03-18T08:07:23.800+0000] {dagbag.py:540} INFO - Filling up the DagBag from /home/ubuntu/air_venv/lib/python3.10/site-packages/airflow/example_dags/example_params_ui_tutorial.py
[2024-03-18T08:07:23.814+0000] {processor.py:840} INFO - DAG(s) 'example_params_ui_tutorial' retrieved from /home/ubuntu/air_venv/lib/python3.10/site-packages/airflow/example_dags/example_params_ui_tutorial.py
[2024-03-18T08:07:23.867+0000] {logging_mixin.py:188} INFO - [2024-03-18T08:07:23.867+0000] {dag.py:3047} INFO - Sync 1 DAGs
[2024-03-18T08:07:23.880+0000] {logging_mixin.py:188} INFO - [2024-03-18T08:07:23.880+0000] {dag.py:3834} INFO - Setting next_dagrun for example_params_ui_tutorial to None, run_after=None
[2024-03-18T08:07:23.906+0000] {processor.py:183} INFO - Processing /home/ubuntu/air_venv/lib/python3.10/site-packages/airflow/example_dags/example_params_ui_tutorial.py took 0.113 seconds
[2024-03-18T08:08:17.126+0000] {processor.py:161} INFO - Started process (PID=7234) to work on /home/ubuntu/air_venv/lib/python3.10/site-packages/airflow/example_dags/example_params_ui_tutorial.py
[2024-03-18T08:08:17.128+0000] {processor.py:830} INFO - Processing file /home/ubuntu/air_venv/lib/python3.10/site-packages/airflow/example_dags/example_params_ui_tutorial.py for tasks to queue
[2024-03-18T08:08:17.129+0000] {logging_mixin.py:188} INFO - [2024-03-18T08:08:17.129+0000] {dagbag.py:540} INFO - Filling up the DagBag from /home/ubuntu/air_venv/lib/python3.10/site-packages/airflow/example_dags/example_params_ui_tutorial.py
[2024-03-18T08:08:17.143+0000] {processor.py:840} INFO - DAG(s) 'example_params_ui_tutorial' retrieved from /home/ubuntu/air_venv/lib/python3.10/site-packages/airflow/example_dags/example_params_ui_tutorial.py
[2024-03-18T08:08:17.197+0000] {logging_mixin.py:188} INFO - [2024-03-18T08:08:17.196+0000] {dag.py:3047} INFO - Sync 1 DAGs
[2024-03-18T08:08:17.209+0000] {logging_mixin.py:188} INFO - [2024-03-18T08:08:17.209+0000] {dag.py:3834} INFO - Setting next_dagrun for example_params_ui_tutorial to None, run_after=None
[2024-03-18T08:08:17.234+0000] {processor.py:183} INFO - Processing /home/ubuntu/air_venv/lib/python3.10/site-packages/airflow/example_dags/example_params_ui_tutorial.py took 0.111 seconds
[2024-03-18T08:09:05.964+0000] {processor.py:161} INFO - Started process (PID=7589) to work on /home/ubuntu/air_venv/lib/python3.10/site-packages/airflow/example_dags/example_params_ui_tutorial.py
[2024-03-18T08:09:05.967+0000] {processor.py:830} INFO - Processing file /home/ubuntu/air_venv/lib/python3.10/site-packages/airflow/example_dags/example_params_ui_tutorial.py for tasks to queue
[2024-03-18T08:09:05.968+0000] {logging_mixin.py:188} INFO - [2024-03-18T08:09:05.967+0000] {dagbag.py:540} INFO - Filling up the DagBag from /home/ubuntu/air_venv/lib/python3.10/site-packages/airflow/example_dags/example_params_ui_tutorial.py
[2024-03-18T08:09:05.982+0000] {processor.py:840} INFO - DAG(s) 'example_params_ui_tutorial' retrieved from /home/ubuntu/air_venv/lib/python3.10/site-packages/airflow/example_dags/example_params_ui_tutorial.py
[2024-03-18T08:09:06.054+0000] {logging_mixin.py:188} INFO - [2024-03-18T08:09:06.054+0000] {dag.py:3047} INFO - Sync 1 DAGs
[2024-03-18T08:09:06.067+0000] {logging_mixin.py:188} INFO - [2024-03-18T08:09:06.067+0000] {dag.py:3834} INFO - Setting next_dagrun for example_params_ui_tutorial to None, run_after=None
[2024-03-18T08:09:06.098+0000] {processor.py:183} INFO - Processing /home/ubuntu/air_venv/lib/python3.10/site-packages/airflow/example_dags/example_params_ui_tutorial.py took 0.137 seconds
[2024-03-18T08:09:47.685+0000] {processor.py:161} INFO - Started process (PID=7995) to work on /home/ubuntu/air_venv/lib/python3.10/site-packages/airflow/example_dags/example_params_ui_tutorial.py
[2024-03-18T08:09:47.687+0000] {processor.py:830} INFO - Processing file /home/ubuntu/air_venv/lib/python3.10/site-packages/airflow/example_dags/example_params_ui_tutorial.py for tasks to queue
[2024-03-18T08:09:47.688+0000] {logging_mixin.py:188} INFO - [2024-03-18T08:09:47.688+0000] {dagbag.py:540} INFO - Filling up the DagBag from /home/ubuntu/air_venv/lib/python3.10/site-packages/airflow/example_dags/example_params_ui_tutorial.py
[2024-03-18T08:09:47.703+0000] {processor.py:840} INFO - DAG(s) 'example_params_ui_tutorial' retrieved from /home/ubuntu/air_venv/lib/python3.10/site-packages/airflow/example_dags/example_params_ui_tutorial.py
[2024-03-18T08:09:47.758+0000] {logging_mixin.py:188} INFO - [2024-03-18T08:09:47.758+0000] {dag.py:3047} INFO - Sync 1 DAGs
[2024-03-18T08:09:47.771+0000] {logging_mixin.py:188} INFO - [2024-03-18T08:09:47.771+0000] {dag.py:3834} INFO - Setting next_dagrun for example_params_ui_tutorial to None, run_after=None
[2024-03-18T08:09:47.818+0000] {processor.py:183} INFO - Processing /home/ubuntu/air_venv/lib/python3.10/site-packages/airflow/example_dags/example_params_ui_tutorial.py took 0.136 seconds
[2024-03-18T08:10:28.910+0000] {processor.py:161} INFO - Started process (PID=8275) to work on /home/ubuntu/air_venv/lib/python3.10/site-packages/airflow/example_dags/example_params_ui_tutorial.py
[2024-03-18T08:10:28.911+0000] {processor.py:830} INFO - Processing file /home/ubuntu/air_venv/lib/python3.10/site-packages/airflow/example_dags/example_params_ui_tutorial.py for tasks to queue
[2024-03-18T08:10:28.913+0000] {logging_mixin.py:188} INFO - [2024-03-18T08:10:28.912+0000] {dagbag.py:540} INFO - Filling up the DagBag from /home/ubuntu/air_venv/lib/python3.10/site-packages/airflow/example_dags/example_params_ui_tutorial.py
[2024-03-18T08:10:28.927+0000] {processor.py:840} INFO - DAG(s) 'example_params_ui_tutorial' retrieved from /home/ubuntu/air_venv/lib/python3.10/site-packages/airflow/example_dags/example_params_ui_tutorial.py
[2024-03-18T08:10:28.980+0000] {logging_mixin.py:188} INFO - [2024-03-18T08:10:28.980+0000] {dag.py:3047} INFO - Sync 1 DAGs
[2024-03-18T08:10:28.994+0000] {logging_mixin.py:188} INFO - [2024-03-18T08:10:28.994+0000] {dag.py:3834} INFO - Setting next_dagrun for example_params_ui_tutorial to None, run_after=None
[2024-03-18T08:10:29.019+0000] {processor.py:183} INFO - Processing /home/ubuntu/air_venv/lib/python3.10/site-packages/airflow/example_dags/example_params_ui_tutorial.py took 0.113 seconds
[2024-03-18T08:11:31.007+0000] {processor.py:161} INFO - Started process (PID=8817) to work on /home/ubuntu/air_venv/lib/python3.10/site-packages/airflow/example_dags/example_params_ui_tutorial.py
[2024-03-18T08:11:31.009+0000] {processor.py:830} INFO - Processing file /home/ubuntu/air_venv/lib/python3.10/site-packages/airflow/example_dags/example_params_ui_tutorial.py for tasks to queue
[2024-03-18T08:11:31.011+0000] {logging_mixin.py:188} INFO - [2024-03-18T08:11:31.010+0000] {dagbag.py:540} INFO - Filling up the DagBag from /home/ubuntu/air_venv/lib/python3.10/site-packages/airflow/example_dags/example_params_ui_tutorial.py
[2024-03-18T08:11:31.025+0000] {processor.py:840} INFO - DAG(s) 'example_params_ui_tutorial' retrieved from /home/ubuntu/air_venv/lib/python3.10/site-packages/airflow/example_dags/example_params_ui_tutorial.py
[2024-03-18T08:11:31.078+0000] {logging_mixin.py:188} INFO - [2024-03-18T08:11:31.078+0000] {dag.py:3047} INFO - Sync 1 DAGs
[2024-03-18T08:11:31.091+0000] {logging_mixin.py:188} INFO - [2024-03-18T08:11:31.090+0000] {dag.py:3834} INFO - Setting next_dagrun for example_params_ui_tutorial to None, run_after=None
[2024-03-18T08:11:31.116+0000] {processor.py:183} INFO - Processing /home/ubuntu/air_venv/lib/python3.10/site-packages/airflow/example_dags/example_params_ui_tutorial.py took 0.112 seconds
[2024-03-18T08:12:31.029+0000] {processor.py:161} INFO - Started process (PID=9179) to work on /home/ubuntu/air_venv/lib/python3.10/site-packages/airflow/example_dags/example_params_ui_tutorial.py
[2024-03-18T08:12:31.030+0000] {processor.py:830} INFO - Processing file /home/ubuntu/air_venv/lib/python3.10/site-packages/airflow/example_dags/example_params_ui_tutorial.py for tasks to queue
[2024-03-18T08:12:31.031+0000] {logging_mixin.py:188} INFO - [2024-03-18T08:12:31.031+0000] {dagbag.py:540} INFO - Filling up the DagBag from /home/ubuntu/air_venv/lib/python3.10/site-packages/airflow/example_dags/example_params_ui_tutorial.py
[2024-03-18T08:12:31.045+0000] {processor.py:840} INFO - DAG(s) 'example_params_ui_tutorial' retrieved from /home/ubuntu/air_venv/lib/python3.10/site-packages/airflow/example_dags/example_params_ui_tutorial.py
[2024-03-18T08:12:31.098+0000] {logging_mixin.py:188} INFO - [2024-03-18T08:12:31.098+0000] {dag.py:3047} INFO - Sync 1 DAGs
[2024-03-18T08:12:31.112+0000] {logging_mixin.py:188} INFO - [2024-03-18T08:12:31.112+0000] {dag.py:3834} INFO - Setting next_dagrun for example_params_ui_tutorial to None, run_after=None
[2024-03-18T08:12:31.143+0000] {processor.py:183} INFO - Processing /home/ubuntu/air_venv/lib/python3.10/site-packages/airflow/example_dags/example_params_ui_tutorial.py took 0.118 seconds
[2024-03-18T08:13:17.000+0000] {processor.py:161} INFO - Started process (PID=9463) to work on /home/ubuntu/air_venv/lib/python3.10/site-packages/airflow/example_dags/example_params_ui_tutorial.py
[2024-03-18T08:13:17.002+0000] {processor.py:830} INFO - Processing file /home/ubuntu/air_venv/lib/python3.10/site-packages/airflow/example_dags/example_params_ui_tutorial.py for tasks to queue
[2024-03-18T08:13:17.003+0000] {logging_mixin.py:188} INFO - [2024-03-18T08:13:17.003+0000] {dagbag.py:540} INFO - Filling up the DagBag from /home/ubuntu/air_venv/lib/python3.10/site-packages/airflow/example_dags/example_params_ui_tutorial.py
[2024-03-18T08:13:17.017+0000] {processor.py:840} INFO - DAG(s) 'example_params_ui_tutorial' retrieved from /home/ubuntu/air_venv/lib/python3.10/site-packages/airflow/example_dags/example_params_ui_tutorial.py
[2024-03-18T08:13:17.072+0000] {logging_mixin.py:188} INFO - [2024-03-18T08:13:17.072+0000] {dag.py:3047} INFO - Sync 1 DAGs
[2024-03-18T08:13:17.086+0000] {logging_mixin.py:188} INFO - [2024-03-18T08:13:17.086+0000] {dag.py:3834} INFO - Setting next_dagrun for example_params_ui_tutorial to None, run_after=None
[2024-03-18T08:13:17.114+0000] {processor.py:183} INFO - Processing /home/ubuntu/air_venv/lib/python3.10/site-packages/airflow/example_dags/example_params_ui_tutorial.py took 0.117 seconds
[2024-03-18T08:13:57.488+0000] {processor.py:161} INFO - Started process (PID=9627) to work on /home/ubuntu/air_venv/lib/python3.10/site-packages/airflow/example_dags/example_params_ui_tutorial.py
[2024-03-18T08:13:57.490+0000] {processor.py:830} INFO - Processing file /home/ubuntu/air_venv/lib/python3.10/site-packages/airflow/example_dags/example_params_ui_tutorial.py for tasks to queue
[2024-03-18T08:13:57.491+0000] {logging_mixin.py:188} INFO - [2024-03-18T08:13:57.490+0000] {dagbag.py:540} INFO - Filling up the DagBag from /home/ubuntu/air_venv/lib/python3.10/site-packages/airflow/example_dags/example_params_ui_tutorial.py
[2024-03-18T08:13:57.505+0000] {processor.py:840} INFO - DAG(s) 'example_params_ui_tutorial' retrieved from /home/ubuntu/air_venv/lib/python3.10/site-packages/airflow/example_dags/example_params_ui_tutorial.py
[2024-03-18T08:13:57.561+0000] {logging_mixin.py:188} INFO - [2024-03-18T08:13:57.561+0000] {dag.py:3047} INFO - Sync 1 DAGs
[2024-03-18T08:13:57.574+0000] {logging_mixin.py:188} INFO - [2024-03-18T08:13:57.574+0000] {dag.py:3834} INFO - Setting next_dagrun for example_params_ui_tutorial to None, run_after=None
[2024-03-18T08:13:57.599+0000] {processor.py:183} INFO - Processing /home/ubuntu/air_venv/lib/python3.10/site-packages/airflow/example_dags/example_params_ui_tutorial.py took 0.115 seconds
[2024-03-18T08:15:33.016+0000] {processor.py:161} INFO - Started process (PID=10505) to work on /home/ubuntu/air_venv/lib/python3.10/site-packages/airflow/example_dags/example_params_ui_tutorial.py
[2024-03-18T08:15:33.018+0000] {processor.py:830} INFO - Processing file /home/ubuntu/air_venv/lib/python3.10/site-packages/airflow/example_dags/example_params_ui_tutorial.py for tasks to queue
[2024-03-18T08:15:33.019+0000] {logging_mixin.py:188} INFO - [2024-03-18T08:15:33.019+0000] {dagbag.py:540} INFO - Filling up the DagBag from /home/ubuntu/air_venv/lib/python3.10/site-packages/airflow/example_dags/example_params_ui_tutorial.py
[2024-03-18T08:15:33.033+0000] {processor.py:840} INFO - DAG(s) 'example_params_ui_tutorial' retrieved from /home/ubuntu/air_venv/lib/python3.10/site-packages/airflow/example_dags/example_params_ui_tutorial.py
[2024-03-18T08:15:33.086+0000] {logging_mixin.py:188} INFO - [2024-03-18T08:15:33.086+0000] {dag.py:3047} INFO - Sync 1 DAGs
[2024-03-18T08:15:33.098+0000] {logging_mixin.py:188} INFO - [2024-03-18T08:15:33.098+0000] {dag.py:3834} INFO - Setting next_dagrun for example_params_ui_tutorial to None, run_after=None
[2024-03-18T08:15:33.127+0000] {processor.py:183} INFO - Processing /home/ubuntu/air_venv/lib/python3.10/site-packages/airflow/example_dags/example_params_ui_tutorial.py took 0.114 seconds
[2024-03-18T08:16:25.205+0000] {processor.py:161} INFO - Started process (PID=11121) to work on /home/ubuntu/air_venv/lib/python3.10/site-packages/airflow/example_dags/example_params_ui_tutorial.py
[2024-03-18T08:16:25.206+0000] {processor.py:830} INFO - Processing file /home/ubuntu/air_venv/lib/python3.10/site-packages/airflow/example_dags/example_params_ui_tutorial.py for tasks to queue
[2024-03-18T08:16:25.208+0000] {logging_mixin.py:188} INFO - [2024-03-18T08:16:25.207+0000] {dagbag.py:540} INFO - Filling up the DagBag from /home/ubuntu/air_venv/lib/python3.10/site-packages/airflow/example_dags/example_params_ui_tutorial.py
[2024-03-18T08:16:25.222+0000] {processor.py:840} INFO - DAG(s) 'example_params_ui_tutorial' retrieved from /home/ubuntu/air_venv/lib/python3.10/site-packages/airflow/example_dags/example_params_ui_tutorial.py
[2024-03-18T08:16:25.277+0000] {logging_mixin.py:188} INFO - [2024-03-18T08:16:25.277+0000] {dag.py:3047} INFO - Sync 1 DAGs
[2024-03-18T08:16:25.291+0000] {logging_mixin.py:188} INFO - [2024-03-18T08:16:25.291+0000] {dag.py:3834} INFO - Setting next_dagrun for example_params_ui_tutorial to None, run_after=None
[2024-03-18T08:16:25.317+0000] {processor.py:183} INFO - Processing /home/ubuntu/air_venv/lib/python3.10/site-packages/airflow/example_dags/example_params_ui_tutorial.py took 0.116 seconds
[2024-03-18T08:17:15.631+0000] {processor.py:161} INFO - Started process (PID=11807) to work on /home/ubuntu/air_venv/lib/python3.10/site-packages/airflow/example_dags/example_params_ui_tutorial.py
[2024-03-18T08:17:15.633+0000] {processor.py:830} INFO - Processing file /home/ubuntu/air_venv/lib/python3.10/site-packages/airflow/example_dags/example_params_ui_tutorial.py for tasks to queue
[2024-03-18T08:17:15.634+0000] {logging_mixin.py:188} INFO - [2024-03-18T08:17:15.634+0000] {dagbag.py:540} INFO - Filling up the DagBag from /home/ubuntu/air_venv/lib/python3.10/site-packages/airflow/example_dags/example_params_ui_tutorial.py
[2024-03-18T08:17:15.649+0000] {processor.py:840} INFO - DAG(s) 'example_params_ui_tutorial' retrieved from /home/ubuntu/air_venv/lib/python3.10/site-packages/airflow/example_dags/example_params_ui_tutorial.py
[2024-03-18T08:17:15.702+0000] {logging_mixin.py:188} INFO - [2024-03-18T08:17:15.702+0000] {dag.py:3047} INFO - Sync 1 DAGs
[2024-03-18T08:17:15.715+0000] {logging_mixin.py:188} INFO - [2024-03-18T08:17:15.714+0000] {dag.py:3834} INFO - Setting next_dagrun for example_params_ui_tutorial to None, run_after=None
[2024-03-18T08:17:15.738+0000] {processor.py:183} INFO - Processing /home/ubuntu/air_venv/lib/python3.10/site-packages/airflow/example_dags/example_params_ui_tutorial.py took 0.110 seconds
[2024-03-18T08:18:19.826+0000] {processor.py:161} INFO - Started process (PID=12471) to work on /home/ubuntu/air_venv/lib/python3.10/site-packages/airflow/example_dags/example_params_ui_tutorial.py
[2024-03-18T08:18:19.828+0000] {processor.py:830} INFO - Processing file /home/ubuntu/air_venv/lib/python3.10/site-packages/airflow/example_dags/example_params_ui_tutorial.py for tasks to queue
[2024-03-18T08:18:19.830+0000] {logging_mixin.py:188} INFO - [2024-03-18T08:18:19.829+0000] {dagbag.py:540} INFO - Filling up the DagBag from /home/ubuntu/air_venv/lib/python3.10/site-packages/airflow/example_dags/example_params_ui_tutorial.py
[2024-03-18T08:18:19.843+0000] {processor.py:840} INFO - DAG(s) 'example_params_ui_tutorial' retrieved from /home/ubuntu/air_venv/lib/python3.10/site-packages/airflow/example_dags/example_params_ui_tutorial.py
[2024-03-18T08:18:19.911+0000] {logging_mixin.py:188} INFO - [2024-03-18T08:18:19.910+0000] {dag.py:3047} INFO - Sync 1 DAGs
[2024-03-18T08:18:19.924+0000] {logging_mixin.py:188} INFO - [2024-03-18T08:18:19.923+0000] {dag.py:3834} INFO - Setting next_dagrun for example_params_ui_tutorial to None, run_after=None
[2024-03-18T08:18:19.952+0000] {processor.py:183} INFO - Processing /home/ubuntu/air_venv/lib/python3.10/site-packages/airflow/example_dags/example_params_ui_tutorial.py took 0.130 seconds
[2024-03-18T08:19:12.662+0000] {processor.py:161} INFO - Started process (PID=12701) to work on /home/ubuntu/air_venv/lib/python3.10/site-packages/airflow/example_dags/example_params_ui_tutorial.py
[2024-03-18T08:19:12.664+0000] {processor.py:830} INFO - Processing file /home/ubuntu/air_venv/lib/python3.10/site-packages/airflow/example_dags/example_params_ui_tutorial.py for tasks to queue
[2024-03-18T08:19:12.665+0000] {logging_mixin.py:188} INFO - [2024-03-18T08:19:12.665+0000] {dagbag.py:540} INFO - Filling up the DagBag from /home/ubuntu/air_venv/lib/python3.10/site-packages/airflow/example_dags/example_params_ui_tutorial.py
[2024-03-18T08:19:12.680+0000] {processor.py:840} INFO - DAG(s) 'example_params_ui_tutorial' retrieved from /home/ubuntu/air_venv/lib/python3.10/site-packages/airflow/example_dags/example_params_ui_tutorial.py
[2024-03-18T08:19:12.740+0000] {logging_mixin.py:188} INFO - [2024-03-18T08:19:12.740+0000] {dag.py:3047} INFO - Sync 1 DAGs
[2024-03-18T08:19:12.754+0000] {logging_mixin.py:188} INFO - [2024-03-18T08:19:12.753+0000] {dag.py:3834} INFO - Setting next_dagrun for example_params_ui_tutorial to None, run_after=None
[2024-03-18T08:19:12.782+0000] {processor.py:183} INFO - Processing /home/ubuntu/air_venv/lib/python3.10/site-packages/airflow/example_dags/example_params_ui_tutorial.py took 0.123 seconds
[2024-03-18T08:20:08.681+0000] {processor.py:161} INFO - Started process (PID=13175) to work on /home/ubuntu/air_venv/lib/python3.10/site-packages/airflow/example_dags/example_params_ui_tutorial.py
[2024-03-18T08:20:08.683+0000] {processor.py:830} INFO - Processing file /home/ubuntu/air_venv/lib/python3.10/site-packages/airflow/example_dags/example_params_ui_tutorial.py for tasks to queue
[2024-03-18T08:20:08.684+0000] {logging_mixin.py:188} INFO - [2024-03-18T08:20:08.684+0000] {dagbag.py:540} INFO - Filling up the DagBag from /home/ubuntu/air_venv/lib/python3.10/site-packages/airflow/example_dags/example_params_ui_tutorial.py
[2024-03-18T08:20:08.698+0000] {processor.py:840} INFO - DAG(s) 'example_params_ui_tutorial' retrieved from /home/ubuntu/air_venv/lib/python3.10/site-packages/airflow/example_dags/example_params_ui_tutorial.py
[2024-03-18T08:20:08.752+0000] {logging_mixin.py:188} INFO - [2024-03-18T08:20:08.752+0000] {dag.py:3047} INFO - Sync 1 DAGs
[2024-03-18T08:20:08.766+0000] {logging_mixin.py:188} INFO - [2024-03-18T08:20:08.766+0000] {dag.py:3834} INFO - Setting next_dagrun for example_params_ui_tutorial to None, run_after=None
[2024-03-18T08:20:08.794+0000] {processor.py:183} INFO - Processing /home/ubuntu/air_venv/lib/python3.10/site-packages/airflow/example_dags/example_params_ui_tutorial.py took 0.117 seconds
[2024-03-18T08:21:09.958+0000] {processor.py:161} INFO - Started process (PID=13533) to work on /home/ubuntu/air_venv/lib/python3.10/site-packages/airflow/example_dags/example_params_ui_tutorial.py
[2024-03-18T08:21:09.960+0000] {processor.py:830} INFO - Processing file /home/ubuntu/air_venv/lib/python3.10/site-packages/airflow/example_dags/example_params_ui_tutorial.py for tasks to queue
[2024-03-18T08:21:09.961+0000] {logging_mixin.py:188} INFO - [2024-03-18T08:21:09.960+0000] {dagbag.py:540} INFO - Filling up the DagBag from /home/ubuntu/air_venv/lib/python3.10/site-packages/airflow/example_dags/example_params_ui_tutorial.py
[2024-03-18T08:21:09.974+0000] {processor.py:840} INFO - DAG(s) 'example_params_ui_tutorial' retrieved from /home/ubuntu/air_venv/lib/python3.10/site-packages/airflow/example_dags/example_params_ui_tutorial.py
[2024-03-18T08:21:10.028+0000] {logging_mixin.py:188} INFO - [2024-03-18T08:21:10.028+0000] {dag.py:3047} INFO - Sync 1 DAGs
[2024-03-18T08:21:10.041+0000] {logging_mixin.py:188} INFO - [2024-03-18T08:21:10.041+0000] {dag.py:3834} INFO - Setting next_dagrun for example_params_ui_tutorial to None, run_after=None
[2024-03-18T08:21:10.066+0000] {processor.py:183} INFO - Processing /home/ubuntu/air_venv/lib/python3.10/site-packages/airflow/example_dags/example_params_ui_tutorial.py took 0.112 seconds
[2024-03-18T08:21:58.625+0000] {processor.py:161} INFO - Started process (PID=13763) to work on /home/ubuntu/air_venv/lib/python3.10/site-packages/airflow/example_dags/example_params_ui_tutorial.py
[2024-03-18T08:21:58.627+0000] {processor.py:830} INFO - Processing file /home/ubuntu/air_venv/lib/python3.10/site-packages/airflow/example_dags/example_params_ui_tutorial.py for tasks to queue
[2024-03-18T08:21:58.628+0000] {logging_mixin.py:188} INFO - [2024-03-18T08:21:58.627+0000] {dagbag.py:540} INFO - Filling up the DagBag from /home/ubuntu/air_venv/lib/python3.10/site-packages/airflow/example_dags/example_params_ui_tutorial.py
[2024-03-18T08:21:58.642+0000] {processor.py:840} INFO - DAG(s) 'example_params_ui_tutorial' retrieved from /home/ubuntu/air_venv/lib/python3.10/site-packages/airflow/example_dags/example_params_ui_tutorial.py
[2024-03-18T08:21:58.696+0000] {logging_mixin.py:188} INFO - [2024-03-18T08:21:58.695+0000] {dag.py:3047} INFO - Sync 1 DAGs
[2024-03-18T08:21:58.709+0000] {logging_mixin.py:188} INFO - [2024-03-18T08:21:58.709+0000] {dag.py:3834} INFO - Setting next_dagrun for example_params_ui_tutorial to None, run_after=None
[2024-03-18T08:21:58.733+0000] {processor.py:183} INFO - Processing /home/ubuntu/air_venv/lib/python3.10/site-packages/airflow/example_dags/example_params_ui_tutorial.py took 0.112 seconds
[2024-03-18T08:22:57.342+0000] {processor.py:161} INFO - Started process (PID=14156) to work on /home/ubuntu/air_venv/lib/python3.10/site-packages/airflow/example_dags/example_params_ui_tutorial.py
[2024-03-18T08:22:57.344+0000] {processor.py:830} INFO - Processing file /home/ubuntu/air_venv/lib/python3.10/site-packages/airflow/example_dags/example_params_ui_tutorial.py for tasks to queue
[2024-03-18T08:22:57.345+0000] {logging_mixin.py:188} INFO - [2024-03-18T08:22:57.345+0000] {dagbag.py:540} INFO - Filling up the DagBag from /home/ubuntu/air_venv/lib/python3.10/site-packages/airflow/example_dags/example_params_ui_tutorial.py
[2024-03-18T08:22:57.360+0000] {processor.py:840} INFO - DAG(s) 'example_params_ui_tutorial' retrieved from /home/ubuntu/air_venv/lib/python3.10/site-packages/airflow/example_dags/example_params_ui_tutorial.py
[2024-03-18T08:22:57.414+0000] {logging_mixin.py:188} INFO - [2024-03-18T08:22:57.414+0000] {dag.py:3047} INFO - Sync 1 DAGs
[2024-03-18T08:22:57.428+0000] {logging_mixin.py:188} INFO - [2024-03-18T08:22:57.428+0000] {dag.py:3834} INFO - Setting next_dagrun for example_params_ui_tutorial to None, run_after=None
[2024-03-18T08:22:57.455+0000] {processor.py:183} INFO - Processing /home/ubuntu/air_venv/lib/python3.10/site-packages/airflow/example_dags/example_params_ui_tutorial.py took 0.116 seconds
[2024-03-18T08:23:57.953+0000] {processor.py:161} INFO - Started process (PID=14641) to work on /home/ubuntu/air_venv/lib/python3.10/site-packages/airflow/example_dags/example_params_ui_tutorial.py
[2024-03-18T08:23:57.955+0000] {processor.py:830} INFO - Processing file /home/ubuntu/air_venv/lib/python3.10/site-packages/airflow/example_dags/example_params_ui_tutorial.py for tasks to queue
[2024-03-18T08:23:57.956+0000] {logging_mixin.py:188} INFO - [2024-03-18T08:23:57.955+0000] {dagbag.py:540} INFO - Filling up the DagBag from /home/ubuntu/air_venv/lib/python3.10/site-packages/airflow/example_dags/example_params_ui_tutorial.py
[2024-03-18T08:23:57.970+0000] {processor.py:840} INFO - DAG(s) 'example_params_ui_tutorial' retrieved from /home/ubuntu/air_venv/lib/python3.10/site-packages/airflow/example_dags/example_params_ui_tutorial.py
[2024-03-18T08:23:58.022+0000] {logging_mixin.py:188} INFO - [2024-03-18T08:23:58.022+0000] {dag.py:3047} INFO - Sync 1 DAGs
[2024-03-18T08:23:58.035+0000] {logging_mixin.py:188} INFO - [2024-03-18T08:23:58.035+0000] {dag.py:3834} INFO - Setting next_dagrun for example_params_ui_tutorial to None, run_after=None
[2024-03-18T08:23:58.060+0000] {processor.py:183} INFO - Processing /home/ubuntu/air_venv/lib/python3.10/site-packages/airflow/example_dags/example_params_ui_tutorial.py took 0.110 seconds
[2024-03-18T08:24:54.754+0000] {processor.py:161} INFO - Started process (PID=15102) to work on /home/ubuntu/air_venv/lib/python3.10/site-packages/airflow/example_dags/example_params_ui_tutorial.py
[2024-03-18T08:24:54.756+0000] {processor.py:830} INFO - Processing file /home/ubuntu/air_venv/lib/python3.10/site-packages/airflow/example_dags/example_params_ui_tutorial.py for tasks to queue
[2024-03-18T08:24:54.757+0000] {logging_mixin.py:188} INFO - [2024-03-18T08:24:54.757+0000] {dagbag.py:540} INFO - Filling up the DagBag from /home/ubuntu/air_venv/lib/python3.10/site-packages/airflow/example_dags/example_params_ui_tutorial.py
[2024-03-18T08:24:54.772+0000] {processor.py:840} INFO - DAG(s) 'example_params_ui_tutorial' retrieved from /home/ubuntu/air_venv/lib/python3.10/site-packages/airflow/example_dags/example_params_ui_tutorial.py
[2024-03-18T08:24:54.824+0000] {logging_mixin.py:188} INFO - [2024-03-18T08:24:54.824+0000] {dag.py:3047} INFO - Sync 1 DAGs
[2024-03-18T08:24:54.837+0000] {logging_mixin.py:188} INFO - [2024-03-18T08:24:54.837+0000] {dag.py:3834} INFO - Setting next_dagrun for example_params_ui_tutorial to None, run_after=None
[2024-03-18T08:24:54.868+0000] {processor.py:183} INFO - Processing /home/ubuntu/air_venv/lib/python3.10/site-packages/airflow/example_dags/example_params_ui_tutorial.py took 0.117 seconds
[2024-03-18T08:25:38.352+0000] {processor.py:161} INFO - Started process (PID=15296) to work on /home/ubuntu/air_venv/lib/python3.10/site-packages/airflow/example_dags/example_params_ui_tutorial.py
[2024-03-18T08:25:38.354+0000] {processor.py:830} INFO - Processing file /home/ubuntu/air_venv/lib/python3.10/site-packages/airflow/example_dags/example_params_ui_tutorial.py for tasks to queue
[2024-03-18T08:25:38.355+0000] {logging_mixin.py:188} INFO - [2024-03-18T08:25:38.355+0000] {dagbag.py:540} INFO - Filling up the DagBag from /home/ubuntu/air_venv/lib/python3.10/site-packages/airflow/example_dags/example_params_ui_tutorial.py
[2024-03-18T08:25:38.369+0000] {processor.py:840} INFO - DAG(s) 'example_params_ui_tutorial' retrieved from /home/ubuntu/air_venv/lib/python3.10/site-packages/airflow/example_dags/example_params_ui_tutorial.py
[2024-03-18T08:25:38.422+0000] {logging_mixin.py:188} INFO - [2024-03-18T08:25:38.422+0000] {dag.py:3047} INFO - Sync 1 DAGs
[2024-03-18T08:25:38.435+0000] {logging_mixin.py:188} INFO - [2024-03-18T08:25:38.434+0000] {dag.py:3834} INFO - Setting next_dagrun for example_params_ui_tutorial to None, run_after=None
[2024-03-18T08:25:38.459+0000] {processor.py:183} INFO - Processing /home/ubuntu/air_venv/lib/python3.10/site-packages/airflow/example_dags/example_params_ui_tutorial.py took 0.110 seconds
[2024-03-18T08:26:21.916+0000] {processor.py:161} INFO - Started process (PID=15399) to work on /home/ubuntu/air_venv/lib/python3.10/site-packages/airflow/example_dags/example_params_ui_tutorial.py
[2024-03-18T08:26:21.918+0000] {processor.py:830} INFO - Processing file /home/ubuntu/air_venv/lib/python3.10/site-packages/airflow/example_dags/example_params_ui_tutorial.py for tasks to queue
[2024-03-18T08:26:21.919+0000] {logging_mixin.py:188} INFO - [2024-03-18T08:26:21.918+0000] {dagbag.py:540} INFO - Filling up the DagBag from /home/ubuntu/air_venv/lib/python3.10/site-packages/airflow/example_dags/example_params_ui_tutorial.py
[2024-03-18T08:26:21.933+0000] {processor.py:840} INFO - DAG(s) 'example_params_ui_tutorial' retrieved from /home/ubuntu/air_venv/lib/python3.10/site-packages/airflow/example_dags/example_params_ui_tutorial.py
[2024-03-18T08:26:21.987+0000] {logging_mixin.py:188} INFO - [2024-03-18T08:26:21.987+0000] {dag.py:3047} INFO - Sync 1 DAGs
[2024-03-18T08:26:22.000+0000] {logging_mixin.py:188} INFO - [2024-03-18T08:26:21.999+0000] {dag.py:3834} INFO - Setting next_dagrun for example_params_ui_tutorial to None, run_after=None
[2024-03-18T08:26:22.028+0000] {processor.py:183} INFO - Processing /home/ubuntu/air_venv/lib/python3.10/site-packages/airflow/example_dags/example_params_ui_tutorial.py took 0.116 seconds
[2024-03-18T08:27:22.193+0000] {processor.py:161} INFO - Started process (PID=15519) to work on /home/ubuntu/air_venv/lib/python3.10/site-packages/airflow/example_dags/example_params_ui_tutorial.py
[2024-03-18T08:27:22.195+0000] {processor.py:830} INFO - Processing file /home/ubuntu/air_venv/lib/python3.10/site-packages/airflow/example_dags/example_params_ui_tutorial.py for tasks to queue
[2024-03-18T08:27:22.196+0000] {logging_mixin.py:188} INFO - [2024-03-18T08:27:22.195+0000] {dagbag.py:540} INFO - Filling up the DagBag from /home/ubuntu/air_venv/lib/python3.10/site-packages/airflow/example_dags/example_params_ui_tutorial.py
[2024-03-18T08:27:22.210+0000] {processor.py:840} INFO - DAG(s) 'example_params_ui_tutorial' retrieved from /home/ubuntu/air_venv/lib/python3.10/site-packages/airflow/example_dags/example_params_ui_tutorial.py
[2024-03-18T08:27:22.262+0000] {logging_mixin.py:188} INFO - [2024-03-18T08:27:22.262+0000] {dag.py:3047} INFO - Sync 1 DAGs
[2024-03-18T08:27:22.275+0000] {logging_mixin.py:188} INFO - [2024-03-18T08:27:22.275+0000] {dag.py:3834} INFO - Setting next_dagrun for example_params_ui_tutorial to None, run_after=None
[2024-03-18T08:27:22.300+0000] {processor.py:183} INFO - Processing /home/ubuntu/air_venv/lib/python3.10/site-packages/airflow/example_dags/example_params_ui_tutorial.py took 0.111 seconds
[2024-03-18T08:28:25.014+0000] {processor.py:161} INFO - Started process (PID=15640) to work on /home/ubuntu/air_venv/lib/python3.10/site-packages/airflow/example_dags/example_params_ui_tutorial.py
[2024-03-18T08:28:25.015+0000] {processor.py:830} INFO - Processing file /home/ubuntu/air_venv/lib/python3.10/site-packages/airflow/example_dags/example_params_ui_tutorial.py for tasks to queue
[2024-03-18T08:28:25.016+0000] {logging_mixin.py:188} INFO - [2024-03-18T08:28:25.016+0000] {dagbag.py:540} INFO - Filling up the DagBag from /home/ubuntu/air_venv/lib/python3.10/site-packages/airflow/example_dags/example_params_ui_tutorial.py
[2024-03-18T08:28:25.030+0000] {processor.py:840} INFO - DAG(s) 'example_params_ui_tutorial' retrieved from /home/ubuntu/air_venv/lib/python3.10/site-packages/airflow/example_dags/example_params_ui_tutorial.py
[2024-03-18T08:28:25.082+0000] {logging_mixin.py:188} INFO - [2024-03-18T08:28:25.082+0000] {dag.py:3047} INFO - Sync 1 DAGs
[2024-03-18T08:28:25.094+0000] {logging_mixin.py:188} INFO - [2024-03-18T08:28:25.094+0000] {dag.py:3834} INFO - Setting next_dagrun for example_params_ui_tutorial to None, run_after=None
[2024-03-18T08:28:25.133+0000] {processor.py:183} INFO - Processing /home/ubuntu/air_venv/lib/python3.10/site-packages/airflow/example_dags/example_params_ui_tutorial.py took 0.123 seconds
[2024-03-18T08:29:28.940+0000] {processor.py:161} INFO - Started process (PID=15762) to work on /home/ubuntu/air_venv/lib/python3.10/site-packages/airflow/example_dags/example_params_ui_tutorial.py
[2024-03-18T08:29:28.942+0000] {processor.py:830} INFO - Processing file /home/ubuntu/air_venv/lib/python3.10/site-packages/airflow/example_dags/example_params_ui_tutorial.py for tasks to queue
[2024-03-18T08:29:28.944+0000] {logging_mixin.py:188} INFO - [2024-03-18T08:29:28.943+0000] {dagbag.py:540} INFO - Filling up the DagBag from /home/ubuntu/air_venv/lib/python3.10/site-packages/airflow/example_dags/example_params_ui_tutorial.py
[2024-03-18T08:29:28.958+0000] {processor.py:840} INFO - DAG(s) 'example_params_ui_tutorial' retrieved from /home/ubuntu/air_venv/lib/python3.10/site-packages/airflow/example_dags/example_params_ui_tutorial.py
[2024-03-18T08:29:29.012+0000] {logging_mixin.py:188} INFO - [2024-03-18T08:29:29.011+0000] {dag.py:3047} INFO - Sync 1 DAGs
[2024-03-18T08:29:29.025+0000] {logging_mixin.py:188} INFO - [2024-03-18T08:29:29.025+0000] {dag.py:3834} INFO - Setting next_dagrun for example_params_ui_tutorial to None, run_after=None
[2024-03-18T08:29:29.052+0000] {processor.py:183} INFO - Processing /home/ubuntu/air_venv/lib/python3.10/site-packages/airflow/example_dags/example_params_ui_tutorial.py took 0.116 seconds
