[2024-03-18T07:59:40.146+0000] {processor.py:161} INFO - Started process (PID=2590) to work on /home/ubuntu/air_venv/lib/python3.10/site-packages/airflow/example_dags/tutorial_taskflow_api_virtualenv.py
[2024-03-18T07:59:40.151+0000] {processor.py:830} INFO - Processing file /home/ubuntu/air_venv/lib/python3.10/site-packages/airflow/example_dags/tutorial_taskflow_api_virtualenv.py for tasks to queue
[2024-03-18T07:59:40.153+0000] {logging_mixin.py:188} INFO - [2024-03-18T07:59:40.152+0000] {dagbag.py:540} INFO - Filling up the DagBag from /home/ubuntu/air_venv/lib/python3.10/site-packages/airflow/example_dags/tutorial_taskflow_api_virtualenv.py
[2024-03-18T07:59:40.160+0000] {logging_mixin.py:188} INFO - [2024-03-18T07:59:40.160+0000] {tutorial_taskflow_api_virtualenv.py:29} WARNING - The tutorial_taskflow_api_virtualenv example DAG requires virtualenv, please install it.
[2024-03-18T07:59:40.161+0000] {processor.py:842} WARNING - No viable dags retrieved from /home/ubuntu/air_venv/lib/python3.10/site-packages/airflow/example_dags/tutorial_taskflow_api_virtualenv.py
[2024-03-18T07:59:40.180+0000] {processor.py:183} INFO - Processing /home/ubuntu/air_venv/lib/python3.10/site-packages/airflow/example_dags/tutorial_taskflow_api_virtualenv.py took 0.038 seconds
[2024-03-18T08:00:46.810+0000] {processor.py:161} INFO - Started process (PID=3250) to work on /home/ubuntu/air_venv/lib/python3.10/site-packages/airflow/example_dags/tutorial_taskflow_api_virtualenv.py
[2024-03-18T08:00:46.812+0000] {processor.py:830} INFO - Processing file /home/ubuntu/air_venv/lib/python3.10/site-packages/airflow/example_dags/tutorial_taskflow_api_virtualenv.py for tasks to queue
[2024-03-18T08:00:46.813+0000] {logging_mixin.py:188} INFO - [2024-03-18T08:00:46.812+0000] {dagbag.py:540} INFO - Filling up the DagBag from /home/ubuntu/air_venv/lib/python3.10/site-packages/airflow/example_dags/tutorial_taskflow_api_virtualenv.py
[2024-03-18T08:00:46.816+0000] {logging_mixin.py:188} INFO - [2024-03-18T08:00:46.816+0000] {tutorial_taskflow_api_virtualenv.py:29} WARNING - The tutorial_taskflow_api_virtualenv example DAG requires virtualenv, please install it.
[2024-03-18T08:00:46.817+0000] {processor.py:842} WARNING - No viable dags retrieved from /home/ubuntu/air_venv/lib/python3.10/site-packages/airflow/example_dags/tutorial_taskflow_api_virtualenv.py
[2024-03-18T08:00:46.827+0000] {processor.py:183} INFO - Processing /home/ubuntu/air_venv/lib/python3.10/site-packages/airflow/example_dags/tutorial_taskflow_api_virtualenv.py took 0.021 seconds
[2024-03-18T08:01:37.028+0000] {processor.py:161} INFO - Started process (PID=3624) to work on /home/ubuntu/air_venv/lib/python3.10/site-packages/airflow/example_dags/tutorial_taskflow_api_virtualenv.py
[2024-03-18T08:01:37.030+0000] {processor.py:830} INFO - Processing file /home/ubuntu/air_venv/lib/python3.10/site-packages/airflow/example_dags/tutorial_taskflow_api_virtualenv.py for tasks to queue
[2024-03-18T08:01:37.032+0000] {logging_mixin.py:188} INFO - [2024-03-18T08:01:37.031+0000] {dagbag.py:540} INFO - Filling up the DagBag from /home/ubuntu/air_venv/lib/python3.10/site-packages/airflow/example_dags/tutorial_taskflow_api_virtualenv.py
[2024-03-18T08:01:37.035+0000] {logging_mixin.py:188} INFO - [2024-03-18T08:01:37.035+0000] {tutorial_taskflow_api_virtualenv.py:29} WARNING - The tutorial_taskflow_api_virtualenv example DAG requires virtualenv, please install it.
[2024-03-18T08:01:37.036+0000] {processor.py:842} WARNING - No viable dags retrieved from /home/ubuntu/air_venv/lib/python3.10/site-packages/airflow/example_dags/tutorial_taskflow_api_virtualenv.py
[2024-03-18T08:01:37.047+0000] {processor.py:183} INFO - Processing /home/ubuntu/air_venv/lib/python3.10/site-packages/airflow/example_dags/tutorial_taskflow_api_virtualenv.py took 0.023 seconds
[2024-03-18T08:02:26.573+0000] {processor.py:161} INFO - Started process (PID=4185) to work on /home/ubuntu/air_venv/lib/python3.10/site-packages/airflow/example_dags/tutorial_taskflow_api_virtualenv.py
[2024-03-18T08:02:26.575+0000] {processor.py:830} INFO - Processing file /home/ubuntu/air_venv/lib/python3.10/site-packages/airflow/example_dags/tutorial_taskflow_api_virtualenv.py for tasks to queue
[2024-03-18T08:02:26.576+0000] {logging_mixin.py:188} INFO - [2024-03-18T08:02:26.576+0000] {dagbag.py:540} INFO - Filling up the DagBag from /home/ubuntu/air_venv/lib/python3.10/site-packages/airflow/example_dags/tutorial_taskflow_api_virtualenv.py
[2024-03-18T08:02:26.581+0000] {logging_mixin.py:188} INFO - [2024-03-18T08:02:26.581+0000] {tutorial_taskflow_api_virtualenv.py:29} WARNING - The tutorial_taskflow_api_virtualenv example DAG requires virtualenv, please install it.
[2024-03-18T08:02:26.582+0000] {processor.py:842} WARNING - No viable dags retrieved from /home/ubuntu/air_venv/lib/python3.10/site-packages/airflow/example_dags/tutorial_taskflow_api_virtualenv.py
[2024-03-18T08:02:26.595+0000] {processor.py:183} INFO - Processing /home/ubuntu/air_venv/lib/python3.10/site-packages/airflow/example_dags/tutorial_taskflow_api_virtualenv.py took 0.029 seconds
[2024-03-18T08:03:19.964+0000] {processor.py:161} INFO - Started process (PID=4473) to work on /home/ubuntu/air_venv/lib/python3.10/site-packages/airflow/example_dags/tutorial_taskflow_api_virtualenv.py
[2024-03-18T08:03:19.966+0000] {processor.py:830} INFO - Processing file /home/ubuntu/air_venv/lib/python3.10/site-packages/airflow/example_dags/tutorial_taskflow_api_virtualenv.py for tasks to queue
[2024-03-18T08:03:19.967+0000] {logging_mixin.py:188} INFO - [2024-03-18T08:03:19.966+0000] {dagbag.py:540} INFO - Filling up the DagBag from /home/ubuntu/air_venv/lib/python3.10/site-packages/airflow/example_dags/tutorial_taskflow_api_virtualenv.py
[2024-03-18T08:03:19.970+0000] {logging_mixin.py:188} INFO - [2024-03-18T08:03:19.970+0000] {tutorial_taskflow_api_virtualenv.py:29} WARNING - The tutorial_taskflow_api_virtualenv example DAG requires virtualenv, please install it.
[2024-03-18T08:03:19.971+0000] {processor.py:842} WARNING - No viable dags retrieved from /home/ubuntu/air_venv/lib/python3.10/site-packages/airflow/example_dags/tutorial_taskflow_api_virtualenv.py
[2024-03-18T08:03:19.983+0000] {processor.py:183} INFO - Processing /home/ubuntu/air_venv/lib/python3.10/site-packages/airflow/example_dags/tutorial_taskflow_api_virtualenv.py took 0.023 seconds
[2024-03-18T08:04:04.783+0000] {processor.py:161} INFO - Started process (PID=4877) to work on /home/ubuntu/air_venv/lib/python3.10/site-packages/airflow/example_dags/tutorial_taskflow_api_virtualenv.py
[2024-03-18T08:04:04.785+0000] {processor.py:830} INFO - Processing file /home/ubuntu/air_venv/lib/python3.10/site-packages/airflow/example_dags/tutorial_taskflow_api_virtualenv.py for tasks to queue
[2024-03-18T08:04:04.790+0000] {logging_mixin.py:188} INFO - [2024-03-18T08:04:04.789+0000] {dagbag.py:540} INFO - Filling up the DagBag from /home/ubuntu/air_venv/lib/python3.10/site-packages/airflow/example_dags/tutorial_taskflow_api_virtualenv.py
[2024-03-18T08:04:04.794+0000] {logging_mixin.py:188} INFO - [2024-03-18T08:04:04.793+0000] {tutorial_taskflow_api_virtualenv.py:29} WARNING - The tutorial_taskflow_api_virtualenv example DAG requires virtualenv, please install it.
[2024-03-18T08:04:04.794+0000] {processor.py:842} WARNING - No viable dags retrieved from /home/ubuntu/air_venv/lib/python3.10/site-packages/airflow/example_dags/tutorial_taskflow_api_virtualenv.py
[2024-03-18T08:04:04.808+0000] {processor.py:183} INFO - Processing /home/ubuntu/air_venv/lib/python3.10/site-packages/airflow/example_dags/tutorial_taskflow_api_virtualenv.py took 0.029 seconds
[2024-03-18T08:04:51.898+0000] {processor.py:161} INFO - Started process (PID=5231) to work on /home/ubuntu/air_venv/lib/python3.10/site-packages/airflow/example_dags/tutorial_taskflow_api_virtualenv.py
[2024-03-18T08:04:51.900+0000] {processor.py:830} INFO - Processing file /home/ubuntu/air_venv/lib/python3.10/site-packages/airflow/example_dags/tutorial_taskflow_api_virtualenv.py for tasks to queue
[2024-03-18T08:04:51.901+0000] {logging_mixin.py:188} INFO - [2024-03-18T08:04:51.900+0000] {dagbag.py:540} INFO - Filling up the DagBag from /home/ubuntu/air_venv/lib/python3.10/site-packages/airflow/example_dags/tutorial_taskflow_api_virtualenv.py
[2024-03-18T08:04:51.904+0000] {logging_mixin.py:188} INFO - [2024-03-18T08:04:51.904+0000] {tutorial_taskflow_api_virtualenv.py:29} WARNING - The tutorial_taskflow_api_virtualenv example DAG requires virtualenv, please install it.
[2024-03-18T08:04:51.911+0000] {processor.py:842} WARNING - No viable dags retrieved from /home/ubuntu/air_venv/lib/python3.10/site-packages/airflow/example_dags/tutorial_taskflow_api_virtualenv.py
[2024-03-18T08:04:51.924+0000] {processor.py:183} INFO - Processing /home/ubuntu/air_venv/lib/python3.10/site-packages/airflow/example_dags/tutorial_taskflow_api_virtualenv.py took 0.030 seconds
[2024-03-18T08:05:45.536+0000] {processor.py:161} INFO - Started process (PID=5821) to work on /home/ubuntu/air_venv/lib/python3.10/site-packages/airflow/example_dags/tutorial_taskflow_api_virtualenv.py
[2024-03-18T08:05:45.539+0000] {processor.py:830} INFO - Processing file /home/ubuntu/air_venv/lib/python3.10/site-packages/airflow/example_dags/tutorial_taskflow_api_virtualenv.py for tasks to queue
[2024-03-18T08:05:45.540+0000] {logging_mixin.py:188} INFO - [2024-03-18T08:05:45.539+0000] {dagbag.py:540} INFO - Filling up the DagBag from /home/ubuntu/air_venv/lib/python3.10/site-packages/airflow/example_dags/tutorial_taskflow_api_virtualenv.py
[2024-03-18T08:05:45.543+0000] {logging_mixin.py:188} INFO - [2024-03-18T08:05:45.543+0000] {tutorial_taskflow_api_virtualenv.py:29} WARNING - The tutorial_taskflow_api_virtualenv example DAG requires virtualenv, please install it.
[2024-03-18T08:05:45.544+0000] {processor.py:842} WARNING - No viable dags retrieved from /home/ubuntu/air_venv/lib/python3.10/site-packages/airflow/example_dags/tutorial_taskflow_api_virtualenv.py
[2024-03-18T08:05:45.555+0000] {processor.py:183} INFO - Processing /home/ubuntu/air_venv/lib/python3.10/site-packages/airflow/example_dags/tutorial_taskflow_api_virtualenv.py took 0.022 seconds
[2024-03-18T08:06:59.563+0000] {processor.py:161} INFO - Started process (PID=6704) to work on /home/ubuntu/air_venv/lib/python3.10/site-packages/airflow/example_dags/tutorial_taskflow_api_virtualenv.py
[2024-03-18T08:06:59.566+0000] {processor.py:830} INFO - Processing file /home/ubuntu/air_venv/lib/python3.10/site-packages/airflow/example_dags/tutorial_taskflow_api_virtualenv.py for tasks to queue
[2024-03-18T08:06:59.567+0000] {logging_mixin.py:188} INFO - [2024-03-18T08:06:59.567+0000] {dagbag.py:540} INFO - Filling up the DagBag from /home/ubuntu/air_venv/lib/python3.10/site-packages/airflow/example_dags/tutorial_taskflow_api_virtualenv.py
[2024-03-18T08:06:59.572+0000] {logging_mixin.py:188} INFO - [2024-03-18T08:06:59.572+0000] {tutorial_taskflow_api_virtualenv.py:29} WARNING - The tutorial_taskflow_api_virtualenv example DAG requires virtualenv, please install it.
[2024-03-18T08:06:59.573+0000] {processor.py:842} WARNING - No viable dags retrieved from /home/ubuntu/air_venv/lib/python3.10/site-packages/airflow/example_dags/tutorial_taskflow_api_virtualenv.py
[2024-03-18T08:06:59.589+0000] {processor.py:183} INFO - Processing /home/ubuntu/air_venv/lib/python3.10/site-packages/airflow/example_dags/tutorial_taskflow_api_virtualenv.py took 0.030 seconds
[2024-03-18T08:07:47.427+0000] {processor.py:161} INFO - Started process (PID=7205) to work on /home/ubuntu/air_venv/lib/python3.10/site-packages/airflow/example_dags/tutorial_taskflow_api_virtualenv.py
[2024-03-18T08:07:47.429+0000] {processor.py:830} INFO - Processing file /home/ubuntu/air_venv/lib/python3.10/site-packages/airflow/example_dags/tutorial_taskflow_api_virtualenv.py for tasks to queue
[2024-03-18T08:07:47.430+0000] {logging_mixin.py:188} INFO - [2024-03-18T08:07:47.429+0000] {dagbag.py:540} INFO - Filling up the DagBag from /home/ubuntu/air_venv/lib/python3.10/site-packages/airflow/example_dags/tutorial_taskflow_api_virtualenv.py
[2024-03-18T08:07:47.433+0000] {logging_mixin.py:188} INFO - [2024-03-18T08:07:47.433+0000] {tutorial_taskflow_api_virtualenv.py:29} WARNING - The tutorial_taskflow_api_virtualenv example DAG requires virtualenv, please install it.
[2024-03-18T08:07:47.434+0000] {processor.py:842} WARNING - No viable dags retrieved from /home/ubuntu/air_venv/lib/python3.10/site-packages/airflow/example_dags/tutorial_taskflow_api_virtualenv.py
[2024-03-18T08:07:47.445+0000] {processor.py:183} INFO - Processing /home/ubuntu/air_venv/lib/python3.10/site-packages/airflow/example_dags/tutorial_taskflow_api_virtualenv.py took 0.022 seconds
[2024-03-18T08:08:36.079+0000] {processor.py:161} INFO - Started process (PID=7436) to work on /home/ubuntu/air_venv/lib/python3.10/site-packages/airflow/example_dags/tutorial_taskflow_api_virtualenv.py
[2024-03-18T08:08:36.080+0000] {processor.py:830} INFO - Processing file /home/ubuntu/air_venv/lib/python3.10/site-packages/airflow/example_dags/tutorial_taskflow_api_virtualenv.py for tasks to queue
[2024-03-18T08:08:36.081+0000] {logging_mixin.py:188} INFO - [2024-03-18T08:08:36.081+0000] {dagbag.py:540} INFO - Filling up the DagBag from /home/ubuntu/air_venv/lib/python3.10/site-packages/airflow/example_dags/tutorial_taskflow_api_virtualenv.py
[2024-03-18T08:08:36.085+0000] {logging_mixin.py:188} INFO - [2024-03-18T08:08:36.085+0000] {tutorial_taskflow_api_virtualenv.py:29} WARNING - The tutorial_taskflow_api_virtualenv example DAG requires virtualenv, please install it.
[2024-03-18T08:08:36.085+0000] {processor.py:842} WARNING - No viable dags retrieved from /home/ubuntu/air_venv/lib/python3.10/site-packages/airflow/example_dags/tutorial_taskflow_api_virtualenv.py
[2024-03-18T08:08:36.097+0000] {processor.py:183} INFO - Processing /home/ubuntu/air_venv/lib/python3.10/site-packages/airflow/example_dags/tutorial_taskflow_api_virtualenv.py took 0.022 seconds
[2024-03-18T08:09:19.547+0000] {processor.py:161} INFO - Started process (PID=7785) to work on /home/ubuntu/air_venv/lib/python3.10/site-packages/airflow/example_dags/tutorial_taskflow_api_virtualenv.py
[2024-03-18T08:09:19.549+0000] {processor.py:830} INFO - Processing file /home/ubuntu/air_venv/lib/python3.10/site-packages/airflow/example_dags/tutorial_taskflow_api_virtualenv.py for tasks to queue
[2024-03-18T08:09:19.550+0000] {logging_mixin.py:188} INFO - [2024-03-18T08:09:19.550+0000] {dagbag.py:540} INFO - Filling up the DagBag from /home/ubuntu/air_venv/lib/python3.10/site-packages/airflow/example_dags/tutorial_taskflow_api_virtualenv.py
[2024-03-18T08:09:19.554+0000] {logging_mixin.py:188} INFO - [2024-03-18T08:09:19.554+0000] {tutorial_taskflow_api_virtualenv.py:29} WARNING - The tutorial_taskflow_api_virtualenv example DAG requires virtualenv, please install it.
[2024-03-18T08:09:19.555+0000] {processor.py:842} WARNING - No viable dags retrieved from /home/ubuntu/air_venv/lib/python3.10/site-packages/airflow/example_dags/tutorial_taskflow_api_virtualenv.py
[2024-03-18T08:09:19.566+0000] {processor.py:183} INFO - Processing /home/ubuntu/air_venv/lib/python3.10/site-packages/airflow/example_dags/tutorial_taskflow_api_virtualenv.py took 0.026 seconds
[2024-03-18T08:10:01.151+0000] {processor.py:161} INFO - Started process (PID=8068) to work on /home/ubuntu/air_venv/lib/python3.10/site-packages/airflow/example_dags/tutorial_taskflow_api_virtualenv.py
[2024-03-18T08:10:01.154+0000] {processor.py:830} INFO - Processing file /home/ubuntu/air_venv/lib/python3.10/site-packages/airflow/example_dags/tutorial_taskflow_api_virtualenv.py for tasks to queue
[2024-03-18T08:10:01.156+0000] {logging_mixin.py:188} INFO - [2024-03-18T08:10:01.155+0000] {dagbag.py:540} INFO - Filling up the DagBag from /home/ubuntu/air_venv/lib/python3.10/site-packages/airflow/example_dags/tutorial_taskflow_api_virtualenv.py
[2024-03-18T08:10:01.159+0000] {logging_mixin.py:188} INFO - [2024-03-18T08:10:01.159+0000] {tutorial_taskflow_api_virtualenv.py:29} WARNING - The tutorial_taskflow_api_virtualenv example DAG requires virtualenv, please install it.
[2024-03-18T08:10:01.160+0000] {processor.py:842} WARNING - No viable dags retrieved from /home/ubuntu/air_venv/lib/python3.10/site-packages/airflow/example_dags/tutorial_taskflow_api_virtualenv.py
[2024-03-18T08:10:01.174+0000] {processor.py:183} INFO - Processing /home/ubuntu/air_venv/lib/python3.10/site-packages/airflow/example_dags/tutorial_taskflow_api_virtualenv.py took 0.026 seconds
[2024-03-18T08:10:42.562+0000] {processor.py:161} INFO - Started process (PID=8349) to work on /home/ubuntu/air_venv/lib/python3.10/site-packages/airflow/example_dags/tutorial_taskflow_api_virtualenv.py
[2024-03-18T08:10:42.564+0000] {processor.py:830} INFO - Processing file /home/ubuntu/air_venv/lib/python3.10/site-packages/airflow/example_dags/tutorial_taskflow_api_virtualenv.py for tasks to queue
[2024-03-18T08:10:42.565+0000] {logging_mixin.py:188} INFO - [2024-03-18T08:10:42.564+0000] {dagbag.py:540} INFO - Filling up the DagBag from /home/ubuntu/air_venv/lib/python3.10/site-packages/airflow/example_dags/tutorial_taskflow_api_virtualenv.py
[2024-03-18T08:10:42.568+0000] {logging_mixin.py:188} INFO - [2024-03-18T08:10:42.568+0000] {tutorial_taskflow_api_virtualenv.py:29} WARNING - The tutorial_taskflow_api_virtualenv example DAG requires virtualenv, please install it.
[2024-03-18T08:10:42.569+0000] {processor.py:842} WARNING - No viable dags retrieved from /home/ubuntu/air_venv/lib/python3.10/site-packages/airflow/example_dags/tutorial_taskflow_api_virtualenv.py
[2024-03-18T08:10:42.581+0000] {processor.py:183} INFO - Processing /home/ubuntu/air_venv/lib/python3.10/site-packages/airflow/example_dags/tutorial_taskflow_api_virtualenv.py took 0.023 seconds
[2024-03-18T08:11:20.860+0000] {processor.py:161} INFO - Started process (PID=8747) to work on /home/ubuntu/air_venv/lib/python3.10/site-packages/airflow/example_dags/tutorial_taskflow_api_virtualenv.py
[2024-03-18T08:11:20.862+0000] {processor.py:830} INFO - Processing file /home/ubuntu/air_venv/lib/python3.10/site-packages/airflow/example_dags/tutorial_taskflow_api_virtualenv.py for tasks to queue
[2024-03-18T08:11:20.863+0000] {logging_mixin.py:188} INFO - [2024-03-18T08:11:20.863+0000] {dagbag.py:540} INFO - Filling up the DagBag from /home/ubuntu/air_venv/lib/python3.10/site-packages/airflow/example_dags/tutorial_taskflow_api_virtualenv.py
[2024-03-18T08:11:20.867+0000] {logging_mixin.py:188} INFO - [2024-03-18T08:11:20.866+0000] {tutorial_taskflow_api_virtualenv.py:29} WARNING - The tutorial_taskflow_api_virtualenv example DAG requires virtualenv, please install it.
[2024-03-18T08:11:20.867+0000] {processor.py:842} WARNING - No viable dags retrieved from /home/ubuntu/air_venv/lib/python3.10/site-packages/airflow/example_dags/tutorial_taskflow_api_virtualenv.py
[2024-03-18T08:11:20.879+0000] {processor.py:183} INFO - Processing /home/ubuntu/air_venv/lib/python3.10/site-packages/airflow/example_dags/tutorial_taskflow_api_virtualenv.py took 0.022 seconds
[2024-03-18T08:12:04.988+0000] {processor.py:161} INFO - Started process (PID=8972) to work on /home/ubuntu/air_venv/lib/python3.10/site-packages/airflow/example_dags/tutorial_taskflow_api_virtualenv.py
[2024-03-18T08:12:04.990+0000] {processor.py:830} INFO - Processing file /home/ubuntu/air_venv/lib/python3.10/site-packages/airflow/example_dags/tutorial_taskflow_api_virtualenv.py for tasks to queue
[2024-03-18T08:12:05.017+0000] {logging_mixin.py:188} INFO - [2024-03-18T08:12:04.991+0000] {dagbag.py:540} INFO - Filling up the DagBag from /home/ubuntu/air_venv/lib/python3.10/site-packages/airflow/example_dags/tutorial_taskflow_api_virtualenv.py
[2024-03-18T08:12:05.021+0000] {logging_mixin.py:188} INFO - [2024-03-18T08:12:05.021+0000] {tutorial_taskflow_api_virtualenv.py:29} WARNING - The tutorial_taskflow_api_virtualenv example DAG requires virtualenv, please install it.
[2024-03-18T08:12:05.022+0000] {processor.py:842} WARNING - No viable dags retrieved from /home/ubuntu/air_venv/lib/python3.10/site-packages/airflow/example_dags/tutorial_taskflow_api_virtualenv.py
[2024-03-18T08:12:05.046+0000] {processor.py:183} INFO - Processing /home/ubuntu/air_venv/lib/python3.10/site-packages/airflow/example_dags/tutorial_taskflow_api_virtualenv.py took 0.062 seconds
[2024-03-18T08:12:44.455+0000] {processor.py:161} INFO - Started process (PID=9278) to work on /home/ubuntu/air_venv/lib/python3.10/site-packages/airflow/example_dags/tutorial_taskflow_api_virtualenv.py
[2024-03-18T08:12:44.457+0000] {processor.py:830} INFO - Processing file /home/ubuntu/air_venv/lib/python3.10/site-packages/airflow/example_dags/tutorial_taskflow_api_virtualenv.py for tasks to queue
[2024-03-18T08:12:44.458+0000] {logging_mixin.py:188} INFO - [2024-03-18T08:12:44.458+0000] {dagbag.py:540} INFO - Filling up the DagBag from /home/ubuntu/air_venv/lib/python3.10/site-packages/airflow/example_dags/tutorial_taskflow_api_virtualenv.py
[2024-03-18T08:12:44.462+0000] {logging_mixin.py:188} INFO - [2024-03-18T08:12:44.461+0000] {tutorial_taskflow_api_virtualenv.py:29} WARNING - The tutorial_taskflow_api_virtualenv example DAG requires virtualenv, please install it.
[2024-03-18T08:12:44.462+0000] {processor.py:842} WARNING - No viable dags retrieved from /home/ubuntu/air_venv/lib/python3.10/site-packages/airflow/example_dags/tutorial_taskflow_api_virtualenv.py
[2024-03-18T08:12:44.475+0000] {processor.py:183} INFO - Processing /home/ubuntu/air_venv/lib/python3.10/site-packages/airflow/example_dags/tutorial_taskflow_api_virtualenv.py took 0.023 seconds
[2024-03-18T08:13:31.356+0000] {processor.py:161} INFO - Started process (PID=9536) to work on /home/ubuntu/air_venv/lib/python3.10/site-packages/airflow/example_dags/tutorial_taskflow_api_virtualenv.py
[2024-03-18T08:13:31.358+0000] {processor.py:830} INFO - Processing file /home/ubuntu/air_venv/lib/python3.10/site-packages/airflow/example_dags/tutorial_taskflow_api_virtualenv.py for tasks to queue
[2024-03-18T08:13:31.360+0000] {logging_mixin.py:188} INFO - [2024-03-18T08:13:31.359+0000] {dagbag.py:540} INFO - Filling up the DagBag from /home/ubuntu/air_venv/lib/python3.10/site-packages/airflow/example_dags/tutorial_taskflow_api_virtualenv.py
[2024-03-18T08:13:31.363+0000] {logging_mixin.py:188} INFO - [2024-03-18T08:13:31.363+0000] {tutorial_taskflow_api_virtualenv.py:29} WARNING - The tutorial_taskflow_api_virtualenv example DAG requires virtualenv, please install it.
[2024-03-18T08:13:31.364+0000] {processor.py:842} WARNING - No viable dags retrieved from /home/ubuntu/air_venv/lib/python3.10/site-packages/airflow/example_dags/tutorial_taskflow_api_virtualenv.py
[2024-03-18T08:13:31.375+0000] {processor.py:183} INFO - Processing /home/ubuntu/air_venv/lib/python3.10/site-packages/airflow/example_dags/tutorial_taskflow_api_virtualenv.py took 0.022 seconds
[2024-03-18T08:14:11.141+0000] {processor.py:161} INFO - Started process (PID=9758) to work on /home/ubuntu/air_venv/lib/python3.10/site-packages/airflow/example_dags/tutorial_taskflow_api_virtualenv.py
[2024-03-18T08:14:11.143+0000] {processor.py:830} INFO - Processing file /home/ubuntu/air_venv/lib/python3.10/site-packages/airflow/example_dags/tutorial_taskflow_api_virtualenv.py for tasks to queue
[2024-03-18T08:14:11.144+0000] {logging_mixin.py:188} INFO - [2024-03-18T08:14:11.144+0000] {dagbag.py:540} INFO - Filling up the DagBag from /home/ubuntu/air_venv/lib/python3.10/site-packages/airflow/example_dags/tutorial_taskflow_api_virtualenv.py
[2024-03-18T08:14:11.148+0000] {logging_mixin.py:188} INFO - [2024-03-18T08:14:11.148+0000] {tutorial_taskflow_api_virtualenv.py:29} WARNING - The tutorial_taskflow_api_virtualenv example DAG requires virtualenv, please install it.
[2024-03-18T08:14:11.148+0000] {processor.py:842} WARNING - No viable dags retrieved from /home/ubuntu/air_venv/lib/python3.10/site-packages/airflow/example_dags/tutorial_taskflow_api_virtualenv.py
[2024-03-18T08:14:11.161+0000] {processor.py:183} INFO - Processing /home/ubuntu/air_venv/lib/python3.10/site-packages/airflow/example_dags/tutorial_taskflow_api_virtualenv.py took 0.023 seconds
[2024-03-18T08:15:23.136+0000] {processor.py:161} INFO - Started process (PID=10375) to work on /home/ubuntu/air_venv/lib/python3.10/site-packages/airflow/example_dags/tutorial_taskflow_api_virtualenv.py
[2024-03-18T08:15:23.138+0000] {processor.py:830} INFO - Processing file /home/ubuntu/air_venv/lib/python3.10/site-packages/airflow/example_dags/tutorial_taskflow_api_virtualenv.py for tasks to queue
[2024-03-18T08:15:23.140+0000] {logging_mixin.py:188} INFO - [2024-03-18T08:15:23.139+0000] {dagbag.py:540} INFO - Filling up the DagBag from /home/ubuntu/air_venv/lib/python3.10/site-packages/airflow/example_dags/tutorial_taskflow_api_virtualenv.py
[2024-03-18T08:15:23.143+0000] {logging_mixin.py:188} INFO - [2024-03-18T08:15:23.143+0000] {tutorial_taskflow_api_virtualenv.py:29} WARNING - The tutorial_taskflow_api_virtualenv example DAG requires virtualenv, please install it.
[2024-03-18T08:15:23.143+0000] {processor.py:842} WARNING - No viable dags retrieved from /home/ubuntu/air_venv/lib/python3.10/site-packages/airflow/example_dags/tutorial_taskflow_api_virtualenv.py
[2024-03-18T08:15:23.155+0000] {processor.py:183} INFO - Processing /home/ubuntu/air_venv/lib/python3.10/site-packages/airflow/example_dags/tutorial_taskflow_api_virtualenv.py took 0.023 seconds
[2024-03-18T08:16:17.191+0000] {processor.py:161} INFO - Started process (PID=11027) to work on /home/ubuntu/air_venv/lib/python3.10/site-packages/airflow/example_dags/tutorial_taskflow_api_virtualenv.py
[2024-03-18T08:16:17.193+0000] {processor.py:830} INFO - Processing file /home/ubuntu/air_venv/lib/python3.10/site-packages/airflow/example_dags/tutorial_taskflow_api_virtualenv.py for tasks to queue
[2024-03-18T08:16:17.194+0000] {logging_mixin.py:188} INFO - [2024-03-18T08:16:17.193+0000] {dagbag.py:540} INFO - Filling up the DagBag from /home/ubuntu/air_venv/lib/python3.10/site-packages/airflow/example_dags/tutorial_taskflow_api_virtualenv.py
[2024-03-18T08:16:17.197+0000] {logging_mixin.py:188} INFO - [2024-03-18T08:16:17.197+0000] {tutorial_taskflow_api_virtualenv.py:29} WARNING - The tutorial_taskflow_api_virtualenv example DAG requires virtualenv, please install it.
[2024-03-18T08:16:17.198+0000] {processor.py:842} WARNING - No viable dags retrieved from /home/ubuntu/air_venv/lib/python3.10/site-packages/airflow/example_dags/tutorial_taskflow_api_virtualenv.py
[2024-03-18T08:16:17.209+0000] {processor.py:183} INFO - Processing /home/ubuntu/air_venv/lib/python3.10/site-packages/airflow/example_dags/tutorial_taskflow_api_virtualenv.py took 0.022 seconds
[2024-03-18T08:17:06.632+0000] {processor.py:161} INFO - Started process (PID=11678) to work on /home/ubuntu/air_venv/lib/python3.10/site-packages/airflow/example_dags/tutorial_taskflow_api_virtualenv.py
[2024-03-18T08:17:06.634+0000] {processor.py:830} INFO - Processing file /home/ubuntu/air_venv/lib/python3.10/site-packages/airflow/example_dags/tutorial_taskflow_api_virtualenv.py for tasks to queue
[2024-03-18T08:17:06.635+0000] {logging_mixin.py:188} INFO - [2024-03-18T08:17:06.634+0000] {dagbag.py:540} INFO - Filling up the DagBag from /home/ubuntu/air_venv/lib/python3.10/site-packages/airflow/example_dags/tutorial_taskflow_api_virtualenv.py
[2024-03-18T08:17:06.639+0000] {logging_mixin.py:188} INFO - [2024-03-18T08:17:06.638+0000] {tutorial_taskflow_api_virtualenv.py:29} WARNING - The tutorial_taskflow_api_virtualenv example DAG requires virtualenv, please install it.
[2024-03-18T08:17:06.639+0000] {processor.py:842} WARNING - No viable dags retrieved from /home/ubuntu/air_venv/lib/python3.10/site-packages/airflow/example_dags/tutorial_taskflow_api_virtualenv.py
[2024-03-18T08:17:06.651+0000] {processor.py:183} INFO - Processing /home/ubuntu/air_venv/lib/python3.10/site-packages/airflow/example_dags/tutorial_taskflow_api_virtualenv.py took 0.023 seconds
[2024-03-18T08:18:03.389+0000] {processor.py:161} INFO - Started process (PID=12335) to work on /home/ubuntu/air_venv/lib/python3.10/site-packages/airflow/example_dags/tutorial_taskflow_api_virtualenv.py
[2024-03-18T08:18:03.392+0000] {processor.py:830} INFO - Processing file /home/ubuntu/air_venv/lib/python3.10/site-packages/airflow/example_dags/tutorial_taskflow_api_virtualenv.py for tasks to queue
[2024-03-18T08:18:03.404+0000] {logging_mixin.py:188} INFO - [2024-03-18T08:18:03.404+0000] {dagbag.py:540} INFO - Filling up the DagBag from /home/ubuntu/air_venv/lib/python3.10/site-packages/airflow/example_dags/tutorial_taskflow_api_virtualenv.py
[2024-03-18T08:18:03.409+0000] {logging_mixin.py:188} INFO - [2024-03-18T08:18:03.409+0000] {tutorial_taskflow_api_virtualenv.py:29} WARNING - The tutorial_taskflow_api_virtualenv example DAG requires virtualenv, please install it.
[2024-03-18T08:18:03.409+0000] {processor.py:842} WARNING - No viable dags retrieved from /home/ubuntu/air_venv/lib/python3.10/site-packages/airflow/example_dags/tutorial_taskflow_api_virtualenv.py
[2024-03-18T08:18:03.470+0000] {processor.py:183} INFO - Processing /home/ubuntu/air_venv/lib/python3.10/site-packages/airflow/example_dags/tutorial_taskflow_api_virtualenv.py took 0.085 seconds
[2024-03-18T08:18:55.346+0000] {processor.py:161} INFO - Started process (PID=12566) to work on /home/ubuntu/air_venv/lib/python3.10/site-packages/airflow/example_dags/tutorial_taskflow_api_virtualenv.py
[2024-03-18T08:18:55.348+0000] {processor.py:830} INFO - Processing file /home/ubuntu/air_venv/lib/python3.10/site-packages/airflow/example_dags/tutorial_taskflow_api_virtualenv.py for tasks to queue
[2024-03-18T08:18:55.349+0000] {logging_mixin.py:188} INFO - [2024-03-18T08:18:55.348+0000] {dagbag.py:540} INFO - Filling up the DagBag from /home/ubuntu/air_venv/lib/python3.10/site-packages/airflow/example_dags/tutorial_taskflow_api_virtualenv.py
[2024-03-18T08:18:55.352+0000] {logging_mixin.py:188} INFO - [2024-03-18T08:18:55.352+0000] {tutorial_taskflow_api_virtualenv.py:29} WARNING - The tutorial_taskflow_api_virtualenv example DAG requires virtualenv, please install it.
[2024-03-18T08:18:55.353+0000] {processor.py:842} WARNING - No viable dags retrieved from /home/ubuntu/air_venv/lib/python3.10/site-packages/airflow/example_dags/tutorial_taskflow_api_virtualenv.py
[2024-03-18T08:18:55.365+0000] {processor.py:183} INFO - Processing /home/ubuntu/air_venv/lib/python3.10/site-packages/airflow/example_dags/tutorial_taskflow_api_virtualenv.py took 0.022 seconds
[2024-03-18T08:19:51.110+0000] {processor.py:161} INFO - Started process (PID=12978) to work on /home/ubuntu/air_venv/lib/python3.10/site-packages/airflow/example_dags/tutorial_taskflow_api_virtualenv.py
[2024-03-18T08:19:51.112+0000] {processor.py:830} INFO - Processing file /home/ubuntu/air_venv/lib/python3.10/site-packages/airflow/example_dags/tutorial_taskflow_api_virtualenv.py for tasks to queue
[2024-03-18T08:19:51.113+0000] {logging_mixin.py:188} INFO - [2024-03-18T08:19:51.113+0000] {dagbag.py:540} INFO - Filling up the DagBag from /home/ubuntu/air_venv/lib/python3.10/site-packages/airflow/example_dags/tutorial_taskflow_api_virtualenv.py
[2024-03-18T08:19:51.117+0000] {logging_mixin.py:188} INFO - [2024-03-18T08:19:51.116+0000] {tutorial_taskflow_api_virtualenv.py:29} WARNING - The tutorial_taskflow_api_virtualenv example DAG requires virtualenv, please install it.
[2024-03-18T08:19:51.117+0000] {processor.py:842} WARNING - No viable dags retrieved from /home/ubuntu/air_venv/lib/python3.10/site-packages/airflow/example_dags/tutorial_taskflow_api_virtualenv.py
[2024-03-18T08:19:51.128+0000] {processor.py:183} INFO - Processing /home/ubuntu/air_venv/lib/python3.10/site-packages/airflow/example_dags/tutorial_taskflow_api_virtualenv.py took 0.022 seconds
[2024-03-18T08:20:26.754+0000] {processor.py:161} INFO - Started process (PID=13251) to work on /home/ubuntu/air_venv/lib/python3.10/site-packages/airflow/example_dags/tutorial_taskflow_api_virtualenv.py
[2024-03-18T08:20:26.756+0000] {processor.py:830} INFO - Processing file /home/ubuntu/air_venv/lib/python3.10/site-packages/airflow/example_dags/tutorial_taskflow_api_virtualenv.py for tasks to queue
[2024-03-18T08:20:26.757+0000] {logging_mixin.py:188} INFO - [2024-03-18T08:20:26.757+0000] {dagbag.py:540} INFO - Filling up the DagBag from /home/ubuntu/air_venv/lib/python3.10/site-packages/airflow/example_dags/tutorial_taskflow_api_virtualenv.py
[2024-03-18T08:20:26.761+0000] {logging_mixin.py:188} INFO - [2024-03-18T08:20:26.760+0000] {tutorial_taskflow_api_virtualenv.py:29} WARNING - The tutorial_taskflow_api_virtualenv example DAG requires virtualenv, please install it.
[2024-03-18T08:20:26.761+0000] {processor.py:842} WARNING - No viable dags retrieved from /home/ubuntu/air_venv/lib/python3.10/site-packages/airflow/example_dags/tutorial_taskflow_api_virtualenv.py
[2024-03-18T08:20:26.772+0000] {processor.py:183} INFO - Processing /home/ubuntu/air_venv/lib/python3.10/site-packages/airflow/example_dags/tutorial_taskflow_api_virtualenv.py took 0.022 seconds
[2024-03-18T08:21:21.618+0000] {processor.py:161} INFO - Started process (PID=13604) to work on /home/ubuntu/air_venv/lib/python3.10/site-packages/airflow/example_dags/tutorial_taskflow_api_virtualenv.py
[2024-03-18T08:21:21.620+0000] {processor.py:830} INFO - Processing file /home/ubuntu/air_venv/lib/python3.10/site-packages/airflow/example_dags/tutorial_taskflow_api_virtualenv.py for tasks to queue
[2024-03-18T08:21:21.621+0000] {logging_mixin.py:188} INFO - [2024-03-18T08:21:21.621+0000] {dagbag.py:540} INFO - Filling up the DagBag from /home/ubuntu/air_venv/lib/python3.10/site-packages/airflow/example_dags/tutorial_taskflow_api_virtualenv.py
[2024-03-18T08:21:21.624+0000] {logging_mixin.py:188} INFO - [2024-03-18T08:21:21.624+0000] {tutorial_taskflow_api_virtualenv.py:29} WARNING - The tutorial_taskflow_api_virtualenv example DAG requires virtualenv, please install it.
[2024-03-18T08:21:21.625+0000] {processor.py:842} WARNING - No viable dags retrieved from /home/ubuntu/air_venv/lib/python3.10/site-packages/airflow/example_dags/tutorial_taskflow_api_virtualenv.py
[2024-03-18T08:21:21.636+0000] {processor.py:183} INFO - Processing /home/ubuntu/air_venv/lib/python3.10/site-packages/airflow/example_dags/tutorial_taskflow_api_virtualenv.py took 0.022 seconds
[2024-03-18T08:22:11.139+0000] {processor.py:161} INFO - Started process (PID=13837) to work on /home/ubuntu/air_venv/lib/python3.10/site-packages/airflow/example_dags/tutorial_taskflow_api_virtualenv.py
[2024-03-18T08:22:11.140+0000] {processor.py:830} INFO - Processing file /home/ubuntu/air_venv/lib/python3.10/site-packages/airflow/example_dags/tutorial_taskflow_api_virtualenv.py for tasks to queue
[2024-03-18T08:22:11.141+0000] {logging_mixin.py:188} INFO - [2024-03-18T08:22:11.141+0000] {dagbag.py:540} INFO - Filling up the DagBag from /home/ubuntu/air_venv/lib/python3.10/site-packages/airflow/example_dags/tutorial_taskflow_api_virtualenv.py
[2024-03-18T08:22:11.145+0000] {logging_mixin.py:188} INFO - [2024-03-18T08:22:11.145+0000] {tutorial_taskflow_api_virtualenv.py:29} WARNING - The tutorial_taskflow_api_virtualenv example DAG requires virtualenv, please install it.
[2024-03-18T08:22:11.145+0000] {processor.py:842} WARNING - No viable dags retrieved from /home/ubuntu/air_venv/lib/python3.10/site-packages/airflow/example_dags/tutorial_taskflow_api_virtualenv.py
[2024-03-18T08:22:11.157+0000] {processor.py:183} INFO - Processing /home/ubuntu/air_venv/lib/python3.10/site-packages/airflow/example_dags/tutorial_taskflow_api_virtualenv.py took 0.022 seconds
[2024-03-18T08:22:50.011+0000] {processor.py:161} INFO - Started process (PID=14059) to work on /home/ubuntu/air_venv/lib/python3.10/site-packages/airflow/example_dags/tutorial_taskflow_api_virtualenv.py
[2024-03-18T08:22:50.012+0000] {processor.py:830} INFO - Processing file /home/ubuntu/air_venv/lib/python3.10/site-packages/airflow/example_dags/tutorial_taskflow_api_virtualenv.py for tasks to queue
[2024-03-18T08:22:50.014+0000] {logging_mixin.py:188} INFO - [2024-03-18T08:22:50.013+0000] {dagbag.py:540} INFO - Filling up the DagBag from /home/ubuntu/air_venv/lib/python3.10/site-packages/airflow/example_dags/tutorial_taskflow_api_virtualenv.py
[2024-03-18T08:22:50.017+0000] {logging_mixin.py:188} INFO - [2024-03-18T08:22:50.017+0000] {tutorial_taskflow_api_virtualenv.py:29} WARNING - The tutorial_taskflow_api_virtualenv example DAG requires virtualenv, please install it.
[2024-03-18T08:22:50.017+0000] {processor.py:842} WARNING - No viable dags retrieved from /home/ubuntu/air_venv/lib/python3.10/site-packages/airflow/example_dags/tutorial_taskflow_api_virtualenv.py
[2024-03-18T08:22:50.030+0000] {processor.py:183} INFO - Processing /home/ubuntu/air_venv/lib/python3.10/site-packages/airflow/example_dags/tutorial_taskflow_api_virtualenv.py took 0.023 seconds
[2024-03-18T08:23:28.579+0000] {processor.py:161} INFO - Started process (PID=14401) to work on /home/ubuntu/air_venv/lib/python3.10/site-packages/airflow/example_dags/tutorial_taskflow_api_virtualenv.py
[2024-03-18T08:23:28.581+0000] {processor.py:830} INFO - Processing file /home/ubuntu/air_venv/lib/python3.10/site-packages/airflow/example_dags/tutorial_taskflow_api_virtualenv.py for tasks to queue
[2024-03-18T08:23:28.582+0000] {logging_mixin.py:188} INFO - [2024-03-18T08:23:28.582+0000] {dagbag.py:540} INFO - Filling up the DagBag from /home/ubuntu/air_venv/lib/python3.10/site-packages/airflow/example_dags/tutorial_taskflow_api_virtualenv.py
[2024-03-18T08:23:28.586+0000] {logging_mixin.py:188} INFO - [2024-03-18T08:23:28.585+0000] {tutorial_taskflow_api_virtualenv.py:29} WARNING - The tutorial_taskflow_api_virtualenv example DAG requires virtualenv, please install it.
[2024-03-18T08:23:28.586+0000] {processor.py:842} WARNING - No viable dags retrieved from /home/ubuntu/air_venv/lib/python3.10/site-packages/airflow/example_dags/tutorial_taskflow_api_virtualenv.py
[2024-03-18T08:23:28.598+0000] {processor.py:183} INFO - Processing /home/ubuntu/air_venv/lib/python3.10/site-packages/airflow/example_dags/tutorial_taskflow_api_virtualenv.py took 0.022 seconds
[2024-03-18T08:24:10.492+0000] {processor.py:161} INFO - Started process (PID=14755) to work on /home/ubuntu/air_venv/lib/python3.10/site-packages/airflow/example_dags/tutorial_taskflow_api_virtualenv.py
[2024-03-18T08:24:10.494+0000] {processor.py:830} INFO - Processing file /home/ubuntu/air_venv/lib/python3.10/site-packages/airflow/example_dags/tutorial_taskflow_api_virtualenv.py for tasks to queue
[2024-03-18T08:24:10.495+0000] {logging_mixin.py:188} INFO - [2024-03-18T08:24:10.495+0000] {dagbag.py:540} INFO - Filling up the DagBag from /home/ubuntu/air_venv/lib/python3.10/site-packages/airflow/example_dags/tutorial_taskflow_api_virtualenv.py
[2024-03-18T08:24:10.499+0000] {logging_mixin.py:188} INFO - [2024-03-18T08:24:10.499+0000] {tutorial_taskflow_api_virtualenv.py:29} WARNING - The tutorial_taskflow_api_virtualenv example DAG requires virtualenv, please install it.
[2024-03-18T08:24:10.499+0000] {processor.py:842} WARNING - No viable dags retrieved from /home/ubuntu/air_venv/lib/python3.10/site-packages/airflow/example_dags/tutorial_taskflow_api_virtualenv.py
[2024-03-18T08:24:10.511+0000] {processor.py:183} INFO - Processing /home/ubuntu/air_venv/lib/python3.10/site-packages/airflow/example_dags/tutorial_taskflow_api_virtualenv.py took 0.023 seconds
[2024-03-18T08:24:48.197+0000] {processor.py:161} INFO - Started process (PID=15069) to work on /home/ubuntu/air_venv/lib/python3.10/site-packages/airflow/example_dags/tutorial_taskflow_api_virtualenv.py
[2024-03-18T08:24:48.199+0000] {processor.py:830} INFO - Processing file /home/ubuntu/air_venv/lib/python3.10/site-packages/airflow/example_dags/tutorial_taskflow_api_virtualenv.py for tasks to queue
[2024-03-18T08:24:48.200+0000] {logging_mixin.py:188} INFO - [2024-03-18T08:24:48.200+0000] {dagbag.py:540} INFO - Filling up the DagBag from /home/ubuntu/air_venv/lib/python3.10/site-packages/airflow/example_dags/tutorial_taskflow_api_virtualenv.py
[2024-03-18T08:24:48.203+0000] {logging_mixin.py:188} INFO - [2024-03-18T08:24:48.203+0000] {tutorial_taskflow_api_virtualenv.py:29} WARNING - The tutorial_taskflow_api_virtualenv example DAG requires virtualenv, please install it.
[2024-03-18T08:24:48.204+0000] {processor.py:842} WARNING - No viable dags retrieved from /home/ubuntu/air_venv/lib/python3.10/site-packages/airflow/example_dags/tutorial_taskflow_api_virtualenv.py
[2024-03-18T08:24:48.215+0000] {processor.py:183} INFO - Processing /home/ubuntu/air_venv/lib/python3.10/site-packages/airflow/example_dags/tutorial_taskflow_api_virtualenv.py took 0.022 seconds
[2024-03-18T08:25:30.660+0000] {processor.py:161} INFO - Started process (PID=15288) to work on /home/ubuntu/air_venv/lib/python3.10/site-packages/airflow/example_dags/tutorial_taskflow_api_virtualenv.py
[2024-03-18T08:25:30.662+0000] {processor.py:830} INFO - Processing file /home/ubuntu/air_venv/lib/python3.10/site-packages/airflow/example_dags/tutorial_taskflow_api_virtualenv.py for tasks to queue
[2024-03-18T08:25:30.663+0000] {logging_mixin.py:188} INFO - [2024-03-18T08:25:30.662+0000] {dagbag.py:540} INFO - Filling up the DagBag from /home/ubuntu/air_venv/lib/python3.10/site-packages/airflow/example_dags/tutorial_taskflow_api_virtualenv.py
[2024-03-18T08:25:30.673+0000] {logging_mixin.py:188} INFO - [2024-03-18T08:25:30.673+0000] {tutorial_taskflow_api_virtualenv.py:29} WARNING - The tutorial_taskflow_api_virtualenv example DAG requires virtualenv, please install it.
[2024-03-18T08:25:30.674+0000] {processor.py:842} WARNING - No viable dags retrieved from /home/ubuntu/air_venv/lib/python3.10/site-packages/airflow/example_dags/tutorial_taskflow_api_virtualenv.py
[2024-03-18T08:25:30.692+0000] {processor.py:183} INFO - Processing /home/ubuntu/air_venv/lib/python3.10/site-packages/airflow/example_dags/tutorial_taskflow_api_virtualenv.py took 0.036 seconds
[2024-03-18T08:26:13.229+0000] {processor.py:161} INFO - Started process (PID=15391) to work on /home/ubuntu/air_venv/lib/python3.10/site-packages/airflow/example_dags/tutorial_taskflow_api_virtualenv.py
[2024-03-18T08:26:13.231+0000] {processor.py:830} INFO - Processing file /home/ubuntu/air_venv/lib/python3.10/site-packages/airflow/example_dags/tutorial_taskflow_api_virtualenv.py for tasks to queue
[2024-03-18T08:26:13.232+0000] {logging_mixin.py:188} INFO - [2024-03-18T08:26:13.232+0000] {dagbag.py:540} INFO - Filling up the DagBag from /home/ubuntu/air_venv/lib/python3.10/site-packages/airflow/example_dags/tutorial_taskflow_api_virtualenv.py
[2024-03-18T08:26:13.236+0000] {logging_mixin.py:188} INFO - [2024-03-18T08:26:13.235+0000] {tutorial_taskflow_api_virtualenv.py:29} WARNING - The tutorial_taskflow_api_virtualenv example DAG requires virtualenv, please install it.
[2024-03-18T08:26:13.236+0000] {processor.py:842} WARNING - No viable dags retrieved from /home/ubuntu/air_venv/lib/python3.10/site-packages/airflow/example_dags/tutorial_taskflow_api_virtualenv.py
[2024-03-18T08:26:13.247+0000] {processor.py:183} INFO - Processing /home/ubuntu/air_venv/lib/python3.10/site-packages/airflow/example_dags/tutorial_taskflow_api_virtualenv.py took 0.022 seconds
[2024-03-18T08:26:54.812+0000] {processor.py:161} INFO - Started process (PID=15491) to work on /home/ubuntu/air_venv/lib/python3.10/site-packages/airflow/example_dags/tutorial_taskflow_api_virtualenv.py
[2024-03-18T08:26:54.814+0000] {processor.py:830} INFO - Processing file /home/ubuntu/air_venv/lib/python3.10/site-packages/airflow/example_dags/tutorial_taskflow_api_virtualenv.py for tasks to queue
[2024-03-18T08:26:54.816+0000] {logging_mixin.py:188} INFO - [2024-03-18T08:26:54.815+0000] {dagbag.py:540} INFO - Filling up the DagBag from /home/ubuntu/air_venv/lib/python3.10/site-packages/airflow/example_dags/tutorial_taskflow_api_virtualenv.py
[2024-03-18T08:26:54.819+0000] {logging_mixin.py:188} INFO - [2024-03-18T08:26:54.819+0000] {tutorial_taskflow_api_virtualenv.py:29} WARNING - The tutorial_taskflow_api_virtualenv example DAG requires virtualenv, please install it.
[2024-03-18T08:26:54.820+0000] {processor.py:842} WARNING - No viable dags retrieved from /home/ubuntu/air_venv/lib/python3.10/site-packages/airflow/example_dags/tutorial_taskflow_api_virtualenv.py
[2024-03-18T08:26:54.831+0000] {processor.py:183} INFO - Processing /home/ubuntu/air_venv/lib/python3.10/site-packages/airflow/example_dags/tutorial_taskflow_api_virtualenv.py took 0.022 seconds
[2024-03-18T08:27:36.833+0000] {processor.py:161} INFO - Started process (PID=15533) to work on /home/ubuntu/air_venv/lib/python3.10/site-packages/airflow/example_dags/tutorial_taskflow_api_virtualenv.py
[2024-03-18T08:27:36.835+0000] {processor.py:830} INFO - Processing file /home/ubuntu/air_venv/lib/python3.10/site-packages/airflow/example_dags/tutorial_taskflow_api_virtualenv.py for tasks to queue
[2024-03-18T08:27:36.836+0000] {logging_mixin.py:188} INFO - [2024-03-18T08:27:36.835+0000] {dagbag.py:540} INFO - Filling up the DagBag from /home/ubuntu/air_venv/lib/python3.10/site-packages/airflow/example_dags/tutorial_taskflow_api_virtualenv.py
[2024-03-18T08:27:36.839+0000] {logging_mixin.py:188} INFO - [2024-03-18T08:27:36.839+0000] {tutorial_taskflow_api_virtualenv.py:29} WARNING - The tutorial_taskflow_api_virtualenv example DAG requires virtualenv, please install it.
[2024-03-18T08:27:36.840+0000] {processor.py:842} WARNING - No viable dags retrieved from /home/ubuntu/air_venv/lib/python3.10/site-packages/airflow/example_dags/tutorial_taskflow_api_virtualenv.py
[2024-03-18T08:27:36.852+0000] {processor.py:183} INFO - Processing /home/ubuntu/air_venv/lib/python3.10/site-packages/airflow/example_dags/tutorial_taskflow_api_virtualenv.py took 0.022 seconds
[2024-03-18T08:28:17.914+0000] {processor.py:161} INFO - Started process (PID=15633) to work on /home/ubuntu/air_venv/lib/python3.10/site-packages/airflow/example_dags/tutorial_taskflow_api_virtualenv.py
[2024-03-18T08:28:17.916+0000] {processor.py:830} INFO - Processing file /home/ubuntu/air_venv/lib/python3.10/site-packages/airflow/example_dags/tutorial_taskflow_api_virtualenv.py for tasks to queue
[2024-03-18T08:28:17.917+0000] {logging_mixin.py:188} INFO - [2024-03-18T08:28:17.917+0000] {dagbag.py:540} INFO - Filling up the DagBag from /home/ubuntu/air_venv/lib/python3.10/site-packages/airflow/example_dags/tutorial_taskflow_api_virtualenv.py
[2024-03-18T08:28:17.921+0000] {logging_mixin.py:188} INFO - [2024-03-18T08:28:17.921+0000] {tutorial_taskflow_api_virtualenv.py:29} WARNING - The tutorial_taskflow_api_virtualenv example DAG requires virtualenv, please install it.
[2024-03-18T08:28:17.922+0000] {processor.py:842} WARNING - No viable dags retrieved from /home/ubuntu/air_venv/lib/python3.10/site-packages/airflow/example_dags/tutorial_taskflow_api_virtualenv.py
[2024-03-18T08:28:17.933+0000] {processor.py:183} INFO - Processing /home/ubuntu/air_venv/lib/python3.10/site-packages/airflow/example_dags/tutorial_taskflow_api_virtualenv.py took 0.022 seconds
[2024-03-18T08:28:59.926+0000] {processor.py:161} INFO - Started process (PID=15734) to work on /home/ubuntu/air_venv/lib/python3.10/site-packages/airflow/example_dags/tutorial_taskflow_api_virtualenv.py
[2024-03-18T08:28:59.928+0000] {processor.py:830} INFO - Processing file /home/ubuntu/air_venv/lib/python3.10/site-packages/airflow/example_dags/tutorial_taskflow_api_virtualenv.py for tasks to queue
[2024-03-18T08:28:59.929+0000] {logging_mixin.py:188} INFO - [2024-03-18T08:28:59.929+0000] {dagbag.py:540} INFO - Filling up the DagBag from /home/ubuntu/air_venv/lib/python3.10/site-packages/airflow/example_dags/tutorial_taskflow_api_virtualenv.py
[2024-03-18T08:28:59.933+0000] {logging_mixin.py:188} INFO - [2024-03-18T08:28:59.933+0000] {tutorial_taskflow_api_virtualenv.py:29} WARNING - The tutorial_taskflow_api_virtualenv example DAG requires virtualenv, please install it.
[2024-03-18T08:28:59.934+0000] {processor.py:842} WARNING - No viable dags retrieved from /home/ubuntu/air_venv/lib/python3.10/site-packages/airflow/example_dags/tutorial_taskflow_api_virtualenv.py
[2024-03-18T08:28:59.950+0000] {processor.py:183} INFO - Processing /home/ubuntu/air_venv/lib/python3.10/site-packages/airflow/example_dags/tutorial_taskflow_api_virtualenv.py took 0.028 seconds
[2024-03-18T08:29:44.354+0000] {processor.py:161} INFO - Started process (PID=15836) to work on /home/ubuntu/air_venv/lib/python3.10/site-packages/airflow/example_dags/tutorial_taskflow_api_virtualenv.py
[2024-03-18T08:29:44.356+0000] {processor.py:830} INFO - Processing file /home/ubuntu/air_venv/lib/python3.10/site-packages/airflow/example_dags/tutorial_taskflow_api_virtualenv.py for tasks to queue
[2024-03-18T08:29:44.357+0000] {logging_mixin.py:188} INFO - [2024-03-18T08:29:44.356+0000] {dagbag.py:540} INFO - Filling up the DagBag from /home/ubuntu/air_venv/lib/python3.10/site-packages/airflow/example_dags/tutorial_taskflow_api_virtualenv.py
[2024-03-18T08:29:44.360+0000] {logging_mixin.py:188} INFO - [2024-03-18T08:29:44.360+0000] {tutorial_taskflow_api_virtualenv.py:29} WARNING - The tutorial_taskflow_api_virtualenv example DAG requires virtualenv, please install it.
[2024-03-18T08:29:44.361+0000] {processor.py:842} WARNING - No viable dags retrieved from /home/ubuntu/air_venv/lib/python3.10/site-packages/airflow/example_dags/tutorial_taskflow_api_virtualenv.py
[2024-03-18T08:29:44.373+0000] {processor.py:183} INFO - Processing /home/ubuntu/air_venv/lib/python3.10/site-packages/airflow/example_dags/tutorial_taskflow_api_virtualenv.py took 0.022 seconds
