[2024-03-18T07:59:39.207+0000] {processor.py:161} INFO - Started process (PID=2562) to work on /home/ubuntu/air_venv/lib/python3.10/site-packages/airflow/example_dags/tutorial_taskflow_api.py
[2024-03-18T07:59:39.208+0000] {processor.py:830} INFO - Processing file /home/ubuntu/air_venv/lib/python3.10/site-packages/airflow/example_dags/tutorial_taskflow_api.py for tasks to queue
[2024-03-18T07:59:39.210+0000] {logging_mixin.py:188} INFO - [2024-03-18T07:59:39.209+0000] {dagbag.py:540} INFO - Filling up the DagBag from /home/ubuntu/air_venv/lib/python3.10/site-packages/airflow/example_dags/tutorial_taskflow_api.py
[2024-03-18T07:59:39.232+0000] {processor.py:840} INFO - DAG(s) 'tutorial_taskflow_api' retrieved from /home/ubuntu/air_venv/lib/python3.10/site-packages/airflow/example_dags/tutorial_taskflow_api.py
[2024-03-18T07:59:39.533+0000] {logging_mixin.py:188} INFO - [2024-03-18T07:59:39.532+0000] {override.py:1769} INFO - Created Permission View: can edit on DAG:tutorial_taskflow_api
[2024-03-18T07:59:39.561+0000] {logging_mixin.py:188} INFO - [2024-03-18T07:59:39.561+0000] {override.py:1769} INFO - Created Permission View: can delete on DAG:tutorial_taskflow_api
[2024-03-18T07:59:39.587+0000] {logging_mixin.py:188} INFO - [2024-03-18T07:59:39.586+0000] {override.py:1769} INFO - Created Permission View: can read on DAG:tutorial_taskflow_api
[2024-03-18T07:59:39.587+0000] {logging_mixin.py:188} INFO - [2024-03-18T07:59:39.587+0000] {dag.py:3047} INFO - Sync 1 DAGs
[2024-03-18T07:59:39.610+0000] {logging_mixin.py:188} INFO - [2024-03-18T07:59:39.610+0000] {dag.py:3069} INFO - Creating ORM DAG for tutorial_taskflow_api
[2024-03-18T07:59:39.611+0000] {logging_mixin.py:188} INFO - [2024-03-18T07:59:39.611+0000] {dag.py:3834} INFO - Setting next_dagrun for tutorial_taskflow_api to None, run_after=None
[2024-03-18T07:59:39.675+0000] {processor.py:183} INFO - Processing /home/ubuntu/air_venv/lib/python3.10/site-packages/airflow/example_dags/tutorial_taskflow_api.py took 0.475 seconds
[2024-03-18T08:00:45.944+0000] {processor.py:161} INFO - Started process (PID=3249) to work on /home/ubuntu/air_venv/lib/python3.10/site-packages/airflow/example_dags/tutorial_taskflow_api.py
[2024-03-18T08:00:45.946+0000] {processor.py:830} INFO - Processing file /home/ubuntu/air_venv/lib/python3.10/site-packages/airflow/example_dags/tutorial_taskflow_api.py for tasks to queue
[2024-03-18T08:00:45.947+0000] {logging_mixin.py:188} INFO - [2024-03-18T08:00:45.947+0000] {dagbag.py:540} INFO - Filling up the DagBag from /home/ubuntu/air_venv/lib/python3.10/site-packages/airflow/example_dags/tutorial_taskflow_api.py
[2024-03-18T08:00:45.955+0000] {processor.py:840} INFO - DAG(s) 'tutorial_taskflow_api' retrieved from /home/ubuntu/air_venv/lib/python3.10/site-packages/airflow/example_dags/tutorial_taskflow_api.py
[2024-03-18T08:00:45.972+0000] {logging_mixin.py:188} INFO - [2024-03-18T08:00:45.972+0000] {dag.py:3047} INFO - Sync 1 DAGs
[2024-03-18T08:00:45.986+0000] {logging_mixin.py:188} INFO - [2024-03-18T08:00:45.986+0000] {dag.py:3834} INFO - Setting next_dagrun for tutorial_taskflow_api to None, run_after=None
[2024-03-18T08:00:46.013+0000] {processor.py:183} INFO - Processing /home/ubuntu/air_venv/lib/python3.10/site-packages/airflow/example_dags/tutorial_taskflow_api.py took 0.072 seconds
[2024-03-18T08:01:35.879+0000] {processor.py:161} INFO - Started process (PID=3598) to work on /home/ubuntu/air_venv/lib/python3.10/site-packages/airflow/example_dags/tutorial_taskflow_api.py
[2024-03-18T08:01:35.882+0000] {processor.py:830} INFO - Processing file /home/ubuntu/air_venv/lib/python3.10/site-packages/airflow/example_dags/tutorial_taskflow_api.py for tasks to queue
[2024-03-18T08:01:35.884+0000] {logging_mixin.py:188} INFO - [2024-03-18T08:01:35.883+0000] {dagbag.py:540} INFO - Filling up the DagBag from /home/ubuntu/air_venv/lib/python3.10/site-packages/airflow/example_dags/tutorial_taskflow_api.py
[2024-03-18T08:01:35.891+0000] {processor.py:840} INFO - DAG(s) 'tutorial_taskflow_api' retrieved from /home/ubuntu/air_venv/lib/python3.10/site-packages/airflow/example_dags/tutorial_taskflow_api.py
[2024-03-18T08:01:35.909+0000] {logging_mixin.py:188} INFO - [2024-03-18T08:01:35.909+0000] {dag.py:3047} INFO - Sync 1 DAGs
[2024-03-18T08:01:35.921+0000] {logging_mixin.py:188} INFO - [2024-03-18T08:01:35.921+0000] {dag.py:3834} INFO - Setting next_dagrun for tutorial_taskflow_api to None, run_after=None
[2024-03-18T08:01:35.948+0000] {processor.py:183} INFO - Processing /home/ubuntu/air_venv/lib/python3.10/site-packages/airflow/example_dags/tutorial_taskflow_api.py took 0.072 seconds
[2024-03-18T08:02:25.199+0000] {processor.py:161} INFO - Started process (PID=4184) to work on /home/ubuntu/air_venv/lib/python3.10/site-packages/airflow/example_dags/tutorial_taskflow_api.py
[2024-03-18T08:02:25.202+0000] {processor.py:830} INFO - Processing file /home/ubuntu/air_venv/lib/python3.10/site-packages/airflow/example_dags/tutorial_taskflow_api.py for tasks to queue
[2024-03-18T08:02:25.203+0000] {logging_mixin.py:188} INFO - [2024-03-18T08:02:25.203+0000] {dagbag.py:540} INFO - Filling up the DagBag from /home/ubuntu/air_venv/lib/python3.10/site-packages/airflow/example_dags/tutorial_taskflow_api.py
[2024-03-18T08:02:25.211+0000] {processor.py:840} INFO - DAG(s) 'tutorial_taskflow_api' retrieved from /home/ubuntu/air_venv/lib/python3.10/site-packages/airflow/example_dags/tutorial_taskflow_api.py
[2024-03-18T08:02:25.373+0000] {logging_mixin.py:188} INFO - [2024-03-18T08:02:25.372+0000] {dag.py:3047} INFO - Sync 1 DAGs
[2024-03-18T08:02:25.384+0000] {logging_mixin.py:188} INFO - [2024-03-18T08:02:25.383+0000] {dag.py:3834} INFO - Setting next_dagrun for tutorial_taskflow_api to None, run_after=None
[2024-03-18T08:02:25.409+0000] {processor.py:183} INFO - Processing /home/ubuntu/air_venv/lib/python3.10/site-packages/airflow/example_dags/tutorial_taskflow_api.py took 0.214 seconds
[2024-03-18T08:03:19.433+0000] {processor.py:161} INFO - Started process (PID=4472) to work on /home/ubuntu/air_venv/lib/python3.10/site-packages/airflow/example_dags/tutorial_taskflow_api.py
[2024-03-18T08:03:19.435+0000] {processor.py:830} INFO - Processing file /home/ubuntu/air_venv/lib/python3.10/site-packages/airflow/example_dags/tutorial_taskflow_api.py for tasks to queue
[2024-03-18T08:03:19.437+0000] {logging_mixin.py:188} INFO - [2024-03-18T08:03:19.436+0000] {dagbag.py:540} INFO - Filling up the DagBag from /home/ubuntu/air_venv/lib/python3.10/site-packages/airflow/example_dags/tutorial_taskflow_api.py
[2024-03-18T08:03:19.445+0000] {processor.py:840} INFO - DAG(s) 'tutorial_taskflow_api' retrieved from /home/ubuntu/air_venv/lib/python3.10/site-packages/airflow/example_dags/tutorial_taskflow_api.py
[2024-03-18T08:03:19.464+0000] {logging_mixin.py:188} INFO - [2024-03-18T08:03:19.464+0000] {dag.py:3047} INFO - Sync 1 DAGs
[2024-03-18T08:03:19.478+0000] {logging_mixin.py:188} INFO - [2024-03-18T08:03:19.478+0000] {dag.py:3834} INFO - Setting next_dagrun for tutorial_taskflow_api to None, run_after=None
[2024-03-18T08:03:19.506+0000] {processor.py:183} INFO - Processing /home/ubuntu/air_venv/lib/python3.10/site-packages/airflow/example_dags/tutorial_taskflow_api.py took 0.076 seconds
[2024-03-18T08:04:02.798+0000] {processor.py:161} INFO - Started process (PID=4820) to work on /home/ubuntu/air_venv/lib/python3.10/site-packages/airflow/example_dags/tutorial_taskflow_api.py
[2024-03-18T08:04:02.800+0000] {processor.py:830} INFO - Processing file /home/ubuntu/air_venv/lib/python3.10/site-packages/airflow/example_dags/tutorial_taskflow_api.py for tasks to queue
[2024-03-18T08:04:02.801+0000] {logging_mixin.py:188} INFO - [2024-03-18T08:04:02.800+0000] {dagbag.py:540} INFO - Filling up the DagBag from /home/ubuntu/air_venv/lib/python3.10/site-packages/airflow/example_dags/tutorial_taskflow_api.py
[2024-03-18T08:04:02.979+0000] {processor.py:840} INFO - DAG(s) 'tutorial_taskflow_api' retrieved from /home/ubuntu/air_venv/lib/python3.10/site-packages/airflow/example_dags/tutorial_taskflow_api.py
[2024-03-18T08:04:03.372+0000] {logging_mixin.py:188} INFO - [2024-03-18T08:04:03.372+0000] {dag.py:3047} INFO - Sync 1 DAGs
[2024-03-18T08:04:03.394+0000] {logging_mixin.py:188} INFO - [2024-03-18T08:04:03.394+0000] {dag.py:3834} INFO - Setting next_dagrun for tutorial_taskflow_api to None, run_after=None
[2024-03-18T08:04:03.481+0000] {processor.py:183} INFO - Processing /home/ubuntu/air_venv/lib/python3.10/site-packages/airflow/example_dags/tutorial_taskflow_api.py took 0.793 seconds
[2024-03-18T08:04:51.492+0000] {processor.py:161} INFO - Started process (PID=5230) to work on /home/ubuntu/air_venv/lib/python3.10/site-packages/airflow/example_dags/tutorial_taskflow_api.py
[2024-03-18T08:04:51.493+0000] {processor.py:830} INFO - Processing file /home/ubuntu/air_venv/lib/python3.10/site-packages/airflow/example_dags/tutorial_taskflow_api.py for tasks to queue
[2024-03-18T08:04:51.495+0000] {logging_mixin.py:188} INFO - [2024-03-18T08:04:51.494+0000] {dagbag.py:540} INFO - Filling up the DagBag from /home/ubuntu/air_venv/lib/python3.10/site-packages/airflow/example_dags/tutorial_taskflow_api.py
[2024-03-18T08:04:51.503+0000] {processor.py:840} INFO - DAG(s) 'tutorial_taskflow_api' retrieved from /home/ubuntu/air_venv/lib/python3.10/site-packages/airflow/example_dags/tutorial_taskflow_api.py
[2024-03-18T08:04:51.520+0000] {logging_mixin.py:188} INFO - [2024-03-18T08:04:51.520+0000] {dag.py:3047} INFO - Sync 1 DAGs
[2024-03-18T08:04:51.534+0000] {logging_mixin.py:188} INFO - [2024-03-18T08:04:51.533+0000] {dag.py:3834} INFO - Setting next_dagrun for tutorial_taskflow_api to None, run_after=None
[2024-03-18T08:04:51.559+0000] {processor.py:183} INFO - Processing /home/ubuntu/air_venv/lib/python3.10/site-packages/airflow/example_dags/tutorial_taskflow_api.py took 0.071 seconds
[2024-03-18T08:05:44.396+0000] {processor.py:161} INFO - Started process (PID=5820) to work on /home/ubuntu/air_venv/lib/python3.10/site-packages/airflow/example_dags/tutorial_taskflow_api.py
[2024-03-18T08:05:44.399+0000] {processor.py:830} INFO - Processing file /home/ubuntu/air_venv/lib/python3.10/site-packages/airflow/example_dags/tutorial_taskflow_api.py for tasks to queue
[2024-03-18T08:05:44.400+0000] {logging_mixin.py:188} INFO - [2024-03-18T08:05:44.400+0000] {dagbag.py:540} INFO - Filling up the DagBag from /home/ubuntu/air_venv/lib/python3.10/site-packages/airflow/example_dags/tutorial_taskflow_api.py
[2024-03-18T08:05:44.408+0000] {processor.py:840} INFO - DAG(s) 'tutorial_taskflow_api' retrieved from /home/ubuntu/air_venv/lib/python3.10/site-packages/airflow/example_dags/tutorial_taskflow_api.py
[2024-03-18T08:05:44.427+0000] {logging_mixin.py:188} INFO - [2024-03-18T08:05:44.426+0000] {dag.py:3047} INFO - Sync 1 DAGs
[2024-03-18T08:05:44.441+0000] {logging_mixin.py:188} INFO - [2024-03-18T08:05:44.440+0000] {dag.py:3834} INFO - Setting next_dagrun for tutorial_taskflow_api to None, run_after=None
[2024-03-18T08:05:44.466+0000] {processor.py:183} INFO - Processing /home/ubuntu/air_venv/lib/python3.10/site-packages/airflow/example_dags/tutorial_taskflow_api.py took 0.074 seconds
[2024-03-18T08:06:58.364+0000] {processor.py:161} INFO - Started process (PID=6678) to work on /home/ubuntu/air_venv/lib/python3.10/site-packages/airflow/example_dags/tutorial_taskflow_api.py
[2024-03-18T08:06:58.366+0000] {processor.py:830} INFO - Processing file /home/ubuntu/air_venv/lib/python3.10/site-packages/airflow/example_dags/tutorial_taskflow_api.py for tasks to queue
[2024-03-18T08:06:58.367+0000] {logging_mixin.py:188} INFO - [2024-03-18T08:06:58.366+0000] {dagbag.py:540} INFO - Filling up the DagBag from /home/ubuntu/air_venv/lib/python3.10/site-packages/airflow/example_dags/tutorial_taskflow_api.py
[2024-03-18T08:06:58.375+0000] {processor.py:840} INFO - DAG(s) 'tutorial_taskflow_api' retrieved from /home/ubuntu/air_venv/lib/python3.10/site-packages/airflow/example_dags/tutorial_taskflow_api.py
[2024-03-18T08:06:58.402+0000] {logging_mixin.py:188} INFO - [2024-03-18T08:06:58.401+0000] {dag.py:3047} INFO - Sync 1 DAGs
[2024-03-18T08:06:58.416+0000] {logging_mixin.py:188} INFO - [2024-03-18T08:06:58.415+0000] {dag.py:3834} INFO - Setting next_dagrun for tutorial_taskflow_api to None, run_after=None
[2024-03-18T08:06:58.440+0000] {processor.py:183} INFO - Processing /home/ubuntu/air_venv/lib/python3.10/site-packages/airflow/example_dags/tutorial_taskflow_api.py took 0.080 seconds
[2024-03-18T08:07:46.693+0000] {processor.py:161} INFO - Started process (PID=7204) to work on /home/ubuntu/air_venv/lib/python3.10/site-packages/airflow/example_dags/tutorial_taskflow_api.py
[2024-03-18T08:07:46.695+0000] {processor.py:830} INFO - Processing file /home/ubuntu/air_venv/lib/python3.10/site-packages/airflow/example_dags/tutorial_taskflow_api.py for tasks to queue
[2024-03-18T08:07:46.696+0000] {logging_mixin.py:188} INFO - [2024-03-18T08:07:46.695+0000] {dagbag.py:540} INFO - Filling up the DagBag from /home/ubuntu/air_venv/lib/python3.10/site-packages/airflow/example_dags/tutorial_taskflow_api.py
[2024-03-18T08:07:46.704+0000] {processor.py:840} INFO - DAG(s) 'tutorial_taskflow_api' retrieved from /home/ubuntu/air_venv/lib/python3.10/site-packages/airflow/example_dags/tutorial_taskflow_api.py
[2024-03-18T08:07:46.723+0000] {logging_mixin.py:188} INFO - [2024-03-18T08:07:46.723+0000] {dag.py:3047} INFO - Sync 1 DAGs
[2024-03-18T08:07:46.736+0000] {logging_mixin.py:188} INFO - [2024-03-18T08:07:46.736+0000] {dag.py:3834} INFO - Setting next_dagrun for tutorial_taskflow_api to None, run_after=None
[2024-03-18T08:07:46.761+0000] {processor.py:183} INFO - Processing /home/ubuntu/air_venv/lib/python3.10/site-packages/airflow/example_dags/tutorial_taskflow_api.py took 0.072 seconds
[2024-03-18T08:08:34.923+0000] {processor.py:161} INFO - Started process (PID=7400) to work on /home/ubuntu/air_venv/lib/python3.10/site-packages/airflow/example_dags/tutorial_taskflow_api.py
[2024-03-18T08:08:34.925+0000] {processor.py:830} INFO - Processing file /home/ubuntu/air_venv/lib/python3.10/site-packages/airflow/example_dags/tutorial_taskflow_api.py for tasks to queue
[2024-03-18T08:08:34.926+0000] {logging_mixin.py:188} INFO - [2024-03-18T08:08:34.926+0000] {dagbag.py:540} INFO - Filling up the DagBag from /home/ubuntu/air_venv/lib/python3.10/site-packages/airflow/example_dags/tutorial_taskflow_api.py
[2024-03-18T08:08:34.934+0000] {processor.py:840} INFO - DAG(s) 'tutorial_taskflow_api' retrieved from /home/ubuntu/air_venv/lib/python3.10/site-packages/airflow/example_dags/tutorial_taskflow_api.py
[2024-03-18T08:08:34.951+0000] {logging_mixin.py:188} INFO - [2024-03-18T08:08:34.951+0000] {dag.py:3047} INFO - Sync 1 DAGs
[2024-03-18T08:08:34.966+0000] {logging_mixin.py:188} INFO - [2024-03-18T08:08:34.965+0000] {dag.py:3834} INFO - Setting next_dagrun for tutorial_taskflow_api to None, run_after=None
[2024-03-18T08:08:34.994+0000] {processor.py:183} INFO - Processing /home/ubuntu/air_venv/lib/python3.10/site-packages/airflow/example_dags/tutorial_taskflow_api.py took 0.074 seconds
[2024-03-18T08:09:18.400+0000] {processor.py:161} INFO - Started process (PID=7784) to work on /home/ubuntu/air_venv/lib/python3.10/site-packages/airflow/example_dags/tutorial_taskflow_api.py
[2024-03-18T08:09:18.402+0000] {processor.py:830} INFO - Processing file /home/ubuntu/air_venv/lib/python3.10/site-packages/airflow/example_dags/tutorial_taskflow_api.py for tasks to queue
[2024-03-18T08:09:18.403+0000] {logging_mixin.py:188} INFO - [2024-03-18T08:09:18.402+0000] {dagbag.py:540} INFO - Filling up the DagBag from /home/ubuntu/air_venv/lib/python3.10/site-packages/airflow/example_dags/tutorial_taskflow_api.py
[2024-03-18T08:09:18.411+0000] {processor.py:840} INFO - DAG(s) 'tutorial_taskflow_api' retrieved from /home/ubuntu/air_venv/lib/python3.10/site-packages/airflow/example_dags/tutorial_taskflow_api.py
[2024-03-18T08:09:18.430+0000] {logging_mixin.py:188} INFO - [2024-03-18T08:09:18.429+0000] {dag.py:3047} INFO - Sync 1 DAGs
[2024-03-18T08:09:18.442+0000] {logging_mixin.py:188} INFO - [2024-03-18T08:09:18.442+0000] {dag.py:3834} INFO - Setting next_dagrun for tutorial_taskflow_api to None, run_after=None
[2024-03-18T08:09:18.466+0000] {processor.py:183} INFO - Processing /home/ubuntu/air_venv/lib/python3.10/site-packages/airflow/example_dags/tutorial_taskflow_api.py took 0.070 seconds
[2024-03-18T08:10:00.517+0000] {processor.py:161} INFO - Started process (PID=8067) to work on /home/ubuntu/air_venv/lib/python3.10/site-packages/airflow/example_dags/tutorial_taskflow_api.py
[2024-03-18T08:10:00.519+0000] {processor.py:830} INFO - Processing file /home/ubuntu/air_venv/lib/python3.10/site-packages/airflow/example_dags/tutorial_taskflow_api.py for tasks to queue
[2024-03-18T08:10:00.520+0000] {logging_mixin.py:188} INFO - [2024-03-18T08:10:00.519+0000] {dagbag.py:540} INFO - Filling up the DagBag from /home/ubuntu/air_venv/lib/python3.10/site-packages/airflow/example_dags/tutorial_taskflow_api.py
[2024-03-18T08:10:00.528+0000] {processor.py:840} INFO - DAG(s) 'tutorial_taskflow_api' retrieved from /home/ubuntu/air_venv/lib/python3.10/site-packages/airflow/example_dags/tutorial_taskflow_api.py
[2024-03-18T08:10:00.547+0000] {logging_mixin.py:188} INFO - [2024-03-18T08:10:00.547+0000] {dag.py:3047} INFO - Sync 1 DAGs
[2024-03-18T08:10:00.561+0000] {logging_mixin.py:188} INFO - [2024-03-18T08:10:00.560+0000] {dag.py:3834} INFO - Setting next_dagrun for tutorial_taskflow_api to None, run_after=None
[2024-03-18T08:10:00.587+0000] {processor.py:183} INFO - Processing /home/ubuntu/air_venv/lib/python3.10/site-packages/airflow/example_dags/tutorial_taskflow_api.py took 0.074 seconds
[2024-03-18T08:10:41.418+0000] {processor.py:161} INFO - Started process (PID=8348) to work on /home/ubuntu/air_venv/lib/python3.10/site-packages/airflow/example_dags/tutorial_taskflow_api.py
[2024-03-18T08:10:41.419+0000] {processor.py:830} INFO - Processing file /home/ubuntu/air_venv/lib/python3.10/site-packages/airflow/example_dags/tutorial_taskflow_api.py for tasks to queue
[2024-03-18T08:10:41.421+0000] {logging_mixin.py:188} INFO - [2024-03-18T08:10:41.420+0000] {dagbag.py:540} INFO - Filling up the DagBag from /home/ubuntu/air_venv/lib/python3.10/site-packages/airflow/example_dags/tutorial_taskflow_api.py
[2024-03-18T08:10:41.428+0000] {processor.py:840} INFO - DAG(s) 'tutorial_taskflow_api' retrieved from /home/ubuntu/air_venv/lib/python3.10/site-packages/airflow/example_dags/tutorial_taskflow_api.py
[2024-03-18T08:10:41.446+0000] {logging_mixin.py:188} INFO - [2024-03-18T08:10:41.446+0000] {dag.py:3047} INFO - Sync 1 DAGs
[2024-03-18T08:10:41.460+0000] {logging_mixin.py:188} INFO - [2024-03-18T08:10:41.459+0000] {dag.py:3834} INFO - Setting next_dagrun for tutorial_taskflow_api to None, run_after=None
[2024-03-18T08:10:41.487+0000] {processor.py:183} INFO - Processing /home/ubuntu/air_venv/lib/python3.10/site-packages/airflow/example_dags/tutorial_taskflow_api.py took 0.072 seconds
[2024-03-18T08:11:19.718+0000] {processor.py:161} INFO - Started process (PID=8746) to work on /home/ubuntu/air_venv/lib/python3.10/site-packages/airflow/example_dags/tutorial_taskflow_api.py
[2024-03-18T08:11:19.720+0000] {processor.py:830} INFO - Processing file /home/ubuntu/air_venv/lib/python3.10/site-packages/airflow/example_dags/tutorial_taskflow_api.py for tasks to queue
[2024-03-18T08:11:19.721+0000] {logging_mixin.py:188} INFO - [2024-03-18T08:11:19.721+0000] {dagbag.py:540} INFO - Filling up the DagBag from /home/ubuntu/air_venv/lib/python3.10/site-packages/airflow/example_dags/tutorial_taskflow_api.py
[2024-03-18T08:11:19.729+0000] {processor.py:840} INFO - DAG(s) 'tutorial_taskflow_api' retrieved from /home/ubuntu/air_venv/lib/python3.10/site-packages/airflow/example_dags/tutorial_taskflow_api.py
[2024-03-18T08:11:19.747+0000] {logging_mixin.py:188} INFO - [2024-03-18T08:11:19.747+0000] {dag.py:3047} INFO - Sync 1 DAGs
[2024-03-18T08:11:19.761+0000] {logging_mixin.py:188} INFO - [2024-03-18T08:11:19.760+0000] {dag.py:3834} INFO - Setting next_dagrun for tutorial_taskflow_api to None, run_after=None
[2024-03-18T08:11:19.786+0000] {processor.py:183} INFO - Processing /home/ubuntu/air_venv/lib/python3.10/site-packages/airflow/example_dags/tutorial_taskflow_api.py took 0.072 seconds
[2024-03-18T08:12:04.346+0000] {processor.py:161} INFO - Started process (PID=8971) to work on /home/ubuntu/air_venv/lib/python3.10/site-packages/airflow/example_dags/tutorial_taskflow_api.py
[2024-03-18T08:12:04.348+0000] {processor.py:830} INFO - Processing file /home/ubuntu/air_venv/lib/python3.10/site-packages/airflow/example_dags/tutorial_taskflow_api.py for tasks to queue
[2024-03-18T08:12:04.349+0000] {logging_mixin.py:188} INFO - [2024-03-18T08:12:04.349+0000] {dagbag.py:540} INFO - Filling up the DagBag from /home/ubuntu/air_venv/lib/python3.10/site-packages/airflow/example_dags/tutorial_taskflow_api.py
[2024-03-18T08:12:04.364+0000] {processor.py:840} INFO - DAG(s) 'tutorial_taskflow_api' retrieved from /home/ubuntu/air_venv/lib/python3.10/site-packages/airflow/example_dags/tutorial_taskflow_api.py
[2024-03-18T08:12:04.495+0000] {logging_mixin.py:188} INFO - [2024-03-18T08:12:04.494+0000] {dag.py:3047} INFO - Sync 1 DAGs
[2024-03-18T08:12:04.511+0000] {logging_mixin.py:188} INFO - [2024-03-18T08:12:04.511+0000] {dag.py:3834} INFO - Setting next_dagrun for tutorial_taskflow_api to None, run_after=None
[2024-03-18T08:12:04.640+0000] {processor.py:183} INFO - Processing /home/ubuntu/air_venv/lib/python3.10/site-packages/airflow/example_dags/tutorial_taskflow_api.py took 0.298 seconds
[2024-03-18T08:12:43.862+0000] {processor.py:161} INFO - Started process (PID=9276) to work on /home/ubuntu/air_venv/lib/python3.10/site-packages/airflow/example_dags/tutorial_taskflow_api.py
[2024-03-18T08:12:43.864+0000] {processor.py:830} INFO - Processing file /home/ubuntu/air_venv/lib/python3.10/site-packages/airflow/example_dags/tutorial_taskflow_api.py for tasks to queue
[2024-03-18T08:12:43.865+0000] {logging_mixin.py:188} INFO - [2024-03-18T08:12:43.865+0000] {dagbag.py:540} INFO - Filling up the DagBag from /home/ubuntu/air_venv/lib/python3.10/site-packages/airflow/example_dags/tutorial_taskflow_api.py
[2024-03-18T08:12:43.874+0000] {processor.py:840} INFO - DAG(s) 'tutorial_taskflow_api' retrieved from /home/ubuntu/air_venv/lib/python3.10/site-packages/airflow/example_dags/tutorial_taskflow_api.py
[2024-03-18T08:12:43.892+0000] {logging_mixin.py:188} INFO - [2024-03-18T08:12:43.891+0000] {dag.py:3047} INFO - Sync 1 DAGs
[2024-03-18T08:12:43.905+0000] {logging_mixin.py:188} INFO - [2024-03-18T08:12:43.904+0000] {dag.py:3834} INFO - Setting next_dagrun for tutorial_taskflow_api to None, run_after=None
[2024-03-18T08:12:43.931+0000] {processor.py:183} INFO - Processing /home/ubuntu/air_venv/lib/python3.10/site-packages/airflow/example_dags/tutorial_taskflow_api.py took 0.072 seconds
[2024-03-18T08:13:30.216+0000] {processor.py:161} INFO - Started process (PID=9535) to work on /home/ubuntu/air_venv/lib/python3.10/site-packages/airflow/example_dags/tutorial_taskflow_api.py
[2024-03-18T08:13:30.217+0000] {processor.py:830} INFO - Processing file /home/ubuntu/air_venv/lib/python3.10/site-packages/airflow/example_dags/tutorial_taskflow_api.py for tasks to queue
[2024-03-18T08:13:30.218+0000] {logging_mixin.py:188} INFO - [2024-03-18T08:13:30.218+0000] {dagbag.py:540} INFO - Filling up the DagBag from /home/ubuntu/air_venv/lib/python3.10/site-packages/airflow/example_dags/tutorial_taskflow_api.py
[2024-03-18T08:13:30.226+0000] {processor.py:840} INFO - DAG(s) 'tutorial_taskflow_api' retrieved from /home/ubuntu/air_venv/lib/python3.10/site-packages/airflow/example_dags/tutorial_taskflow_api.py
[2024-03-18T08:13:30.243+0000] {logging_mixin.py:188} INFO - [2024-03-18T08:13:30.243+0000] {dag.py:3047} INFO - Sync 1 DAGs
[2024-03-18T08:13:30.256+0000] {logging_mixin.py:188} INFO - [2024-03-18T08:13:30.255+0000] {dag.py:3834} INFO - Setting next_dagrun for tutorial_taskflow_api to None, run_after=None
[2024-03-18T08:13:30.280+0000] {processor.py:183} INFO - Processing /home/ubuntu/air_venv/lib/python3.10/site-packages/airflow/example_dags/tutorial_taskflow_api.py took 0.068 seconds
[2024-03-18T08:14:09.999+0000] {processor.py:161} INFO - Started process (PID=9722) to work on /home/ubuntu/air_venv/lib/python3.10/site-packages/airflow/example_dags/tutorial_taskflow_api.py
[2024-03-18T08:14:10.001+0000] {processor.py:830} INFO - Processing file /home/ubuntu/air_venv/lib/python3.10/site-packages/airflow/example_dags/tutorial_taskflow_api.py for tasks to queue
[2024-03-18T08:14:10.003+0000] {logging_mixin.py:188} INFO - [2024-03-18T08:14:10.002+0000] {dagbag.py:540} INFO - Filling up the DagBag from /home/ubuntu/air_venv/lib/python3.10/site-packages/airflow/example_dags/tutorial_taskflow_api.py
[2024-03-18T08:14:10.012+0000] {processor.py:840} INFO - DAG(s) 'tutorial_taskflow_api' retrieved from /home/ubuntu/air_venv/lib/python3.10/site-packages/airflow/example_dags/tutorial_taskflow_api.py
[2024-03-18T08:14:10.030+0000] {logging_mixin.py:188} INFO - [2024-03-18T08:14:10.030+0000] {dag.py:3047} INFO - Sync 1 DAGs
[2024-03-18T08:14:10.043+0000] {logging_mixin.py:188} INFO - [2024-03-18T08:14:10.043+0000] {dag.py:3834} INFO - Setting next_dagrun for tutorial_taskflow_api to None, run_after=None
[2024-03-18T08:14:10.068+0000] {processor.py:183} INFO - Processing /home/ubuntu/air_venv/lib/python3.10/site-packages/airflow/example_dags/tutorial_taskflow_api.py took 0.073 seconds
[2024-03-18T08:15:22.855+0000] {processor.py:161} INFO - Started process (PID=10374) to work on /home/ubuntu/air_venv/lib/python3.10/site-packages/airflow/example_dags/tutorial_taskflow_api.py
[2024-03-18T08:15:22.857+0000] {processor.py:830} INFO - Processing file /home/ubuntu/air_venv/lib/python3.10/site-packages/airflow/example_dags/tutorial_taskflow_api.py for tasks to queue
[2024-03-18T08:15:22.858+0000] {logging_mixin.py:188} INFO - [2024-03-18T08:15:22.858+0000] {dagbag.py:540} INFO - Filling up the DagBag from /home/ubuntu/air_venv/lib/python3.10/site-packages/airflow/example_dags/tutorial_taskflow_api.py
[2024-03-18T08:15:22.866+0000] {processor.py:840} INFO - DAG(s) 'tutorial_taskflow_api' retrieved from /home/ubuntu/air_venv/lib/python3.10/site-packages/airflow/example_dags/tutorial_taskflow_api.py
[2024-03-18T08:15:22.884+0000] {logging_mixin.py:188} INFO - [2024-03-18T08:15:22.884+0000] {dag.py:3047} INFO - Sync 1 DAGs
[2024-03-18T08:15:22.897+0000] {logging_mixin.py:188} INFO - [2024-03-18T08:15:22.897+0000] {dag.py:3834} INFO - Setting next_dagrun for tutorial_taskflow_api to None, run_after=None
[2024-03-18T08:15:22.923+0000] {processor.py:183} INFO - Processing /home/ubuntu/air_venv/lib/python3.10/site-packages/airflow/example_dags/tutorial_taskflow_api.py took 0.071 seconds
[2024-03-18T08:16:16.031+0000] {processor.py:161} INFO - Started process (PID=11026) to work on /home/ubuntu/air_venv/lib/python3.10/site-packages/airflow/example_dags/tutorial_taskflow_api.py
[2024-03-18T08:16:16.033+0000] {processor.py:830} INFO - Processing file /home/ubuntu/air_venv/lib/python3.10/site-packages/airflow/example_dags/tutorial_taskflow_api.py for tasks to queue
[2024-03-18T08:16:16.034+0000] {logging_mixin.py:188} INFO - [2024-03-18T08:16:16.033+0000] {dagbag.py:540} INFO - Filling up the DagBag from /home/ubuntu/air_venv/lib/python3.10/site-packages/airflow/example_dags/tutorial_taskflow_api.py
[2024-03-18T08:16:16.042+0000] {processor.py:840} INFO - DAG(s) 'tutorial_taskflow_api' retrieved from /home/ubuntu/air_venv/lib/python3.10/site-packages/airflow/example_dags/tutorial_taskflow_api.py
[2024-03-18T08:16:16.060+0000] {logging_mixin.py:188} INFO - [2024-03-18T08:16:16.060+0000] {dag.py:3047} INFO - Sync 1 DAGs
[2024-03-18T08:16:16.073+0000] {logging_mixin.py:188} INFO - [2024-03-18T08:16:16.073+0000] {dag.py:3834} INFO - Setting next_dagrun for tutorial_taskflow_api to None, run_after=None
[2024-03-18T08:16:16.099+0000] {processor.py:183} INFO - Processing /home/ubuntu/air_venv/lib/python3.10/site-packages/airflow/example_dags/tutorial_taskflow_api.py took 0.072 seconds
[2024-03-18T08:17:05.325+0000] {processor.py:161} INFO - Started process (PID=11642) to work on /home/ubuntu/air_venv/lib/python3.10/site-packages/airflow/example_dags/tutorial_taskflow_api.py
[2024-03-18T08:17:05.339+0000] {processor.py:830} INFO - Processing file /home/ubuntu/air_venv/lib/python3.10/site-packages/airflow/example_dags/tutorial_taskflow_api.py for tasks to queue
[2024-03-18T08:17:05.340+0000] {logging_mixin.py:188} INFO - [2024-03-18T08:17:05.340+0000] {dagbag.py:540} INFO - Filling up the DagBag from /home/ubuntu/air_venv/lib/python3.10/site-packages/airflow/example_dags/tutorial_taskflow_api.py
[2024-03-18T08:17:05.362+0000] {processor.py:840} INFO - DAG(s) 'tutorial_taskflow_api' retrieved from /home/ubuntu/air_venv/lib/python3.10/site-packages/airflow/example_dags/tutorial_taskflow_api.py
[2024-03-18T08:17:05.411+0000] {logging_mixin.py:188} INFO - [2024-03-18T08:17:05.410+0000] {dag.py:3047} INFO - Sync 1 DAGs
[2024-03-18T08:17:05.428+0000] {logging_mixin.py:188} INFO - [2024-03-18T08:17:05.428+0000] {dag.py:3834} INFO - Setting next_dagrun for tutorial_taskflow_api to None, run_after=None
[2024-03-18T08:17:05.460+0000] {processor.py:183} INFO - Processing /home/ubuntu/air_venv/lib/python3.10/site-packages/airflow/example_dags/tutorial_taskflow_api.py took 0.154 seconds
[2024-03-18T08:18:02.015+0000] {processor.py:161} INFO - Started process (PID=12334) to work on /home/ubuntu/air_venv/lib/python3.10/site-packages/airflow/example_dags/tutorial_taskflow_api.py
[2024-03-18T08:18:02.017+0000] {processor.py:830} INFO - Processing file /home/ubuntu/air_venv/lib/python3.10/site-packages/airflow/example_dags/tutorial_taskflow_api.py for tasks to queue
[2024-03-18T08:18:02.019+0000] {logging_mixin.py:188} INFO - [2024-03-18T08:18:02.018+0000] {dagbag.py:540} INFO - Filling up the DagBag from /home/ubuntu/air_venv/lib/python3.10/site-packages/airflow/example_dags/tutorial_taskflow_api.py
[2024-03-18T08:18:02.044+0000] {processor.py:840} INFO - DAG(s) 'tutorial_taskflow_api' retrieved from /home/ubuntu/air_venv/lib/python3.10/site-packages/airflow/example_dags/tutorial_taskflow_api.py
[2024-03-18T08:18:02.101+0000] {logging_mixin.py:188} INFO - [2024-03-18T08:18:02.101+0000] {dag.py:3047} INFO - Sync 1 DAGs
[2024-03-18T08:18:02.120+0000] {logging_mixin.py:188} INFO - [2024-03-18T08:18:02.120+0000] {dag.py:3834} INFO - Setting next_dagrun for tutorial_taskflow_api to None, run_after=None
[2024-03-18T08:18:02.196+0000] {processor.py:183} INFO - Processing /home/ubuntu/air_venv/lib/python3.10/site-packages/airflow/example_dags/tutorial_taskflow_api.py took 0.210 seconds
[2024-03-18T08:18:36.923+0000] {processor.py:161} INFO - Started process (PID=12488) to work on /home/ubuntu/air_venv/lib/python3.10/site-packages/airflow/example_dags/tutorial_taskflow_api.py
[2024-03-18T08:18:36.925+0000] {processor.py:830} INFO - Processing file /home/ubuntu/air_venv/lib/python3.10/site-packages/airflow/example_dags/tutorial_taskflow_api.py for tasks to queue
[2024-03-18T08:18:36.926+0000] {logging_mixin.py:188} INFO - [2024-03-18T08:18:36.926+0000] {dagbag.py:540} INFO - Filling up the DagBag from /home/ubuntu/air_venv/lib/python3.10/site-packages/airflow/example_dags/tutorial_taskflow_api.py
[2024-03-18T08:18:36.934+0000] {processor.py:840} INFO - DAG(s) 'tutorial_taskflow_api' retrieved from /home/ubuntu/air_venv/lib/python3.10/site-packages/airflow/example_dags/tutorial_taskflow_api.py
[2024-03-18T08:18:36.952+0000] {logging_mixin.py:188} INFO - [2024-03-18T08:18:36.951+0000] {dag.py:3047} INFO - Sync 1 DAGs
[2024-03-18T08:18:36.964+0000] {logging_mixin.py:188} INFO - [2024-03-18T08:18:36.964+0000] {dag.py:3834} INFO - Setting next_dagrun for tutorial_taskflow_api to None, run_after=None
[2024-03-18T08:18:36.988+0000] {processor.py:183} INFO - Processing /home/ubuntu/air_venv/lib/python3.10/site-packages/airflow/example_dags/tutorial_taskflow_api.py took 0.069 seconds
[2024-03-18T08:19:21.660+0000] {processor.py:161} INFO - Started process (PID=12710) to work on /home/ubuntu/air_venv/lib/python3.10/site-packages/airflow/example_dags/tutorial_taskflow_api.py
[2024-03-18T08:19:21.661+0000] {processor.py:830} INFO - Processing file /home/ubuntu/air_venv/lib/python3.10/site-packages/airflow/example_dags/tutorial_taskflow_api.py for tasks to queue
[2024-03-18T08:19:21.663+0000] {logging_mixin.py:188} INFO - [2024-03-18T08:19:21.662+0000] {dagbag.py:540} INFO - Filling up the DagBag from /home/ubuntu/air_venv/lib/python3.10/site-packages/airflow/example_dags/tutorial_taskflow_api.py
[2024-03-18T08:19:21.670+0000] {processor.py:840} INFO - DAG(s) 'tutorial_taskflow_api' retrieved from /home/ubuntu/air_venv/lib/python3.10/site-packages/airflow/example_dags/tutorial_taskflow_api.py
[2024-03-18T08:19:21.688+0000] {logging_mixin.py:188} INFO - [2024-03-18T08:19:21.687+0000] {dag.py:3047} INFO - Sync 1 DAGs
[2024-03-18T08:19:21.701+0000] {logging_mixin.py:188} INFO - [2024-03-18T08:19:21.700+0000] {dag.py:3834} INFO - Setting next_dagrun for tutorial_taskflow_api to None, run_after=None
[2024-03-18T08:19:21.724+0000] {processor.py:183} INFO - Processing /home/ubuntu/air_venv/lib/python3.10/site-packages/airflow/example_dags/tutorial_taskflow_api.py took 0.068 seconds
[2024-03-18T08:20:25.598+0000] {processor.py:161} INFO - Started process (PID=13250) to work on /home/ubuntu/air_venv/lib/python3.10/site-packages/airflow/example_dags/tutorial_taskflow_api.py
[2024-03-18T08:20:25.601+0000] {processor.py:830} INFO - Processing file /home/ubuntu/air_venv/lib/python3.10/site-packages/airflow/example_dags/tutorial_taskflow_api.py for tasks to queue
[2024-03-18T08:20:25.602+0000] {logging_mixin.py:188} INFO - [2024-03-18T08:20:25.602+0000] {dagbag.py:540} INFO - Filling up the DagBag from /home/ubuntu/air_venv/lib/python3.10/site-packages/airflow/example_dags/tutorial_taskflow_api.py
[2024-03-18T08:20:25.610+0000] {processor.py:840} INFO - DAG(s) 'tutorial_taskflow_api' retrieved from /home/ubuntu/air_venv/lib/python3.10/site-packages/airflow/example_dags/tutorial_taskflow_api.py
[2024-03-18T08:20:25.630+0000] {logging_mixin.py:188} INFO - [2024-03-18T08:20:25.630+0000] {dag.py:3047} INFO - Sync 1 DAGs
[2024-03-18T08:20:25.643+0000] {logging_mixin.py:188} INFO - [2024-03-18T08:20:25.643+0000] {dag.py:3834} INFO - Setting next_dagrun for tutorial_taskflow_api to None, run_after=None
[2024-03-18T08:20:25.671+0000] {processor.py:183} INFO - Processing /home/ubuntu/air_venv/lib/python3.10/site-packages/airflow/example_dags/tutorial_taskflow_api.py took 0.076 seconds
[2024-03-18T08:21:21.396+0000] {processor.py:161} INFO - Started process (PID=13603) to work on /home/ubuntu/air_venv/lib/python3.10/site-packages/airflow/example_dags/tutorial_taskflow_api.py
[2024-03-18T08:21:21.398+0000] {processor.py:830} INFO - Processing file /home/ubuntu/air_venv/lib/python3.10/site-packages/airflow/example_dags/tutorial_taskflow_api.py for tasks to queue
[2024-03-18T08:21:21.399+0000] {logging_mixin.py:188} INFO - [2024-03-18T08:21:21.398+0000] {dagbag.py:540} INFO - Filling up the DagBag from /home/ubuntu/air_venv/lib/python3.10/site-packages/airflow/example_dags/tutorial_taskflow_api.py
[2024-03-18T08:21:21.407+0000] {processor.py:840} INFO - DAG(s) 'tutorial_taskflow_api' retrieved from /home/ubuntu/air_venv/lib/python3.10/site-packages/airflow/example_dags/tutorial_taskflow_api.py
[2024-03-18T08:21:21.424+0000] {logging_mixin.py:188} INFO - [2024-03-18T08:21:21.424+0000] {dag.py:3047} INFO - Sync 1 DAGs
[2024-03-18T08:21:21.437+0000] {logging_mixin.py:188} INFO - [2024-03-18T08:21:21.437+0000] {dag.py:3834} INFO - Setting next_dagrun for tutorial_taskflow_api to None, run_after=None
[2024-03-18T08:21:21.462+0000] {processor.py:183} INFO - Processing /home/ubuntu/air_venv/lib/python3.10/site-packages/airflow/example_dags/tutorial_taskflow_api.py took 0.070 seconds
[2024-03-18T08:22:09.998+0000] {processor.py:161} INFO - Started process (PID=13836) to work on /home/ubuntu/air_venv/lib/python3.10/site-packages/airflow/example_dags/tutorial_taskflow_api.py
[2024-03-18T08:22:10.000+0000] {processor.py:830} INFO - Processing file /home/ubuntu/air_venv/lib/python3.10/site-packages/airflow/example_dags/tutorial_taskflow_api.py for tasks to queue
[2024-03-18T08:22:10.001+0000] {logging_mixin.py:188} INFO - [2024-03-18T08:22:10.000+0000] {dagbag.py:540} INFO - Filling up the DagBag from /home/ubuntu/air_venv/lib/python3.10/site-packages/airflow/example_dags/tutorial_taskflow_api.py
[2024-03-18T08:22:10.009+0000] {processor.py:840} INFO - DAG(s) 'tutorial_taskflow_api' retrieved from /home/ubuntu/air_venv/lib/python3.10/site-packages/airflow/example_dags/tutorial_taskflow_api.py
[2024-03-18T08:22:10.028+0000] {logging_mixin.py:188} INFO - [2024-03-18T08:22:10.028+0000] {dag.py:3047} INFO - Sync 1 DAGs
[2024-03-18T08:22:10.042+0000] {logging_mixin.py:188} INFO - [2024-03-18T08:22:10.041+0000] {dag.py:3834} INFO - Setting next_dagrun for tutorial_taskflow_api to None, run_after=None
[2024-03-18T08:22:10.069+0000] {processor.py:183} INFO - Processing /home/ubuntu/air_venv/lib/python3.10/site-packages/airflow/example_dags/tutorial_taskflow_api.py took 0.074 seconds
[2024-03-18T08:22:49.426+0000] {processor.py:161} INFO - Started process (PID=14058) to work on /home/ubuntu/air_venv/lib/python3.10/site-packages/airflow/example_dags/tutorial_taskflow_api.py
[2024-03-18T08:22:49.428+0000] {processor.py:830} INFO - Processing file /home/ubuntu/air_venv/lib/python3.10/site-packages/airflow/example_dags/tutorial_taskflow_api.py for tasks to queue
[2024-03-18T08:22:49.429+0000] {logging_mixin.py:188} INFO - [2024-03-18T08:22:49.429+0000] {dagbag.py:540} INFO - Filling up the DagBag from /home/ubuntu/air_venv/lib/python3.10/site-packages/airflow/example_dags/tutorial_taskflow_api.py
[2024-03-18T08:22:49.442+0000] {processor.py:840} INFO - DAG(s) 'tutorial_taskflow_api' retrieved from /home/ubuntu/air_venv/lib/python3.10/site-packages/airflow/example_dags/tutorial_taskflow_api.py
[2024-03-18T08:22:49.471+0000] {logging_mixin.py:188} INFO - [2024-03-18T08:22:49.471+0000] {dag.py:3047} INFO - Sync 1 DAGs
[2024-03-18T08:22:49.484+0000] {logging_mixin.py:188} INFO - [2024-03-18T08:22:49.484+0000] {dag.py:3834} INFO - Setting next_dagrun for tutorial_taskflow_api to None, run_after=None
[2024-03-18T08:22:49.511+0000] {processor.py:183} INFO - Processing /home/ubuntu/air_venv/lib/python3.10/site-packages/airflow/example_dags/tutorial_taskflow_api.py took 0.088 seconds
[2024-03-18T08:23:27.438+0000] {processor.py:161} INFO - Started process (PID=14400) to work on /home/ubuntu/air_venv/lib/python3.10/site-packages/airflow/example_dags/tutorial_taskflow_api.py
[2024-03-18T08:23:27.440+0000] {processor.py:830} INFO - Processing file /home/ubuntu/air_venv/lib/python3.10/site-packages/airflow/example_dags/tutorial_taskflow_api.py for tasks to queue
[2024-03-18T08:23:27.441+0000] {logging_mixin.py:188} INFO - [2024-03-18T08:23:27.441+0000] {dagbag.py:540} INFO - Filling up the DagBag from /home/ubuntu/air_venv/lib/python3.10/site-packages/airflow/example_dags/tutorial_taskflow_api.py
[2024-03-18T08:23:27.449+0000] {processor.py:840} INFO - DAG(s) 'tutorial_taskflow_api' retrieved from /home/ubuntu/air_venv/lib/python3.10/site-packages/airflow/example_dags/tutorial_taskflow_api.py
[2024-03-18T08:23:27.467+0000] {logging_mixin.py:188} INFO - [2024-03-18T08:23:27.467+0000] {dag.py:3047} INFO - Sync 1 DAGs
[2024-03-18T08:23:27.479+0000] {logging_mixin.py:188} INFO - [2024-03-18T08:23:27.479+0000] {dag.py:3834} INFO - Setting next_dagrun for tutorial_taskflow_api to None, run_after=None
[2024-03-18T08:23:27.503+0000] {processor.py:183} INFO - Processing /home/ubuntu/air_venv/lib/python3.10/site-packages/airflow/example_dags/tutorial_taskflow_api.py took 0.068 seconds
[2024-03-18T08:24:09.342+0000] {processor.py:161} INFO - Started process (PID=14744) to work on /home/ubuntu/air_venv/lib/python3.10/site-packages/airflow/example_dags/tutorial_taskflow_api.py
[2024-03-18T08:24:09.344+0000] {processor.py:830} INFO - Processing file /home/ubuntu/air_venv/lib/python3.10/site-packages/airflow/example_dags/tutorial_taskflow_api.py for tasks to queue
[2024-03-18T08:24:09.345+0000] {logging_mixin.py:188} INFO - [2024-03-18T08:24:09.345+0000] {dagbag.py:540} INFO - Filling up the DagBag from /home/ubuntu/air_venv/lib/python3.10/site-packages/airflow/example_dags/tutorial_taskflow_api.py
[2024-03-18T08:24:09.353+0000] {processor.py:840} INFO - DAG(s) 'tutorial_taskflow_api' retrieved from /home/ubuntu/air_venv/lib/python3.10/site-packages/airflow/example_dags/tutorial_taskflow_api.py
[2024-03-18T08:24:09.371+0000] {logging_mixin.py:188} INFO - [2024-03-18T08:24:09.371+0000] {dag.py:3047} INFO - Sync 1 DAGs
[2024-03-18T08:24:09.384+0000] {logging_mixin.py:188} INFO - [2024-03-18T08:24:09.384+0000] {dag.py:3834} INFO - Setting next_dagrun for tutorial_taskflow_api to None, run_after=None
[2024-03-18T08:24:09.411+0000] {processor.py:183} INFO - Processing /home/ubuntu/air_venv/lib/python3.10/site-packages/airflow/example_dags/tutorial_taskflow_api.py took 0.073 seconds
[2024-03-18T08:24:47.043+0000] {processor.py:161} INFO - Started process (PID=15068) to work on /home/ubuntu/air_venv/lib/python3.10/site-packages/airflow/example_dags/tutorial_taskflow_api.py
[2024-03-18T08:24:47.045+0000] {processor.py:830} INFO - Processing file /home/ubuntu/air_venv/lib/python3.10/site-packages/airflow/example_dags/tutorial_taskflow_api.py for tasks to queue
[2024-03-18T08:24:47.046+0000] {logging_mixin.py:188} INFO - [2024-03-18T08:24:47.046+0000] {dagbag.py:540} INFO - Filling up the DagBag from /home/ubuntu/air_venv/lib/python3.10/site-packages/airflow/example_dags/tutorial_taskflow_api.py
[2024-03-18T08:24:47.054+0000] {processor.py:840} INFO - DAG(s) 'tutorial_taskflow_api' retrieved from /home/ubuntu/air_venv/lib/python3.10/site-packages/airflow/example_dags/tutorial_taskflow_api.py
[2024-03-18T08:24:47.072+0000] {logging_mixin.py:188} INFO - [2024-03-18T08:24:47.072+0000] {dag.py:3047} INFO - Sync 1 DAGs
[2024-03-18T08:24:47.085+0000] {logging_mixin.py:188} INFO - [2024-03-18T08:24:47.085+0000] {dag.py:3834} INFO - Setting next_dagrun for tutorial_taskflow_api to None, run_after=None
[2024-03-18T08:24:47.109+0000] {processor.py:183} INFO - Processing /home/ubuntu/air_venv/lib/python3.10/site-packages/airflow/example_dags/tutorial_taskflow_api.py took 0.069 seconds
[2024-03-18T08:25:29.518+0000] {processor.py:161} INFO - Started process (PID=15287) to work on /home/ubuntu/air_venv/lib/python3.10/site-packages/airflow/example_dags/tutorial_taskflow_api.py
[2024-03-18T08:25:29.520+0000] {processor.py:830} INFO - Processing file /home/ubuntu/air_venv/lib/python3.10/site-packages/airflow/example_dags/tutorial_taskflow_api.py for tasks to queue
[2024-03-18T08:25:29.522+0000] {logging_mixin.py:188} INFO - [2024-03-18T08:25:29.521+0000] {dagbag.py:540} INFO - Filling up the DagBag from /home/ubuntu/air_venv/lib/python3.10/site-packages/airflow/example_dags/tutorial_taskflow_api.py
[2024-03-18T08:25:29.530+0000] {processor.py:840} INFO - DAG(s) 'tutorial_taskflow_api' retrieved from /home/ubuntu/air_venv/lib/python3.10/site-packages/airflow/example_dags/tutorial_taskflow_api.py
[2024-03-18T08:25:29.548+0000] {logging_mixin.py:188} INFO - [2024-03-18T08:25:29.548+0000] {dag.py:3047} INFO - Sync 1 DAGs
[2024-03-18T08:25:29.561+0000] {logging_mixin.py:188} INFO - [2024-03-18T08:25:29.560+0000] {dag.py:3834} INFO - Setting next_dagrun for tutorial_taskflow_api to None, run_after=None
[2024-03-18T08:25:29.587+0000] {processor.py:183} INFO - Processing /home/ubuntu/air_venv/lib/python3.10/site-packages/airflow/example_dags/tutorial_taskflow_api.py took 0.072 seconds
[2024-03-18T08:26:13.074+0000] {processor.py:161} INFO - Started process (PID=15390) to work on /home/ubuntu/air_venv/lib/python3.10/site-packages/airflow/example_dags/tutorial_taskflow_api.py
[2024-03-18T08:26:13.076+0000] {processor.py:830} INFO - Processing file /home/ubuntu/air_venv/lib/python3.10/site-packages/airflow/example_dags/tutorial_taskflow_api.py for tasks to queue
[2024-03-18T08:26:13.077+0000] {logging_mixin.py:188} INFO - [2024-03-18T08:26:13.076+0000] {dagbag.py:540} INFO - Filling up the DagBag from /home/ubuntu/air_venv/lib/python3.10/site-packages/airflow/example_dags/tutorial_taskflow_api.py
[2024-03-18T08:26:13.084+0000] {processor.py:840} INFO - DAG(s) 'tutorial_taskflow_api' retrieved from /home/ubuntu/air_venv/lib/python3.10/site-packages/airflow/example_dags/tutorial_taskflow_api.py
[2024-03-18T08:26:13.102+0000] {logging_mixin.py:188} INFO - [2024-03-18T08:26:13.102+0000] {dag.py:3047} INFO - Sync 1 DAGs
[2024-03-18T08:26:13.115+0000] {logging_mixin.py:188} INFO - [2024-03-18T08:26:13.114+0000] {dag.py:3834} INFO - Setting next_dagrun for tutorial_taskflow_api to None, run_after=None
[2024-03-18T08:26:13.139+0000] {processor.py:183} INFO - Processing /home/ubuntu/air_venv/lib/python3.10/site-packages/airflow/example_dags/tutorial_taskflow_api.py took 0.069 seconds
[2024-03-18T08:26:53.669+0000] {processor.py:161} INFO - Started process (PID=15490) to work on /home/ubuntu/air_venv/lib/python3.10/site-packages/airflow/example_dags/tutorial_taskflow_api.py
[2024-03-18T08:26:53.672+0000] {processor.py:830} INFO - Processing file /home/ubuntu/air_venv/lib/python3.10/site-packages/airflow/example_dags/tutorial_taskflow_api.py for tasks to queue
[2024-03-18T08:26:53.673+0000] {logging_mixin.py:188} INFO - [2024-03-18T08:26:53.672+0000] {dagbag.py:540} INFO - Filling up the DagBag from /home/ubuntu/air_venv/lib/python3.10/site-packages/airflow/example_dags/tutorial_taskflow_api.py
[2024-03-18T08:26:53.680+0000] {processor.py:840} INFO - DAG(s) 'tutorial_taskflow_api' retrieved from /home/ubuntu/air_venv/lib/python3.10/site-packages/airflow/example_dags/tutorial_taskflow_api.py
[2024-03-18T08:26:53.698+0000] {logging_mixin.py:188} INFO - [2024-03-18T08:26:53.698+0000] {dag.py:3047} INFO - Sync 1 DAGs
[2024-03-18T08:26:53.711+0000] {logging_mixin.py:188} INFO - [2024-03-18T08:26:53.711+0000] {dag.py:3834} INFO - Setting next_dagrun for tutorial_taskflow_api to None, run_after=None
[2024-03-18T08:26:53.735+0000] {processor.py:183} INFO - Processing /home/ubuntu/air_venv/lib/python3.10/site-packages/airflow/example_dags/tutorial_taskflow_api.py took 0.069 seconds
[2024-03-18T08:27:35.693+0000] {processor.py:161} INFO - Started process (PID=15532) to work on /home/ubuntu/air_venv/lib/python3.10/site-packages/airflow/example_dags/tutorial_taskflow_api.py
[2024-03-18T08:27:35.694+0000] {processor.py:830} INFO - Processing file /home/ubuntu/air_venv/lib/python3.10/site-packages/airflow/example_dags/tutorial_taskflow_api.py for tasks to queue
[2024-03-18T08:27:35.695+0000] {logging_mixin.py:188} INFO - [2024-03-18T08:27:35.695+0000] {dagbag.py:540} INFO - Filling up the DagBag from /home/ubuntu/air_venv/lib/python3.10/site-packages/airflow/example_dags/tutorial_taskflow_api.py
[2024-03-18T08:27:35.703+0000] {processor.py:840} INFO - DAG(s) 'tutorial_taskflow_api' retrieved from /home/ubuntu/air_venv/lib/python3.10/site-packages/airflow/example_dags/tutorial_taskflow_api.py
[2024-03-18T08:27:35.721+0000] {logging_mixin.py:188} INFO - [2024-03-18T08:27:35.720+0000] {dag.py:3047} INFO - Sync 1 DAGs
[2024-03-18T08:27:35.733+0000] {logging_mixin.py:188} INFO - [2024-03-18T08:27:35.733+0000] {dag.py:3834} INFO - Setting next_dagrun for tutorial_taskflow_api to None, run_after=None
[2024-03-18T08:27:35.759+0000] {processor.py:183} INFO - Processing /home/ubuntu/air_venv/lib/python3.10/site-packages/airflow/example_dags/tutorial_taskflow_api.py took 0.070 seconds
[2024-03-18T08:28:16.775+0000] {processor.py:161} INFO - Started process (PID=15632) to work on /home/ubuntu/air_venv/lib/python3.10/site-packages/airflow/example_dags/tutorial_taskflow_api.py
[2024-03-18T08:28:16.777+0000] {processor.py:830} INFO - Processing file /home/ubuntu/air_venv/lib/python3.10/site-packages/airflow/example_dags/tutorial_taskflow_api.py for tasks to queue
[2024-03-18T08:28:16.778+0000] {logging_mixin.py:188} INFO - [2024-03-18T08:28:16.777+0000] {dagbag.py:540} INFO - Filling up the DagBag from /home/ubuntu/air_venv/lib/python3.10/site-packages/airflow/example_dags/tutorial_taskflow_api.py
[2024-03-18T08:28:16.786+0000] {processor.py:840} INFO - DAG(s) 'tutorial_taskflow_api' retrieved from /home/ubuntu/air_venv/lib/python3.10/site-packages/airflow/example_dags/tutorial_taskflow_api.py
[2024-03-18T08:28:16.804+0000] {logging_mixin.py:188} INFO - [2024-03-18T08:28:16.804+0000] {dag.py:3047} INFO - Sync 1 DAGs
[2024-03-18T08:28:16.818+0000] {logging_mixin.py:188} INFO - [2024-03-18T08:28:16.817+0000] {dag.py:3834} INFO - Setting next_dagrun for tutorial_taskflow_api to None, run_after=None
[2024-03-18T08:28:16.842+0000] {processor.py:183} INFO - Processing /home/ubuntu/air_venv/lib/python3.10/site-packages/airflow/example_dags/tutorial_taskflow_api.py took 0.071 seconds
[2024-03-18T08:28:58.777+0000] {processor.py:161} INFO - Started process (PID=15733) to work on /home/ubuntu/air_venv/lib/python3.10/site-packages/airflow/example_dags/tutorial_taskflow_api.py
[2024-03-18T08:28:58.779+0000] {processor.py:830} INFO - Processing file /home/ubuntu/air_venv/lib/python3.10/site-packages/airflow/example_dags/tutorial_taskflow_api.py for tasks to queue
[2024-03-18T08:28:58.780+0000] {logging_mixin.py:188} INFO - [2024-03-18T08:28:58.780+0000] {dagbag.py:540} INFO - Filling up the DagBag from /home/ubuntu/air_venv/lib/python3.10/site-packages/airflow/example_dags/tutorial_taskflow_api.py
[2024-03-18T08:28:58.788+0000] {processor.py:840} INFO - DAG(s) 'tutorial_taskflow_api' retrieved from /home/ubuntu/air_venv/lib/python3.10/site-packages/airflow/example_dags/tutorial_taskflow_api.py
[2024-03-18T08:28:58.806+0000] {logging_mixin.py:188} INFO - [2024-03-18T08:28:58.805+0000] {dag.py:3047} INFO - Sync 1 DAGs
[2024-03-18T08:28:58.818+0000] {logging_mixin.py:188} INFO - [2024-03-18T08:28:58.818+0000] {dag.py:3834} INFO - Setting next_dagrun for tutorial_taskflow_api to None, run_after=None
[2024-03-18T08:28:58.842+0000] {processor.py:183} INFO - Processing /home/ubuntu/air_venv/lib/python3.10/site-packages/airflow/example_dags/tutorial_taskflow_api.py took 0.069 seconds
[2024-03-18T08:29:43.213+0000] {processor.py:161} INFO - Started process (PID=15835) to work on /home/ubuntu/air_venv/lib/python3.10/site-packages/airflow/example_dags/tutorial_taskflow_api.py
[2024-03-18T08:29:43.215+0000] {processor.py:830} INFO - Processing file /home/ubuntu/air_venv/lib/python3.10/site-packages/airflow/example_dags/tutorial_taskflow_api.py for tasks to queue
[2024-03-18T08:29:43.216+0000] {logging_mixin.py:188} INFO - [2024-03-18T08:29:43.216+0000] {dagbag.py:540} INFO - Filling up the DagBag from /home/ubuntu/air_venv/lib/python3.10/site-packages/airflow/example_dags/tutorial_taskflow_api.py
[2024-03-18T08:29:43.224+0000] {processor.py:840} INFO - DAG(s) 'tutorial_taskflow_api' retrieved from /home/ubuntu/air_venv/lib/python3.10/site-packages/airflow/example_dags/tutorial_taskflow_api.py
[2024-03-18T08:29:43.242+0000] {logging_mixin.py:188} INFO - [2024-03-18T08:29:43.242+0000] {dag.py:3047} INFO - Sync 1 DAGs
[2024-03-18T08:29:43.255+0000] {logging_mixin.py:188} INFO - [2024-03-18T08:29:43.255+0000] {dag.py:3834} INFO - Setting next_dagrun for tutorial_taskflow_api to None, run_after=None
[2024-03-18T08:29:43.280+0000] {processor.py:183} INFO - Processing /home/ubuntu/air_venv/lib/python3.10/site-packages/airflow/example_dags/tutorial_taskflow_api.py took 0.070 seconds
