[2024-03-18T07:59:50.130+0000] {processor.py:161} INFO - Started process (PID=2722) to work on /home/ubuntu/air_venv/lib/python3.10/site-packages/airflow/example_dags/tutorial.py
[2024-03-18T07:59:50.131+0000] {processor.py:830} INFO - Processing file /home/ubuntu/air_venv/lib/python3.10/site-packages/airflow/example_dags/tutorial.py for tasks to queue
[2024-03-18T07:59:50.132+0000] {logging_mixin.py:188} INFO - [2024-03-18T07:59:50.132+0000] {dagbag.py:540} INFO - Filling up the DagBag from /home/ubuntu/air_venv/lib/python3.10/site-packages/airflow/example_dags/tutorial.py
[2024-03-18T07:59:50.143+0000] {processor.py:840} INFO - DAG(s) 'tutorial' retrieved from /home/ubuntu/air_venv/lib/python3.10/site-packages/airflow/example_dags/tutorial.py
[2024-03-18T07:59:50.281+0000] {logging_mixin.py:188} INFO - [2024-03-18T07:59:50.280+0000] {override.py:1769} INFO - Created Permission View: can edit on DAG:tutorial
[2024-03-18T07:59:50.296+0000] {logging_mixin.py:188} INFO - [2024-03-18T07:59:50.296+0000] {override.py:1769} INFO - Created Permission View: can delete on DAG:tutorial
[2024-03-18T07:59:50.309+0000] {logging_mixin.py:188} INFO - [2024-03-18T07:59:50.308+0000] {override.py:1769} INFO - Created Permission View: can read on DAG:tutorial
[2024-03-18T07:59:50.309+0000] {logging_mixin.py:188} INFO - [2024-03-18T07:59:50.309+0000] {dag.py:3047} INFO - Sync 1 DAGs
[2024-03-18T07:59:50.322+0000] {logging_mixin.py:188} INFO - [2024-03-18T07:59:50.321+0000] {dag.py:3069} INFO - Creating ORM DAG for tutorial
[2024-03-18T07:59:50.334+0000] {logging_mixin.py:188} INFO - [2024-03-18T07:59:50.334+0000] {dag.py:3834} INFO - Setting next_dagrun for tutorial to 2024-03-17 00:00:00+00:00, run_after=2024-03-18 00:00:00+00:00
[2024-03-18T07:59:50.365+0000] {processor.py:183} INFO - Processing /home/ubuntu/air_venv/lib/python3.10/site-packages/airflow/example_dags/tutorial.py took 0.239 seconds
[2024-03-18T08:00:54.708+0000] {processor.py:161} INFO - Started process (PID=3258) to work on /home/ubuntu/air_venv/lib/python3.10/site-packages/airflow/example_dags/tutorial.py
[2024-03-18T08:00:54.710+0000] {processor.py:830} INFO - Processing file /home/ubuntu/air_venv/lib/python3.10/site-packages/airflow/example_dags/tutorial.py for tasks to queue
[2024-03-18T08:00:54.712+0000] {logging_mixin.py:188} INFO - [2024-03-18T08:00:54.711+0000] {dagbag.py:540} INFO - Filling up the DagBag from /home/ubuntu/air_venv/lib/python3.10/site-packages/airflow/example_dags/tutorial.py
[2024-03-18T08:00:54.720+0000] {processor.py:840} INFO - DAG(s) 'tutorial' retrieved from /home/ubuntu/air_venv/lib/python3.10/site-packages/airflow/example_dags/tutorial.py
[2024-03-18T08:00:54.737+0000] {logging_mixin.py:188} INFO - [2024-03-18T08:00:54.737+0000] {dag.py:3047} INFO - Sync 1 DAGs
[2024-03-18T08:00:54.759+0000] {logging_mixin.py:188} INFO - [2024-03-18T08:00:54.759+0000] {dag.py:3834} INFO - Setting next_dagrun for tutorial to 2024-03-17 00:00:00+00:00, run_after=2024-03-18 00:00:00+00:00
[2024-03-18T08:00:54.784+0000] {processor.py:183} INFO - Processing /home/ubuntu/air_venv/lib/python3.10/site-packages/airflow/example_dags/tutorial.py took 0.079 seconds
[2024-03-18T08:01:44.254+0000] {processor.py:161} INFO - Started process (PID=3727) to work on /home/ubuntu/air_venv/lib/python3.10/site-packages/airflow/example_dags/tutorial.py
[2024-03-18T08:01:44.260+0000] {processor.py:830} INFO - Processing file /home/ubuntu/air_venv/lib/python3.10/site-packages/airflow/example_dags/tutorial.py for tasks to queue
[2024-03-18T08:01:44.261+0000] {logging_mixin.py:188} INFO - [2024-03-18T08:01:44.261+0000] {dagbag.py:540} INFO - Filling up the DagBag from /home/ubuntu/air_venv/lib/python3.10/site-packages/airflow/example_dags/tutorial.py
[2024-03-18T08:01:44.274+0000] {processor.py:840} INFO - DAG(s) 'tutorial' retrieved from /home/ubuntu/air_venv/lib/python3.10/site-packages/airflow/example_dags/tutorial.py
[2024-03-18T08:01:44.312+0000] {logging_mixin.py:188} INFO - [2024-03-18T08:01:44.311+0000] {dag.py:3047} INFO - Sync 1 DAGs
[2024-03-18T08:01:44.364+0000] {logging_mixin.py:188} INFO - [2024-03-18T08:01:44.364+0000] {dag.py:3834} INFO - Setting next_dagrun for tutorial to 2024-03-17 00:00:00+00:00, run_after=2024-03-18 00:00:00+00:00
[2024-03-18T08:01:44.582+0000] {processor.py:183} INFO - Processing /home/ubuntu/air_venv/lib/python3.10/site-packages/airflow/example_dags/tutorial.py took 0.331 seconds
[2024-03-18T08:02:35.906+0000] {processor.py:161} INFO - Started process (PID=4193) to work on /home/ubuntu/air_venv/lib/python3.10/site-packages/airflow/example_dags/tutorial.py
[2024-03-18T08:02:35.907+0000] {processor.py:830} INFO - Processing file /home/ubuntu/air_venv/lib/python3.10/site-packages/airflow/example_dags/tutorial.py for tasks to queue
[2024-03-18T08:02:35.909+0000] {logging_mixin.py:188} INFO - [2024-03-18T08:02:35.908+0000] {dagbag.py:540} INFO - Filling up the DagBag from /home/ubuntu/air_venv/lib/python3.10/site-packages/airflow/example_dags/tutorial.py
[2024-03-18T08:02:35.916+0000] {processor.py:840} INFO - DAG(s) 'tutorial' retrieved from /home/ubuntu/air_venv/lib/python3.10/site-packages/airflow/example_dags/tutorial.py
[2024-03-18T08:02:36.077+0000] {logging_mixin.py:188} INFO - [2024-03-18T08:02:36.077+0000] {dag.py:3047} INFO - Sync 1 DAGs
[2024-03-18T08:02:36.096+0000] {logging_mixin.py:188} INFO - [2024-03-18T08:02:36.096+0000] {dag.py:3834} INFO - Setting next_dagrun for tutorial to 2024-03-17 00:00:00+00:00, run_after=2024-03-18 00:00:00+00:00
[2024-03-18T08:02:36.120+0000] {processor.py:183} INFO - Processing /home/ubuntu/air_venv/lib/python3.10/site-packages/airflow/example_dags/tutorial.py took 0.218 seconds
[2024-03-18T08:03:28.305+0000] {processor.py:161} INFO - Started process (PID=4481) to work on /home/ubuntu/air_venv/lib/python3.10/site-packages/airflow/example_dags/tutorial.py
[2024-03-18T08:03:28.307+0000] {processor.py:830} INFO - Processing file /home/ubuntu/air_venv/lib/python3.10/site-packages/airflow/example_dags/tutorial.py for tasks to queue
[2024-03-18T08:03:28.308+0000] {logging_mixin.py:188} INFO - [2024-03-18T08:03:28.308+0000] {dagbag.py:540} INFO - Filling up the DagBag from /home/ubuntu/air_venv/lib/python3.10/site-packages/airflow/example_dags/tutorial.py
[2024-03-18T08:03:28.316+0000] {processor.py:840} INFO - DAG(s) 'tutorial' retrieved from /home/ubuntu/air_venv/lib/python3.10/site-packages/airflow/example_dags/tutorial.py
[2024-03-18T08:03:28.334+0000] {logging_mixin.py:188} INFO - [2024-03-18T08:03:28.333+0000] {dag.py:3047} INFO - Sync 1 DAGs
[2024-03-18T08:03:28.357+0000] {logging_mixin.py:188} INFO - [2024-03-18T08:03:28.356+0000] {dag.py:3834} INFO - Setting next_dagrun for tutorial to 2024-03-17 00:00:00+00:00, run_after=2024-03-18 00:00:00+00:00
[2024-03-18T08:03:28.381+0000] {processor.py:183} INFO - Processing /home/ubuntu/air_venv/lib/python3.10/site-packages/airflow/example_dags/tutorial.py took 0.083 seconds
[2024-03-18T08:04:12.263+0000] {processor.py:161} INFO - Started process (PID=4945) to work on /home/ubuntu/air_venv/lib/python3.10/site-packages/airflow/example_dags/tutorial.py
[2024-03-18T08:04:12.265+0000] {processor.py:830} INFO - Processing file /home/ubuntu/air_venv/lib/python3.10/site-packages/airflow/example_dags/tutorial.py for tasks to queue
[2024-03-18T08:04:12.266+0000] {logging_mixin.py:188} INFO - [2024-03-18T08:04:12.266+0000] {dagbag.py:540} INFO - Filling up the DagBag from /home/ubuntu/air_venv/lib/python3.10/site-packages/airflow/example_dags/tutorial.py
[2024-03-18T08:04:12.274+0000] {processor.py:840} INFO - DAG(s) 'tutorial' retrieved from /home/ubuntu/air_venv/lib/python3.10/site-packages/airflow/example_dags/tutorial.py
[2024-03-18T08:04:12.291+0000] {logging_mixin.py:188} INFO - [2024-03-18T08:04:12.291+0000] {dag.py:3047} INFO - Sync 1 DAGs
[2024-03-18T08:04:12.315+0000] {logging_mixin.py:188} INFO - [2024-03-18T08:04:12.314+0000] {dag.py:3834} INFO - Setting next_dagrun for tutorial to 2024-03-17 00:00:00+00:00, run_after=2024-03-18 00:00:00+00:00
[2024-03-18T08:04:12.341+0000] {processor.py:183} INFO - Processing /home/ubuntu/air_venv/lib/python3.10/site-packages/airflow/example_dags/tutorial.py took 0.082 seconds
[2024-03-18T08:05:00.085+0000] {processor.py:161} INFO - Started process (PID=5239) to work on /home/ubuntu/air_venv/lib/python3.10/site-packages/airflow/example_dags/tutorial.py
[2024-03-18T08:05:00.106+0000] {processor.py:830} INFO - Processing file /home/ubuntu/air_venv/lib/python3.10/site-packages/airflow/example_dags/tutorial.py for tasks to queue
[2024-03-18T08:05:00.108+0000] {logging_mixin.py:188} INFO - [2024-03-18T08:05:00.107+0000] {dagbag.py:540} INFO - Filling up the DagBag from /home/ubuntu/air_venv/lib/python3.10/site-packages/airflow/example_dags/tutorial.py
[2024-03-18T08:05:00.118+0000] {processor.py:840} INFO - DAG(s) 'tutorial' retrieved from /home/ubuntu/air_venv/lib/python3.10/site-packages/airflow/example_dags/tutorial.py
[2024-03-18T08:05:00.138+0000] {logging_mixin.py:188} INFO - [2024-03-18T08:05:00.138+0000] {dag.py:3047} INFO - Sync 1 DAGs
[2024-03-18T08:05:00.165+0000] {logging_mixin.py:188} INFO - [2024-03-18T08:05:00.165+0000] {dag.py:3834} INFO - Setting next_dagrun for tutorial to 2024-03-17 00:00:00+00:00, run_after=2024-03-18 00:00:00+00:00
[2024-03-18T08:05:00.194+0000] {processor.py:183} INFO - Processing /home/ubuntu/air_venv/lib/python3.10/site-packages/airflow/example_dags/tutorial.py took 0.113 seconds
[2024-03-18T08:05:53.549+0000] {processor.py:161} INFO - Started process (PID=5890) to work on /home/ubuntu/air_venv/lib/python3.10/site-packages/airflow/example_dags/tutorial.py
[2024-03-18T08:05:53.550+0000] {processor.py:830} INFO - Processing file /home/ubuntu/air_venv/lib/python3.10/site-packages/airflow/example_dags/tutorial.py for tasks to queue
[2024-03-18T08:05:53.552+0000] {logging_mixin.py:188} INFO - [2024-03-18T08:05:53.551+0000] {dagbag.py:540} INFO - Filling up the DagBag from /home/ubuntu/air_venv/lib/python3.10/site-packages/airflow/example_dags/tutorial.py
[2024-03-18T08:05:53.559+0000] {processor.py:840} INFO - DAG(s) 'tutorial' retrieved from /home/ubuntu/air_venv/lib/python3.10/site-packages/airflow/example_dags/tutorial.py
[2024-03-18T08:05:53.576+0000] {logging_mixin.py:188} INFO - [2024-03-18T08:05:53.576+0000] {dag.py:3047} INFO - Sync 1 DAGs
[2024-03-18T08:05:53.598+0000] {logging_mixin.py:188} INFO - [2024-03-18T08:05:53.598+0000] {dag.py:3834} INFO - Setting next_dagrun for tutorial to 2024-03-17 00:00:00+00:00, run_after=2024-03-18 00:00:00+00:00
[2024-03-18T08:05:53.623+0000] {processor.py:183} INFO - Processing /home/ubuntu/air_venv/lib/python3.10/site-packages/airflow/example_dags/tutorial.py took 0.078 seconds
[2024-03-18T08:07:10.836+0000] {processor.py:161} INFO - Started process (PID=6867) to work on /home/ubuntu/air_venv/lib/python3.10/site-packages/airflow/example_dags/tutorial.py
[2024-03-18T08:07:10.838+0000] {processor.py:830} INFO - Processing file /home/ubuntu/air_venv/lib/python3.10/site-packages/airflow/example_dags/tutorial.py for tasks to queue
[2024-03-18T08:07:10.839+0000] {logging_mixin.py:188} INFO - [2024-03-18T08:07:10.838+0000] {dagbag.py:540} INFO - Filling up the DagBag from /home/ubuntu/air_venv/lib/python3.10/site-packages/airflow/example_dags/tutorial.py
[2024-03-18T08:07:10.847+0000] {processor.py:840} INFO - DAG(s) 'tutorial' retrieved from /home/ubuntu/air_venv/lib/python3.10/site-packages/airflow/example_dags/tutorial.py
[2024-03-18T08:07:10.864+0000] {logging_mixin.py:188} INFO - [2024-03-18T08:07:10.864+0000] {dag.py:3047} INFO - Sync 1 DAGs
[2024-03-18T08:07:10.889+0000] {logging_mixin.py:188} INFO - [2024-03-18T08:07:10.888+0000] {dag.py:3834} INFO - Setting next_dagrun for tutorial to 2024-03-17 00:00:00+00:00, run_after=2024-03-18 00:00:00+00:00
[2024-03-18T08:07:10.917+0000] {processor.py:183} INFO - Processing /home/ubuntu/air_venv/lib/python3.10/site-packages/airflow/example_dags/tutorial.py took 0.085 seconds
[2024-03-18T08:07:55.692+0000] {processor.py:161} INFO - Started process (PID=7213) to work on /home/ubuntu/air_venv/lib/python3.10/site-packages/airflow/example_dags/tutorial.py
[2024-03-18T08:07:55.693+0000] {processor.py:830} INFO - Processing file /home/ubuntu/air_venv/lib/python3.10/site-packages/airflow/example_dags/tutorial.py for tasks to queue
[2024-03-18T08:07:55.694+0000] {logging_mixin.py:188} INFO - [2024-03-18T08:07:55.694+0000] {dagbag.py:540} INFO - Filling up the DagBag from /home/ubuntu/air_venv/lib/python3.10/site-packages/airflow/example_dags/tutorial.py
[2024-03-18T08:07:55.702+0000] {processor.py:840} INFO - DAG(s) 'tutorial' retrieved from /home/ubuntu/air_venv/lib/python3.10/site-packages/airflow/example_dags/tutorial.py
[2024-03-18T08:07:55.719+0000] {logging_mixin.py:188} INFO - [2024-03-18T08:07:55.719+0000] {dag.py:3047} INFO - Sync 1 DAGs
[2024-03-18T08:07:55.742+0000] {logging_mixin.py:188} INFO - [2024-03-18T08:07:55.742+0000] {dag.py:3834} INFO - Setting next_dagrun for tutorial to 2024-03-17 00:00:00+00:00, run_after=2024-03-18 00:00:00+00:00
[2024-03-18T08:07:55.767+0000] {processor.py:183} INFO - Processing /home/ubuntu/air_venv/lib/python3.10/site-packages/airflow/example_dags/tutorial.py took 0.078 seconds
[2024-03-18T08:08:43.518+0000] {processor.py:161} INFO - Started process (PID=7506) to work on /home/ubuntu/air_venv/lib/python3.10/site-packages/airflow/example_dags/tutorial.py
[2024-03-18T08:08:43.520+0000] {processor.py:830} INFO - Processing file /home/ubuntu/air_venv/lib/python3.10/site-packages/airflow/example_dags/tutorial.py for tasks to queue
[2024-03-18T08:08:43.521+0000] {logging_mixin.py:188} INFO - [2024-03-18T08:08:43.521+0000] {dagbag.py:540} INFO - Filling up the DagBag from /home/ubuntu/air_venv/lib/python3.10/site-packages/airflow/example_dags/tutorial.py
[2024-03-18T08:08:43.529+0000] {processor.py:840} INFO - DAG(s) 'tutorial' retrieved from /home/ubuntu/air_venv/lib/python3.10/site-packages/airflow/example_dags/tutorial.py
[2024-03-18T08:08:43.547+0000] {logging_mixin.py:188} INFO - [2024-03-18T08:08:43.547+0000] {dag.py:3047} INFO - Sync 1 DAGs
[2024-03-18T08:08:43.571+0000] {logging_mixin.py:188} INFO - [2024-03-18T08:08:43.570+0000] {dag.py:3834} INFO - Setting next_dagrun for tutorial to 2024-03-17 00:00:00+00:00, run_after=2024-03-18 00:00:00+00:00
[2024-03-18T08:08:43.596+0000] {processor.py:183} INFO - Processing /home/ubuntu/air_venv/lib/python3.10/site-packages/airflow/example_dags/tutorial.py took 0.081 seconds
[2024-03-18T08:09:27.399+0000] {processor.py:161} INFO - Started process (PID=7853) to work on /home/ubuntu/air_venv/lib/python3.10/site-packages/airflow/example_dags/tutorial.py
[2024-03-18T08:09:27.401+0000] {processor.py:830} INFO - Processing file /home/ubuntu/air_venv/lib/python3.10/site-packages/airflow/example_dags/tutorial.py for tasks to queue
[2024-03-18T08:09:27.402+0000] {logging_mixin.py:188} INFO - [2024-03-18T08:09:27.402+0000] {dagbag.py:540} INFO - Filling up the DagBag from /home/ubuntu/air_venv/lib/python3.10/site-packages/airflow/example_dags/tutorial.py
[2024-03-18T08:09:27.410+0000] {processor.py:840} INFO - DAG(s) 'tutorial' retrieved from /home/ubuntu/air_venv/lib/python3.10/site-packages/airflow/example_dags/tutorial.py
[2024-03-18T08:09:27.427+0000] {logging_mixin.py:188} INFO - [2024-03-18T08:09:27.427+0000] {dag.py:3047} INFO - Sync 1 DAGs
[2024-03-18T08:09:27.449+0000] {logging_mixin.py:188} INFO - [2024-03-18T08:09:27.449+0000] {dag.py:3834} INFO - Setting next_dagrun for tutorial to 2024-03-17 00:00:00+00:00, run_after=2024-03-18 00:00:00+00:00
[2024-03-18T08:09:27.488+0000] {processor.py:183} INFO - Processing /home/ubuntu/air_venv/lib/python3.10/site-packages/airflow/example_dags/tutorial.py took 0.092 seconds
[2024-03-18T08:10:18.449+0000] {processor.py:161} INFO - Started process (PID=8263) to work on /home/ubuntu/air_venv/lib/python3.10/site-packages/airflow/example_dags/tutorial.py
[2024-03-18T08:10:18.450+0000] {processor.py:830} INFO - Processing file /home/ubuntu/air_venv/lib/python3.10/site-packages/airflow/example_dags/tutorial.py for tasks to queue
[2024-03-18T08:10:18.451+0000] {logging_mixin.py:188} INFO - [2024-03-18T08:10:18.451+0000] {dagbag.py:540} INFO - Filling up the DagBag from /home/ubuntu/air_venv/lib/python3.10/site-packages/airflow/example_dags/tutorial.py
[2024-03-18T08:10:18.459+0000] {processor.py:840} INFO - DAG(s) 'tutorial' retrieved from /home/ubuntu/air_venv/lib/python3.10/site-packages/airflow/example_dags/tutorial.py
[2024-03-18T08:10:18.478+0000] {logging_mixin.py:188} INFO - [2024-03-18T08:10:18.477+0000] {dag.py:3047} INFO - Sync 1 DAGs
[2024-03-18T08:10:18.500+0000] {logging_mixin.py:188} INFO - [2024-03-18T08:10:18.500+0000] {dag.py:3834} INFO - Setting next_dagrun for tutorial to 2024-03-17 00:00:00+00:00, run_after=2024-03-18 00:00:00+00:00
[2024-03-18T08:10:18.525+0000] {processor.py:183} INFO - Processing /home/ubuntu/air_venv/lib/python3.10/site-packages/airflow/example_dags/tutorial.py took 0.080 seconds
[2024-03-18T08:10:59.429+0000] {processor.py:161} INFO - Started process (PID=8488) to work on /home/ubuntu/air_venv/lib/python3.10/site-packages/airflow/example_dags/tutorial.py
[2024-03-18T08:10:59.431+0000] {processor.py:830} INFO - Processing file /home/ubuntu/air_venv/lib/python3.10/site-packages/airflow/example_dags/tutorial.py for tasks to queue
[2024-03-18T08:10:59.432+0000] {logging_mixin.py:188} INFO - [2024-03-18T08:10:59.431+0000] {dagbag.py:540} INFO - Filling up the DagBag from /home/ubuntu/air_venv/lib/python3.10/site-packages/airflow/example_dags/tutorial.py
[2024-03-18T08:10:59.440+0000] {processor.py:840} INFO - DAG(s) 'tutorial' retrieved from /home/ubuntu/air_venv/lib/python3.10/site-packages/airflow/example_dags/tutorial.py
[2024-03-18T08:10:59.459+0000] {logging_mixin.py:188} INFO - [2024-03-18T08:10:59.459+0000] {dag.py:3047} INFO - Sync 1 DAGs
[2024-03-18T08:10:59.482+0000] {logging_mixin.py:188} INFO - [2024-03-18T08:10:59.481+0000] {dag.py:3834} INFO - Setting next_dagrun for tutorial to 2024-03-17 00:00:00+00:00, run_after=2024-03-18 00:00:00+00:00
[2024-03-18T08:10:59.507+0000] {processor.py:183} INFO - Processing /home/ubuntu/air_venv/lib/python3.10/site-packages/airflow/example_dags/tutorial.py took 0.082 seconds
[2024-03-18T08:11:43.712+0000] {processor.py:161} INFO - Started process (PID=8915) to work on /home/ubuntu/air_venv/lib/python3.10/site-packages/airflow/example_dags/tutorial.py
[2024-03-18T08:11:43.714+0000] {processor.py:830} INFO - Processing file /home/ubuntu/air_venv/lib/python3.10/site-packages/airflow/example_dags/tutorial.py for tasks to queue
[2024-03-18T08:11:43.715+0000] {logging_mixin.py:188} INFO - [2024-03-18T08:11:43.715+0000] {dagbag.py:540} INFO - Filling up the DagBag from /home/ubuntu/air_venv/lib/python3.10/site-packages/airflow/example_dags/tutorial.py
[2024-03-18T08:11:43.723+0000] {processor.py:840} INFO - DAG(s) 'tutorial' retrieved from /home/ubuntu/air_venv/lib/python3.10/site-packages/airflow/example_dags/tutorial.py
[2024-03-18T08:11:43.740+0000] {logging_mixin.py:188} INFO - [2024-03-18T08:11:43.740+0000] {dag.py:3047} INFO - Sync 1 DAGs
[2024-03-18T08:11:43.761+0000] {logging_mixin.py:188} INFO - [2024-03-18T08:11:43.761+0000] {dag.py:3834} INFO - Setting next_dagrun for tutorial to 2024-03-17 00:00:00+00:00, run_after=2024-03-18 00:00:00+00:00
[2024-03-18T08:11:43.787+0000] {processor.py:183} INFO - Processing /home/ubuntu/air_venv/lib/python3.10/site-packages/airflow/example_dags/tutorial.py took 0.079 seconds
[2024-03-18T08:12:23.170+0000] {processor.py:161} INFO - Started process (PID=9075) to work on /home/ubuntu/air_venv/lib/python3.10/site-packages/airflow/example_dags/tutorial.py
[2024-03-18T08:12:23.171+0000] {processor.py:830} INFO - Processing file /home/ubuntu/air_venv/lib/python3.10/site-packages/airflow/example_dags/tutorial.py for tasks to queue
[2024-03-18T08:12:23.172+0000] {logging_mixin.py:188} INFO - [2024-03-18T08:12:23.172+0000] {dagbag.py:540} INFO - Filling up the DagBag from /home/ubuntu/air_venv/lib/python3.10/site-packages/airflow/example_dags/tutorial.py
[2024-03-18T08:12:23.180+0000] {processor.py:840} INFO - DAG(s) 'tutorial' retrieved from /home/ubuntu/air_venv/lib/python3.10/site-packages/airflow/example_dags/tutorial.py
[2024-03-18T08:12:23.198+0000] {logging_mixin.py:188} INFO - [2024-03-18T08:12:23.197+0000] {dag.py:3047} INFO - Sync 1 DAGs
[2024-03-18T08:12:23.220+0000] {logging_mixin.py:188} INFO - [2024-03-18T08:12:23.219+0000] {dag.py:3834} INFO - Setting next_dagrun for tutorial to 2024-03-17 00:00:00+00:00, run_after=2024-03-18 00:00:00+00:00
[2024-03-18T08:12:23.244+0000] {processor.py:183} INFO - Processing /home/ubuntu/air_venv/lib/python3.10/site-packages/airflow/example_dags/tutorial.py took 0.078 seconds
[2024-03-18T08:13:07.836+0000] {processor.py:161} INFO - Started process (PID=9393) to work on /home/ubuntu/air_venv/lib/python3.10/site-packages/airflow/example_dags/tutorial.py
[2024-03-18T08:13:07.838+0000] {processor.py:830} INFO - Processing file /home/ubuntu/air_venv/lib/python3.10/site-packages/airflow/example_dags/tutorial.py for tasks to queue
[2024-03-18T08:13:07.839+0000] {logging_mixin.py:188} INFO - [2024-03-18T08:13:07.839+0000] {dagbag.py:540} INFO - Filling up the DagBag from /home/ubuntu/air_venv/lib/python3.10/site-packages/airflow/example_dags/tutorial.py
[2024-03-18T08:13:07.847+0000] {processor.py:840} INFO - DAG(s) 'tutorial' retrieved from /home/ubuntu/air_venv/lib/python3.10/site-packages/airflow/example_dags/tutorial.py
[2024-03-18T08:13:07.865+0000] {logging_mixin.py:188} INFO - [2024-03-18T08:13:07.865+0000] {dag.py:3047} INFO - Sync 1 DAGs
[2024-03-18T08:13:07.888+0000] {logging_mixin.py:188} INFO - [2024-03-18T08:13:07.888+0000] {dag.py:3834} INFO - Setting next_dagrun for tutorial to 2024-03-17 00:00:00+00:00, run_after=2024-03-18 00:00:00+00:00
[2024-03-18T08:13:07.918+0000] {processor.py:183} INFO - Processing /home/ubuntu/air_venv/lib/python3.10/site-packages/airflow/example_dags/tutorial.py took 0.086 seconds
[2024-03-18T08:13:50.615+0000] {processor.py:161} INFO - Started process (PID=9618) to work on /home/ubuntu/air_venv/lib/python3.10/site-packages/airflow/example_dags/tutorial.py
[2024-03-18T08:13:50.617+0000] {processor.py:830} INFO - Processing file /home/ubuntu/air_venv/lib/python3.10/site-packages/airflow/example_dags/tutorial.py for tasks to queue
[2024-03-18T08:13:50.618+0000] {logging_mixin.py:188} INFO - [2024-03-18T08:13:50.618+0000] {dagbag.py:540} INFO - Filling up the DagBag from /home/ubuntu/air_venv/lib/python3.10/site-packages/airflow/example_dags/tutorial.py
[2024-03-18T08:13:50.626+0000] {processor.py:840} INFO - DAG(s) 'tutorial' retrieved from /home/ubuntu/air_venv/lib/python3.10/site-packages/airflow/example_dags/tutorial.py
[2024-03-18T08:13:50.643+0000] {logging_mixin.py:188} INFO - [2024-03-18T08:13:50.643+0000] {dag.py:3047} INFO - Sync 1 DAGs
[2024-03-18T08:13:50.665+0000] {logging_mixin.py:188} INFO - [2024-03-18T08:13:50.665+0000] {dag.py:3834} INFO - Setting next_dagrun for tutorial to 2024-03-17 00:00:00+00:00, run_after=2024-03-18 00:00:00+00:00
[2024-03-18T08:13:50.692+0000] {processor.py:183} INFO - Processing /home/ubuntu/air_venv/lib/python3.10/site-packages/airflow/example_dags/tutorial.py took 0.080 seconds
[2024-03-18T08:14:55.143+0000] {processor.py:161} INFO - Started process (PID=10169) to work on /home/ubuntu/air_venv/lib/python3.10/site-packages/airflow/example_dags/tutorial.py
[2024-03-18T08:14:55.145+0000] {processor.py:830} INFO - Processing file /home/ubuntu/air_venv/lib/python3.10/site-packages/airflow/example_dags/tutorial.py for tasks to queue
[2024-03-18T08:14:55.146+0000] {logging_mixin.py:188} INFO - [2024-03-18T08:14:55.146+0000] {dagbag.py:540} INFO - Filling up the DagBag from /home/ubuntu/air_venv/lib/python3.10/site-packages/airflow/example_dags/tutorial.py
[2024-03-18T08:14:55.154+0000] {processor.py:840} INFO - DAG(s) 'tutorial' retrieved from /home/ubuntu/air_venv/lib/python3.10/site-packages/airflow/example_dags/tutorial.py
[2024-03-18T08:14:55.172+0000] {logging_mixin.py:188} INFO - [2024-03-18T08:14:55.171+0000] {dag.py:3047} INFO - Sync 1 DAGs
[2024-03-18T08:14:55.194+0000] {logging_mixin.py:188} INFO - [2024-03-18T08:14:55.194+0000] {dag.py:3834} INFO - Setting next_dagrun for tutorial to 2024-03-17 00:00:00+00:00, run_after=2024-03-18 00:00:00+00:00
[2024-03-18T08:14:55.219+0000] {processor.py:183} INFO - Processing /home/ubuntu/air_venv/lib/python3.10/site-packages/airflow/example_dags/tutorial.py took 0.080 seconds
[2024-03-18T08:15:48.768+0000] {processor.py:161} INFO - Started process (PID=10701) to work on /home/ubuntu/air_venv/lib/python3.10/site-packages/airflow/example_dags/tutorial.py
[2024-03-18T08:15:48.770+0000] {processor.py:830} INFO - Processing file /home/ubuntu/air_venv/lib/python3.10/site-packages/airflow/example_dags/tutorial.py for tasks to queue
[2024-03-18T08:15:48.771+0000] {logging_mixin.py:188} INFO - [2024-03-18T08:15:48.771+0000] {dagbag.py:540} INFO - Filling up the DagBag from /home/ubuntu/air_venv/lib/python3.10/site-packages/airflow/example_dags/tutorial.py
[2024-03-18T08:15:48.779+0000] {processor.py:840} INFO - DAG(s) 'tutorial' retrieved from /home/ubuntu/air_venv/lib/python3.10/site-packages/airflow/example_dags/tutorial.py
[2024-03-18T08:15:48.797+0000] {logging_mixin.py:188} INFO - [2024-03-18T08:15:48.797+0000] {dag.py:3047} INFO - Sync 1 DAGs
[2024-03-18T08:15:48.832+0000] {logging_mixin.py:188} INFO - [2024-03-18T08:15:48.832+0000] {dag.py:3834} INFO - Setting next_dagrun for tutorial to 2024-03-17 00:00:00+00:00, run_after=2024-03-18 00:00:00+00:00
[2024-03-18T08:15:48.869+0000] {processor.py:183} INFO - Processing /home/ubuntu/air_venv/lib/python3.10/site-packages/airflow/example_dags/tutorial.py took 0.104 seconds
[2024-03-18T08:16:41.053+0000] {processor.py:161} INFO - Started process (PID=11351) to work on /home/ubuntu/air_venv/lib/python3.10/site-packages/airflow/example_dags/tutorial.py
[2024-03-18T08:16:41.059+0000] {processor.py:830} INFO - Processing file /home/ubuntu/air_venv/lib/python3.10/site-packages/airflow/example_dags/tutorial.py for tasks to queue
[2024-03-18T08:16:41.060+0000] {logging_mixin.py:188} INFO - [2024-03-18T08:16:41.059+0000] {dagbag.py:540} INFO - Filling up the DagBag from /home/ubuntu/air_venv/lib/python3.10/site-packages/airflow/example_dags/tutorial.py
[2024-03-18T08:16:41.076+0000] {processor.py:840} INFO - DAG(s) 'tutorial' retrieved from /home/ubuntu/air_venv/lib/python3.10/site-packages/airflow/example_dags/tutorial.py
[2024-03-18T08:16:41.116+0000] {logging_mixin.py:188} INFO - [2024-03-18T08:16:41.116+0000] {dag.py:3047} INFO - Sync 1 DAGs
[2024-03-18T08:16:41.142+0000] {logging_mixin.py:188} INFO - [2024-03-18T08:16:41.142+0000] {dag.py:3834} INFO - Setting next_dagrun for tutorial to 2024-03-17 00:00:00+00:00, run_after=2024-03-18 00:00:00+00:00
[2024-03-18T08:16:41.171+0000] {processor.py:183} INFO - Processing /home/ubuntu/air_venv/lib/python3.10/site-packages/airflow/example_dags/tutorial.py took 0.122 seconds
[2024-03-18T08:17:24.924+0000] {processor.py:161} INFO - Started process (PID=11901) to work on /home/ubuntu/air_venv/lib/python3.10/site-packages/airflow/example_dags/tutorial.py
[2024-03-18T08:17:24.926+0000] {processor.py:830} INFO - Processing file /home/ubuntu/air_venv/lib/python3.10/site-packages/airflow/example_dags/tutorial.py for tasks to queue
[2024-03-18T08:17:24.927+0000] {logging_mixin.py:188} INFO - [2024-03-18T08:17:24.927+0000] {dagbag.py:540} INFO - Filling up the DagBag from /home/ubuntu/air_venv/lib/python3.10/site-packages/airflow/example_dags/tutorial.py
[2024-03-18T08:17:24.935+0000] {processor.py:840} INFO - DAG(s) 'tutorial' retrieved from /home/ubuntu/air_venv/lib/python3.10/site-packages/airflow/example_dags/tutorial.py
[2024-03-18T08:17:24.954+0000] {logging_mixin.py:188} INFO - [2024-03-18T08:17:24.954+0000] {dag.py:3047} INFO - Sync 1 DAGs
[2024-03-18T08:17:24.976+0000] {logging_mixin.py:188} INFO - [2024-03-18T08:17:24.976+0000] {dag.py:3834} INFO - Setting next_dagrun for tutorial to 2024-03-17 00:00:00+00:00, run_after=2024-03-18 00:00:00+00:00
[2024-03-18T08:17:25.003+0000] {processor.py:183} INFO - Processing /home/ubuntu/air_venv/lib/python3.10/site-packages/airflow/example_dags/tutorial.py took 0.082 seconds
[2024-03-18T08:18:12.228+0000] {processor.py:161} INFO - Started process (PID=12464) to work on /home/ubuntu/air_venv/lib/python3.10/site-packages/airflow/example_dags/tutorial.py
[2024-03-18T08:18:12.230+0000] {processor.py:830} INFO - Processing file /home/ubuntu/air_venv/lib/python3.10/site-packages/airflow/example_dags/tutorial.py for tasks to queue
[2024-03-18T08:18:12.231+0000] {logging_mixin.py:188} INFO - [2024-03-18T08:18:12.231+0000] {dagbag.py:540} INFO - Filling up the DagBag from /home/ubuntu/air_venv/lib/python3.10/site-packages/airflow/example_dags/tutorial.py
[2024-03-18T08:18:12.239+0000] {processor.py:840} INFO - DAG(s) 'tutorial' retrieved from /home/ubuntu/air_venv/lib/python3.10/site-packages/airflow/example_dags/tutorial.py
[2024-03-18T08:18:12.256+0000] {logging_mixin.py:188} INFO - [2024-03-18T08:18:12.256+0000] {dag.py:3047} INFO - Sync 1 DAGs
[2024-03-18T08:18:12.279+0000] {logging_mixin.py:188} INFO - [2024-03-18T08:18:12.279+0000] {dag.py:3834} INFO - Setting next_dagrun for tutorial to 2024-03-17 00:00:00+00:00, run_after=2024-03-18 00:00:00+00:00
[2024-03-18T08:18:12.304+0000] {processor.py:183} INFO - Processing /home/ubuntu/air_venv/lib/python3.10/site-packages/airflow/example_dags/tutorial.py took 0.080 seconds
[2024-03-18T08:19:04.343+0000] {processor.py:161} INFO - Started process (PID=12574) to work on /home/ubuntu/air_venv/lib/python3.10/site-packages/airflow/example_dags/tutorial.py
[2024-03-18T08:19:04.346+0000] {processor.py:830} INFO - Processing file /home/ubuntu/air_venv/lib/python3.10/site-packages/airflow/example_dags/tutorial.py for tasks to queue
[2024-03-18T08:19:04.347+0000] {logging_mixin.py:188} INFO - [2024-03-18T08:19:04.346+0000] {dagbag.py:540} INFO - Filling up the DagBag from /home/ubuntu/air_venv/lib/python3.10/site-packages/airflow/example_dags/tutorial.py
[2024-03-18T08:19:04.357+0000] {processor.py:840} INFO - DAG(s) 'tutorial' retrieved from /home/ubuntu/air_venv/lib/python3.10/site-packages/airflow/example_dags/tutorial.py
[2024-03-18T08:19:04.426+0000] {logging_mixin.py:188} INFO - [2024-03-18T08:19:04.383+0000] {dag.py:3047} INFO - Sync 1 DAGs
[2024-03-18T08:19:04.464+0000] {logging_mixin.py:188} INFO - [2024-03-18T08:19:04.464+0000] {dag.py:3834} INFO - Setting next_dagrun for tutorial to 2024-03-17 00:00:00+00:00, run_after=2024-03-18 00:00:00+00:00
[2024-03-18T08:19:04.560+0000] {processor.py:183} INFO - Processing /home/ubuntu/air_venv/lib/python3.10/site-packages/airflow/example_dags/tutorial.py took 0.221 seconds
[2024-03-18T08:19:58.603+0000] {processor.py:161} INFO - Started process (PID=13048) to work on /home/ubuntu/air_venv/lib/python3.10/site-packages/airflow/example_dags/tutorial.py
[2024-03-18T08:19:58.605+0000] {processor.py:830} INFO - Processing file /home/ubuntu/air_venv/lib/python3.10/site-packages/airflow/example_dags/tutorial.py for tasks to queue
[2024-03-18T08:19:58.606+0000] {logging_mixin.py:188} INFO - [2024-03-18T08:19:58.606+0000] {dagbag.py:540} INFO - Filling up the DagBag from /home/ubuntu/air_venv/lib/python3.10/site-packages/airflow/example_dags/tutorial.py
[2024-03-18T08:19:58.614+0000] {processor.py:840} INFO - DAG(s) 'tutorial' retrieved from /home/ubuntu/air_venv/lib/python3.10/site-packages/airflow/example_dags/tutorial.py
[2024-03-18T08:19:58.632+0000] {logging_mixin.py:188} INFO - [2024-03-18T08:19:58.631+0000] {dag.py:3047} INFO - Sync 1 DAGs
[2024-03-18T08:19:58.653+0000] {logging_mixin.py:188} INFO - [2024-03-18T08:19:58.653+0000] {dag.py:3834} INFO - Setting next_dagrun for tutorial to 2024-03-17 00:00:00+00:00, run_after=2024-03-18 00:00:00+00:00
[2024-03-18T08:19:58.678+0000] {processor.py:183} INFO - Processing /home/ubuntu/air_venv/lib/python3.10/site-packages/airflow/example_dags/tutorial.py took 0.078 seconds
[2024-03-18T08:20:52.822+0000] {processor.py:161} INFO - Started process (PID=13337) to work on /home/ubuntu/air_venv/lib/python3.10/site-packages/airflow/example_dags/tutorial.py
[2024-03-18T08:20:52.824+0000] {processor.py:830} INFO - Processing file /home/ubuntu/air_venv/lib/python3.10/site-packages/airflow/example_dags/tutorial.py for tasks to queue
[2024-03-18T08:20:52.825+0000] {logging_mixin.py:188} INFO - [2024-03-18T08:20:52.825+0000] {dagbag.py:540} INFO - Filling up the DagBag from /home/ubuntu/air_venv/lib/python3.10/site-packages/airflow/example_dags/tutorial.py
[2024-03-18T08:20:52.833+0000] {processor.py:840} INFO - DAG(s) 'tutorial' retrieved from /home/ubuntu/air_venv/lib/python3.10/site-packages/airflow/example_dags/tutorial.py
[2024-03-18T08:20:52.852+0000] {logging_mixin.py:188} INFO - [2024-03-18T08:20:52.851+0000] {dag.py:3047} INFO - Sync 1 DAGs
[2024-03-18T08:20:52.874+0000] {logging_mixin.py:188} INFO - [2024-03-18T08:20:52.873+0000] {dag.py:3834} INFO - Setting next_dagrun for tutorial to 2024-03-17 00:00:00+00:00, run_after=2024-03-18 00:00:00+00:00
[2024-03-18T08:20:52.898+0000] {processor.py:183} INFO - Processing /home/ubuntu/air_venv/lib/python3.10/site-packages/airflow/example_dags/tutorial.py took 0.080 seconds
[2024-03-18T08:21:52.747+0000] {processor.py:161} INFO - Started process (PID=13756) to work on /home/ubuntu/air_venv/lib/python3.10/site-packages/airflow/example_dags/tutorial.py
[2024-03-18T08:21:52.748+0000] {processor.py:830} INFO - Processing file /home/ubuntu/air_venv/lib/python3.10/site-packages/airflow/example_dags/tutorial.py for tasks to queue
[2024-03-18T08:21:52.749+0000] {logging_mixin.py:188} INFO - [2024-03-18T08:21:52.749+0000] {dagbag.py:540} INFO - Filling up the DagBag from /home/ubuntu/air_venv/lib/python3.10/site-packages/airflow/example_dags/tutorial.py
[2024-03-18T08:21:52.757+0000] {processor.py:840} INFO - DAG(s) 'tutorial' retrieved from /home/ubuntu/air_venv/lib/python3.10/site-packages/airflow/example_dags/tutorial.py
[2024-03-18T08:21:52.774+0000] {logging_mixin.py:188} INFO - [2024-03-18T08:21:52.774+0000] {dag.py:3047} INFO - Sync 1 DAGs
[2024-03-18T08:21:52.802+0000] {logging_mixin.py:188} INFO - [2024-03-18T08:21:52.802+0000] {dag.py:3834} INFO - Setting next_dagrun for tutorial to 2024-03-17 00:00:00+00:00, run_after=2024-03-18 00:00:00+00:00
[2024-03-18T08:21:52.827+0000] {processor.py:183} INFO - Processing /home/ubuntu/air_venv/lib/python3.10/site-packages/airflow/example_dags/tutorial.py took 0.084 seconds
[2024-03-18T08:22:31.590+0000] {processor.py:161} INFO - Started process (PID=13918) to work on /home/ubuntu/air_venv/lib/python3.10/site-packages/airflow/example_dags/tutorial.py
[2024-03-18T08:22:31.592+0000] {processor.py:830} INFO - Processing file /home/ubuntu/air_venv/lib/python3.10/site-packages/airflow/example_dags/tutorial.py for tasks to queue
[2024-03-18T08:22:31.593+0000] {logging_mixin.py:188} INFO - [2024-03-18T08:22:31.593+0000] {dagbag.py:540} INFO - Filling up the DagBag from /home/ubuntu/air_venv/lib/python3.10/site-packages/airflow/example_dags/tutorial.py
[2024-03-18T08:22:31.601+0000] {processor.py:840} INFO - DAG(s) 'tutorial' retrieved from /home/ubuntu/air_venv/lib/python3.10/site-packages/airflow/example_dags/tutorial.py
[2024-03-18T08:22:31.619+0000] {logging_mixin.py:188} INFO - [2024-03-18T08:22:31.619+0000] {dag.py:3047} INFO - Sync 1 DAGs
[2024-03-18T08:22:31.640+0000] {logging_mixin.py:188} INFO - [2024-03-18T08:22:31.640+0000] {dag.py:3834} INFO - Setting next_dagrun for tutorial to 2024-03-17 00:00:00+00:00, run_after=2024-03-18 00:00:00+00:00
[2024-03-18T08:22:31.665+0000] {processor.py:183} INFO - Processing /home/ubuntu/air_venv/lib/python3.10/site-packages/airflow/example_dags/tutorial.py took 0.078 seconds
[2024-03-18T08:23:09.816+0000] {processor.py:161} INFO - Started process (PID=14323) to work on /home/ubuntu/air_venv/lib/python3.10/site-packages/airflow/example_dags/tutorial.py
[2024-03-18T08:23:09.818+0000] {processor.py:830} INFO - Processing file /home/ubuntu/air_venv/lib/python3.10/site-packages/airflow/example_dags/tutorial.py for tasks to queue
[2024-03-18T08:23:09.819+0000] {logging_mixin.py:188} INFO - [2024-03-18T08:23:09.819+0000] {dagbag.py:540} INFO - Filling up the DagBag from /home/ubuntu/air_venv/lib/python3.10/site-packages/airflow/example_dags/tutorial.py
[2024-03-18T08:23:09.827+0000] {processor.py:840} INFO - DAG(s) 'tutorial' retrieved from /home/ubuntu/air_venv/lib/python3.10/site-packages/airflow/example_dags/tutorial.py
[2024-03-18T08:23:09.844+0000] {logging_mixin.py:188} INFO - [2024-03-18T08:23:09.844+0000] {dag.py:3047} INFO - Sync 1 DAGs
[2024-03-18T08:23:09.874+0000] {logging_mixin.py:188} INFO - [2024-03-18T08:23:09.873+0000] {dag.py:3834} INFO - Setting next_dagrun for tutorial to 2024-03-17 00:00:00+00:00, run_after=2024-03-18 00:00:00+00:00
[2024-03-18T08:23:09.900+0000] {processor.py:183} INFO - Processing /home/ubuntu/air_venv/lib/python3.10/site-packages/airflow/example_dags/tutorial.py took 0.087 seconds
[2024-03-18T08:23:50.367+0000] {processor.py:161} INFO - Started process (PID=14613) to work on /home/ubuntu/air_venv/lib/python3.10/site-packages/airflow/example_dags/tutorial.py
[2024-03-18T08:23:50.369+0000] {processor.py:830} INFO - Processing file /home/ubuntu/air_venv/lib/python3.10/site-packages/airflow/example_dags/tutorial.py for tasks to queue
[2024-03-18T08:23:50.370+0000] {logging_mixin.py:188} INFO - [2024-03-18T08:23:50.370+0000] {dagbag.py:540} INFO - Filling up the DagBag from /home/ubuntu/air_venv/lib/python3.10/site-packages/airflow/example_dags/tutorial.py
[2024-03-18T08:23:50.378+0000] {processor.py:840} INFO - DAG(s) 'tutorial' retrieved from /home/ubuntu/air_venv/lib/python3.10/site-packages/airflow/example_dags/tutorial.py
[2024-03-18T08:23:50.396+0000] {logging_mixin.py:188} INFO - [2024-03-18T08:23:50.396+0000] {dag.py:3047} INFO - Sync 1 DAGs
[2024-03-18T08:23:50.418+0000] {logging_mixin.py:188} INFO - [2024-03-18T08:23:50.417+0000] {dag.py:3834} INFO - Setting next_dagrun for tutorial to 2024-03-17 00:00:00+00:00, run_after=2024-03-18 00:00:00+00:00
[2024-03-18T08:23:50.442+0000] {processor.py:183} INFO - Processing /home/ubuntu/air_venv/lib/python3.10/site-packages/airflow/example_dags/tutorial.py took 0.078 seconds
[2024-03-18T08:24:28.982+0000] {processor.py:161} INFO - Started process (PID=14913) to work on /home/ubuntu/air_venv/lib/python3.10/site-packages/airflow/example_dags/tutorial.py
[2024-03-18T08:24:28.984+0000] {processor.py:830} INFO - Processing file /home/ubuntu/air_venv/lib/python3.10/site-packages/airflow/example_dags/tutorial.py for tasks to queue
[2024-03-18T08:24:28.986+0000] {logging_mixin.py:188} INFO - [2024-03-18T08:24:28.985+0000] {dagbag.py:540} INFO - Filling up the DagBag from /home/ubuntu/air_venv/lib/python3.10/site-packages/airflow/example_dags/tutorial.py
[2024-03-18T08:24:28.995+0000] {processor.py:840} INFO - DAG(s) 'tutorial' retrieved from /home/ubuntu/air_venv/lib/python3.10/site-packages/airflow/example_dags/tutorial.py
[2024-03-18T08:24:29.013+0000] {logging_mixin.py:188} INFO - [2024-03-18T08:24:29.013+0000] {dag.py:3047} INFO - Sync 1 DAGs
[2024-03-18T08:24:29.043+0000] {logging_mixin.py:188} INFO - [2024-03-18T08:24:29.043+0000] {dag.py:3834} INFO - Setting next_dagrun for tutorial to 2024-03-17 00:00:00+00:00, run_after=2024-03-18 00:00:00+00:00
[2024-03-18T08:24:29.071+0000] {processor.py:183} INFO - Processing /home/ubuntu/air_venv/lib/python3.10/site-packages/airflow/example_dags/tutorial.py took 0.092 seconds
[2024-03-18T08:25:11.278+0000] {processor.py:161} INFO - Started process (PID=15269) to work on /home/ubuntu/air_venv/lib/python3.10/site-packages/airflow/example_dags/tutorial.py
[2024-03-18T08:25:11.280+0000] {processor.py:830} INFO - Processing file /home/ubuntu/air_venv/lib/python3.10/site-packages/airflow/example_dags/tutorial.py for tasks to queue
[2024-03-18T08:25:11.281+0000] {logging_mixin.py:188} INFO - [2024-03-18T08:25:11.280+0000] {dagbag.py:540} INFO - Filling up the DagBag from /home/ubuntu/air_venv/lib/python3.10/site-packages/airflow/example_dags/tutorial.py
[2024-03-18T08:25:11.289+0000] {processor.py:840} INFO - DAG(s) 'tutorial' retrieved from /home/ubuntu/air_venv/lib/python3.10/site-packages/airflow/example_dags/tutorial.py
[2024-03-18T08:25:11.307+0000] {logging_mixin.py:188} INFO - [2024-03-18T08:25:11.306+0000] {dag.py:3047} INFO - Sync 1 DAGs
[2024-03-18T08:25:11.330+0000] {logging_mixin.py:188} INFO - [2024-03-18T08:25:11.329+0000] {dag.py:3834} INFO - Setting next_dagrun for tutorial to 2024-03-17 00:00:00+00:00, run_after=2024-03-18 00:00:00+00:00
[2024-03-18T08:25:11.373+0000] {processor.py:183} INFO - Processing /home/ubuntu/air_venv/lib/python3.10/site-packages/airflow/example_dags/tutorial.py took 0.099 seconds
[2024-03-18T08:25:52.757+0000] {processor.py:161} INFO - Started process (PID=15372) to work on /home/ubuntu/air_venv/lib/python3.10/site-packages/airflow/example_dags/tutorial.py
[2024-03-18T08:25:52.759+0000] {processor.py:830} INFO - Processing file /home/ubuntu/air_venv/lib/python3.10/site-packages/airflow/example_dags/tutorial.py for tasks to queue
[2024-03-18T08:25:52.760+0000] {logging_mixin.py:188} INFO - [2024-03-18T08:25:52.759+0000] {dagbag.py:540} INFO - Filling up the DagBag from /home/ubuntu/air_venv/lib/python3.10/site-packages/airflow/example_dags/tutorial.py
[2024-03-18T08:25:52.768+0000] {processor.py:840} INFO - DAG(s) 'tutorial' retrieved from /home/ubuntu/air_venv/lib/python3.10/site-packages/airflow/example_dags/tutorial.py
[2024-03-18T08:25:52.785+0000] {logging_mixin.py:188} INFO - [2024-03-18T08:25:52.784+0000] {dag.py:3047} INFO - Sync 1 DAGs
[2024-03-18T08:25:52.806+0000] {logging_mixin.py:188} INFO - [2024-03-18T08:25:52.806+0000] {dag.py:3834} INFO - Setting next_dagrun for tutorial to 2024-03-17 00:00:00+00:00, run_after=2024-03-18 00:00:00+00:00
[2024-03-18T08:25:52.831+0000] {processor.py:183} INFO - Processing /home/ubuntu/air_venv/lib/python3.10/site-packages/airflow/example_dags/tutorial.py took 0.077 seconds
[2024-03-18T08:26:33.279+0000] {processor.py:161} INFO - Started process (PID=15411) to work on /home/ubuntu/air_venv/lib/python3.10/site-packages/airflow/example_dags/tutorial.py
[2024-03-18T08:26:33.281+0000] {processor.py:830} INFO - Processing file /home/ubuntu/air_venv/lib/python3.10/site-packages/airflow/example_dags/tutorial.py for tasks to queue
[2024-03-18T08:26:33.282+0000] {logging_mixin.py:188} INFO - [2024-03-18T08:26:33.282+0000] {dagbag.py:540} INFO - Filling up the DagBag from /home/ubuntu/air_venv/lib/python3.10/site-packages/airflow/example_dags/tutorial.py
[2024-03-18T08:26:33.290+0000] {processor.py:840} INFO - DAG(s) 'tutorial' retrieved from /home/ubuntu/air_venv/lib/python3.10/site-packages/airflow/example_dags/tutorial.py
[2024-03-18T08:26:33.308+0000] {logging_mixin.py:188} INFO - [2024-03-18T08:26:33.308+0000] {dag.py:3047} INFO - Sync 1 DAGs
[2024-03-18T08:26:33.334+0000] {logging_mixin.py:188} INFO - [2024-03-18T08:26:33.334+0000] {dag.py:3834} INFO - Setting next_dagrun for tutorial to 2024-03-17 00:00:00+00:00, run_after=2024-03-18 00:00:00+00:00
[2024-03-18T08:26:33.359+0000] {processor.py:183} INFO - Processing /home/ubuntu/air_venv/lib/python3.10/site-packages/airflow/example_dags/tutorial.py took 0.083 seconds
[2024-03-18T08:27:14.167+0000] {processor.py:161} INFO - Started process (PID=15511) to work on /home/ubuntu/air_venv/lib/python3.10/site-packages/airflow/example_dags/tutorial.py
[2024-03-18T08:27:14.169+0000] {processor.py:830} INFO - Processing file /home/ubuntu/air_venv/lib/python3.10/site-packages/airflow/example_dags/tutorial.py for tasks to queue
[2024-03-18T08:27:14.170+0000] {logging_mixin.py:188} INFO - [2024-03-18T08:27:14.169+0000] {dagbag.py:540} INFO - Filling up the DagBag from /home/ubuntu/air_venv/lib/python3.10/site-packages/airflow/example_dags/tutorial.py
[2024-03-18T08:27:14.178+0000] {processor.py:840} INFO - DAG(s) 'tutorial' retrieved from /home/ubuntu/air_venv/lib/python3.10/site-packages/airflow/example_dags/tutorial.py
[2024-03-18T08:27:14.197+0000] {logging_mixin.py:188} INFO - [2024-03-18T08:27:14.196+0000] {dag.py:3047} INFO - Sync 1 DAGs
[2024-03-18T08:27:14.220+0000] {logging_mixin.py:188} INFO - [2024-03-18T08:27:14.220+0000] {dag.py:3834} INFO - Setting next_dagrun for tutorial to 2024-03-17 00:00:00+00:00, run_after=2024-03-18 00:00:00+00:00
[2024-03-18T08:27:14.246+0000] {processor.py:183} INFO - Processing /home/ubuntu/air_venv/lib/python3.10/site-packages/airflow/example_dags/tutorial.py took 0.083 seconds
[2024-03-18T08:27:55.606+0000] {processor.py:161} INFO - Started process (PID=15613) to work on /home/ubuntu/air_venv/lib/python3.10/site-packages/airflow/example_dags/tutorial.py
[2024-03-18T08:27:55.607+0000] {processor.py:830} INFO - Processing file /home/ubuntu/air_venv/lib/python3.10/site-packages/airflow/example_dags/tutorial.py for tasks to queue
[2024-03-18T08:27:55.609+0000] {logging_mixin.py:188} INFO - [2024-03-18T08:27:55.608+0000] {dagbag.py:540} INFO - Filling up the DagBag from /home/ubuntu/air_venv/lib/python3.10/site-packages/airflow/example_dags/tutorial.py
[2024-03-18T08:27:55.616+0000] {processor.py:840} INFO - DAG(s) 'tutorial' retrieved from /home/ubuntu/air_venv/lib/python3.10/site-packages/airflow/example_dags/tutorial.py
[2024-03-18T08:27:55.634+0000] {logging_mixin.py:188} INFO - [2024-03-18T08:27:55.634+0000] {dag.py:3047} INFO - Sync 1 DAGs
[2024-03-18T08:27:55.657+0000] {logging_mixin.py:188} INFO - [2024-03-18T08:27:55.656+0000] {dag.py:3834} INFO - Setting next_dagrun for tutorial to 2024-03-17 00:00:00+00:00, run_after=2024-03-18 00:00:00+00:00
[2024-03-18T08:27:55.683+0000] {processor.py:183} INFO - Processing /home/ubuntu/air_venv/lib/python3.10/site-packages/airflow/example_dags/tutorial.py took 0.081 seconds
[2024-03-18T08:28:39.332+0000] {processor.py:161} INFO - Started process (PID=15654) to work on /home/ubuntu/air_venv/lib/python3.10/site-packages/airflow/example_dags/tutorial.py
[2024-03-18T08:28:39.334+0000] {processor.py:830} INFO - Processing file /home/ubuntu/air_venv/lib/python3.10/site-packages/airflow/example_dags/tutorial.py for tasks to queue
[2024-03-18T08:28:39.335+0000] {logging_mixin.py:188} INFO - [2024-03-18T08:28:39.335+0000] {dagbag.py:540} INFO - Filling up the DagBag from /home/ubuntu/air_venv/lib/python3.10/site-packages/airflow/example_dags/tutorial.py
[2024-03-18T08:28:39.343+0000] {processor.py:840} INFO - DAG(s) 'tutorial' retrieved from /home/ubuntu/air_venv/lib/python3.10/site-packages/airflow/example_dags/tutorial.py
[2024-03-18T08:28:39.361+0000] {logging_mixin.py:188} INFO - [2024-03-18T08:28:39.360+0000] {dag.py:3047} INFO - Sync 1 DAGs
[2024-03-18T08:28:39.394+0000] {logging_mixin.py:188} INFO - [2024-03-18T08:28:39.394+0000] {dag.py:3834} INFO - Setting next_dagrun for tutorial to 2024-03-17 00:00:00+00:00, run_after=2024-03-18 00:00:00+00:00
[2024-03-18T08:28:39.420+0000] {processor.py:183} INFO - Processing /home/ubuntu/air_venv/lib/python3.10/site-packages/airflow/example_dags/tutorial.py took 0.091 seconds
[2024-03-18T08:29:22.176+0000] {processor.py:161} INFO - Started process (PID=15755) to work on /home/ubuntu/air_venv/lib/python3.10/site-packages/airflow/example_dags/tutorial.py
[2024-03-18T08:29:22.178+0000] {processor.py:830} INFO - Processing file /home/ubuntu/air_venv/lib/python3.10/site-packages/airflow/example_dags/tutorial.py for tasks to queue
[2024-03-18T08:29:22.179+0000] {logging_mixin.py:188} INFO - [2024-03-18T08:29:22.179+0000] {dagbag.py:540} INFO - Filling up the DagBag from /home/ubuntu/air_venv/lib/python3.10/site-packages/airflow/example_dags/tutorial.py
[2024-03-18T08:29:22.187+0000] {processor.py:840} INFO - DAG(s) 'tutorial' retrieved from /home/ubuntu/air_venv/lib/python3.10/site-packages/airflow/example_dags/tutorial.py
[2024-03-18T08:29:22.204+0000] {logging_mixin.py:188} INFO - [2024-03-18T08:29:22.204+0000] {dag.py:3047} INFO - Sync 1 DAGs
[2024-03-18T08:29:22.226+0000] {logging_mixin.py:188} INFO - [2024-03-18T08:29:22.226+0000] {dag.py:3834} INFO - Setting next_dagrun for tutorial to 2024-03-17 00:00:00+00:00, run_after=2024-03-18 00:00:00+00:00
[2024-03-18T08:29:22.251+0000] {processor.py:183} INFO - Processing /home/ubuntu/air_venv/lib/python3.10/site-packages/airflow/example_dags/tutorial.py took 0.078 seconds
