[2024-03-18T07:59:49.281+0000] {processor.py:161} INFO - Started process (PID=2686) to work on /home/ubuntu/air_venv/lib/python3.10/site-packages/airflow/example_dags/tutorial_dag.py
[2024-03-18T07:59:49.283+0000] {processor.py:830} INFO - Processing file /home/ubuntu/air_venv/lib/python3.10/site-packages/airflow/example_dags/tutorial_dag.py for tasks to queue
[2024-03-18T07:59:49.284+0000] {logging_mixin.py:188} INFO - [2024-03-18T07:59:49.283+0000] {dagbag.py:540} INFO - Filling up the DagBag from /home/ubuntu/air_venv/lib/python3.10/site-packages/airflow/example_dags/tutorial_dag.py
[2024-03-18T07:59:49.293+0000] {processor.py:840} INFO - DAG(s) 'tutorial_dag' retrieved from /home/ubuntu/air_venv/lib/python3.10/site-packages/airflow/example_dags/tutorial_dag.py
[2024-03-18T07:59:49.504+0000] {logging_mixin.py:188} INFO - [2024-03-18T07:59:49.503+0000] {override.py:1769} INFO - Created Permission View: can edit on DAG:tutorial_dag
[2024-03-18T07:59:49.529+0000] {logging_mixin.py:188} INFO - [2024-03-18T07:59:49.529+0000] {override.py:1769} INFO - Created Permission View: can delete on DAG:tutorial_dag
[2024-03-18T07:59:49.548+0000] {logging_mixin.py:188} INFO - [2024-03-18T07:59:49.547+0000] {override.py:1769} INFO - Created Permission View: can read on DAG:tutorial_dag
[2024-03-18T07:59:49.549+0000] {logging_mixin.py:188} INFO - [2024-03-18T07:59:49.549+0000] {dag.py:3047} INFO - Sync 1 DAGs
[2024-03-18T07:59:49.569+0000] {logging_mixin.py:188} INFO - [2024-03-18T07:59:49.569+0000] {dag.py:3069} INFO - Creating ORM DAG for tutorial_dag
[2024-03-18T07:59:49.570+0000] {logging_mixin.py:188} INFO - [2024-03-18T07:59:49.570+0000] {dag.py:3834} INFO - Setting next_dagrun for tutorial_dag to None, run_after=None
[2024-03-18T07:59:49.601+0000] {processor.py:183} INFO - Processing /home/ubuntu/air_venv/lib/python3.10/site-packages/airflow/example_dags/tutorial_dag.py took 0.324 seconds
[2024-03-18T08:00:53.569+0000] {processor.py:161} INFO - Started process (PID=3257) to work on /home/ubuntu/air_venv/lib/python3.10/site-packages/airflow/example_dags/tutorial_dag.py
[2024-03-18T08:00:53.571+0000] {processor.py:830} INFO - Processing file /home/ubuntu/air_venv/lib/python3.10/site-packages/airflow/example_dags/tutorial_dag.py for tasks to queue
[2024-03-18T08:00:53.572+0000] {logging_mixin.py:188} INFO - [2024-03-18T08:00:53.572+0000] {dagbag.py:540} INFO - Filling up the DagBag from /home/ubuntu/air_venv/lib/python3.10/site-packages/airflow/example_dags/tutorial_dag.py
[2024-03-18T08:00:53.579+0000] {processor.py:840} INFO - DAG(s) 'tutorial_dag' retrieved from /home/ubuntu/air_venv/lib/python3.10/site-packages/airflow/example_dags/tutorial_dag.py
[2024-03-18T08:00:53.597+0000] {logging_mixin.py:188} INFO - [2024-03-18T08:00:53.596+0000] {dag.py:3047} INFO - Sync 1 DAGs
[2024-03-18T08:00:53.610+0000] {logging_mixin.py:188} INFO - [2024-03-18T08:00:53.610+0000] {dag.py:3834} INFO - Setting next_dagrun for tutorial_dag to None, run_after=None
[2024-03-18T08:00:53.635+0000] {processor.py:183} INFO - Processing /home/ubuntu/air_venv/lib/python3.10/site-packages/airflow/example_dags/tutorial_dag.py took 0.070 seconds
[2024-03-18T08:01:43.101+0000] {processor.py:161} INFO - Started process (PID=3726) to work on /home/ubuntu/air_venv/lib/python3.10/site-packages/airflow/example_dags/tutorial_dag.py
[2024-03-18T08:01:43.103+0000] {processor.py:830} INFO - Processing file /home/ubuntu/air_venv/lib/python3.10/site-packages/airflow/example_dags/tutorial_dag.py for tasks to queue
[2024-03-18T08:01:43.104+0000] {logging_mixin.py:188} INFO - [2024-03-18T08:01:43.104+0000] {dagbag.py:540} INFO - Filling up the DagBag from /home/ubuntu/air_venv/lib/python3.10/site-packages/airflow/example_dags/tutorial_dag.py
[2024-03-18T08:01:43.111+0000] {processor.py:840} INFO - DAG(s) 'tutorial_dag' retrieved from /home/ubuntu/air_venv/lib/python3.10/site-packages/airflow/example_dags/tutorial_dag.py
[2024-03-18T08:01:43.128+0000] {logging_mixin.py:188} INFO - [2024-03-18T08:01:43.128+0000] {dag.py:3047} INFO - Sync 1 DAGs
[2024-03-18T08:01:43.148+0000] {logging_mixin.py:188} INFO - [2024-03-18T08:01:43.147+0000] {dag.py:3834} INFO - Setting next_dagrun for tutorial_dag to None, run_after=None
[2024-03-18T08:01:43.187+0000] {processor.py:183} INFO - Processing /home/ubuntu/air_venv/lib/python3.10/site-packages/airflow/example_dags/tutorial_dag.py took 0.089 seconds
[2024-03-18T08:02:34.552+0000] {processor.py:161} INFO - Started process (PID=4192) to work on /home/ubuntu/air_venv/lib/python3.10/site-packages/airflow/example_dags/tutorial_dag.py
[2024-03-18T08:02:34.553+0000] {processor.py:830} INFO - Processing file /home/ubuntu/air_venv/lib/python3.10/site-packages/airflow/example_dags/tutorial_dag.py for tasks to queue
[2024-03-18T08:02:34.554+0000] {logging_mixin.py:188} INFO - [2024-03-18T08:02:34.554+0000] {dagbag.py:540} INFO - Filling up the DagBag from /home/ubuntu/air_venv/lib/python3.10/site-packages/airflow/example_dags/tutorial_dag.py
[2024-03-18T08:02:34.561+0000] {processor.py:840} INFO - DAG(s) 'tutorial_dag' retrieved from /home/ubuntu/air_venv/lib/python3.10/site-packages/airflow/example_dags/tutorial_dag.py
[2024-03-18T08:02:34.738+0000] {logging_mixin.py:188} INFO - [2024-03-18T08:02:34.738+0000] {dag.py:3047} INFO - Sync 1 DAGs
[2024-03-18T08:02:34.749+0000] {logging_mixin.py:188} INFO - [2024-03-18T08:02:34.749+0000] {dag.py:3834} INFO - Setting next_dagrun for tutorial_dag to None, run_after=None
[2024-03-18T08:02:34.781+0000] {processor.py:183} INFO - Processing /home/ubuntu/air_venv/lib/python3.10/site-packages/airflow/example_dags/tutorial_dag.py took 0.233 seconds
[2024-03-18T08:03:27.142+0000] {processor.py:161} INFO - Started process (PID=4480) to work on /home/ubuntu/air_venv/lib/python3.10/site-packages/airflow/example_dags/tutorial_dag.py
[2024-03-18T08:03:27.144+0000] {processor.py:830} INFO - Processing file /home/ubuntu/air_venv/lib/python3.10/site-packages/airflow/example_dags/tutorial_dag.py for tasks to queue
[2024-03-18T08:03:27.145+0000] {logging_mixin.py:188} INFO - [2024-03-18T08:03:27.145+0000] {dagbag.py:540} INFO - Filling up the DagBag from /home/ubuntu/air_venv/lib/python3.10/site-packages/airflow/example_dags/tutorial_dag.py
[2024-03-18T08:03:27.152+0000] {processor.py:840} INFO - DAG(s) 'tutorial_dag' retrieved from /home/ubuntu/air_venv/lib/python3.10/site-packages/airflow/example_dags/tutorial_dag.py
[2024-03-18T08:03:27.171+0000] {logging_mixin.py:188} INFO - [2024-03-18T08:03:27.171+0000] {dag.py:3047} INFO - Sync 1 DAGs
[2024-03-18T08:03:27.184+0000] {logging_mixin.py:188} INFO - [2024-03-18T08:03:27.184+0000] {dag.py:3834} INFO - Setting next_dagrun for tutorial_dag to None, run_after=None
[2024-03-18T08:03:27.210+0000] {processor.py:183} INFO - Processing /home/ubuntu/air_venv/lib/python3.10/site-packages/airflow/example_dags/tutorial_dag.py took 0.071 seconds
[2024-03-18T08:04:11.121+0000] {processor.py:161} INFO - Started process (PID=4944) to work on /home/ubuntu/air_venv/lib/python3.10/site-packages/airflow/example_dags/tutorial_dag.py
[2024-03-18T08:04:11.122+0000] {processor.py:830} INFO - Processing file /home/ubuntu/air_venv/lib/python3.10/site-packages/airflow/example_dags/tutorial_dag.py for tasks to queue
[2024-03-18T08:04:11.123+0000] {logging_mixin.py:188} INFO - [2024-03-18T08:04:11.123+0000] {dagbag.py:540} INFO - Filling up the DagBag from /home/ubuntu/air_venv/lib/python3.10/site-packages/airflow/example_dags/tutorial_dag.py
[2024-03-18T08:04:11.130+0000] {processor.py:840} INFO - DAG(s) 'tutorial_dag' retrieved from /home/ubuntu/air_venv/lib/python3.10/site-packages/airflow/example_dags/tutorial_dag.py
[2024-03-18T08:04:11.148+0000] {logging_mixin.py:188} INFO - [2024-03-18T08:04:11.148+0000] {dag.py:3047} INFO - Sync 1 DAGs
[2024-03-18T08:04:11.161+0000] {logging_mixin.py:188} INFO - [2024-03-18T08:04:11.161+0000] {dag.py:3834} INFO - Setting next_dagrun for tutorial_dag to None, run_after=None
[2024-03-18T08:04:11.187+0000] {processor.py:183} INFO - Processing /home/ubuntu/air_venv/lib/python3.10/site-packages/airflow/example_dags/tutorial_dag.py took 0.070 seconds
[2024-03-18T08:04:58.930+0000] {processor.py:161} INFO - Started process (PID=5238) to work on /home/ubuntu/air_venv/lib/python3.10/site-packages/airflow/example_dags/tutorial_dag.py
[2024-03-18T08:04:58.932+0000] {processor.py:830} INFO - Processing file /home/ubuntu/air_venv/lib/python3.10/site-packages/airflow/example_dags/tutorial_dag.py for tasks to queue
[2024-03-18T08:04:58.933+0000] {logging_mixin.py:188} INFO - [2024-03-18T08:04:58.932+0000] {dagbag.py:540} INFO - Filling up the DagBag from /home/ubuntu/air_venv/lib/python3.10/site-packages/airflow/example_dags/tutorial_dag.py
[2024-03-18T08:04:58.940+0000] {processor.py:840} INFO - DAG(s) 'tutorial_dag' retrieved from /home/ubuntu/air_venv/lib/python3.10/site-packages/airflow/example_dags/tutorial_dag.py
[2024-03-18T08:04:58.958+0000] {logging_mixin.py:188} INFO - [2024-03-18T08:04:58.958+0000] {dag.py:3047} INFO - Sync 1 DAGs
[2024-03-18T08:04:58.979+0000] {logging_mixin.py:188} INFO - [2024-03-18T08:04:58.978+0000] {dag.py:3834} INFO - Setting next_dagrun for tutorial_dag to None, run_after=None
[2024-03-18T08:04:59.004+0000] {processor.py:183} INFO - Processing /home/ubuntu/air_venv/lib/python3.10/site-packages/airflow/example_dags/tutorial_dag.py took 0.078 seconds
[2024-03-18T08:05:52.980+0000] {processor.py:161} INFO - Started process (PID=5889) to work on /home/ubuntu/air_venv/lib/python3.10/site-packages/airflow/example_dags/tutorial_dag.py
[2024-03-18T08:05:52.982+0000] {processor.py:830} INFO - Processing file /home/ubuntu/air_venv/lib/python3.10/site-packages/airflow/example_dags/tutorial_dag.py for tasks to queue
[2024-03-18T08:05:52.983+0000] {logging_mixin.py:188} INFO - [2024-03-18T08:05:52.983+0000] {dagbag.py:540} INFO - Filling up the DagBag from /home/ubuntu/air_venv/lib/python3.10/site-packages/airflow/example_dags/tutorial_dag.py
[2024-03-18T08:05:52.990+0000] {processor.py:840} INFO - DAG(s) 'tutorial_dag' retrieved from /home/ubuntu/air_venv/lib/python3.10/site-packages/airflow/example_dags/tutorial_dag.py
[2024-03-18T08:05:53.008+0000] {logging_mixin.py:188} INFO - [2024-03-18T08:05:53.008+0000] {dag.py:3047} INFO - Sync 1 DAGs
[2024-03-18T08:05:53.021+0000] {logging_mixin.py:188} INFO - [2024-03-18T08:05:53.021+0000] {dag.py:3834} INFO - Setting next_dagrun for tutorial_dag to None, run_after=None
[2024-03-18T08:05:53.047+0000] {processor.py:183} INFO - Processing /home/ubuntu/air_venv/lib/python3.10/site-packages/airflow/example_dags/tutorial_dag.py took 0.071 seconds
[2024-03-18T08:07:10.519+0000] {processor.py:161} INFO - Started process (PID=6866) to work on /home/ubuntu/air_venv/lib/python3.10/site-packages/airflow/example_dags/tutorial_dag.py
[2024-03-18T08:07:10.521+0000] {processor.py:830} INFO - Processing file /home/ubuntu/air_venv/lib/python3.10/site-packages/airflow/example_dags/tutorial_dag.py for tasks to queue
[2024-03-18T08:07:10.522+0000] {logging_mixin.py:188} INFO - [2024-03-18T08:07:10.522+0000] {dagbag.py:540} INFO - Filling up the DagBag from /home/ubuntu/air_venv/lib/python3.10/site-packages/airflow/example_dags/tutorial_dag.py
[2024-03-18T08:07:10.529+0000] {processor.py:840} INFO - DAG(s) 'tutorial_dag' retrieved from /home/ubuntu/air_venv/lib/python3.10/site-packages/airflow/example_dags/tutorial_dag.py
[2024-03-18T08:07:10.546+0000] {logging_mixin.py:188} INFO - [2024-03-18T08:07:10.546+0000] {dag.py:3047} INFO - Sync 1 DAGs
[2024-03-18T08:07:10.559+0000] {logging_mixin.py:188} INFO - [2024-03-18T08:07:10.559+0000] {dag.py:3834} INFO - Setting next_dagrun for tutorial_dag to None, run_after=None
[2024-03-18T08:07:10.585+0000] {processor.py:183} INFO - Processing /home/ubuntu/air_venv/lib/python3.10/site-packages/airflow/example_dags/tutorial_dag.py took 0.069 seconds
[2024-03-18T08:07:54.876+0000] {processor.py:161} INFO - Started process (PID=7212) to work on /home/ubuntu/air_venv/lib/python3.10/site-packages/airflow/example_dags/tutorial_dag.py
[2024-03-18T08:07:54.878+0000] {processor.py:830} INFO - Processing file /home/ubuntu/air_venv/lib/python3.10/site-packages/airflow/example_dags/tutorial_dag.py for tasks to queue
[2024-03-18T08:07:54.879+0000] {logging_mixin.py:188} INFO - [2024-03-18T08:07:54.878+0000] {dagbag.py:540} INFO - Filling up the DagBag from /home/ubuntu/air_venv/lib/python3.10/site-packages/airflow/example_dags/tutorial_dag.py
[2024-03-18T08:07:54.886+0000] {processor.py:840} INFO - DAG(s) 'tutorial_dag' retrieved from /home/ubuntu/air_venv/lib/python3.10/site-packages/airflow/example_dags/tutorial_dag.py
[2024-03-18T08:07:54.904+0000] {logging_mixin.py:188} INFO - [2024-03-18T08:07:54.903+0000] {dag.py:3047} INFO - Sync 1 DAGs
[2024-03-18T08:07:54.916+0000] {logging_mixin.py:188} INFO - [2024-03-18T08:07:54.916+0000] {dag.py:3834} INFO - Setting next_dagrun for tutorial_dag to None, run_after=None
[2024-03-18T08:07:54.942+0000] {processor.py:183} INFO - Processing /home/ubuntu/air_venv/lib/python3.10/site-packages/airflow/example_dags/tutorial_dag.py took 0.069 seconds
[2024-03-18T08:08:42.378+0000] {processor.py:161} INFO - Started process (PID=7505) to work on /home/ubuntu/air_venv/lib/python3.10/site-packages/airflow/example_dags/tutorial_dag.py
[2024-03-18T08:08:42.380+0000] {processor.py:830} INFO - Processing file /home/ubuntu/air_venv/lib/python3.10/site-packages/airflow/example_dags/tutorial_dag.py for tasks to queue
[2024-03-18T08:08:42.381+0000] {logging_mixin.py:188} INFO - [2024-03-18T08:08:42.380+0000] {dagbag.py:540} INFO - Filling up the DagBag from /home/ubuntu/air_venv/lib/python3.10/site-packages/airflow/example_dags/tutorial_dag.py
[2024-03-18T08:08:42.388+0000] {processor.py:840} INFO - DAG(s) 'tutorial_dag' retrieved from /home/ubuntu/air_venv/lib/python3.10/site-packages/airflow/example_dags/tutorial_dag.py
[2024-03-18T08:08:42.406+0000] {logging_mixin.py:188} INFO - [2024-03-18T08:08:42.406+0000] {dag.py:3047} INFO - Sync 1 DAGs
[2024-03-18T08:08:42.420+0000] {logging_mixin.py:188} INFO - [2024-03-18T08:08:42.419+0000] {dag.py:3834} INFO - Setting next_dagrun for tutorial_dag to None, run_after=None
[2024-03-18T08:08:42.444+0000] {processor.py:183} INFO - Processing /home/ubuntu/air_venv/lib/python3.10/site-packages/airflow/example_dags/tutorial_dag.py took 0.069 seconds
[2024-03-18T08:09:26.895+0000] {processor.py:161} INFO - Started process (PID=7852) to work on /home/ubuntu/air_venv/lib/python3.10/site-packages/airflow/example_dags/tutorial_dag.py
[2024-03-18T08:09:26.897+0000] {processor.py:830} INFO - Processing file /home/ubuntu/air_venv/lib/python3.10/site-packages/airflow/example_dags/tutorial_dag.py for tasks to queue
[2024-03-18T08:09:26.898+0000] {logging_mixin.py:188} INFO - [2024-03-18T08:09:26.897+0000] {dagbag.py:540} INFO - Filling up the DagBag from /home/ubuntu/air_venv/lib/python3.10/site-packages/airflow/example_dags/tutorial_dag.py
[2024-03-18T08:09:26.905+0000] {processor.py:840} INFO - DAG(s) 'tutorial_dag' retrieved from /home/ubuntu/air_venv/lib/python3.10/site-packages/airflow/example_dags/tutorial_dag.py
[2024-03-18T08:09:26.924+0000] {logging_mixin.py:188} INFO - [2024-03-18T08:09:26.923+0000] {dag.py:3047} INFO - Sync 1 DAGs
[2024-03-18T08:09:26.937+0000] {logging_mixin.py:188} INFO - [2024-03-18T08:09:26.937+0000] {dag.py:3834} INFO - Setting next_dagrun for tutorial_dag to None, run_after=None
[2024-03-18T08:09:26.963+0000] {processor.py:183} INFO - Processing /home/ubuntu/air_venv/lib/python3.10/site-packages/airflow/example_dags/tutorial_dag.py took 0.071 seconds
[2024-03-18T08:10:10.600+0000] {processor.py:161} INFO - Started process (PID=8195) to work on /home/ubuntu/air_venv/lib/python3.10/site-packages/airflow/example_dags/tutorial_dag.py
[2024-03-18T08:10:10.602+0000] {processor.py:830} INFO - Processing file /home/ubuntu/air_venv/lib/python3.10/site-packages/airflow/example_dags/tutorial_dag.py for tasks to queue
[2024-03-18T08:10:10.603+0000] {logging_mixin.py:188} INFO - [2024-03-18T08:10:10.602+0000] {dagbag.py:540} INFO - Filling up the DagBag from /home/ubuntu/air_venv/lib/python3.10/site-packages/airflow/example_dags/tutorial_dag.py
[2024-03-18T08:10:10.610+0000] {processor.py:840} INFO - DAG(s) 'tutorial_dag' retrieved from /home/ubuntu/air_venv/lib/python3.10/site-packages/airflow/example_dags/tutorial_dag.py
[2024-03-18T08:10:10.629+0000] {logging_mixin.py:188} INFO - [2024-03-18T08:10:10.629+0000] {dag.py:3047} INFO - Sync 1 DAGs
[2024-03-18T08:10:10.642+0000] {logging_mixin.py:188} INFO - [2024-03-18T08:10:10.642+0000] {dag.py:3834} INFO - Setting next_dagrun for tutorial_dag to None, run_after=None
[2024-03-18T08:10:10.668+0000] {processor.py:183} INFO - Processing /home/ubuntu/air_venv/lib/python3.10/site-packages/airflow/example_dags/tutorial_dag.py took 0.072 seconds
[2024-03-18T08:10:58.616+0000] {processor.py:161} INFO - Started process (PID=8487) to work on /home/ubuntu/air_venv/lib/python3.10/site-packages/airflow/example_dags/tutorial_dag.py
[2024-03-18T08:10:58.618+0000] {processor.py:830} INFO - Processing file /home/ubuntu/air_venv/lib/python3.10/site-packages/airflow/example_dags/tutorial_dag.py for tasks to queue
[2024-03-18T08:10:58.619+0000] {logging_mixin.py:188} INFO - [2024-03-18T08:10:58.619+0000] {dagbag.py:540} INFO - Filling up the DagBag from /home/ubuntu/air_venv/lib/python3.10/site-packages/airflow/example_dags/tutorial_dag.py
[2024-03-18T08:10:58.626+0000] {processor.py:840} INFO - DAG(s) 'tutorial_dag' retrieved from /home/ubuntu/air_venv/lib/python3.10/site-packages/airflow/example_dags/tutorial_dag.py
[2024-03-18T08:10:58.649+0000] {logging_mixin.py:188} INFO - [2024-03-18T08:10:58.649+0000] {dag.py:3047} INFO - Sync 1 DAGs
[2024-03-18T08:10:58.664+0000] {logging_mixin.py:188} INFO - [2024-03-18T08:10:58.664+0000] {dag.py:3834} INFO - Setting next_dagrun for tutorial_dag to None, run_after=None
[2024-03-18T08:10:58.689+0000] {processor.py:183} INFO - Processing /home/ubuntu/air_venv/lib/python3.10/site-packages/airflow/example_dags/tutorial_dag.py took 0.076 seconds
[2024-03-18T08:11:42.567+0000] {processor.py:161} INFO - Started process (PID=8889) to work on /home/ubuntu/air_venv/lib/python3.10/site-packages/airflow/example_dags/tutorial_dag.py
[2024-03-18T08:11:42.569+0000] {processor.py:830} INFO - Processing file /home/ubuntu/air_venv/lib/python3.10/site-packages/airflow/example_dags/tutorial_dag.py for tasks to queue
[2024-03-18T08:11:42.570+0000] {logging_mixin.py:188} INFO - [2024-03-18T08:11:42.570+0000] {dagbag.py:540} INFO - Filling up the DagBag from /home/ubuntu/air_venv/lib/python3.10/site-packages/airflow/example_dags/tutorial_dag.py
[2024-03-18T08:11:42.577+0000] {processor.py:840} INFO - DAG(s) 'tutorial_dag' retrieved from /home/ubuntu/air_venv/lib/python3.10/site-packages/airflow/example_dags/tutorial_dag.py
[2024-03-18T08:11:42.595+0000] {logging_mixin.py:188} INFO - [2024-03-18T08:11:42.595+0000] {dag.py:3047} INFO - Sync 1 DAGs
[2024-03-18T08:11:42.608+0000] {logging_mixin.py:188} INFO - [2024-03-18T08:11:42.608+0000] {dag.py:3834} INFO - Setting next_dagrun for tutorial_dag to None, run_after=None
[2024-03-18T08:11:42.633+0000] {processor.py:183} INFO - Processing /home/ubuntu/air_venv/lib/python3.10/site-packages/airflow/example_dags/tutorial_dag.py took 0.070 seconds
[2024-03-18T08:12:22.029+0000] {processor.py:161} INFO - Started process (PID=9049) to work on /home/ubuntu/air_venv/lib/python3.10/site-packages/airflow/example_dags/tutorial_dag.py
[2024-03-18T08:12:22.031+0000] {processor.py:830} INFO - Processing file /home/ubuntu/air_venv/lib/python3.10/site-packages/airflow/example_dags/tutorial_dag.py for tasks to queue
[2024-03-18T08:12:22.032+0000] {logging_mixin.py:188} INFO - [2024-03-18T08:12:22.031+0000] {dagbag.py:540} INFO - Filling up the DagBag from /home/ubuntu/air_venv/lib/python3.10/site-packages/airflow/example_dags/tutorial_dag.py
[2024-03-18T08:12:22.038+0000] {processor.py:840} INFO - DAG(s) 'tutorial_dag' retrieved from /home/ubuntu/air_venv/lib/python3.10/site-packages/airflow/example_dags/tutorial_dag.py
[2024-03-18T08:12:22.064+0000] {logging_mixin.py:188} INFO - [2024-03-18T08:12:22.063+0000] {dag.py:3047} INFO - Sync 1 DAGs
[2024-03-18T08:12:22.078+0000] {logging_mixin.py:188} INFO - [2024-03-18T08:12:22.077+0000] {dag.py:3834} INFO - Setting next_dagrun for tutorial_dag to None, run_after=None
[2024-03-18T08:12:22.102+0000] {processor.py:183} INFO - Processing /home/ubuntu/air_venv/lib/python3.10/site-packages/airflow/example_dags/tutorial_dag.py took 0.077 seconds
[2024-03-18T08:13:06.693+0000] {processor.py:161} INFO - Started process (PID=9392) to work on /home/ubuntu/air_venv/lib/python3.10/site-packages/airflow/example_dags/tutorial_dag.py
[2024-03-18T08:13:06.695+0000] {processor.py:830} INFO - Processing file /home/ubuntu/air_venv/lib/python3.10/site-packages/airflow/example_dags/tutorial_dag.py for tasks to queue
[2024-03-18T08:13:06.696+0000] {logging_mixin.py:188} INFO - [2024-03-18T08:13:06.696+0000] {dagbag.py:540} INFO - Filling up the DagBag from /home/ubuntu/air_venv/lib/python3.10/site-packages/airflow/example_dags/tutorial_dag.py
[2024-03-18T08:13:06.704+0000] {processor.py:840} INFO - DAG(s) 'tutorial_dag' retrieved from /home/ubuntu/air_venv/lib/python3.10/site-packages/airflow/example_dags/tutorial_dag.py
[2024-03-18T08:13:06.724+0000] {logging_mixin.py:188} INFO - [2024-03-18T08:13:06.724+0000] {dag.py:3047} INFO - Sync 1 DAGs
[2024-03-18T08:13:06.747+0000] {logging_mixin.py:188} INFO - [2024-03-18T08:13:06.747+0000] {dag.py:3834} INFO - Setting next_dagrun for tutorial_dag to None, run_after=None
[2024-03-18T08:13:06.783+0000] {processor.py:183} INFO - Processing /home/ubuntu/air_venv/lib/python3.10/site-packages/airflow/example_dags/tutorial_dag.py took 0.093 seconds
[2024-03-18T08:13:49.476+0000] {processor.py:161} INFO - Started process (PID=9617) to work on /home/ubuntu/air_venv/lib/python3.10/site-packages/airflow/example_dags/tutorial_dag.py
[2024-03-18T08:13:49.478+0000] {processor.py:830} INFO - Processing file /home/ubuntu/air_venv/lib/python3.10/site-packages/airflow/example_dags/tutorial_dag.py for tasks to queue
[2024-03-18T08:13:49.479+0000] {logging_mixin.py:188} INFO - [2024-03-18T08:13:49.478+0000] {dagbag.py:540} INFO - Filling up the DagBag from /home/ubuntu/air_venv/lib/python3.10/site-packages/airflow/example_dags/tutorial_dag.py
[2024-03-18T08:13:49.486+0000] {processor.py:840} INFO - DAG(s) 'tutorial_dag' retrieved from /home/ubuntu/air_venv/lib/python3.10/site-packages/airflow/example_dags/tutorial_dag.py
[2024-03-18T08:13:49.520+0000] {logging_mixin.py:188} INFO - [2024-03-18T08:13:49.520+0000] {dag.py:3047} INFO - Sync 1 DAGs
[2024-03-18T08:13:49.536+0000] {logging_mixin.py:188} INFO - [2024-03-18T08:13:49.536+0000] {dag.py:3834} INFO - Setting next_dagrun for tutorial_dag to None, run_after=None
[2024-03-18T08:13:49.562+0000] {processor.py:183} INFO - Processing /home/ubuntu/air_venv/lib/python3.10/site-packages/airflow/example_dags/tutorial_dag.py took 0.089 seconds
[2024-03-18T08:14:53.924+0000] {processor.py:161} INFO - Started process (PID=10168) to work on /home/ubuntu/air_venv/lib/python3.10/site-packages/airflow/example_dags/tutorial_dag.py
[2024-03-18T08:14:53.926+0000] {processor.py:830} INFO - Processing file /home/ubuntu/air_venv/lib/python3.10/site-packages/airflow/example_dags/tutorial_dag.py for tasks to queue
[2024-03-18T08:14:53.927+0000] {logging_mixin.py:188} INFO - [2024-03-18T08:14:53.927+0000] {dagbag.py:540} INFO - Filling up the DagBag from /home/ubuntu/air_venv/lib/python3.10/site-packages/airflow/example_dags/tutorial_dag.py
[2024-03-18T08:14:53.934+0000] {processor.py:840} INFO - DAG(s) 'tutorial_dag' retrieved from /home/ubuntu/air_venv/lib/python3.10/site-packages/airflow/example_dags/tutorial_dag.py
[2024-03-18T08:14:53.952+0000] {logging_mixin.py:188} INFO - [2024-03-18T08:14:53.952+0000] {dag.py:3047} INFO - Sync 1 DAGs
[2024-03-18T08:14:53.966+0000] {logging_mixin.py:188} INFO - [2024-03-18T08:14:53.966+0000] {dag.py:3834} INFO - Setting next_dagrun for tutorial_dag to None, run_after=None
[2024-03-18T08:14:53.993+0000] {processor.py:183} INFO - Processing /home/ubuntu/air_venv/lib/python3.10/site-packages/airflow/example_dags/tutorial_dag.py took 0.073 seconds
[2024-03-18T08:15:47.614+0000] {processor.py:161} INFO - Started process (PID=10700) to work on /home/ubuntu/air_venv/lib/python3.10/site-packages/airflow/example_dags/tutorial_dag.py
[2024-03-18T08:15:47.616+0000] {processor.py:830} INFO - Processing file /home/ubuntu/air_venv/lib/python3.10/site-packages/airflow/example_dags/tutorial_dag.py for tasks to queue
[2024-03-18T08:15:47.617+0000] {logging_mixin.py:188} INFO - [2024-03-18T08:15:47.617+0000] {dagbag.py:540} INFO - Filling up the DagBag from /home/ubuntu/air_venv/lib/python3.10/site-packages/airflow/example_dags/tutorial_dag.py
[2024-03-18T08:15:47.624+0000] {processor.py:840} INFO - DAG(s) 'tutorial_dag' retrieved from /home/ubuntu/air_venv/lib/python3.10/site-packages/airflow/example_dags/tutorial_dag.py
[2024-03-18T08:15:47.642+0000] {logging_mixin.py:188} INFO - [2024-03-18T08:15:47.642+0000] {dag.py:3047} INFO - Sync 1 DAGs
[2024-03-18T08:15:47.654+0000] {logging_mixin.py:188} INFO - [2024-03-18T08:15:47.654+0000] {dag.py:3834} INFO - Setting next_dagrun for tutorial_dag to None, run_after=None
[2024-03-18T08:15:47.679+0000] {processor.py:183} INFO - Processing /home/ubuntu/air_venv/lib/python3.10/site-packages/airflow/example_dags/tutorial_dag.py took 0.068 seconds
[2024-03-18T08:16:40.496+0000] {processor.py:161} INFO - Started process (PID=11315) to work on /home/ubuntu/air_venv/lib/python3.10/site-packages/airflow/example_dags/tutorial_dag.py
[2024-03-18T08:16:40.499+0000] {processor.py:830} INFO - Processing file /home/ubuntu/air_venv/lib/python3.10/site-packages/airflow/example_dags/tutorial_dag.py for tasks to queue
[2024-03-18T08:16:40.500+0000] {logging_mixin.py:188} INFO - [2024-03-18T08:16:40.499+0000] {dagbag.py:540} INFO - Filling up the DagBag from /home/ubuntu/air_venv/lib/python3.10/site-packages/airflow/example_dags/tutorial_dag.py
[2024-03-18T08:16:40.509+0000] {processor.py:840} INFO - DAG(s) 'tutorial_dag' retrieved from /home/ubuntu/air_venv/lib/python3.10/site-packages/airflow/example_dags/tutorial_dag.py
[2024-03-18T08:16:40.534+0000] {logging_mixin.py:188} INFO - [2024-03-18T08:16:40.534+0000] {dag.py:3047} INFO - Sync 1 DAGs
[2024-03-18T08:16:40.553+0000] {logging_mixin.py:188} INFO - [2024-03-18T08:16:40.552+0000] {dag.py:3834} INFO - Setting next_dagrun for tutorial_dag to None, run_after=None
[2024-03-18T08:16:40.584+0000] {processor.py:183} INFO - Processing /home/ubuntu/air_venv/lib/python3.10/site-packages/airflow/example_dags/tutorial_dag.py took 0.093 seconds
[2024-03-18T08:17:24.492+0000] {processor.py:161} INFO - Started process (PID=11889) to work on /home/ubuntu/air_venv/lib/python3.10/site-packages/airflow/example_dags/tutorial_dag.py
[2024-03-18T08:17:24.495+0000] {processor.py:830} INFO - Processing file /home/ubuntu/air_venv/lib/python3.10/site-packages/airflow/example_dags/tutorial_dag.py for tasks to queue
[2024-03-18T08:17:24.496+0000] {logging_mixin.py:188} INFO - [2024-03-18T08:17:24.496+0000] {dagbag.py:540} INFO - Filling up the DagBag from /home/ubuntu/air_venv/lib/python3.10/site-packages/airflow/example_dags/tutorial_dag.py
[2024-03-18T08:17:24.505+0000] {processor.py:840} INFO - DAG(s) 'tutorial_dag' retrieved from /home/ubuntu/air_venv/lib/python3.10/site-packages/airflow/example_dags/tutorial_dag.py
[2024-03-18T08:17:24.533+0000] {logging_mixin.py:188} INFO - [2024-03-18T08:17:24.532+0000] {dag.py:3047} INFO - Sync 1 DAGs
[2024-03-18T08:17:24.551+0000] {logging_mixin.py:188} INFO - [2024-03-18T08:17:24.551+0000] {dag.py:3834} INFO - Setting next_dagrun for tutorial_dag to None, run_after=None
[2024-03-18T08:17:24.581+0000] {processor.py:183} INFO - Processing /home/ubuntu/air_venv/lib/python3.10/site-packages/airflow/example_dags/tutorial_dag.py took 0.094 seconds
[2024-03-18T08:18:11.051+0000] {processor.py:161} INFO - Started process (PID=12428) to work on /home/ubuntu/air_venv/lib/python3.10/site-packages/airflow/example_dags/tutorial_dag.py
[2024-03-18T08:18:11.053+0000] {processor.py:830} INFO - Processing file /home/ubuntu/air_venv/lib/python3.10/site-packages/airflow/example_dags/tutorial_dag.py for tasks to queue
[2024-03-18T08:18:11.054+0000] {logging_mixin.py:188} INFO - [2024-03-18T08:18:11.053+0000] {dagbag.py:540} INFO - Filling up the DagBag from /home/ubuntu/air_venv/lib/python3.10/site-packages/airflow/example_dags/tutorial_dag.py
[2024-03-18T08:18:11.061+0000] {processor.py:840} INFO - DAG(s) 'tutorial_dag' retrieved from /home/ubuntu/air_venv/lib/python3.10/site-packages/airflow/example_dags/tutorial_dag.py
[2024-03-18T08:18:11.079+0000] {logging_mixin.py:188} INFO - [2024-03-18T08:18:11.079+0000] {dag.py:3047} INFO - Sync 1 DAGs
[2024-03-18T08:18:11.092+0000] {logging_mixin.py:188} INFO - [2024-03-18T08:18:11.092+0000] {dag.py:3834} INFO - Setting next_dagrun for tutorial_dag to None, run_after=None
[2024-03-18T08:18:11.118+0000] {processor.py:183} INFO - Processing /home/ubuntu/air_venv/lib/python3.10/site-packages/airflow/example_dags/tutorial_dag.py took 0.070 seconds
[2024-03-18T08:19:02.503+0000] {processor.py:161} INFO - Started process (PID=12573) to work on /home/ubuntu/air_venv/lib/python3.10/site-packages/airflow/example_dags/tutorial_dag.py
[2024-03-18T08:19:02.545+0000] {processor.py:830} INFO - Processing file /home/ubuntu/air_venv/lib/python3.10/site-packages/airflow/example_dags/tutorial_dag.py for tasks to queue
[2024-03-18T08:19:02.546+0000] {logging_mixin.py:188} INFO - [2024-03-18T08:19:02.545+0000] {dagbag.py:540} INFO - Filling up the DagBag from /home/ubuntu/air_venv/lib/python3.10/site-packages/airflow/example_dags/tutorial_dag.py
[2024-03-18T08:19:02.554+0000] {processor.py:840} INFO - DAG(s) 'tutorial_dag' retrieved from /home/ubuntu/air_venv/lib/python3.10/site-packages/airflow/example_dags/tutorial_dag.py
[2024-03-18T08:19:02.650+0000] {logging_mixin.py:188} INFO - [2024-03-18T08:19:02.649+0000] {dag.py:3047} INFO - Sync 1 DAGs
[2024-03-18T08:19:02.752+0000] {logging_mixin.py:188} INFO - [2024-03-18T08:19:02.752+0000] {dag.py:3834} INFO - Setting next_dagrun for tutorial_dag to None, run_after=None
[2024-03-18T08:19:02.865+0000] {processor.py:183} INFO - Processing /home/ubuntu/air_venv/lib/python3.10/site-packages/airflow/example_dags/tutorial_dag.py took 0.365 seconds
[2024-03-18T08:19:57.444+0000] {processor.py:161} INFO - Started process (PID=13047) to work on /home/ubuntu/air_venv/lib/python3.10/site-packages/airflow/example_dags/tutorial_dag.py
[2024-03-18T08:19:57.446+0000] {processor.py:830} INFO - Processing file /home/ubuntu/air_venv/lib/python3.10/site-packages/airflow/example_dags/tutorial_dag.py for tasks to queue
[2024-03-18T08:19:57.447+0000] {logging_mixin.py:188} INFO - [2024-03-18T08:19:57.446+0000] {dagbag.py:540} INFO - Filling up the DagBag from /home/ubuntu/air_venv/lib/python3.10/site-packages/airflow/example_dags/tutorial_dag.py
[2024-03-18T08:19:57.453+0000] {processor.py:840} INFO - DAG(s) 'tutorial_dag' retrieved from /home/ubuntu/air_venv/lib/python3.10/site-packages/airflow/example_dags/tutorial_dag.py
[2024-03-18T08:19:57.470+0000] {logging_mixin.py:188} INFO - [2024-03-18T08:19:57.470+0000] {dag.py:3047} INFO - Sync 1 DAGs
[2024-03-18T08:19:57.483+0000] {logging_mixin.py:188} INFO - [2024-03-18T08:19:57.483+0000] {dag.py:3834} INFO - Setting next_dagrun for tutorial_dag to None, run_after=None
[2024-03-18T08:19:57.509+0000] {processor.py:183} INFO - Processing /home/ubuntu/air_venv/lib/python3.10/site-packages/airflow/example_dags/tutorial_dag.py took 0.069 seconds
[2024-03-18T08:20:52.144+0000] {processor.py:161} INFO - Started process (PID=13336) to work on /home/ubuntu/air_venv/lib/python3.10/site-packages/airflow/example_dags/tutorial_dag.py
[2024-03-18T08:20:52.145+0000] {processor.py:830} INFO - Processing file /home/ubuntu/air_venv/lib/python3.10/site-packages/airflow/example_dags/tutorial_dag.py for tasks to queue
[2024-03-18T08:20:52.147+0000] {logging_mixin.py:188} INFO - [2024-03-18T08:20:52.146+0000] {dagbag.py:540} INFO - Filling up the DagBag from /home/ubuntu/air_venv/lib/python3.10/site-packages/airflow/example_dags/tutorial_dag.py
[2024-03-18T08:20:52.153+0000] {processor.py:840} INFO - DAG(s) 'tutorial_dag' retrieved from /home/ubuntu/air_venv/lib/python3.10/site-packages/airflow/example_dags/tutorial_dag.py
[2024-03-18T08:20:52.171+0000] {logging_mixin.py:188} INFO - [2024-03-18T08:20:52.171+0000] {dag.py:3047} INFO - Sync 1 DAGs
[2024-03-18T08:20:52.184+0000] {logging_mixin.py:188} INFO - [2024-03-18T08:20:52.184+0000] {dag.py:3834} INFO - Setting next_dagrun for tutorial_dag to None, run_after=None
[2024-03-18T08:20:52.210+0000] {processor.py:183} INFO - Processing /home/ubuntu/air_venv/lib/python3.10/site-packages/airflow/example_dags/tutorial_dag.py took 0.070 seconds
[2024-03-18T08:21:51.682+0000] {processor.py:161} INFO - Started process (PID=13755) to work on /home/ubuntu/air_venv/lib/python3.10/site-packages/airflow/example_dags/tutorial_dag.py
[2024-03-18T08:21:51.683+0000] {processor.py:830} INFO - Processing file /home/ubuntu/air_venv/lib/python3.10/site-packages/airflow/example_dags/tutorial_dag.py for tasks to queue
[2024-03-18T08:21:51.684+0000] {logging_mixin.py:188} INFO - [2024-03-18T08:21:51.684+0000] {dagbag.py:540} INFO - Filling up the DagBag from /home/ubuntu/air_venv/lib/python3.10/site-packages/airflow/example_dags/tutorial_dag.py
[2024-03-18T08:21:51.691+0000] {processor.py:840} INFO - DAG(s) 'tutorial_dag' retrieved from /home/ubuntu/air_venv/lib/python3.10/site-packages/airflow/example_dags/tutorial_dag.py
[2024-03-18T08:21:51.709+0000] {logging_mixin.py:188} INFO - [2024-03-18T08:21:51.709+0000] {dag.py:3047} INFO - Sync 1 DAGs
[2024-03-18T08:21:51.722+0000] {logging_mixin.py:188} INFO - [2024-03-18T08:21:51.721+0000] {dag.py:3834} INFO - Setting next_dagrun for tutorial_dag to None, run_after=None
[2024-03-18T08:21:51.747+0000] {processor.py:183} INFO - Processing /home/ubuntu/air_venv/lib/python3.10/site-packages/airflow/example_dags/tutorial_dag.py took 0.069 seconds
[2024-03-18T08:22:30.449+0000] {processor.py:161} INFO - Started process (PID=13917) to work on /home/ubuntu/air_venv/lib/python3.10/site-packages/airflow/example_dags/tutorial_dag.py
[2024-03-18T08:22:30.451+0000] {processor.py:830} INFO - Processing file /home/ubuntu/air_venv/lib/python3.10/site-packages/airflow/example_dags/tutorial_dag.py for tasks to queue
[2024-03-18T08:22:30.452+0000] {logging_mixin.py:188} INFO - [2024-03-18T08:22:30.451+0000] {dagbag.py:540} INFO - Filling up the DagBag from /home/ubuntu/air_venv/lib/python3.10/site-packages/airflow/example_dags/tutorial_dag.py
[2024-03-18T08:22:30.458+0000] {processor.py:840} INFO - DAG(s) 'tutorial_dag' retrieved from /home/ubuntu/air_venv/lib/python3.10/site-packages/airflow/example_dags/tutorial_dag.py
[2024-03-18T08:22:30.483+0000] {logging_mixin.py:188} INFO - [2024-03-18T08:22:30.482+0000] {dag.py:3047} INFO - Sync 1 DAGs
[2024-03-18T08:22:30.496+0000] {logging_mixin.py:188} INFO - [2024-03-18T08:22:30.496+0000] {dag.py:3834} INFO - Setting next_dagrun for tutorial_dag to None, run_after=None
[2024-03-18T08:22:30.523+0000] {processor.py:183} INFO - Processing /home/ubuntu/air_venv/lib/python3.10/site-packages/airflow/example_dags/tutorial_dag.py took 0.077 seconds
[2024-03-18T08:23:08.819+0000] {processor.py:161} INFO - Started process (PID=14322) to work on /home/ubuntu/air_venv/lib/python3.10/site-packages/airflow/example_dags/tutorial_dag.py
[2024-03-18T08:23:08.821+0000] {processor.py:830} INFO - Processing file /home/ubuntu/air_venv/lib/python3.10/site-packages/airflow/example_dags/tutorial_dag.py for tasks to queue
[2024-03-18T08:23:08.822+0000] {logging_mixin.py:188} INFO - [2024-03-18T08:23:08.821+0000] {dagbag.py:540} INFO - Filling up the DagBag from /home/ubuntu/air_venv/lib/python3.10/site-packages/airflow/example_dags/tutorial_dag.py
[2024-03-18T08:23:08.829+0000] {processor.py:840} INFO - DAG(s) 'tutorial_dag' retrieved from /home/ubuntu/air_venv/lib/python3.10/site-packages/airflow/example_dags/tutorial_dag.py
[2024-03-18T08:23:08.854+0000] {logging_mixin.py:188} INFO - [2024-03-18T08:23:08.854+0000] {dag.py:3047} INFO - Sync 1 DAGs
[2024-03-18T08:23:08.867+0000] {logging_mixin.py:188} INFO - [2024-03-18T08:23:08.867+0000] {dag.py:3834} INFO - Setting next_dagrun for tutorial_dag to None, run_after=None
[2024-03-18T08:23:08.893+0000] {processor.py:183} INFO - Processing /home/ubuntu/air_venv/lib/python3.10/site-packages/airflow/example_dags/tutorial_dag.py took 0.077 seconds
[2024-03-18T08:23:49.228+0000] {processor.py:161} INFO - Started process (PID=14602) to work on /home/ubuntu/air_venv/lib/python3.10/site-packages/airflow/example_dags/tutorial_dag.py
[2024-03-18T08:23:49.229+0000] {processor.py:830} INFO - Processing file /home/ubuntu/air_venv/lib/python3.10/site-packages/airflow/example_dags/tutorial_dag.py for tasks to queue
[2024-03-18T08:23:49.231+0000] {logging_mixin.py:188} INFO - [2024-03-18T08:23:49.230+0000] {dagbag.py:540} INFO - Filling up the DagBag from /home/ubuntu/air_venv/lib/python3.10/site-packages/airflow/example_dags/tutorial_dag.py
[2024-03-18T08:23:49.238+0000] {processor.py:840} INFO - DAG(s) 'tutorial_dag' retrieved from /home/ubuntu/air_venv/lib/python3.10/site-packages/airflow/example_dags/tutorial_dag.py
[2024-03-18T08:23:49.256+0000] {logging_mixin.py:188} INFO - [2024-03-18T08:23:49.256+0000] {dag.py:3047} INFO - Sync 1 DAGs
[2024-03-18T08:23:49.269+0000] {logging_mixin.py:188} INFO - [2024-03-18T08:23:49.268+0000] {dag.py:3834} INFO - Setting next_dagrun for tutorial_dag to None, run_after=None
[2024-03-18T08:23:49.293+0000] {processor.py:183} INFO - Processing /home/ubuntu/air_venv/lib/python3.10/site-packages/airflow/example_dags/tutorial_dag.py took 0.069 seconds
[2024-03-18T08:24:28.407+0000] {processor.py:161} INFO - Started process (PID=14912) to work on /home/ubuntu/air_venv/lib/python3.10/site-packages/airflow/example_dags/tutorial_dag.py
[2024-03-18T08:24:28.409+0000] {processor.py:830} INFO - Processing file /home/ubuntu/air_venv/lib/python3.10/site-packages/airflow/example_dags/tutorial_dag.py for tasks to queue
[2024-03-18T08:24:28.410+0000] {logging_mixin.py:188} INFO - [2024-03-18T08:24:28.410+0000] {dagbag.py:540} INFO - Filling up the DagBag from /home/ubuntu/air_venv/lib/python3.10/site-packages/airflow/example_dags/tutorial_dag.py
[2024-03-18T08:24:28.417+0000] {processor.py:840} INFO - DAG(s) 'tutorial_dag' retrieved from /home/ubuntu/air_venv/lib/python3.10/site-packages/airflow/example_dags/tutorial_dag.py
[2024-03-18T08:24:28.437+0000] {logging_mixin.py:188} INFO - [2024-03-18T08:24:28.437+0000] {dag.py:3047} INFO - Sync 1 DAGs
[2024-03-18T08:24:28.451+0000] {logging_mixin.py:188} INFO - [2024-03-18T08:24:28.451+0000] {dag.py:3834} INFO - Setting next_dagrun for tutorial_dag to None, run_after=None
[2024-03-18T08:24:28.481+0000] {processor.py:183} INFO - Processing /home/ubuntu/air_venv/lib/python3.10/site-packages/airflow/example_dags/tutorial_dag.py took 0.078 seconds
[2024-03-18T08:25:10.136+0000] {processor.py:161} INFO - Started process (PID=15268) to work on /home/ubuntu/air_venv/lib/python3.10/site-packages/airflow/example_dags/tutorial_dag.py
[2024-03-18T08:25:10.138+0000] {processor.py:830} INFO - Processing file /home/ubuntu/air_venv/lib/python3.10/site-packages/airflow/example_dags/tutorial_dag.py for tasks to queue
[2024-03-18T08:25:10.139+0000] {logging_mixin.py:188} INFO - [2024-03-18T08:25:10.138+0000] {dagbag.py:540} INFO - Filling up the DagBag from /home/ubuntu/air_venv/lib/python3.10/site-packages/airflow/example_dags/tutorial_dag.py
[2024-03-18T08:25:10.146+0000] {processor.py:840} INFO - DAG(s) 'tutorial_dag' retrieved from /home/ubuntu/air_venv/lib/python3.10/site-packages/airflow/example_dags/tutorial_dag.py
[2024-03-18T08:25:10.164+0000] {logging_mixin.py:188} INFO - [2024-03-18T08:25:10.164+0000] {dag.py:3047} INFO - Sync 1 DAGs
[2024-03-18T08:25:10.177+0000] {logging_mixin.py:188} INFO - [2024-03-18T08:25:10.177+0000] {dag.py:3834} INFO - Setting next_dagrun for tutorial_dag to None, run_after=None
[2024-03-18T08:25:10.204+0000] {processor.py:183} INFO - Processing /home/ubuntu/air_venv/lib/python3.10/site-packages/airflow/example_dags/tutorial_dag.py took 0.071 seconds
[2024-03-18T08:25:52.339+0000] {processor.py:161} INFO - Started process (PID=15371) to work on /home/ubuntu/air_venv/lib/python3.10/site-packages/airflow/example_dags/tutorial_dag.py
[2024-03-18T08:25:52.341+0000] {processor.py:830} INFO - Processing file /home/ubuntu/air_venv/lib/python3.10/site-packages/airflow/example_dags/tutorial_dag.py for tasks to queue
[2024-03-18T08:25:52.342+0000] {logging_mixin.py:188} INFO - [2024-03-18T08:25:52.341+0000] {dagbag.py:540} INFO - Filling up the DagBag from /home/ubuntu/air_venv/lib/python3.10/site-packages/airflow/example_dags/tutorial_dag.py
[2024-03-18T08:25:52.349+0000] {processor.py:840} INFO - DAG(s) 'tutorial_dag' retrieved from /home/ubuntu/air_venv/lib/python3.10/site-packages/airflow/example_dags/tutorial_dag.py
[2024-03-18T08:25:52.367+0000] {logging_mixin.py:188} INFO - [2024-03-18T08:25:52.367+0000] {dag.py:3047} INFO - Sync 1 DAGs
[2024-03-18T08:25:52.380+0000] {logging_mixin.py:188} INFO - [2024-03-18T08:25:52.380+0000] {dag.py:3834} INFO - Setting next_dagrun for tutorial_dag to None, run_after=None
[2024-03-18T08:25:52.407+0000] {processor.py:183} INFO - Processing /home/ubuntu/air_venv/lib/python3.10/site-packages/airflow/example_dags/tutorial_dag.py took 0.072 seconds
[2024-03-18T08:26:32.138+0000] {processor.py:161} INFO - Started process (PID=15410) to work on /home/ubuntu/air_venv/lib/python3.10/site-packages/airflow/example_dags/tutorial_dag.py
[2024-03-18T08:26:32.140+0000] {processor.py:830} INFO - Processing file /home/ubuntu/air_venv/lib/python3.10/site-packages/airflow/example_dags/tutorial_dag.py for tasks to queue
[2024-03-18T08:26:32.141+0000] {logging_mixin.py:188} INFO - [2024-03-18T08:26:32.141+0000] {dagbag.py:540} INFO - Filling up the DagBag from /home/ubuntu/air_venv/lib/python3.10/site-packages/airflow/example_dags/tutorial_dag.py
[2024-03-18T08:26:32.149+0000] {processor.py:840} INFO - DAG(s) 'tutorial_dag' retrieved from /home/ubuntu/air_venv/lib/python3.10/site-packages/airflow/example_dags/tutorial_dag.py
[2024-03-18T08:26:32.168+0000] {logging_mixin.py:188} INFO - [2024-03-18T08:26:32.168+0000] {dag.py:3047} INFO - Sync 1 DAGs
[2024-03-18T08:26:32.182+0000] {logging_mixin.py:188} INFO - [2024-03-18T08:26:32.181+0000] {dag.py:3834} INFO - Setting next_dagrun for tutorial_dag to None, run_after=None
[2024-03-18T08:26:32.209+0000] {processor.py:183} INFO - Processing /home/ubuntu/air_venv/lib/python3.10/site-packages/airflow/example_dags/tutorial_dag.py took 0.074 seconds
[2024-03-18T08:27:13.026+0000] {processor.py:161} INFO - Started process (PID=15510) to work on /home/ubuntu/air_venv/lib/python3.10/site-packages/airflow/example_dags/tutorial_dag.py
[2024-03-18T08:27:13.028+0000] {processor.py:830} INFO - Processing file /home/ubuntu/air_venv/lib/python3.10/site-packages/airflow/example_dags/tutorial_dag.py for tasks to queue
[2024-03-18T08:27:13.029+0000] {logging_mixin.py:188} INFO - [2024-03-18T08:27:13.029+0000] {dagbag.py:540} INFO - Filling up the DagBag from /home/ubuntu/air_venv/lib/python3.10/site-packages/airflow/example_dags/tutorial_dag.py
[2024-03-18T08:27:13.036+0000] {processor.py:840} INFO - DAG(s) 'tutorial_dag' retrieved from /home/ubuntu/air_venv/lib/python3.10/site-packages/airflow/example_dags/tutorial_dag.py
[2024-03-18T08:27:13.055+0000] {logging_mixin.py:188} INFO - [2024-03-18T08:27:13.055+0000] {dag.py:3047} INFO - Sync 1 DAGs
[2024-03-18T08:27:13.068+0000] {logging_mixin.py:188} INFO - [2024-03-18T08:27:13.068+0000] {dag.py:3834} INFO - Setting next_dagrun for tutorial_dag to None, run_after=None
[2024-03-18T08:27:13.095+0000] {processor.py:183} INFO - Processing /home/ubuntu/air_venv/lib/python3.10/site-packages/airflow/example_dags/tutorial_dag.py took 0.073 seconds
[2024-03-18T08:27:54.938+0000] {processor.py:161} INFO - Started process (PID=15612) to work on /home/ubuntu/air_venv/lib/python3.10/site-packages/airflow/example_dags/tutorial_dag.py
[2024-03-18T08:27:54.940+0000] {processor.py:830} INFO - Processing file /home/ubuntu/air_venv/lib/python3.10/site-packages/airflow/example_dags/tutorial_dag.py for tasks to queue
[2024-03-18T08:27:54.941+0000] {logging_mixin.py:188} INFO - [2024-03-18T08:27:54.940+0000] {dagbag.py:540} INFO - Filling up the DagBag from /home/ubuntu/air_venv/lib/python3.10/site-packages/airflow/example_dags/tutorial_dag.py
[2024-03-18T08:27:54.948+0000] {processor.py:840} INFO - DAG(s) 'tutorial_dag' retrieved from /home/ubuntu/air_venv/lib/python3.10/site-packages/airflow/example_dags/tutorial_dag.py
[2024-03-18T08:27:54.966+0000] {logging_mixin.py:188} INFO - [2024-03-18T08:27:54.966+0000] {dag.py:3047} INFO - Sync 1 DAGs
[2024-03-18T08:27:54.979+0000] {logging_mixin.py:188} INFO - [2024-03-18T08:27:54.978+0000] {dag.py:3834} INFO - Setting next_dagrun for tutorial_dag to None, run_after=None
[2024-03-18T08:27:55.004+0000] {processor.py:183} INFO - Processing /home/ubuntu/air_venv/lib/python3.10/site-packages/airflow/example_dags/tutorial_dag.py took 0.070 seconds
[2024-03-18T08:28:38.300+0000] {processor.py:161} INFO - Started process (PID=15653) to work on /home/ubuntu/air_venv/lib/python3.10/site-packages/airflow/example_dags/tutorial_dag.py
[2024-03-18T08:28:38.302+0000] {processor.py:830} INFO - Processing file /home/ubuntu/air_venv/lib/python3.10/site-packages/airflow/example_dags/tutorial_dag.py for tasks to queue
[2024-03-18T08:28:38.303+0000] {logging_mixin.py:188} INFO - [2024-03-18T08:28:38.303+0000] {dagbag.py:540} INFO - Filling up the DagBag from /home/ubuntu/air_venv/lib/python3.10/site-packages/airflow/example_dags/tutorial_dag.py
[2024-03-18T08:28:38.310+0000] {processor.py:840} INFO - DAG(s) 'tutorial_dag' retrieved from /home/ubuntu/air_venv/lib/python3.10/site-packages/airflow/example_dags/tutorial_dag.py
[2024-03-18T08:28:38.327+0000] {logging_mixin.py:188} INFO - [2024-03-18T08:28:38.327+0000] {dag.py:3047} INFO - Sync 1 DAGs
[2024-03-18T08:28:38.340+0000] {logging_mixin.py:188} INFO - [2024-03-18T08:28:38.340+0000] {dag.py:3834} INFO - Setting next_dagrun for tutorial_dag to None, run_after=None
[2024-03-18T08:28:38.378+0000] {processor.py:183} INFO - Processing /home/ubuntu/air_venv/lib/python3.10/site-packages/airflow/example_dags/tutorial_dag.py took 0.081 seconds
[2024-03-18T08:29:21.023+0000] {processor.py:161} INFO - Started process (PID=15754) to work on /home/ubuntu/air_venv/lib/python3.10/site-packages/airflow/example_dags/tutorial_dag.py
[2024-03-18T08:29:21.025+0000] {processor.py:830} INFO - Processing file /home/ubuntu/air_venv/lib/python3.10/site-packages/airflow/example_dags/tutorial_dag.py for tasks to queue
[2024-03-18T08:29:21.026+0000] {logging_mixin.py:188} INFO - [2024-03-18T08:29:21.025+0000] {dagbag.py:540} INFO - Filling up the DagBag from /home/ubuntu/air_venv/lib/python3.10/site-packages/airflow/example_dags/tutorial_dag.py
[2024-03-18T08:29:21.033+0000] {processor.py:840} INFO - DAG(s) 'tutorial_dag' retrieved from /home/ubuntu/air_venv/lib/python3.10/site-packages/airflow/example_dags/tutorial_dag.py
[2024-03-18T08:29:21.052+0000] {logging_mixin.py:188} INFO - [2024-03-18T08:29:21.051+0000] {dag.py:3047} INFO - Sync 1 DAGs
[2024-03-18T08:29:21.064+0000] {logging_mixin.py:188} INFO - [2024-03-18T08:29:21.064+0000] {dag.py:3834} INFO - Setting next_dagrun for tutorial_dag to None, run_after=None
[2024-03-18T08:29:21.088+0000] {processor.py:183} INFO - Processing /home/ubuntu/air_venv/lib/python3.10/site-packages/airflow/example_dags/tutorial_dag.py took 0.069 seconds
